[] [1/28/2017 00:46] [] USER = ADMIN IS ACTIVE
[ADMIN] [1/28/2017 00:46] [] USER ID = 1 LOGIN SUCCESSFULLY
[ADMIN] [1/28/2017 00:46] [] ACTIVATE USER ACCESS RIGHT
[ADMIN] [1/28/2017 00:46] [] DISPLAY ADMIN FORM
[ADMIN] [1/28/2017 00:46] [] adminForm Load
[ADMIN] [1/28/2017 00:46] [] ACTIVATE USER ACCESS RIGHT
[ADMIN] [1/28/2017 00:47] [PENERIMAAN BARANG] PENERIMAAN BARANG : detailGridView_CellValueChanged [productName]
[ADMIN] [1/28/2017 00:47] [PENERIMAAN BARANG] PENERIMAAN BARANG : detailGridView_CellValueChanged [productName]
[ADMIN] [1/28/2017 00:47] [PENERIMAAN BARANG] PENERIMAAN BARANG : detailGridView_CellValueChanged [productID]
[ADMIN] [1/28/2017 00:47] [PENJUALAN] CASHIER FORM : ComboBox_SelectedIndexChanged, PRODUCT_BASE_PRICE [11]
[ADMIN] [1/28/2017 00:47] [PENJUALAN] CASHIER FORM : ComboBox_SelectedIndexChanged, attempt to calculate total
[ADMIN] [1/28/2017 00:47] [PENERIMAAN BARANG] PENERIMAAN BARANG : detailGridView_CellValueChanged [qtyReceived]
[ADMIN] [1/28/2017 00:47] [PENERIMAAN BARANG] PENERIMAAN BARANG : detailGridView_CellValueChanged [subtotal]
[ADMIN] [1/28/2017 00:47] [PENERIMAAN BARANG] PENERIMAAN BARANG : detailGridView_CellValueChanged [hpp]
[ADMIN] [1/28/2017 00:47] [PENERIMAAN BARANG] PENERIMAAN BARANG : detailGridView_CellValueChanged [subtotal]
[ADMIN] [1/28/2017 00:47] [PENERIMAAN BARANG] PENERIMAAN BARANG : detailGridView_CellValueChanged [hpp]
[ADMIN] [1/28/2017 00:47] [PENERIMAAN BARANG] PENERIMAAN BARANG : detailGridView_CellValueChanged [qtyReceived]
[ADMIN] [1/28/2017 00:47] [PENERIMAAN BARANG] PENERIMAAN BARANG : detailGridView_CellValueChanged [qtyReceived]
[ADMIN] [1/28/2017 00:47] [PENERIMAAN BARANG] PENERIMAAN BARANG : detailGridView_CellValueChanged [qtyReceived]
[ADMIN] [1/28/2017 00:47] [PENERIMAAN BARANG] PENERIMAAN BARANG : detailGridView_CellValueChanged [qtyReceived]
[ADMIN] [1/28/2017 00:47] [PENERIMAAN BARANG] PENERIMAAN BARANG : detailGridView_CellValueChanged [hpp]
[ADMIN] [1/28/2017 00:47] [PENERIMAAN BARANG] PENERIMAAN BARANG : detailGridView_CellValueChanged [qtyReceived]
[ADMIN] [1/28/2017 00:47] [PENERIMAAN BARANG] PENERIMAAN BARANG : detailGridView_CellValueChanged [qtyReceived]
[ADMIN] [1/28/2017 00:47] [PENERIMAAN BARANG] PENERIMAAN BARANG : detailGridView_CellValueChanged [subtotal]
[ADMIN] [1/28/2017 00:47] [PURCHASE ORDER] PURCHASE ORDER : detailPODataGridView_CellValueChanged [productName]
[ADMIN] [1/28/2017 00:47] [PURCHASE ORDER] PURCHASE ORDER : detailPODataGridView_CellValueChanged [productName]
[ADMIN] [1/28/2017 00:47] [PURCHASE ORDER] PURCHASE ORDER : detailPODataGridView_CellValueChanged [productName]
[ADMIN] [1/28/2017 00:47] [PURCHASE ORDER] PURCHASE ORDER : detailPODataGridView_CellValueChanged [productName]
[ADMIN] [1/28/2017 00:47] [PURCHASE ORDER] PURCHASE ORDER : detailPODataGridView_CellValueChanged [productName]
[ADMIN] [1/28/2017 00:47] [PURCHASE ORDER] PURCHASE ORDER : detailPODataGridView_CellValueChanged [productID]
[ADMIN] [1/28/2017 00:47] [PURCHASE ORDER] updateSomeRowsContent, PRODUCT_BASE_PRICE [1]
[ADMIN] [1/28/2017 00:47] [PURCHASE ORDER] updateSomeRowsContent, attempt to calculate total
[ADMIN] [1/28/2017 00:47] [PURCHASE ORDER] PURCHASE ORDER : detailPODataGridView_CellValueChanged [qty]
[ADMIN] [1/28/2017 00:47] [PURCHASE ORDER] PURCHASE ORDER : detailPODataGridView_CellValueChanged [subTotal]
[ADMIN] [1/28/2017 00:47] [PURCHASE ORDER] PURCHASE ORDER : detailPODataGridView_CellValueChanged [qty]
[ADMIN] [1/28/2017 00:47] [PURCHASE ORDER] PURCHASE ORDER : detailPODataGridView_CellValueChanged [subTotal]
[ADMIN] [1/28/2017 00:47] [PURCHASE ORDER] PURCHASE ORDER : detailPODataGridView_CellValueChanged [qty]
[ADMIN] [1/28/2017 00:47] [PURCHASE ORDER] PURCHASE ORDER : detailPODataGridView_CellValueChanged [HPP]
[ADMIN] [1/28/2017 00:47] [PURCHASE ORDER] PURCHASE ORDER : detailPODataGridView_CellValueChanged [productName]
[ADMIN] [1/28/2017 00:47] [PURCHASE ORDER] PURCHASE ORDER : detailPODataGridView_CellValueChanged [productName]
[ADMIN] [1/28/2017 00:47] [PURCHASE ORDER] PURCHASE ORDER : detailPODataGridView_CellValueChanged [productName]
[ADMIN] [1/28/2017 00:47] [PURCHASE ORDER] PURCHASE ORDER : detailPODataGridView_CellValueChanged [productName]
[ADMIN] [1/28/2017 00:47] [PURCHASE ORDER] PURCHASE ORDER : detailPODataGridView_CellValueChanged [productID]
[ADMIN] [1/28/2017 00:47] [PURCHASE ORDER] updateSomeRowsContent, PRODUCT_BASE_PRICE [11]
[ADMIN] [1/28/2017 00:47] [PURCHASE ORDER] updateSomeRowsContent, attempt to calculate total
[ADMIN] [1/28/2017 00:47] [PURCHASE ORDER] PURCHASE ORDER : detailPODataGridView_CellValueChanged [qty]
[ADMIN] [1/28/2017 00:47] [PURCHASE ORDER] PURCHASE ORDER : detailPODataGridView_CellValueChanged [subTotal]
[ADMIN] [1/28/2017 00:47] [PURCHASE ORDER] PURCHASE ORDER : detailPODataGridView_CellValueChanged [qty]
[ADMIN] [1/28/2017 00:47] [PURCHASE ORDER] PURCHASE ORDER : detailPODataGridView_CellValueChanged [subTotal]
[ADMIN] [1/28/2017 00:47] [PURCHASE ORDER] PURCHASE ORDER : detailPODataGridView_CellValueChanged [qty]
[ADMIN] [1/28/2017 00:47] [PURCHASE ORDER] PURCHASE ORDER : detailPODataGridView_CellValueChanged [subTotal]
[ADMIN] [1/28/2017 00:47] [PURCHASE ORDER] PURCHASE ORDER : detailPODataGridView_CellValueChanged [qty]
[ADMIN] [1/28/2017 00:47] [PURCHASE ORDER] PURCHASE ORDER : detailPODataGridView_CellValueChanged [subTotal]
[ADMIN] [1/28/2017 00:47] [PURCHASE ORDER] PURCHASE ORDER : detailPODataGridView_CellValueChanged [qty]
[ADMIN] [1/28/2017 00:47] [PURCHASE ORDER] PURCHASE ORDER : detailPODataGridView_CellValueChanged [qty]
[ADMIN] [1/28/2017 00:47] [PURCHASE ORDER] PURCHASE ORDER : detailPODataGridView_CellValueChanged [qty]
[ADMIN] [1/28/2017 00:47] [PURCHASE ORDER] PURCHASE ORDER : detailPODataGridView_CellValueChanged [qty]
[ADMIN] [1/28/2017 00:47] [PURCHASE ORDER] PURCHASE ORDER : detailPODataGridView_CellValueChanged [qty]
[ADMIN] [1/28/2017 00:47] [PURCHASE ORDER] PURCHASE ORDER : detailPODataGridView_CellValueChanged [qty]
[ADMIN] [1/28/2017 00:47] [PURCHASE ORDER] PURCHASE ORDER : detailPODataGridView_CellValueChanged [qty]
[ADMIN] [1/28/2017 00:47] [PURCHASE ORDER] PURCHASE ORDER : detailPODataGridView_CellValueChanged [qty]
[ADMIN] [1/28/2017 00:47] [PURCHASE ORDER] PURCHASE ORDER : detailPODataGridView_CellValueChanged [qty]
[ADMIN] [1/28/2017 00:47] [PURCHASE ORDER] PURCHASE ORDER : detailPODataGridView_CellValueChanged [subTotal]
[ADMIN] [1/28/2017 00:47] [PURCHASE ORDER] PURCHASE ORDER : detailPODataGridView_CellValueChanged [qty]
[ADMIN] [1/28/2017 00:47] [PURCHASE ORDER] PURCHASE ORDER : detailPODataGridView_CellValueChanged [subTotal]
[ADMIN] [1/28/2017 00:47] [PURCHASE ORDER] PURCHASE ORDER : detailPODataGridView_CellValueChanged [qty]
[ADMIN] [1/28/2017 00:47] [PURCHASE ORDER] PURCHASE ORDER : detailPODataGridView_CellValueChanged [subTotal]
[ADMIN] [1/28/2017 00:47] [PURCHASE ORDER] PURCHASE ORDER : detailPODataGridView_CellValueChanged [qty]
[ADMIN] [1/28/2017 00:47] [PURCHASE ORDER] PURCHASE ORDER : detailPODataGridView_CellValueChanged [subTotal]
[ADMIN] [1/28/2017 00:47] [] USER ID = 1LOGOUT
