[] [3/23/2017 13:00] [] USER = ADMIN IS ACTIVE
[ADMIN] [3/23/2017 13:00] [] USER ID = 1 LOGIN SUCCESSFULLY
[ADMIN] [3/23/2017 13:00] [] ACTIVATE USER ACCESS RIGHT
[ADMIN] [3/23/2017 13:00] [] DISPLAY ADMIN FORM
[ADMIN] [3/23/2017 13:00] [] adminForm Load
[] [3/23/2017 13:48] [] USER = ADMIN IS ACTIVE
[ADMIN] [3/23/2017 13:48] [] USER ID = 1 LOGIN SUCCESSFULLY
[ADMIN] [3/23/2017 13:48] [] ACTIVATE USER ACCESS RIGHT
[ADMIN] [3/23/2017 13:48] [] DISPLAY ADMIN FORM
[ADMIN] [3/23/2017 13:48] [] adminForm Load
[] [3/23/2017 14:43] [] USER = ADMIN IS ACTIVE
[ADMIN] [3/23/2017 14:43] [] USER ID = 1 LOGIN SUCCESSFULLY
[ADMIN] [3/23/2017 14:43] [] ACTIVATE USER ACCESS RIGHT
[ADMIN] [3/23/2017 14:43] [] DISPLAY ADMIN FORM
[ADMIN] [3/23/2017 14:43] [] adminForm Load
[] [3/23/2017 14:57] [] USER = ADMIN IS ACTIVE
[ADMIN] [3/23/2017 14:58] [] USER ID = 1 LOGIN SUCCESSFULLY
[ADMIN] [3/23/2017 14:58] [] ACTIVATE USER ACCESS RIGHT
[ADMIN] [3/23/2017 14:58] [] DISPLAY ADMIN FORM
[ADMIN] [3/23/2017 14:58] [] adminForm Load
[ADMIN] [3/23/2017 15:01] [] USER ID = 1LOGOUT
