[] [1/28/2017 00:51] [] USER = ADMIN IS ACTIVE
[ADMIN] [1/28/2017 00:51] [] USER ID = 1 LOGIN SUCCESSFULLY
[ADMIN] [1/28/2017 00:51] [] ACTIVATE USER ACCESS RIGHT
[ADMIN] [1/28/2017 00:51] [] DISPLAY ADMIN FORM
[ADMIN] [1/28/2017 00:51] [] adminForm Load
[ADMIN] [1/28/2017 00:51] [] ACTIVATE USER ACCESS RIGHT
[] [1/28/2017 13:04] [] USER = ADMIN IS ACTIVE
[ADMIN] [1/28/2017 13:04] [] USER ID = 1 LOGIN SUCCESSFULLY
[ADMIN] [1/28/2017 13:04] [] ACTIVATE USER ACCESS RIGHT
[ADMIN] [1/28/2017 13:04] [] DISPLAY ADMIN FORM
[ADMIN] [1/28/2017 13:04] [] adminForm Load
[ADMIN] [1/28/2017 13:04] [] ACTIVATE USER ACCESS RIGHT
[ADMIN] [1/28/2017 13:04] [PENERIMAAN BARANG] PENERIMAAN BARANG : detailGridView_CellValueChanged [qtyReceived]
[] [1/28/2017 13:05] [] USER = ADMIN IS ACTIVE
[ADMIN] [1/28/2017 13:05] [] USER ID = 1 LOGIN SUCCESSFULLY
[ADMIN] [1/28/2017 13:05] [] ACTIVATE USER ACCESS RIGHT
[ADMIN] [1/28/2017 13:05] [] DISPLAY ADMIN FORM
[ADMIN] [1/28/2017 13:05] [] adminForm Load
[ADMIN] [1/28/2017 13:05] [] ACTIVATE USER ACCESS RIGHT
[ADMIN] [1/28/2017 13:05] [PURCHASE ORDER] PURCHASE ORDER : detailPODataGridView_CellValueChanged [qty]
[] [1/28/2017 13:06] [] USER = ADMIN IS ACTIVE
[ADMIN] [1/28/2017 13:06] [] USER ID = 1 LOGIN SUCCESSFULLY
[ADMIN] [1/28/2017 13:06] [] ACTIVATE USER ACCESS RIGHT
[ADMIN] [1/28/2017 13:06] [] DISPLAY ADMIN FORM
[ADMIN] [1/28/2017 13:06] [] adminForm Load
[ADMIN] [1/28/2017 13:06] [] ACTIVATE USER ACCESS RIGHT
[ADMIN] [1/28/2017 13:07] [PENERIMAAN BARANG] PENERIMAAN BARANG : detailGridView_CellValueChanged [productName]
[ADMIN] [1/28/2017 13:07] [PENERIMAAN BARANG] PENERIMAAN BARANG : detailGridView_CellValueChanged [productName]
[ADMIN] [1/28/2017 13:07] [PENERIMAAN BARANG] PENERIMAAN BARANG : detailGridView_CellValueChanged [productName]
[ADMIN] [1/28/2017 13:07] [PENERIMAAN BARANG] PENERIMAAN BARANG : detailGridView_CellValueChanged [productName]
[ADMIN] [1/28/2017 13:07] [PENERIMAAN BARANG] PENERIMAAN BARANG : detailGridView_CellValueChanged [productName]
[ADMIN] [1/28/2017 13:07] [PENERIMAAN BARANG] PENERIMAAN BARANG : detailGridView_CellValueChanged [productName]
[ADMIN] [1/28/2017 13:07] [PENERIMAAN BARANG] PENERIMAAN BARANG : detailGridView_CellValueChanged [productID]
[ADMIN] [1/28/2017 13:07] [PENJUALAN] CASHIER FORM : ComboBox_SelectedIndexChanged, PRODUCT_BASE_PRICE [11]
[ADMIN] [1/28/2017 13:07] [PENJUALAN] CASHIER FORM : ComboBox_SelectedIndexChanged, attempt to calculate total
[ADMIN] [1/28/2017 13:07] [PENERIMAAN BARANG] PENERIMAAN BARANG : detailGridView_CellValueChanged [qtyReceived]
[ADMIN] [1/28/2017 13:07] [PENERIMAAN BARANG] PENERIMAAN BARANG : detailGridView_CellValueChanged [subtotal]
[ADMIN] [1/28/2017 13:07] [PENERIMAAN BARANG] PENERIMAAN BARANG : detailGridView_CellValueChanged [qtyReceived]
[ADMIN] [1/28/2017 13:07] [PENERIMAAN BARANG] PENERIMAAN BARANG : detailGridView_CellValueChanged [subtotal]
[ADMIN] [1/28/2017 13:07] [PENERIMAAN BARANG] PENERIMAAN BARANG : detailGridView_CellValueChanged [qtyReceived]
[ADMIN] [1/28/2017 13:07] [PENERIMAAN BARANG] PENERIMAAN BARANG : detailGridView_CellValueChanged [subtotal]
[ADMIN] [1/28/2017 13:07] [PENERIMAAN BARANG] PENERIMAAN BARANG : detailGridView_CellValueChanged [qtyReceived]
[ADMIN] [1/28/2017 13:07] [PENERIMAAN BARANG] PENERIMAAN BARANG : detailGridView_CellValueChanged [qtyReceived]
[ADMIN] [1/28/2017 13:07] [PENERIMAAN BARANG] PENERIMAAN BARANG : detailGridView_CellValueChanged [qtyReceived]
[ADMIN] [1/28/2017 13:07] [PENERIMAAN BARANG] PENERIMAAN BARANG : detailGridView_CellValueChanged [qtyReceived]
[ADMIN] [1/28/2017 13:07] [PENERIMAAN BARANG] PENERIMAAN BARANG : detailGridView_CellValueChanged [qtyReceived]
[ADMIN] [1/28/2017 13:07] [PENERIMAAN BARANG] PENERIMAAN BARANG : detailGridView_CellValueChanged [qtyReceived]
[ADMIN] [1/28/2017 13:07] [PENERIMAAN BARANG] PENERIMAAN BARANG : detailGridView_CellValueChanged [qtyReceived]
[ADMIN] [1/28/2017 13:07] [PENERIMAAN BARANG] PENERIMAAN BARANG : detailGridView_CellValueChanged [qtyReceived]
[ADMIN] [1/28/2017 13:07] [PENERIMAAN BARANG] PENERIMAAN BARANG : detailGridView_CellValueChanged [qtyReceived]
[ADMIN] [1/28/2017 13:07] [PENERIMAAN BARANG] PENERIMAAN BARANG : detailGridView_CellValueChanged [qtyReceived]
[ADMIN] [1/28/2017 13:07] [PENERIMAAN BARANG] PENERIMAAN BARANG : detailGridView_CellValueChanged [qtyReceived]
[ADMIN] [1/28/2017 13:07] [PENERIMAAN BARANG] PENERIMAAN BARANG : detailGridView_CellValueChanged [qtyReceived]
[ADMIN] [1/28/2017 13:07] [PENERIMAAN BARANG] PENERIMAAN BARANG : detailGridView_CellValueChanged [qtyReceived]
[ADMIN] [1/28/2017 13:07] [PENERIMAAN BARANG] PENERIMAAN BARANG : detailGridView_CellValueChanged [qtyReceived]
[ADMIN] [1/28/2017 13:07] [PENERIMAAN BARANG] PENERIMAAN BARANG : detailGridView_CellValueChanged [qtyReceived]
[ADMIN] [1/28/2017 13:07] [PENERIMAAN BARANG] PENERIMAAN BARANG : detailGridView_CellValueChanged [qtyReceived]
[ADMIN] [1/28/2017 13:07] [PENERIMAAN BARANG] PENERIMAAN BARANG : detailGridView_CellValueChanged [qtyReceived]
[ADMIN] [1/28/2017 13:07] [PENERIMAAN BARANG] PENERIMAAN BARANG : detailGridView_CellValueChanged [qtyReceived]
[ADMIN] [1/28/2017 13:07] [PENERIMAAN BARANG] PENERIMAAN BARANG : detailGridView_CellValueChanged [qtyReceived]
[ADMIN] [1/28/2017 13:07] [PENERIMAAN BARANG] PENERIMAAN BARANG : detailGridView_CellValueChanged [qtyReceived]
[ADMIN] [1/28/2017 13:07] [PENERIMAAN BARANG] PENERIMAAN BARANG : detailGridView_CellValueChanged [qtyReceived]
[ADMIN] [1/28/2017 13:07] [PENERIMAAN BARANG] PENERIMAAN BARANG : detailGridView_CellValueChanged [qtyReceived]
[ADMIN] [1/28/2017 13:07] [PENERIMAAN BARANG] PENERIMAAN BARANG : detailGridView_CellValueChanged [qtyReceived]
[ADMIN] [1/28/2017 13:07] [PENERIMAAN BARANG] PENERIMAAN BARANG : detailGridView_CellValueChanged [subtotal]
[ADMIN] [1/28/2017 13:07] [PENERIMAAN BARANG] PENERIMAAN BARANG : detailGridView_CellValueChanged [qtyReceived]
[ADMIN] [1/28/2017 13:07] [PENERIMAAN BARANG] PENERIMAAN BARANG : detailGridView_CellValueChanged [subtotal]
[ADMIN] [1/28/2017 13:07] [PENERIMAAN BARANG] PENERIMAAN BARANG : detailGridView_CellValueChanged [qtyReceived]
[] [1/28/2017 18:47] [] USER = ADMIN IS ACTIVE
[ADMIN] [1/28/2017 18:47] [] USER ID = 1 LOGIN SUCCESSFULLY
[ADMIN] [1/28/2017 18:47] [] ACTIVATE USER ACCESS RIGHT
[ADMIN] [1/28/2017 18:47] [] DISPLAY ADMIN FORM
[ADMIN] [1/28/2017 18:47] [] adminForm Load
[ADMIN] [1/28/2017 18:47] [] ACTIVATE USER ACCESS RIGHT
[ADMIN] [1/28/2017 18:47] [RETUR PERMINTAAN KE PUSAT] updateSomeRowsContent, PRODUCT_BASE_PRICE [11]
[ADMIN] [1/28/2017 18:47] [RETUR PERMINTAAN KE PUSAT] updateSomeRowsContent, attempt to calculate total
[] [1/28/2017 18:49] [] USER = ADMIN IS ACTIVE
[ADMIN] [1/28/2017 18:49] [] USER ID = 1 LOGIN SUCCESSFULLY
[ADMIN] [1/28/2017 18:49] [] ACTIVATE USER ACCESS RIGHT
[ADMIN] [1/28/2017 18:49] [] DISPLAY ADMIN FORM
[ADMIN] [1/28/2017 18:49] [] adminForm Load
[ADMIN] [1/28/2017 18:49] [] ACTIVATE USER ACCESS RIGHT
[ADMIN] [1/28/2017 18:49] [] USER ID = 1LOGOUT
