[] [5/25/2017 15:25] [] USER = ADMIN IS ACTIVE
[ADMIN] [5/25/2017 15:25] [] USER ID = 1 LOGIN SUCCESSFULLY
[ADMIN] [5/25/2017 15:26] [] ACTIVATE USER ACCESS RIGHT
[ADMIN] [5/25/2017 15:26] [] DISPLAY ADMIN FORM
[ADMIN] [5/25/2017 15:26] [] adminForm Load
[] [5/25/2017 15:37] [] USER = ADMIN IS ACTIVE
[ADMIN] [5/25/2017 15:37] [] USER ID = 1 LOGIN SUCCESSFULLY
[ADMIN] [5/25/2017 15:37] [] ACTIVATE USER ACCESS RIGHT
[ADMIN] [5/25/2017 15:37] [] DISPLAY ADMIN FORM
[ADMIN] [5/25/2017 15:37] [] adminForm Load
[] [5/25/2017 23:18] [] USER = ADMIN IS ACTIVE
[ADMIN] [5/25/2017 23:18] [] USER ID = 1 LOGIN SUCCESSFULLY
[ADMIN] [5/25/2017 23:18] [] ACTIVATE USER ACCESS RIGHT
[ADMIN] [5/25/2017 23:19] [] DISPLAY ADMIN FORM
[ADMIN] [5/25/2017 23:19] [] adminForm Load
[] [5/25/2017 23:35] [] USER = ADMIN IS ACTIVE
[ADMIN] [5/25/2017 23:35] [] USER ID = 1 LOGIN SUCCESSFULLY
[ADMIN] [5/25/2017 23:35] [] ACTIVATE USER ACCESS RIGHT
[ADMIN] [5/25/2017 23:35] [] DISPLAY ADMIN FORM
[ADMIN] [5/25/2017 23:35] [] adminForm Load
[ADMIN] [5/25/2017 23:35] [] USER ID = 1LOGOUT
