[] [1/31/2017 13:07] [] USER = ADMIN IS ACTIVE
[ADMIN] [1/31/2017 13:07] [] USER ID = 1 LOGIN SUCCESSFULLY
[ADMIN] [1/31/2017 13:07] [] ACTIVATE USER ACCESS RIGHT
[ADMIN] [1/31/2017 13:07] [] DISPLAY ADMIN FORM
[ADMIN] [1/31/2017 13:07] [] adminForm Load
[ADMIN] [1/31/2017 13:07] [] ACTIVATE USER ACCESS RIGHT
[ADMIN] [1/31/2017 13:07] [PENJUALAN] CASHIER FORM : REGISTER HOTKEY
[ADMIN] [1/31/2017 13:07] [PENJUALAN] CASHIER FORM : ADD NEW ROW,  isActive [True]
[ADMIN] [1/31/2017 13:07] [PENJUALAN] CASHIER FORM : ADD NEW ROW,  ROW COUNT [0]
[ADMIN] [1/31/2017 13:07] [PENJUALAN] CASHIER FORM : ADD NEW ROW,  ALLOW TO ADD [True]
[ADMIN] [1/31/2017 13:07] [PENJUALAN] CASHIER FORM : REGISTER HOTKEY
[ADMIN] [1/31/2017 13:08] [PENJUALAN] CASHIER FORM : cashierDataGridView_CellValueChanged [qty]
[ADMIN] [1/31/2017 13:08] [PENJUALAN] CASHIER FORM : TextBox_TextChanged, previousInput []
[ADMIN] [1/31/2017 13:08] [PENJUALAN] CASHIER FORM : TextBox_TextChanged, dataGridViewTextBoxEditingControl.Text pass REGEX Checking
[ADMIN] [1/31/2017 13:08] [] CHECK STOCK QTY IS ENOUGH [105]
[ADMIN] [1/31/2017 13:08] [] CHECK STOCK QTY IS ENOUGH [43, 15]
[ADMIN] [1/31/2017 13:08] [PENJUALAN] CASHIER FORM : CALCULATE SUBTOTAL
[ADMIN] [1/31/2017 13:08] [PENJUALAN] CASHIER FORM : SUBTOTAL [15000]
[ADMIN] [1/31/2017 13:08] [PENJUALAN] CASHIER FORM : TextBox_TextChanged, subtotal value [15000]
[ADMIN] [1/31/2017 13:08] [PENJUALAN] CASHIER FORM : TextBox_TextChanged, attempt to calculate total value
[ADMIN] [1/31/2017 13:08] [PENJUALAN] CASHIER FORM : calculateTotal
[ADMIN] [1/31/2017 13:08] [PENJUALAN] CASHIER FORM : calculateTotal [15000]
[ADMIN] [1/31/2017 13:08] [PENJUALAN] CASHIER FORM : calculateTotal, totalAfterDisc [15000]
[ADMIN] [1/31/2017 13:08] [PENJUALAN] CASHIER FORM : calculateChangeValue, bayarTextBox.Text [0]
[ADMIN] [1/31/2017 13:08] [PENJUALAN] CASHIER FORM : calculateChangeValue, sisaBayar [0]
[ADMIN] [1/31/2017 13:08] [PENJUALAN] CASHIER FORM : HOTKEY TO SAVE AND PRINT OUT INVOICE PRESSED
[ADMIN] [1/31/2017 13:08] [PENJUALAN] CASHIER FORM : UNREGISTER HOTKEY
[ADMIN] [1/31/2017 13:08] [PENJUALAN] CASHIER FORM : REGISTER HOTKEY
[ADMIN] [1/31/2017 13:08] [PENJUALAN] ATTEMPT TO SAVE AND PRINT OUT INVOICE
[ADMIN] [1/31/2017 13:08] [] CHECK STOCK QTY IS ENOUGH [105]
[ADMIN] [1/31/2017 13:08] [] CHECK STOCK QTY IS ENOUGH [43, 15]
[ADMIN] [1/31/2017 13:08] [PENJUALAN] CASHIER FORM : UNREGISTER HOTKEY
[ADMIN] [1/31/2017 13:08] [PENJUALAN] CASHIER FORM : ATTEMPT TO SAVE SALES DATA [31-01-2017 13:08]
[ADMIN] [1/31/2017 13:08] [PENJUALAN] CASHIER FORM : SALES DISC FINAL [0]
[ADMIN] [1/31/2017 13:08] [PENJUALAN] CASHIER FORM : NON CASH - SALES DUE DATE [12-02-2017]
[ADMIN] [1/31/2017 13:08] [PENJUALAN] UPDATE PREVIOUS REV_NO TO VOID [SLO001-10]
[ADMIN] [1/31/2017 13:08] [PENJUALAN] INSERT INTO SALES HEADER [SLO001-10]
[ADMIN] [1/31/2017 13:08] [PENJUALAN] INSERT INTO SALES DETAIL[105, 1000, 15]
[ADMIN] [1/31/2017 13:08] [PENJUALAN] INSERT TO CREDIT TABLE [SLO001-10]
[ADMIN] [1/31/2017 13:08] [PENJUALAN] INSERT TO DAILY JOURNAL TABLE [15000]
[ADMIN] [1/31/2017 13:08] [PENJUALAN] CASHIER FORM : REGISTER HOTKEY
[ADMIN] [1/31/2017 13:08] [PENJUALAN] TRANSACTION SAVED
[ADMIN] [1/31/2017 13:08] [PENJUALAN] PRINT OUT INVOICE
[ADMIN] [1/31/2017 13:08] [PENJUALAN] CASHIER FORM : PrintReceipt
[ADMIN] [1/31/2017 13:08] [PENJUALAN] CASHIER FORM : PrintReceipt, papermode [0]
[ADMIN] [1/31/2017 13:08] [PENJUALAN] CASHIER FORM : PrintReceipt, display SalesReceiptForm
[ADMIN] [1/31/2017 13:08] [PENJUALAN] CASHIER FORM : UNREGISTER HOTKEY
[ADMIN] [1/31/2017 13:08] [PENJUALAN] CASHIER FORM : REGISTER HOTKEY
[ADMIN] [1/31/2017 13:08] [PENJUALAN] VALIDATE USER CREDIT STATUS
[ADMIN] [1/31/2017 13:08] [PENJUALAN] CASHIER FORM : UNREGISTER HOTKEY
[ADMIN] [1/31/2017 13:08] [PENJUALAN] CASHIER FORM : REGISTER HOTKEY
[ADMIN] [1/31/2017 13:08] [PENJUALAN] CASHIER FORM : UNREGISTER HOTKEY
[ADMIN] [1/31/2017 13:08] [PENJUALAN] CASHIER FORM : UNREGISTER HOTKEY
[] [1/31/2017 13:39] [] USER = ADMIN IS ACTIVE
[ADMIN] [1/31/2017 13:39] [] USER ID = 1 LOGIN SUCCESSFULLY
[ADMIN] [1/31/2017 13:39] [] ACTIVATE USER ACCESS RIGHT
[ADMIN] [1/31/2017 13:39] [] DISPLAY ADMIN FORM
[ADMIN] [1/31/2017 13:39] [] adminForm Load
[ADMIN] [1/31/2017 13:39] [] ACTIVATE USER ACCESS RIGHT
[] [1/31/2017 13:41] [] USER = ADMIN IS ACTIVE
[ADMIN] [1/31/2017 13:41] [] USER ID = 1 LOGIN SUCCESSFULLY
[ADMIN] [1/31/2017 13:41] [] ACTIVATE USER ACCESS RIGHT
[ADMIN] [1/31/2017 13:41] [] DISPLAY ADMIN FORM
[ADMIN] [1/31/2017 13:41] [] adminForm Load
[ADMIN] [1/31/2017 13:41] [] ACTIVATE USER ACCESS RIGHT
[] [1/31/2017 13:54] [] USER = ADMIN IS ACTIVE
[ADMIN] [1/31/2017 13:54] [] USER ID = 1 LOGIN SUCCESSFULLY
[ADMIN] [1/31/2017 13:54] [] ACTIVATE USER ACCESS RIGHT
[ADMIN] [1/31/2017 13:54] [] DISPLAY ADMIN FORM
[ADMIN] [1/31/2017 13:54] [] adminForm Load
[ADMIN] [1/31/2017 13:54] [] ACTIVATE USER ACCESS RIGHT
[] [1/31/2017 14:10] [] USER = ADMIN IS ACTIVE
[ADMIN] [1/31/2017 14:11] [] USER ID = 1 LOGIN SUCCESSFULLY
[ADMIN] [1/31/2017 14:11] [] ACTIVATE USER ACCESS RIGHT
[ADMIN] [1/31/2017 14:11] [] DISPLAY ADMIN FORM
[ADMIN] [1/31/2017 14:11] [] adminForm Load
[ADMIN] [1/31/2017 14:11] [] ACTIVATE USER ACCESS RIGHT
[ADMIN] [1/31/2017 14:13] [] PEMBAYARAN LUMPSUM : ATTEMPT TO SAVE DATA PAYMENT
[ADMIN] [1/31/2017 14:13] [] PEMBAYARAN LUMPSUM : PAYMENT BY CASH
[ADMIN] [1/31/2017 14:13] [PEMBAYARAN PIUTANG] PEMBAYARAN LUMPSUM : GET A LIST OF OUTSTANDING CREDIT
[ADMIN] [1/31/2017 14:13] [] PEMBAYARAN LUMPSUM : NUM OF OUTSTANDING DATA [2]
[ADMIN] [1/31/2017 14:13] [] PEMBAYARAN LUMPSUM : rowCounter [0] paymentNominal  [20000]
[ADMIN] [1/31/2017 14:13] [] PEMBAYARAN LUMPSUM : currentCreditID [9] outstandingCreditAmount [39980]
[ADMIN] [1/31/2017 14:13] [] PEMBAYARAN LUMPSUM : INSERT INTO DAILY JOURNAL [20000]
[ADMIN] [1/31/2017 14:13] [] PEMBAYARAN LUMPSUM : DATA PAYMENT SAVED
[] [1/31/2017 14:13] [] USER = ADMIN IS ACTIVE
[ADMIN] [1/31/2017 14:13] [] USER ID = 1 LOGIN SUCCESSFULLY
[ADMIN] [1/31/2017 14:13] [] ACTIVATE USER ACCESS RIGHT
[ADMIN] [1/31/2017 14:13] [] DISPLAY ADMIN FORM
[ADMIN] [1/31/2017 14:13] [] adminForm Load
[ADMIN] [1/31/2017 14:13] [] ACTIVATE USER ACCESS RIGHT
[ADMIN] [1/31/2017 14:14] [] PEMBAYARAN LUMPSUM : ATTEMPT TO SAVE DATA PAYMENT
[ADMIN] [1/31/2017 14:14] [] PEMBAYARAN LUMPSUM : PAYMENT BY CASH
[ADMIN] [1/31/2017 14:14] [PEMBAYARAN PIUTANG] PEMBAYARAN LUMPSUM : GET A LIST OF OUTSTANDING CREDIT
[ADMIN] [1/31/2017 14:14] [] PEMBAYARAN LUMPSUM : NUM OF OUTSTANDING DATA [2]
[ADMIN] [1/31/2017 14:14] [] PEMBAYARAN LUMPSUM : rowCounter [0] paymentNominal  [20000]
[ADMIN] [1/31/2017 14:14] [] PEMBAYARAN LUMPSUM : currentCreditID [9] outstandingCreditAmount [19980]
[ADMIN] [1/31/2017 14:15] [] PEMBAYARAN LUMPSUM : UPDATE CREDIT SET FULLY PAID [9]
[ADMIN] [1/31/2017 14:15] [] PEMBAYARAN LUMPSUM : UPDATE SALES HEADER SET FULLY PAID [SLO001-9]
[ADMIN] [1/31/2017 14:15] [] PEMBAYARAN LUMPSUM : UPDATE SALES HEADER TAX SET FULLY PAID [SLO001-9]
[ADMIN] [1/31/2017 14:15] [] PEMBAYARAN LUMPSUM : INSERT INTO DAILY JOURNAL [19980]
[ADMIN] [1/31/2017 14:15] [] PEMBAYARAN LUMPSUM : rowCounter [1] paymentNominal  [20]
[ADMIN] [1/31/2017 14:15] [] PEMBAYARAN LUMPSUM : currentCreditID [10] outstandingCreditAmount [15000]
[ADMIN] [1/31/2017 14:15] [] PEMBAYARAN LUMPSUM : INSERT INTO DAILY JOURNAL [20]
[ADMIN] [1/31/2017 14:16] [] PEMBAYARAN LUMPSUM : DATA PAYMENT SAVED
[] [1/31/2017 14:29] [] USER = ADMIN IS ACTIVE
[ADMIN] [1/31/2017 14:29] [] USER ID = 1 LOGIN SUCCESSFULLY
[ADMIN] [1/31/2017 14:29] [] ACTIVATE USER ACCESS RIGHT
[ADMIN] [1/31/2017 14:29] [] DISPLAY ADMIN FORM
[ADMIN] [1/31/2017 14:29] [] adminForm Load
[ADMIN] [1/31/2017 14:29] [] ACTIVATE USER ACCESS RIGHT
[ADMIN] [1/31/2017 15:32] [] PEMBAYARAN LUMPSUM : ATTEMPT TO SAVE DATA PAYMENT
[ADMIN] [1/31/2017 15:32] [] PEMBAYARAN LUMPSUM : PAYMENT BY CASH
[ADMIN] [1/31/2017 15:32] [PEMBAYARAN PIUTANG] PEMBAYARAN LUMPSUM : GET A LIST OF OUTSTANDING CREDIT
[ADMIN] [1/31/2017 15:32] [] PEMBAYARAN LUMPSUM : NUM OF OUTSTANDING DATA [1]
[ADMIN] [1/31/2017 15:32] [] PEMBAYARAN LUMPSUM : rowCounter [0] paymentNominal  [5000]
[ADMIN] [1/31/2017 15:32] [] PEMBAYARAN LUMPSUM : currentCreditID [10] outstandingCreditAmount [14980]
[ADMIN] [1/31/2017 15:32] [] PEMBAYARAN LUMPSUM : INSERT INTO DAILY JOURNAL [5000]
[ADMIN] [1/31/2017 15:32] [] PEMBAYARAN LUMPSUM : DATA PAYMENT SAVED
[ADMIN] [1/31/2017 15:33] [PEMBAYARAN PIUTANG] ATTEMPT TO SAVE PAYMENT CREDIT
[ADMIN] [1/31/2017 15:33] [PEMBAYARAN PIUTANG] PAYMENT CREDIT BY CASH
[ADMIN] [1/31/2017 15:33] [PEMBAYARAN PIUTANG] BRANCH ID [0]
[ADMIN] [1/31/2017 15:33] [PEMBAYARAN PIUTANG] INSERT INTO PAYMENT CREDIT [10, 1000]
[ADMIN] [1/31/2017 15:33] [PEMBAYARAN PIUTANG] CASH TRANSACTION, INSERT INTO DAILY JOURNAL [1000]
[ADMIN] [1/31/2017 15:33] [PEMBAYARAN PIUTANG] PAYMENT CREDIT DATA SAVED
[ADMIN] [1/31/2017 15:33] [PEMBAYARAN HUTANG KE SUPPLIER] ATTEMPT TO SAVE DATA PAYMENT DEBT
[ADMIN] [1/31/2017 15:33] [PEMBAYARAN HUTANG KE SUPPLIER] PAYMENT DEBT BY CASH
[ADMIN] [1/31/2017 15:33] [PEMBAYARAN HUTANG KE SUPPLIER] INSERT INTO PAYMENT DEBT [1, 100]
[ADMIN] [1/31/2017 15:33] [PEMBAYARAN HUTANG KE SUPPLIER] DATA PAYMENT DEBT SAVED
[ADMIN] [1/31/2017 15:34] [] PEMBAYARAN LUMPSUM : ATTEMPT TO SAVE DATA PAYMENT
[ADMIN] [1/31/2017 15:34] [] PEMBAYARAN LUMPSUM : ATTEMPT TO SAVE DATA PAYMENT
[ADMIN] [1/31/2017 15:34] [] PEMBAYARAN LUMPSUM : PAYMENT BY CASH
[ADMIN] [1/31/2017 15:34] [PEMBAYARAN HUTANG KE SUPPLIER] PEMBAYARAN LUMPSUM : GET A LIST OF OUTSTANDING DEBT
[ADMIN] [1/31/2017 15:34] [] PEMBAYARAN LUMPSUM : NUM OF OUTSTANDING DATA [1]
[ADMIN] [1/31/2017 15:34] [] PEMBAYARAN LUMPSUM : rowCounter [0] paymentNominal  [200]
[ADMIN] [1/31/2017 15:34] [] PEMBAYARAN LUMPSUM : currentCreditID [1] outstandingCreditAmount [362]
[ADMIN] [1/31/2017 15:34] [] PEMBAYARAN LUMPSUM : INSERT INTO PAYMENT DEBT [1, 200]
[ADMIN] [1/31/2017 15:34] [] PEMBAYARAN LUMPSUM : DATA PAYMENT SAVED
[ADMIN] [1/31/2017 15:35] [] PEMBAYARAN LUMPSUM : PAYMENT BY CASH
[ADMIN] [1/31/2017 15:35] [PEMBAYARAN HUTANG KE SUPPLIER] PEMBAYARAN LUMPSUM : GET A LIST OF OUTSTANDING DEBT
[ADMIN] [1/31/2017 15:35] [] PEMBAYARAN LUMPSUM : NUM OF OUTSTANDING DATA [1]
[ADMIN] [1/31/2017 15:35] [] PEMBAYARAN LUMPSUM : rowCounter [0] paymentNominal  [162]
[ADMIN] [1/31/2017 15:35] [] PEMBAYARAN LUMPSUM : currentCreditID [1] outstandingCreditAmount [162]
[ADMIN] [1/31/2017 15:35] [] PEMBAYARAN LUMPSUM : INSERT INTO PAYMENT DEBT [1, 162]
[ADMIN] [1/31/2017 15:35] [] PEMBAYARAN LUMPSUM : UPDATE DEBT SET FULLY PAID [1]
[ADMIN] [1/31/2017 15:35] [] PEMBAYARAN LUMPSUM : UPDATE PURCHASE HEADER SET FULLY PAID [PR-1]
[ADMIN] [1/31/2017 15:35] [] PEMBAYARAN LUMPSUM : DATA PAYMENT SAVED
[ADMIN] [1/31/2017 15:35] [] USER ID = 1LOGOUT
