[] [1/27/2017 13:26] [] USER = ADMIN IS ACTIVE
[ADMIN] [1/27/2017 13:26] [] USER ID = 1 LOGIN SUCCESSFULLY
[ADMIN] [1/27/2017 13:26] [] ACTIVATE USER ACCESS RIGHT
[ADMIN] [1/27/2017 13:26] [] DISPLAY ADMIN FORM
[ADMIN] [1/27/2017 13:26] [] adminForm Load
[ADMIN] [1/27/2017 13:26] [] ACTIVATE USER ACCESS RIGHT
[ADMIN] [1/27/2017 13:27] [] BACKUP DATABASE PROCESS STARTED [C:\Users\Andri\Desktop\BACKUP_27012017.sql]
[ADMIN] [1/27/2017 13:27] [] PROCESS FINISHED
[ADMIN] [1/27/2017 13:28] [] RESTORE DATABASE PROCESS STARTED [C:\Users\Andri\Desktop\BACKUP_27012017.sql]
[ADMIN] [1/27/2017 13:28] [] PROCESS FINISHED
[ADMIN] [1/27/2017 13:36] [PENGATURAN PRINTER] PAPER SIZE CHANGED [1]
[ADMIN] [1/27/2017 13:36] [PENGATURAN PRINTER] DEFAULT PRINTER CHANGED [PrimoPDF]
[ADMIN] [1/27/2017 13:37] [] SERVER IP IS LOCALHOST
[ADMIN] [1/27/2017 13:37] [] INSERT DATA ID 2 TO SYS_CONFIG
[ADMIN] [1/27/2017 13:53] [TAMBAH / UPDATE PRODUK] INSERT NEW PRODUCT [105]
[ADMIN] [1/27/2017 13:53] [TAMBAH / UPDATE PRODUK] INSERT PRODUCT CATEGORY FOR [105]
[ADMIN] [1/27/2017 13:54] [TAMBAH / UPDATE PRODUK] INSERT NEW PRODUCT [106]
[ADMIN] [1/27/2017 13:54] [TAMBAH / UPDATE PRODUK] INSERT PRODUCT CATEGORY FOR [106]
[ADMIN] [1/27/2017 13:54] [TAMBAH / UPDATE PRODUK] INSERT NEW PRODUCT [107]
[ADMIN] [1/27/2017 13:54] [TAMBAH / UPDATE PRODUK] INSERT PRODUCT CATEGORY FOR [107]
[ADMIN] [1/27/2017 13:55] [SATUAN PRODUK] ADD NEW UNIT CONVERT [6/8/10]
[ADMIN] [1/27/2017 13:56] [PECAH SATUAN PRODUK] REDUCE PRODUCT LOCATION QTY [105] AMT [1/1]
[ADMIN] [1/27/2017 13:56] [PECAH SATUAN PRODUK] REDUCE QTY [105] AMT [1]
[ADMIN] [1/27/2017 13:56] [PECAH SATUAN PRODUK] ADD PRODUCT LOCATION QTY [BARANG 2] AMT [10] [1]
[ADMIN] [1/27/2017 13:56] [PECAH SATUAN PRODUK] ADD QTY [BARANG 2] AMT [10]
[ADMIN] [1/27/2017 13:58] [] USER ID = 1LOGOUT
