[] [1/28/2017 18:52] [] USER = ADMIN IS ACTIVE
[ADMIN] [1/28/2017 18:52] [] USER ID = 1 LOGIN SUCCESSFULLY
[ADMIN] [1/28/2017 18:52] [] ACTIVATE USER ACCESS RIGHT
[ADMIN] [1/28/2017 18:52] [] DISPLAY ADMIN FORM
[ADMIN] [1/28/2017 18:52] [] adminForm Load
[ADMIN] [1/28/2017 18:52] [] ACTIVATE USER ACCESS RIGHT
[ADMIN] [1/28/2017 18:53] [RETUR PERMINTAAN KE PUSAT] updateSomeRowsContent, PRODUCT_BASE_PRICE [11]
[ADMIN] [1/28/2017 18:53] [RETUR PERMINTAAN KE PUSAT] updateSomeRowsContent, attempt to calculate total
[] [1/28/2017 20:58] [] USER = ADMIN IS ACTIVE
[ADMIN] [1/28/2017 20:58] [] USER ID = 1 LOGIN SUCCESSFULLY
[ADMIN] [1/28/2017 20:58] [] ACTIVATE USER ACCESS RIGHT
[ADMIN] [1/28/2017 20:58] [] DISPLAY ADMIN FORM
[ADMIN] [1/28/2017 20:58] [] adminForm Load
[ADMIN] [1/28/2017 20:58] [] ACTIVATE USER ACCESS RIGHT
[ADMIN] [1/28/2017 20:59] [PURCHASE ORDER] PURCHASE ORDER : detailPODataGridView_CellValueChanged [HPP]
[ADMIN] [1/28/2017 20:59] [PURCHASE ORDER] PURCHASE ORDER : detailPODataGridView_CellValueChanged [subTotal]
[ADMIN] [1/28/2017 20:59] [PURCHASE ORDER] PURCHASE ORDER : detailPODataGridView_CellValueChanged [HPP]
[ADMIN] [1/28/2017 20:59] [PURCHASE ORDER] PURCHASE ORDER : detailPODataGridView_CellValueChanged [HPP]
[ADMIN] [1/28/2017 20:59] [PURCHASE ORDER] PURCHASE ORDER : detailPODataGridView_CellValueChanged [HPP]
[ADMIN] [1/28/2017 20:59] [PURCHASE ORDER] PURCHASE ORDER : detailPODataGridView_CellValueChanged [HPP]
[ADMIN] [1/28/2017 20:59] [PURCHASE ORDER] PURCHASE ORDER : detailPODataGridView_CellValueChanged [HPP]
[ADMIN] [1/28/2017 20:59] [PURCHASE ORDER] PURCHASE ORDER : detailPODataGridView_CellValueChanged [HPP]
[ADMIN] [1/28/2017 20:59] [PURCHASE ORDER] PURCHASE ORDER : detailPODataGridView_CellValueChanged [HPP]
[ADMIN] [1/28/2017 20:59] [PURCHASE ORDER] PURCHASE ORDER : detailPODataGridView_CellValueChanged [HPP]
[ADMIN] [1/28/2017 20:59] [PURCHASE ORDER] PURCHASE ORDER : detailPODataGridView_CellValueChanged [HPP]
[ADMIN] [1/28/2017 20:59] [PURCHASE ORDER] PURCHASE ORDER : detailPODataGridView_CellValueChanged [HPP]
[ADMIN] [1/28/2017 20:59] [PURCHASE ORDER] PURCHASE ORDER : detailPODataGridView_CellValueChanged [HPP]
[ADMIN] [1/28/2017 20:59] [PURCHASE ORDER] PURCHASE ORDER : detailPODataGridView_CellValueChanged [qty]
[ADMIN] [1/28/2017 20:59] [PURCHASE ORDER] PURCHASE ORDER : detailPODataGridView_CellValueChanged [subTotal]
[ADMIN] [1/28/2017 20:59] [PURCHASE ORDER] PURCHASE ORDER : detailPODataGridView_CellValueChanged [qty]
[ADMIN] [1/28/2017 20:59] [PURCHASE ORDER] PURCHASE ORDER : detailPODataGridView_CellValueChanged [subTotal]
[ADMIN] [1/28/2017 20:59] [PURCHASE ORDER] PURCHASE ORDER : detailPODataGridView_CellValueChanged [qty]
[ADMIN] [1/28/2017 20:59] [PURCHASE ORDER] PURCHASE ORDER : detailPODataGridView_CellValueChanged [qty]
[ADMIN] [1/28/2017 20:59] [PURCHASE ORDER] PURCHASE ORDER : detailPODataGridView_CellValueChanged [qty]
[ADMIN] [1/28/2017 20:59] [PURCHASE ORDER] PURCHASE ORDER : detailPODataGridView_CellValueChanged [qty]
[ADMIN] [1/28/2017 20:59] [PURCHASE ORDER] PURCHASE ORDER : detailPODataGridView_CellValueChanged [qty]
[ADMIN] [1/28/2017 20:59] [PURCHASE ORDER] PURCHASE ORDER : detailPODataGridView_CellValueChanged [subTotal]
[ADMIN] [1/28/2017 20:59] [PURCHASE ORDER] PURCHASE ORDER : detailPODataGridView_CellValueChanged [productName]
[ADMIN] [1/28/2017 20:59] [PURCHASE ORDER] PURCHASE ORDER : detailPODataGridView_CellValueChanged [productName]
[ADMIN] [1/28/2017 20:59] [PURCHASE ORDER] PURCHASE ORDER : detailPODataGridView_CellValueChanged [productName]
[ADMIN] [1/28/2017 20:59] [PURCHASE ORDER] PURCHASE ORDER : detailPODataGridView_CellValueChanged [productName]
[ADMIN] [1/28/2017 20:59] [PURCHASE ORDER] PURCHASE ORDER : detailPODataGridView_CellValueChanged [productID]
[ADMIN] [1/28/2017 20:59] [PURCHASE ORDER] updateSomeRowsContent, PRODUCT_BASE_PRICE [11]
[ADMIN] [1/28/2017 20:59] [PURCHASE ORDER] updateSomeRowsContent, attempt to calculate total
[ADMIN] [1/28/2017 20:59] [PURCHASE ORDER] PURCHASE ORDER : detailPODataGridView_CellValueChanged [productName]
[ADMIN] [1/28/2017 20:59] [PURCHASE ORDER] PURCHASE ORDER : detailPODataGridView_CellValueChanged [productName]
[ADMIN] [1/28/2017 20:59] [PURCHASE ORDER] PURCHASE ORDER : detailPODataGridView_CellValueChanged [productName]
[ADMIN] [1/28/2017 20:59] [PURCHASE ORDER] PURCHASE ORDER : detailPODataGridView_CellValueChanged [productName]
[ADMIN] [1/28/2017 20:59] [PURCHASE ORDER] PURCHASE ORDER : detailPODataGridView_CellValueChanged [productName]
[ADMIN] [1/28/2017 20:59] [PURCHASE ORDER] PURCHASE ORDER : detailPODataGridView_CellValueChanged [productName]
[ADMIN] [1/28/2017 20:59] [PURCHASE ORDER] PURCHASE ORDER : detailPODataGridView_CellValueChanged [productName]
[ADMIN] [1/28/2017 20:59] [PURCHASE ORDER] PURCHASE ORDER : detailPODataGridView_CellValueChanged [productName]
[ADMIN] [1/28/2017 20:59] [PURCHASE ORDER] PURCHASE ORDER : detailPODataGridView_CellValueChanged [productName]
[ADMIN] [1/28/2017 20:59] [PURCHASE ORDER] PURCHASE ORDER : detailPODataGridView_CellValueChanged [productName]
[ADMIN] [1/28/2017 20:59] [PURCHASE ORDER] PURCHASE ORDER : detailPODataGridView_CellValueChanged [productName]
[ADMIN] [1/28/2017 20:59] [PURCHASE ORDER] PURCHASE ORDER : detailPODataGridView_CellValueChanged [productName]
[ADMIN] [1/28/2017 20:59] [PURCHASE ORDER] PURCHASE ORDER : detailPODataGridView_CellValueChanged [productName]
[ADMIN] [1/28/2017 20:59] [PURCHASE ORDER] PURCHASE ORDER : detailPODataGridView_CellValueChanged [productID]
[ADMIN] [1/28/2017 20:59] [PURCHASE ORDER] updateSomeRowsContent, PRODUCT_BASE_PRICE [208500]
[ADMIN] [1/28/2017 20:59] [PURCHASE ORDER] updateSomeRowsContent, attempt to calculate total
[ADMIN] [1/28/2017 20:59] [RETUR PERMINTAAN KE PUSAT] updateSomeRowsContent, PRODUCT_BASE_PRICE [11]
[ADMIN] [1/28/2017 20:59] [RETUR PERMINTAAN KE PUSAT] updateSomeRowsContent, attempt to calculate total
[] [1/28/2017 21:02] [] USER = ADMIN IS ACTIVE
[ADMIN] [1/28/2017 21:02] [] USER ID = 1 LOGIN SUCCESSFULLY
[ADMIN] [1/28/2017 21:02] [] ACTIVATE USER ACCESS RIGHT
[ADMIN] [1/28/2017 21:02] [] DISPLAY ADMIN FORM
[ADMIN] [1/28/2017 21:02] [] adminForm Load
[ADMIN] [1/28/2017 21:02] [] ACTIVATE USER ACCESS RIGHT
[ADMIN] [1/28/2017 21:03] [RETUR PERMINTAAN KE PUSAT] updateSomeRowsContent, PRODUCT_BASE_PRICE [11]
[ADMIN] [1/28/2017 21:03] [RETUR PERMINTAAN KE PUSAT] updateSomeRowsContent, attempt to calculate total
[ADMIN] [1/28/2017 21:03] [RETUR PEMBELIAN KE SUPPLIER] ATTEMPT TO SAVE TO LOCAL DATA FIRST
[ADMIN] [1/28/2017 21:03] [RETUR PEMBELIAN KE SUPPLIER] INSERT TO RETURN PURCHASE HEADER
[ADMIN] [1/28/2017 21:03] [RETUR PEMBELIAN KE SUPPLIER] INSERT TO RETURN PURCHASE DETAIL
[ADMIN] [1/28/2017 21:03] [RETUR PEMBELIAN KE SUPPLIER] UPDATE PRODUCT LOCATION DATA
[ADMIN] [1/28/2017 21:03] [RETUR PEMBELIAN KE SUPPLIER] UPDATE MASTER PRODUCT
[ADMIN] [1/28/2017 21:04] [PENERIMAAN BARANG] PENERIMAAN BARANG : detailGridView_CellValueChanged [productName]
[ADMIN] [1/28/2017 21:04] [PENERIMAAN BARANG] PENERIMAAN BARANG : detailGridView_CellValueChanged [productName]
[ADMIN] [1/28/2017 21:04] [PENERIMAAN BARANG] PENERIMAAN BARANG : detailGridView_CellValueChanged [productID]
[ADMIN] [1/28/2017 21:04] [PENJUALAN] CASHIER FORM : ComboBox_SelectedIndexChanged, PRODUCT_BASE_PRICE [11]
[ADMIN] [1/28/2017 21:04] [PENJUALAN] CASHIER FORM : ComboBox_SelectedIndexChanged, attempt to calculate total
[ADMIN] [1/28/2017 21:04] [PENERIMAAN BARANG] detailDataGridView_KeyDown ATTEMPT TO DELETE ROW
[ADMIN] [1/28/2017 21:04] [PURCHASE ORDER] deleteCurrentRow [0]
[ADMIN] [1/28/2017 21:04] [] USER ID = 1LOGOUT
