[] [3/19/2017 07:22] [] USER = ADMIN IS ACTIVE
[ADMIN] [3/19/2017 07:22] [] USER ID = 1 LOGIN SUCCESSFULLY
[ADMIN] [3/19/2017 07:22] [] ACTIVATE USER ACCESS RIGHT
[ADMIN] [3/19/2017 07:22] [] DISPLAY ADMIN FORM
[ADMIN] [3/19/2017 07:22] [] adminForm Load
[ADMIN] [3/19/2017 07:23] [PURCHASE ORDER] PURCHASE ORDER : detailPODataGridView_CellValueChanged [productName]
[ADMIN] [3/19/2017 07:23] [PURCHASE ORDER] PURCHASE ORDER : detailPODataGridView_CellValueChanged [productName]
[ADMIN] [3/19/2017 07:23] [] [POS SEARCH PRODUCT] D:\Project\BintangTimur\_CODE_\BintangTimur\BintangTimur\bin\Debug\PRODUCT_PHOTO\2.jpg
[ADMIN] [3/19/2017 07:23] [] [POS SEARCH PRODUCT] D:\Project\BintangTimur\_CODE_\BintangTimur\BintangTimur\bin\Debug\PRODUCT_PHOTO\3.jpg
[ADMIN] [3/19/2017 07:23] [] [POS SEARCH PRODUCT] D:\Project\BintangTimur\_CODE_\BintangTimur\BintangTimur\bin\Debug\PRODUCT_PHOTO\3.jpg
[ADMIN] [3/19/2017 07:23] [] [POS SEARCH PRODUCT] D:\Project\BintangTimur\_CODE_\BintangTimur\BintangTimur\bin\Debug\PRODUCT_PHOTO\6.jpg
[ADMIN] [3/19/2017 07:23] [PURCHASE ORDER] PURCHASE ORDER : detailPODataGridView_CellValueChanged [productID]
[ADMIN] [3/19/2017 07:23] [PURCHASE ORDER] PURCHASE ORDER : detailPODataGridView_CellValueChanged [productName]
[ADMIN] [3/19/2017 07:23] [PURCHASE ORDER] updateSomeRowsContent, PRODUCT_BASE_PRICE [70500]
[ADMIN] [3/19/2017 07:23] [PURCHASE ORDER] updateSomeRowsContent, attempt to calculate total
[ADMIN] [3/19/2017 07:23] [PURCHASE ORDER] PURCHASE ORDER : detailPODataGridView_CellValueChanged [qty]
[ADMIN] [3/19/2017 07:23] [] [POS SEARCH PRODUCT] D:\Project\BintangTimur\_CODE_\BintangTimur\BintangTimur\bin\Debug\PRODUCT_PHOTO\7.jpg
[ADMIN] [3/19/2017 07:23] [PURCHASE ORDER] PURCHASE ORDER : detailPODataGridView_CellValueChanged [qty]
[ADMIN] [3/19/2017 07:23] [PURCHASE ORDER] PURCHASE ORDER : detailPODataGridView_CellValueChanged [qty]
[ADMIN] [3/19/2017 07:23] [PURCHASE ORDER] ATTEMPT TO SAVE DATA
[ADMIN] [3/19/2017 07:23] [PURCHASE ORDER] CHECK IF TAX LIMIT SET FOR PERCENTAGE PURCHASE [0]
[ADMIN] [3/19/2017 07:23] [PURCHASE ORDER] CHECK IF TAX LIMIT SET FOR AVERAGE DAILY PURCHASE [0]
[ADMIN] [3/19/2017 07:23] [PURCHASE ORDER] NEW PURCHASE HEADER
[ADMIN] [3/19/2017 07:23] [PURCHASE ORDER] INSERT PURCHASE HEADER DATA [PO-4]
[ADMIN] [3/19/2017 07:23] [PURCHASE ORDER] INSERT DETAIL PURCHASE DATA [6', 70500, 20]
[ADMIN] [3/19/2017 07:23] [PURCHASE ORDER] PURCHASE ORDER SAVED
[ADMIN] [3/19/2017 07:23] [PURCHASE ORDER] CHECK IF TAX LIMIT SET FOR PERCENTAGE PURCHASE [0]
[ADMIN] [3/19/2017 07:23] [PURCHASE ORDER] CHECK IF TAX LIMIT SET FOR AVERAGE DAILY PURCHASE [0]
[ADMIN] [3/19/2017 07:23] [PURCHASE ORDER] UPDATE PURCHASE HEADER DATA TO INDICATE PO HAS BEEN PRINTED OUT, THEREFORE UNEDITABLE
[ADMIN] [3/19/2017 07:23] [PURCHASE ORDER] UPDATE FLAG AT PURCHASE HEADER TAX
[] [3/19/2017 07:26] [] USER = ADMIN IS ACTIVE
[ADMIN] [3/19/2017 07:26] [] USER ID = 1 LOGIN SUCCESSFULLY
[ADMIN] [3/19/2017 07:27] [] ACTIVATE USER ACCESS RIGHT
[ADMIN] [3/19/2017 07:27] [] DISPLAY ADMIN FORM
[ADMIN] [3/19/2017 07:27] [] adminForm Load
[ADMIN] [3/19/2017 07:28] [TAMBAH TRANSAKSI HARIAN] LOAD DATA TRANSAKSI
[ADMIN] [3/19/2017 07:28] [TAMBAH TRANSAKSI HARIAN] ATTEMPT TO SAVE DATA TRANSAKSI JURNAL HARIAN
[ADMIN] [3/19/2017 07:28] [TAMBAH TRANSAKSI HARIAN] DELETE DATA ON DAILY JOURNAL TABLE [12]
[ADMIN] [3/19/2017 07:28] [TAMBAH TRANSAKSI HARIAN] UPDATE DATA ON DAILY JOURNAL TABLE [13]
[ADMIN] [3/19/2017 07:28] [TAMBAH TRANSAKSI HARIAN] UPDATE DATA ON DAILY JOURNAL TABLE [14]
[ADMIN] [3/19/2017 07:28] [TAMBAH TRANSAKSI HARIAN] UPDATE DATA ON DAILY JOURNAL TABLE [15]
[ADMIN] [3/19/2017 07:28] [TAMBAH TRANSAKSI HARIAN] UPDATE DATA ON DAILY JOURNAL TABLE [16]
[ADMIN] [3/19/2017 07:28] [TAMBAH TRANSAKSI HARIAN] UPDATE DATA ON DAILY JOURNAL TABLE [17]
[ADMIN] [3/19/2017 07:28] [TAMBAH TRANSAKSI HARIAN] UPDATE DATA ON DAILY JOURNAL TABLE [18]
[ADMIN] [3/19/2017 07:28] [TAMBAH TRANSAKSI HARIAN] UPDATE DATA ON DAILY JOURNAL TABLE [19]
[ADMIN] [3/19/2017 07:28] [TAMBAH TRANSAKSI HARIAN] DELETE DATA ON DAILY JOURNAL TABLE [20]
[ADMIN] [3/19/2017 07:28] [TAMBAH TRANSAKSI HARIAN] DATA TRANSAKSI JURNAL HARIAN SAVED
[ADMIN] [3/19/2017 07:28] [TAMBAH TRANSAKSI HARIAN] LOAD DATA TRANSAKSI
[ADMIN] [3/19/2017 07:29] [] USER ID = 1LOGOUT
