[] [1/28/2017 22:17] [] USER = ADMIN IS ACTIVE
[ADMIN] [1/28/2017 22:17] [] USER ID = 1 LOGIN SUCCESSFULLY
[ADMIN] [1/28/2017 22:17] [] ACTIVATE USER ACCESS RIGHT
[ADMIN] [1/28/2017 22:17] [] DISPLAY ADMIN FORM
[ADMIN] [1/28/2017 22:17] [] adminForm Load
[ADMIN] [1/28/2017 22:17] [] ACTIVATE USER ACCESS RIGHT
[ADMIN] [1/28/2017 23:20] [PENJUALAN] CASHIER FORM : REGISTER HOTKEY
[ADMIN] [1/28/2017 23:20] [PENJUALAN] CASHIER FORM : calculateTotal
[ADMIN] [1/28/2017 23:20] [PENJUALAN] CASHIER FORM : calculateTotal [0]
[ADMIN] [1/28/2017 23:20] [PENJUALAN] CASHIER FORM : calculateTotal, totalAfterDisc [0]
[ADMIN] [1/28/2017 23:20] [PENJUALAN] CASHIER FORM : calculateChangeValue, bayarTextBox.Text [0]
[ADMIN] [1/28/2017 23:20] [PENJUALAN] CASHIER FORM : calculateChangeValue, sisaBayar [0]
[ADMIN] [1/28/2017 23:20] [PENJUALAN] CASHIER FORM : REGISTER HOTKEY
[ADMIN] [1/28/2017 23:20] [PENJUALAN] CASHIER FORM : HOTKEY TO ADD NEW ROW PRESSED
[ADMIN] [1/28/2017 23:20] [PENJUALAN] CASHIER FORM : ADD NEW ROW,  isActive [True]
[ADMIN] [1/28/2017 23:20] [PENJUALAN] CASHIER FORM : ADD NEW ROW,  ROW COUNT [0]
[ADMIN] [1/28/2017 23:20] [PENJUALAN] CASHIER FORM : ADD NEW ROW,  ALLOW TO ADD [True]
[ADMIN] [1/28/2017 23:20] [PENJUALAN] CASHIER FORM : cashierDataGridView_CellValueChanged [F8]
[ADMIN] [1/28/2017 23:20] [PENJUALAN] CASHIER FORM : cashierDataGridView_CellValueChanged [hpp]
[ADMIN] [1/28/2017 23:20] [PENJUALAN] CASHIER FORM : cashierDataGridView_CellValueChanged [productPrice]
[ADMIN] [1/28/2017 23:20] [PENJUALAN] CASHIER FORM : TextBox_TextChanged, previousInput []
[ADMIN] [1/28/2017 23:20] [PENJUALAN] CASHIER FORM : TextBox_TextChanged, dataGridViewTextBoxEditingControl.Text pass REGEX Checking
[ADMIN] [1/28/2017 23:20] [PENJUALAN] CASHIER FORM : CALCULATE SUBTOTAL
[ADMIN] [1/28/2017 23:20] [PENJUALAN] CASHIER FORM : SUBTOTAL [0]
[ADMIN] [1/28/2017 23:20] [PENJUALAN] CASHIER FORM : TextBox_TextChanged, subtotal value [0]
[ADMIN] [1/28/2017 23:20] [PENJUALAN] CASHIER FORM : TextBox_TextChanged, attempt to calculate total value
[ADMIN] [1/28/2017 23:20] [PENJUALAN] CASHIER FORM : calculateTotal
[ADMIN] [1/28/2017 23:20] [PENJUALAN] CASHIER FORM : calculateTotal [0]
[ADMIN] [1/28/2017 23:20] [PENJUALAN] CASHIER FORM : calculateTotal, totalAfterDisc [0]
[ADMIN] [1/28/2017 23:20] [PENJUALAN] CASHIER FORM : calculateChangeValue, bayarTextBox.Text [0]
[ADMIN] [1/28/2017 23:20] [PENJUALAN] CASHIER FORM : calculateChangeValue, sisaBayar [0]
[ADMIN] [1/28/2017 23:20] [PENJUALAN] CASHIER FORM : cashierDataGridView_CellValueChanged [disc1]
[ADMIN] [1/28/2017 23:20] [PENJUALAN] CASHIER FORM : TextBox_TextChanged, previousInput []
[ADMIN] [1/28/2017 23:20] [PENJUALAN] CASHIER FORM : TextBox_TextChanged, dataGridViewTextBoxEditingControl.Text pass REGEX Checking
[ADMIN] [1/28/2017 23:20] [PENJUALAN] CASHIER FORM : CALCULATE SUBTOTAL
[ADMIN] [1/28/2017 23:20] [PENJUALAN] CASHIER FORM : SUBTOTAL [0]
[ADMIN] [1/28/2017 23:20] [PENJUALAN] CASHIER FORM : TextBox_TextChanged, subtotal value [0]
[ADMIN] [1/28/2017 23:20] [PENJUALAN] CASHIER FORM : TextBox_TextChanged, attempt to calculate total value
[ADMIN] [1/28/2017 23:20] [PENJUALAN] CASHIER FORM : calculateTotal
[ADMIN] [1/28/2017 23:20] [PENJUALAN] CASHIER FORM : calculateTotal [0]
[ADMIN] [1/28/2017 23:20] [PENJUALAN] CASHIER FORM : calculateTotal, totalAfterDisc [0]
[ADMIN] [1/28/2017 23:20] [PENJUALAN] CASHIER FORM : calculateChangeValue, bayarTextBox.Text [0]
[ADMIN] [1/28/2017 23:20] [PENJUALAN] CASHIER FORM : calculateChangeValue, sisaBayar [0]
[ADMIN] [1/28/2017 23:20] [PENJUALAN] CASHIER FORM : cashierDataGridView_CellValueChanged [qty]
[ADMIN] [1/28/2017 23:20] [PENJUALAN] CASHIER FORM : TextBox_TextChanged, previousInput []
[ADMIN] [1/28/2017 23:20] [PENJUALAN] CASHIER FORM : TextBox_TextChanged, dataGridViewTextBoxEditingControl.Text pass REGEX Checking
[ADMIN] [1/28/2017 23:20] [] CHECK STOCK QTY IS ENOUGH []
[ADMIN] [1/28/2017 23:20] [PENJUALAN] CASHIER FORM : CALCULATE SUBTOTAL
[ADMIN] [1/28/2017 23:20] [PENJUALAN] CASHIER FORM : SUBTOTAL [0]
[ADMIN] [1/28/2017 23:20] [PENJUALAN] CASHIER FORM : TextBox_TextChanged, subtotal value [0]
[ADMIN] [1/28/2017 23:20] [PENJUALAN] CASHIER FORM : TextBox_TextChanged, attempt to calculate total value
[ADMIN] [1/28/2017 23:20] [PENJUALAN] CASHIER FORM : calculateTotal
[ADMIN] [1/28/2017 23:20] [PENJUALAN] CASHIER FORM : calculateTotal [0]
[ADMIN] [1/28/2017 23:20] [PENJUALAN] CASHIER FORM : calculateTotal, totalAfterDisc [0]
[ADMIN] [1/28/2017 23:20] [PENJUALAN] CASHIER FORM : calculateChangeValue, bayarTextBox.Text [0]
[ADMIN] [1/28/2017 23:20] [PENJUALAN] CASHIER FORM : calculateChangeValue, sisaBayar [0]
[ADMIN] [1/28/2017 23:20] [PENJUALAN] CASHIER FORM : cashierDataGridView_CellValueChanged [disc2]
[ADMIN] [1/28/2017 23:20] [PENJUALAN] CASHIER FORM : TextBox_TextChanged, previousInput []
[ADMIN] [1/28/2017 23:20] [PENJUALAN] CASHIER FORM : TextBox_TextChanged, dataGridViewTextBoxEditingControl.Text pass REGEX Checking
[ADMIN] [1/28/2017 23:20] [PENJUALAN] CASHIER FORM : CALCULATE SUBTOTAL
[ADMIN] [1/28/2017 23:20] [PENJUALAN] CASHIER FORM : SUBTOTAL [0]
[ADMIN] [1/28/2017 23:20] [PENJUALAN] CASHIER FORM : TextBox_TextChanged, subtotal value [0]
[ADMIN] [1/28/2017 23:20] [PENJUALAN] CASHIER FORM : TextBox_TextChanged, attempt to calculate total value
[ADMIN] [1/28/2017 23:20] [PENJUALAN] CASHIER FORM : calculateTotal
[ADMIN] [1/28/2017 23:20] [PENJUALAN] CASHIER FORM : calculateTotal [0]
[ADMIN] [1/28/2017 23:20] [PENJUALAN] CASHIER FORM : calculateTotal, totalAfterDisc [0]
[ADMIN] [1/28/2017 23:20] [PENJUALAN] CASHIER FORM : calculateChangeValue, bayarTextBox.Text [0]
[ADMIN] [1/28/2017 23:20] [PENJUALAN] CASHIER FORM : calculateChangeValue, sisaBayar [0]
[ADMIN] [1/28/2017 23:20] [PENJUALAN] CASHIER FORM : cashierDataGridView_CellValueChanged [discRP]
[ADMIN] [1/28/2017 23:20] [PENJUALAN] CASHIER FORM : TextBox_TextChanged, previousInput []
[ADMIN] [1/28/2017 23:20] [PENJUALAN] CASHIER FORM : TextBox_TextChanged, dataGridViewTextBoxEditingControl.Text pass REGEX Checking
[ADMIN] [1/28/2017 23:20] [PENJUALAN] CASHIER FORM : CALCULATE SUBTOTAL
[ADMIN] [1/28/2017 23:20] [PENJUALAN] CASHIER FORM : SUBTOTAL [0]
[ADMIN] [1/28/2017 23:20] [PENJUALAN] CASHIER FORM : TextBox_TextChanged, subtotal value [0]
[ADMIN] [1/28/2017 23:20] [PENJUALAN] CASHIER FORM : TextBox_TextChanged, attempt to calculate total value
[ADMIN] [1/28/2017 23:20] [PENJUALAN] CASHIER FORM : calculateTotal
[ADMIN] [1/28/2017 23:20] [PENJUALAN] CASHIER FORM : calculateTotal [0]
[ADMIN] [1/28/2017 23:20] [PENJUALAN] CASHIER FORM : calculateTotal, totalAfterDisc [0]
[ADMIN] [1/28/2017 23:20] [PENJUALAN] CASHIER FORM : calculateChangeValue, bayarTextBox.Text [0]
[ADMIN] [1/28/2017 23:20] [PENJUALAN] CASHIER FORM : calculateChangeValue, sisaBayar [0]
[ADMIN] [1/28/2017 23:20] [PENJUALAN] CASHIER FORM : cashierDataGridView_CellValueChanged [jumlah]
[ADMIN] [1/28/2017 23:20] [PENJUALAN] CASHIER FORM : cashierDataGridView_CellValueChanged [productName]
[ADMIN] [1/28/2017 23:20] [PENJUALAN] CASHIER FORM : cashierDataGridView_CellValueChanged [productName]
[ADMIN] [1/28/2017 23:20] [PENJUALAN] CASHIER FORM : cashierDataGridView_CellValueChanged [productName]
[ADMIN] [1/28/2017 23:20] [PENJUALAN] CASHIER FORM : cashierDataGridView_CellValueChanged [productName]
[ADMIN] [1/28/2017 23:20] [PENJUALAN] CASHIER FORM : cashierDataGridView_CellValueChanged [productID]
[ADMIN] [1/28/2017 23:20] [PENJUALAN] CASHIER FORM : PRODUCT PRICE TYPE [PRODUCT_BASE_PRICE]
[ADMIN] [1/28/2017 23:20] [PENJUALAN] CASHIER FORM : PRODUCT PRICE [11]
[ADMIN] [1/28/2017 23:20] [PENJUALAN] CASHIER FORM : ComboBox_SelectedIndexChanged, PRODUCT_BASE_PRICE [11]
[ADMIN] [1/28/2017 23:20] [PENJUALAN] CASHIER FORM : cashierDataGridView_CellValueChanged [hpp]
[ADMIN] [1/28/2017 23:20] [PENJUALAN] CASHIER FORM : PRODUCT PRICE TYPE [PRODUCT_RETAIL_PRICE]
[ADMIN] [1/28/2017 23:20] [PENJUALAN] CASHIER FORM : PRODUCT PRICE [11]
[ADMIN] [1/28/2017 23:20] [PENJUALAN] CASHIER FORM : ComboBox_SelectedIndexChanged, PRODUCT_SALES_PRICE [11]
[ADMIN] [1/28/2017 23:20] [PENJUALAN] CASHIER FORM : cashierDataGridView_CellValueChanged [productPrice]
[ADMIN] [1/28/2017 23:20] [PENJUALAN] CASHIER FORM : TextBox_TextChanged, previousInput []
[ADMIN] [1/28/2017 23:20] [PENJUALAN] CASHIER FORM : TextBox_TextChanged, dataGridViewTextBoxEditingControl.Text pass REGEX Checking
[ADMIN] [1/28/2017 23:20] [PENJUALAN] CASHIER FORM : CALCULATE SUBTOTAL
[ADMIN] [1/28/2017 23:20] [PENJUALAN] CASHIER FORM : SUBTOTAL [0]
[ADMIN] [1/28/2017 23:20] [PENJUALAN] CASHIER FORM : TextBox_TextChanged, subtotal value [0]
[ADMIN] [1/28/2017 23:20] [PENJUALAN] CASHIER FORM : TextBox_TextChanged, attempt to calculate total value
[ADMIN] [1/28/2017 23:20] [PENJUALAN] CASHIER FORM : calculateTotal
[ADMIN] [1/28/2017 23:20] [PENJUALAN] CASHIER FORM : calculateTotal [0]
[ADMIN] [1/28/2017 23:20] [PENJUALAN] CASHIER FORM : calculateTotal, totalAfterDisc [0]
[ADMIN] [1/28/2017 23:20] [PENJUALAN] CASHIER FORM : calculateChangeValue, bayarTextBox.Text [0]
[ADMIN] [1/28/2017 23:20] [PENJUALAN] CASHIER FORM : calculateChangeValue, sisaBayar [0]
[ADMIN] [1/28/2017 23:20] [PENJUALAN] CASHIER FORM : cashierDataGridView_CellValueChanged [qty]
[ADMIN] [1/28/2017 23:20] [PENJUALAN] CASHIER FORM : TextBox_TextChanged, previousInput []
[ADMIN] [1/28/2017 23:20] [PENJUALAN] CASHIER FORM : TextBox_TextChanged, dataGridViewTextBoxEditingControl.Text pass REGEX Checking
[ADMIN] [1/28/2017 23:20] [] CHECK STOCK QTY IS ENOUGH [105]
[ADMIN] [1/28/2017 23:20] [] CHECK STOCK QTY IS ENOUGH [43, 0]
[ADMIN] [1/28/2017 23:20] [PENJUALAN] CASHIER FORM : CALCULATE SUBTOTAL
[ADMIN] [1/28/2017 23:20] [PENJUALAN] CASHIER FORM : SUBTOTAL [0]
[ADMIN] [1/28/2017 23:20] [PENJUALAN] CASHIER FORM : TextBox_TextChanged, subtotal value [0]
[ADMIN] [1/28/2017 23:20] [PENJUALAN] CASHIER FORM : TextBox_TextChanged, attempt to calculate total value
[ADMIN] [1/28/2017 23:20] [PENJUALAN] CASHIER FORM : calculateTotal
[ADMIN] [1/28/2017 23:20] [PENJUALAN] CASHIER FORM : calculateTotal [0]
[ADMIN] [1/28/2017 23:20] [PENJUALAN] CASHIER FORM : calculateTotal, totalAfterDisc [0]
[ADMIN] [1/28/2017 23:20] [PENJUALAN] CASHIER FORM : calculateChangeValue, bayarTextBox.Text [0]
[ADMIN] [1/28/2017 23:20] [PENJUALAN] CASHIER FORM : calculateChangeValue, sisaBayar [0]
[ADMIN] [1/28/2017 23:20] [PENJUALAN] CASHIER FORM : cashierDataGridView_CellValueChanged [jumlah]
[ADMIN] [1/28/2017 23:20] [PENJUALAN] CASHIER FORM : ComboBox_SelectedIndexChanged, attempt to calculate total
[ADMIN] [1/28/2017 23:20] [PENJUALAN] CASHIER FORM : calculateTotal
[ADMIN] [1/28/2017 23:20] [PENJUALAN] CASHIER FORM : calculateTotal [0]
[ADMIN] [1/28/2017 23:20] [PENJUALAN] CASHIER FORM : calculateTotal, totalAfterDisc [0]
[ADMIN] [1/28/2017 23:20] [PENJUALAN] CASHIER FORM : calculateChangeValue, bayarTextBox.Text [0]
[ADMIN] [1/28/2017 23:20] [PENJUALAN] CASHIER FORM : calculateChangeValue, sisaBayar [0]
[ADMIN] [1/28/2017 23:20] [PENJUALAN] CASHIER FORM : cashierDataGridView_CellValueChanged [qty]
[ADMIN] [1/28/2017 23:20] [PENJUALAN] CASHIER FORM : TextBox_TextChanged, previousInput []
[ADMIN] [1/28/2017 23:20] [PENJUALAN] CASHIER FORM : TextBox_TextChanged, dataGridViewTextBoxEditingControl.Text pass REGEX Checking
[ADMIN] [1/28/2017 23:20] [] CHECK STOCK QTY IS ENOUGH [105]
[ADMIN] [1/28/2017 23:20] [] CHECK STOCK QTY IS ENOUGH [43, 2]
[ADMIN] [1/28/2017 23:20] [PENJUALAN] CASHIER FORM : CALCULATE SUBTOTAL
[ADMIN] [1/28/2017 23:20] [PENJUALAN] CASHIER FORM : SUBTOTAL [22]
[ADMIN] [1/28/2017 23:20] [PENJUALAN] CASHIER FORM : TextBox_TextChanged, subtotal value [22]
[ADMIN] [1/28/2017 23:20] [PENJUALAN] CASHIER FORM : TextBox_TextChanged, attempt to calculate total value
[ADMIN] [1/28/2017 23:20] [PENJUALAN] CASHIER FORM : calculateTotal
[ADMIN] [1/28/2017 23:20] [PENJUALAN] CASHIER FORM : calculateTotal [22]
[ADMIN] [1/28/2017 23:20] [PENJUALAN] CASHIER FORM : calculateTotal, totalAfterDisc [22]
[ADMIN] [1/28/2017 23:20] [PENJUALAN] CASHIER FORM : calculateChangeValue, bayarTextBox.Text [0]
[ADMIN] [1/28/2017 23:20] [PENJUALAN] CASHIER FORM : calculateChangeValue, sisaBayar [0]
[ADMIN] [1/28/2017 23:20] [PENJUALAN] CASHIER FORM : cashierDataGridView_CellValueChanged [qty]
[ADMIN] [1/28/2017 23:20] [PENJUALAN] CASHIER FORM : TextBox_TextChanged, previousInput []
[ADMIN] [1/28/2017 23:20] [PENJUALAN] CASHIER FORM : TextBox_TextChanged, dataGridViewTextBoxEditingControl.Text pass REGEX Checking
[ADMIN] [1/28/2017 23:20] [] CHECK STOCK QTY IS ENOUGH [105]
[ADMIN] [1/28/2017 23:20] [] CHECK STOCK QTY IS ENOUGH [43, 22]
[ADMIN] [1/28/2017 23:20] [PENJUALAN] CASHIER FORM : CALCULATE SUBTOTAL
[ADMIN] [1/28/2017 23:20] [PENJUALAN] CASHIER FORM : SUBTOTAL [242]
[ADMIN] [1/28/2017 23:20] [PENJUALAN] CASHIER FORM : TextBox_TextChanged, subtotal value [242]
[ADMIN] [1/28/2017 23:20] [PENJUALAN] CASHIER FORM : TextBox_TextChanged, attempt to calculate total value
[ADMIN] [1/28/2017 23:20] [PENJUALAN] CASHIER FORM : calculateTotal
[ADMIN] [1/28/2017 23:20] [PENJUALAN] CASHIER FORM : calculateTotal [242]
[ADMIN] [1/28/2017 23:20] [PENJUALAN] CASHIER FORM : calculateTotal, totalAfterDisc [242]
[ADMIN] [1/28/2017 23:20] [PENJUALAN] CASHIER FORM : calculateChangeValue, bayarTextBox.Text [0]
[ADMIN] [1/28/2017 23:20] [PENJUALAN] CASHIER FORM : calculateChangeValue, sisaBayar [0]
[ADMIN] [1/28/2017 23:20] [PENJUALAN] CASHIER FORM : cashierDataGridView_CellValueChanged [qty]
[ADMIN] [1/28/2017 23:20] [PENJUALAN] CASHIER FORM : TextBox_TextChanged, previousInput []
[ADMIN] [1/28/2017 23:20] [PENJUALAN] CASHIER FORM : TextBox_TextChanged, dataGridViewTextBoxEditingControl.Text did not pass REGEX Checking
[ADMIN] [1/28/2017 23:20] [PENJUALAN] CASHIER FORM : cashierDataGridView_CellValueChanged [productPrice]
[ADMIN] [1/28/2017 23:20] [PENJUALAN] CASHIER FORM : TextBox_TextChanged, previousInput []
[ADMIN] [1/28/2017 23:20] [PENJUALAN] CASHIER FORM : TextBox_TextChanged, dataGridViewTextBoxEditingControl.Text did not pass REGEX Checking
[ADMIN] [1/28/2017 23:20] [PENJUALAN] CASHIER FORM : cashierDataGridView_CellValueChanged [productPrice]
[ADMIN] [1/28/2017 23:20] [PENJUALAN] CASHIER FORM : TextBox_TextChanged, previousInput []
[ADMIN] [1/28/2017 23:20] [PENJUALAN] CASHIER FORM : TextBox_TextChanged, dataGridViewTextBoxEditingControl.Text did not pass REGEX Checking
[ADMIN] [1/28/2017 23:20] [PENJUALAN] CASHIER FORM : cashierDataGridView_CellValueChanged [productPrice]
[ADMIN] [1/28/2017 23:20] [PENJUALAN] CASHIER FORM : TextBox_TextChanged, previousInput []
[ADMIN] [1/28/2017 23:20] [PENJUALAN] CASHIER FORM : TextBox_TextChanged, dataGridViewTextBoxEditingControl.Text did not pass REGEX Checking
[ADMIN] [1/28/2017 23:20] [PENJUALAN] CASHIER FORM : UNREGISTER HOTKEY
[ADMIN] [1/28/2017 23:20] [PENJUALAN] CASHIER FORM : REGISTER HOTKEY
[ADMIN] [1/28/2017 23:20] [PENJUALAN] CASHIER FORM : cashierDataGridView_KeyDown ATTEMPT TO DELETE ROW
[ADMIN] [1/28/2017 23:20] [PENJUALAN] CASHIER FORM : deleteCurrentRow [0]
[ADMIN] [1/28/2017 23:20] [PENJUALAN] CASHIER FORM : UPDATE ROW NUMBER, TOTAL ROW [0]
[ADMIN] [1/28/2017 23:20] [PENJUALAN] CASHIER FORM : calculateTotal
[ADMIN] [1/28/2017 23:20] [PENJUALAN] CASHIER FORM : calculateTotal [0]
[ADMIN] [1/28/2017 23:20] [PENJUALAN] CASHIER FORM : calculateTotal, totalAfterDisc [0]
[ADMIN] [1/28/2017 23:20] [PENJUALAN] CASHIER FORM : calculateChangeValue, bayarTextBox.Text [0]
[ADMIN] [1/28/2017 23:20] [PENJUALAN] CASHIER FORM : calculateChangeValue, sisaBayar [0]
[ADMIN] [1/28/2017 23:21] [PENJUALAN] CASHIER FORM : UNREGISTER HOTKEY
[ADMIN] [1/28/2017 23:21] [PENJUALAN] CASHIER FORM : REGISTER HOTKEY
[ADMIN] [1/28/2017 23:21] [PENJUALAN] CASHIER FORM : UNREGISTER HOTKEY
[ADMIN] [1/28/2017 23:21] [PENJUALAN] CASHIER FORM : REGISTER HOTKEY
[ADMIN] [1/28/2017 23:21] [PENJUALAN] CASHIER FORM : UNREGISTER HOTKEY
[ADMIN] [1/28/2017 23:21] [PENJUALAN] CASHIER FORM : REGISTER HOTKEY
[ADMIN] [1/28/2017 23:21] [PENJUALAN] CASHIER FORM : UNREGISTER HOTKEY
[ADMIN] [1/28/2017 23:21] [PENJUALAN] CASHIER FORM : REGISTER HOTKEY
[ADMIN] [1/28/2017 23:21] [PENJUALAN] CASHIER FORM : UNREGISTER HOTKEY
[ADMIN] [1/28/2017 23:21] [PENJUALAN] CASHIER FORM : REGISTER HOTKEY
[ADMIN] [1/28/2017 23:21] [PENJUALAN] CASHIER FORM : HOTKEY TO ADD NEW ROW PRESSED
[ADMIN] [1/28/2017 23:21] [PENJUALAN] CASHIER FORM : ADD NEW ROW,  isActive [True]
[ADMIN] [1/28/2017 23:21] [PENJUALAN] CASHIER FORM : ADD NEW ROW,  ROW COUNT [0]
[ADMIN] [1/28/2017 23:21] [PENJUALAN] CASHIER FORM : ADD NEW ROW,  ALLOW TO ADD [True]
[ADMIN] [1/28/2017 23:21] [PENJUALAN] CASHIER FORM : cashierDataGridView_CellValueChanged [F8]
[ADMIN] [1/28/2017 23:21] [PENJUALAN] CASHIER FORM : cashierDataGridView_CellValueChanged [hpp]
[ADMIN] [1/28/2017 23:21] [PENJUALAN] CASHIER FORM : cashierDataGridView_CellValueChanged [productPrice]
[ADMIN] [1/28/2017 23:21] [PENJUALAN] CASHIER FORM : TextBox_TextChanged, previousInput []
[ADMIN] [1/28/2017 23:21] [PENJUALAN] CASHIER FORM : TextBox_TextChanged, dataGridViewTextBoxEditingControl.Text pass REGEX Checking
[ADMIN] [1/28/2017 23:21] [PENJUALAN] CASHIER FORM : CALCULATE SUBTOTAL
[ADMIN] [1/28/2017 23:21] [PENJUALAN] CASHIER FORM : SUBTOTAL [0]
[ADMIN] [1/28/2017 23:21] [PENJUALAN] CASHIER FORM : TextBox_TextChanged, subtotal value [0]
[ADMIN] [1/28/2017 23:21] [PENJUALAN] CASHIER FORM : TextBox_TextChanged, attempt to calculate total value
[ADMIN] [1/28/2017 23:21] [PENJUALAN] CASHIER FORM : calculateTotal
[ADMIN] [1/28/2017 23:21] [PENJUALAN] CASHIER FORM : calculateTotal [0]
[ADMIN] [1/28/2017 23:21] [PENJUALAN] CASHIER FORM : calculateTotal, totalAfterDisc [0]
[ADMIN] [1/28/2017 23:21] [PENJUALAN] CASHIER FORM : calculateChangeValue, bayarTextBox.Text [0]
[ADMIN] [1/28/2017 23:21] [PENJUALAN] CASHIER FORM : calculateChangeValue, sisaBayar [0]
[ADMIN] [1/28/2017 23:21] [PENJUALAN] CASHIER FORM : cashierDataGridView_CellValueChanged [disc1]
[ADMIN] [1/28/2017 23:21] [PENJUALAN] CASHIER FORM : TextBox_TextChanged, previousInput []
[ADMIN] [1/28/2017 23:21] [PENJUALAN] CASHIER FORM : TextBox_TextChanged, dataGridViewTextBoxEditingControl.Text pass REGEX Checking
[ADMIN] [1/28/2017 23:21] [PENJUALAN] CASHIER FORM : CALCULATE SUBTOTAL
[ADMIN] [1/28/2017 23:21] [PENJUALAN] CASHIER FORM : SUBTOTAL [0]
[ADMIN] [1/28/2017 23:21] [PENJUALAN] CASHIER FORM : TextBox_TextChanged, subtotal value [0]
[ADMIN] [1/28/2017 23:21] [PENJUALAN] CASHIER FORM : TextBox_TextChanged, attempt to calculate total value
[ADMIN] [1/28/2017 23:21] [PENJUALAN] CASHIER FORM : calculateTotal
[ADMIN] [1/28/2017 23:21] [PENJUALAN] CASHIER FORM : calculateTotal [0]
[ADMIN] [1/28/2017 23:21] [PENJUALAN] CASHIER FORM : calculateTotal, totalAfterDisc [0]
[ADMIN] [1/28/2017 23:21] [PENJUALAN] CASHIER FORM : calculateChangeValue, bayarTextBox.Text [0]
[ADMIN] [1/28/2017 23:21] [PENJUALAN] CASHIER FORM : calculateChangeValue, sisaBayar [0]
[ADMIN] [1/28/2017 23:21] [PENJUALAN] CASHIER FORM : cashierDataGridView_CellValueChanged [qty]
[ADMIN] [1/28/2017 23:21] [PENJUALAN] CASHIER FORM : TextBox_TextChanged, previousInput []
[ADMIN] [1/28/2017 23:21] [PENJUALAN] CASHIER FORM : TextBox_TextChanged, dataGridViewTextBoxEditingControl.Text pass REGEX Checking
[ADMIN] [1/28/2017 23:21] [] CHECK STOCK QTY IS ENOUGH []
[ADMIN] [1/28/2017 23:21] [PENJUALAN] CASHIER FORM : CALCULATE SUBTOTAL
[ADMIN] [1/28/2017 23:21] [PENJUALAN] CASHIER FORM : SUBTOTAL [0]
[ADMIN] [1/28/2017 23:21] [PENJUALAN] CASHIER FORM : TextBox_TextChanged, subtotal value [0]
[ADMIN] [1/28/2017 23:21] [PENJUALAN] CASHIER FORM : TextBox_TextChanged, attempt to calculate total value
[ADMIN] [1/28/2017 23:21] [PENJUALAN] CASHIER FORM : calculateTotal
[ADMIN] [1/28/2017 23:21] [PENJUALAN] CASHIER FORM : calculateTotal [0]
[ADMIN] [1/28/2017 23:21] [PENJUALAN] CASHIER FORM : calculateTotal, totalAfterDisc [0]
[ADMIN] [1/28/2017 23:21] [PENJUALAN] CASHIER FORM : calculateChangeValue, bayarTextBox.Text [0]
[ADMIN] [1/28/2017 23:21] [PENJUALAN] CASHIER FORM : calculateChangeValue, sisaBayar [0]
[ADMIN] [1/28/2017 23:21] [PENJUALAN] CASHIER FORM : cashierDataGridView_CellValueChanged [disc2]
[ADMIN] [1/28/2017 23:21] [PENJUALAN] CASHIER FORM : TextBox_TextChanged, previousInput []
[ADMIN] [1/28/2017 23:21] [PENJUALAN] CASHIER FORM : TextBox_TextChanged, dataGridViewTextBoxEditingControl.Text pass REGEX Checking
[ADMIN] [1/28/2017 23:21] [PENJUALAN] CASHIER FORM : CALCULATE SUBTOTAL
[ADMIN] [1/28/2017 23:21] [PENJUALAN] CASHIER FORM : SUBTOTAL [0]
[ADMIN] [1/28/2017 23:21] [PENJUALAN] CASHIER FORM : TextBox_TextChanged, subtotal value [0]
[ADMIN] [1/28/2017 23:21] [PENJUALAN] CASHIER FORM : TextBox_TextChanged, attempt to calculate total value
[ADMIN] [1/28/2017 23:21] [PENJUALAN] CASHIER FORM : calculateTotal
[ADMIN] [1/28/2017 23:21] [PENJUALAN] CASHIER FORM : calculateTotal [0]
[ADMIN] [1/28/2017 23:21] [PENJUALAN] CASHIER FORM : calculateTotal, totalAfterDisc [0]
[ADMIN] [1/28/2017 23:21] [PENJUALAN] CASHIER FORM : calculateChangeValue, bayarTextBox.Text [0]
[ADMIN] [1/28/2017 23:21] [PENJUALAN] CASHIER FORM : calculateChangeValue, sisaBayar [0]
[ADMIN] [1/28/2017 23:21] [PENJUALAN] CASHIER FORM : cashierDataGridView_CellValueChanged [discRP]
[ADMIN] [1/28/2017 23:21] [PENJUALAN] CASHIER FORM : TextBox_TextChanged, previousInput []
[ADMIN] [1/28/2017 23:21] [PENJUALAN] CASHIER FORM : TextBox_TextChanged, dataGridViewTextBoxEditingControl.Text pass REGEX Checking
[ADMIN] [1/28/2017 23:21] [PENJUALAN] CASHIER FORM : CALCULATE SUBTOTAL
[ADMIN] [1/28/2017 23:21] [PENJUALAN] CASHIER FORM : SUBTOTAL [0]
[ADMIN] [1/28/2017 23:21] [PENJUALAN] CASHIER FORM : TextBox_TextChanged, subtotal value [0]
[ADMIN] [1/28/2017 23:21] [PENJUALAN] CASHIER FORM : TextBox_TextChanged, attempt to calculate total value
[ADMIN] [1/28/2017 23:21] [PENJUALAN] CASHIER FORM : calculateTotal
[ADMIN] [1/28/2017 23:21] [PENJUALAN] CASHIER FORM : calculateTotal [0]
[ADMIN] [1/28/2017 23:21] [PENJUALAN] CASHIER FORM : calculateTotal, totalAfterDisc [0]
[ADMIN] [1/28/2017 23:21] [PENJUALAN] CASHIER FORM : calculateChangeValue, bayarTextBox.Text [0]
[ADMIN] [1/28/2017 23:21] [PENJUALAN] CASHIER FORM : calculateChangeValue, sisaBayar [0]
[ADMIN] [1/28/2017 23:21] [PENJUALAN] CASHIER FORM : cashierDataGridView_CellValueChanged [jumlah]
[ADMIN] [1/28/2017 23:21] [PENJUALAN] CASHIER FORM : cashierDataGridView_CellValueChanged [productName]
[ADMIN] [1/28/2017 23:21] [PENJUALAN] CASHIER FORM : cashierDataGridView_CellValueChanged [productName]
[ADMIN] [1/28/2017 23:21] [PENJUALAN] CASHIER FORM : cashierDataGridView_CellValueChanged [productName]
[ADMIN] [1/28/2017 23:21] [PENJUALAN] CASHIER FORM : cashierDataGridView_CellValueChanged [productName]
[ADMIN] [1/28/2017 23:21] [PENJUALAN] CASHIER FORM : cashierDataGridView_CellValueChanged [productID]
[ADMIN] [1/28/2017 23:21] [PENJUALAN] CASHIER FORM : PRODUCT PRICE TYPE [PRODUCT_BASE_PRICE]
[ADMIN] [1/28/2017 23:21] [PENJUALAN] CASHIER FORM : PRODUCT PRICE [11]
[ADMIN] [1/28/2017 23:21] [PENJUALAN] CASHIER FORM : ComboBox_SelectedIndexChanged, PRODUCT_BASE_PRICE [11]
[ADMIN] [1/28/2017 23:21] [PENJUALAN] CASHIER FORM : cashierDataGridView_CellValueChanged [hpp]
[ADMIN] [1/28/2017 23:21] [PENJUALAN] CASHIER FORM : PRODUCT PRICE TYPE [PRODUCT_RETAIL_PRICE]
[ADMIN] [1/28/2017 23:21] [PENJUALAN] CASHIER FORM : PRODUCT PRICE [11]
[ADMIN] [1/28/2017 23:21] [PENJUALAN] CASHIER FORM : ComboBox_SelectedIndexChanged, PRODUCT_SALES_PRICE [11]
[ADMIN] [1/28/2017 23:21] [PENJUALAN] CASHIER FORM : cashierDataGridView_CellValueChanged [productPrice]
[ADMIN] [1/28/2017 23:21] [PENJUALAN] CASHIER FORM : TextBox_TextChanged, previousInput []
[ADMIN] [1/28/2017 23:21] [PENJUALAN] CASHIER FORM : TextBox_TextChanged, dataGridViewTextBoxEditingControl.Text pass REGEX Checking
[ADMIN] [1/28/2017 23:21] [PENJUALAN] CASHIER FORM : CALCULATE SUBTOTAL
[ADMIN] [1/28/2017 23:21] [PENJUALAN] CASHIER FORM : SUBTOTAL [0]
[ADMIN] [1/28/2017 23:21] [PENJUALAN] CASHIER FORM : TextBox_TextChanged, subtotal value [0]
[ADMIN] [1/28/2017 23:21] [PENJUALAN] CASHIER FORM : TextBox_TextChanged, attempt to calculate total value
[ADMIN] [1/28/2017 23:21] [PENJUALAN] CASHIER FORM : calculateTotal
[ADMIN] [1/28/2017 23:21] [PENJUALAN] CASHIER FORM : calculateTotal [0]
[ADMIN] [1/28/2017 23:21] [PENJUALAN] CASHIER FORM : calculateTotal, totalAfterDisc [0]
[ADMIN] [1/28/2017 23:21] [PENJUALAN] CASHIER FORM : calculateChangeValue, bayarTextBox.Text [0]
[ADMIN] [1/28/2017 23:21] [PENJUALAN] CASHIER FORM : calculateChangeValue, sisaBayar [0]
[ADMIN] [1/28/2017 23:21] [PENJUALAN] CASHIER FORM : cashierDataGridView_CellValueChanged [qty]
[ADMIN] [1/28/2017 23:21] [PENJUALAN] CASHIER FORM : TextBox_TextChanged, previousInput []
[ADMIN] [1/28/2017 23:21] [PENJUALAN] CASHIER FORM : TextBox_TextChanged, dataGridViewTextBoxEditingControl.Text pass REGEX Checking
[ADMIN] [1/28/2017 23:21] [] CHECK STOCK QTY IS ENOUGH [105]
[ADMIN] [1/28/2017 23:21] [] CHECK STOCK QTY IS ENOUGH [43, 0]
[ADMIN] [1/28/2017 23:21] [PENJUALAN] CASHIER FORM : CALCULATE SUBTOTAL
[ADMIN] [1/28/2017 23:21] [PENJUALAN] CASHIER FORM : SUBTOTAL [0]
[ADMIN] [1/28/2017 23:21] [PENJUALAN] CASHIER FORM : TextBox_TextChanged, subtotal value [0]
[ADMIN] [1/28/2017 23:21] [PENJUALAN] CASHIER FORM : TextBox_TextChanged, attempt to calculate total value
[ADMIN] [1/28/2017 23:21] [PENJUALAN] CASHIER FORM : calculateTotal
[ADMIN] [1/28/2017 23:21] [PENJUALAN] CASHIER FORM : calculateTotal [0]
[ADMIN] [1/28/2017 23:21] [PENJUALAN] CASHIER FORM : calculateTotal, totalAfterDisc [0]
[ADMIN] [1/28/2017 23:21] [PENJUALAN] CASHIER FORM : calculateChangeValue, bayarTextBox.Text [0]
[ADMIN] [1/28/2017 23:21] [PENJUALAN] CASHIER FORM : calculateChangeValue, sisaBayar [0]
[ADMIN] [1/28/2017 23:21] [PENJUALAN] CASHIER FORM : cashierDataGridView_CellValueChanged [jumlah]
[ADMIN] [1/28/2017 23:21] [PENJUALAN] CASHIER FORM : ComboBox_SelectedIndexChanged, attempt to calculate total
[ADMIN] [1/28/2017 23:21] [PENJUALAN] CASHIER FORM : calculateTotal
[ADMIN] [1/28/2017 23:21] [PENJUALAN] CASHIER FORM : calculateTotal [0]
[ADMIN] [1/28/2017 23:21] [PENJUALAN] CASHIER FORM : calculateTotal, totalAfterDisc [0]
[ADMIN] [1/28/2017 23:21] [PENJUALAN] CASHIER FORM : calculateChangeValue, bayarTextBox.Text [0]
[ADMIN] [1/28/2017 23:21] [PENJUALAN] CASHIER FORM : calculateChangeValue, sisaBayar [0]
[ADMIN] [1/28/2017 23:21] [PENJUALAN] CASHIER FORM : cashierDataGridView_CellValueChanged [qty]
[ADMIN] [1/28/2017 23:21] [PENJUALAN] CASHIER FORM : TextBox_TextChanged, previousInput []
[ADMIN] [1/28/2017 23:21] [PENJUALAN] CASHIER FORM : TextBox_TextChanged, dataGridViewTextBoxEditingControl.Text pass REGEX Checking
[ADMIN] [1/28/2017 23:21] [] CHECK STOCK QTY IS ENOUGH [105]
[ADMIN] [1/28/2017 23:21] [] CHECK STOCK QTY IS ENOUGH [43, 2]
[ADMIN] [1/28/2017 23:21] [PENJUALAN] CASHIER FORM : CALCULATE SUBTOTAL
[ADMIN] [1/28/2017 23:21] [PENJUALAN] CASHIER FORM : SUBTOTAL [22]
[ADMIN] [1/28/2017 23:21] [PENJUALAN] CASHIER FORM : TextBox_TextChanged, subtotal value [22]
[ADMIN] [1/28/2017 23:21] [PENJUALAN] CASHIER FORM : TextBox_TextChanged, attempt to calculate total value
[ADMIN] [1/28/2017 23:21] [PENJUALAN] CASHIER FORM : calculateTotal
[ADMIN] [1/28/2017 23:21] [PENJUALAN] CASHIER FORM : calculateTotal [22]
[ADMIN] [1/28/2017 23:21] [PENJUALAN] CASHIER FORM : calculateTotal, totalAfterDisc [22]
[ADMIN] [1/28/2017 23:21] [PENJUALAN] CASHIER FORM : calculateChangeValue, bayarTextBox.Text [0]
[ADMIN] [1/28/2017 23:21] [PENJUALAN] CASHIER FORM : calculateChangeValue, sisaBayar [0]
[ADMIN] [1/28/2017 23:21] [PENJUALAN] CASHIER FORM : cashierDataGridView_CellValueChanged [qty]
[ADMIN] [1/28/2017 23:21] [PENJUALAN] CASHIER FORM : TextBox_TextChanged, previousInput []
[ADMIN] [1/28/2017 23:21] [PENJUALAN] CASHIER FORM : TextBox_TextChanged, dataGridViewTextBoxEditingControl.Text pass REGEX Checking
[ADMIN] [1/28/2017 23:21] [] CHECK STOCK QTY IS ENOUGH [105]
[ADMIN] [1/28/2017 23:21] [] CHECK STOCK QTY IS ENOUGH [43, 21]
[ADMIN] [1/28/2017 23:21] [PENJUALAN] CASHIER FORM : CALCULATE SUBTOTAL
[ADMIN] [1/28/2017 23:21] [PENJUALAN] CASHIER FORM : SUBTOTAL [231]
[ADMIN] [1/28/2017 23:21] [PENJUALAN] CASHIER FORM : TextBox_TextChanged, subtotal value [231]
[ADMIN] [1/28/2017 23:21] [PENJUALAN] CASHIER FORM : TextBox_TextChanged, attempt to calculate total value
[ADMIN] [1/28/2017 23:21] [PENJUALAN] CASHIER FORM : calculateTotal
[ADMIN] [1/28/2017 23:21] [PENJUALAN] CASHIER FORM : calculateTotal [231]
[ADMIN] [1/28/2017 23:21] [PENJUALAN] CASHIER FORM : calculateTotal, totalAfterDisc [231]
[ADMIN] [1/28/2017 23:21] [PENJUALAN] CASHIER FORM : calculateChangeValue, bayarTextBox.Text [0]
[ADMIN] [1/28/2017 23:21] [PENJUALAN] CASHIER FORM : calculateChangeValue, sisaBayar [0]
[ADMIN] [1/28/2017 23:21] [PENJUALAN] CASHIER FORM : cashierDataGridView_CellValueChanged [qty]
[ADMIN] [1/28/2017 23:21] [PENJUALAN] CASHIER FORM : TextBox_TextChanged, previousInput []
[ADMIN] [1/28/2017 23:21] [PENJUALAN] CASHIER FORM : TextBox_TextChanged, dataGridViewTextBoxEditingControl.Text did not pass REGEX Checking
[ADMIN] [1/28/2017 23:21] [PENJUALAN] CASHIER FORM : cashierDataGridView_CellValueChanged [qty]
[ADMIN] [1/28/2017 23:21] [PENJUALAN] CASHIER FORM : TextBox_TextChanged, previousInput []
[ADMIN] [1/28/2017 23:21] [PENJUALAN] CASHIER FORM : TextBox_TextChanged, dataGridViewTextBoxEditingControl.Text pass REGEX Checking
[ADMIN] [1/28/2017 23:21] [] CHECK STOCK QTY IS ENOUGH [105]
[ADMIN] [1/28/2017 23:21] [] CHECK STOCK QTY IS ENOUGH [43, 21]
[ADMIN] [1/28/2017 23:21] [PENJUALAN] CASHIER FORM : CALCULATE SUBTOTAL
[ADMIN] [1/28/2017 23:21] [PENJUALAN] CASHIER FORM : SUBTOTAL [231]
[ADMIN] [1/28/2017 23:21] [PENJUALAN] CASHIER FORM : TextBox_TextChanged, subtotal value [231]
[ADMIN] [1/28/2017 23:21] [PENJUALAN] CASHIER FORM : TextBox_TextChanged, attempt to calculate total value
[ADMIN] [1/28/2017 23:21] [PENJUALAN] CASHIER FORM : calculateTotal
[ADMIN] [1/28/2017 23:21] [PENJUALAN] CASHIER FORM : calculateTotal [231]
[ADMIN] [1/28/2017 23:21] [PENJUALAN] CASHIER FORM : calculateTotal, totalAfterDisc [231]
[ADMIN] [1/28/2017 23:21] [PENJUALAN] CASHIER FORM : calculateChangeValue, bayarTextBox.Text [0]
[ADMIN] [1/28/2017 23:21] [PENJUALAN] CASHIER FORM : calculateChangeValue, sisaBayar [0]
[ADMIN] [1/28/2017 23:21] [PENJUALAN] CASHIER FORM : cashierDataGridView_CellValueChanged [productPrice]
[ADMIN] [1/28/2017 23:21] [PENJUALAN] CASHIER FORM : TextBox_TextChanged, previousInput []
[ADMIN] [1/28/2017 23:21] [PENJUALAN] CASHIER FORM : TextBox_TextChanged, dataGridViewTextBoxEditingControl.Text did not pass REGEX Checking
[ADMIN] [1/28/2017 23:21] [PENJUALAN] CASHIER FORM : cashierDataGridView_CellValueChanged [productPrice]
[ADMIN] [1/28/2017 23:21] [PENJUALAN] CASHIER FORM : TextBox_TextChanged, previousInput []
[ADMIN] [1/28/2017 23:21] [PENJUALAN] CASHIER FORM : TextBox_TextChanged, dataGridViewTextBoxEditingControl.Text did not pass REGEX Checking
[ADMIN] [1/28/2017 23:21] [PENJUALAN] CASHIER FORM : cashierDataGridView_CellValueChanged [productPrice]
[ADMIN] [1/28/2017 23:21] [PENJUALAN] CASHIER FORM : TextBox_TextChanged, previousInput []
[ADMIN] [1/28/2017 23:21] [PENJUALAN] CASHIER FORM : TextBox_TextChanged, dataGridViewTextBoxEditingControl.Text did not pass REGEX Checking
[ADMIN] [1/28/2017 23:21] [PENJUALAN] CASHIER FORM : cashierDataGridView_CellValueChanged [productPrice]
[ADMIN] [1/28/2017 23:21] [PENJUALAN] CASHIER FORM : TextBox_TextChanged, previousInput []
[ADMIN] [1/28/2017 23:21] [PENJUALAN] CASHIER FORM : TextBox_TextChanged, dataGridViewTextBoxEditingControl.Text did not pass REGEX Checking
[ADMIN] [1/28/2017 23:21] [PENJUALAN] CASHIER FORM : HOTKEY TO SAVE AND PRINT OUT INVOICE PRESSED
[ADMIN] [1/28/2017 23:21] [PENJUALAN] CASHIER FORM : UNREGISTER HOTKEY
[ADMIN] [1/28/2017 23:21] [PENJUALAN] CASHIER FORM : REGISTER HOTKEY
[ADMIN] [1/28/2017 23:21] [PENJUALAN] ATTEMPT TO SAVE AND PRINT OUT INVOICE
[ADMIN] [1/28/2017 23:21] [PENJUALAN] CASHIER FORM : UNREGISTER HOTKEY
[ADMIN] [1/28/2017 23:21] [PENJUALAN] CASHIER FORM : UNREGISTER HOTKEY
[ADMIN] [1/28/2017 23:21] [] USER ID = 1LOGOUT
