[] [2/1/2017 13:29] [] USER = ADMIN IS ACTIVE
[ADMIN] [2/1/2017 13:29] [] USER ID = 1 LOGIN SUCCESSFULLY
[ADMIN] [2/1/2017 13:29] [] ACTIVATE USER ACCESS RIGHT
[ADMIN] [2/1/2017 13:29] [] DISPLAY ADMIN FORM
[ADMIN] [2/1/2017 13:29] [] adminForm Load
[ADMIN] [2/1/2017 13:29] [] ACTIVATE USER ACCESS RIGHT
[ADMIN] [2/1/2017 13:30] [] SELECTED PICTURE [D:\Project\BintangTimur\_CODE_\BintangTimur\BintangTimur\bin\Debug\bg.jpg]
[ADMIN] [2/1/2017 13:34] [PURCHASE ORDER] PURCHASE ORDER : detailPODataGridView_CellValueChanged [productName]
[ADMIN] [2/1/2017 13:34] [PURCHASE ORDER] PURCHASE ORDER : detailPODataGridView_CellValueChanged [productName]
[ADMIN] [2/1/2017 13:34] [PURCHASE ORDER] PURCHASE ORDER : detailPODataGridView_CellValueChanged [productName]
[ADMIN] [2/1/2017 13:34] [PURCHASE ORDER] PURCHASE ORDER : detailPODataGridView_CellValueChanged [productName]
[ADMIN] [2/1/2017 13:34] [PURCHASE ORDER] PURCHASE ORDER : detailPODataGridView_CellValueChanged [productName]
[ADMIN] [2/1/2017 13:34] [PURCHASE ORDER] PURCHASE ORDER : detailPODataGridView_CellValueChanged [productID]
[ADMIN] [2/1/2017 13:34] [PURCHASE ORDER] updateSomeRowsContent, PRODUCT_BASE_PRICE [11]
[ADMIN] [2/1/2017 13:34] [PURCHASE ORDER] updateSomeRowsContent, attempt to calculate total
[ADMIN] [2/1/2017 13:34] [PURCHASE ORDER] PURCHASE ORDER : detailPODataGridView_CellValueChanged [qty]
[ADMIN] [2/1/2017 13:34] [PURCHASE ORDER] PURCHASE ORDER : detailPODataGridView_CellValueChanged [subTotal]
[ADMIN] [2/1/2017 13:34] [PURCHASE ORDER] PURCHASE ORDER : detailPODataGridView_CellValueChanged [qty]
[ADMIN] [2/1/2017 13:34] [PURCHASE ORDER] PURCHASE ORDER : detailPODataGridView_CellValueChanged [subTotal]
[ADMIN] [2/1/2017 13:34] [PURCHASE ORDER] PURCHASE ORDER : detailPODataGridView_CellValueChanged [qty]
[ADMIN] [2/1/2017 13:34] [PURCHASE ORDER] PURCHASE ORDER : detailPODataGridView_CellValueChanged [qty]
[ADMIN] [2/1/2017 13:34] [PURCHASE ORDER] PURCHASE ORDER : detailPODataGridView_CellValueChanged [qty]
[ADMIN] [2/1/2017 13:34] [PURCHASE ORDER] PURCHASE ORDER : detailPODataGridView_CellValueChanged [qty]
[ADMIN] [2/1/2017 13:34] [PURCHASE ORDER] PURCHASE ORDER : detailPODataGridView_CellValueChanged [qty]
[ADMIN] [2/1/2017 13:34] [PURCHASE ORDER] PURCHASE ORDER : detailPODataGridView_CellValueChanged [qty]
[ADMIN] [2/1/2017 13:34] [PURCHASE ORDER] deleteCurrentRow [0]
[ADMIN] [2/1/2017 13:34] [PURCHASE ORDER] PURCHASE ORDER : detailPODataGridView_CellValueChanged [productName]
[ADMIN] [2/1/2017 13:34] [PURCHASE ORDER] PURCHASE ORDER : detailPODataGridView_CellValueChanged [productName]
[ADMIN] [2/1/2017 13:34] [PURCHASE ORDER] PURCHASE ORDER : detailPODataGridView_CellValueChanged [productName]
[ADMIN] [2/1/2017 13:34] [PURCHASE ORDER] PURCHASE ORDER : detailPODataGridView_CellValueChanged [productName]
[ADMIN] [2/1/2017 13:34] [PURCHASE ORDER] PURCHASE ORDER : detailPODataGridView_CellValueChanged [productName]
[ADMIN] [2/1/2017 13:34] [PURCHASE ORDER] PURCHASE ORDER : detailPODataGridView_CellValueChanged [productName]
[ADMIN] [2/1/2017 13:34] [PURCHASE ORDER] PURCHASE ORDER : detailPODataGridView_CellValueChanged [productName]
[ADMIN] [2/1/2017 13:34] [PURCHASE ORDER] PURCHASE ORDER : detailPODataGridView_CellValueChanged [productName]
[ADMIN] [2/1/2017 13:34] [PURCHASE ORDER] PURCHASE ORDER : detailPODataGridView_CellValueChanged [productID]
[ADMIN] [2/1/2017 13:34] [PURCHASE ORDER] updateSomeRowsContent, PRODUCT_BASE_PRICE [11]
[ADMIN] [2/1/2017 13:34] [PURCHASE ORDER] updateSomeRowsContent, attempt to calculate total
[ADMIN] [2/1/2017 13:34] [PURCHASE ORDER] PURCHASE ORDER : detailPODataGridView_CellValueChanged [qty]
[ADMIN] [2/1/2017 13:34] [PURCHASE ORDER] PURCHASE ORDER : detailPODataGridView_CellValueChanged [subTotal]
[ADMIN] [2/1/2017 13:34] [PURCHASE ORDER] PURCHASE ORDER : detailPODataGridView_CellValueChanged [qty]
[ADMIN] [2/1/2017 13:34] [PURCHASE ORDER] PURCHASE ORDER : detailPODataGridView_CellValueChanged [subTotal]
[ADMIN] [2/1/2017 13:34] [PURCHASE ORDER] PURCHASE ORDER : detailPODataGridView_CellValueChanged [qty]
[ADMIN] [2/1/2017 13:34] [PURCHASE ORDER] PURCHASE ORDER : detailPODataGridView_CellValueChanged [qty]
[ADMIN] [2/1/2017 13:34] [PURCHASE ORDER] PURCHASE ORDER : detailPODataGridView_CellValueChanged [qty]
[ADMIN] [2/1/2017 13:34] [PURCHASE ORDER] PURCHASE ORDER : detailPODataGridView_CellValueChanged [subTotal]
[ADMIN] [2/1/2017 13:34] [PURCHASE ORDER] PURCHASE ORDER : detailPODataGridView_CellValueChanged [qty]
[ADMIN] [2/1/2017 13:34] [PURCHASE ORDER] PURCHASE ORDER : detailPODataGridView_CellValueChanged [subTotal]
[ADMIN] [2/1/2017 13:34] [PURCHASE ORDER] PURCHASE ORDER : detailPODataGridView_CellValueChanged [qty]
[ADMIN] [2/1/2017 13:34] [PURCHASE ORDER] PURCHASE ORDER : detailPODataGridView_CellValueChanged [qty]
[ADMIN] [2/1/2017 13:34] [PURCHASE ORDER] PURCHASE ORDER : detailPODataGridView_CellValueChanged [qty]
[ADMIN] [2/1/2017 13:34] [PURCHASE ORDER] PURCHASE ORDER : detailPODataGridView_CellValueChanged [qty]
[ADMIN] [2/1/2017 13:34] [PURCHASE ORDER] PURCHASE ORDER : detailPODataGridView_CellValueChanged [subTotal]
[ADMIN] [2/1/2017 13:34] [PURCHASE ORDER] PURCHASE ORDER : detailPODataGridView_CellValueChanged [qty]
[] [2/1/2017 13:37] [] USER = ADMIN IS ACTIVE
[ADMIN] [2/1/2017 13:37] [] USER ID = 1 LOGIN SUCCESSFULLY
[ADMIN] [2/1/2017 13:37] [] ACTIVATE USER ACCESS RIGHT
[ADMIN] [2/1/2017 13:37] [] DISPLAY ADMIN FORM
[ADMIN] [2/1/2017 13:37] [] adminForm Load
[ADMIN] [2/1/2017 13:37] [] ACTIVATE USER ACCESS RIGHT
[ADMIN] [2/1/2017 13:37] [PURCHASE ORDER] PURCHASE ORDER : detailPODataGridView_CellValueChanged [productName]
[ADMIN] [2/1/2017 13:37] [PURCHASE ORDER] PURCHASE ORDER : detailPODataGridView_CellValueChanged [productName]
[ADMIN] [2/1/2017 13:37] [PURCHASE ORDER] PURCHASE ORDER : detailPODataGridView_CellValueChanged [productID]
[ADMIN] [2/1/2017 13:37] [PURCHASE ORDER] updateSomeRowsContent, PRODUCT_BASE_PRICE [11]
[ADMIN] [2/1/2017 13:37] [PURCHASE ORDER] updateSomeRowsContent, attempt to calculate total
[ADMIN] [2/1/2017 13:37] [PURCHASE ORDER] PURCHASE ORDER : detailPODataGridView_CellValueChanged [qty]
[ADMIN] [2/1/2017 13:37] [PURCHASE ORDER] PURCHASE ORDER : detailPODataGridView_CellValueChanged [qty]
[ADMIN] [2/1/2017 13:38] [PURCHASE ORDER] PURCHASE ORDER : detailPODataGridView_CellValueChanged [qty]
[ADMIN] [2/1/2017 13:38] [PURCHASE ORDER] PURCHASE ORDER : detailPODataGridView_CellValueChanged [qty]
[ADMIN] [2/1/2017 13:38] [PURCHASE ORDER] PURCHASE ORDER : detailPODataGridView_CellValueChanged [qty]
[ADMIN] [2/1/2017 13:38] [PURCHASE ORDER] PURCHASE ORDER : detailPODataGridView_CellValueChanged [qty]
[ADMIN] [2/1/2017 13:38] [PURCHASE ORDER] PURCHASE ORDER : detailPODataGridView_CellValueChanged [qty]
[ADMIN] [2/1/2017 13:38] [PURCHASE ORDER] PURCHASE ORDER : detailPODataGridView_CellValueChanged [qty]
[ADMIN] [2/1/2017 13:38] [PURCHASE ORDER] PURCHASE ORDER : detailPODataGridView_CellValueChanged [qty]
[ADMIN] [2/1/2017 13:38] [PURCHASE ORDER] PURCHASE ORDER : detailPODataGridView_CellValueChanged [qty]
[ADMIN] [2/1/2017 13:38] [PURCHASE ORDER] PURCHASE ORDER : detailPODataGridView_CellValueChanged [qty]
[ADMIN] [2/1/2017 13:38] [PURCHASE ORDER] PURCHASE ORDER : detailPODataGridView_CellValueChanged [HPP]
[ADMIN] [2/1/2017 13:38] [PURCHASE ORDER] PURCHASE ORDER : detailPODataGridView_CellValueChanged [HPP]
[ADMIN] [2/1/2017 13:38] [PURCHASE ORDER] PURCHASE ORDER : detailPODataGridView_CellValueChanged [HPP]
[ADMIN] [2/1/2017 13:38] [PURCHASE ORDER] PURCHASE ORDER : detailPODataGridView_CellValueChanged [HPP]
[ADMIN] [2/1/2017 13:38] [PURCHASE ORDER] PURCHASE ORDER : detailPODataGridView_CellValueChanged [qty]
[ADMIN] [2/1/2017 13:38] [PURCHASE ORDER] PURCHASE ORDER : detailPODataGridView_CellValueChanged [qty]
[ADMIN] [2/1/2017 13:38] [PURCHASE ORDER] ATTEMPT TO SAVE DATA
[ADMIN] [2/1/2017 13:38] [PURCHASE ORDER] CHECK IF TAX LIMIT SET FOR PERCENTAGE PURCHASE [0]
[ADMIN] [2/1/2017 13:38] [PURCHASE ORDER] CHECK IF TAX LIMIT SET FOR AVERAGE DAILY PURCHASE [0]
[ADMIN] [2/1/2017 13:38] [PURCHASE ORDER] NEW PURCHASE HEADER
[ADMIN] [2/1/2017 13:38] [PURCHASE ORDER] INSERT PURCHASE HEADER DATA [PO-3]
[ADMIN] [2/1/2017 13:38] [PURCHASE ORDER] INSERT DETAIL PURCHASE DATA [105', 1000, 22]
[ADMIN] [2/1/2017 13:38] [PURCHASE ORDER] PURCHASE ORDER SAVED
[ADMIN] [2/1/2017 13:38] [PURCHASE ORDER] CHECK IF TAX LIMIT SET FOR PERCENTAGE PURCHASE [0]
[ADMIN] [2/1/2017 13:38] [PURCHASE ORDER] CHECK IF TAX LIMIT SET FOR AVERAGE DAILY PURCHASE [0]
[ADMIN] [2/1/2017 13:38] [PURCHASE ORDER] UPDATE PURCHASE HEADER DATA TO INDICATE PO HAS BEEN PRINTED OUT, THEREFORE UNEDITABLE
[ADMIN] [2/1/2017 13:38] [PURCHASE ORDER] UPDATE FLAG AT PURCHASE HEADER TAX
[ADMIN] [2/1/2017 13:39] [PENERIMAAN BARANG] GET PO INVOICE TO RECEIVE
[ADMIN] [2/1/2017 13:39] [PENERIMAAN BARANG] PO INVOICE TO RECEIVE [PO-3]
[ADMIN] [2/1/2017 13:39] [PENERIMAAN BARANG] PO INVOICE TO RECEIVE [PO-3]
[ADMIN] [2/1/2017 13:39] [PENERIMAAN BARANG] SAVE PENERIMAAN BARANG
[ADMIN] [2/1/2017 13:39] [PENERIMAAN BARANG] INSERT PENERIMAAN BARANG [PR-4]
[ADMIN] [2/1/2017 13:39] [PENERIMAAN BARANG] PRICE CHANGE PARAM [105] [1]
[ADMIN] [2/1/2017 13:39] [PENERIMAAN BARANG] SAVE DETAIL PENERIMAAN [105, 1000, 22]
[ADMIN] [2/1/2017 13:39] [PENERIMAAN BARANG] UPDATE PRODUCT LOCATION DATA [105'1]
[ADMIN] [2/1/2017 13:39] [PENERIMAAN BARANG] UPDATE MASTER PRODUCT DATA [105]
[ADMIN] [2/1/2017 13:39] [PENERIMAAN BARANG] UPDATE PURCHASE HEADER [PO-3]
[ADMIN] [2/1/2017 13:39] [PENERIMAAN BARANG] UPDATE PURCHASE HEADER TAX [PO-3]
[ADMIN] [2/1/2017 13:39] [PENERIMAAN BARANG] UPDATE PURCHASE HEADER DUE DATE [PO-3]
[ADMIN] [2/1/2017 13:39] [PENERIMAAN BARANG] UPDATE PURCHASE HEADER TAX DUE DATE [PO-3]
[ADMIN] [2/1/2017 13:39] [PENERIMAAN BARANG] INSERT INTO DEBT [PO-3]
[ADMIN] [2/1/2017 13:39] [PENERIMAAN BARANG] PENERIMAAN BARANG SAVED
[ADMIN] [2/1/2017 13:42] [PEMBAYARAN HUTANG KE SUPPLIER] ATTEMPT TO SAVE DATA PAYMENT DEBT
[ADMIN] [2/1/2017 13:42] [PEMBAYARAN HUTANG KE SUPPLIER] PAYMENT DEBT BY CASH
[ADMIN] [2/1/2017 13:42] [PEMBAYARAN HUTANG KE SUPPLIER] INSERT INTO PAYMENT DEBT [4, 100]
[ADMIN] [2/1/2017 13:42] [PEMBAYARAN HUTANG KE SUPPLIER] DATA PAYMENT DEBT SAVED
[ADMIN] [2/1/2017 13:46] [PEMBAYARAN HUTANG KE SUPPLIER] ATTEMPT TO SAVE DATA PAYMENT DEBT
[ADMIN] [2/1/2017 13:46] [PEMBAYARAN HUTANG KE SUPPLIER] PAYMENT DEBT BY TRANSFER
[ADMIN] [2/1/2017 13:46] [PEMBAYARAN HUTANG KE SUPPLIER] INSERT INTO PAYMENT DEBT [4, 200]
[ADMIN] [2/1/2017 13:46] [PEMBAYARAN HUTANG KE SUPPLIER] DATA PAYMENT DEBT SAVED
[ADMIN] [2/1/2017 13:47] [] PEMBAYARAN LUMPSUM : ATTEMPT TO SAVE DATA PAYMENT
[ADMIN] [2/1/2017 13:47] [] PEMBAYARAN LUMPSUM : PAYMENT BY CASH
[ADMIN] [2/1/2017 13:47] [PEMBAYARAN HUTANG KE SUPPLIER] PEMBAYARAN LUMPSUM : GET A LIST OF OUTSTANDING DEBT
[ADMIN] [2/1/2017 13:47] [] PEMBAYARAN LUMPSUM : NUM OF OUTSTANDING DATA [1]
[ADMIN] [2/1/2017 13:47] [] PEMBAYARAN LUMPSUM : rowCounter [0] paymentNominal  [1000]
[ADMIN] [2/1/2017 13:47] [] PEMBAYARAN LUMPSUM : currentCreditID [4] outstandingCreditAmount [21700]
[ADMIN] [2/1/2017 13:47] [] PEMBAYARAN LUMPSUM : INSERT INTO PAYMENT DEBT [4, 1000]
[ADMIN] [2/1/2017 13:47] [] PEMBAYARAN LUMPSUM : DATA PAYMENT SAVED
[ADMIN] [2/1/2017 13:47] [] USER ID = 1LOGOUT
