[] [1/28/2017 21:06] [] USER = ADMIN IS ACTIVE
[ADMIN] [1/28/2017 21:06] [] USER ID = 1 LOGIN SUCCESSFULLY
[ADMIN] [1/28/2017 21:06] [] ACTIVATE USER ACCESS RIGHT
[ADMIN] [1/28/2017 21:06] [] DISPLAY ADMIN FORM
[ADMIN] [1/28/2017 21:06] [] adminForm Load
[ADMIN] [1/28/2017 21:06] [] ACTIVATE USER ACCESS RIGHT
[ADMIN] [1/28/2017 21:07] [PELANGGAN] ATTEMPT TO SAVE DATA
[ADMIN] [1/28/2017 21:07] [PELANGGAN] INSERT NEW CUSTOMER DATA [PELANGGAN 1]
[ADMIN] [1/28/2017 21:07] [PELANGGAN] DATA SAVED
[ADMIN] [1/28/2017 21:08] [PELANGGAN] ATTEMPT TO SAVE DATA
[ADMIN] [1/28/2017 21:08] [PELANGGAN] INSERT NEW CUSTOMER DATA [BLACKLIST]
[ADMIN] [1/28/2017 21:08] [PELANGGAN] DATA SAVED
[ADMIN] [1/28/2017 21:08] [PELANGGAN] ATTEMPT TO SAVE DATA
[ADMIN] [1/28/2017 21:08] [PELANGGAN] INSERT NEW CUSTOMER DATA [PELANGGAN 2]
[ADMIN] [1/28/2017 21:08] [PELANGGAN] DATA SAVED
[ADMIN] [1/28/2017 21:11] [PENJUALAN] CASHIER FORM : REGISTER HOTKEY
[ADMIN] [1/28/2017 21:11] [PENJUALAN] CASHIER FORM : calculateTotal
[ADMIN] [1/28/2017 21:11] [PENJUALAN] CASHIER FORM : calculateTotal [0]
[ADMIN] [1/28/2017 21:11] [PENJUALAN] CASHIER FORM : calculateTotal, totalAfterDisc [0]
[ADMIN] [1/28/2017 21:11] [PENJUALAN] CASHIER FORM : calculateChangeValue, bayarTextBox.Text [0]
[ADMIN] [1/28/2017 21:11] [PENJUALAN] CASHIER FORM : calculateChangeValue, sisaBayar [0]
[ADMIN] [1/28/2017 21:11] [PENJUALAN] CASHIER FORM : REGISTER HOTKEY
[ADMIN] [1/28/2017 21:11] [PENJUALAN] CASHIER FORM : HOTKEY TO ADD NEW ROW PRESSED
[ADMIN] [1/28/2017 21:11] [PENJUALAN] CASHIER FORM : ADD NEW ROW,  isActive [True]
[ADMIN] [1/28/2017 21:11] [PENJUALAN] CASHIER FORM : ADD NEW ROW,  ROW COUNT [0]
[ADMIN] [1/28/2017 21:11] [PENJUALAN] CASHIER FORM : ADD NEW ROW,  ALLOW TO ADD [True]
[ADMIN] [1/28/2017 21:11] [PENJUALAN] CASHIER FORM : cashierDataGridView_CellValueChanged [F8]
[ADMIN] [1/28/2017 21:11] [PENJUALAN] CASHIER FORM : cashierDataGridView_CellValueChanged [hpp]
[ADMIN] [1/28/2017 21:11] [PENJUALAN] CASHIER FORM : cashierDataGridView_CellValueChanged [productPrice]
[ADMIN] [1/28/2017 21:11] [PENJUALAN] CASHIER FORM : TextBox_TextChanged, previousInput [0]
[ADMIN] [1/28/2017 21:11] [PENJUALAN] CASHIER FORM : cashierDataGridView_CellValueChanged [disc1]
[ADMIN] [1/28/2017 21:11] [PENJUALAN] CASHIER FORM : TextBox_TextChanged, previousInput [0]
[ADMIN] [1/28/2017 21:11] [PENJUALAN] CASHIER FORM : cashierDataGridView_CellValueChanged [qty]
[ADMIN] [1/28/2017 21:11] [PENJUALAN] CASHIER FORM : TextBox_TextChanged, previousInput [0]
[ADMIN] [1/28/2017 21:11] [PENJUALAN] CASHIER FORM : cashierDataGridView_CellValueChanged [disc2]
[ADMIN] [1/28/2017 21:11] [PENJUALAN] CASHIER FORM : TextBox_TextChanged, previousInput [0]
[ADMIN] [1/28/2017 21:11] [PENJUALAN] CASHIER FORM : cashierDataGridView_CellValueChanged [discRP]
[ADMIN] [1/28/2017 21:11] [PENJUALAN] CASHIER FORM : TextBox_TextChanged, previousInput [0]
[ADMIN] [1/28/2017 21:11] [PENJUALAN] CASHIER FORM : cashierDataGridView_CellValueChanged [jumlah]
[ADMIN] [1/28/2017 21:11] [PENJUALAN] CASHIER FORM : cashierDataGridView_CellValueChanged [productPrice]
[ADMIN] [1/28/2017 21:11] [PENJUALAN] CASHIER FORM : TextBox_TextChanged, previousInput [0]
[ADMIN] [1/28/2017 21:11] [PENJUALAN] CASHIER FORM : TextBox_TextChanged, dataGridViewTextBoxEditingControl.Text [`]
[ADMIN] [1/28/2017 21:11] [PENJUALAN] CASHIER FORM : TextBox_TextChanged, dataGridViewTextBoxEditingControl.Text did not pass REGEX Checking
[ADMIN] [1/28/2017 21:11] [PENJUALAN] CASHIER FORM : CALCULATE SUBTOTAL
[ADMIN] [1/28/2017 21:11] [PENJUALAN] CASHIER FORM : SUBTOTAL [0]
[ADMIN] [1/28/2017 21:11] [PENJUALAN] CASHIER FORM : TextBox_TextChanged, subtotal value [0]
[ADMIN] [1/28/2017 21:11] [PENJUALAN] CASHIER FORM : TextBox_TextChanged, attempt to calculate total value
[ADMIN] [1/28/2017 21:11] [PENJUALAN] CASHIER FORM : calculateTotal
[ADMIN] [1/28/2017 21:11] [PENJUALAN] CASHIER FORM : calculateTotal [0]
[ADMIN] [1/28/2017 21:11] [PENJUALAN] CASHIER FORM : calculateTotal, totalAfterDisc [0]
[ADMIN] [1/28/2017 21:11] [PENJUALAN] CASHIER FORM : calculateChangeValue, bayarTextBox.Text [0]
[ADMIN] [1/28/2017 21:11] [PENJUALAN] CASHIER FORM : calculateChangeValue, sisaBayar [0]
[ADMIN] [1/28/2017 21:11] [PENJUALAN] CASHIER FORM : cashierDataGridView_CellValueChanged [productPrice]
[ADMIN] [1/28/2017 21:11] [PENJUALAN] CASHIER FORM : TextBox_TextChanged, previousInput [0]
[ADMIN] [1/28/2017 21:11] [PENJUALAN] CASHIER FORM : TextBox_TextChanged, dataGridViewTextBoxEditingControl.Text [`A]
[ADMIN] [1/28/2017 21:11] [PENJUALAN] CASHIER FORM : TextBox_TextChanged, dataGridViewTextBoxEditingControl.Text did not pass REGEX Checking
[ADMIN] [1/28/2017 21:11] [PENJUALAN] CASHIER FORM : CALCULATE SUBTOTAL
[ADMIN] [1/28/2017 21:11] [PENJUALAN] CASHIER FORM : SUBTOTAL [0]
[ADMIN] [1/28/2017 21:11] [PENJUALAN] CASHIER FORM : TextBox_TextChanged, subtotal value [0]
[ADMIN] [1/28/2017 21:11] [PENJUALAN] CASHIER FORM : TextBox_TextChanged, attempt to calculate total value
[ADMIN] [1/28/2017 21:11] [PENJUALAN] CASHIER FORM : calculateTotal
[ADMIN] [1/28/2017 21:11] [PENJUALAN] CASHIER FORM : calculateTotal [0]
[ADMIN] [1/28/2017 21:11] [PENJUALAN] CASHIER FORM : calculateTotal, totalAfterDisc [0]
[ADMIN] [1/28/2017 21:11] [PENJUALAN] CASHIER FORM : calculateChangeValue, bayarTextBox.Text [0]
[ADMIN] [1/28/2017 21:11] [PENJUALAN] CASHIER FORM : calculateChangeValue, sisaBayar [0]
[ADMIN] [1/28/2017 21:11] [PENJUALAN] CASHIER FORM : cashierDataGridView_CellValueChanged [productPrice]
[ADMIN] [1/28/2017 21:11] [PENJUALAN] CASHIER FORM : TextBox_TextChanged, previousInput [0]
[ADMIN] [1/28/2017 21:11] [PENJUALAN] CASHIER FORM : TextBox_TextChanged, dataGridViewTextBoxEditingControl.Text [`AA]
[ADMIN] [1/28/2017 21:11] [PENJUALAN] CASHIER FORM : TextBox_TextChanged, dataGridViewTextBoxEditingControl.Text did not pass REGEX Checking
[ADMIN] [1/28/2017 21:11] [PENJUALAN] CASHIER FORM : CALCULATE SUBTOTAL
[ADMIN] [1/28/2017 21:11] [PENJUALAN] CASHIER FORM : SUBTOTAL [0]
[ADMIN] [1/28/2017 21:11] [PENJUALAN] CASHIER FORM : TextBox_TextChanged, subtotal value [0]
[ADMIN] [1/28/2017 21:11] [PENJUALAN] CASHIER FORM : TextBox_TextChanged, attempt to calculate total value
[ADMIN] [1/28/2017 21:11] [PENJUALAN] CASHIER FORM : calculateTotal
[ADMIN] [1/28/2017 21:11] [PENJUALAN] CASHIER FORM : calculateTotal [0]
[ADMIN] [1/28/2017 21:11] [PENJUALAN] CASHIER FORM : calculateTotal, totalAfterDisc [0]
[ADMIN] [1/28/2017 21:11] [PENJUALAN] CASHIER FORM : calculateChangeValue, bayarTextBox.Text [0]
[ADMIN] [1/28/2017 21:11] [PENJUALAN] CASHIER FORM : calculateChangeValue, sisaBayar [0]
[ADMIN] [1/28/2017 21:11] [PENJUALAN] CASHIER FORM : cashierDataGridView_CellValueChanged [productPrice]
[ADMIN] [1/28/2017 21:11] [PENJUALAN] CASHIER FORM : TextBox_TextChanged, previousInput [0]
[ADMIN] [1/28/2017 21:11] [PENJUALAN] CASHIER FORM : TextBox_TextChanged, dataGridViewTextBoxEditingControl.Text [`AAA]
[ADMIN] [1/28/2017 21:11] [PENJUALAN] CASHIER FORM : TextBox_TextChanged, dataGridViewTextBoxEditingControl.Text did not pass REGEX Checking
[ADMIN] [1/28/2017 21:11] [PENJUALAN] CASHIER FORM : CALCULATE SUBTOTAL
[ADMIN] [1/28/2017 21:11] [PENJUALAN] CASHIER FORM : SUBTOTAL [0]
[ADMIN] [1/28/2017 21:11] [PENJUALAN] CASHIER FORM : TextBox_TextChanged, subtotal value [0]
[ADMIN] [1/28/2017 21:11] [PENJUALAN] CASHIER FORM : TextBox_TextChanged, attempt to calculate total value
[ADMIN] [1/28/2017 21:11] [PENJUALAN] CASHIER FORM : calculateTotal
[ADMIN] [1/28/2017 21:11] [PENJUALAN] CASHIER FORM : calculateTotal [0]
[ADMIN] [1/28/2017 21:11] [PENJUALAN] CASHIER FORM : calculateTotal, totalAfterDisc [0]
[ADMIN] [1/28/2017 21:11] [PENJUALAN] CASHIER FORM : calculateChangeValue, bayarTextBox.Text [0]
[ADMIN] [1/28/2017 21:11] [PENJUALAN] CASHIER FORM : calculateChangeValue, sisaBayar [0]
[ADMIN] [1/28/2017 21:11] [PENJUALAN] CASHIER FORM : cashierDataGridView_CellValueChanged [productPrice]
[ADMIN] [1/28/2017 21:11] [PENJUALAN] CASHIER FORM : TextBox_TextChanged, previousInput [0]
[ADMIN] [1/28/2017 21:11] [PENJUALAN] CASHIER FORM : TextBox_TextChanged, dataGridViewTextBoxEditingControl.Text [1]
[ADMIN] [1/28/2017 21:11] [PENJUALAN] CASHIER FORM : TextBox_TextChanged, dataGridViewTextBoxEditingControl.Text pass REGEX Checking
[ADMIN] [1/28/2017 21:11] [PENJUALAN] CASHIER FORM : CALCULATE SUBTOTAL
[ADMIN] [1/28/2017 21:11] [PENJUALAN] CASHIER FORM : SUBTOTAL [0]
[ADMIN] [1/28/2017 21:11] [PENJUALAN] CASHIER FORM : TextBox_TextChanged, subtotal value [0]
[ADMIN] [1/28/2017 21:11] [PENJUALAN] CASHIER FORM : TextBox_TextChanged, attempt to calculate total value
[ADMIN] [1/28/2017 21:11] [PENJUALAN] CASHIER FORM : calculateTotal
[ADMIN] [1/28/2017 21:11] [PENJUALAN] CASHIER FORM : calculateTotal [0]
[ADMIN] [1/28/2017 21:11] [PENJUALAN] CASHIER FORM : calculateTotal, totalAfterDisc [0]
[ADMIN] [1/28/2017 21:11] [PENJUALAN] CASHIER FORM : calculateChangeValue, bayarTextBox.Text [0]
[ADMIN] [1/28/2017 21:11] [PENJUALAN] CASHIER FORM : calculateChangeValue, sisaBayar [0]
[ADMIN] [1/28/2017 21:11] [PENJUALAN] CASHIER FORM : cashierDataGridView_CellValueChanged [productPrice]
[ADMIN] [1/28/2017 21:11] [PENJUALAN] CASHIER FORM : TextBox_TextChanged, previousInput [1]
[ADMIN] [1/28/2017 21:11] [PENJUALAN] CASHIER FORM : TextBox_TextChanged, dataGridViewTextBoxEditingControl.Text pass REGEX Checking
[ADMIN] [1/28/2017 21:11] [PENJUALAN] CASHIER FORM : CALCULATE SUBTOTAL
[ADMIN] [1/28/2017 21:11] [PENJUALAN] CASHIER FORM : SUBTOTAL [0]
[ADMIN] [1/28/2017 21:11] [PENJUALAN] CASHIER FORM : TextBox_TextChanged, subtotal value [0]
[ADMIN] [1/28/2017 21:11] [PENJUALAN] CASHIER FORM : TextBox_TextChanged, attempt to calculate total value
[ADMIN] [1/28/2017 21:11] [PENJUALAN] CASHIER FORM : calculateTotal
[ADMIN] [1/28/2017 21:11] [PENJUALAN] CASHIER FORM : calculateTotal [0]
[ADMIN] [1/28/2017 21:11] [PENJUALAN] CASHIER FORM : calculateTotal, totalAfterDisc [0]
[ADMIN] [1/28/2017 21:11] [PENJUALAN] CASHIER FORM : calculateChangeValue, bayarTextBox.Text [0]
[ADMIN] [1/28/2017 21:11] [PENJUALAN] CASHIER FORM : calculateChangeValue, sisaBayar [0]
[ADMIN] [1/28/2017 21:11] [PENJUALAN] CASHIER FORM : cashierDataGridView_CellValueChanged [productPrice]
[ADMIN] [1/28/2017 21:11] [PENJUALAN] CASHIER FORM : TextBox_TextChanged, previousInput [11]
[ADMIN] [1/28/2017 21:11] [PENJUALAN] CASHIER FORM : TextBox_TextChanged, dataGridViewTextBoxEditingControl.Text pass REGEX Checking
[ADMIN] [1/28/2017 21:11] [PENJUALAN] CASHIER FORM : CALCULATE SUBTOTAL
[ADMIN] [1/28/2017 21:11] [PENJUALAN] CASHIER FORM : SUBTOTAL [0]
[ADMIN] [1/28/2017 21:11] [PENJUALAN] CASHIER FORM : TextBox_TextChanged, subtotal value [0]
[ADMIN] [1/28/2017 21:11] [PENJUALAN] CASHIER FORM : TextBox_TextChanged, attempt to calculate total value
[ADMIN] [1/28/2017 21:11] [PENJUALAN] CASHIER FORM : calculateTotal
[ADMIN] [1/28/2017 21:11] [PENJUALAN] CASHIER FORM : calculateTotal [0]
[ADMIN] [1/28/2017 21:11] [PENJUALAN] CASHIER FORM : calculateTotal, totalAfterDisc [0]
[ADMIN] [1/28/2017 21:11] [PENJUALAN] CASHIER FORM : calculateChangeValue, bayarTextBox.Text [0]
[ADMIN] [1/28/2017 21:11] [PENJUALAN] CASHIER FORM : calculateChangeValue, sisaBayar [0]
[ADMIN] [1/28/2017 21:11] [PENJUALAN] CASHIER FORM : cashierDataGridView_CellValueChanged [productPrice]
[ADMIN] [1/28/2017 21:11] [PENJUALAN] CASHIER FORM : TextBox_TextChanged, previousInput [111]
[ADMIN] [1/28/2017 21:11] [PENJUALAN] CASHIER FORM : TextBox_TextChanged, dataGridViewTextBoxEditingControl.Text did not pass REGEX Checking
[ADMIN] [1/28/2017 21:11] [PENJUALAN] CASHIER FORM : CALCULATE SUBTOTAL
[ADMIN] [1/28/2017 21:11] [PENJUALAN] CASHIER FORM : SUBTOTAL [0]
[ADMIN] [1/28/2017 21:11] [PENJUALAN] CASHIER FORM : TextBox_TextChanged, subtotal value [0]
[ADMIN] [1/28/2017 21:11] [PENJUALAN] CASHIER FORM : TextBox_TextChanged, attempt to calculate total value
[ADMIN] [1/28/2017 21:11] [PENJUALAN] CASHIER FORM : calculateTotal
[ADMIN] [1/28/2017 21:11] [PENJUALAN] CASHIER FORM : calculateTotal [0]
[ADMIN] [1/28/2017 21:11] [PENJUALAN] CASHIER FORM : calculateTotal, totalAfterDisc [0]
[ADMIN] [1/28/2017 21:11] [PENJUALAN] CASHIER FORM : calculateChangeValue, bayarTextBox.Text [0]
[ADMIN] [1/28/2017 21:11] [PENJUALAN] CASHIER FORM : calculateChangeValue, sisaBayar [0]
[ADMIN] [1/28/2017 21:11] [PENJUALAN] CASHIER FORM : cashierDataGridView_CellValueChanged [productPrice]
[ADMIN] [1/28/2017 21:11] [PENJUALAN] CASHIER FORM : TextBox_TextChanged, previousInput [111]
[ADMIN] [1/28/2017 21:11] [PENJUALAN] CASHIER FORM : TextBox_TextChanged, dataGridViewTextBoxEditingControl.Text did not pass REGEX Checking
[ADMIN] [1/28/2017 21:11] [PENJUALAN] CASHIER FORM : CALCULATE SUBTOTAL
[ADMIN] [1/28/2017 21:11] [PENJUALAN] CASHIER FORM : SUBTOTAL [0]
[ADMIN] [1/28/2017 21:11] [PENJUALAN] CASHIER FORM : TextBox_TextChanged, subtotal value [0]
[ADMIN] [1/28/2017 21:11] [PENJUALAN] CASHIER FORM : TextBox_TextChanged, attempt to calculate total value
[ADMIN] [1/28/2017 21:11] [PENJUALAN] CASHIER FORM : calculateTotal
[ADMIN] [1/28/2017 21:11] [PENJUALAN] CASHIER FORM : calculateTotal [0]
[ADMIN] [1/28/2017 21:11] [PENJUALAN] CASHIER FORM : calculateTotal, totalAfterDisc [0]
[ADMIN] [1/28/2017 21:11] [PENJUALAN] CASHIER FORM : calculateChangeValue, bayarTextBox.Text [0]
[ADMIN] [1/28/2017 21:11] [PENJUALAN] CASHIER FORM : calculateChangeValue, sisaBayar [0]
[ADMIN] [1/28/2017 21:11] [PENJUALAN] CASHIER FORM : cashierDataGridView_CellValueChanged [productPrice]
[ADMIN] [1/28/2017 21:11] [PENJUALAN] CASHIER FORM : TextBox_TextChanged, previousInput [111]
[ADMIN] [1/28/2017 21:11] [PENJUALAN] CASHIER FORM : TextBox_TextChanged, dataGridViewTextBoxEditingControl.Text did not pass REGEX Checking
[ADMIN] [1/28/2017 21:11] [PENJUALAN] CASHIER FORM : CALCULATE SUBTOTAL
[ADMIN] [1/28/2017 21:11] [PENJUALAN] CASHIER FORM : SUBTOTAL [0]
[ADMIN] [1/28/2017 21:11] [PENJUALAN] CASHIER FORM : TextBox_TextChanged, subtotal value [0]
[ADMIN] [1/28/2017 21:11] [PENJUALAN] CASHIER FORM : TextBox_TextChanged, attempt to calculate total value
[ADMIN] [1/28/2017 21:11] [PENJUALAN] CASHIER FORM : calculateTotal
[ADMIN] [1/28/2017 21:11] [PENJUALAN] CASHIER FORM : calculateTotal [0]
[ADMIN] [1/28/2017 21:11] [PENJUALAN] CASHIER FORM : calculateTotal, totalAfterDisc [0]
[ADMIN] [1/28/2017 21:11] [PENJUALAN] CASHIER FORM : calculateChangeValue, bayarTextBox.Text [0]
[ADMIN] [1/28/2017 21:11] [PENJUALAN] CASHIER FORM : calculateChangeValue, sisaBayar [0]
[ADMIN] [1/28/2017 21:11] [PENJUALAN] CASHIER FORM : cashierDataGridView_CellValueChanged [productPrice]
[ADMIN] [1/28/2017 21:11] [PENJUALAN] CASHIER FORM : TextBox_TextChanged, previousInput [111]
[ADMIN] [1/28/2017 21:11] [PENJUALAN] CASHIER FORM : TextBox_TextChanged, dataGridViewTextBoxEditingControl.Text did not pass REGEX Checking
[ADMIN] [1/28/2017 21:11] [PENJUALAN] CASHIER FORM : CALCULATE SUBTOTAL
[ADMIN] [1/28/2017 21:11] [PENJUALAN] CASHIER FORM : SUBTOTAL [0]
[ADMIN] [1/28/2017 21:11] [PENJUALAN] CASHIER FORM : TextBox_TextChanged, subtotal value [0]
[ADMIN] [1/28/2017 21:11] [PENJUALAN] CASHIER FORM : TextBox_TextChanged, attempt to calculate total value
[ADMIN] [1/28/2017 21:11] [PENJUALAN] CASHIER FORM : calculateTotal
[ADMIN] [1/28/2017 21:11] [PENJUALAN] CASHIER FORM : calculateTotal [0]
[ADMIN] [1/28/2017 21:11] [PENJUALAN] CASHIER FORM : calculateTotal, totalAfterDisc [0]
[ADMIN] [1/28/2017 21:11] [PENJUALAN] CASHIER FORM : calculateChangeValue, bayarTextBox.Text [0]
[ADMIN] [1/28/2017 21:11] [PENJUALAN] CASHIER FORM : calculateChangeValue, sisaBayar [0]
[ADMIN] [1/28/2017 21:11] [PENJUALAN] CASHIER FORM : cashierDataGridView_CellValueChanged [productPrice]
[ADMIN] [1/28/2017 21:11] [PENJUALAN] CASHIER FORM : TextBox_TextChanged, previousInput [111]
[ADMIN] [1/28/2017 21:11] [PENJUALAN] CASHIER FORM : TextBox_TextChanged, dataGridViewTextBoxEditingControl.Text did not pass REGEX Checking
[ADMIN] [1/28/2017 21:11] [PENJUALAN] CASHIER FORM : CALCULATE SUBTOTAL
[ADMIN] [1/28/2017 21:11] [PENJUALAN] CASHIER FORM : SUBTOTAL [0]
[ADMIN] [1/28/2017 21:11] [PENJUALAN] CASHIER FORM : TextBox_TextChanged, subtotal value [0]
[ADMIN] [1/28/2017 21:11] [PENJUALAN] CASHIER FORM : TextBox_TextChanged, attempt to calculate total value
[ADMIN] [1/28/2017 21:11] [PENJUALAN] CASHIER FORM : calculateTotal
[ADMIN] [1/28/2017 21:11] [PENJUALAN] CASHIER FORM : calculateTotal [0]
[ADMIN] [1/28/2017 21:11] [PENJUALAN] CASHIER FORM : calculateTotal, totalAfterDisc [0]
[ADMIN] [1/28/2017 21:11] [PENJUALAN] CASHIER FORM : calculateChangeValue, bayarTextBox.Text [0]
[ADMIN] [1/28/2017 21:11] [PENJUALAN] CASHIER FORM : calculateChangeValue, sisaBayar [0]
[ADMIN] [1/28/2017 21:11] [PENJUALAN] CASHIER FORM : cashierDataGridView_CellValueChanged [productPrice]
[ADMIN] [1/28/2017 21:11] [PENJUALAN] CASHIER FORM : TextBox_TextChanged, previousInput [111]
[ADMIN] [1/28/2017 21:11] [PENJUALAN] CASHIER FORM : TextBox_TextChanged, dataGridViewTextBoxEditingControl.Text did not pass REGEX Checking
[ADMIN] [1/28/2017 21:11] [PENJUALAN] CASHIER FORM : CALCULATE SUBTOTAL
[ADMIN] [1/28/2017 21:11] [PENJUALAN] CASHIER FORM : SUBTOTAL [0]
[ADMIN] [1/28/2017 21:11] [PENJUALAN] CASHIER FORM : TextBox_TextChanged, subtotal value [0]
[ADMIN] [1/28/2017 21:11] [PENJUALAN] CASHIER FORM : TextBox_TextChanged, attempt to calculate total value
[ADMIN] [1/28/2017 21:11] [PENJUALAN] CASHIER FORM : calculateTotal
[ADMIN] [1/28/2017 21:11] [PENJUALAN] CASHIER FORM : calculateTotal [0]
[ADMIN] [1/28/2017 21:11] [PENJUALAN] CASHIER FORM : calculateTotal, totalAfterDisc [0]
[ADMIN] [1/28/2017 21:11] [PENJUALAN] CASHIER FORM : calculateChangeValue, bayarTextBox.Text [0]
[ADMIN] [1/28/2017 21:11] [PENJUALAN] CASHIER FORM : calculateChangeValue, sisaBayar [0]
[ADMIN] [1/28/2017 21:11] [PENJUALAN] CASHIER FORM : cashierDataGridView_CellValueChanged [productPrice]
[ADMIN] [1/28/2017 21:11] [PENJUALAN] CASHIER FORM : TextBox_TextChanged, previousInput [111]
[ADMIN] [1/28/2017 21:11] [PENJUALAN] CASHIER FORM : TextBox_TextChanged, dataGridViewTextBoxEditingControl.Text did not pass REGEX Checking
[ADMIN] [1/28/2017 21:11] [PENJUALAN] CASHIER FORM : CALCULATE SUBTOTAL
[ADMIN] [1/28/2017 21:11] [PENJUALAN] CASHIER FORM : SUBTOTAL [0]
[ADMIN] [1/28/2017 21:11] [PENJUALAN] CASHIER FORM : TextBox_TextChanged, subtotal value [0]
[ADMIN] [1/28/2017 21:11] [PENJUALAN] CASHIER FORM : TextBox_TextChanged, attempt to calculate total value
[ADMIN] [1/28/2017 21:11] [PENJUALAN] CASHIER FORM : calculateTotal
[ADMIN] [1/28/2017 21:11] [PENJUALAN] CASHIER FORM : calculateTotal [0]
[ADMIN] [1/28/2017 21:11] [PENJUALAN] CASHIER FORM : calculateTotal, totalAfterDisc [0]
[ADMIN] [1/28/2017 21:11] [PENJUALAN] CASHIER FORM : calculateChangeValue, bayarTextBox.Text [0]
[ADMIN] [1/28/2017 21:11] [PENJUALAN] CASHIER FORM : calculateChangeValue, sisaBayar [0]
[ADMIN] [1/28/2017 21:11] [PENJUALAN] CASHIER FORM : cashierDataGridView_CellValueChanged [productPrice]
[ADMIN] [1/28/2017 21:11] [PENJUALAN] CASHIER FORM : TextBox_TextChanged, previousInput [111]
[ADMIN] [1/28/2017 21:11] [PENJUALAN] CASHIER FORM : TextBox_TextChanged, dataGridViewTextBoxEditingControl.Text did not pass REGEX Checking
[ADMIN] [1/28/2017 21:11] [PENJUALAN] CASHIER FORM : CALCULATE SUBTOTAL
[ADMIN] [1/28/2017 21:11] [PENJUALAN] CASHIER FORM : SUBTOTAL [0]
[ADMIN] [1/28/2017 21:11] [PENJUALAN] CASHIER FORM : TextBox_TextChanged, subtotal value [0]
[ADMIN] [1/28/2017 21:11] [PENJUALAN] CASHIER FORM : TextBox_TextChanged, attempt to calculate total value
[ADMIN] [1/28/2017 21:11] [PENJUALAN] CASHIER FORM : calculateTotal
[ADMIN] [1/28/2017 21:11] [PENJUALAN] CASHIER FORM : calculateTotal [0]
[ADMIN] [1/28/2017 21:11] [PENJUALAN] CASHIER FORM : calculateTotal, totalAfterDisc [0]
[ADMIN] [1/28/2017 21:11] [PENJUALAN] CASHIER FORM : calculateChangeValue, bayarTextBox.Text [0]
[ADMIN] [1/28/2017 21:11] [PENJUALAN] CASHIER FORM : calculateChangeValue, sisaBayar [0]
[ADMIN] [1/28/2017 21:11] [PENJUALAN] CASHIER FORM : cashierDataGridView_CellValueChanged [productPrice]
[ADMIN] [1/28/2017 21:11] [PENJUALAN] CASHIER FORM : TextBox_TextChanged, previousInput [111]
[ADMIN] [1/28/2017 21:11] [PENJUALAN] CASHIER FORM : TextBox_TextChanged, dataGridViewTextBoxEditingControl.Text did not pass REGEX Checking
[ADMIN] [1/28/2017 21:11] [PENJUALAN] CASHIER FORM : CALCULATE SUBTOTAL
[ADMIN] [1/28/2017 21:11] [PENJUALAN] CASHIER FORM : SUBTOTAL [0]
[ADMIN] [1/28/2017 21:11] [PENJUALAN] CASHIER FORM : TextBox_TextChanged, subtotal value [0]
[ADMIN] [1/28/2017 21:11] [PENJUALAN] CASHIER FORM : TextBox_TextChanged, attempt to calculate total value
[ADMIN] [1/28/2017 21:11] [PENJUALAN] CASHIER FORM : calculateTotal
[ADMIN] [1/28/2017 21:11] [PENJUALAN] CASHIER FORM : calculateTotal [0]
[ADMIN] [1/28/2017 21:11] [PENJUALAN] CASHIER FORM : calculateTotal, totalAfterDisc [0]
[ADMIN] [1/28/2017 21:11] [PENJUALAN] CASHIER FORM : calculateChangeValue, bayarTextBox.Text [0]
[ADMIN] [1/28/2017 21:11] [PENJUALAN] CASHIER FORM : calculateChangeValue, sisaBayar [0]
[ADMIN] [1/28/2017 21:11] [PENJUALAN] CASHIER FORM : cashierDataGridView_CellValueChanged [productPrice]
[ADMIN] [1/28/2017 21:11] [PENJUALAN] CASHIER FORM : TextBox_TextChanged, previousInput [111]
[ADMIN] [1/28/2017 21:11] [PENJUALAN] CASHIER FORM : TextBox_TextChanged, dataGridViewTextBoxEditingControl.Text did not pass REGEX Checking
[ADMIN] [1/28/2017 21:11] [PENJUALAN] CASHIER FORM : CALCULATE SUBTOTAL
[ADMIN] [1/28/2017 21:11] [PENJUALAN] CASHIER FORM : SUBTOTAL [0]
[ADMIN] [1/28/2017 21:11] [PENJUALAN] CASHIER FORM : TextBox_TextChanged, subtotal value [0]
[ADMIN] [1/28/2017 21:11] [PENJUALAN] CASHIER FORM : TextBox_TextChanged, attempt to calculate total value
[ADMIN] [1/28/2017 21:11] [PENJUALAN] CASHIER FORM : calculateTotal
[ADMIN] [1/28/2017 21:11] [PENJUALAN] CASHIER FORM : calculateTotal [0]
[ADMIN] [1/28/2017 21:11] [PENJUALAN] CASHIER FORM : calculateTotal, totalAfterDisc [0]
[ADMIN] [1/28/2017 21:11] [PENJUALAN] CASHIER FORM : calculateChangeValue, bayarTextBox.Text [0]
[ADMIN] [1/28/2017 21:11] [PENJUALAN] CASHIER FORM : calculateChangeValue, sisaBayar [0]
[ADMIN] [1/28/2017 21:11] [PENJUALAN] CASHIER FORM : cashierDataGridView_CellValueChanged [productPrice]
[ADMIN] [1/28/2017 21:11] [PENJUALAN] CASHIER FORM : TextBox_TextChanged, previousInput [111]
[ADMIN] [1/28/2017 21:11] [PENJUALAN] CASHIER FORM : TextBox_TextChanged, dataGridViewTextBoxEditingControl.Text did not pass REGEX Checking
[ADMIN] [1/28/2017 21:11] [PENJUALAN] CASHIER FORM : CALCULATE SUBTOTAL
[ADMIN] [1/28/2017 21:11] [PENJUALAN] CASHIER FORM : SUBTOTAL [0]
[ADMIN] [1/28/2017 21:11] [PENJUALAN] CASHIER FORM : TextBox_TextChanged, subtotal value [0]
[ADMIN] [1/28/2017 21:11] [PENJUALAN] CASHIER FORM : TextBox_TextChanged, attempt to calculate total value
[ADMIN] [1/28/2017 21:11] [PENJUALAN] CASHIER FORM : calculateTotal
[ADMIN] [1/28/2017 21:11] [PENJUALAN] CASHIER FORM : calculateTotal [0]
[ADMIN] [1/28/2017 21:11] [PENJUALAN] CASHIER FORM : calculateTotal, totalAfterDisc [0]
[ADMIN] [1/28/2017 21:11] [PENJUALAN] CASHIER FORM : calculateChangeValue, bayarTextBox.Text [0]
[ADMIN] [1/28/2017 21:11] [PENJUALAN] CASHIER FORM : calculateChangeValue, sisaBayar [0]
[ADMIN] [1/28/2017 21:11] [PENJUALAN] CASHIER FORM : cashierDataGridView_CellValueChanged [productPrice]
[ADMIN] [1/28/2017 21:11] [PENJUALAN] CASHIER FORM : TextBox_TextChanged, previousInput [111]
[ADMIN] [1/28/2017 21:11] [PENJUALAN] CASHIER FORM : TextBox_TextChanged, dataGridViewTextBoxEditingControl.Text did not pass REGEX Checking
[ADMIN] [1/28/2017 21:11] [PENJUALAN] CASHIER FORM : CALCULATE SUBTOTAL
[ADMIN] [1/28/2017 21:11] [PENJUALAN] CASHIER FORM : SUBTOTAL [0]
[ADMIN] [1/28/2017 21:11] [PENJUALAN] CASHIER FORM : TextBox_TextChanged, subtotal value [0]
[ADMIN] [1/28/2017 21:11] [PENJUALAN] CASHIER FORM : TextBox_TextChanged, attempt to calculate total value
[ADMIN] [1/28/2017 21:11] [PENJUALAN] CASHIER FORM : calculateTotal
[ADMIN] [1/28/2017 21:11] [PENJUALAN] CASHIER FORM : calculateTotal [0]
[ADMIN] [1/28/2017 21:11] [PENJUALAN] CASHIER FORM : calculateTotal, totalAfterDisc [0]
[ADMIN] [1/28/2017 21:11] [PENJUALAN] CASHIER FORM : calculateChangeValue, bayarTextBox.Text [0]
[ADMIN] [1/28/2017 21:11] [PENJUALAN] CASHIER FORM : calculateChangeValue, sisaBayar [0]
[ADMIN] [1/28/2017 21:11] [PENJUALAN] CASHIER FORM : cashierDataGridView_CellValueChanged [productPrice]
[ADMIN] [1/28/2017 21:11] [PENJUALAN] CASHIER FORM : TextBox_TextChanged, previousInput [111]
[ADMIN] [1/28/2017 21:11] [PENJUALAN] CASHIER FORM : TextBox_TextChanged, dataGridViewTextBoxEditingControl.Text did not pass REGEX Checking
[ADMIN] [1/28/2017 21:11] [PENJUALAN] CASHIER FORM : CALCULATE SUBTOTAL
[ADMIN] [1/28/2017 21:11] [PENJUALAN] CASHIER FORM : SUBTOTAL [0]
[ADMIN] [1/28/2017 21:11] [PENJUALAN] CASHIER FORM : TextBox_TextChanged, subtotal value [0]
[ADMIN] [1/28/2017 21:11] [PENJUALAN] CASHIER FORM : TextBox_TextChanged, attempt to calculate total value
[ADMIN] [1/28/2017 21:11] [PENJUALAN] CASHIER FORM : calculateTotal
[ADMIN] [1/28/2017 21:11] [PENJUALAN] CASHIER FORM : calculateTotal [0]
[ADMIN] [1/28/2017 21:11] [PENJUALAN] CASHIER FORM : calculateTotal, totalAfterDisc [0]
[ADMIN] [1/28/2017 21:11] [PENJUALAN] CASHIER FORM : calculateChangeValue, bayarTextBox.Text [0]
[ADMIN] [1/28/2017 21:11] [PENJUALAN] CASHIER FORM : calculateChangeValue, sisaBayar [0]
[ADMIN] [1/28/2017 21:11] [PENJUALAN] CASHIER FORM : cashierDataGridView_CellValueChanged [productPrice]
[ADMIN] [1/28/2017 21:11] [PENJUALAN] CASHIER FORM : TextBox_TextChanged, previousInput [111]
[ADMIN] [1/28/2017 21:11] [PENJUALAN] CASHIER FORM : TextBox_TextChanged, dataGridViewTextBoxEditingControl.Text did not pass REGEX Checking
[ADMIN] [1/28/2017 21:11] [PENJUALAN] CASHIER FORM : CALCULATE SUBTOTAL
[ADMIN] [1/28/2017 21:11] [PENJUALAN] CASHIER FORM : SUBTOTAL [0]
[ADMIN] [1/28/2017 21:11] [PENJUALAN] CASHIER FORM : TextBox_TextChanged, subtotal value [0]
[ADMIN] [1/28/2017 21:11] [PENJUALAN] CASHIER FORM : TextBox_TextChanged, attempt to calculate total value
[ADMIN] [1/28/2017 21:11] [PENJUALAN] CASHIER FORM : calculateTotal
[ADMIN] [1/28/2017 21:11] [PENJUALAN] CASHIER FORM : calculateTotal [0]
[ADMIN] [1/28/2017 21:11] [PENJUALAN] CASHIER FORM : calculateTotal, totalAfterDisc [0]
[ADMIN] [1/28/2017 21:11] [PENJUALAN] CASHIER FORM : calculateChangeValue, bayarTextBox.Text [0]
[ADMIN] [1/28/2017 21:11] [PENJUALAN] CASHIER FORM : calculateChangeValue, sisaBayar [0]
[ADMIN] [1/28/2017 21:11] [PENJUALAN] CASHIER FORM : cashierDataGridView_CellValueChanged [productPrice]
[ADMIN] [1/28/2017 21:11] [PENJUALAN] CASHIER FORM : TextBox_TextChanged, previousInput [111]
[ADMIN] [1/28/2017 21:11] [PENJUALAN] CASHIER FORM : TextBox_TextChanged, dataGridViewTextBoxEditingControl.Text did not pass REGEX Checking
[ADMIN] [1/28/2017 21:11] [PENJUALAN] CASHIER FORM : CALCULATE SUBTOTAL
[ADMIN] [1/28/2017 21:11] [PENJUALAN] CASHIER FORM : SUBTOTAL [0]
[ADMIN] [1/28/2017 21:11] [PENJUALAN] CASHIER FORM : TextBox_TextChanged, subtotal value [0]
[ADMIN] [1/28/2017 21:11] [PENJUALAN] CASHIER FORM : TextBox_TextChanged, attempt to calculate total value
[ADMIN] [1/28/2017 21:11] [PENJUALAN] CASHIER FORM : calculateTotal
[ADMIN] [1/28/2017 21:11] [PENJUALAN] CASHIER FORM : calculateTotal [0]
[ADMIN] [1/28/2017 21:11] [PENJUALAN] CASHIER FORM : calculateTotal, totalAfterDisc [0]
[ADMIN] [1/28/2017 21:11] [PENJUALAN] CASHIER FORM : calculateChangeValue, bayarTextBox.Text [0]
[ADMIN] [1/28/2017 21:11] [PENJUALAN] CASHIER FORM : calculateChangeValue, sisaBayar [0]
[ADMIN] [1/28/2017 21:11] [PENJUALAN] CASHIER FORM : cashierDataGridView_CellValueChanged [productPrice]
[ADMIN] [1/28/2017 21:11] [PENJUALAN] CASHIER FORM : TextBox_TextChanged, previousInput [111]
[ADMIN] [1/28/2017 21:11] [PENJUALAN] CASHIER FORM : TextBox_TextChanged, dataGridViewTextBoxEditingControl.Text did not pass REGEX Checking
[ADMIN] [1/28/2017 21:11] [PENJUALAN] CASHIER FORM : CALCULATE SUBTOTAL
[ADMIN] [1/28/2017 21:11] [PENJUALAN] CASHIER FORM : SUBTOTAL [0]
[ADMIN] [1/28/2017 21:11] [PENJUALAN] CASHIER FORM : TextBox_TextChanged, subtotal value [0]
[ADMIN] [1/28/2017 21:11] [PENJUALAN] CASHIER FORM : TextBox_TextChanged, attempt to calculate total value
[ADMIN] [1/28/2017 21:11] [PENJUALAN] CASHIER FORM : calculateTotal
[ADMIN] [1/28/2017 21:11] [PENJUALAN] CASHIER FORM : calculateTotal [0]
[ADMIN] [1/28/2017 21:11] [PENJUALAN] CASHIER FORM : calculateTotal, totalAfterDisc [0]
[ADMIN] [1/28/2017 21:11] [PENJUALAN] CASHIER FORM : calculateChangeValue, bayarTextBox.Text [0]
[ADMIN] [1/28/2017 21:11] [PENJUALAN] CASHIER FORM : calculateChangeValue, sisaBayar [0]
[ADMIN] [1/28/2017 21:11] [PENJUALAN] CASHIER FORM : cashierDataGridView_CellValueChanged [productPrice]
[ADMIN] [1/28/2017 21:11] [PENJUALAN] CASHIER FORM : TextBox_TextChanged, previousInput [111]
[ADMIN] [1/28/2017 21:11] [PENJUALAN] CASHIER FORM : TextBox_TextChanged, dataGridViewTextBoxEditingControl.Text did not pass REGEX Checking
[ADMIN] [1/28/2017 21:11] [PENJUALAN] CASHIER FORM : CALCULATE SUBTOTAL
[ADMIN] [1/28/2017 21:11] [PENJUALAN] CASHIER FORM : SUBTOTAL [0]
[ADMIN] [1/28/2017 21:11] [PENJUALAN] CASHIER FORM : TextBox_TextChanged, subtotal value [0]
[ADMIN] [1/28/2017 21:11] [PENJUALAN] CASHIER FORM : TextBox_TextChanged, attempt to calculate total value
[ADMIN] [1/28/2017 21:11] [PENJUALAN] CASHIER FORM : calculateTotal
[ADMIN] [1/28/2017 21:11] [PENJUALAN] CASHIER FORM : calculateTotal [0]
[ADMIN] [1/28/2017 21:11] [PENJUALAN] CASHIER FORM : calculateTotal, totalAfterDisc [0]
[ADMIN] [1/28/2017 21:11] [PENJUALAN] CASHIER FORM : calculateChangeValue, bayarTextBox.Text [0]
[ADMIN] [1/28/2017 21:11] [PENJUALAN] CASHIER FORM : calculateChangeValue, sisaBayar [0]
[ADMIN] [1/28/2017 21:11] [PENJUALAN] CASHIER FORM : cashierDataGridView_CellValueChanged [productPrice]
[ADMIN] [1/28/2017 21:11] [PENJUALAN] CASHIER FORM : TextBox_TextChanged, previousInput [111]
[ADMIN] [1/28/2017 21:11] [PENJUALAN] CASHIER FORM : TextBox_TextChanged, dataGridViewTextBoxEditingControl.Text did not pass REGEX Checking
[ADMIN] [1/28/2017 21:11] [PENJUALAN] CASHIER FORM : CALCULATE SUBTOTAL
[ADMIN] [1/28/2017 21:11] [PENJUALAN] CASHIER FORM : SUBTOTAL [0]
[ADMIN] [1/28/2017 21:11] [PENJUALAN] CASHIER FORM : TextBox_TextChanged, subtotal value [0]
[ADMIN] [1/28/2017 21:11] [PENJUALAN] CASHIER FORM : TextBox_TextChanged, attempt to calculate total value
[ADMIN] [1/28/2017 21:11] [PENJUALAN] CASHIER FORM : calculateTotal
[ADMIN] [1/28/2017 21:11] [PENJUALAN] CASHIER FORM : calculateTotal [0]
[ADMIN] [1/28/2017 21:11] [PENJUALAN] CASHIER FORM : calculateTotal, totalAfterDisc [0]
[ADMIN] [1/28/2017 21:11] [PENJUALAN] CASHIER FORM : calculateChangeValue, bayarTextBox.Text [0]
[ADMIN] [1/28/2017 21:11] [PENJUALAN] CASHIER FORM : calculateChangeValue, sisaBayar [0]
[ADMIN] [1/28/2017 21:11] [PENJUALAN] CASHIER FORM : cashierDataGridView_CellValueChanged [productPrice]
[ADMIN] [1/28/2017 21:11] [PENJUALAN] CASHIER FORM : TextBox_TextChanged, previousInput [111]
[ADMIN] [1/28/2017 21:11] [PENJUALAN] CASHIER FORM : TextBox_TextChanged, dataGridViewTextBoxEditingControl.Text did not pass REGEX Checking
[ADMIN] [1/28/2017 21:11] [PENJUALAN] CASHIER FORM : CALCULATE SUBTOTAL
[ADMIN] [1/28/2017 21:11] [PENJUALAN] CASHIER FORM : SUBTOTAL [0]
[ADMIN] [1/28/2017 21:11] [PENJUALAN] CASHIER FORM : TextBox_TextChanged, subtotal value [0]
[ADMIN] [1/28/2017 21:11] [PENJUALAN] CASHIER FORM : TextBox_TextChanged, attempt to calculate total value
[ADMIN] [1/28/2017 21:11] [PENJUALAN] CASHIER FORM : calculateTotal
[ADMIN] [1/28/2017 21:11] [PENJUALAN] CASHIER FORM : calculateTotal [0]
[ADMIN] [1/28/2017 21:11] [PENJUALAN] CASHIER FORM : calculateTotal, totalAfterDisc [0]
[ADMIN] [1/28/2017 21:11] [PENJUALAN] CASHIER FORM : calculateChangeValue, bayarTextBox.Text [0]
[ADMIN] [1/28/2017 21:11] [PENJUALAN] CASHIER FORM : calculateChangeValue, sisaBayar [0]
[ADMIN] [1/28/2017 21:11] [PENJUALAN] CASHIER FORM : cashierDataGridView_CellValueChanged [productPrice]
[ADMIN] [1/28/2017 21:11] [PENJUALAN] CASHIER FORM : TextBox_TextChanged, previousInput [111]
[ADMIN] [1/28/2017 21:11] [PENJUALAN] CASHIER FORM : TextBox_TextChanged, dataGridViewTextBoxEditingControl.Text did not pass REGEX Checking
[ADMIN] [1/28/2017 21:11] [PENJUALAN] CASHIER FORM : CALCULATE SUBTOTAL
[ADMIN] [1/28/2017 21:11] [PENJUALAN] CASHIER FORM : SUBTOTAL [0]
[ADMIN] [1/28/2017 21:11] [PENJUALAN] CASHIER FORM : TextBox_TextChanged, subtotal value [0]
[ADMIN] [1/28/2017 21:11] [PENJUALAN] CASHIER FORM : TextBox_TextChanged, attempt to calculate total value
[ADMIN] [1/28/2017 21:11] [PENJUALAN] CASHIER FORM : calculateTotal
[ADMIN] [1/28/2017 21:11] [PENJUALAN] CASHIER FORM : calculateTotal [0]
[ADMIN] [1/28/2017 21:11] [PENJUALAN] CASHIER FORM : calculateTotal, totalAfterDisc [0]
[ADMIN] [1/28/2017 21:11] [PENJUALAN] CASHIER FORM : calculateChangeValue, bayarTextBox.Text [0]
[ADMIN] [1/28/2017 21:11] [PENJUALAN] CASHIER FORM : calculateChangeValue, sisaBayar [0]
[ADMIN] [1/28/2017 21:11] [PENJUALAN] CASHIER FORM : cashierDataGridView_CellValueChanged [productPrice]
[ADMIN] [1/28/2017 21:11] [PENJUALAN] CASHIER FORM : TextBox_TextChanged, previousInput [111]
[ADMIN] [1/28/2017 21:11] [PENJUALAN] CASHIER FORM : TextBox_TextChanged, dataGridViewTextBoxEditingControl.Text did not pass REGEX Checking
[ADMIN] [1/28/2017 21:11] [PENJUALAN] CASHIER FORM : CALCULATE SUBTOTAL
[ADMIN] [1/28/2017 21:11] [PENJUALAN] CASHIER FORM : SUBTOTAL [0]
[ADMIN] [1/28/2017 21:11] [PENJUALAN] CASHIER FORM : TextBox_TextChanged, subtotal value [0]
[ADMIN] [1/28/2017 21:11] [PENJUALAN] CASHIER FORM : TextBox_TextChanged, attempt to calculate total value
[ADMIN] [1/28/2017 21:11] [PENJUALAN] CASHIER FORM : calculateTotal
[ADMIN] [1/28/2017 21:11] [PENJUALAN] CASHIER FORM : calculateTotal [0]
[ADMIN] [1/28/2017 21:11] [PENJUALAN] CASHIER FORM : calculateTotal, totalAfterDisc [0]
[ADMIN] [1/28/2017 21:11] [PENJUALAN] CASHIER FORM : calculateChangeValue, bayarTextBox.Text [0]
[ADMIN] [1/28/2017 21:11] [PENJUALAN] CASHIER FORM : calculateChangeValue, sisaBayar [0]
[ADMIN] [1/28/2017 21:11] [PENJUALAN] CASHIER FORM : cashierDataGridView_CellValueChanged [productPrice]
[ADMIN] [1/28/2017 21:11] [PENJUALAN] CASHIER FORM : TextBox_TextChanged, previousInput [111]
[ADMIN] [1/28/2017 21:11] [PENJUALAN] CASHIER FORM : TextBox_TextChanged, dataGridViewTextBoxEditingControl.Text pass REGEX Checking
[ADMIN] [1/28/2017 21:11] [PENJUALAN] CASHIER FORM : CALCULATE SUBTOTAL
[ADMIN] [1/28/2017 21:11] [PENJUALAN] CASHIER FORM : SUBTOTAL [0]
[ADMIN] [1/28/2017 21:11] [PENJUALAN] CASHIER FORM : TextBox_TextChanged, subtotal value [0]
[ADMIN] [1/28/2017 21:11] [PENJUALAN] CASHIER FORM : TextBox_TextChanged, attempt to calculate total value
[ADMIN] [1/28/2017 21:11] [PENJUALAN] CASHIER FORM : calculateTotal
[ADMIN] [1/28/2017 21:11] [PENJUALAN] CASHIER FORM : calculateTotal [0]
[ADMIN] [1/28/2017 21:11] [PENJUALAN] CASHIER FORM : calculateTotal, totalAfterDisc [0]
[ADMIN] [1/28/2017 21:11] [PENJUALAN] CASHIER FORM : calculateChangeValue, bayarTextBox.Text [0]
[ADMIN] [1/28/2017 21:11] [PENJUALAN] CASHIER FORM : calculateChangeValue, sisaBayar [0]
[ADMIN] [1/28/2017 21:11] [PENJUALAN] CASHIER FORM : cashierDataGridView_CellValueChanged [productPrice]
[ADMIN] [1/28/2017 21:11] [PENJUALAN] CASHIER FORM : TextBox_TextChanged, previousInput [2]
[ADMIN] [1/28/2017 21:11] [PENJUALAN] CASHIER FORM : TextBox_TextChanged, dataGridViewTextBoxEditingControl.Text pass REGEX Checking
[ADMIN] [1/28/2017 21:11] [PENJUALAN] CASHIER FORM : CALCULATE SUBTOTAL
[ADMIN] [1/28/2017 21:11] [PENJUALAN] CASHIER FORM : SUBTOTAL [0]
[ADMIN] [1/28/2017 21:11] [PENJUALAN] CASHIER FORM : TextBox_TextChanged, subtotal value [0]
[ADMIN] [1/28/2017 21:11] [PENJUALAN] CASHIER FORM : TextBox_TextChanged, attempt to calculate total value
[ADMIN] [1/28/2017 21:11] [PENJUALAN] CASHIER FORM : calculateTotal
[ADMIN] [1/28/2017 21:11] [PENJUALAN] CASHIER FORM : calculateTotal [0]
[ADMIN] [1/28/2017 21:11] [PENJUALAN] CASHIER FORM : calculateTotal, totalAfterDisc [0]
[ADMIN] [1/28/2017 21:11] [PENJUALAN] CASHIER FORM : calculateChangeValue, bayarTextBox.Text [0]
[ADMIN] [1/28/2017 21:11] [PENJUALAN] CASHIER FORM : calculateChangeValue, sisaBayar [0]
[ADMIN] [1/28/2017 21:11] [PENJUALAN] CASHIER FORM : cashierDataGridView_CellValueChanged [productPrice]
[ADMIN] [1/28/2017 21:11] [PENJUALAN] CASHIER FORM : TextBox_TextChanged, previousInput [22]
[ADMIN] [1/28/2017 21:11] [PENJUALAN] CASHIER FORM : TextBox_TextChanged, dataGridViewTextBoxEditingControl.Text pass REGEX Checking
[ADMIN] [1/28/2017 21:11] [PENJUALAN] CASHIER FORM : CALCULATE SUBTOTAL
[ADMIN] [1/28/2017 21:11] [PENJUALAN] CASHIER FORM : SUBTOTAL [0]
[ADMIN] [1/28/2017 21:11] [PENJUALAN] CASHIER FORM : TextBox_TextChanged, subtotal value [0]
[ADMIN] [1/28/2017 21:11] [PENJUALAN] CASHIER FORM : TextBox_TextChanged, attempt to calculate total value
[ADMIN] [1/28/2017 21:11] [PENJUALAN] CASHIER FORM : calculateTotal
[ADMIN] [1/28/2017 21:11] [PENJUALAN] CASHIER FORM : calculateTotal [0]
[ADMIN] [1/28/2017 21:11] [PENJUALAN] CASHIER FORM : calculateTotal, totalAfterDisc [0]
[ADMIN] [1/28/2017 21:11] [PENJUALAN] CASHIER FORM : calculateChangeValue, bayarTextBox.Text [0]
[ADMIN] [1/28/2017 21:11] [PENJUALAN] CASHIER FORM : calculateChangeValue, sisaBayar [0]
[ADMIN] [1/28/2017 21:11] [PENJUALAN] CASHIER FORM : cashierDataGridView_CellValueChanged [productPrice]
[ADMIN] [1/28/2017 21:11] [PENJUALAN] CASHIER FORM : TextBox_TextChanged, previousInput [1]
[ADMIN] [1/28/2017 21:11] [PENJUALAN] CASHIER FORM : TextBox_TextChanged, dataGridViewTextBoxEditingControl.Text did not pass REGEX Checking
[ADMIN] [1/28/2017 21:11] [PENJUALAN] CASHIER FORM : CALCULATE SUBTOTAL
[ADMIN] [1/28/2017 21:11] [PENJUALAN] CASHIER FORM : SUBTOTAL [0]
[ADMIN] [1/28/2017 21:11] [PENJUALAN] CASHIER FORM : TextBox_TextChanged, subtotal value [0]
[ADMIN] [1/28/2017 21:11] [PENJUALAN] CASHIER FORM : TextBox_TextChanged, attempt to calculate total value
[ADMIN] [1/28/2017 21:11] [PENJUALAN] CASHIER FORM : calculateTotal
[ADMIN] [1/28/2017 21:11] [PENJUALAN] CASHIER FORM : calculateTotal [0]
[ADMIN] [1/28/2017 21:11] [PENJUALAN] CASHIER FORM : calculateTotal, totalAfterDisc [0]
[ADMIN] [1/28/2017 21:11] [PENJUALAN] CASHIER FORM : calculateChangeValue, bayarTextBox.Text [0]
[ADMIN] [1/28/2017 21:11] [PENJUALAN] CASHIER FORM : calculateChangeValue, sisaBayar [0]
[ADMIN] [1/28/2017 21:11] [PENJUALAN] CASHIER FORM : cashierDataGridView_CellValueChanged [productPrice]
[ADMIN] [1/28/2017 21:11] [PENJUALAN] CASHIER FORM : TextBox_TextChanged, previousInput [1]
[ADMIN] [1/28/2017 21:11] [PENJUALAN] CASHIER FORM : TextBox_TextChanged, dataGridViewTextBoxEditingControl.Text did not pass REGEX Checking
[ADMIN] [1/28/2017 21:11] [PENJUALAN] CASHIER FORM : CALCULATE SUBTOTAL
[ADMIN] [1/28/2017 21:11] [PENJUALAN] CASHIER FORM : SUBTOTAL [0]
[ADMIN] [1/28/2017 21:11] [PENJUALAN] CASHIER FORM : TextBox_TextChanged, subtotal value [0]
[ADMIN] [1/28/2017 21:11] [PENJUALAN] CASHIER FORM : TextBox_TextChanged, attempt to calculate total value
[ADMIN] [1/28/2017 21:11] [PENJUALAN] CASHIER FORM : calculateTotal
[ADMIN] [1/28/2017 21:11] [PENJUALAN] CASHIER FORM : calculateTotal [0]
[ADMIN] [1/28/2017 21:11] [PENJUALAN] CASHIER FORM : calculateTotal, totalAfterDisc [0]
[ADMIN] [1/28/2017 21:11] [PENJUALAN] CASHIER FORM : calculateChangeValue, bayarTextBox.Text [0]
[ADMIN] [1/28/2017 21:11] [PENJUALAN] CASHIER FORM : calculateChangeValue, sisaBayar [0]
[ADMIN] [1/28/2017 21:11] [PENJUALAN] CASHIER FORM : cashierDataGridView_CellValueChanged [productPrice]
[ADMIN] [1/28/2017 21:11] [PENJUALAN] CASHIER FORM : TextBox_TextChanged, previousInput [1]
[ADMIN] [1/28/2017 21:11] [PENJUALAN] CASHIER FORM : TextBox_TextChanged, dataGridViewTextBoxEditingControl.Text did not pass REGEX Checking
[ADMIN] [1/28/2017 21:11] [PENJUALAN] CASHIER FORM : CALCULATE SUBTOTAL
[ADMIN] [1/28/2017 21:11] [PENJUALAN] CASHIER FORM : SUBTOTAL [0]
[ADMIN] [1/28/2017 21:11] [PENJUALAN] CASHIER FORM : TextBox_TextChanged, subtotal value [0]
[ADMIN] [1/28/2017 21:11] [PENJUALAN] CASHIER FORM : TextBox_TextChanged, attempt to calculate total value
[ADMIN] [1/28/2017 21:11] [PENJUALAN] CASHIER FORM : calculateTotal
[ADMIN] [1/28/2017 21:11] [PENJUALAN] CASHIER FORM : calculateTotal [0]
[ADMIN] [1/28/2017 21:11] [PENJUALAN] CASHIER FORM : calculateTotal, totalAfterDisc [0]
[ADMIN] [1/28/2017 21:11] [PENJUALAN] CASHIER FORM : calculateChangeValue, bayarTextBox.Text [0]
[ADMIN] [1/28/2017 21:11] [PENJUALAN] CASHIER FORM : calculateChangeValue, sisaBayar [0]
[ADMIN] [1/28/2017 21:11] [PENJUALAN] CASHIER FORM : cashierDataGridView_CellValueChanged [productPrice]
[ADMIN] [1/28/2017 21:11] [PENJUALAN] CASHIER FORM : TextBox_TextChanged, previousInput [1]
[ADMIN] [1/28/2017 21:11] [PENJUALAN] CASHIER FORM : TextBox_TextChanged, dataGridViewTextBoxEditingControl.Text did not pass REGEX Checking
[ADMIN] [1/28/2017 21:11] [PENJUALAN] CASHIER FORM : CALCULATE SUBTOTAL
[ADMIN] [1/28/2017 21:11] [PENJUALAN] CASHIER FORM : SUBTOTAL [0]
[ADMIN] [1/28/2017 21:11] [PENJUALAN] CASHIER FORM : TextBox_TextChanged, subtotal value [0]
[ADMIN] [1/28/2017 21:11] [PENJUALAN] CASHIER FORM : TextBox_TextChanged, attempt to calculate total value
[ADMIN] [1/28/2017 21:11] [PENJUALAN] CASHIER FORM : calculateTotal
[ADMIN] [1/28/2017 21:11] [PENJUALAN] CASHIER FORM : calculateTotal [0]
[ADMIN] [1/28/2017 21:11] [PENJUALAN] CASHIER FORM : calculateTotal, totalAfterDisc [0]
[ADMIN] [1/28/2017 21:11] [PENJUALAN] CASHIER FORM : calculateChangeValue, bayarTextBox.Text [0]
[ADMIN] [1/28/2017 21:11] [PENJUALAN] CASHIER FORM : calculateChangeValue, sisaBayar [0]
[ADMIN] [1/28/2017 21:11] [PENJUALAN] CASHIER FORM : cashierDataGridView_CellValueChanged [productPrice]
[ADMIN] [1/28/2017 21:11] [PENJUALAN] CASHIER FORM : TextBox_TextChanged, previousInput [1]
[ADMIN] [1/28/2017 21:11] [PENJUALAN] CASHIER FORM : TextBox_TextChanged, dataGridViewTextBoxEditingControl.Text did not pass REGEX Checking
[ADMIN] [1/28/2017 21:11] [PENJUALAN] CASHIER FORM : CALCULATE SUBTOTAL
[ADMIN] [1/28/2017 21:11] [PENJUALAN] CASHIER FORM : SUBTOTAL [0]
[ADMIN] [1/28/2017 21:11] [PENJUALAN] CASHIER FORM : TextBox_TextChanged, subtotal value [0]
[ADMIN] [1/28/2017 21:11] [PENJUALAN] CASHIER FORM : TextBox_TextChanged, attempt to calculate total value
[ADMIN] [1/28/2017 21:11] [PENJUALAN] CASHIER FORM : calculateTotal
[ADMIN] [1/28/2017 21:11] [PENJUALAN] CASHIER FORM : calculateTotal [0]
[ADMIN] [1/28/2017 21:11] [PENJUALAN] CASHIER FORM : calculateTotal, totalAfterDisc [0]
[ADMIN] [1/28/2017 21:11] [PENJUALAN] CASHIER FORM : calculateChangeValue, bayarTextBox.Text [0]
[ADMIN] [1/28/2017 21:11] [PENJUALAN] CASHIER FORM : calculateChangeValue, sisaBayar [0]
[ADMIN] [1/28/2017 21:11] [PENJUALAN] CASHIER FORM : cashierDataGridView_CellValueChanged [productPrice]
[ADMIN] [1/28/2017 21:11] [PENJUALAN] CASHIER FORM : TextBox_TextChanged, previousInput [1]
[ADMIN] [1/28/2017 21:11] [PENJUALAN] CASHIER FORM : TextBox_TextChanged, dataGridViewTextBoxEditingControl.Text pass REGEX Checking
[ADMIN] [1/28/2017 21:11] [PENJUALAN] CASHIER FORM : CALCULATE SUBTOTAL
[ADMIN] [1/28/2017 21:11] [PENJUALAN] CASHIER FORM : SUBTOTAL [0]
[ADMIN] [1/28/2017 21:11] [PENJUALAN] CASHIER FORM : TextBox_TextChanged, subtotal value [0]
[ADMIN] [1/28/2017 21:11] [PENJUALAN] CASHIER FORM : TextBox_TextChanged, attempt to calculate total value
[ADMIN] [1/28/2017 21:11] [PENJUALAN] CASHIER FORM : calculateTotal
[ADMIN] [1/28/2017 21:11] [PENJUALAN] CASHIER FORM : calculateTotal [0]
[ADMIN] [1/28/2017 21:11] [PENJUALAN] CASHIER FORM : calculateTotal, totalAfterDisc [0]
[ADMIN] [1/28/2017 21:11] [PENJUALAN] CASHIER FORM : calculateChangeValue, bayarTextBox.Text [0]
[ADMIN] [1/28/2017 21:11] [PENJUALAN] CASHIER FORM : calculateChangeValue, sisaBayar [0]
[ADMIN] [1/28/2017 21:11] [PENJUALAN] CASHIER FORM : cashierDataGridView_CellValueChanged [productPrice]
[ADMIN] [1/28/2017 21:11] [PENJUALAN] CASHIER FORM : TextBox_TextChanged, previousInput [12]
[ADMIN] [1/28/2017 21:11] [PENJUALAN] CASHIER FORM : TextBox_TextChanged, dataGridViewTextBoxEditingControl.Text did not pass REGEX Checking
[ADMIN] [1/28/2017 21:11] [PENJUALAN] CASHIER FORM : CALCULATE SUBTOTAL
[ADMIN] [1/28/2017 21:11] [PENJUALAN] CASHIER FORM : SUBTOTAL [0]
[ADMIN] [1/28/2017 21:11] [PENJUALAN] CASHIER FORM : TextBox_TextChanged, subtotal value [0]
[ADMIN] [1/28/2017 21:11] [PENJUALAN] CASHIER FORM : TextBox_TextChanged, attempt to calculate total value
[ADMIN] [1/28/2017 21:11] [PENJUALAN] CASHIER FORM : calculateTotal
[ADMIN] [1/28/2017 21:11] [PENJUALAN] CASHIER FORM : calculateTotal [0]
[ADMIN] [1/28/2017 21:11] [PENJUALAN] CASHIER FORM : calculateTotal, totalAfterDisc [0]
[ADMIN] [1/28/2017 21:11] [PENJUALAN] CASHIER FORM : calculateChangeValue, bayarTextBox.Text [0]
[ADMIN] [1/28/2017 21:11] [PENJUALAN] CASHIER FORM : calculateChangeValue, sisaBayar [0]
[ADMIN] [1/28/2017 21:11] [PENJUALAN] CASHIER FORM : cashierDataGridView_CellValueChanged [productPrice]
[ADMIN] [1/28/2017 21:11] [PENJUALAN] CASHIER FORM : TextBox_TextChanged, previousInput [12]
[ADMIN] [1/28/2017 21:11] [PENJUALAN] CASHIER FORM : TextBox_TextChanged, dataGridViewTextBoxEditingControl.Text did not pass REGEX Checking
[ADMIN] [1/28/2017 21:11] [PENJUALAN] CASHIER FORM : CALCULATE SUBTOTAL
[ADMIN] [1/28/2017 21:11] [PENJUALAN] CASHIER FORM : SUBTOTAL [0]
[ADMIN] [1/28/2017 21:11] [PENJUALAN] CASHIER FORM : TextBox_TextChanged, subtotal value [0]
[ADMIN] [1/28/2017 21:11] [PENJUALAN] CASHIER FORM : TextBox_TextChanged, attempt to calculate total value
[ADMIN] [1/28/2017 21:11] [PENJUALAN] CASHIER FORM : calculateTotal
[ADMIN] [1/28/2017 21:11] [PENJUALAN] CASHIER FORM : calculateTotal [0]
[ADMIN] [1/28/2017 21:11] [PENJUALAN] CASHIER FORM : calculateTotal, totalAfterDisc [0]
[ADMIN] [1/28/2017 21:11] [PENJUALAN] CASHIER FORM : calculateChangeValue, bayarTextBox.Text [0]
[ADMIN] [1/28/2017 21:11] [PENJUALAN] CASHIER FORM : calculateChangeValue, sisaBayar [0]
[ADMIN] [1/28/2017 21:11] [PENJUALAN] CASHIER FORM : cashierDataGridView_CellValueChanged [productPrice]
[ADMIN] [1/28/2017 21:11] [PENJUALAN] CASHIER FORM : TextBox_TextChanged, previousInput [12]
[ADMIN] [1/28/2017 21:11] [PENJUALAN] CASHIER FORM : TextBox_TextChanged, dataGridViewTextBoxEditingControl.Text did not pass REGEX Checking
[ADMIN] [1/28/2017 21:11] [PENJUALAN] CASHIER FORM : CALCULATE SUBTOTAL
[ADMIN] [1/28/2017 21:11] [PENJUALAN] CASHIER FORM : SUBTOTAL [0]
[ADMIN] [1/28/2017 21:11] [PENJUALAN] CASHIER FORM : TextBox_TextChanged, subtotal value [0]
[ADMIN] [1/28/2017 21:11] [PENJUALAN] CASHIER FORM : TextBox_TextChanged, attempt to calculate total value
[ADMIN] [1/28/2017 21:11] [PENJUALAN] CASHIER FORM : calculateTotal
[ADMIN] [1/28/2017 21:11] [PENJUALAN] CASHIER FORM : calculateTotal [0]
[ADMIN] [1/28/2017 21:11] [PENJUALAN] CASHIER FORM : calculateTotal, totalAfterDisc [0]
[ADMIN] [1/28/2017 21:11] [PENJUALAN] CASHIER FORM : calculateChangeValue, bayarTextBox.Text [0]
[ADMIN] [1/28/2017 21:11] [PENJUALAN] CASHIER FORM : calculateChangeValue, sisaBayar [0]
[ADMIN] [1/28/2017 21:12] [PENJUALAN] CASHIER FORM : UNREGISTER HOTKEY
[ADMIN] [1/28/2017 21:12] [PENJUALAN] CASHIER FORM : UNREGISTER HOTKEY
[ADMIN] [1/28/2017 21:12] [] USER ID = 1LOGOUT
