[] [1/29/2017 21:33] [] USER = ADMIN IS ACTIVE
[ADMIN] [1/29/2017 21:33] [] USER ID = 1 LOGIN SUCCESSFULLY
[ADMIN] [1/29/2017 21:33] [] ACTIVATE USER ACCESS RIGHT
[ADMIN] [1/29/2017 21:33] [] DISPLAY ADMIN FORM
[ADMIN] [1/29/2017 21:33] [] adminForm Load
[ADMIN] [1/29/2017 21:33] [] ACTIVATE USER ACCESS RIGHT
[ADMIN] [1/29/2017 21:33] [PENJUALAN] CASHIER FORM : MULTIPLE CASHIER INSTANCE [1]
[ADMIN] [1/29/2017 21:33] [PENJUALAN] CASHIER FORM : REGISTER HOTKEY
[ADMIN] [1/29/2017 21:33] [PENJUALAN] CASHIER FORM : cashierForm_Load, ATTEMPT TO LOAD NO FAKTUR
[ADMIN] [1/29/2017 21:33] [PENJUALAN] CASHIER FORM : loadNoFaktur, noFakturValue [SLO001]
[ADMIN] [1/29/2017 21:33] [PENJUALAN] CASHIER FORM : cashierForm_Load, ATTEMPT TO addColumnToDataGrid
[ADMIN] [1/29/2017 21:33] [PENJUALAN] CASHIER FORM : calculateTotal
[ADMIN] [1/29/2017 21:33] [PENJUALAN] CASHIER FORM : calculateTotal [0]
[ADMIN] [1/29/2017 21:33] [PENJUALAN] CASHIER FORM : calculateTotal, totalAfterDisc [0]
[ADMIN] [1/29/2017 21:33] [PENJUALAN] CASHIER FORM : calculateChangeValue, bayarTextBox.Text [0]
[ADMIN] [1/29/2017 21:33] [PENJUALAN] CASHIER FORM : calculateChangeValue, sisaBayar [0]
[ADMIN] [1/29/2017 21:33] [PENJUALAN] CASHIER FORM : REGISTER HOTKEY
[ADMIN] [1/29/2017 21:33] [PENJUALAN] CASHIER FORM : HOTKEY TO ADD NEW ROW PRESSED
[ADMIN] [1/29/2017 21:33] [PENJUALAN] CASHIER FORM : ADD NEW ROW,  isActive [True]
[ADMIN] [1/29/2017 21:33] [PENJUALAN] CASHIER FORM : ADD NEW ROW,  ROW COUNT [0]
[ADMIN] [1/29/2017 21:33] [PENJUALAN] CASHIER FORM : ADD NEW ROW,  ALLOW TO ADD [True]
[ADMIN] [1/29/2017 21:33] [PENJUALAN] CASHIER FORM : cashierDataGridView_CellValueChanged [F8]
[ADMIN] [1/29/2017 21:33] [PENJUALAN] CASHIER FORM : cashierDataGridView_CellValueChanged [hpp]
[ADMIN] [1/29/2017 21:33] [PENJUALAN] CASHIER FORM : cashierDataGridView_CellValueChanged [productPrice]
[ADMIN] [1/29/2017 21:33] [PENJUALAN] CASHIER FORM : TextBox_TextChanged, previousInput []
[ADMIN] [1/29/2017 21:33] [PENJUALAN] CASHIER FORM : TextBox_TextChanged, dataGridViewTextBoxEditingControl.Text pass REGEX Checking
[ADMIN] [1/29/2017 21:33] [PENJUALAN] CASHIER FORM : CALCULATE SUBTOTAL
[ADMIN] [1/29/2017 21:33] [PENJUALAN] CASHIER FORM : SUBTOTAL [0]
[ADMIN] [1/29/2017 21:33] [PENJUALAN] CASHIER FORM : TextBox_TextChanged, subtotal value [0]
[ADMIN] [1/29/2017 21:33] [PENJUALAN] CASHIER FORM : TextBox_TextChanged, attempt to calculate total value
[ADMIN] [1/29/2017 21:33] [PENJUALAN] CASHIER FORM : calculateTotal
[ADMIN] [1/29/2017 21:33] [PENJUALAN] CASHIER FORM : calculateTotal [0]
[ADMIN] [1/29/2017 21:33] [PENJUALAN] CASHIER FORM : calculateTotal, totalAfterDisc [0]
[ADMIN] [1/29/2017 21:33] [PENJUALAN] CASHIER FORM : calculateChangeValue, bayarTextBox.Text [0]
[ADMIN] [1/29/2017 21:33] [PENJUALAN] CASHIER FORM : calculateChangeValue, sisaBayar [0]
[ADMIN] [1/29/2017 21:33] [PENJUALAN] CASHIER FORM : cashierDataGridView_CellValueChanged [disc1]
[ADMIN] [1/29/2017 21:33] [PENJUALAN] CASHIER FORM : TextBox_TextChanged, previousInput []
[ADMIN] [1/29/2017 21:33] [PENJUALAN] CASHIER FORM : TextBox_TextChanged, dataGridViewTextBoxEditingControl.Text pass REGEX Checking
[ADMIN] [1/29/2017 21:33] [PENJUALAN] CASHIER FORM : CALCULATE SUBTOTAL
[ADMIN] [1/29/2017 21:33] [PENJUALAN] CASHIER FORM : SUBTOTAL [0]
[ADMIN] [1/29/2017 21:33] [PENJUALAN] CASHIER FORM : TextBox_TextChanged, subtotal value [0]
[ADMIN] [1/29/2017 21:33] [PENJUALAN] CASHIER FORM : TextBox_TextChanged, attempt to calculate total value
[ADMIN] [1/29/2017 21:33] [PENJUALAN] CASHIER FORM : calculateTotal
[ADMIN] [1/29/2017 21:33] [PENJUALAN] CASHIER FORM : calculateTotal [0]
[ADMIN] [1/29/2017 21:33] [PENJUALAN] CASHIER FORM : calculateTotal, totalAfterDisc [0]
[ADMIN] [1/29/2017 21:33] [PENJUALAN] CASHIER FORM : calculateChangeValue, bayarTextBox.Text [0]
[ADMIN] [1/29/2017 21:33] [PENJUALAN] CASHIER FORM : calculateChangeValue, sisaBayar [0]
[ADMIN] [1/29/2017 21:33] [PENJUALAN] CASHIER FORM : cashierDataGridView_CellValueChanged [qty]
[ADMIN] [1/29/2017 21:33] [PENJUALAN] CASHIER FORM : TextBox_TextChanged, previousInput []
[ADMIN] [1/29/2017 21:33] [PENJUALAN] CASHIER FORM : TextBox_TextChanged, dataGridViewTextBoxEditingControl.Text pass REGEX Checking
[ADMIN] [1/29/2017 21:33] [] CHECK STOCK QTY IS ENOUGH []
[ADMIN] [1/29/2017 21:33] [PENJUALAN] CASHIER FORM : CALCULATE SUBTOTAL
[ADMIN] [1/29/2017 21:33] [PENJUALAN] CASHIER FORM : SUBTOTAL [0]
[ADMIN] [1/29/2017 21:33] [PENJUALAN] CASHIER FORM : TextBox_TextChanged, subtotal value [0]
[ADMIN] [1/29/2017 21:33] [PENJUALAN] CASHIER FORM : TextBox_TextChanged, attempt to calculate total value
[ADMIN] [1/29/2017 21:33] [PENJUALAN] CASHIER FORM : calculateTotal
[ADMIN] [1/29/2017 21:33] [PENJUALAN] CASHIER FORM : calculateTotal [0]
[ADMIN] [1/29/2017 21:33] [PENJUALAN] CASHIER FORM : calculateTotal, totalAfterDisc [0]
[ADMIN] [1/29/2017 21:33] [PENJUALAN] CASHIER FORM : calculateChangeValue, bayarTextBox.Text [0]
[ADMIN] [1/29/2017 21:33] [PENJUALAN] CASHIER FORM : calculateChangeValue, sisaBayar [0]
[ADMIN] [1/29/2017 21:33] [PENJUALAN] CASHIER FORM : cashierDataGridView_CellValueChanged [disc2]
[ADMIN] [1/29/2017 21:33] [PENJUALAN] CASHIER FORM : TextBox_TextChanged, previousInput []
[ADMIN] [1/29/2017 21:33] [PENJUALAN] CASHIER FORM : TextBox_TextChanged, dataGridViewTextBoxEditingControl.Text pass REGEX Checking
[ADMIN] [1/29/2017 21:33] [PENJUALAN] CASHIER FORM : CALCULATE SUBTOTAL
[ADMIN] [1/29/2017 21:33] [PENJUALAN] CASHIER FORM : SUBTOTAL [0]
[ADMIN] [1/29/2017 21:33] [PENJUALAN] CASHIER FORM : TextBox_TextChanged, subtotal value [0]
[ADMIN] [1/29/2017 21:33] [PENJUALAN] CASHIER FORM : TextBox_TextChanged, attempt to calculate total value
[ADMIN] [1/29/2017 21:33] [PENJUALAN] CASHIER FORM : calculateTotal
[ADMIN] [1/29/2017 21:33] [PENJUALAN] CASHIER FORM : calculateTotal [0]
[ADMIN] [1/29/2017 21:33] [PENJUALAN] CASHIER FORM : calculateTotal, totalAfterDisc [0]
[ADMIN] [1/29/2017 21:33] [PENJUALAN] CASHIER FORM : calculateChangeValue, bayarTextBox.Text [0]
[ADMIN] [1/29/2017 21:33] [PENJUALAN] CASHIER FORM : calculateChangeValue, sisaBayar [0]
[ADMIN] [1/29/2017 21:33] [PENJUALAN] CASHIER FORM : cashierDataGridView_CellValueChanged [discRP]
[ADMIN] [1/29/2017 21:33] [PENJUALAN] CASHIER FORM : TextBox_TextChanged, previousInput []
[ADMIN] [1/29/2017 21:33] [PENJUALAN] CASHIER FORM : TextBox_TextChanged, dataGridViewTextBoxEditingControl.Text pass REGEX Checking
[ADMIN] [1/29/2017 21:33] [PENJUALAN] CASHIER FORM : CALCULATE SUBTOTAL
[ADMIN] [1/29/2017 21:33] [PENJUALAN] CASHIER FORM : SUBTOTAL [0]
[ADMIN] [1/29/2017 21:33] [PENJUALAN] CASHIER FORM : TextBox_TextChanged, subtotal value [0]
[ADMIN] [1/29/2017 21:33] [PENJUALAN] CASHIER FORM : TextBox_TextChanged, attempt to calculate total value
[ADMIN] [1/29/2017 21:33] [PENJUALAN] CASHIER FORM : calculateTotal
[ADMIN] [1/29/2017 21:33] [PENJUALAN] CASHIER FORM : calculateTotal [0]
[ADMIN] [1/29/2017 21:33] [PENJUALAN] CASHIER FORM : calculateTotal, totalAfterDisc [0]
[ADMIN] [1/29/2017 21:33] [PENJUALAN] CASHIER FORM : calculateChangeValue, bayarTextBox.Text [0]
[ADMIN] [1/29/2017 21:33] [PENJUALAN] CASHIER FORM : calculateChangeValue, sisaBayar [0]
[ADMIN] [1/29/2017 21:33] [PENJUALAN] CASHIER FORM : cashierDataGridView_CellValueChanged [jumlah]
[ADMIN] [1/29/2017 21:33] [PENJUALAN] CASHIER FORM : cashierDataGridView_CellValueChanged [productName]
[ADMIN] [1/29/2017 21:33] [PENJUALAN] CASHIER FORM : cashierDataGridView_CellValueChanged [productName]
[ADMIN] [1/29/2017 21:33] [PENJUALAN] CASHIER FORM : cashierDataGridView_CellValueChanged [productID]
[ADMIN] [1/29/2017 21:33] [PENJUALAN] CASHIER FORM : PRODUCT PRICE TYPE [PRODUCT_BASE_PRICE]
[ADMIN] [1/29/2017 21:33] [PENJUALAN] CASHIER FORM : PRODUCT PRICE [11]
[ADMIN] [1/29/2017 21:33] [PENJUALAN] CASHIER FORM : ComboBox_SelectedIndexChanged, PRODUCT_BASE_PRICE [11]
[ADMIN] [1/29/2017 21:33] [PENJUALAN] CASHIER FORM : cashierDataGridView_CellValueChanged [hpp]
[ADMIN] [1/29/2017 21:33] [PENJUALAN] CASHIER FORM : PRODUCT PRICE TYPE [PRODUCT_RETAIL_PRICE]
[ADMIN] [1/29/2017 21:33] [PENJUALAN] CASHIER FORM : PRODUCT PRICE [1]
[ADMIN] [1/29/2017 21:33] [PENJUALAN] CASHIER FORM : ComboBox_SelectedIndexChanged, PRODUCT_SALES_PRICE [1]
[ADMIN] [1/29/2017 21:33] [PENJUALAN] CASHIER FORM : cashierDataGridView_CellValueChanged [productPrice]
[ADMIN] [1/29/2017 21:33] [PENJUALAN] CASHIER FORM : TextBox_TextChanged, previousInput []
[ADMIN] [1/29/2017 21:33] [PENJUALAN] CASHIER FORM : TextBox_TextChanged, dataGridViewTextBoxEditingControl.Text pass REGEX Checking
[ADMIN] [1/29/2017 21:33] [PENJUALAN] CASHIER FORM : CALCULATE SUBTOTAL
[ADMIN] [1/29/2017 21:33] [PENJUALAN] CASHIER FORM : SUBTOTAL [0]
[ADMIN] [1/29/2017 21:33] [PENJUALAN] CASHIER FORM : TextBox_TextChanged, subtotal value [0]
[ADMIN] [1/29/2017 21:33] [PENJUALAN] CASHIER FORM : TextBox_TextChanged, attempt to calculate total value
[ADMIN] [1/29/2017 21:33] [PENJUALAN] CASHIER FORM : calculateTotal
[ADMIN] [1/29/2017 21:33] [PENJUALAN] CASHIER FORM : calculateTotal [0]
[ADMIN] [1/29/2017 21:33] [PENJUALAN] CASHIER FORM : calculateTotal, totalAfterDisc [0]
[ADMIN] [1/29/2017 21:33] [PENJUALAN] CASHIER FORM : calculateChangeValue, bayarTextBox.Text [0]
[ADMIN] [1/29/2017 21:33] [PENJUALAN] CASHIER FORM : calculateChangeValue, sisaBayar [0]
[ADMIN] [1/29/2017 21:33] [PENJUALAN] CASHIER FORM : cashierDataGridView_CellValueChanged [qty]
[ADMIN] [1/29/2017 21:33] [PENJUALAN] CASHIER FORM : TextBox_TextChanged, previousInput []
[ADMIN] [1/29/2017 21:33] [PENJUALAN] CASHIER FORM : TextBox_TextChanged, dataGridViewTextBoxEditingControl.Text pass REGEX Checking
[ADMIN] [1/29/2017 21:33] [] CHECK STOCK QTY IS ENOUGH [105]
[ADMIN] [1/29/2017 21:33] [] CHECK STOCK QTY IS ENOUGH [33, 0]
[ADMIN] [1/29/2017 21:33] [PENJUALAN] CASHIER FORM : CALCULATE SUBTOTAL
[ADMIN] [1/29/2017 21:33] [PENJUALAN] CASHIER FORM : SUBTOTAL [0]
[ADMIN] [1/29/2017 21:33] [PENJUALAN] CASHIER FORM : TextBox_TextChanged, subtotal value [0]
[ADMIN] [1/29/2017 21:33] [PENJUALAN] CASHIER FORM : TextBox_TextChanged, attempt to calculate total value
[ADMIN] [1/29/2017 21:33] [PENJUALAN] CASHIER FORM : calculateTotal
[ADMIN] [1/29/2017 21:33] [PENJUALAN] CASHIER FORM : calculateTotal [0]
[ADMIN] [1/29/2017 21:33] [PENJUALAN] CASHIER FORM : calculateTotal, totalAfterDisc [0]
[ADMIN] [1/29/2017 21:33] [PENJUALAN] CASHIER FORM : calculateChangeValue, bayarTextBox.Text [0]
[ADMIN] [1/29/2017 21:33] [PENJUALAN] CASHIER FORM : calculateChangeValue, sisaBayar [0]
[ADMIN] [1/29/2017 21:33] [PENJUALAN] CASHIER FORM : cashierDataGridView_CellValueChanged [jumlah]
[ADMIN] [1/29/2017 21:33] [PENJUALAN] CASHIER FORM : ComboBox_SelectedIndexChanged, attempt to calculate total
[ADMIN] [1/29/2017 21:33] [PENJUALAN] CASHIER FORM : calculateTotal
[ADMIN] [1/29/2017 21:33] [PENJUALAN] CASHIER FORM : calculateTotal [0]
[ADMIN] [1/29/2017 21:33] [PENJUALAN] CASHIER FORM : calculateTotal, totalAfterDisc [0]
[ADMIN] [1/29/2017 21:33] [PENJUALAN] CASHIER FORM : calculateChangeValue, bayarTextBox.Text [0]
[ADMIN] [1/29/2017 21:33] [PENJUALAN] CASHIER FORM : calculateChangeValue, sisaBayar [0]
[ADMIN] [1/29/2017 21:33] [PENJUALAN] CASHIER FORM : cashierDataGridView_CellValueChanged [qty]
[ADMIN] [1/29/2017 21:33] [PENJUALAN] CASHIER FORM : TextBox_TextChanged, previousInput []
[ADMIN] [1/29/2017 21:33] [PENJUALAN] CASHIER FORM : TextBox_TextChanged, dataGridViewTextBoxEditingControl.Text pass REGEX Checking
[ADMIN] [1/29/2017 21:33] [] CHECK STOCK QTY IS ENOUGH [105]
[ADMIN] [1/29/2017 21:33] [] CHECK STOCK QTY IS ENOUGH [33, 2]
[ADMIN] [1/29/2017 21:33] [PENJUALAN] CASHIER FORM : CALCULATE SUBTOTAL
[ADMIN] [1/29/2017 21:33] [PENJUALAN] CASHIER FORM : SUBTOTAL [2]
[ADMIN] [1/29/2017 21:33] [PENJUALAN] CASHIER FORM : TextBox_TextChanged, subtotal value [2]
[ADMIN] [1/29/2017 21:33] [PENJUALAN] CASHIER FORM : TextBox_TextChanged, attempt to calculate total value
[ADMIN] [1/29/2017 21:33] [PENJUALAN] CASHIER FORM : calculateTotal
[ADMIN] [1/29/2017 21:33] [PENJUALAN] CASHIER FORM : calculateTotal [2]
[ADMIN] [1/29/2017 21:33] [PENJUALAN] CASHIER FORM : calculateTotal, totalAfterDisc [2]
[ADMIN] [1/29/2017 21:33] [PENJUALAN] CASHIER FORM : calculateChangeValue, bayarTextBox.Text [0]
[ADMIN] [1/29/2017 21:33] [PENJUALAN] CASHIER FORM : calculateChangeValue, sisaBayar [0]
[ADMIN] [1/29/2017 21:33] [PENJUALAN] CASHIER FORM : cashierDataGridView_CellValueChanged [qty]
[ADMIN] [1/29/2017 21:33] [PENJUALAN] CASHIER FORM : TextBox_TextChanged, previousInput []
[ADMIN] [1/29/2017 21:33] [PENJUALAN] CASHIER FORM : TextBox_TextChanged, dataGridViewTextBoxEditingControl.Text pass REGEX Checking
[ADMIN] [1/29/2017 21:33] [] CHECK STOCK QTY IS ENOUGH [105]
[ADMIN] [1/29/2017 21:33] [] CHECK STOCK QTY IS ENOUGH [33, 22]
[ADMIN] [1/29/2017 21:33] [PENJUALAN] CASHIER FORM : CALCULATE SUBTOTAL
[ADMIN] [1/29/2017 21:33] [PENJUALAN] CASHIER FORM : SUBTOTAL [22]
[ADMIN] [1/29/2017 21:33] [PENJUALAN] CASHIER FORM : TextBox_TextChanged, subtotal value [22]
[ADMIN] [1/29/2017 21:33] [PENJUALAN] CASHIER FORM : TextBox_TextChanged, attempt to calculate total value
[ADMIN] [1/29/2017 21:33] [PENJUALAN] CASHIER FORM : calculateTotal
[ADMIN] [1/29/2017 21:33] [PENJUALAN] CASHIER FORM : calculateTotal [22]
[ADMIN] [1/29/2017 21:33] [PENJUALAN] CASHIER FORM : calculateTotal, totalAfterDisc [22]
[ADMIN] [1/29/2017 21:33] [PENJUALAN] CASHIER FORM : calculateChangeValue, bayarTextBox.Text [0]
[ADMIN] [1/29/2017 21:33] [PENJUALAN] CASHIER FORM : calculateChangeValue, sisaBayar [0]
[ADMIN] [1/29/2017 21:33] [PENJUALAN] CASHIER FORM : cashierDataGridView_CellValueChanged [qty]
[ADMIN] [1/29/2017 21:33] [PENJUALAN] CASHIER FORM : TextBox_TextChanged, previousInput []
[ADMIN] [1/29/2017 21:33] [PENJUALAN] CASHIER FORM : TextBox_TextChanged, dataGridViewTextBoxEditingControl.Text pass REGEX Checking
[ADMIN] [1/29/2017 21:33] [] CHECK STOCK QTY IS ENOUGH [105]
[ADMIN] [1/29/2017 21:33] [] CHECK STOCK QTY IS ENOUGH [33, 222]
[ADMIN] [1/29/2017 21:33] [PENJUALAN] CASHIER FORM : cashierDataGridView_CellValueChanged [qty]
[ADMIN] [1/29/2017 21:33] [PENJUALAN] CASHIER FORM : TextBox_TextChanged, previousInput []
[ADMIN] [1/29/2017 21:33] [PENJUALAN] CASHIER FORM : TextBox_TextChanged, dataGridViewTextBoxEditingControl.Text pass REGEX Checking
[ADMIN] [1/29/2017 21:33] [] CHECK STOCK QTY IS ENOUGH [105]
[ADMIN] [1/29/2017 21:33] [] CHECK STOCK QTY IS ENOUGH [33, 2222]
[ADMIN] [1/29/2017 21:33] [PENJUALAN] CASHIER FORM : cashierDataGridView_CellValueChanged [disc2]
[ADMIN] [1/29/2017 21:33] [PENJUALAN] CASHIER FORM : TextBox_TextChanged, previousInput []
[ADMIN] [1/29/2017 21:33] [PENJUALAN] CASHIER FORM : TextBox_TextChanged, dataGridViewTextBoxEditingControl.Text pass REGEX Checking
[ADMIN] [1/29/2017 21:33] [PENJUALAN] CASHIER FORM : CALCULATE SUBTOTAL
[ADMIN] [1/29/2017 21:33] [PENJUALAN] CASHIER FORM : SUBTOTAL [2199.78]
[ADMIN] [1/29/2017 21:33] [PENJUALAN] CASHIER FORM : TextBox_TextChanged, subtotal value [2199.78]
[ADMIN] [1/29/2017 21:33] [PENJUALAN] CASHIER FORM : TextBox_TextChanged, attempt to calculate total value
[ADMIN] [1/29/2017 21:33] [PENJUALAN] CASHIER FORM : calculateTotal
[ADMIN] [1/29/2017 21:33] [PENJUALAN] CASHIER FORM : calculateTotal [2199.78]
[ADMIN] [1/29/2017 21:33] [PENJUALAN] CASHIER FORM : calculateTotal, totalAfterDisc [2199.78]
[ADMIN] [1/29/2017 21:33] [PENJUALAN] CASHIER FORM : calculateChangeValue, bayarTextBox.Text [0]
[ADMIN] [1/29/2017 21:33] [PENJUALAN] CASHIER FORM : calculateChangeValue, sisaBayar [0]
[ADMIN] [1/29/2017 21:33] [PENJUALAN] CASHIER FORM : cashierDataGridView_CellValueChanged [disc2]
[ADMIN] [1/29/2017 21:33] [PENJUALAN] CASHIER FORM : TextBox_TextChanged, previousInput []
[ADMIN] [1/29/2017 21:33] [PENJUALAN] CASHIER FORM : TextBox_TextChanged, dataGridViewTextBoxEditingControl.Text pass REGEX Checking
[ADMIN] [1/29/2017 21:33] [PENJUALAN] CASHIER FORM : CALCULATE SUBTOTAL
[ADMIN] [1/29/2017 21:33] [PENJUALAN] CASHIER FORM : SUBTOTAL [1955.36]
[ADMIN] [1/29/2017 21:33] [PENJUALAN] CASHIER FORM : TextBox_TextChanged, subtotal value [1955.36]
[ADMIN] [1/29/2017 21:33] [PENJUALAN] CASHIER FORM : TextBox_TextChanged, attempt to calculate total value
[ADMIN] [1/29/2017 21:33] [PENJUALAN] CASHIER FORM : calculateTotal
[ADMIN] [1/29/2017 21:33] [PENJUALAN] CASHIER FORM : calculateTotal [1955.36]
[ADMIN] [1/29/2017 21:33] [PENJUALAN] CASHIER FORM : calculateTotal, totalAfterDisc [1955.36]
[ADMIN] [1/29/2017 21:33] [PENJUALAN] CASHIER FORM : calculateChangeValue, bayarTextBox.Text [0]
[ADMIN] [1/29/2017 21:33] [PENJUALAN] CASHIER FORM : calculateChangeValue, sisaBayar [0]
[ADMIN] [1/29/2017 21:33] [PENJUALAN] CASHIER FORM : cashierDataGridView_CellValueChanged [discRP]
[ADMIN] [1/29/2017 21:33] [PENJUALAN] CASHIER FORM : TextBox_TextChanged, previousInput []
[ADMIN] [1/29/2017 21:33] [PENJUALAN] CASHIER FORM : TextBox_TextChanged, dataGridViewTextBoxEditingControl.Text pass REGEX Checking
[ADMIN] [1/29/2017 21:33] [PENJUALAN] CASHIER FORM : CALCULATE SUBTOTAL
[ADMIN] [1/29/2017 21:33] [PENJUALAN] CASHIER FORM : SUBTOTAL [1950.36]
[ADMIN] [1/29/2017 21:33] [PENJUALAN] CASHIER FORM : TextBox_TextChanged, subtotal value [1950.36]
[ADMIN] [1/29/2017 21:33] [PENJUALAN] CASHIER FORM : TextBox_TextChanged, attempt to calculate total value
[ADMIN] [1/29/2017 21:33] [PENJUALAN] CASHIER FORM : calculateTotal
[ADMIN] [1/29/2017 21:33] [PENJUALAN] CASHIER FORM : calculateTotal [1950.36]
[ADMIN] [1/29/2017 21:33] [PENJUALAN] CASHIER FORM : calculateTotal, totalAfterDisc [1950.36]
[ADMIN] [1/29/2017 21:33] [PENJUALAN] CASHIER FORM : calculateChangeValue, bayarTextBox.Text [0]
[ADMIN] [1/29/2017 21:33] [PENJUALAN] CASHIER FORM : calculateChangeValue, sisaBayar [0]
[ADMIN] [1/29/2017 21:33] [PENJUALAN] CASHIER FORM : cashierDataGridView_CellValueChanged [discRP]
[ADMIN] [1/29/2017 21:33] [PENJUALAN] CASHIER FORM : TextBox_TextChanged, previousInput []
[ADMIN] [1/29/2017 21:33] [PENJUALAN] CASHIER FORM : TextBox_TextChanged, dataGridViewTextBoxEditingControl.Text pass REGEX Checking
[ADMIN] [1/29/2017 21:33] [PENJUALAN] CASHIER FORM : CALCULATE SUBTOTAL
[ADMIN] [1/29/2017 21:33] [PENJUALAN] CASHIER FORM : SUBTOTAL [1905.36]
[ADMIN] [1/29/2017 21:33] [PENJUALAN] CASHIER FORM : TextBox_TextChanged, subtotal value [1905.36]
[ADMIN] [1/29/2017 21:33] [PENJUALAN] CASHIER FORM : TextBox_TextChanged, attempt to calculate total value
[ADMIN] [1/29/2017 21:33] [PENJUALAN] CASHIER FORM : calculateTotal
[ADMIN] [1/29/2017 21:33] [PENJUALAN] CASHIER FORM : calculateTotal [1905.36]
[ADMIN] [1/29/2017 21:33] [PENJUALAN] CASHIER FORM : calculateTotal, totalAfterDisc [1905.36]
[ADMIN] [1/29/2017 21:33] [PENJUALAN] CASHIER FORM : calculateChangeValue, bayarTextBox.Text [0]
[ADMIN] [1/29/2017 21:33] [PENJUALAN] CASHIER FORM : calculateChangeValue, sisaBayar [0]
[ADMIN] [1/29/2017 21:33] [PENJUALAN] CASHIER FORM : cashierDataGridView_CellValueChanged [discRP]
[ADMIN] [1/29/2017 21:33] [PENJUALAN] CASHIER FORM : TextBox_TextChanged, previousInput []
[ADMIN] [1/29/2017 21:33] [PENJUALAN] CASHIER FORM : TextBox_TextChanged, dataGridViewTextBoxEditingControl.Text pass REGEX Checking
[ADMIN] [1/29/2017 21:33] [PENJUALAN] CASHIER FORM : CALCULATE SUBTOTAL
[ADMIN] [1/29/2017 21:33] [PENJUALAN] CASHIER FORM : SUBTOTAL [1455.36]
[ADMIN] [1/29/2017 21:33] [PENJUALAN] CASHIER FORM : TextBox_TextChanged, subtotal value [1455.36]
[ADMIN] [1/29/2017 21:33] [PENJUALAN] CASHIER FORM : TextBox_TextChanged, attempt to calculate total value
[ADMIN] [1/29/2017 21:33] [PENJUALAN] CASHIER FORM : calculateTotal
[ADMIN] [1/29/2017 21:33] [PENJUALAN] CASHIER FORM : calculateTotal [1455.36]
[ADMIN] [1/29/2017 21:33] [PENJUALAN] CASHIER FORM : calculateTotal, totalAfterDisc [1455.36]
[ADMIN] [1/29/2017 21:33] [PENJUALAN] CASHIER FORM : calculateChangeValue, bayarTextBox.Text [0]
[ADMIN] [1/29/2017 21:33] [PENJUALAN] CASHIER FORM : calculateChangeValue, sisaBayar [0]
[ADMIN] [1/29/2017 21:33] [PENJUALAN] CASHIER FORM : DISPLAY PELANGGAN FORM
[ADMIN] [1/29/2017 21:33] [PENJUALAN] CASHIER FORM : UNREGISTER HOTKEY
[ADMIN] [1/29/2017 21:33] [PENJUALAN] CASHIER FORM : SELECTED CUSTOMER ID [4]
[ADMIN] [1/29/2017 21:33] [PENJUALAN] CASHIER FORM : ATTEMPT TO SET CUSTOMER PROFILE
[ADMIN] [1/29/2017 21:33] [PENJUALAN] CASHIER FORM : SET CUSTOMER PROFILE [AAAA]
[ADMIN] [1/29/2017 21:33] [PENJUALAN] CASHIER FORM : CUSTOMER GROUP [P-UMUM [ECER]]
[ADMIN] [1/29/2017 21:33] [PENJUALAN] CASHIER FORM : FINISHED SET CUSTOMER PROFILE
[ADMIN] [1/29/2017 21:33] [PENJUALAN] CASHIER FORM : ATTEMPT TO REFRESH PRODUCT PRICE
[ADMIN] [1/29/2017 21:33] [PENJUALAN] CASHIER FORM : PRODUCT PRICE TYPE [PRODUCT_RETAIL_PRICE]
[ADMIN] [1/29/2017 21:33] [PENJUALAN] CASHIER FORM : PRODUCT PRICE [1]
[ADMIN] [1/29/2017 21:33] [PENJUALAN] CASHIER FORM : CHECK IF THERE'S ANY ENTRY IN THE PRODUCT DISC
[ADMIN] [1/29/2017 21:33] [PENJUALAN] CASHIER FORM : cashierDataGridView_CellValueChanged [disc1]
[ADMIN] [1/29/2017 21:33] [PENJUALAN] CASHIER FORM : TextBox_TextChanged, previousInput []
[ADMIN] [1/29/2017 21:33] [PENJUALAN] CASHIER FORM : TextBox_TextChanged, dataGridViewTextBoxEditingControl.Text pass REGEX Checking
[ADMIN] [1/29/2017 21:33] [PENJUALAN] CASHIER FORM : CALCULATE SUBTOTAL
[ADMIN] [1/29/2017 21:33] [PENJUALAN] CASHIER FORM : SUBTOTAL [1455.36]
[ADMIN] [1/29/2017 21:33] [PENJUALAN] CASHIER FORM : TextBox_TextChanged, subtotal value [1455.36]
[ADMIN] [1/29/2017 21:33] [PENJUALAN] CASHIER FORM : TextBox_TextChanged, attempt to calculate total value
[ADMIN] [1/29/2017 21:33] [PENJUALAN] CASHIER FORM : calculateTotal
[ADMIN] [1/29/2017 21:33] [PENJUALAN] CASHIER FORM : calculateTotal [1455.36]
[ADMIN] [1/29/2017 21:33] [PENJUALAN] CASHIER FORM : calculateTotal, totalAfterDisc [1455.36]
[ADMIN] [1/29/2017 21:33] [PENJUALAN] CASHIER FORM : calculateChangeValue, bayarTextBox.Text [0]
[ADMIN] [1/29/2017 21:33] [PENJUALAN] CASHIER FORM : calculateChangeValue, sisaBayar [0]
[ADMIN] [1/29/2017 21:33] [PENJUALAN] CASHIER FORM : cashierDataGridView_CellValueChanged [disc2]
[ADMIN] [1/29/2017 21:33] [PENJUALAN] CASHIER FORM : TextBox_TextChanged, previousInput []
[ADMIN] [1/29/2017 21:33] [PENJUALAN] CASHIER FORM : TextBox_TextChanged, dataGridViewTextBoxEditingControl.Text pass REGEX Checking
[ADMIN] [1/29/2017 21:33] [PENJUALAN] CASHIER FORM : CALCULATE SUBTOTAL
[ADMIN] [1/29/2017 21:33] [PENJUALAN] CASHIER FORM : SUBTOTAL [1722]
[ADMIN] [1/29/2017 21:33] [PENJUALAN] CASHIER FORM : TextBox_TextChanged, subtotal value [1722]
[ADMIN] [1/29/2017 21:33] [PENJUALAN] CASHIER FORM : TextBox_TextChanged, attempt to calculate total value
[ADMIN] [1/29/2017 21:33] [PENJUALAN] CASHIER FORM : calculateTotal
[ADMIN] [1/29/2017 21:33] [PENJUALAN] CASHIER FORM : calculateTotal [1722]
[ADMIN] [1/29/2017 21:33] [PENJUALAN] CASHIER FORM : calculateTotal, totalAfterDisc [1722]
[ADMIN] [1/29/2017 21:33] [PENJUALAN] CASHIER FORM : calculateChangeValue, bayarTextBox.Text [0]
[ADMIN] [1/29/2017 21:33] [PENJUALAN] CASHIER FORM : calculateChangeValue, sisaBayar [0]
[ADMIN] [1/29/2017 21:33] [PENJUALAN] CASHIER FORM : cashierDataGridView_CellValueChanged [discRP]
[ADMIN] [1/29/2017 21:33] [PENJUALAN] CASHIER FORM : TextBox_TextChanged, previousInput []
[ADMIN] [1/29/2017 21:33] [PENJUALAN] CASHIER FORM : TextBox_TextChanged, dataGridViewTextBoxEditingControl.Text pass REGEX Checking
[ADMIN] [1/29/2017 21:33] [PENJUALAN] CASHIER FORM : CALCULATE SUBTOTAL
[ADMIN] [1/29/2017 21:33] [PENJUALAN] CASHIER FORM : SUBTOTAL [2222]
[ADMIN] [1/29/2017 21:33] [PENJUALAN] CASHIER FORM : TextBox_TextChanged, subtotal value [2222]
[ADMIN] [1/29/2017 21:33] [PENJUALAN] CASHIER FORM : TextBox_TextChanged, attempt to calculate total value
[ADMIN] [1/29/2017 21:33] [PENJUALAN] CASHIER FORM : calculateTotal
[ADMIN] [1/29/2017 21:33] [PENJUALAN] CASHIER FORM : calculateTotal [2222]
[ADMIN] [1/29/2017 21:33] [PENJUALAN] CASHIER FORM : calculateTotal, totalAfterDisc [2222]
[ADMIN] [1/29/2017 21:33] [PENJUALAN] CASHIER FORM : calculateChangeValue, bayarTextBox.Text [0]
[ADMIN] [1/29/2017 21:33] [PENJUALAN] CASHIER FORM : calculateChangeValue, sisaBayar [0]
[ADMIN] [1/29/2017 21:33] [PENJUALAN] CASHIER FORM : CALCULATE SUBTOTAL
[ADMIN] [1/29/2017 21:33] [PENJUALAN] CASHIER FORM : SUBTOTAL [2222]
[ADMIN] [1/29/2017 21:33] [PENJUALAN] CASHIER FORM : calculateTotal
[ADMIN] [1/29/2017 21:33] [PENJUALAN] CASHIER FORM : calculateTotal [2222]
[ADMIN] [1/29/2017 21:33] [PENJUALAN] CASHIER FORM : calculateTotal, totalAfterDisc [2222]
[ADMIN] [1/29/2017 21:33] [PENJUALAN] CASHIER FORM : calculateChangeValue, bayarTextBox.Text [0]
[ADMIN] [1/29/2017 21:33] [PENJUALAN] CASHIER FORM : calculateChangeValue, sisaBayar [0]
[ADMIN] [1/29/2017 21:33] [PENJUALAN] CASHIER FORM : PRODUCT PRICE REFRESHED
[ADMIN] [1/29/2017 21:33] [PENJUALAN] CASHIER FORM : REGISTER HOTKEY
[ADMIN] [1/29/2017 21:33] [PENJUALAN] CASHIER FORM : calculateChangeValue, bayarTextBox.Text [5]
[ADMIN] [1/29/2017 21:33] [PENJUALAN] CASHIER FORM : calculateChangeValue, sisaBayar [0]
[ADMIN] [1/29/2017 21:33] [PENJUALAN] CASHIER FORM : calculateChangeValue, bayarTextBox.Text [50]
[ADMIN] [1/29/2017 21:33] [PENJUALAN] CASHIER FORM : calculateChangeValue, sisaBayar [0]
[ADMIN] [1/29/2017 21:33] [PENJUALAN] CASHIER FORM : calculateChangeValue, bayarTextBox.Text [500]
[ADMIN] [1/29/2017 21:33] [PENJUALAN] CASHIER FORM : calculateChangeValue, sisaBayar [0]
[ADMIN] [1/29/2017 21:33] [PENJUALAN] CASHIER FORM : calculateChangeValue, bayarTextBox.Text [5000]
[ADMIN] [1/29/2017 21:33] [PENJUALAN] CASHIER FORM : calculateChangeValue, sisaBayar [2778]
[ADMIN] [1/29/2017 21:33] [PENJUALAN] CASHIER FORM : HOTKEY TO SAVE AND PRINT OUT INVOICE PRESSED
[ADMIN] [1/29/2017 21:33] [PENJUALAN] CASHIER FORM : UNREGISTER HOTKEY
[ADMIN] [1/29/2017 21:33] [PENJUALAN] CASHIER FORM : REGISTER HOTKEY
[ADMIN] [1/29/2017 21:33] [PENJUALAN] ATTEMPT TO SAVE AND PRINT OUT INVOICE
[ADMIN] [1/29/2017 21:33] [] CHECK STOCK QTY IS ENOUGH [105]
[ADMIN] [1/29/2017 21:33] [] CHECK STOCK QTY IS ENOUGH [33, 2222]
[ADMIN] [1/29/2017 21:33] [PENJUALAN] CASHIER FORM : UNREGISTER HOTKEY
[ADMIN] [1/29/2017 21:33] [PENJUALAN] CASHIER FORM : ATTEMPT TO SAVE SALES DATA [29-01-2017 21:33]
[ADMIN] [1/29/2017 21:33] [PENJUALAN] CASHIER FORM : CASH SALES
[ADMIN] [1/29/2017 21:33] [PENJUALAN] CHECK IF TAX LIMIT SET FOR PERCENTAGE PURCHASE [0]
[ADMIN] [1/29/2017 21:33] [PENJUALAN] CHECK IF TAX LIMIT SET FOR AVERAGE DAILY PURCHASE [0]
[ADMIN] [1/29/2017 21:33] [PENJUALAN] CASHIER FORM : NO FAKTUR [SLO001]
[ADMIN] [1/29/2017 21:33] [PENJUALAN] CASHIER FORM : MAX SALES INVOICE [7]
[ADMIN] [1/29/2017 21:33] [PENJUALAN] CASHIER FORM : SALES INVOICE [SLO001-8]
[ADMIN] [1/29/2017 21:33] [PENJUALAN] INSERT INTO SALES HEADER [SLO001-8]
[ADMIN] [1/29/2017 21:33] [PENJUALAN] INSERT INTO SALES DETAIL[105, 1, 2222]
[ADMIN] [1/29/2017 21:33] [PENJUALAN] INSERT CUSTOMER PRODUCT DISC [105]
[ADMIN] [1/29/2017 21:33] [PENJUALAN] INSERT TO CREDIT TABLE [SLO001-8]
[ADMIN] [1/29/2017 21:33] [PENJUALAN] INSERT TO DAILY JOURNAL TABLE [2222]
[ADMIN] [1/29/2017 21:33] [PENJUALAN] CASHIER FORM : REGISTER HOTKEY
[ADMIN] [1/29/2017 21:33] [PENJUALAN] TRANSACTION SAVED
[ADMIN] [1/29/2017 21:33] [PENJUALAN] PRINT OUT INVOICE
[ADMIN] [1/29/2017 21:33] [PENJUALAN] CASHIER FORM : PrintReceipt
[ADMIN] [1/29/2017 21:33] [PENJUALAN] CASHIER FORM : PrintReceipt, papermode [0]
[ADMIN] [1/29/2017 21:33] [PENJUALAN] CASHIER FORM : PrintReceipt, display SalesReceiptForm
[ADMIN] [1/29/2017 21:33] [PENJUALAN] CASHIER FORM : UNREGISTER HOTKEY
[ADMIN] [1/29/2017 21:34] [PENJUALAN] CASHIER FORM : REGISTER HOTKEY
[ADMIN] [1/29/2017 21:34] [PENJUALAN] VALIDATE USER CREDIT STATUS
[ADMIN] [1/29/2017 21:34] [PENJUALAN] CASHIER FORM : UNREGISTER HOTKEY
[ADMIN] [1/29/2017 21:34] [PENJUALAN] CASHIER FORM : REGISTER HOTKEY
[ADMIN] [1/29/2017 21:34] [PENJUALAN] CASHIER FORM : cashierDataGridView_CellValueChanged [qty]
[ADMIN] [1/29/2017 21:34] [PENJUALAN] CASHIER FORM : TextBox_TextChanged, previousInput []
[ADMIN] [1/29/2017 21:34] [PENJUALAN] CASHIER FORM : TextBox_TextChanged, dataGridViewTextBoxEditingControl.Text pass REGEX Checking
[ADMIN] [1/29/2017 21:34] [] CHECK STOCK QTY IS ENOUGH [105]
[ADMIN] [1/29/2017 21:34] [] CHECK STOCK QTY IS ENOUGH [33, 22223]
[ADMIN] [1/29/2017 21:34] [PENJUALAN] CASHIER FORM : UNREGISTER HOTKEY
[ADMIN] [1/29/2017 21:34] [PENJUALAN] CASHIER FORM : REGISTER HOTKEY
[ADMIN] [1/29/2017 21:34] [PENJUALAN] CASHIER FORM : discJualMaskedTextBox_Validating, totalAfterDisc [1722]
[ADMIN] [1/29/2017 21:34] [PENJUALAN] CASHIER FORM : UNREGISTER HOTKEY
[ADMIN] [1/29/2017 21:34] [PENJUALAN] CASHIER FORM : REGISTER HOTKEY
[ADMIN] [1/29/2017 21:34] [PENJUALAN] CASHIER FORM : discJualMaskedTextBox_Validating, totalAfterDisc [1722]
[ADMIN] [1/29/2017 21:34] [PENJUALAN] CASHIER FORM : cashierDataGridView_CellValueChanged [disc2]
[ADMIN] [1/29/2017 21:34] [PENJUALAN] CASHIER FORM : TextBox_TextChanged, previousInput []
[ADMIN] [1/29/2017 21:34] [PENJUALAN] CASHIER FORM : TextBox_TextChanged, dataGridViewTextBoxEditingControl.Text pass REGEX Checking
[ADMIN] [1/29/2017 21:34] [PENJUALAN] CASHIER FORM : CALCULATE SUBTOTAL
[ADMIN] [1/29/2017 21:34] [PENJUALAN] CASHIER FORM : SUBTOTAL [21778.54]
[ADMIN] [1/29/2017 21:34] [PENJUALAN] CASHIER FORM : TextBox_TextChanged, subtotal value [21778.54]
[ADMIN] [1/29/2017 21:34] [PENJUALAN] CASHIER FORM : TextBox_TextChanged, attempt to calculate total value
[ADMIN] [1/29/2017 21:34] [PENJUALAN] CASHIER FORM : calculateTotal
[ADMIN] [1/29/2017 21:34] [PENJUALAN] CASHIER FORM : calculateTotal [21778.54]
[ADMIN] [1/29/2017 21:34] [PENJUALAN] CASHIER FORM : calculateTotal, totalAfterDisc [21278.54]
[ADMIN] [1/29/2017 21:34] [PENJUALAN] CASHIER FORM : calculateChangeValue, bayarTextBox.Text [5000]
[ADMIN] [1/29/2017 21:34] [PENJUALAN] CASHIER FORM : calculateChangeValue, sisaBayar [0]
[ADMIN] [1/29/2017 21:34] [PENJUALAN] CASHIER FORM : cashierDataGridView_CellValueChanged [disc2]
[ADMIN] [1/29/2017 21:34] [PENJUALAN] CASHIER FORM : TextBox_TextChanged, previousInput []
[ADMIN] [1/29/2017 21:34] [PENJUALAN] CASHIER FORM : TextBox_TextChanged, dataGridViewTextBoxEditingControl.Text pass REGEX Checking
[ADMIN] [1/29/2017 21:34] [PENJUALAN] CASHIER FORM : CALCULATE SUBTOTAL
[ADMIN] [1/29/2017 21:34] [PENJUALAN] CASHIER FORM : SUBTOTAL [17333.94]
[ADMIN] [1/29/2017 21:34] [PENJUALAN] CASHIER FORM : TextBox_TextChanged, subtotal value [17333.94]
[ADMIN] [1/29/2017 21:34] [PENJUALAN] CASHIER FORM : TextBox_TextChanged, attempt to calculate total value
[ADMIN] [1/29/2017 21:34] [PENJUALAN] CASHIER FORM : calculateTotal
[ADMIN] [1/29/2017 21:34] [PENJUALAN] CASHIER FORM : calculateTotal [17333.94]
[ADMIN] [1/29/2017 21:34] [PENJUALAN] CASHIER FORM : calculateTotal, totalAfterDisc [16833.94]
[ADMIN] [1/29/2017 21:34] [PENJUALAN] CASHIER FORM : calculateChangeValue, bayarTextBox.Text [5000]
[ADMIN] [1/29/2017 21:34] [PENJUALAN] CASHIER FORM : calculateChangeValue, sisaBayar [0]
[ADMIN] [1/29/2017 21:35] [PENJUALAN] CASHIER FORM : cashierDataGridView_CellValueChanged [disc1]
[ADMIN] [1/29/2017 21:35] [PENJUALAN] CASHIER FORM : TextBox_TextChanged, previousInput []
[ADMIN] [1/29/2017 21:35] [PENJUALAN] CASHIER FORM : TextBox_TextChanged, dataGridViewTextBoxEditingControl.Text pass REGEX Checking
[ADMIN] [1/29/2017 21:35] [PENJUALAN] CASHIER FORM : CALCULATE SUBTOTAL
[ADMIN] [1/29/2017 21:35] [PENJUALAN] CASHIER FORM : SUBTOTAL [17160.6]
[ADMIN] [1/29/2017 21:35] [PENJUALAN] CASHIER FORM : TextBox_TextChanged, subtotal value [17160.6]
[ADMIN] [1/29/2017 21:35] [PENJUALAN] CASHIER FORM : TextBox_TextChanged, attempt to calculate total value
[ADMIN] [1/29/2017 21:35] [PENJUALAN] CASHIER FORM : calculateTotal
[ADMIN] [1/29/2017 21:35] [PENJUALAN] CASHIER FORM : calculateTotal [17160.6]
[ADMIN] [1/29/2017 21:35] [PENJUALAN] CASHIER FORM : calculateTotal, totalAfterDisc [16660.6]
[ADMIN] [1/29/2017 21:35] [PENJUALAN] CASHIER FORM : calculateChangeValue, bayarTextBox.Text [5000]
[ADMIN] [1/29/2017 21:35] [PENJUALAN] CASHIER FORM : calculateChangeValue, sisaBayar [0]
[ADMIN] [1/29/2017 21:35] [PENJUALAN] CASHIER FORM : cashierDataGridView_CellValueChanged [disc1]
[ADMIN] [1/29/2017 21:35] [PENJUALAN] CASHIER FORM : TextBox_TextChanged, previousInput []
[ADMIN] [1/29/2017 21:35] [PENJUALAN] CASHIER FORM : TextBox_TextChanged, dataGridViewTextBoxEditingControl.Text pass REGEX Checking
[ADMIN] [1/29/2017 21:35] [PENJUALAN] CASHIER FORM : CALCULATE SUBTOTAL
[ADMIN] [1/29/2017 21:35] [PENJUALAN] CASHIER FORM : SUBTOTAL [15427.21]
[ADMIN] [1/29/2017 21:35] [PENJUALAN] CASHIER FORM : TextBox_TextChanged, subtotal value [15427.21]
[ADMIN] [1/29/2017 21:35] [PENJUALAN] CASHIER FORM : TextBox_TextChanged, attempt to calculate total value
[ADMIN] [1/29/2017 21:35] [PENJUALAN] CASHIER FORM : calculateTotal
[ADMIN] [1/29/2017 21:35] [PENJUALAN] CASHIER FORM : calculateTotal [15427.21]
[ADMIN] [1/29/2017 21:35] [PENJUALAN] CASHIER FORM : calculateTotal, totalAfterDisc [14927.21]
[ADMIN] [1/29/2017 21:35] [PENJUALAN] CASHIER FORM : calculateChangeValue, bayarTextBox.Text [5000]
[ADMIN] [1/29/2017 21:35] [PENJUALAN] CASHIER FORM : calculateChangeValue, sisaBayar [0]
[ADMIN] [1/29/2017 21:35] [PENJUALAN] CASHIER FORM : discJualMaskedTextBox_Validating, totalAfterDisc [14927.21]
[ADMIN] [1/29/2017 21:35] [PENJUALAN] CASHIER FORM : calculateChangeValue, bayarTextBox.Text [5000    0]
[] [1/29/2017 21:38] [] USER = ADMIN IS ACTIVE
[ADMIN] [1/29/2017 21:38] [] USER ID = 1 LOGIN SUCCESSFULLY
[ADMIN] [1/29/2017 21:38] [] ACTIVATE USER ACCESS RIGHT
[ADMIN] [1/29/2017 21:38] [] DISPLAY ADMIN FORM
[ADMIN] [1/29/2017 21:38] [] adminForm Load
[ADMIN] [1/29/2017 21:38] [] ACTIVATE USER ACCESS RIGHT
[ADMIN] [1/29/2017 21:38] [PENJUALAN] CASHIER FORM : MULTIPLE CASHIER INSTANCE [1]
[ADMIN] [1/29/2017 21:38] [PENJUALAN] CASHIER FORM : REGISTER HOTKEY
[ADMIN] [1/29/2017 21:38] [PENJUALAN] CASHIER FORM : cashierForm_Load, ATTEMPT TO LOAD NO FAKTUR
[ADMIN] [1/29/2017 21:38] [PENJUALAN] CASHIER FORM : loadNoFaktur, noFakturValue [SLO001]
[ADMIN] [1/29/2017 21:38] [PENJUALAN] CASHIER FORM : cashierForm_Load, ATTEMPT TO addColumnToDataGrid
[ADMIN] [1/29/2017 21:38] [PENJUALAN] CASHIER FORM : calculateTotal
[ADMIN] [1/29/2017 21:38] [PENJUALAN] CASHIER FORM : calculateTotal [0]
[ADMIN] [1/29/2017 21:38] [PENJUALAN] CASHIER FORM : calculateTotal, totalAfterDisc [0]
[ADMIN] [1/29/2017 21:38] [PENJUALAN] CASHIER FORM : calculateChangeValue, bayarTextBox.Text [0]
[ADMIN] [1/29/2017 21:38] [PENJUALAN] CASHIER FORM : calculateChangeValue, sisaBayar [0]
[ADMIN] [1/29/2017 21:38] [PENJUALAN] CASHIER FORM : REGISTER HOTKEY
[ADMIN] [1/29/2017 21:38] [PENJUALAN] CASHIER FORM : UNREGISTER HOTKEY
[ADMIN] [1/29/2017 21:40] [PENJUALAN] CASHIER FORM : REGISTER HOTKEY
[ADMIN] [1/29/2017 21:40] [PENJUALAN] CASHIER FORM : UNREGISTER HOTKEY
[ADMIN] [1/29/2017 21:40] [PENJUALAN] CASHIER FORM : REGISTER HOTKEY
[ADMIN] [1/29/2017 21:40] [PENJUALAN] CASHIER FORM : UNREGISTER HOTKEY
[ADMIN] [1/29/2017 21:40] [PENJUALAN] CASHIER FORM : REGISTER HOTKEY
[ADMIN] [1/29/2017 21:40] [PENJUALAN] CASHIER FORM : discJualMaskedTextBox_Validating, totalAfterDisc [0]
[ADMIN] [1/29/2017 21:40] [PENJUALAN] CASHIER FORM : discJualMaskedTextBox_Validating, totalAfterDisc [-1]
[ADMIN] [1/29/2017 21:40] [PENJUALAN] CASHIER FORM : discJualMaskedTextBox_Validating, totalAfterDisc [-11]
[ADMIN] [1/29/2017 21:40] [PENJUALAN] CASHIER FORM : discJualMaskedTextBox_Validating, totalAfterDisc [-111]
[ADMIN] [1/29/2017 21:40] [PENJUALAN] CASHIER FORM : discJualMaskedTextBox_Validating, totalAfterDisc [-111]
[ADMIN] [1/29/2017 21:40] [PENJUALAN] CASHIER FORM : HOTKEY TO ADD NEW ROW PRESSED
[ADMIN] [1/29/2017 21:40] [PENJUALAN] CASHIER FORM : ADD NEW ROW,  isActive [True]
[ADMIN] [1/29/2017 21:40] [PENJUALAN] CASHIER FORM : ADD NEW ROW,  ROW COUNT [0]
[ADMIN] [1/29/2017 21:40] [PENJUALAN] CASHIER FORM : ADD NEW ROW,  ALLOW TO ADD [True]
[ADMIN] [1/29/2017 21:40] [PENJUALAN] CASHIER FORM : cashierDataGridView_CellValueChanged [F8]
[ADMIN] [1/29/2017 21:40] [PENJUALAN] CASHIER FORM : cashierDataGridView_CellValueChanged [hpp]
[ADMIN] [1/29/2017 21:40] [PENJUALAN] CASHIER FORM : cashierDataGridView_CellValueChanged [productPrice]
[ADMIN] [1/29/2017 21:40] [PENJUALAN] CASHIER FORM : TextBox_TextChanged, previousInput []
[ADMIN] [1/29/2017 21:40] [PENJUALAN] CASHIER FORM : TextBox_TextChanged, dataGridViewTextBoxEditingControl.Text pass REGEX Checking
[ADMIN] [1/29/2017 21:40] [PENJUALAN] CASHIER FORM : CALCULATE SUBTOTAL
[ADMIN] [1/29/2017 21:40] [PENJUALAN] CASHIER FORM : SUBTOTAL [0]
[ADMIN] [1/29/2017 21:40] [PENJUALAN] CASHIER FORM : TextBox_TextChanged, subtotal value [0]
[ADMIN] [1/29/2017 21:40] [PENJUALAN] CASHIER FORM : TextBox_TextChanged, attempt to calculate total value
[ADMIN] [1/29/2017 21:40] [PENJUALAN] CASHIER FORM : calculateTotal
[ADMIN] [1/29/2017 21:40] [PENJUALAN] CASHIER FORM : calculateTotal [0]
[ADMIN] [1/29/2017 21:40] [PENJUALAN] CASHIER FORM : calculateTotal, totalAfterDisc [-111]
[ADMIN] [1/29/2017 21:40] [PENJUALAN] CASHIER FORM : calculateChangeValue, bayarTextBox.Text [0]
[ADMIN] [1/29/2017 21:40] [PENJUALAN] CASHIER FORM : calculateChangeValue, sisaBayar [111]
[ADMIN] [1/29/2017 21:40] [PENJUALAN] CASHIER FORM : cashierDataGridView_CellValueChanged [disc1]
[ADMIN] [1/29/2017 21:40] [PENJUALAN] CASHIER FORM : TextBox_TextChanged, previousInput []
[ADMIN] [1/29/2017 21:40] [PENJUALAN] CASHIER FORM : TextBox_TextChanged, dataGridViewTextBoxEditingControl.Text pass REGEX Checking
[ADMIN] [1/29/2017 21:40] [PENJUALAN] CASHIER FORM : CALCULATE SUBTOTAL
[ADMIN] [1/29/2017 21:40] [PENJUALAN] CASHIER FORM : SUBTOTAL [0]
[ADMIN] [1/29/2017 21:40] [PENJUALAN] CASHIER FORM : TextBox_TextChanged, subtotal value [0]
[ADMIN] [1/29/2017 21:40] [PENJUALAN] CASHIER FORM : TextBox_TextChanged, attempt to calculate total value
[ADMIN] [1/29/2017 21:40] [PENJUALAN] CASHIER FORM : calculateTotal
[ADMIN] [1/29/2017 21:40] [PENJUALAN] CASHIER FORM : calculateTotal [0]
[ADMIN] [1/29/2017 21:40] [PENJUALAN] CASHIER FORM : calculateTotal, totalAfterDisc [-111]
[ADMIN] [1/29/2017 21:40] [PENJUALAN] CASHIER FORM : calculateChangeValue, bayarTextBox.Text [0]
[ADMIN] [1/29/2017 21:40] [PENJUALAN] CASHIER FORM : calculateChangeValue, sisaBayar [111]
[ADMIN] [1/29/2017 21:40] [PENJUALAN] CASHIER FORM : cashierDataGridView_CellValueChanged [qty]
[ADMIN] [1/29/2017 21:40] [PENJUALAN] CASHIER FORM : TextBox_TextChanged, previousInput []
[ADMIN] [1/29/2017 21:40] [PENJUALAN] CASHIER FORM : TextBox_TextChanged, dataGridViewTextBoxEditingControl.Text pass REGEX Checking
[ADMIN] [1/29/2017 21:40] [] CHECK STOCK QTY IS ENOUGH []
[ADMIN] [1/29/2017 21:40] [PENJUALAN] CASHIER FORM : CALCULATE SUBTOTAL
[ADMIN] [1/29/2017 21:40] [PENJUALAN] CASHIER FORM : SUBTOTAL [0]
[ADMIN] [1/29/2017 21:40] [PENJUALAN] CASHIER FORM : TextBox_TextChanged, subtotal value [0]
[ADMIN] [1/29/2017 21:40] [PENJUALAN] CASHIER FORM : TextBox_TextChanged, attempt to calculate total value
[ADMIN] [1/29/2017 21:40] [PENJUALAN] CASHIER FORM : calculateTotal
[ADMIN] [1/29/2017 21:40] [PENJUALAN] CASHIER FORM : calculateTotal [0]
[ADMIN] [1/29/2017 21:40] [PENJUALAN] CASHIER FORM : calculateTotal, totalAfterDisc [-111]
[ADMIN] [1/29/2017 21:40] [PENJUALAN] CASHIER FORM : calculateChangeValue, bayarTextBox.Text [0]
[ADMIN] [1/29/2017 21:40] [PENJUALAN] CASHIER FORM : calculateChangeValue, sisaBayar [111]
[ADMIN] [1/29/2017 21:40] [PENJUALAN] CASHIER FORM : cashierDataGridView_CellValueChanged [disc2]
[ADMIN] [1/29/2017 21:40] [PENJUALAN] CASHIER FORM : TextBox_TextChanged, previousInput []
[ADMIN] [1/29/2017 21:40] [PENJUALAN] CASHIER FORM : TextBox_TextChanged, dataGridViewTextBoxEditingControl.Text pass REGEX Checking
[ADMIN] [1/29/2017 21:40] [PENJUALAN] CASHIER FORM : CALCULATE SUBTOTAL
[ADMIN] [1/29/2017 21:40] [PENJUALAN] CASHIER FORM : SUBTOTAL [0]
[ADMIN] [1/29/2017 21:40] [PENJUALAN] CASHIER FORM : TextBox_TextChanged, subtotal value [0]
[ADMIN] [1/29/2017 21:40] [PENJUALAN] CASHIER FORM : TextBox_TextChanged, attempt to calculate total value
[ADMIN] [1/29/2017 21:40] [PENJUALAN] CASHIER FORM : calculateTotal
[ADMIN] [1/29/2017 21:40] [PENJUALAN] CASHIER FORM : calculateTotal [0]
[ADMIN] [1/29/2017 21:40] [PENJUALAN] CASHIER FORM : calculateTotal, totalAfterDisc [-111]
[ADMIN] [1/29/2017 21:40] [PENJUALAN] CASHIER FORM : calculateChangeValue, bayarTextBox.Text [0]
[ADMIN] [1/29/2017 21:40] [PENJUALAN] CASHIER FORM : calculateChangeValue, sisaBayar [111]
[ADMIN] [1/29/2017 21:40] [PENJUALAN] CASHIER FORM : cashierDataGridView_CellValueChanged [discRP]
[ADMIN] [1/29/2017 21:40] [PENJUALAN] CASHIER FORM : TextBox_TextChanged, previousInput []
[ADMIN] [1/29/2017 21:40] [PENJUALAN] CASHIER FORM : TextBox_TextChanged, dataGridViewTextBoxEditingControl.Text pass REGEX Checking
[ADMIN] [1/29/2017 21:40] [PENJUALAN] CASHIER FORM : CALCULATE SUBTOTAL
[ADMIN] [1/29/2017 21:40] [PENJUALAN] CASHIER FORM : SUBTOTAL [0]
[ADMIN] [1/29/2017 21:40] [PENJUALAN] CASHIER FORM : TextBox_TextChanged, subtotal value [0]
[ADMIN] [1/29/2017 21:40] [PENJUALAN] CASHIER FORM : TextBox_TextChanged, attempt to calculate total value
[ADMIN] [1/29/2017 21:40] [PENJUALAN] CASHIER FORM : calculateTotal
[ADMIN] [1/29/2017 21:40] [PENJUALAN] CASHIER FORM : calculateTotal [0]
[ADMIN] [1/29/2017 21:40] [PENJUALAN] CASHIER FORM : calculateTotal, totalAfterDisc [-111]
[ADMIN] [1/29/2017 21:40] [PENJUALAN] CASHIER FORM : calculateChangeValue, bayarTextBox.Text [0]
[ADMIN] [1/29/2017 21:40] [PENJUALAN] CASHIER FORM : calculateChangeValue, sisaBayar [111]
[ADMIN] [1/29/2017 21:40] [PENJUALAN] CASHIER FORM : cashierDataGridView_CellValueChanged [jumlah]
[ADMIN] [1/29/2017 21:40] [PENJUALAN] CASHIER FORM : cashierDataGridView_CellValueChanged [productName]
[ADMIN] [1/29/2017 21:40] [PENJUALAN] CASHIER FORM : cashierDataGridView_CellValueChanged [productName]
[ADMIN] [1/29/2017 21:40] [PENJUALAN] CASHIER FORM : cashierDataGridView_CellValueChanged [productName]
[ADMIN] [1/29/2017 21:40] [PENJUALAN] CASHIER FORM : cashierDataGridView_CellValueChanged [productName]
[ADMIN] [1/29/2017 21:40] [PENJUALAN] CASHIER FORM : cashierDataGridView_CellValueChanged [productName]
[ADMIN] [1/29/2017 21:40] [PENJUALAN] CASHIER FORM : cashierDataGridView_CellValueChanged [productName]
[ADMIN] [1/29/2017 21:40] [PENJUALAN] CASHIER FORM : cashierDataGridView_CellValueChanged [productName]
[ADMIN] [1/29/2017 21:40] [PENJUALAN] CASHIER FORM : cashierDataGridView_CellValueChanged [productName]
[ADMIN] [1/29/2017 21:40] [PENJUALAN] CASHIER FORM : cashierDataGridView_CellValueChanged [productID]
[ADMIN] [1/29/2017 21:40] [PENJUALAN] CASHIER FORM : PRODUCT PRICE TYPE [PRODUCT_BASE_PRICE]
[ADMIN] [1/29/2017 21:40] [PENJUALAN] CASHIER FORM : PRODUCT PRICE [11]
[ADMIN] [1/29/2017 21:40] [PENJUALAN] CASHIER FORM : ComboBox_SelectedIndexChanged, PRODUCT_BASE_PRICE [11]
[ADMIN] [1/29/2017 21:40] [PENJUALAN] CASHIER FORM : cashierDataGridView_CellValueChanged [hpp]
[ADMIN] [1/29/2017 21:40] [PENJUALAN] CASHIER FORM : PRODUCT PRICE TYPE [PRODUCT_RETAIL_PRICE]
[ADMIN] [1/29/2017 21:40] [PENJUALAN] CASHIER FORM : PRODUCT PRICE [1]
[ADMIN] [1/29/2017 21:40] [PENJUALAN] CASHIER FORM : ComboBox_SelectedIndexChanged, PRODUCT_SALES_PRICE [1]
[ADMIN] [1/29/2017 21:40] [PENJUALAN] CASHIER FORM : cashierDataGridView_CellValueChanged [productPrice]
[ADMIN] [1/29/2017 21:40] [PENJUALAN] CASHIER FORM : TextBox_TextChanged, previousInput []
[ADMIN] [1/29/2017 21:40] [PENJUALAN] CASHIER FORM : TextBox_TextChanged, dataGridViewTextBoxEditingControl.Text pass REGEX Checking
[ADMIN] [1/29/2017 21:40] [PENJUALAN] CASHIER FORM : CALCULATE SUBTOTAL
[ADMIN] [1/29/2017 21:40] [PENJUALAN] CASHIER FORM : SUBTOTAL [0]
[ADMIN] [1/29/2017 21:40] [PENJUALAN] CASHIER FORM : TextBox_TextChanged, subtotal value [0]
[ADMIN] [1/29/2017 21:40] [PENJUALAN] CASHIER FORM : TextBox_TextChanged, attempt to calculate total value
[ADMIN] [1/29/2017 21:40] [PENJUALAN] CASHIER FORM : calculateTotal
[ADMIN] [1/29/2017 21:40] [PENJUALAN] CASHIER FORM : calculateTotal [0]
[ADMIN] [1/29/2017 21:40] [PENJUALAN] CASHIER FORM : calculateTotal, totalAfterDisc [-111]
[ADMIN] [1/29/2017 21:40] [PENJUALAN] CASHIER FORM : calculateChangeValue, bayarTextBox.Text [0]
[ADMIN] [1/29/2017 21:40] [PENJUALAN] CASHIER FORM : calculateChangeValue, sisaBayar [111]
[ADMIN] [1/29/2017 21:40] [PENJUALAN] CASHIER FORM : cashierDataGridView_CellValueChanged [qty]
[ADMIN] [1/29/2017 21:40] [PENJUALAN] CASHIER FORM : TextBox_TextChanged, previousInput []
[ADMIN] [1/29/2017 21:40] [PENJUALAN] CASHIER FORM : TextBox_TextChanged, dataGridViewTextBoxEditingControl.Text pass REGEX Checking
[ADMIN] [1/29/2017 21:40] [] CHECK STOCK QTY IS ENOUGH [105]
[ADMIN] [1/29/2017 21:40] [] CHECK STOCK QTY IS ENOUGH [33, 0]
[ADMIN] [1/29/2017 21:40] [PENJUALAN] CASHIER FORM : CALCULATE SUBTOTAL
[ADMIN] [1/29/2017 21:40] [PENJUALAN] CASHIER FORM : SUBTOTAL [0]
[ADMIN] [1/29/2017 21:40] [PENJUALAN] CASHIER FORM : TextBox_TextChanged, subtotal value [0]
[ADMIN] [1/29/2017 21:40] [PENJUALAN] CASHIER FORM : TextBox_TextChanged, attempt to calculate total value
[ADMIN] [1/29/2017 21:40] [PENJUALAN] CASHIER FORM : calculateTotal
[ADMIN] [1/29/2017 21:40] [PENJUALAN] CASHIER FORM : calculateTotal [0]
[ADMIN] [1/29/2017 21:40] [PENJUALAN] CASHIER FORM : calculateTotal, totalAfterDisc [-111]
[ADMIN] [1/29/2017 21:40] [PENJUALAN] CASHIER FORM : calculateChangeValue, bayarTextBox.Text [0]
[ADMIN] [1/29/2017 21:40] [PENJUALAN] CASHIER FORM : calculateChangeValue, sisaBayar [111]
[ADMIN] [1/29/2017 21:40] [PENJUALAN] CASHIER FORM : cashierDataGridView_CellValueChanged [jumlah]
[ADMIN] [1/29/2017 21:40] [PENJUALAN] CASHIER FORM : ComboBox_SelectedIndexChanged, attempt to calculate total
[ADMIN] [1/29/2017 21:40] [PENJUALAN] CASHIER FORM : calculateTotal
[ADMIN] [1/29/2017 21:40] [PENJUALAN] CASHIER FORM : calculateTotal [0]
[ADMIN] [1/29/2017 21:40] [PENJUALAN] CASHIER FORM : calculateTotal, totalAfterDisc [-111]
[ADMIN] [1/29/2017 21:40] [PENJUALAN] CASHIER FORM : calculateChangeValue, bayarTextBox.Text [0]
[ADMIN] [1/29/2017 21:40] [PENJUALAN] CASHIER FORM : calculateChangeValue, sisaBayar [111]
[ADMIN] [1/29/2017 21:40] [PENJUALAN] CASHIER FORM : cashierDataGridView_CellValueChanged [productPrice]
[ADMIN] [1/29/2017 21:40] [PENJUALAN] CASHIER FORM : TextBox_TextChanged, previousInput []
[ADMIN] [1/29/2017 21:40] [PENJUALAN] CASHIER FORM : TextBox_TextChanged, dataGridViewTextBoxEditingControl.Text pass REGEX Checking
[ADMIN] [1/29/2017 21:40] [PENJUALAN] CASHIER FORM : CALCULATE SUBTOTAL
[ADMIN] [1/29/2017 21:40] [PENJUALAN] CASHIER FORM : SUBTOTAL [0]
[ADMIN] [1/29/2017 21:40] [PENJUALAN] CASHIER FORM : TextBox_TextChanged, subtotal value [0]
[ADMIN] [1/29/2017 21:40] [PENJUALAN] CASHIER FORM : TextBox_TextChanged, attempt to calculate total value
[ADMIN] [1/29/2017 21:40] [PENJUALAN] CASHIER FORM : calculateTotal
[ADMIN] [1/29/2017 21:40] [PENJUALAN] CASHIER FORM : calculateTotal [0]
[ADMIN] [1/29/2017 21:40] [PENJUALAN] CASHIER FORM : calculateTotal, totalAfterDisc [-111]
[ADMIN] [1/29/2017 21:40] [PENJUALAN] CASHIER FORM : calculateChangeValue, bayarTextBox.Text [0]
[ADMIN] [1/29/2017 21:40] [PENJUALAN] CASHIER FORM : calculateChangeValue, sisaBayar [111]
[ADMIN] [1/29/2017 21:40] [PENJUALAN] CASHIER FORM : cashierDataGridView_CellValueChanged [productPrice]
[ADMIN] [1/29/2017 21:40] [PENJUALAN] CASHIER FORM : TextBox_TextChanged, previousInput []
[ADMIN] [1/29/2017 21:40] [PENJUALAN] CASHIER FORM : TextBox_TextChanged, dataGridViewTextBoxEditingControl.Text pass REGEX Checking
[ADMIN] [1/29/2017 21:40] [PENJUALAN] CASHIER FORM : CALCULATE SUBTOTAL
[ADMIN] [1/29/2017 21:40] [PENJUALAN] CASHIER FORM : SUBTOTAL [0]
[ADMIN] [1/29/2017 21:40] [PENJUALAN] CASHIER FORM : TextBox_TextChanged, subtotal value [0]
[ADMIN] [1/29/2017 21:40] [PENJUALAN] CASHIER FORM : TextBox_TextChanged, attempt to calculate total value
[ADMIN] [1/29/2017 21:40] [PENJUALAN] CASHIER FORM : calculateTotal
[ADMIN] [1/29/2017 21:40] [PENJUALAN] CASHIER FORM : calculateTotal [0]
[ADMIN] [1/29/2017 21:40] [PENJUALAN] CASHIER FORM : calculateTotal, totalAfterDisc [-111]
[ADMIN] [1/29/2017 21:40] [PENJUALAN] CASHIER FORM : calculateChangeValue, bayarTextBox.Text [0]
[ADMIN] [1/29/2017 21:40] [PENJUALAN] CASHIER FORM : calculateChangeValue, sisaBayar [111]
[ADMIN] [1/29/2017 21:40] [PENJUALAN] CASHIER FORM : cashierDataGridView_CellValueChanged [qty]
[ADMIN] [1/29/2017 21:40] [PENJUALAN] CASHIER FORM : TextBox_TextChanged, previousInput []
[ADMIN] [1/29/2017 21:40] [PENJUALAN] CASHIER FORM : TextBox_TextChanged, dataGridViewTextBoxEditingControl.Text pass REGEX Checking
[ADMIN] [1/29/2017 21:40] [] CHECK STOCK QTY IS ENOUGH [105]
[ADMIN] [1/29/2017 21:40] [] CHECK STOCK QTY IS ENOUGH [33, 1]
[ADMIN] [1/29/2017 21:40] [PENJUALAN] CASHIER FORM : CALCULATE SUBTOTAL
[ADMIN] [1/29/2017 21:40] [PENJUALAN] CASHIER FORM : SUBTOTAL [22]
[ADMIN] [1/29/2017 21:40] [PENJUALAN] CASHIER FORM : TextBox_TextChanged, subtotal value [22]
[ADMIN] [1/29/2017 21:40] [PENJUALAN] CASHIER FORM : TextBox_TextChanged, attempt to calculate total value
[ADMIN] [1/29/2017 21:40] [PENJUALAN] CASHIER FORM : calculateTotal
[ADMIN] [1/29/2017 21:40] [PENJUALAN] CASHIER FORM : calculateTotal [22]
[ADMIN] [1/29/2017 21:40] [PENJUALAN] CASHIER FORM : calculateTotal, totalAfterDisc [-89]
[ADMIN] [1/29/2017 21:40] [PENJUALAN] CASHIER FORM : calculateChangeValue, bayarTextBox.Text [0]
[ADMIN] [1/29/2017 21:40] [PENJUALAN] CASHIER FORM : calculateChangeValue, sisaBayar [89]
[ADMIN] [1/29/2017 21:40] [PENJUALAN] CASHIER FORM : cashierDataGridView_CellValueChanged [qty]
[ADMIN] [1/29/2017 21:40] [PENJUALAN] CASHIER FORM : TextBox_TextChanged, previousInput []
[ADMIN] [1/29/2017 21:40] [PENJUALAN] CASHIER FORM : TextBox_TextChanged, dataGridViewTextBoxEditingControl.Text pass REGEX Checking
[ADMIN] [1/29/2017 21:40] [] CHECK STOCK QTY IS ENOUGH [105]
[ADMIN] [1/29/2017 21:40] [] CHECK STOCK QTY IS ENOUGH [33, 10]
[ADMIN] [1/29/2017 21:40] [PENJUALAN] CASHIER FORM : CALCULATE SUBTOTAL
[ADMIN] [1/29/2017 21:40] [PENJUALAN] CASHIER FORM : SUBTOTAL [220]
[ADMIN] [1/29/2017 21:40] [PENJUALAN] CASHIER FORM : TextBox_TextChanged, subtotal value [220]
[ADMIN] [1/29/2017 21:40] [PENJUALAN] CASHIER FORM : TextBox_TextChanged, attempt to calculate total value
[ADMIN] [1/29/2017 21:40] [PENJUALAN] CASHIER FORM : calculateTotal
[ADMIN] [1/29/2017 21:40] [PENJUALAN] CASHIER FORM : calculateTotal [220]
[ADMIN] [1/29/2017 21:40] [PENJUALAN] CASHIER FORM : calculateTotal, totalAfterDisc [109]
[ADMIN] [1/29/2017 21:40] [PENJUALAN] CASHIER FORM : calculateChangeValue, bayarTextBox.Text [0]
[ADMIN] [1/29/2017 21:40] [PENJUALAN] CASHIER FORM : calculateChangeValue, sisaBayar [0]
[ADMIN] [1/29/2017 21:40] [PENJUALAN] CASHIER FORM : cashierDataGridView_CellValueChanged [qty]
[ADMIN] [1/29/2017 21:40] [PENJUALAN] CASHIER FORM : TextBox_TextChanged, previousInput []
[ADMIN] [1/29/2017 21:40] [PENJUALAN] CASHIER FORM : TextBox_TextChanged, dataGridViewTextBoxEditingControl.Text pass REGEX Checking
[ADMIN] [1/29/2017 21:40] [] CHECK STOCK QTY IS ENOUGH [105]
[ADMIN] [1/29/2017 21:40] [] CHECK STOCK QTY IS ENOUGH [33, 100]
[ADMIN] [1/29/2017 21:40] [PENJUALAN] CASHIER FORM : cashierDataGridView_CellValueChanged [disc1]
[ADMIN] [1/29/2017 21:40] [PENJUALAN] CASHIER FORM : TextBox_TextChanged, previousInput []
[ADMIN] [1/29/2017 21:40] [PENJUALAN] CASHIER FORM : TextBox_TextChanged, dataGridViewTextBoxEditingControl.Text pass REGEX Checking
[ADMIN] [1/29/2017 21:40] [PENJUALAN] CASHIER FORM : CALCULATE SUBTOTAL
[ADMIN] [1/29/2017 21:40] [PENJUALAN] CASHIER FORM : SUBTOTAL [2178]
[ADMIN] [1/29/2017 21:40] [PENJUALAN] CASHIER FORM : TextBox_TextChanged, subtotal value [2178]
[ADMIN] [1/29/2017 21:40] [PENJUALAN] CASHIER FORM : TextBox_TextChanged, attempt to calculate total value
[ADMIN] [1/29/2017 21:40] [PENJUALAN] CASHIER FORM : calculateTotal
[ADMIN] [1/29/2017 21:40] [PENJUALAN] CASHIER FORM : calculateTotal [2178]
[ADMIN] [1/29/2017 21:40] [PENJUALAN] CASHIER FORM : calculateTotal, totalAfterDisc [2067]
[ADMIN] [1/29/2017 21:40] [PENJUALAN] CASHIER FORM : calculateChangeValue, bayarTextBox.Text [0]
[ADMIN] [1/29/2017 21:40] [PENJUALAN] CASHIER FORM : calculateChangeValue, sisaBayar [0]
[ADMIN] [1/29/2017 21:40] [PENJUALAN] CASHIER FORM : cashierDataGridView_CellValueChanged [disc2]
[ADMIN] [1/29/2017 21:40] [PENJUALAN] CASHIER FORM : TextBox_TextChanged, previousInput []
[ADMIN] [1/29/2017 21:40] [PENJUALAN] CASHIER FORM : TextBox_TextChanged, dataGridViewTextBoxEditingControl.Text pass REGEX Checking
[ADMIN] [1/29/2017 21:40] [PENJUALAN] CASHIER FORM : CALCULATE SUBTOTAL
[ADMIN] [1/29/2017 21:40] [PENJUALAN] CASHIER FORM : SUBTOTAL [2134.44]
[ADMIN] [1/29/2017 21:40] [PENJUALAN] CASHIER FORM : TextBox_TextChanged, subtotal value [2134.44]
[ADMIN] [1/29/2017 21:40] [PENJUALAN] CASHIER FORM : TextBox_TextChanged, attempt to calculate total value
[ADMIN] [1/29/2017 21:40] [PENJUALAN] CASHIER FORM : calculateTotal
[ADMIN] [1/29/2017 21:40] [PENJUALAN] CASHIER FORM : calculateTotal [2134.44]
[ADMIN] [1/29/2017 21:40] [PENJUALAN] CASHIER FORM : calculateTotal, totalAfterDisc [2023.44]
[ADMIN] [1/29/2017 21:40] [PENJUALAN] CASHIER FORM : calculateChangeValue, bayarTextBox.Text [0]
[ADMIN] [1/29/2017 21:40] [PENJUALAN] CASHIER FORM : calculateChangeValue, sisaBayar [0]
[ADMIN] [1/29/2017 21:40] [PENJUALAN] CASHIER FORM : cashierDataGridView_CellValueChanged [discRP]
[ADMIN] [1/29/2017 21:40] [PENJUALAN] CASHIER FORM : TextBox_TextChanged, previousInput []
[ADMIN] [1/29/2017 21:40] [PENJUALAN] CASHIER FORM : TextBox_TextChanged, dataGridViewTextBoxEditingControl.Text pass REGEX Checking
[ADMIN] [1/29/2017 21:40] [PENJUALAN] CASHIER FORM : CALCULATE SUBTOTAL
[ADMIN] [1/29/2017 21:40] [PENJUALAN] CASHIER FORM : SUBTOTAL [2131.44]
[ADMIN] [1/29/2017 21:40] [PENJUALAN] CASHIER FORM : TextBox_TextChanged, subtotal value [2131.44]
[ADMIN] [1/29/2017 21:40] [PENJUALAN] CASHIER FORM : TextBox_TextChanged, attempt to calculate total value
[ADMIN] [1/29/2017 21:40] [PENJUALAN] CASHIER FORM : calculateTotal
[ADMIN] [1/29/2017 21:40] [PENJUALAN] CASHIER FORM : calculateTotal [2131.44]
[ADMIN] [1/29/2017 21:40] [PENJUALAN] CASHIER FORM : calculateTotal, totalAfterDisc [2020.44]
[ADMIN] [1/29/2017 21:40] [PENJUALAN] CASHIER FORM : calculateChangeValue, bayarTextBox.Text [0]
[ADMIN] [1/29/2017 21:40] [PENJUALAN] CASHIER FORM : calculateChangeValue, sisaBayar [0]
[ADMIN] [1/29/2017 21:40] [PENJUALAN] CASHIER FORM : cashierDataGridView_CellValueChanged [discRP]
[ADMIN] [1/29/2017 21:40] [PENJUALAN] CASHIER FORM : TextBox_TextChanged, previousInput []
[ADMIN] [1/29/2017 21:40] [PENJUALAN] CASHIER FORM : TextBox_TextChanged, dataGridViewTextBoxEditingControl.Text pass REGEX Checking
[ADMIN] [1/29/2017 21:40] [PENJUALAN] CASHIER FORM : CALCULATE SUBTOTAL
[ADMIN] [1/29/2017 21:40] [PENJUALAN] CASHIER FORM : SUBTOTAL [2101.44]
[ADMIN] [1/29/2017 21:40] [PENJUALAN] CASHIER FORM : TextBox_TextChanged, subtotal value [2101.44]
[ADMIN] [1/29/2017 21:40] [PENJUALAN] CASHIER FORM : TextBox_TextChanged, attempt to calculate total value
[ADMIN] [1/29/2017 21:40] [PENJUALAN] CASHIER FORM : calculateTotal
[ADMIN] [1/29/2017 21:40] [PENJUALAN] CASHIER FORM : calculateTotal [2101.44]
[ADMIN] [1/29/2017 21:40] [PENJUALAN] CASHIER FORM : calculateTotal, totalAfterDisc [1990.44]
[ADMIN] [1/29/2017 21:40] [PENJUALAN] CASHIER FORM : calculateChangeValue, bayarTextBox.Text [0]
[ADMIN] [1/29/2017 21:40] [PENJUALAN] CASHIER FORM : calculateChangeValue, sisaBayar [0]
[ADMIN] [1/29/2017 21:41] [PENJUALAN] CASHIER FORM : discJualMaskedTextBox_Validating, totalAfterDisc [2096.44]
[ADMIN] [1/29/2017 21:41] [PENJUALAN] CASHIER FORM : discJualMaskedTextBox_Validating, totalAfterDisc [2051.44]
[ADMIN] [1/29/2017 21:41] [PENJUALAN] CASHIER FORM : discJualMaskedTextBox_Validating, totalAfterDisc [1601.44]
[ADMIN] [1/29/2017 21:41] [PENJUALAN] CASHIER FORM : discJualMaskedTextBox_Validating, totalAfterDisc [1601.44]
[ADMIN] [1/29/2017 21:41] [PENJUALAN] CASHIER FORM : calculateChangeValue, bayarTextBox.Text [5]
[ADMIN] [1/29/2017 21:41] [PENJUALAN] CASHIER FORM : calculateChangeValue, sisaBayar [0]
[ADMIN] [1/29/2017 21:41] [PENJUALAN] CASHIER FORM : calculateChangeValue, bayarTextBox.Text [50]
[ADMIN] [1/29/2017 21:41] [PENJUALAN] CASHIER FORM : calculateChangeValue, sisaBayar [0]
[ADMIN] [1/29/2017 21:41] [PENJUALAN] CASHIER FORM : calculateChangeValue, bayarTextBox.Text [500]
[ADMIN] [1/29/2017 21:41] [PENJUALAN] CASHIER FORM : calculateChangeValue, sisaBayar [0]
[ADMIN] [1/29/2017 21:41] [PENJUALAN] CASHIER FORM : calculateChangeValue, bayarTextBox.Text [5000]
[ADMIN] [1/29/2017 21:41] [PENJUALAN] CASHIER FORM : calculateChangeValue, sisaBayar [3398.56]
[ADMIN] [1/29/2017 21:41] [PENJUALAN] CASHIER FORM : DISPLAY PELANGGAN FORM
[ADMIN] [1/29/2017 21:41] [PENJUALAN] CASHIER FORM : UNREGISTER HOTKEY
[ADMIN] [1/29/2017 21:41] [PENJUALAN] CASHIER FORM : REGISTER HOTKEY
[ADMIN] [1/29/2017 21:41] [PENJUALAN] CASHIER FORM : HOTKEY TO SAVE AND PRINT OUT INVOICE PRESSED
[ADMIN] [1/29/2017 21:41] [PENJUALAN] CASHIER FORM : UNREGISTER HOTKEY
[ADMIN] [1/29/2017 21:41] [PENJUALAN] CASHIER FORM : REGISTER HOTKEY
[ADMIN] [1/29/2017 21:41] [PENJUALAN] ATTEMPT TO SAVE AND PRINT OUT INVOICE
[ADMIN] [1/29/2017 21:41] [] CHECK STOCK QTY IS ENOUGH [105]
[ADMIN] [1/29/2017 21:41] [] CHECK STOCK QTY IS ENOUGH [33, 100]
[] [1/29/2017 21:42] [] USER = ADMIN IS ACTIVE
[ADMIN] [1/29/2017 21:42] [] USER ID = 1 LOGIN SUCCESSFULLY
[ADMIN] [1/29/2017 21:42] [] ACTIVATE USER ACCESS RIGHT
[ADMIN] [1/29/2017 21:42] [] DISPLAY ADMIN FORM
[ADMIN] [1/29/2017 21:42] [] adminForm Load
[ADMIN] [1/29/2017 21:42] [] ACTIVATE USER ACCESS RIGHT
[ADMIN] [1/29/2017 21:42] [PENJUALAN] CASHIER FORM : MULTIPLE CASHIER INSTANCE [1]
[ADMIN] [1/29/2017 21:42] [PENJUALAN] CASHIER FORM : REGISTER HOTKEY
[ADMIN] [1/29/2017 21:42] [PENJUALAN] CASHIER FORM : cashierForm_Load, ATTEMPT TO LOAD NO FAKTUR
[ADMIN] [1/29/2017 21:42] [PENJUALAN] CASHIER FORM : loadNoFaktur, noFakturValue [SLO001]
[ADMIN] [1/29/2017 21:42] [PENJUALAN] CASHIER FORM : cashierForm_Load, ATTEMPT TO addColumnToDataGrid
[ADMIN] [1/29/2017 21:42] [PENJUALAN] CASHIER FORM : calculateTotal
[ADMIN] [1/29/2017 21:42] [PENJUALAN] CASHIER FORM : calculateTotal [0]
[ADMIN] [1/29/2017 21:42] [PENJUALAN] CASHIER FORM : calculateTotal, totalAfterDisc [0]
[ADMIN] [1/29/2017 21:42] [PENJUALAN] CASHIER FORM : calculateChangeValue, bayarTextBox.Text [0]
[ADMIN] [1/29/2017 21:42] [PENJUALAN] CASHIER FORM : calculateChangeValue, sisaBayar [0]
[ADMIN] [1/29/2017 21:42] [PENJUALAN] CASHIER FORM : REGISTER HOTKEY
[ADMIN] [1/29/2017 21:42] [PENJUALAN] CASHIER FORM : HOTKEY TO ADD NEW ROW PRESSED
[ADMIN] [1/29/2017 21:42] [PENJUALAN] CASHIER FORM : ADD NEW ROW,  isActive [True]
[ADMIN] [1/29/2017 21:42] [PENJUALAN] CASHIER FORM : ADD NEW ROW,  ROW COUNT [0]
[ADMIN] [1/29/2017 21:42] [PENJUALAN] CASHIER FORM : ADD NEW ROW,  ALLOW TO ADD [True]
[ADMIN] [1/29/2017 21:42] [PENJUALAN] CASHIER FORM : cashierDataGridView_CellValueChanged [F8]
[ADMIN] [1/29/2017 21:42] [PENJUALAN] CASHIER FORM : cashierDataGridView_CellValueChanged [hpp]
[ADMIN] [1/29/2017 21:42] [PENJUALAN] CASHIER FORM : cashierDataGridView_CellValueChanged [productPrice]
[ADMIN] [1/29/2017 21:42] [PENJUALAN] CASHIER FORM : TextBox_TextChanged, previousInput []
[ADMIN] [1/29/2017 21:42] [PENJUALAN] CASHIER FORM : TextBox_TextChanged, dataGridViewTextBoxEditingControl.Text pass REGEX Checking
[ADMIN] [1/29/2017 21:42] [PENJUALAN] CASHIER FORM : CALCULATE SUBTOTAL
[ADMIN] [1/29/2017 21:42] [PENJUALAN] CASHIER FORM : SUBTOTAL [0]
[ADMIN] [1/29/2017 21:42] [PENJUALAN] CASHIER FORM : TextBox_TextChanged, subtotal value [0]
[ADMIN] [1/29/2017 21:42] [PENJUALAN] CASHIER FORM : TextBox_TextChanged, attempt to calculate total value
[ADMIN] [1/29/2017 21:42] [PENJUALAN] CASHIER FORM : calculateTotal
[ADMIN] [1/29/2017 21:42] [PENJUALAN] CASHIER FORM : calculateTotal [0]
[ADMIN] [1/29/2017 21:42] [PENJUALAN] CASHIER FORM : calculateTotal, totalAfterDisc [0]
[ADMIN] [1/29/2017 21:42] [PENJUALAN] CASHIER FORM : calculateChangeValue, bayarTextBox.Text [0]
[ADMIN] [1/29/2017 21:42] [PENJUALAN] CASHIER FORM : calculateChangeValue, sisaBayar [0]
[ADMIN] [1/29/2017 21:42] [PENJUALAN] CASHIER FORM : cashierDataGridView_CellValueChanged [disc1]
[ADMIN] [1/29/2017 21:42] [PENJUALAN] CASHIER FORM : TextBox_TextChanged, previousInput []
[ADMIN] [1/29/2017 21:42] [PENJUALAN] CASHIER FORM : TextBox_TextChanged, dataGridViewTextBoxEditingControl.Text pass REGEX Checking
[ADMIN] [1/29/2017 21:42] [PENJUALAN] CASHIER FORM : CALCULATE SUBTOTAL
[ADMIN] [1/29/2017 21:42] [PENJUALAN] CASHIER FORM : SUBTOTAL [0]
[ADMIN] [1/29/2017 21:42] [PENJUALAN] CASHIER FORM : TextBox_TextChanged, subtotal value [0]
[ADMIN] [1/29/2017 21:42] [PENJUALAN] CASHIER FORM : TextBox_TextChanged, attempt to calculate total value
[ADMIN] [1/29/2017 21:42] [PENJUALAN] CASHIER FORM : calculateTotal
[ADMIN] [1/29/2017 21:42] [PENJUALAN] CASHIER FORM : calculateTotal [0]
[ADMIN] [1/29/2017 21:42] [PENJUALAN] CASHIER FORM : calculateTotal, totalAfterDisc [0]
[ADMIN] [1/29/2017 21:42] [PENJUALAN] CASHIER FORM : calculateChangeValue, bayarTextBox.Text [0]
[ADMIN] [1/29/2017 21:42] [PENJUALAN] CASHIER FORM : calculateChangeValue, sisaBayar [0]
[ADMIN] [1/29/2017 21:42] [PENJUALAN] CASHIER FORM : cashierDataGridView_CellValueChanged [qty]
[ADMIN] [1/29/2017 21:42] [PENJUALAN] CASHIER FORM : TextBox_TextChanged, previousInput []
[ADMIN] [1/29/2017 21:42] [PENJUALAN] CASHIER FORM : TextBox_TextChanged, dataGridViewTextBoxEditingControl.Text pass REGEX Checking
[ADMIN] [1/29/2017 21:42] [] CHECK STOCK QTY IS ENOUGH []
[ADMIN] [1/29/2017 21:42] [PENJUALAN] CASHIER FORM : CALCULATE SUBTOTAL
[ADMIN] [1/29/2017 21:42] [PENJUALAN] CASHIER FORM : SUBTOTAL [0]
[ADMIN] [1/29/2017 21:42] [PENJUALAN] CASHIER FORM : TextBox_TextChanged, subtotal value [0]
[ADMIN] [1/29/2017 21:42] [PENJUALAN] CASHIER FORM : TextBox_TextChanged, attempt to calculate total value
[ADMIN] [1/29/2017 21:42] [PENJUALAN] CASHIER FORM : calculateTotal
[ADMIN] [1/29/2017 21:42] [PENJUALAN] CASHIER FORM : calculateTotal [0]
[ADMIN] [1/29/2017 21:42] [PENJUALAN] CASHIER FORM : calculateTotal, totalAfterDisc [0]
[ADMIN] [1/29/2017 21:42] [PENJUALAN] CASHIER FORM : calculateChangeValue, bayarTextBox.Text [0]
[ADMIN] [1/29/2017 21:42] [PENJUALAN] CASHIER FORM : calculateChangeValue, sisaBayar [0]
[ADMIN] [1/29/2017 21:42] [PENJUALAN] CASHIER FORM : cashierDataGridView_CellValueChanged [disc2]
[ADMIN] [1/29/2017 21:42] [PENJUALAN] CASHIER FORM : TextBox_TextChanged, previousInput []
[ADMIN] [1/29/2017 21:42] [PENJUALAN] CASHIER FORM : TextBox_TextChanged, dataGridViewTextBoxEditingControl.Text pass REGEX Checking
[ADMIN] [1/29/2017 21:42] [PENJUALAN] CASHIER FORM : CALCULATE SUBTOTAL
[ADMIN] [1/29/2017 21:42] [PENJUALAN] CASHIER FORM : SUBTOTAL [0]
[ADMIN] [1/29/2017 21:42] [PENJUALAN] CASHIER FORM : TextBox_TextChanged, subtotal value [0]
[ADMIN] [1/29/2017 21:42] [PENJUALAN] CASHIER FORM : TextBox_TextChanged, attempt to calculate total value
[ADMIN] [1/29/2017 21:42] [PENJUALAN] CASHIER FORM : calculateTotal
[ADMIN] [1/29/2017 21:42] [PENJUALAN] CASHIER FORM : calculateTotal [0]
[ADMIN] [1/29/2017 21:42] [PENJUALAN] CASHIER FORM : calculateTotal, totalAfterDisc [0]
[ADMIN] [1/29/2017 21:42] [PENJUALAN] CASHIER FORM : calculateChangeValue, bayarTextBox.Text [0]
[ADMIN] [1/29/2017 21:42] [PENJUALAN] CASHIER FORM : calculateChangeValue, sisaBayar [0]
[ADMIN] [1/29/2017 21:42] [PENJUALAN] CASHIER FORM : cashierDataGridView_CellValueChanged [discRP]
[ADMIN] [1/29/2017 21:42] [PENJUALAN] CASHIER FORM : TextBox_TextChanged, previousInput []
[ADMIN] [1/29/2017 21:42] [PENJUALAN] CASHIER FORM : TextBox_TextChanged, dataGridViewTextBoxEditingControl.Text pass REGEX Checking
[ADMIN] [1/29/2017 21:42] [PENJUALAN] CASHIER FORM : CALCULATE SUBTOTAL
[ADMIN] [1/29/2017 21:42] [PENJUALAN] CASHIER FORM : SUBTOTAL [0]
[ADMIN] [1/29/2017 21:42] [PENJUALAN] CASHIER FORM : TextBox_TextChanged, subtotal value [0]
[ADMIN] [1/29/2017 21:42] [PENJUALAN] CASHIER FORM : TextBox_TextChanged, attempt to calculate total value
[ADMIN] [1/29/2017 21:42] [PENJUALAN] CASHIER FORM : calculateTotal
[ADMIN] [1/29/2017 21:42] [PENJUALAN] CASHIER FORM : calculateTotal [0]
[ADMIN] [1/29/2017 21:42] [PENJUALAN] CASHIER FORM : calculateTotal, totalAfterDisc [0]
[ADMIN] [1/29/2017 21:42] [PENJUALAN] CASHIER FORM : calculateChangeValue, bayarTextBox.Text [0]
[ADMIN] [1/29/2017 21:42] [PENJUALAN] CASHIER FORM : calculateChangeValue, sisaBayar [0]
[ADMIN] [1/29/2017 21:42] [PENJUALAN] CASHIER FORM : cashierDataGridView_CellValueChanged [jumlah]
[ADMIN] [1/29/2017 21:42] [PENJUALAN] CASHIER FORM : cashierDataGridView_CellValueChanged [productName]
[ADMIN] [1/29/2017 21:42] [PENJUALAN] CASHIER FORM : cashierDataGridView_CellValueChanged [productName]
[ADMIN] [1/29/2017 21:42] [PENJUALAN] CASHIER FORM : cashierDataGridView_CellValueChanged [productID]
[ADMIN] [1/29/2017 21:42] [PENJUALAN] CASHIER FORM : PRODUCT PRICE TYPE [PRODUCT_BASE_PRICE]
[ADMIN] [1/29/2017 21:42] [PENJUALAN] CASHIER FORM : PRODUCT PRICE [11]
[ADMIN] [1/29/2017 21:42] [PENJUALAN] CASHIER FORM : ComboBox_SelectedIndexChanged, PRODUCT_BASE_PRICE [11]
[ADMIN] [1/29/2017 21:42] [PENJUALAN] CASHIER FORM : cashierDataGridView_CellValueChanged [hpp]
[ADMIN] [1/29/2017 21:42] [PENJUALAN] CASHIER FORM : PRODUCT PRICE TYPE [PRODUCT_RETAIL_PRICE]
[ADMIN] [1/29/2017 21:42] [PENJUALAN] CASHIER FORM : PRODUCT PRICE [1]
[ADMIN] [1/29/2017 21:42] [PENJUALAN] CASHIER FORM : ComboBox_SelectedIndexChanged, PRODUCT_SALES_PRICE [1]
[ADMIN] [1/29/2017 21:42] [PENJUALAN] CASHIER FORM : cashierDataGridView_CellValueChanged [productPrice]
[ADMIN] [1/29/2017 21:42] [PENJUALAN] CASHIER FORM : TextBox_TextChanged, previousInput []
[ADMIN] [1/29/2017 21:42] [PENJUALAN] CASHIER FORM : TextBox_TextChanged, dataGridViewTextBoxEditingControl.Text pass REGEX Checking
[ADMIN] [1/29/2017 21:42] [PENJUALAN] CASHIER FORM : CALCULATE SUBTOTAL
[ADMIN] [1/29/2017 21:42] [PENJUALAN] CASHIER FORM : SUBTOTAL [0]
[ADMIN] [1/29/2017 21:42] [PENJUALAN] CASHIER FORM : TextBox_TextChanged, subtotal value [0]
[ADMIN] [1/29/2017 21:42] [PENJUALAN] CASHIER FORM : TextBox_TextChanged, attempt to calculate total value
[ADMIN] [1/29/2017 21:42] [PENJUALAN] CASHIER FORM : calculateTotal
[ADMIN] [1/29/2017 21:42] [PENJUALAN] CASHIER FORM : calculateTotal [0]
[ADMIN] [1/29/2017 21:42] [PENJUALAN] CASHIER FORM : calculateTotal, totalAfterDisc [0]
[ADMIN] [1/29/2017 21:42] [PENJUALAN] CASHIER FORM : calculateChangeValue, bayarTextBox.Text [0]
[ADMIN] [1/29/2017 21:42] [PENJUALAN] CASHIER FORM : calculateChangeValue, sisaBayar [0]
[ADMIN] [1/29/2017 21:42] [PENJUALAN] CASHIER FORM : cashierDataGridView_CellValueChanged [qty]
[ADMIN] [1/29/2017 21:42] [PENJUALAN] CASHIER FORM : TextBox_TextChanged, previousInput []
[ADMIN] [1/29/2017 21:42] [PENJUALAN] CASHIER FORM : TextBox_TextChanged, dataGridViewTextBoxEditingControl.Text pass REGEX Checking
[ADMIN] [1/29/2017 21:42] [] CHECK STOCK QTY IS ENOUGH [105]
[ADMIN] [1/29/2017 21:42] [] CHECK STOCK QTY IS ENOUGH [33, 0]
[ADMIN] [1/29/2017 21:42] [PENJUALAN] CASHIER FORM : CALCULATE SUBTOTAL
[ADMIN] [1/29/2017 21:42] [PENJUALAN] CASHIER FORM : SUBTOTAL [0]
[ADMIN] [1/29/2017 21:42] [PENJUALAN] CASHIER FORM : TextBox_TextChanged, subtotal value [0]
[ADMIN] [1/29/2017 21:42] [PENJUALAN] CASHIER FORM : TextBox_TextChanged, attempt to calculate total value
[ADMIN] [1/29/2017 21:42] [PENJUALAN] CASHIER FORM : calculateTotal
[ADMIN] [1/29/2017 21:42] [PENJUALAN] CASHIER FORM : calculateTotal [0]
[ADMIN] [1/29/2017 21:42] [PENJUALAN] CASHIER FORM : calculateTotal, totalAfterDisc [0]
[ADMIN] [1/29/2017 21:42] [PENJUALAN] CASHIER FORM : calculateChangeValue, bayarTextBox.Text [0]
[ADMIN] [1/29/2017 21:42] [PENJUALAN] CASHIER FORM : calculateChangeValue, sisaBayar [0]
[ADMIN] [1/29/2017 21:42] [PENJUALAN] CASHIER FORM : cashierDataGridView_CellValueChanged [jumlah]
[ADMIN] [1/29/2017 21:42] [PENJUALAN] CASHIER FORM : ComboBox_SelectedIndexChanged, attempt to calculate total
[ADMIN] [1/29/2017 21:42] [PENJUALAN] CASHIER FORM : calculateTotal
[ADMIN] [1/29/2017 21:42] [PENJUALAN] CASHIER FORM : calculateTotal [0]
[ADMIN] [1/29/2017 21:42] [PENJUALAN] CASHIER FORM : calculateTotal, totalAfterDisc [0]
[ADMIN] [1/29/2017 21:42] [PENJUALAN] CASHIER FORM : calculateChangeValue, bayarTextBox.Text [0]
[ADMIN] [1/29/2017 21:42] [PENJUALAN] CASHIER FORM : calculateChangeValue, sisaBayar [0]
[ADMIN] [1/29/2017 21:42] [PENJUALAN] CASHIER FORM : cashierDataGridView_CellValueChanged [productPrice]
[ADMIN] [1/29/2017 21:42] [PENJUALAN] CASHIER FORM : TextBox_TextChanged, previousInput []
[ADMIN] [1/29/2017 21:42] [PENJUALAN] CASHIER FORM : TextBox_TextChanged, dataGridViewTextBoxEditingControl.Text pass REGEX Checking
[ADMIN] [1/29/2017 21:42] [PENJUALAN] CASHIER FORM : CALCULATE SUBTOTAL
[ADMIN] [1/29/2017 21:42] [PENJUALAN] CASHIER FORM : SUBTOTAL [0]
[ADMIN] [1/29/2017 21:42] [PENJUALAN] CASHIER FORM : TextBox_TextChanged, subtotal value [0]
[ADMIN] [1/29/2017 21:42] [PENJUALAN] CASHIER FORM : TextBox_TextChanged, attempt to calculate total value
[ADMIN] [1/29/2017 21:42] [PENJUALAN] CASHIER FORM : calculateTotal
[ADMIN] [1/29/2017 21:42] [PENJUALAN] CASHIER FORM : calculateTotal [0]
[ADMIN] [1/29/2017 21:42] [PENJUALAN] CASHIER FORM : calculateTotal, totalAfterDisc [0]
[ADMIN] [1/29/2017 21:42] [PENJUALAN] CASHIER FORM : calculateChangeValue, bayarTextBox.Text [0]
[ADMIN] [1/29/2017 21:42] [PENJUALAN] CASHIER FORM : calculateChangeValue, sisaBayar [0]
[ADMIN] [1/29/2017 21:42] [PENJUALAN] CASHIER FORM : cashierDataGridView_CellValueChanged [productPrice]
[ADMIN] [1/29/2017 21:42] [PENJUALAN] CASHIER FORM : TextBox_TextChanged, previousInput []
[ADMIN] [1/29/2017 21:42] [PENJUALAN] CASHIER FORM : TextBox_TextChanged, dataGridViewTextBoxEditingControl.Text pass REGEX Checking
[ADMIN] [1/29/2017 21:42] [PENJUALAN] CASHIER FORM : CALCULATE SUBTOTAL
[ADMIN] [1/29/2017 21:42] [PENJUALAN] CASHIER FORM : SUBTOTAL [0]
[ADMIN] [1/29/2017 21:42] [PENJUALAN] CASHIER FORM : TextBox_TextChanged, subtotal value [0]
[ADMIN] [1/29/2017 21:42] [PENJUALAN] CASHIER FORM : TextBox_TextChanged, attempt to calculate total value
[ADMIN] [1/29/2017 21:42] [PENJUALAN] CASHIER FORM : calculateTotal
[ADMIN] [1/29/2017 21:42] [PENJUALAN] CASHIER FORM : calculateTotal [0]
[ADMIN] [1/29/2017 21:42] [PENJUALAN] CASHIER FORM : calculateTotal, totalAfterDisc [0]
[ADMIN] [1/29/2017 21:42] [PENJUALAN] CASHIER FORM : calculateChangeValue, bayarTextBox.Text [0]
[ADMIN] [1/29/2017 21:42] [PENJUALAN] CASHIER FORM : calculateChangeValue, sisaBayar [0]
[ADMIN] [1/29/2017 21:42] [PENJUALAN] CASHIER FORM : cashierDataGridView_CellValueChanged [qty]
[ADMIN] [1/29/2017 21:42] [PENJUALAN] CASHIER FORM : TextBox_TextChanged, previousInput []
[ADMIN] [1/29/2017 21:42] [PENJUALAN] CASHIER FORM : TextBox_TextChanged, dataGridViewTextBoxEditingControl.Text pass REGEX Checking
[ADMIN] [1/29/2017 21:42] [] CHECK STOCK QTY IS ENOUGH [105]
[ADMIN] [1/29/2017 21:42] [] CHECK STOCK QTY IS ENOUGH [33, 1]
[ADMIN] [1/29/2017 21:42] [PENJUALAN] CASHIER FORM : CALCULATE SUBTOTAL
[ADMIN] [1/29/2017 21:42] [PENJUALAN] CASHIER FORM : SUBTOTAL [22]
[ADMIN] [1/29/2017 21:42] [PENJUALAN] CASHIER FORM : TextBox_TextChanged, subtotal value [22]
[ADMIN] [1/29/2017 21:42] [PENJUALAN] CASHIER FORM : TextBox_TextChanged, attempt to calculate total value
[ADMIN] [1/29/2017 21:42] [PENJUALAN] CASHIER FORM : calculateTotal
[ADMIN] [1/29/2017 21:42] [PENJUALAN] CASHIER FORM : calculateTotal [22]
[ADMIN] [1/29/2017 21:42] [PENJUALAN] CASHIER FORM : calculateTotal, totalAfterDisc [22]
[ADMIN] [1/29/2017 21:42] [PENJUALAN] CASHIER FORM : calculateChangeValue, bayarTextBox.Text [0]
[ADMIN] [1/29/2017 21:42] [PENJUALAN] CASHIER FORM : calculateChangeValue, sisaBayar [0]
[ADMIN] [1/29/2017 21:42] [PENJUALAN] CASHIER FORM : cashierDataGridView_CellValueChanged [qty]
[ADMIN] [1/29/2017 21:42] [PENJUALAN] CASHIER FORM : TextBox_TextChanged, previousInput []
[ADMIN] [1/29/2017 21:42] [PENJUALAN] CASHIER FORM : TextBox_TextChanged, dataGridViewTextBoxEditingControl.Text pass REGEX Checking
[ADMIN] [1/29/2017 21:42] [] CHECK STOCK QTY IS ENOUGH [105]
[ADMIN] [1/29/2017 21:42] [] CHECK STOCK QTY IS ENOUGH [33, 10]
[ADMIN] [1/29/2017 21:42] [PENJUALAN] CASHIER FORM : CALCULATE SUBTOTAL
[ADMIN] [1/29/2017 21:42] [PENJUALAN] CASHIER FORM : SUBTOTAL [220]
[ADMIN] [1/29/2017 21:42] [PENJUALAN] CASHIER FORM : TextBox_TextChanged, subtotal value [220]
[ADMIN] [1/29/2017 21:42] [PENJUALAN] CASHIER FORM : TextBox_TextChanged, attempt to calculate total value
[ADMIN] [1/29/2017 21:42] [PENJUALAN] CASHIER FORM : calculateTotal
[ADMIN] [1/29/2017 21:42] [PENJUALAN] CASHIER FORM : calculateTotal [220]
[ADMIN] [1/29/2017 21:42] [PENJUALAN] CASHIER FORM : calculateTotal, totalAfterDisc [220]
[ADMIN] [1/29/2017 21:42] [PENJUALAN] CASHIER FORM : calculateChangeValue, bayarTextBox.Text [0]
[ADMIN] [1/29/2017 21:42] [PENJUALAN] CASHIER FORM : calculateChangeValue, sisaBayar [0]
[ADMIN] [1/29/2017 21:42] [PENJUALAN] CASHIER FORM : cashierDataGridView_CellValueChanged [qty]
[ADMIN] [1/29/2017 21:42] [PENJUALAN] CASHIER FORM : TextBox_TextChanged, previousInput []
[ADMIN] [1/29/2017 21:42] [PENJUALAN] CASHIER FORM : TextBox_TextChanged, dataGridViewTextBoxEditingControl.Text pass REGEX Checking
[ADMIN] [1/29/2017 21:42] [] CHECK STOCK QTY IS ENOUGH [105]
[ADMIN] [1/29/2017 21:43] [] CHECK STOCK QTY IS ENOUGH [33, 100]
[ADMIN] [1/29/2017 21:43] [PENJUALAN] CASHIER FORM : cashierDataGridView_CellValueChanged [qty]
[ADMIN] [1/29/2017 21:43] [PENJUALAN] CASHIER FORM : TextBox_TextChanged, previousInput []
[ADMIN] [1/29/2017 21:43] [PENJUALAN] CASHIER FORM : TextBox_TextChanged, dataGridViewTextBoxEditingControl.Text pass REGEX Checking
[ADMIN] [1/29/2017 21:43] [] CHECK STOCK QTY IS ENOUGH [105]
[ADMIN] [1/29/2017 21:43] [] CHECK STOCK QTY IS ENOUGH [33, 1000]
[ADMIN] [1/29/2017 21:43] [PENJUALAN] CASHIER FORM : cashierDataGridView_CellValueChanged [disc1]
[ADMIN] [1/29/2017 21:43] [PENJUALAN] CASHIER FORM : TextBox_TextChanged, previousInput []
[ADMIN] [1/29/2017 21:43] [PENJUALAN] CASHIER FORM : TextBox_TextChanged, dataGridViewTextBoxEditingControl.Text pass REGEX Checking
[ADMIN] [1/29/2017 21:43] [PENJUALAN] CASHIER FORM : CALCULATE SUBTOTAL
[ADMIN] [1/29/2017 21:43] [PENJUALAN] CASHIER FORM : SUBTOTAL [21560]
[ADMIN] [1/29/2017 21:43] [PENJUALAN] CASHIER FORM : TextBox_TextChanged, subtotal value [21560]
[ADMIN] [1/29/2017 21:43] [PENJUALAN] CASHIER FORM : TextBox_TextChanged, attempt to calculate total value
[ADMIN] [1/29/2017 21:43] [PENJUALAN] CASHIER FORM : calculateTotal
[ADMIN] [1/29/2017 21:43] [PENJUALAN] CASHIER FORM : calculateTotal [21560]
[ADMIN] [1/29/2017 21:43] [PENJUALAN] CASHIER FORM : calculateTotal, totalAfterDisc [21560]
[ADMIN] [1/29/2017 21:43] [PENJUALAN] CASHIER FORM : calculateChangeValue, bayarTextBox.Text [0]
[ADMIN] [1/29/2017 21:43] [PENJUALAN] CASHIER FORM : calculateChangeValue, sisaBayar [0]
[ADMIN] [1/29/2017 21:43] [PENJUALAN] CASHIER FORM : cashierDataGridView_CellValueChanged [disc2]
[ADMIN] [1/29/2017 21:43] [PENJUALAN] CASHIER FORM : TextBox_TextChanged, previousInput []
[ADMIN] [1/29/2017 21:43] [PENJUALAN] CASHIER FORM : TextBox_TextChanged, dataGridViewTextBoxEditingControl.Text pass REGEX Checking
[ADMIN] [1/29/2017 21:43] [PENJUALAN] CASHIER FORM : CALCULATE SUBTOTAL
[ADMIN] [1/29/2017 21:43] [PENJUALAN] CASHIER FORM : SUBTOTAL [21128.8]
[ADMIN] [1/29/2017 21:43] [PENJUALAN] CASHIER FORM : TextBox_TextChanged, subtotal value [21128.8]
[ADMIN] [1/29/2017 21:43] [PENJUALAN] CASHIER FORM : TextBox_TextChanged, attempt to calculate total value
[ADMIN] [1/29/2017 21:43] [PENJUALAN] CASHIER FORM : calculateTotal
[ADMIN] [1/29/2017 21:43] [PENJUALAN] CASHIER FORM : calculateTotal [21128.8]
[ADMIN] [1/29/2017 21:43] [PENJUALAN] CASHIER FORM : calculateTotal, totalAfterDisc [21128.8]
[ADMIN] [1/29/2017 21:43] [PENJUALAN] CASHIER FORM : calculateChangeValue, bayarTextBox.Text [0]
[ADMIN] [1/29/2017 21:43] [PENJUALAN] CASHIER FORM : calculateChangeValue, sisaBayar [0]
[ADMIN] [1/29/2017 21:43] [PENJUALAN] CASHIER FORM : cashierDataGridView_CellValueChanged [disc2]
[ADMIN] [1/29/2017 21:43] [PENJUALAN] CASHIER FORM : TextBox_TextChanged, previousInput []
[ADMIN] [1/29/2017 21:43] [PENJUALAN] CASHIER FORM : TextBox_TextChanged, dataGridViewTextBoxEditingControl.Text pass REGEX Checking
[ADMIN] [1/29/2017 21:43] [PENJUALAN] CASHIER FORM : CALCULATE SUBTOTAL
[ADMIN] [1/29/2017 21:43] [PENJUALAN] CASHIER FORM : SUBTOTAL [16816.8]
[ADMIN] [1/29/2017 21:43] [PENJUALAN] CASHIER FORM : TextBox_TextChanged, subtotal value [16816.8]
[ADMIN] [1/29/2017 21:43] [PENJUALAN] CASHIER FORM : TextBox_TextChanged, attempt to calculate total value
[ADMIN] [1/29/2017 21:43] [PENJUALAN] CASHIER FORM : calculateTotal
[ADMIN] [1/29/2017 21:43] [PENJUALAN] CASHIER FORM : calculateTotal [16816.8]
[ADMIN] [1/29/2017 21:43] [PENJUALAN] CASHIER FORM : calculateTotal, totalAfterDisc [16816.8]
[ADMIN] [1/29/2017 21:43] [PENJUALAN] CASHIER FORM : calculateChangeValue, bayarTextBox.Text [0]
[ADMIN] [1/29/2017 21:43] [PENJUALAN] CASHIER FORM : calculateChangeValue, sisaBayar [0]
[ADMIN] [1/29/2017 21:43] [PENJUALAN] CASHIER FORM : cashierDataGridView_CellValueChanged [discRP]
[ADMIN] [1/29/2017 21:43] [PENJUALAN] CASHIER FORM : TextBox_TextChanged, previousInput []
[ADMIN] [1/29/2017 21:43] [PENJUALAN] CASHIER FORM : TextBox_TextChanged, dataGridViewTextBoxEditingControl.Text pass REGEX Checking
[ADMIN] [1/29/2017 21:43] [PENJUALAN] CASHIER FORM : CALCULATE SUBTOTAL
[ADMIN] [1/29/2017 21:43] [PENJUALAN] CASHIER FORM : SUBTOTAL [16814.8]
[ADMIN] [1/29/2017 21:43] [PENJUALAN] CASHIER FORM : TextBox_TextChanged, subtotal value [16814.8]
[ADMIN] [1/29/2017 21:43] [PENJUALAN] CASHIER FORM : TextBox_TextChanged, attempt to calculate total value
[ADMIN] [1/29/2017 21:43] [PENJUALAN] CASHIER FORM : calculateTotal
[ADMIN] [1/29/2017 21:43] [PENJUALAN] CASHIER FORM : calculateTotal [16814.8]
[ADMIN] [1/29/2017 21:43] [PENJUALAN] CASHIER FORM : calculateTotal, totalAfterDisc [16814.8]
[ADMIN] [1/29/2017 21:43] [PENJUALAN] CASHIER FORM : calculateChangeValue, bayarTextBox.Text [0]
[ADMIN] [1/29/2017 21:43] [PENJUALAN] CASHIER FORM : calculateChangeValue, sisaBayar [0]
[ADMIN] [1/29/2017 21:43] [PENJUALAN] CASHIER FORM : cashierDataGridView_CellValueChanged [discRP]
[ADMIN] [1/29/2017 21:43] [PENJUALAN] CASHIER FORM : TextBox_TextChanged, previousInput []
[ADMIN] [1/29/2017 21:43] [PENJUALAN] CASHIER FORM : TextBox_TextChanged, dataGridViewTextBoxEditingControl.Text pass REGEX Checking
[ADMIN] [1/29/2017 21:43] [PENJUALAN] CASHIER FORM : CALCULATE SUBTOTAL
[ADMIN] [1/29/2017 21:43] [PENJUALAN] CASHIER FORM : SUBTOTAL [16794.8]
[ADMIN] [1/29/2017 21:43] [PENJUALAN] CASHIER FORM : TextBox_TextChanged, subtotal value [16794.8]
[ADMIN] [1/29/2017 21:43] [PENJUALAN] CASHIER FORM : TextBox_TextChanged, attempt to calculate total value
[ADMIN] [1/29/2017 21:43] [PENJUALAN] CASHIER FORM : calculateTotal
[ADMIN] [1/29/2017 21:43] [PENJUALAN] CASHIER FORM : calculateTotal [16794.8]
[ADMIN] [1/29/2017 21:43] [PENJUALAN] CASHIER FORM : calculateTotal, totalAfterDisc [16794.8]
[ADMIN] [1/29/2017 21:43] [PENJUALAN] CASHIER FORM : calculateChangeValue, bayarTextBox.Text [0]
[ADMIN] [1/29/2017 21:43] [PENJUALAN] CASHIER FORM : calculateChangeValue, sisaBayar [0]
[ADMIN] [1/29/2017 21:43] [PENJUALAN] CASHIER FORM : cashierDataGridView_CellValueChanged [discRP]
[ADMIN] [1/29/2017 21:43] [PENJUALAN] CASHIER FORM : TextBox_TextChanged, previousInput []
[ADMIN] [1/29/2017 21:43] [PENJUALAN] CASHIER FORM : TextBox_TextChanged, dataGridViewTextBoxEditingControl.Text pass REGEX Checking
[ADMIN] [1/29/2017 21:43] [PENJUALAN] CASHIER FORM : CALCULATE SUBTOTAL
[ADMIN] [1/29/2017 21:43] [PENJUALAN] CASHIER FORM : SUBTOTAL [16594.8]
[ADMIN] [1/29/2017 21:43] [PENJUALAN] CASHIER FORM : TextBox_TextChanged, subtotal value [16594.8]
[ADMIN] [1/29/2017 21:43] [PENJUALAN] CASHIER FORM : TextBox_TextChanged, attempt to calculate total value
[ADMIN] [1/29/2017 21:43] [PENJUALAN] CASHIER FORM : calculateTotal
[ADMIN] [1/29/2017 21:43] [PENJUALAN] CASHIER FORM : calculateTotal [16594.8]
[ADMIN] [1/29/2017 21:43] [PENJUALAN] CASHIER FORM : calculateTotal, totalAfterDisc [16594.8]
[ADMIN] [1/29/2017 21:43] [PENJUALAN] CASHIER FORM : calculateChangeValue, bayarTextBox.Text [0]
[ADMIN] [1/29/2017 21:43] [PENJUALAN] CASHIER FORM : calculateChangeValue, sisaBayar [0]
[ADMIN] [1/29/2017 21:43] [PENJUALAN] CASHIER FORM : discJualMaskedTextBox_Validating, totalAfterDisc [16594.8]
[ADMIN] [1/29/2017 21:43] [PENJUALAN] CASHIER FORM : discJualMaskedTextBox_Validating, totalAfterDisc [16589.8]
[ADMIN] [1/29/2017 21:43] [PENJUALAN] CASHIER FORM : discJualMaskedTextBox_Validating, totalAfterDisc [16544.8]
[ADMIN] [1/29/2017 21:43] [PENJUALAN] CASHIER FORM : discJualMaskedTextBox_Validating, totalAfterDisc [16094.8]
[ADMIN] [1/29/2017 21:43] [PENJUALAN] CASHIER FORM : discJualMaskedTextBox_Validating, totalAfterDisc [11594.8]
[ADMIN] [1/29/2017 21:43] [PENJUALAN] CASHIER FORM : discJualMaskedTextBox_Validating, totalAfterDisc [11594.8]
[ADMIN] [1/29/2017 21:43] [PENJUALAN] CASHIER FORM : calculateChangeValue, bayarTextBox.Text [2]
[ADMIN] [1/29/2017 21:43] [PENJUALAN] CASHIER FORM : calculateChangeValue, sisaBayar [0]
[ADMIN] [1/29/2017 21:43] [PENJUALAN] CASHIER FORM : calculateChangeValue, bayarTextBox.Text [22]
[ADMIN] [1/29/2017 21:43] [PENJUALAN] CASHIER FORM : calculateChangeValue, sisaBayar [0]
[ADMIN] [1/29/2017 21:43] [PENJUALAN] CASHIER FORM : calculateChangeValue, bayarTextBox.Text [220]
[ADMIN] [1/29/2017 21:43] [PENJUALAN] CASHIER FORM : calculateChangeValue, sisaBayar [0]
[ADMIN] [1/29/2017 21:43] [PENJUALAN] CASHIER FORM : calculateChangeValue, bayarTextBox.Text [2200]
[ADMIN] [1/29/2017 21:43] [PENJUALAN] CASHIER FORM : calculateChangeValue, sisaBayar [0]
[ADMIN] [1/29/2017 21:43] [PENJUALAN] CASHIER FORM : calculateChangeValue, bayarTextBox.Text [22000]
[ADMIN] [1/29/2017 21:43] [PENJUALAN] CASHIER FORM : calculateChangeValue, sisaBayar [10405.2]
[ADMIN] [1/29/2017 21:43] [PENJUALAN] CASHIER FORM : calculateChangeValue, bayarTextBox.Text [220000]
[ADMIN] [1/29/2017 21:43] [PENJUALAN] CASHIER FORM : calculateChangeValue, sisaBayar [208405.2]
[ADMIN] [1/29/2017 21:43] [PENJUALAN] CASHIER FORM : HOTKEY TO SAVE AND PRINT OUT INVOICE PRESSED
[ADMIN] [1/29/2017 21:43] [PENJUALAN] CASHIER FORM : UNREGISTER HOTKEY
[ADMIN] [1/29/2017 21:43] [PENJUALAN] CASHIER FORM : REGISTER HOTKEY
[ADMIN] [1/29/2017 21:43] [PENJUALAN] ATTEMPT TO SAVE AND PRINT OUT INVOICE
[ADMIN] [1/29/2017 21:43] [] CHECK STOCK QTY IS ENOUGH [105]
[ADMIN] [1/29/2017 21:43] [] CHECK STOCK QTY IS ENOUGH [33, 1000]
[ADMIN] [1/29/2017 21:43] [PENJUALAN] CASHIER FORM : UNREGISTER HOTKEY
[ADMIN] [1/29/2017 21:43] [PENJUALAN] CASHIER FORM : REGISTER HOTKEY
[ADMIN] [1/29/2017 21:43] [PENJUALAN] CASHIER FORM : UNREGISTER HOTKEY
[ADMIN] [1/29/2017 21:43] [PENJUALAN] CASHIER FORM : UNREGISTER HOTKEY
[ADMIN] [1/29/2017 21:43] [SET NO FAKTUR] ATTEMPT TO SAVE NO FAKTUR
[ADMIN] [1/29/2017 21:43] [SET NO FAKTUR] UPDATE SYS CONFIG VALUE [SLO001]
[ADMIN] [1/29/2017 21:43] [SET NO FAKTUR] NO FAKTUR SAVED
[ADMIN] [1/29/2017 21:43] [] USER ID = 1LOGOUT
