[] [1/27/2017 14:47] [] USER = ADMIN IS ACTIVE
[ADMIN] [1/27/2017 14:47] [] USER ID = 1 LOGIN SUCCESSFULLY
[ADMIN] [1/27/2017 14:47] [] ACTIVATE USER ACCESS RIGHT
[ADMIN] [1/27/2017 14:47] [] DISPLAY ADMIN FORM
[ADMIN] [1/27/2017 14:47] [] adminForm Load
[ADMIN] [1/27/2017 14:47] [] ACTIVATE USER ACCESS RIGHT
[] [1/27/2017 14:48] [] USER = ADMIN IS ACTIVE
[ADMIN] [1/27/2017 14:48] [] USER ID = 1 LOGIN SUCCESSFULLY
[ADMIN] [1/27/2017 14:48] [] ACTIVATE USER ACCESS RIGHT
[ADMIN] [1/27/2017 14:48] [] DISPLAY ADMIN FORM
[ADMIN] [1/27/2017 14:48] [] adminForm Load
[ADMIN] [1/27/2017 14:48] [] ACTIVATE USER ACCESS RIGHT
[] [1/27/2017 15:24] [] USER = ADMIN IS ACTIVE
[ADMIN] [1/27/2017 15:24] [] USER ID = 1 LOGIN SUCCESSFULLY
[ADMIN] [1/27/2017 15:24] [] ACTIVATE USER ACCESS RIGHT
[ADMIN] [1/27/2017 15:24] [] DISPLAY ADMIN FORM
[ADMIN] [1/27/2017 15:24] [] adminForm Load
[ADMIN] [1/27/2017 15:24] [] ACTIVATE USER ACCESS RIGHT
[ADMIN] [1/27/2017 15:25] [] SERVER IP IS LOCALHOST
[ADMIN] [1/27/2017 15:25] [] SERVER IP IS LOCALHOST
[ADMIN] [1/27/2017 15:27] [PENJUALAN] CASHIER FORM : MULTIPLE CASHIER INSTANCE [1]
[ADMIN] [1/27/2017 15:27] [PENJUALAN] CASHIER FORM : REGISTER HOTKEY
[ADMIN] [1/27/2017 15:27] [PENJUALAN] CASHIER FORM : cashierForm_Load, ATTEMPT TO LOAD NO FAKTUR
[ADMIN] [1/27/2017 15:27] [PENJUALAN] CASHIER FORM : loadNoFaktur, noFakturValue [SLO001]
[ADMIN] [1/27/2017 15:27] [PENJUALAN] CASHIER FORM : cashierForm_Load, ATTEMPT TO addColumnToDataGrid
[ADMIN] [1/27/2017 15:27] [PENJUALAN] CASHIER FORM : calculateTotal
[ADMIN] [1/27/2017 15:27] [PENJUALAN] CASHIER FORM : calculateTotal [0]
[ADMIN] [1/27/2017 15:27] [PENJUALAN] CASHIER FORM : calculateTotal, totalAfterDisc [0]
[ADMIN] [1/27/2017 15:27] [PENJUALAN] CASHIER FORM : calculateChangeValue, bayarTextBox.Text [0]
[ADMIN] [1/27/2017 15:27] [PENJUALAN] CASHIER FORM : calculateChangeValue, sisaBayar [0]
[ADMIN] [1/27/2017 15:27] [PENJUALAN] CASHIER FORM : REGISTER HOTKEY
[ADMIN] [1/27/2017 15:27] [PENJUALAN] CASHIER FORM : UNREGISTER HOTKEY
[ADMIN] [1/27/2017 15:27] [PENJUALAN] CASHIER FORM : UNREGISTER HOTKEY
[ADMIN] [1/27/2017 15:28] [SUPPLIER] ATTEMPT TO SAVE
[ADMIN] [1/27/2017 15:28] [SUPPLIER] INSERT NEW SUPPLIER [TOKO BESI TUA]
[ADMIN] [1/27/2017 15:28] [SUPPLIER] ATTEMPT TO SAVE
[ADMIN] [1/27/2017 15:28] [SUPPLIER] UPDATE SUPPLIER [1]
[ADMIN] [1/27/2017 15:29] [] SERVER IP IS LOCALHOST
[ADMIN] [1/27/2017 15:29] [] INSERT DATA ID 2 TO SYS_CONFIG
[ADMIN] [1/27/2017 15:29] [RETUR PENJUALAN] RETUR PENJUALAN : detailGridView_CellValueChanged [productName]
[ADMIN] [1/27/2017 15:29] [RETUR PENJUALAN] RETUR PENJUALAN : detailGridView_CellValueChanged [productName]
[ADMIN] [1/27/2017 15:29] [RETUR PENJUALAN] RETUR PENJUALAN : detailGridView_CellValueChanged [hpp]
[ADMIN] [1/27/2017 15:29] [RETUR PENJUALAN] RETUR PENJUALAN : detailGridView_CellValueChanged [subtotal]
[ADMIN] [1/27/2017 15:29] [RETUR PENJUALAN] RETUR PENJUALAN : detailGridView_CellValueChanged [hpp]
[ADMIN] [1/27/2017 15:29] [RETUR PENJUALAN] RETUR PENJUALAN : detailGridView_CellValueChanged [hpp]
[ADMIN] [1/27/2017 15:29] [RETUR PENJUALAN] RETUR PENJUALAN : detailGridView_CellValueChanged [hpp]
[ADMIN] [1/27/2017 15:29] [RETUR PENJUALAN] RETUR PENJUALAN : detailGridView_CellValueChanged [qtyReceived]
[ADMIN] [1/27/2017 15:29] [RETUR PENJUALAN] RETUR PENJUALAN : detailGridView_CellValueChanged [subtotal]
[ADMIN] [1/27/2017 15:29] [RETUR PENJUALAN] RETUR PENJUALAN : detailGridView_CellValueChanged [productName]
[ADMIN] [1/27/2017 15:29] [RETUR PENJUALAN] RETUR PENJUALAN : detailGridView_CellValueChanged [hpp]
[ADMIN] [1/27/2017 15:29] [RETUR PENJUALAN] RETUR PENJUALAN : detailGridView_CellValueChanged [subtotal]
[ADMIN] [1/27/2017 15:29] [RETUR PENJUALAN] RETUR PENJUALAN : detailGridView_CellValueChanged [subtotal]
[ADMIN] [1/27/2017 15:29] [RETUR PENJUALAN] RETUR PENJUALAN : detailGridView_CellValueChanged [qtyReceived]
[ADMIN] [1/27/2017 15:29] [RETUR PENJUALAN] RETUR PENJUALAN : detailGridView_CellValueChanged [subtotal]
[ADMIN] [1/27/2017 15:29] [RETUR PENJUALAN] RETUR PENJUALAN : detailGridView_CellValueChanged [qtyReceived]
[ADMIN] [1/27/2017 15:29] [RETUR PENJUALAN] RETUR PENJUALAN : detailGridView_CellValueChanged [qtyReceived]
[ADMIN] [1/27/2017 15:29] [RETUR PENJUALAN] RETUR PENJUALAN : detailGridView_CellValueChanged [qtyReceived]
[ADMIN] [1/27/2017 15:29] [RETUR PENJUALAN] RETUR PENJUALAN : detailGridView_CellValueChanged [qtyReceived]
[ADMIN] [1/27/2017 15:29] [RETUR PENJUALAN] RETUR PENJUALAN : detailGridView_CellValueChanged [qtyReceived]
[ADMIN] [1/27/2017 15:29] [RETUR PENJUALAN] RETUR PENJUALAN : detailGridView_CellValueChanged [qtyReceived]
[ADMIN] [1/27/2017 15:29] [RETUR PENJUALAN] RETUR PENJUALAN : detailGridView_CellValueChanged [qtyReceived]
[ADMIN] [1/27/2017 15:29] [RETUR PENJUALAN] RETUR PENJUALAN : detailGridView_CellValueChanged [qtyReceived]
[ADMIN] [1/27/2017 15:29] [RETUR PENJUALAN] RETUR PENJUALAN : detailGridView_CellValueChanged [qtyReceived]
[ADMIN] [1/27/2017 15:29] [RETUR PENJUALAN] RETUR PENJUALAN : detailGridView_CellValueChanged [qtyReceived]
[ADMIN] [1/27/2017 15:29] [RETUR PENJUALAN] RETUR PENJUALAN : detailGridView_CellValueChanged [subtotal]
[ADMIN] [1/27/2017 15:29] [RETUR PENJUALAN] RETUR PENJUALAN : detailGridView_CellValueChanged [qtyReceived]
[ADMIN] [1/27/2017 15:29] [RETUR PENJUALAN] RETUR PENJUALAN : detailGridView_CellValueChanged [subtotal]
[ADMIN] [1/27/2017 15:29] [RETUR PENJUALAN] RETUR PENJUALAN : detailGridView_CellValueChanged [qtyReceived]
[ADMIN] [1/27/2017 15:29] [RETUR PENJUALAN] RETUR PENJUALAN : detailGridView_CellValueChanged [subtotal]
[ADMIN] [1/27/2017 15:29] [RETUR PENJUALAN] RETUR PENJUALAN : detailGridView_CellValueChanged [qtyReceived]
[ADMIN] [1/27/2017 15:29] [RETUR PENJUALAN] RETUR PENJUALAN : detailGridView_CellValueChanged [subtotal]
[ADMIN] [1/27/2017 15:29] [RETUR PENJUALAN] RETUR PENJUALAN : detailGridView_CellValueChanged [productName]
[ADMIN] [1/27/2017 15:29] [RETUR PENJUALAN] RETUR PENJUALAN : detailGridView_CellValueChanged [productName]
[ADMIN] [1/27/2017 15:29] [RETUR PENJUALAN] RETUR PENJUALAN : detailGridView_CellValueChanged [productName]
[ADMIN] [1/27/2017 15:29] [RETUR PENJUALAN] RETUR PENJUALAN : detailGridView_CellValueChanged [productName]
[ADMIN] [1/27/2017 15:29] [RETUR PENJUALAN] RETUR PENJUALAN : detailGridView_CellValueChanged [productName]
[ADMIN] [1/27/2017 15:29] [RETUR PENJUALAN] RETUR PENJUALAN : detailGridView_CellValueChanged [productName]
[ADMIN] [1/27/2017 15:29] [RETUR PENJUALAN] RETUR PENJUALAN : detailGridView_CellValueChanged [productName]
[ADMIN] [1/27/2017 15:29] [RETUR PENJUALAN] RETUR PENJUALAN : detailGridView_CellValueChanged [productName]
[ADMIN] [1/27/2017 15:29] [RETUR PENJUALAN] RETUR PENJUALAN : detailGridView_CellValueChanged [productName]
[ADMIN] [1/27/2017 15:29] [RETUR PENJUALAN] RETUR PENJUALAN : detailGridView_CellValueChanged [productName]
[ADMIN] [1/27/2017 15:29] [RETUR PENJUALAN] RETUR PENJUALAN : detailGridView_CellValueChanged [productName]
[ADMIN] [1/27/2017 15:29] [RETUR PENJUALAN] RETUR PENJUALAN : detailGridView_CellValueChanged [hpp]
[ADMIN] [1/27/2017 15:29] [RETUR PENJUALAN] RETUR PENJUALAN : detailGridView_CellValueChanged [qtyReceived]
[ADMIN] [1/27/2017 15:29] [RETUR PENJUALAN] RETUR PENJUALAN : detailGridView_CellValueChanged [subtotal]
[ADMIN] [1/27/2017 15:29] [RETUR PENJUALAN] RETUR PENJUALAN : detailGridView_CellValueChanged [qtyReceived]
[ADMIN] [1/27/2017 15:29] [RETUR PENJUALAN] RETUR PENJUALAN : detailGridView_CellValueChanged [subtotal]
[ADMIN] [1/27/2017 15:29] [RETUR PENJUALAN] RETUR PENJUALAN : detailGridView_CellValueChanged [qtyReceived]
[ADMIN] [1/27/2017 15:29] [RETUR PENJUALAN] RETUR PENJUALAN : detailGridView_CellValueChanged [subtotal]
[ADMIN] [1/27/2017 15:29] [RETUR PENJUALAN] RETUR PENJUALAN : detailGridView_CellValueChanged [qtyReceived]
[ADMIN] [1/27/2017 15:29] [RETUR PENJUALAN] RETUR PENJUALAN : detailGridView_CellValueChanged [subtotal]
[ADMIN] [1/27/2017 15:30] [RETUR PENJUALAN] RETUR PENJUALAN : detailGridView_CellValueChanged [productName]
[ADMIN] [1/27/2017 15:30] [RETUR PENJUALAN] RETUR PENJUALAN : detailGridView_CellValueChanged [hpp]
[ADMIN] [1/27/2017 15:30] [RETUR PENJUALAN] RETUR PENJUALAN : detailGridView_CellValueChanged [subtotal]
[ADMIN] [1/27/2017 15:30] [RETUR PENJUALAN] RETUR PENJUALAN : detailGridView_CellValueChanged [subtotal]
[ADMIN] [1/27/2017 15:30] [RETUR PENJUALAN] RETUR PENJUALAN : detailGridView_CellValueChanged [qtyReceived]
[ADMIN] [1/27/2017 15:30] [RETUR PENJUALAN] RETUR PENJUALAN : detailGridView_CellValueChanged [subtotal]
[ADMIN] [1/27/2017 15:30] [] USER ID = 1LOGOUT
