[] [5/26/2017 11:43] [] USER = ADMIN IS ACTIVE
[ADMIN] [5/26/2017 11:43] [] USER ID = 1 LOGIN SUCCESSFULLY
[ADMIN] [5/26/2017 11:43] [] ACTIVATE USER ACCESS RIGHT
[ADMIN] [5/26/2017 11:43] [] DISPLAY ADMIN FORM
[ADMIN] [5/26/2017 11:43] [] adminForm Load
[ADMIN] [5/26/2017 11:43] [PENJUALAN] CASHIER FORM : MULTIPLE CASHIER INSTANCE [1]
[ADMIN] [5/26/2017 11:43] [PENJUALAN] CASHIER FORM : REGISTER HOTKEY
[ADMIN] [5/26/2017 11:43] [PENJUALAN] CASHIER FORM : cashierForm_Load, ATTEMPT TO LOAD NO FAKTUR
[ADMIN] [5/26/2017 11:43] [PENJUALAN] CASHIER FORM : loadNoFaktur, noFakturValue [SLO001]
[ADMIN] [5/26/2017 11:43] [PENJUALAN] CASHIER FORM : cashierForm_Load, ATTEMPT TO addColumnToDataGrid
[ADMIN] [5/26/2017 11:43] [PENJUALAN] CASHIER FORM : calculateTotal
[ADMIN] [5/26/2017 11:43] [PENJUALAN] CASHIER FORM : calculateTotal [0]
[ADMIN] [5/26/2017 11:43] [PENJUALAN] CASHIER FORM : calculateTotal, totalAfterDisc [0]
[ADMIN] [5/26/2017 11:43] [PENJUALAN] CASHIER FORM : calculateChangeValue, bayarTextBox.Text [0]
[ADMIN] [5/26/2017 11:43] [PENJUALAN] CASHIER FORM : calculateChangeValue, sisaBayar [0]
[ADMIN] [5/26/2017 11:43] [PENJUALAN] CASHIER FORM : REGISTER HOTKEY
[ADMIN] [5/26/2017 11:44] [PENJUALAN] CASHIER FORM : UNREGISTER HOTKEY
[ADMIN] [5/26/2017 11:44] [PENJUALAN] CASHIER FORM : UNREGISTER HOTKEY
[ADMIN] [5/26/2017 11:44] [PENJUALAN] CASHIER FORM : REGISTER HOTKEY
[ADMIN] [5/26/2017 11:44] [PENJUALAN] CASHIER FORM : calculateTotal
[ADMIN] [5/26/2017 11:44] [PENJUALAN] CASHIER FORM : calculateTotal [0]
[ADMIN] [5/26/2017 11:44] [PENJUALAN] CASHIER FORM : calculateTotal, totalAfterDisc [0]
[ADMIN] [5/26/2017 11:44] [PENJUALAN] CASHIER FORM : calculateChangeValue, bayarTextBox.Text [0]
[ADMIN] [5/26/2017 11:44] [PENJUALAN] CASHIER FORM : calculateChangeValue, sisaBayar [0]
[ADMIN] [5/26/2017 11:44] [PENJUALAN] CASHIER FORM : REGISTER HOTKEY
[ADMIN] [5/26/2017 11:44] [PENJUALAN] CASHIER FORM : HOTKEY TO ADD NEW ROW PRESSED
[ADMIN] [5/26/2017 11:44] [PENJUALAN] CASHIER FORM : ADD NEW ROW,  isActive [True]
[ADMIN] [5/26/2017 11:44] [PENJUALAN] CASHIER FORM : ADD NEW ROW,  ROW COUNT [0]
[ADMIN] [5/26/2017 11:44] [PENJUALAN] CASHIER FORM : ADD NEW ROW,  ALLOW TO ADD [True]
[ADMIN] [5/26/2017 11:44] [PENJUALAN] CASHIER FORM : cashierDataGridView_CellValueChanged [F8]
[ADMIN] [5/26/2017 11:44] [PENJUALAN] CASHIER FORM : cashierDataGridView_CellValueChanged [hpp]
[ADMIN] [5/26/2017 11:44] [PENJUALAN] CASHIER FORM : cashierDataGridView_CellValueChanged [productPrice]
[ADMIN] [5/26/2017 11:44] [PENJUALAN] CASHIER FORM : TextBox_TextChanged, previousInput []
[ADMIN] [5/26/2017 11:44] [PENJUALAN] CASHIER FORM : TextBox_TextChanged, dataGridViewTextBoxEditingControl.Text pass REGEX Checking
[ADMIN] [5/26/2017 11:44] [PENJUALAN] CASHIER FORM : CALCULATE SUBTOTAL
[ADMIN] [5/26/2017 11:44] [PENJUALAN] CASHIER FORM : SUBTOTAL [0]
[ADMIN] [5/26/2017 11:44] [PENJUALAN] CASHIER FORM : TextBox_TextChanged, subtotal value [0]
[ADMIN] [5/26/2017 11:44] [PENJUALAN] CASHIER FORM : TextBox_TextChanged, attempt to calculate total value
[ADMIN] [5/26/2017 11:44] [PENJUALAN] CASHIER FORM : calculateTotal
[ADMIN] [5/26/2017 11:44] [PENJUALAN] CASHIER FORM : calculateTotal [0]
[ADMIN] [5/26/2017 11:44] [PENJUALAN] CASHIER FORM : calculateTotal, totalAfterDisc [0]
[ADMIN] [5/26/2017 11:44] [PENJUALAN] CASHIER FORM : calculateChangeValue, bayarTextBox.Text [0]
[ADMIN] [5/26/2017 11:44] [PENJUALAN] CASHIER FORM : calculateChangeValue, sisaBayar [0]
[ADMIN] [5/26/2017 11:44] [PENJUALAN] CASHIER FORM : cashierDataGridView_CellValueChanged [disc1]
[ADMIN] [5/26/2017 11:44] [PENJUALAN] CASHIER FORM : TextBox_TextChanged, previousInput []
[ADMIN] [5/26/2017 11:44] [PENJUALAN] CASHIER FORM : TextBox_TextChanged, dataGridViewTextBoxEditingControl.Text pass REGEX Checking
[ADMIN] [5/26/2017 11:44] [PENJUALAN] CASHIER FORM : CALCULATE SUBTOTAL
[ADMIN] [5/26/2017 11:44] [PENJUALAN] CASHIER FORM : SUBTOTAL [0]
[ADMIN] [5/26/2017 11:44] [PENJUALAN] CASHIER FORM : TextBox_TextChanged, subtotal value [0]
[ADMIN] [5/26/2017 11:44] [PENJUALAN] CASHIER FORM : TextBox_TextChanged, attempt to calculate total value
[ADMIN] [5/26/2017 11:44] [PENJUALAN] CASHIER FORM : calculateTotal
[ADMIN] [5/26/2017 11:44] [PENJUALAN] CASHIER FORM : calculateTotal [0]
[ADMIN] [5/26/2017 11:44] [PENJUALAN] CASHIER FORM : calculateTotal, totalAfterDisc [0]
[ADMIN] [5/26/2017 11:44] [PENJUALAN] CASHIER FORM : calculateChangeValue, bayarTextBox.Text [0]
[ADMIN] [5/26/2017 11:44] [PENJUALAN] CASHIER FORM : calculateChangeValue, sisaBayar [0]
[ADMIN] [5/26/2017 11:44] [PENJUALAN] CASHIER FORM : cashierDataGridView_CellValueChanged [qty]
[ADMIN] [5/26/2017 11:44] [PENJUALAN] CASHIER FORM : TextBox_TextChanged, previousInput []
[ADMIN] [5/26/2017 11:44] [PENJUALAN] CASHIER FORM : TextBox_TextChanged, dataGridViewTextBoxEditingControl.Text pass REGEX Checking
[ADMIN] [5/26/2017 11:44] [PENJUALAN] CASHIER FORM : CALCULATE SUBTOTAL
[ADMIN] [5/26/2017 11:44] [PENJUALAN] CASHIER FORM : SUBTOTAL [0]
[ADMIN] [5/26/2017 11:44] [PENJUALAN] CASHIER FORM : TextBox_TextChanged, subtotal value [0]
[ADMIN] [5/26/2017 11:44] [PENJUALAN] CASHIER FORM : TextBox_TextChanged, attempt to calculate total value
[ADMIN] [5/26/2017 11:44] [PENJUALAN] CASHIER FORM : calculateTotal
[ADMIN] [5/26/2017 11:44] [PENJUALAN] CASHIER FORM : calculateTotal [0]
[ADMIN] [5/26/2017 11:44] [PENJUALAN] CASHIER FORM : calculateTotal, totalAfterDisc [0]
[ADMIN] [5/26/2017 11:44] [PENJUALAN] CASHIER FORM : calculateChangeValue, bayarTextBox.Text [0]
[ADMIN] [5/26/2017 11:44] [PENJUALAN] CASHIER FORM : calculateChangeValue, sisaBayar [0]
[ADMIN] [5/26/2017 11:44] [PENJUALAN] CASHIER FORM : cashierDataGridView_CellValueChanged [disc2]
[ADMIN] [5/26/2017 11:44] [PENJUALAN] CASHIER FORM : TextBox_TextChanged, previousInput []
[ADMIN] [5/26/2017 11:44] [PENJUALAN] CASHIER FORM : TextBox_TextChanged, dataGridViewTextBoxEditingControl.Text pass REGEX Checking
[ADMIN] [5/26/2017 11:44] [PENJUALAN] CASHIER FORM : CALCULATE SUBTOTAL
[ADMIN] [5/26/2017 11:44] [PENJUALAN] CASHIER FORM : SUBTOTAL [0]
[ADMIN] [5/26/2017 11:44] [PENJUALAN] CASHIER FORM : TextBox_TextChanged, subtotal value [0]
[ADMIN] [5/26/2017 11:44] [PENJUALAN] CASHIER FORM : TextBox_TextChanged, attempt to calculate total value
[ADMIN] [5/26/2017 11:44] [PENJUALAN] CASHIER FORM : calculateTotal
[ADMIN] [5/26/2017 11:44] [PENJUALAN] CASHIER FORM : calculateTotal [0]
[ADMIN] [5/26/2017 11:44] [PENJUALAN] CASHIER FORM : calculateTotal, totalAfterDisc [0]
[ADMIN] [5/26/2017 11:44] [PENJUALAN] CASHIER FORM : calculateChangeValue, bayarTextBox.Text [0]
[ADMIN] [5/26/2017 11:44] [PENJUALAN] CASHIER FORM : calculateChangeValue, sisaBayar [0]
[ADMIN] [5/26/2017 11:44] [PENJUALAN] CASHIER FORM : cashierDataGridView_CellValueChanged [discRP]
[ADMIN] [5/26/2017 11:44] [PENJUALAN] CASHIER FORM : TextBox_TextChanged, previousInput []
[ADMIN] [5/26/2017 11:44] [PENJUALAN] CASHIER FORM : TextBox_TextChanged, dataGridViewTextBoxEditingControl.Text pass REGEX Checking
[ADMIN] [5/26/2017 11:44] [PENJUALAN] CASHIER FORM : CALCULATE SUBTOTAL
[ADMIN] [5/26/2017 11:44] [PENJUALAN] CASHIER FORM : SUBTOTAL [0]
[ADMIN] [5/26/2017 11:44] [PENJUALAN] CASHIER FORM : TextBox_TextChanged, subtotal value [0]
[ADMIN] [5/26/2017 11:44] [PENJUALAN] CASHIER FORM : TextBox_TextChanged, attempt to calculate total value
[ADMIN] [5/26/2017 11:44] [PENJUALAN] CASHIER FORM : calculateTotal
[ADMIN] [5/26/2017 11:44] [PENJUALAN] CASHIER FORM : calculateTotal [0]
[ADMIN] [5/26/2017 11:44] [PENJUALAN] CASHIER FORM : calculateTotal, totalAfterDisc [0]
[ADMIN] [5/26/2017 11:44] [PENJUALAN] CASHIER FORM : calculateChangeValue, bayarTextBox.Text [0]
[ADMIN] [5/26/2017 11:44] [PENJUALAN] CASHIER FORM : calculateChangeValue, sisaBayar [0]
[ADMIN] [5/26/2017 11:44] [PENJUALAN] CASHIER FORM : cashierDataGridView_CellValueChanged [jumlah]
[ADMIN] [5/26/2017 11:44] [PENJUALAN] CASHIER FORM : cashierDataGridView_CellValueChanged [productPrice]
[ADMIN] [5/26/2017 11:44] [PENJUALAN] CASHIER FORM : TextBox_TextChanged, previousInput []
[ADMIN] [5/26/2017 11:44] [PENJUALAN] CASHIER FORM : TextBox_TextChanged, dataGridViewTextBoxEditingControl.Text did not pass REGEX Checking
[ADMIN] [5/26/2017 11:44] [PENJUALAN] CASHIER FORM : cashierDataGridView_CellValueChanged [productName]
[ADMIN] [5/26/2017 11:44] [PENJUALAN] CASHIER FORM : UNREGISTER HOTKEY
[ADMIN] [5/26/2017 11:44] [PENJUALAN] CASHIER FORM : ADD NEW ROW FROM BARCODE [BARANG 1]
[ADMIN] [5/26/2017 11:44] [PENJUALAN] CASHIER FORM : cashierDataGridView_CellValueChanged [productID]
[ADMIN] [5/26/2017 11:44] [PENJUALAN] CASHIER FORM : cashierDataGridView_CellValueChanged [productName]
[ADMIN] [5/26/2017 11:44] [PENJUALAN] CASHIER FORM : PRODUCT PRICE TYPE [PRODUCT_BASE_PRICE]
[ADMIN] [5/26/2017 11:44] [PENJUALAN] CASHIER FORM : PRODUCT PRICE [1000]
[ADMIN] [5/26/2017 11:44] [PENJUALAN] CASHIER FORM : ComboBox_SelectedIndexChanged, PRODUCT_BASE_PRICE [1000]
[ADMIN] [5/26/2017 11:44] [PENJUALAN] CASHIER FORM : cashierDataGridView_CellValueChanged [hpp]
[ADMIN] [5/26/2017 11:44] [PENJUALAN] CASHIER FORM : PRODUCT PRICE TYPE [PRODUCT_RETAIL_PRICE]
[ADMIN] [5/26/2017 11:44] [PENJUALAN] CASHIER FORM : PRODUCT PRICE [1]
[ADMIN] [5/26/2017 11:44] [PENJUALAN] CASHIER FORM : ComboBox_SelectedIndexChanged, PRODUCT_SALES_PRICE [1]
[ADMIN] [5/26/2017 11:44] [PENJUALAN] CASHIER FORM : cashierDataGridView_CellValueChanged [productPrice]
[ADMIN] [5/26/2017 11:44] [PENJUALAN] CASHIER FORM : TextBox_TextChanged, previousInput []
[ADMIN] [5/26/2017 11:44] [PENJUALAN] CASHIER FORM : TextBox_TextChanged, dataGridViewTextBoxEditingControl.Text pass REGEX Checking
[ADMIN] [5/26/2017 11:44] [PENJUALAN] CASHIER FORM : CALCULATE SUBTOTAL
[ADMIN] [5/26/2017 11:44] [PENJUALAN] CASHIER FORM : SUBTOTAL [0]
[ADMIN] [5/26/2017 11:44] [PENJUALAN] CASHIER FORM : TextBox_TextChanged, subtotal value [0]
[ADMIN] [5/26/2017 11:44] [PENJUALAN] CASHIER FORM : TextBox_TextChanged, attempt to calculate total value
[ADMIN] [5/26/2017 11:44] [PENJUALAN] CASHIER FORM : calculateTotal
[ADMIN] [5/26/2017 11:44] [PENJUALAN] CASHIER FORM : calculateTotal [0]
[ADMIN] [5/26/2017 11:44] [PENJUALAN] CASHIER FORM : calculateTotal, totalAfterDisc [0]
[ADMIN] [5/26/2017 11:44] [PENJUALAN] CASHIER FORM : calculateChangeValue, bayarTextBox.Text [0]
[ADMIN] [5/26/2017 11:44] [PENJUALAN] CASHIER FORM : calculateChangeValue, sisaBayar [0]
[ADMIN] [5/26/2017 11:44] [PENJUALAN] CASHIER FORM : cashierDataGridView_CellValueChanged [qty]
[ADMIN] [5/26/2017 11:44] [PENJUALAN] CASHIER FORM : TextBox_TextChanged, previousInput []
[ADMIN] [5/26/2017 11:44] [PENJUALAN] CASHIER FORM : TextBox_TextChanged, dataGridViewTextBoxEditingControl.Text pass REGEX Checking
[ADMIN] [5/26/2017 11:44] [PENJUALAN] CASHIER FORM : CALCULATE SUBTOTAL
[ADMIN] [5/26/2017 11:44] [PENJUALAN] CASHIER FORM : SUBTOTAL [0]
[ADMIN] [5/26/2017 11:44] [PENJUALAN] CASHIER FORM : TextBox_TextChanged, subtotal value [0]
[ADMIN] [5/26/2017 11:44] [PENJUALAN] CASHIER FORM : TextBox_TextChanged, attempt to calculate total value
[ADMIN] [5/26/2017 11:44] [PENJUALAN] CASHIER FORM : calculateTotal
[ADMIN] [5/26/2017 11:44] [PENJUALAN] CASHIER FORM : calculateTotal [0]
[ADMIN] [5/26/2017 11:44] [PENJUALAN] CASHIER FORM : calculateTotal, totalAfterDisc [0]
[ADMIN] [5/26/2017 11:44] [PENJUALAN] CASHIER FORM : calculateChangeValue, bayarTextBox.Text [0]
[ADMIN] [5/26/2017 11:44] [PENJUALAN] CASHIER FORM : calculateChangeValue, sisaBayar [0]
[ADMIN] [5/26/2017 11:44] [PENJUALAN] CASHIER FORM : cashierDataGridView_CellValueChanged [jumlah]
[ADMIN] [5/26/2017 11:44] [PENJUALAN] CASHIER FORM : ComboBox_SelectedIndexChanged, attempt to calculate total
[ADMIN] [5/26/2017 11:44] [PENJUALAN] CASHIER FORM : calculateTotal
[ADMIN] [5/26/2017 11:44] [PENJUALAN] CASHIER FORM : calculateTotal [0]
[ADMIN] [5/26/2017 11:44] [PENJUALAN] CASHIER FORM : calculateTotal, totalAfterDisc [0]
[ADMIN] [5/26/2017 11:44] [PENJUALAN] CASHIER FORM : calculateChangeValue, bayarTextBox.Text [0]
[ADMIN] [5/26/2017 11:44] [PENJUALAN] CASHIER FORM : calculateChangeValue, sisaBayar [0]
[ADMIN] [5/26/2017 11:44] [] CHECK STOCK QTY IS ENOUGH [105]
[ADMIN] [5/26/2017 11:44] [] CHECK STOCK QTY IS ENOUGH [57, 1]
[ADMIN] [5/26/2017 11:44] [PENJUALAN] CASHIER FORM : cashierDataGridView_CellValueChanged [qty]
[ADMIN] [5/26/2017 11:44] [PENJUALAN] CASHIER FORM : TextBox_TextChanged, previousInput []
[ADMIN] [5/26/2017 11:44] [PENJUALAN] CASHIER FORM : TextBox_TextChanged, dataGridViewTextBoxEditingControl.Text pass REGEX Checking
[ADMIN] [5/26/2017 11:44] [PENJUALAN] CASHIER FORM : CALCULATE SUBTOTAL
[ADMIN] [5/26/2017 11:44] [PENJUALAN] CASHIER FORM : SUBTOTAL [1]
[ADMIN] [5/26/2017 11:44] [PENJUALAN] CASHIER FORM : TextBox_TextChanged, subtotal value [1]
[ADMIN] [5/26/2017 11:44] [PENJUALAN] CASHIER FORM : TextBox_TextChanged, attempt to calculate total value
[ADMIN] [5/26/2017 11:44] [PENJUALAN] CASHIER FORM : calculateTotal
[ADMIN] [5/26/2017 11:44] [PENJUALAN] CASHIER FORM : calculateTotal [1]
[ADMIN] [5/26/2017 11:44] [PENJUALAN] CASHIER FORM : calculateTotal, totalAfterDisc [1]
[ADMIN] [5/26/2017 11:44] [PENJUALAN] CASHIER FORM : calculateChangeValue, bayarTextBox.Text [0]
[ADMIN] [5/26/2017 11:44] [PENJUALAN] CASHIER FORM : calculateChangeValue, sisaBayar [0]
[ADMIN] [5/26/2017 11:44] [PENJUALAN] CASHIER FORM : SET QTY TO 1 BECAUSE OF NEW ROW
[ADMIN] [5/26/2017 11:44] [PENJUALAN] CASHIER FORM : CALCULATE SUBTOTAL
[ADMIN] [5/26/2017 11:44] [PENJUALAN] CASHIER FORM : SUBTOTAL [1]
[ADMIN] [5/26/2017 11:44] [PENJUALAN] CASHIER FORM : calculateTotal
[ADMIN] [5/26/2017 11:44] [PENJUALAN] CASHIER FORM : calculateTotal [1]
[ADMIN] [5/26/2017 11:44] [PENJUALAN] CASHIER FORM : calculateTotal, totalAfterDisc [1]
[ADMIN] [5/26/2017 11:44] [PENJUALAN] CASHIER FORM : calculateChangeValue, bayarTextBox.Text [0]
[ADMIN] [5/26/2017 11:44] [PENJUALAN] CASHIER FORM : calculateChangeValue, sisaBayar [0]
[ADMIN] [5/26/2017 11:44] [PENJUALAN] CASHIER FORM : REGISTER HOTKEY
[ADMIN] [5/26/2017 11:44] [PENJUALAN] CASHIER FORM : cashierDataGridView_CellValueChanged [productPrice]
[ADMIN] [5/26/2017 11:44] [PENJUALAN] CASHIER FORM : TextBox_TextChanged, previousInput []
[ADMIN] [5/26/2017 11:44] [PENJUALAN] CASHIER FORM : TextBox_TextChanged, dataGridViewTextBoxEditingControl.Text pass REGEX Checking
[ADMIN] [5/26/2017 11:44] [PENJUALAN] CASHIER FORM : CALCULATE SUBTOTAL
[ADMIN] [5/26/2017 11:44] [PENJUALAN] CASHIER FORM : SUBTOTAL [1]
[ADMIN] [5/26/2017 11:44] [PENJUALAN] CASHIER FORM : TextBox_TextChanged, subtotal value [1]
[ADMIN] [5/26/2017 11:44] [PENJUALAN] CASHIER FORM : TextBox_TextChanged, attempt to calculate total value
[ADMIN] [5/26/2017 11:44] [PENJUALAN] CASHIER FORM : calculateTotal
[ADMIN] [5/26/2017 11:44] [PENJUALAN] CASHIER FORM : calculateTotal [1]
[ADMIN] [5/26/2017 11:44] [PENJUALAN] CASHIER FORM : calculateTotal, totalAfterDisc [1]
[ADMIN] [5/26/2017 11:44] [PENJUALAN] CASHIER FORM : calculateChangeValue, bayarTextBox.Text [0]
[ADMIN] [5/26/2017 11:44] [PENJUALAN] CASHIER FORM : calculateChangeValue, sisaBayar [0]
[ADMIN] [5/26/2017 11:44] [PENJUALAN] CASHIER FORM : cashierDataGridView_CellValueChanged [productPrice]
[ADMIN] [5/26/2017 11:44] [PENJUALAN] CASHIER FORM : TextBox_TextChanged, previousInput []
[ADMIN] [5/26/2017 11:44] [PENJUALAN] CASHIER FORM : TextBox_TextChanged, dataGridViewTextBoxEditingControl.Text pass REGEX Checking
[ADMIN] [5/26/2017 11:44] [PENJUALAN] CASHIER FORM : CALCULATE SUBTOTAL
[ADMIN] [5/26/2017 11:44] [PENJUALAN] CASHIER FORM : SUBTOTAL [10]
[ADMIN] [5/26/2017 11:44] [PENJUALAN] CASHIER FORM : TextBox_TextChanged, subtotal value [10]
[ADMIN] [5/26/2017 11:44] [PENJUALAN] CASHIER FORM : TextBox_TextChanged, attempt to calculate total value
[ADMIN] [5/26/2017 11:44] [PENJUALAN] CASHIER FORM : calculateTotal
[ADMIN] [5/26/2017 11:44] [PENJUALAN] CASHIER FORM : calculateTotal [10]
[ADMIN] [5/26/2017 11:44] [PENJUALAN] CASHIER FORM : calculateTotal, totalAfterDisc [10]
[ADMIN] [5/26/2017 11:44] [PENJUALAN] CASHIER FORM : calculateChangeValue, bayarTextBox.Text [0]
[ADMIN] [5/26/2017 11:44] [PENJUALAN] CASHIER FORM : calculateChangeValue, sisaBayar [0]
[ADMIN] [5/26/2017 11:44] [PENJUALAN] CASHIER FORM : cashierDataGridView_CellValueChanged [productPrice]
[ADMIN] [5/26/2017 11:44] [PENJUALAN] CASHIER FORM : TextBox_TextChanged, previousInput []
[ADMIN] [5/26/2017 11:44] [PENJUALAN] CASHIER FORM : TextBox_TextChanged, dataGridViewTextBoxEditingControl.Text pass REGEX Checking
[ADMIN] [5/26/2017 11:44] [PENJUALAN] CASHIER FORM : CALCULATE SUBTOTAL
[ADMIN] [5/26/2017 11:44] [PENJUALAN] CASHIER FORM : SUBTOTAL [100]
[ADMIN] [5/26/2017 11:44] [PENJUALAN] CASHIER FORM : TextBox_TextChanged, subtotal value [100]
[ADMIN] [5/26/2017 11:44] [PENJUALAN] CASHIER FORM : TextBox_TextChanged, attempt to calculate total value
[ADMIN] [5/26/2017 11:44] [PENJUALAN] CASHIER FORM : calculateTotal
[ADMIN] [5/26/2017 11:44] [PENJUALAN] CASHIER FORM : calculateTotal [100]
[ADMIN] [5/26/2017 11:44] [PENJUALAN] CASHIER FORM : calculateTotal, totalAfterDisc [100]
[ADMIN] [5/26/2017 11:44] [PENJUALAN] CASHIER FORM : calculateChangeValue, bayarTextBox.Text [0]
[ADMIN] [5/26/2017 11:44] [PENJUALAN] CASHIER FORM : calculateChangeValue, sisaBayar [0]
[ADMIN] [5/26/2017 11:44] [PENJUALAN] CASHIER FORM : cashierDataGridView_CellValueChanged [productPrice]
[ADMIN] [5/26/2017 11:44] [PENJUALAN] CASHIER FORM : TextBox_TextChanged, previousInput []
[ADMIN] [5/26/2017 11:44] [PENJUALAN] CASHIER FORM : TextBox_TextChanged, dataGridViewTextBoxEditingControl.Text pass REGEX Checking
[ADMIN] [5/26/2017 11:44] [PENJUALAN] CASHIER FORM : CALCULATE SUBTOTAL
[ADMIN] [5/26/2017 11:44] [PENJUALAN] CASHIER FORM : SUBTOTAL [1000]
[ADMIN] [5/26/2017 11:44] [PENJUALAN] CASHIER FORM : TextBox_TextChanged, subtotal value [1000]
[ADMIN] [5/26/2017 11:44] [PENJUALAN] CASHIER FORM : TextBox_TextChanged, attempt to calculate total value
[ADMIN] [5/26/2017 11:44] [PENJUALAN] CASHIER FORM : calculateTotal
[ADMIN] [5/26/2017 11:44] [PENJUALAN] CASHIER FORM : calculateTotal [1000]
[ADMIN] [5/26/2017 11:44] [PENJUALAN] CASHIER FORM : calculateTotal, totalAfterDisc [1000]
[ADMIN] [5/26/2017 11:44] [PENJUALAN] CASHIER FORM : calculateChangeValue, bayarTextBox.Text [0]
[ADMIN] [5/26/2017 11:44] [PENJUALAN] CASHIER FORM : calculateChangeValue, sisaBayar [0]
[ADMIN] [5/26/2017 11:44] [PENJUALAN] CASHIER FORM : cashierDataGridView_CellValueChanged [qty]
[ADMIN] [5/26/2017 11:44] [PENJUALAN] CASHIER FORM : TextBox_TextChanged, previousInput []
[ADMIN] [5/26/2017 11:44] [PENJUALAN] CASHIER FORM : TextBox_TextChanged, dataGridViewTextBoxEditingControl.Text pass REGEX Checking
[ADMIN] [5/26/2017 11:44] [PENJUALAN] CASHIER FORM : CALCULATE SUBTOTAL
[ADMIN] [5/26/2017 11:44] [PENJUALAN] CASHIER FORM : SUBTOTAL [2000]
[ADMIN] [5/26/2017 11:44] [PENJUALAN] CASHIER FORM : TextBox_TextChanged, subtotal value [2000]
[ADMIN] [5/26/2017 11:44] [PENJUALAN] CASHIER FORM : TextBox_TextChanged, attempt to calculate total value
[ADMIN] [5/26/2017 11:44] [PENJUALAN] CASHIER FORM : calculateTotal
[ADMIN] [5/26/2017 11:44] [PENJUALAN] CASHIER FORM : calculateTotal [2000]
[ADMIN] [5/26/2017 11:44] [PENJUALAN] CASHIER FORM : calculateTotal, totalAfterDisc [2000]
[ADMIN] [5/26/2017 11:44] [PENJUALAN] CASHIER FORM : calculateChangeValue, bayarTextBox.Text [0]
[ADMIN] [5/26/2017 11:44] [PENJUALAN] CASHIER FORM : calculateChangeValue, sisaBayar [0]
[ADMIN] [5/26/2017 11:44] [PENJUALAN] CASHIER FORM : cashierDataGridView_CellValueChanged [qty]
[ADMIN] [5/26/2017 11:44] [PENJUALAN] CASHIER FORM : TextBox_TextChanged, previousInput []
[ADMIN] [5/26/2017 11:44] [PENJUALAN] CASHIER FORM : TextBox_TextChanged, dataGridViewTextBoxEditingControl.Text pass REGEX Checking
[ADMIN] [5/26/2017 11:44] [PENJUALAN] CASHIER FORM : CALCULATE SUBTOTAL
[ADMIN] [5/26/2017 11:44] [PENJUALAN] CASHIER FORM : SUBTOTAL [20000]
[ADMIN] [5/26/2017 11:44] [PENJUALAN] CASHIER FORM : TextBox_TextChanged, subtotal value [20000]
[ADMIN] [5/26/2017 11:44] [PENJUALAN] CASHIER FORM : TextBox_TextChanged, attempt to calculate total value
[ADMIN] [5/26/2017 11:44] [PENJUALAN] CASHIER FORM : calculateTotal
[ADMIN] [5/26/2017 11:44] [PENJUALAN] CASHIER FORM : calculateTotal [20000]
[ADMIN] [5/26/2017 11:44] [PENJUALAN] CASHIER FORM : calculateTotal, totalAfterDisc [20000]
[ADMIN] [5/26/2017 11:44] [PENJUALAN] CASHIER FORM : calculateChangeValue, bayarTextBox.Text [0]
[ADMIN] [5/26/2017 11:44] [PENJUALAN] CASHIER FORM : calculateChangeValue, sisaBayar [0]
[ADMIN] [5/26/2017 11:44] [PENJUALAN] CASHIER FORM : cashierDataGridView_CellValueChanged [qty]
[ADMIN] [5/26/2017 11:44] [PENJUALAN] CASHIER FORM : TextBox_TextChanged, previousInput []
[ADMIN] [5/26/2017 11:44] [PENJUALAN] CASHIER FORM : TextBox_TextChanged, dataGridViewTextBoxEditingControl.Text pass REGEX Checking
[ADMIN] [5/26/2017 11:44] [PENJUALAN] CASHIER FORM : CALCULATE SUBTOTAL
[ADMIN] [5/26/2017 11:44] [PENJUALAN] CASHIER FORM : SUBTOTAL [200000]
[ADMIN] [5/26/2017 11:44] [PENJUALAN] CASHIER FORM : TextBox_TextChanged, subtotal value [200000]
[ADMIN] [5/26/2017 11:44] [PENJUALAN] CASHIER FORM : TextBox_TextChanged, attempt to calculate total value
[ADMIN] [5/26/2017 11:44] [PENJUALAN] CASHIER FORM : calculateTotal
[ADMIN] [5/26/2017 11:44] [PENJUALAN] CASHIER FORM : calculateTotal [200000]
[ADMIN] [5/26/2017 11:44] [PENJUALAN] CASHIER FORM : calculateTotal, totalAfterDisc [200000]
[ADMIN] [5/26/2017 11:44] [PENJUALAN] CASHIER FORM : calculateChangeValue, bayarTextBox.Text [0]
[ADMIN] [5/26/2017 11:44] [PENJUALAN] CASHIER FORM : calculateChangeValue, sisaBayar [0]
[ADMIN] [5/26/2017 11:44] [PENJUALAN] CASHIER FORM : HOTKEY TO SAVE AND PRINT OUT INVOICE PRESSED
[ADMIN] [5/26/2017 11:44] [PENJUALAN] CASHIER FORM : UNREGISTER HOTKEY
[ADMIN] [5/26/2017 11:44] [PENJUALAN] CASHIER FORM : REGISTER HOTKEY
[ADMIN] [5/26/2017 11:44] [PENJUALAN] ATTEMPT TO SAVE AND PRINT OUT INVOICE
[ADMIN] [5/26/2017 11:44] [PENJUALAN] CASHIER FORM : DISPLAY PELANGGAN FORM
[ADMIN] [5/26/2017 11:44] [PENJUALAN] CASHIER FORM : UNREGISTER HOTKEY
[ADMIN] [5/26/2017 11:44] [PENJUALAN] CASHIER FORM : SELECTED CUSTOMER ID [1]
[ADMIN] [5/26/2017 11:44] [PENJUALAN] CASHIER FORM : ATTEMPT TO SET CUSTOMER PROFILE
[ADMIN] [5/26/2017 11:44] [PENJUALAN] CASHIER FORM : SET CUSTOMER PROFILE [PELANGGAN 1]
[ADMIN] [5/26/2017 11:44] [PENJUALAN] CASHIER FORM : CUSTOMER GROUP [P-UMUM [ECER]]
[ADMIN] [5/26/2017 11:44] [PENJUALAN] CASHIER FORM : FINISHED SET CUSTOMER PROFILE
[ADMIN] [5/26/2017 11:44] [PENJUALAN] CASHIER FORM : ATTEMPT TO REFRESH PRODUCT PRICE
[ADMIN] [5/26/2017 11:44] [PENJUALAN] CASHIER FORM : PRODUCT PRICE TYPE [PRODUCT_RETAIL_PRICE]
[ADMIN] [5/26/2017 11:44] [PENJUALAN] CASHIER FORM : PRODUCT PRICE [1]
[ADMIN] [5/26/2017 11:44] [PENJUALAN] CASHIER FORM : cashierDataGridView_CellValueChanged [productPrice]
[ADMIN] [5/26/2017 11:44] [PENJUALAN] CASHIER FORM : TextBox_TextChanged, previousInput []
[ADMIN] [5/26/2017 11:44] [PENJUALAN] CASHIER FORM : TextBox_TextChanged, dataGridViewTextBoxEditingControl.Text pass REGEX Checking
[ADMIN] [5/26/2017 11:44] [PENJUALAN] CASHIER FORM : CALCULATE SUBTOTAL
[ADMIN] [5/26/2017 11:44] [PENJUALAN] CASHIER FORM : SUBTOTAL [200]
[ADMIN] [5/26/2017 11:44] [PENJUALAN] CASHIER FORM : TextBox_TextChanged, subtotal value [200]
[ADMIN] [5/26/2017 11:44] [PENJUALAN] CASHIER FORM : TextBox_TextChanged, attempt to calculate total value
[ADMIN] [5/26/2017 11:44] [PENJUALAN] CASHIER FORM : calculateTotal
[ADMIN] [5/26/2017 11:44] [PENJUALAN] CASHIER FORM : calculateTotal [200]
[ADMIN] [5/26/2017 11:44] [PENJUALAN] CASHIER FORM : calculateTotal, totalAfterDisc [200]
[ADMIN] [5/26/2017 11:44] [PENJUALAN] CASHIER FORM : calculateChangeValue, bayarTextBox.Text [0]
[ADMIN] [5/26/2017 11:44] [PENJUALAN] CASHIER FORM : calculateChangeValue, sisaBayar [0]
[ADMIN] [5/26/2017 11:44] [PENJUALAN] CASHIER FORM : CALCULATE SUBTOTAL
[ADMIN] [5/26/2017 11:44] [PENJUALAN] CASHIER FORM : SUBTOTAL [200]
[ADMIN] [5/26/2017 11:44] [PENJUALAN] CASHIER FORM : calculateTotal
[ADMIN] [5/26/2017 11:44] [PENJUALAN] CASHIER FORM : calculateTotal [200]
[ADMIN] [5/26/2017 11:44] [PENJUALAN] CASHIER FORM : calculateTotal, totalAfterDisc [200]
[ADMIN] [5/26/2017 11:44] [PENJUALAN] CASHIER FORM : calculateChangeValue, bayarTextBox.Text [0]
[ADMIN] [5/26/2017 11:44] [PENJUALAN] CASHIER FORM : calculateChangeValue, sisaBayar [0]
[ADMIN] [5/26/2017 11:44] [PENJUALAN] CASHIER FORM : PRODUCT PRICE REFRESHED
[ADMIN] [5/26/2017 11:44] [PENJUALAN] CASHIER FORM : REGISTER HOTKEY
[ADMIN] [5/26/2017 11:44] [PENJUALAN] CASHIER FORM : HOTKEY TO SAVE AND PRINT OUT INVOICE PRESSED
[ADMIN] [5/26/2017 11:44] [PENJUALAN] CASHIER FORM : UNREGISTER HOTKEY
[ADMIN] [5/26/2017 11:44] [PENJUALAN] CASHIER FORM : REGISTER HOTKEY
[ADMIN] [5/26/2017 11:44] [PENJUALAN] ATTEMPT TO SAVE AND PRINT OUT INVOICE
[ADMIN] [5/26/2017 11:44] [PENJUALAN] CASHIER FORM : UNREGISTER HOTKEY
[ADMIN] [5/26/2017 11:44] [PENJUALAN] CASHIER FORM : ATTEMPT TO SAVE SALES DATA [26-05-2017 11:44]
[ADMIN] [5/26/2017 11:44] [PENJUALAN] CASHIER FORM : SALES DISC FINAL [0]
[ADMIN] [5/26/2017 11:44] [PENJUALAN] CASHIER FORM : CASH SALES
[ADMIN] [5/26/2017 11:44] [PENJUALAN] CASHIER FORM : MAX SALES INVOICE [4]
[ADMIN] [5/26/2017 11:44] [PENJUALAN] CASHIER FORM : SALES INVOICE [SQ-5]
[ADMIN] [5/26/2017 11:44] [PENJUALAN] INSERT INTO SALES QUOTATION HEADER [SQ-5]
[ADMIN] [5/26/2017 11:44] [PENJUALAN] INSERT INTO SALES QUOTATION DETAIL[105, 1, 200]
[ADMIN] [5/26/2017 11:44] [PENJUALAN] CASHIER FORM : REGISTER HOTKEY
[ADMIN] [5/26/2017 11:44] [PENJUALAN] TRANSACTION SAVED
[ADMIN] [5/26/2017 11:44] [PENJUALAN] PRINT OUT INVOICE
[ADMIN] [5/26/2017 11:44] [PENJUALAN] CASHIER FORM : PrintReceipt
[ADMIN] [5/26/2017 11:44] [PENJUALAN] CASHIER FORM : PrintReceipt, papermode [0]
[ADMIN] [5/26/2017 11:44] [PENJUALAN] CASHIER FORM : PrintReceipt, display SalesReceiptForm
[ADMIN] [5/26/2017 11:44] [PENJUALAN] CASHIER FORM : UNREGISTER HOTKEY
[ADMIN] [5/26/2017 11:44] [PENJUALAN] CASHIER FORM : REGISTER HOTKEY
[ADMIN] [5/26/2017 11:44] [PENJUALAN] VALIDATE USER CREDIT STATUS
[ADMIN] [5/26/2017 11:44] [PENJUALAN] CASHIER FORM : UNREGISTER HOTKEY
[ADMIN] [5/26/2017 11:44] [PENJUALAN] CASHIER FORM : REGISTER HOTKEY
[ADMIN] [5/26/2017 11:44] [PENJUALAN] CASHIER FORM : UNREGISTER HOTKEY
[ADMIN] [5/26/2017 11:44] [PENJUALAN] CASHIER FORM : UNREGISTER HOTKEY
[ADMIN] [5/26/2017 11:45] [PENJUALAN] CASHIER FORM : REGISTER HOTKEY
[ADMIN] [5/26/2017 11:45] [PENJUALAN] CASHIER FORM : ADD NEW ROW,  isActive [True]
[ADMIN] [5/26/2017 11:45] [PENJUALAN] CASHIER FORM : ADD NEW ROW,  ROW COUNT [0]
[ADMIN] [5/26/2017 11:45] [PENJUALAN] CASHIER FORM : REGISTER HOTKEY
[ADMIN] [5/26/2017 11:45] [PENJUALAN] CASHIER FORM : calculateChangeValue, bayarTextBox.Text [200]
[ADMIN] [5/26/2017 11:45] [PENJUALAN] CASHIER FORM : calculateChangeValue, sisaBayar [0]
[ADMIN] [5/26/2017 11:45] [PENJUALAN] CASHIER FORM : UNREGISTER HOTKEY
[ADMIN] [5/26/2017 11:45] [PENJUALAN] CASHIER FORM : REGISTER HOTKEY
[ADMIN] [5/26/2017 11:45] [PENJUALAN] ATTEMPT TO SAVE AND PRINT OUT INVOICE
[ADMIN] [5/26/2017 11:45] [] CHECK STOCK QTY IS ENOUGH [105]
[ADMIN] [5/26/2017 11:45] [] CHECK STOCK QTY IS ENOUGH [57, 200]
[ADMIN] [5/26/2017 11:45] [PENJUALAN] CASHIER FORM : HOTKEY TO OPEN PRODUK SEARCH FORM PRESSED
[ADMIN] [5/26/2017 11:45] [PENJUALAN] CASHIER FORM : UNREGISTER HOTKEY
[ADMIN] [5/26/2017 11:45] [PENJUALAN] CASHIER FORM : ADD NEW ROW FROM BARCODE [BARANG 1]
[ADMIN] [5/26/2017 11:45] [PENJUALAN] CASHIER FORM : EXISTING ROW FOUND [0]
[ADMIN] [5/26/2017 11:45] [] CHECK STOCK QTY IS ENOUGH [105]
[ADMIN] [5/26/2017 11:45] [] CHECK STOCK QTY IS ENOUGH [57, 201]
[ADMIN] [5/26/2017 11:45] [PENJUALAN] CASHIER FORM : QTY FOR THE EXISTING ROW NOT CHANGED
[ADMIN] [5/26/2017 11:45] [PENJUALAN] CASHIER FORM : CALCULATE SUBTOTAL
[ADMIN] [5/26/2017 11:45] [PENJUALAN] CASHIER FORM : SUBTOTAL [200]
[ADMIN] [5/26/2017 11:45] [PENJUALAN] CASHIER FORM : cashierDataGridView_CellValueChanged [jumlah]
[ADMIN] [5/26/2017 11:45] [PENJUALAN] CASHIER FORM : calculateTotal
[ADMIN] [5/26/2017 11:45] [PENJUALAN] CASHIER FORM : calculateTotal [200]
[ADMIN] [5/26/2017 11:45] [PENJUALAN] CASHIER FORM : calculateTotal, totalAfterDisc [200]
[ADMIN] [5/26/2017 11:45] [PENJUALAN] CASHIER FORM : calculateChangeValue, bayarTextBox.Text [200]
[ADMIN] [5/26/2017 11:45] [PENJUALAN] CASHIER FORM : calculateChangeValue, sisaBayar [0]
[ADMIN] [5/26/2017 11:45] [PENJUALAN] CASHIER FORM : REGISTER HOTKEY
[ADMIN] [5/26/2017 11:45] [PENJUALAN] CASHIER FORM : UNREGISTER HOTKEY
[ADMIN] [5/26/2017 11:45] [PENJUALAN] CASHIER FORM : UNREGISTER HOTKEY
[ADMIN] [5/26/2017 11:45] [PENYESUAIAN STOK] TRY TO DO MANUAL STOCK ADJUSTMENT
[ADMIN] [5/26/2017 11:45] [PENYESUAIAN STOK] UPDATE PRODUCT LOCATION QTY [123]
[ADMIN] [5/26/2017 11:45] [PENYESUAIAN STOK] UPDATE STOCK QTY [123]
[ADMIN] [5/26/2017 11:45] [PENYESUAIAN STOK] INSERT INTO PRODUCT ADJUSTMENT TABLE [105, 10, 1000]
[] [5/26/2017 11:48] [] USER = ADMIN IS ACTIVE
[] [5/26/2017 11:48] [] USER = ADMIN IS ACTIVE
[] [5/26/2017 11:48] [] USER = ADMIN IS ACTIVE
[ADMIN] [5/26/2017 11:48] [] USER ID = 1 LOGIN SUCCESSFULLY
[ADMIN] [5/26/2017 11:48] [] ACTIVATE USER ACCESS RIGHT
[ADMIN] [5/26/2017 11:48] [] DISPLAY ADMIN FORM
[ADMIN] [5/26/2017 11:48] [] adminForm Load
[ADMIN] [5/26/2017 11:49] [PENJUALAN] CASHIER FORM : REGISTER HOTKEY
[ADMIN] [5/26/2017 11:49] [PENJUALAN] CASHIER FORM : ADD NEW ROW,  isActive [True]
[ADMIN] [5/26/2017 11:49] [PENJUALAN] CASHIER FORM : ADD NEW ROW,  ROW COUNT [0]
[ADMIN] [5/26/2017 11:49] [PENJUALAN] CASHIER FORM : REGISTER HOTKEY
[ADMIN] [5/26/2017 11:49] [PENJUALAN] CASHIER FORM : calculateChangeValue, bayarTextBox.Text [200]
[ADMIN] [5/26/2017 11:49] [PENJUALAN] CASHIER FORM : calculateChangeValue, sisaBayar [0]
[ADMIN] [5/26/2017 11:49] [] CHECK STOCK QTY IS ENOUGH [105]
[ADMIN] [5/26/2017 11:49] [] CHECK STOCK QTY IS ENOUGH [-933, 200]
[ADMIN] [5/26/2017 11:49] [PENJUALAN] CASHIER FORM : UNREGISTER HOTKEY
[ADMIN] [5/26/2017 11:50] [PENJUALAN] CASHIER FORM : REGISTER HOTKEY
[ADMIN] [5/26/2017 11:50] [] CHECK STOCK QTY IS ENOUGH [105]
[ADMIN] [5/26/2017 11:50] [] CHECK STOCK QTY IS ENOUGH [1047, 200]
[ADMIN] [5/26/2017 11:50] [PENJUALAN] CASHIER FORM : UNREGISTER HOTKEY
[ADMIN] [5/26/2017 11:50] [PENJUALAN] CASHIER FORM : REGISTER HOTKEY
[ADMIN] [5/26/2017 11:50] [PENJUALAN] ATTEMPT TO SAVE AND PRINT OUT INVOICE
[ADMIN] [5/26/2017 11:50] [] CHECK STOCK QTY IS ENOUGH [105]
[ADMIN] [5/26/2017 11:50] [] CHECK STOCK QTY IS ENOUGH [1047, 200]
[ADMIN] [5/26/2017 11:50] [PENJUALAN] CASHIER FORM : UNREGISTER HOTKEY
[ADMIN] [5/26/2017 11:50] [PENJUALAN] CASHIER FORM : ATTEMPT TO SAVE SALES DATA [26-05-2017 11:50]
[ADMIN] [5/26/2017 11:50] [PENJUALAN] CASHIER FORM : SALES DISC FINAL [0]
[ADMIN] [5/26/2017 11:50] [PENJUALAN] CASHIER FORM : CASH SALES
[ADMIN] [5/26/2017 11:50] [PENJUALAN] CHECK IF TAX LIMIT SET FOR PERCENTAGE PURCHASE [0]
[ADMIN] [5/26/2017 11:50] [PENJUALAN] CHECK IF TAX LIMIT SET FOR AVERAGE DAILY PURCHASE [0]
[ADMIN] [5/26/2017 11:50] [PENJUALAN] CASHIER FORM : NO FAKTUR [SLO001]
[ADMIN] [5/26/2017 11:50] [PENJUALAN] CASHIER FORM : MAX SALES INVOICE [16]
[ADMIN] [5/26/2017 11:50] [PENJUALAN] CASHIER FORM : SALES INVOICE [SLO001-17]
[ADMIN] [5/26/2017 11:50] [PENJUALAN] INSERT INTO SALES HEADER [SLO001-17]
[ADMIN] [5/26/2017 11:50] [PENJUALAN] INSERT INTO SALES DETAIL[105, 1, 200]
[ADMIN] [5/26/2017 11:50] [PENJUALAN] UPDATE CUSTOMER PRODUCT DISC [105]
[ADMIN] [5/26/2017 11:50] [PENJUALAN] INSERT TO CREDIT TABLE [SLO001-17]
[ADMIN] [5/26/2017 11:50] [PENJUALAN] INSERT TO DAILY JOURNAL TABLE [200]
[ADMIN] [5/26/2017 11:50] [PENJUALAN] CASHIER FORM : REGISTER HOTKEY
[ADMIN] [5/26/2017 11:50] [PENJUALAN] TRANSACTION SAVED
[ADMIN] [5/26/2017 11:50] [PENJUALAN] PRINT OUT INVOICE
[ADMIN] [5/26/2017 11:50] [PENJUALAN] CASHIER FORM : PrintReceipt
[ADMIN] [5/26/2017 11:50] [PENJUALAN] CASHIER FORM : PrintReceipt, papermode [0]
[ADMIN] [5/26/2017 11:50] [PENJUALAN] CASHIER FORM : PrintReceipt, display SalesReceiptForm
[ADMIN] [5/26/2017 11:50] [PENJUALAN] CASHIER FORM : UNREGISTER HOTKEY
[ADMIN] [5/26/2017 11:50] [PENJUALAN] CASHIER FORM : REGISTER HOTKEY
[ADMIN] [5/26/2017 11:50] [PENJUALAN] VALIDATE USER CREDIT STATUS
[ADMIN] [5/26/2017 11:50] [PENJUALAN] CASHIER FORM : UNREGISTER HOTKEY
[ADMIN] [5/26/2017 11:50] [PENJUALAN] CASHIER FORM : REGISTER HOTKEY
[ADMIN] [5/26/2017 11:50] [] CHECK STOCK QTY IS ENOUGH [105]
[ADMIN] [5/26/2017 11:50] [] CHECK STOCK QTY IS ENOUGH [1047, 200]
[ADMIN] [5/26/2017 11:50] [PENJUALAN] CASHIER FORM : UNREGISTER HOTKEY
[ADMIN] [5/26/2017 11:50] [PENJUALAN] CASHIER FORM : REGISTER HOTKEY
[ADMIN] [5/26/2017 11:50] [] CHECK STOCK QTY IS ENOUGH [105]
[ADMIN] [5/26/2017 11:50] [] CHECK STOCK QTY IS ENOUGH [1047, 200]
[ADMIN] [5/26/2017 11:50] [PENJUALAN] CASHIER FORM : UNREGISTER HOTKEY
[ADMIN] [5/26/2017 11:50] [PENJUALAN] CASHIER FORM : REGISTER HOTKEY
[ADMIN] [5/26/2017 11:51] [PENJUALAN] CASHIER FORM : UNREGISTER HOTKEY
[ADMIN] [5/26/2017 11:51] [PENJUALAN] CASHIER FORM : UNREGISTER HOTKEY
[ADMIN] [5/26/2017 11:51] [PENJUALAN] CASHIER FORM : REGISTER HOTKEY
[ADMIN] [5/26/2017 11:51] [PENJUALAN] CASHIER FORM : calculateChangeValue, bayarTextBox.Text [200]
[ADMIN] [5/26/2017 11:51] [PENJUALAN] CASHIER FORM : calculateChangeValue, sisaBayar [0]
[ADMIN] [5/26/2017 11:51] [PENJUALAN] CASHIER FORM : ADD NEW ROW,  isActive [True]
[ADMIN] [5/26/2017 11:51] [PENJUALAN] CASHIER FORM : ADD NEW ROW,  ROW COUNT [0]
[ADMIN] [5/26/2017 11:51] [PENJUALAN] CASHIER FORM : REGISTER HOTKEY
[ADMIN] [5/26/2017 11:51] [PENJUALAN] CASHIER FORM : UNREGISTER HOTKEY
[ADMIN] [5/26/2017 11:51] [PENJUALAN] CASHIER FORM : UNREGISTER HOTKEY
[ADMIN] [5/26/2017 11:51] [PENJUALAN] CASHIER FORM : REGISTER HOTKEY
[ADMIN] [5/26/2017 11:51] [PENJUALAN] CASHIER FORM : calculateTotal
[ADMIN] [5/26/2017 11:51] [PENJUALAN] CASHIER FORM : calculateTotal [0]
[ADMIN] [5/26/2017 11:51] [PENJUALAN] CASHIER FORM : calculateTotal, totalAfterDisc [0]
[ADMIN] [5/26/2017 11:51] [PENJUALAN] CASHIER FORM : calculateChangeValue, bayarTextBox.Text [0]
[ADMIN] [5/26/2017 11:51] [PENJUALAN] CASHIER FORM : calculateChangeValue, sisaBayar [0]
[ADMIN] [5/26/2017 11:51] [PENJUALAN] CASHIER FORM : REGISTER HOTKEY
[ADMIN] [5/26/2017 11:51] [PENJUALAN] CASHIER FORM : DISPLAY PELANGGAN FORM
[ADMIN] [5/26/2017 11:51] [PENJUALAN] CASHIER FORM : UNREGISTER HOTKEY
[ADMIN] [5/26/2017 11:51] [PENJUALAN] CASHIER FORM : SELECTED CUSTOMER ID [1]
[ADMIN] [5/26/2017 11:51] [PENJUALAN] CASHIER FORM : ATTEMPT TO SET CUSTOMER PROFILE
[ADMIN] [5/26/2017 11:51] [PENJUALAN] CASHIER FORM : SET CUSTOMER PROFILE [PELANGGAN 1]
[ADMIN] [5/26/2017 11:51] [PENJUALAN] CASHIER FORM : CUSTOMER GROUP [P-UMUM [ECER]]
[ADMIN] [5/26/2017 11:51] [PENJUALAN] CASHIER FORM : FINISHED SET CUSTOMER PROFILE
[ADMIN] [5/26/2017 11:51] [PENJUALAN] CASHIER FORM : ATTEMPT TO REFRESH PRODUCT PRICE
[ADMIN] [5/26/2017 11:51] [PENJUALAN] CASHIER FORM : calculateTotal
[ADMIN] [5/26/2017 11:51] [PENJUALAN] CASHIER FORM : calculateTotal [0]
[ADMIN] [5/26/2017 11:51] [PENJUALAN] CASHIER FORM : calculateTotal, totalAfterDisc [0]
[ADMIN] [5/26/2017 11:51] [PENJUALAN] CASHIER FORM : calculateChangeValue, bayarTextBox.Text [0]
[ADMIN] [5/26/2017 11:51] [PENJUALAN] CASHIER FORM : calculateChangeValue, sisaBayar [0]
[ADMIN] [5/26/2017 11:51] [PENJUALAN] CASHIER FORM : PRODUCT PRICE REFRESHED
[ADMIN] [5/26/2017 11:51] [PENJUALAN] CASHIER FORM : REGISTER HOTKEY
[ADMIN] [5/26/2017 11:51] [PENJUALAN] CASHIER FORM : HOTKEY TO ADD NEW ROW PRESSED
[ADMIN] [5/26/2017 11:51] [PENJUALAN] CASHIER FORM : ADD NEW ROW,  isActive [True]
[ADMIN] [5/26/2017 11:51] [PENJUALAN] CASHIER FORM : ADD NEW ROW,  ROW COUNT [0]
[ADMIN] [5/26/2017 11:51] [PENJUALAN] CASHIER FORM : ADD NEW ROW,  ALLOW TO ADD [True]
[ADMIN] [5/26/2017 11:51] [PENJUALAN] CASHIER FORM : cashierDataGridView_CellValueChanged [F8]
[ADMIN] [5/26/2017 11:51] [PENJUALAN] CASHIER FORM : cashierDataGridView_CellValueChanged [hpp]
[ADMIN] [5/26/2017 11:51] [PENJUALAN] CASHIER FORM : cashierDataGridView_CellValueChanged [productPrice]
[ADMIN] [5/26/2017 11:51] [PENJUALAN] CASHIER FORM : TextBox_TextChanged, previousInput []
[ADMIN] [5/26/2017 11:51] [PENJUALAN] CASHIER FORM : TextBox_TextChanged, dataGridViewTextBoxEditingControl.Text pass REGEX Checking
[ADMIN] [5/26/2017 11:51] [PENJUALAN] CASHIER FORM : CALCULATE SUBTOTAL
[ADMIN] [5/26/2017 11:51] [PENJUALAN] CASHIER FORM : SUBTOTAL [0]
[ADMIN] [5/26/2017 11:51] [PENJUALAN] CASHIER FORM : TextBox_TextChanged, subtotal value [0]
[ADMIN] [5/26/2017 11:51] [PENJUALAN] CASHIER FORM : TextBox_TextChanged, attempt to calculate total value
[ADMIN] [5/26/2017 11:51] [PENJUALAN] CASHIER FORM : calculateTotal
[ADMIN] [5/26/2017 11:51] [PENJUALAN] CASHIER FORM : calculateTotal [0]
[ADMIN] [5/26/2017 11:51] [PENJUALAN] CASHIER FORM : calculateTotal, totalAfterDisc [0]
[ADMIN] [5/26/2017 11:51] [PENJUALAN] CASHIER FORM : calculateChangeValue, bayarTextBox.Text [0]
[ADMIN] [5/26/2017 11:51] [PENJUALAN] CASHIER FORM : calculateChangeValue, sisaBayar [0]
[ADMIN] [5/26/2017 11:51] [PENJUALAN] CASHIER FORM : cashierDataGridView_CellValueChanged [disc1]
[ADMIN] [5/26/2017 11:51] [PENJUALAN] CASHIER FORM : TextBox_TextChanged, previousInput []
[ADMIN] [5/26/2017 11:51] [PENJUALAN] CASHIER FORM : TextBox_TextChanged, dataGridViewTextBoxEditingControl.Text pass REGEX Checking
[ADMIN] [5/26/2017 11:51] [PENJUALAN] CASHIER FORM : CALCULATE SUBTOTAL
[ADMIN] [5/26/2017 11:51] [PENJUALAN] CASHIER FORM : SUBTOTAL [0]
[ADMIN] [5/26/2017 11:51] [PENJUALAN] CASHIER FORM : TextBox_TextChanged, subtotal value [0]
[ADMIN] [5/26/2017 11:51] [PENJUALAN] CASHIER FORM : TextBox_TextChanged, attempt to calculate total value
[ADMIN] [5/26/2017 11:51] [PENJUALAN] CASHIER FORM : calculateTotal
[ADMIN] [5/26/2017 11:51] [PENJUALAN] CASHIER FORM : calculateTotal [0]
[ADMIN] [5/26/2017 11:51] [PENJUALAN] CASHIER FORM : calculateTotal, totalAfterDisc [0]
[ADMIN] [5/26/2017 11:51] [PENJUALAN] CASHIER FORM : calculateChangeValue, bayarTextBox.Text [0]
[ADMIN] [5/26/2017 11:51] [PENJUALAN] CASHIER FORM : calculateChangeValue, sisaBayar [0]
[ADMIN] [5/26/2017 11:51] [PENJUALAN] CASHIER FORM : cashierDataGridView_CellValueChanged [qty]
[ADMIN] [5/26/2017 11:51] [PENJUALAN] CASHIER FORM : TextBox_TextChanged, previousInput []
[ADMIN] [5/26/2017 11:51] [PENJUALAN] CASHIER FORM : TextBox_TextChanged, dataGridViewTextBoxEditingControl.Text pass REGEX Checking
[ADMIN] [5/26/2017 11:51] [PENJUALAN] CASHIER FORM : CALCULATE SUBTOTAL
[ADMIN] [5/26/2017 11:51] [PENJUALAN] CASHIER FORM : SUBTOTAL [0]
[ADMIN] [5/26/2017 11:51] [PENJUALAN] CASHIER FORM : TextBox_TextChanged, subtotal value [0]
[ADMIN] [5/26/2017 11:51] [PENJUALAN] CASHIER FORM : TextBox_TextChanged, attempt to calculate total value
[ADMIN] [5/26/2017 11:51] [PENJUALAN] CASHIER FORM : calculateTotal
[ADMIN] [5/26/2017 11:51] [PENJUALAN] CASHIER FORM : calculateTotal [0]
[ADMIN] [5/26/2017 11:51] [PENJUALAN] CASHIER FORM : calculateTotal, totalAfterDisc [0]
[ADMIN] [5/26/2017 11:51] [PENJUALAN] CASHIER FORM : calculateChangeValue, bayarTextBox.Text [0]
[ADMIN] [5/26/2017 11:51] [PENJUALAN] CASHIER FORM : calculateChangeValue, sisaBayar [0]
[ADMIN] [5/26/2017 11:51] [PENJUALAN] CASHIER FORM : cashierDataGridView_CellValueChanged [disc2]
[ADMIN] [5/26/2017 11:51] [PENJUALAN] CASHIER FORM : TextBox_TextChanged, previousInput []
[ADMIN] [5/26/2017 11:51] [PENJUALAN] CASHIER FORM : TextBox_TextChanged, dataGridViewTextBoxEditingControl.Text pass REGEX Checking
[ADMIN] [5/26/2017 11:51] [PENJUALAN] CASHIER FORM : CALCULATE SUBTOTAL
[ADMIN] [5/26/2017 11:51] [PENJUALAN] CASHIER FORM : SUBTOTAL [0]
[ADMIN] [5/26/2017 11:51] [PENJUALAN] CASHIER FORM : TextBox_TextChanged, subtotal value [0]
[ADMIN] [5/26/2017 11:51] [PENJUALAN] CASHIER FORM : TextBox_TextChanged, attempt to calculate total value
[ADMIN] [5/26/2017 11:51] [PENJUALAN] CASHIER FORM : calculateTotal
[ADMIN] [5/26/2017 11:51] [PENJUALAN] CASHIER FORM : calculateTotal [0]
[ADMIN] [5/26/2017 11:51] [PENJUALAN] CASHIER FORM : calculateTotal, totalAfterDisc [0]
[ADMIN] [5/26/2017 11:51] [PENJUALAN] CASHIER FORM : calculateChangeValue, bayarTextBox.Text [0]
[ADMIN] [5/26/2017 11:51] [PENJUALAN] CASHIER FORM : calculateChangeValue, sisaBayar [0]
[ADMIN] [5/26/2017 11:51] [PENJUALAN] CASHIER FORM : cashierDataGridView_CellValueChanged [discRP]
[ADMIN] [5/26/2017 11:51] [PENJUALAN] CASHIER FORM : TextBox_TextChanged, previousInput []
[ADMIN] [5/26/2017 11:51] [PENJUALAN] CASHIER FORM : TextBox_TextChanged, dataGridViewTextBoxEditingControl.Text pass REGEX Checking
[ADMIN] [5/26/2017 11:51] [PENJUALAN] CASHIER FORM : CALCULATE SUBTOTAL
[ADMIN] [5/26/2017 11:51] [PENJUALAN] CASHIER FORM : SUBTOTAL [0]
[ADMIN] [5/26/2017 11:51] [PENJUALAN] CASHIER FORM : TextBox_TextChanged, subtotal value [0]
[ADMIN] [5/26/2017 11:51] [PENJUALAN] CASHIER FORM : TextBox_TextChanged, attempt to calculate total value
[ADMIN] [5/26/2017 11:51] [PENJUALAN] CASHIER FORM : calculateTotal
[ADMIN] [5/26/2017 11:51] [PENJUALAN] CASHIER FORM : calculateTotal [0]
[ADMIN] [5/26/2017 11:51] [PENJUALAN] CASHIER FORM : calculateTotal, totalAfterDisc [0]
[ADMIN] [5/26/2017 11:51] [PENJUALAN] CASHIER FORM : calculateChangeValue, bayarTextBox.Text [0]
[ADMIN] [5/26/2017 11:51] [PENJUALAN] CASHIER FORM : calculateChangeValue, sisaBayar [0]
[ADMIN] [5/26/2017 11:51] [PENJUALAN] CASHIER FORM : cashierDataGridView_CellValueChanged [jumlah]
[ADMIN] [5/26/2017 11:51] [PENJUALAN] CASHIER FORM : cashierDataGridView_CellValueChanged [productName]
[ADMIN] [5/26/2017 11:51] [PENJUALAN] CASHIER FORM : UNREGISTER HOTKEY
[ADMIN] [5/26/2017 11:52] [PENJUALAN] CASHIER FORM : ADD NEW ROW FROM BARCODE [BARANG 1]
[ADMIN] [5/26/2017 11:52] [PENJUALAN] CASHIER FORM : cashierDataGridView_CellValueChanged [productID]
[ADMIN] [5/26/2017 11:52] [PENJUALAN] CASHIER FORM : cashierDataGridView_CellValueChanged [productName]
[ADMIN] [5/26/2017 11:52] [PENJUALAN] CASHIER FORM : PRODUCT PRICE TYPE [PRODUCT_BASE_PRICE]
[ADMIN] [5/26/2017 11:52] [PENJUALAN] CASHIER FORM : PRODUCT PRICE [1000]
[ADMIN] [5/26/2017 11:52] [PENJUALAN] CASHIER FORM : ComboBox_SelectedIndexChanged, PRODUCT_BASE_PRICE [1000]
[ADMIN] [5/26/2017 11:52] [PENJUALAN] CASHIER FORM : cashierDataGridView_CellValueChanged [hpp]
[ADMIN] [5/26/2017 11:52] [PENJUALAN] CASHIER FORM : PRODUCT PRICE TYPE [PRODUCT_RETAIL_PRICE]
[ADMIN] [5/26/2017 11:52] [PENJUALAN] CASHIER FORM : PRODUCT PRICE [1]
[ADMIN] [5/26/2017 11:52] [PENJUALAN] CASHIER FORM : ComboBox_SelectedIndexChanged, PRODUCT_SALES_PRICE [1]
[ADMIN] [5/26/2017 11:52] [PENJUALAN] CASHIER FORM : cashierDataGridView_CellValueChanged [productPrice]
[ADMIN] [5/26/2017 11:52] [PENJUALAN] CASHIER FORM : TextBox_TextChanged, previousInput []
[ADMIN] [5/26/2017 11:52] [PENJUALAN] CASHIER FORM : TextBox_TextChanged, dataGridViewTextBoxEditingControl.Text pass REGEX Checking
[ADMIN] [5/26/2017 11:52] [PENJUALAN] CASHIER FORM : CALCULATE SUBTOTAL
[ADMIN] [5/26/2017 11:52] [PENJUALAN] CASHIER FORM : SUBTOTAL [0]
[ADMIN] [5/26/2017 11:52] [PENJUALAN] CASHIER FORM : TextBox_TextChanged, subtotal value [0]
[ADMIN] [5/26/2017 11:52] [PENJUALAN] CASHIER FORM : TextBox_TextChanged, attempt to calculate total value
[ADMIN] [5/26/2017 11:52] [PENJUALAN] CASHIER FORM : calculateTotal
[ADMIN] [5/26/2017 11:52] [PENJUALAN] CASHIER FORM : calculateTotal [0]
[ADMIN] [5/26/2017 11:52] [PENJUALAN] CASHIER FORM : calculateTotal, totalAfterDisc [0]
[ADMIN] [5/26/2017 11:52] [PENJUALAN] CASHIER FORM : calculateChangeValue, bayarTextBox.Text [0]
[ADMIN] [5/26/2017 11:52] [PENJUALAN] CASHIER FORM : calculateChangeValue, sisaBayar [0]
[ADMIN] [5/26/2017 11:52] [PENJUALAN] CASHIER FORM : cashierDataGridView_CellValueChanged [qty]
[ADMIN] [5/26/2017 11:52] [PENJUALAN] CASHIER FORM : TextBox_TextChanged, previousInput []
[ADMIN] [5/26/2017 11:52] [PENJUALAN] CASHIER FORM : TextBox_TextChanged, dataGridViewTextBoxEditingControl.Text pass REGEX Checking
[ADMIN] [5/26/2017 11:52] [PENJUALAN] CASHIER FORM : CALCULATE SUBTOTAL
[ADMIN] [5/26/2017 11:52] [PENJUALAN] CASHIER FORM : SUBTOTAL [0]
[ADMIN] [5/26/2017 11:52] [PENJUALAN] CASHIER FORM : TextBox_TextChanged, subtotal value [0]
[ADMIN] [5/26/2017 11:52] [PENJUALAN] CASHIER FORM : TextBox_TextChanged, attempt to calculate total value
[ADMIN] [5/26/2017 11:52] [PENJUALAN] CASHIER FORM : calculateTotal
[ADMIN] [5/26/2017 11:52] [PENJUALAN] CASHIER FORM : calculateTotal [0]
[ADMIN] [5/26/2017 11:52] [PENJUALAN] CASHIER FORM : calculateTotal, totalAfterDisc [0]
[ADMIN] [5/26/2017 11:52] [PENJUALAN] CASHIER FORM : calculateChangeValue, bayarTextBox.Text [0]
[ADMIN] [5/26/2017 11:52] [PENJUALAN] CASHIER FORM : calculateChangeValue, sisaBayar [0]
[ADMIN] [5/26/2017 11:52] [PENJUALAN] CASHIER FORM : ComboBox_SelectedIndexChanged, CHECK FOR CUST PRODUCT DISC, selectedPelangganID [1]
[ADMIN] [5/26/2017 11:52] [PENJUALAN] CASHIER FORM : ComboBox_SelectedIndexChanged, LOAD DISC [0, 0, 0]
[ADMIN] [5/26/2017 11:52] [PENJUALAN] CASHIER FORM : cashierDataGridView_CellValueChanged [jumlah]
[ADMIN] [5/26/2017 11:52] [PENJUALAN] CASHIER FORM : ComboBox_SelectedIndexChanged, attempt to calculate total
[ADMIN] [5/26/2017 11:52] [PENJUALAN] CASHIER FORM : calculateTotal
[ADMIN] [5/26/2017 11:52] [PENJUALAN] CASHIER FORM : calculateTotal [0]
[ADMIN] [5/26/2017 11:52] [PENJUALAN] CASHIER FORM : calculateTotal, totalAfterDisc [0]
[ADMIN] [5/26/2017 11:52] [PENJUALAN] CASHIER FORM : calculateChangeValue, bayarTextBox.Text [0]
[ADMIN] [5/26/2017 11:52] [PENJUALAN] CASHIER FORM : calculateChangeValue, sisaBayar [0]
[ADMIN] [5/26/2017 11:52] [] CHECK STOCK QTY IS ENOUGH [105]
[ADMIN] [5/26/2017 11:52] [] CHECK STOCK QTY IS ENOUGH [1047, 1]
[ADMIN] [5/26/2017 11:52] [PENJUALAN] CASHIER FORM : cashierDataGridView_CellValueChanged [qty]
[ADMIN] [5/26/2017 11:52] [PENJUALAN] CASHIER FORM : TextBox_TextChanged, previousInput []
[ADMIN] [5/26/2017 11:52] [PENJUALAN] CASHIER FORM : TextBox_TextChanged, dataGridViewTextBoxEditingControl.Text pass REGEX Checking
[ADMIN] [5/26/2017 11:52] [PENJUALAN] CASHIER FORM : CALCULATE SUBTOTAL
[ADMIN] [5/26/2017 11:52] [PENJUALAN] CASHIER FORM : SUBTOTAL [1]
[ADMIN] [5/26/2017 11:52] [PENJUALAN] CASHIER FORM : TextBox_TextChanged, subtotal value [1]
[ADMIN] [5/26/2017 11:52] [PENJUALAN] CASHIER FORM : TextBox_TextChanged, attempt to calculate total value
[ADMIN] [5/26/2017 11:52] [PENJUALAN] CASHIER FORM : calculateTotal
[ADMIN] [5/26/2017 11:52] [PENJUALAN] CASHIER FORM : calculateTotal [1]
[ADMIN] [5/26/2017 11:52] [PENJUALAN] CASHIER FORM : calculateTotal, totalAfterDisc [1]
[ADMIN] [5/26/2017 11:52] [PENJUALAN] CASHIER FORM : calculateChangeValue, bayarTextBox.Text [0]
[ADMIN] [5/26/2017 11:52] [PENJUALAN] CASHIER FORM : calculateChangeValue, sisaBayar [0]
[ADMIN] [5/26/2017 11:52] [PENJUALAN] CASHIER FORM : SET QTY TO 1 BECAUSE OF NEW ROW
[ADMIN] [5/26/2017 11:52] [PENJUALAN] CASHIER FORM : CALCULATE SUBTOTAL
[ADMIN] [5/26/2017 11:52] [PENJUALAN] CASHIER FORM : SUBTOTAL [1]
[ADMIN] [5/26/2017 11:52] [PENJUALAN] CASHIER FORM : calculateTotal
[ADMIN] [5/26/2017 11:52] [PENJUALAN] CASHIER FORM : calculateTotal [1]
[ADMIN] [5/26/2017 11:52] [PENJUALAN] CASHIER FORM : calculateTotal, totalAfterDisc [1]
[ADMIN] [5/26/2017 11:52] [PENJUALAN] CASHIER FORM : calculateChangeValue, bayarTextBox.Text [0]
[ADMIN] [5/26/2017 11:52] [PENJUALAN] CASHIER FORM : calculateChangeValue, sisaBayar [0]
[ADMIN] [5/26/2017 11:52] [PENJUALAN] CASHIER FORM : REGISTER HOTKEY
[ADMIN] [5/26/2017 11:52] [PENJUALAN] CASHIER FORM : cashierDataGridView_CellValueChanged [qty]
[ADMIN] [5/26/2017 11:52] [PENJUALAN] CASHIER FORM : TextBox_TextChanged, previousInput []
[ADMIN] [5/26/2017 11:52] [PENJUALAN] CASHIER FORM : TextBox_TextChanged, dataGridViewTextBoxEditingControl.Text pass REGEX Checking
[ADMIN] [5/26/2017 11:52] [PENJUALAN] CASHIER FORM : CALCULATE SUBTOTAL
[ADMIN] [5/26/2017 11:52] [PENJUALAN] CASHIER FORM : SUBTOTAL [2]
[ADMIN] [5/26/2017 11:52] [PENJUALAN] CASHIER FORM : TextBox_TextChanged, subtotal value [2]
[ADMIN] [5/26/2017 11:52] [PENJUALAN] CASHIER FORM : TextBox_TextChanged, attempt to calculate total value
[ADMIN] [5/26/2017 11:52] [PENJUALAN] CASHIER FORM : calculateTotal
[ADMIN] [5/26/2017 11:52] [PENJUALAN] CASHIER FORM : calculateTotal [2]
[ADMIN] [5/26/2017 11:52] [PENJUALAN] CASHIER FORM : calculateTotal, totalAfterDisc [2]
[ADMIN] [5/26/2017 11:52] [PENJUALAN] CASHIER FORM : calculateChangeValue, bayarTextBox.Text [0]
[ADMIN] [5/26/2017 11:52] [PENJUALAN] CASHIER FORM : calculateChangeValue, sisaBayar [0]
[ADMIN] [5/26/2017 11:52] [PENJUALAN] CASHIER FORM : cashierDataGridView_CellValueChanged [qty]
[ADMIN] [5/26/2017 11:52] [PENJUALAN] CASHIER FORM : TextBox_TextChanged, previousInput []
[ADMIN] [5/26/2017 11:52] [PENJUALAN] CASHIER FORM : TextBox_TextChanged, dataGridViewTextBoxEditingControl.Text pass REGEX Checking
[ADMIN] [5/26/2017 11:52] [PENJUALAN] CASHIER FORM : CALCULATE SUBTOTAL
[ADMIN] [5/26/2017 11:52] [PENJUALAN] CASHIER FORM : SUBTOTAL [20]
[ADMIN] [5/26/2017 11:52] [PENJUALAN] CASHIER FORM : TextBox_TextChanged, subtotal value [20]
[ADMIN] [5/26/2017 11:52] [PENJUALAN] CASHIER FORM : TextBox_TextChanged, attempt to calculate total value
[ADMIN] [5/26/2017 11:52] [PENJUALAN] CASHIER FORM : calculateTotal
[ADMIN] [5/26/2017 11:52] [PENJUALAN] CASHIER FORM : calculateTotal [20]
[ADMIN] [5/26/2017 11:52] [PENJUALAN] CASHIER FORM : calculateTotal, totalAfterDisc [20]
[ADMIN] [5/26/2017 11:52] [PENJUALAN] CASHIER FORM : calculateChangeValue, bayarTextBox.Text [0]
[ADMIN] [5/26/2017 11:52] [PENJUALAN] CASHIER FORM : calculateChangeValue, sisaBayar [0]
[ADMIN] [5/26/2017 11:52] [PENJUALAN] CASHIER FORM : cashierDataGridView_CellValueChanged [productPrice]
[ADMIN] [5/26/2017 11:52] [PENJUALAN] CASHIER FORM : TextBox_TextChanged, previousInput []
[ADMIN] [5/26/2017 11:52] [PENJUALAN] CASHIER FORM : TextBox_TextChanged, dataGridViewTextBoxEditingControl.Text pass REGEX Checking
[ADMIN] [5/26/2017 11:52] [PENJUALAN] CASHIER FORM : CALCULATE SUBTOTAL
[ADMIN] [5/26/2017 11:52] [PENJUALAN] CASHIER FORM : SUBTOTAL [200]
[ADMIN] [5/26/2017 11:52] [PENJUALAN] CASHIER FORM : TextBox_TextChanged, subtotal value [200]
[ADMIN] [5/26/2017 11:52] [PENJUALAN] CASHIER FORM : TextBox_TextChanged, attempt to calculate total value
[ADMIN] [5/26/2017 11:52] [PENJUALAN] CASHIER FORM : calculateTotal
[ADMIN] [5/26/2017 11:52] [PENJUALAN] CASHIER FORM : calculateTotal [200]
[ADMIN] [5/26/2017 11:52] [PENJUALAN] CASHIER FORM : calculateTotal, totalAfterDisc [200]
[ADMIN] [5/26/2017 11:52] [PENJUALAN] CASHIER FORM : calculateChangeValue, bayarTextBox.Text [0]
[ADMIN] [5/26/2017 11:52] [PENJUALAN] CASHIER FORM : calculateChangeValue, sisaBayar [0]
[ADMIN] [5/26/2017 11:52] [PENJUALAN] CASHIER FORM : cashierDataGridView_CellValueChanged [productPrice]
[ADMIN] [5/26/2017 11:52] [PENJUALAN] CASHIER FORM : TextBox_TextChanged, previousInput []
[ADMIN] [5/26/2017 11:52] [PENJUALAN] CASHIER FORM : TextBox_TextChanged, dataGridViewTextBoxEditingControl.Text pass REGEX Checking
[ADMIN] [5/26/2017 11:52] [PENJUALAN] CASHIER FORM : CALCULATE SUBTOTAL
[ADMIN] [5/26/2017 11:52] [PENJUALAN] CASHIER FORM : SUBTOTAL [2000]
[ADMIN] [5/26/2017 11:52] [PENJUALAN] CASHIER FORM : TextBox_TextChanged, subtotal value [2000]
[ADMIN] [5/26/2017 11:52] [PENJUALAN] CASHIER FORM : TextBox_TextChanged, attempt to calculate total value
[ADMIN] [5/26/2017 11:52] [PENJUALAN] CASHIER FORM : calculateTotal
[ADMIN] [5/26/2017 11:52] [PENJUALAN] CASHIER FORM : calculateTotal [2000]
[ADMIN] [5/26/2017 11:52] [PENJUALAN] CASHIER FORM : calculateTotal, totalAfterDisc [2000]
[ADMIN] [5/26/2017 11:52] [PENJUALAN] CASHIER FORM : calculateChangeValue, bayarTextBox.Text [0]
[ADMIN] [5/26/2017 11:52] [PENJUALAN] CASHIER FORM : calculateChangeValue, sisaBayar [0]
[ADMIN] [5/26/2017 11:52] [PENJUALAN] CASHIER FORM : cashierDataGridView_CellValueChanged [productPrice]
[ADMIN] [5/26/2017 11:52] [PENJUALAN] CASHIER FORM : TextBox_TextChanged, previousInput []
[ADMIN] [5/26/2017 11:52] [PENJUALAN] CASHIER FORM : TextBox_TextChanged, dataGridViewTextBoxEditingControl.Text pass REGEX Checking
[ADMIN] [5/26/2017 11:52] [PENJUALAN] CASHIER FORM : CALCULATE SUBTOTAL
[ADMIN] [5/26/2017 11:52] [PENJUALAN] CASHIER FORM : SUBTOTAL [20000]
[ADMIN] [5/26/2017 11:52] [PENJUALAN] CASHIER FORM : TextBox_TextChanged, subtotal value [20000]
[ADMIN] [5/26/2017 11:52] [PENJUALAN] CASHIER FORM : TextBox_TextChanged, attempt to calculate total value
[ADMIN] [5/26/2017 11:52] [PENJUALAN] CASHIER FORM : calculateTotal
[ADMIN] [5/26/2017 11:52] [PENJUALAN] CASHIER FORM : calculateTotal [20000]
[ADMIN] [5/26/2017 11:52] [PENJUALAN] CASHIER FORM : calculateTotal, totalAfterDisc [20000]
[ADMIN] [5/26/2017 11:52] [PENJUALAN] CASHIER FORM : calculateChangeValue, bayarTextBox.Text [0]
[ADMIN] [5/26/2017 11:52] [PENJUALAN] CASHIER FORM : calculateChangeValue, sisaBayar [0]
[ADMIN] [5/26/2017 11:52] [PENJUALAN] CASHIER FORM : HOTKEY TO SAVE AND PRINT OUT INVOICE PRESSED
[ADMIN] [5/26/2017 11:52] [PENJUALAN] CASHIER FORM : UNREGISTER HOTKEY
[ADMIN] [5/26/2017 11:52] [PENJUALAN] CASHIER FORM : REGISTER HOTKEY
[ADMIN] [5/26/2017 11:52] [PENJUALAN] ATTEMPT TO SAVE AND PRINT OUT INVOICE
[ADMIN] [5/26/2017 11:52] [PENJUALAN] CASHIER FORM : UNREGISTER HOTKEY
[ADMIN] [5/26/2017 11:52] [PENJUALAN] CASHIER FORM : ATTEMPT TO SAVE SALES DATA [26-05-2017 11:52]
[ADMIN] [5/26/2017 11:52] [PENJUALAN] CASHIER FORM : SALES DISC FINAL [0]
[ADMIN] [5/26/2017 11:52] [PENJUALAN] CASHIER FORM : NON CASH - SALES DUE DATE [15-06-2017]
[ADMIN] [5/26/2017 11:52] [PENJUALAN] CASHIER FORM : MAX SALES INVOICE [5]
[ADMIN] [5/26/2017 11:52] [PENJUALAN] CASHIER FORM : SALES INVOICE [SQ-6]
[ADMIN] [5/26/2017 11:52] [PENJUALAN] INSERT INTO SALES QUOTATION HEADER [SQ-6]
[ADMIN] [5/26/2017 11:52] [PENJUALAN] INSERT INTO SALES QUOTATION DETAIL[105, 1000, 20]
[ADMIN] [5/26/2017 11:52] [PENJUALAN] CASHIER FORM : REGISTER HOTKEY
[ADMIN] [5/26/2017 11:52] [PENJUALAN] TRANSACTION SAVED
[ADMIN] [5/26/2017 11:52] [PENJUALAN] PRINT OUT INVOICE
[ADMIN] [5/26/2017 11:52] [PENJUALAN] CASHIER FORM : PrintReceipt
[ADMIN] [5/26/2017 11:52] [PENJUALAN] CASHIER FORM : PrintReceipt, papermode [0]
[ADMIN] [5/26/2017 11:52] [PENJUALAN] CASHIER FORM : PrintReceipt, display SalesReceiptForm
[ADMIN] [5/26/2017 11:52] [PENJUALAN] CASHIER FORM : UNREGISTER HOTKEY
[ADMIN] [5/26/2017 11:52] [PENJUALAN] CASHIER FORM : REGISTER HOTKEY
[ADMIN] [5/26/2017 11:52] [PENJUALAN] VALIDATE USER CREDIT STATUS
[ADMIN] [5/26/2017 11:52] [PENJUALAN] CASHIER FORM : UNREGISTER HOTKEY
[ADMIN] [5/26/2017 11:52] [PENJUALAN] CASHIER FORM : REGISTER HOTKEY
[ADMIN] [5/26/2017 11:52] [PENJUALAN] CASHIER FORM : UNREGISTER HOTKEY
[ADMIN] [5/26/2017 11:52] [PENJUALAN] CASHIER FORM : UNREGISTER HOTKEY
[ADMIN] [5/26/2017 11:52] [PENJUALAN] CASHIER FORM : REGISTER HOTKEY
[ADMIN] [5/26/2017 11:52] [PENJUALAN] CASHIER FORM : ADD NEW ROW,  isActive [True]
[ADMIN] [5/26/2017 11:52] [PENJUALAN] CASHIER FORM : ADD NEW ROW,  ROW COUNT [0]
[ADMIN] [5/26/2017 11:52] [PENJUALAN] CASHIER FORM : REGISTER HOTKEY
[ADMIN] [5/26/2017 11:52] [] CHECK STOCK QTY IS ENOUGH [105]
[ADMIN] [5/26/2017 11:52] [] CHECK STOCK QTY IS ENOUGH [1047, 20]
[ADMIN] [5/26/2017 11:52] [PENJUALAN] CASHIER FORM : UNREGISTER HOTKEY
[ADMIN] [5/26/2017 11:52] [PENJUALAN] CASHIER FORM : REGISTER HOTKEY
[ADMIN] [5/26/2017 11:52] [PENJUALAN] ATTEMPT TO SAVE AND PRINT OUT INVOICE
[ADMIN] [5/26/2017 11:52] [] CHECK STOCK QTY IS ENOUGH [105]
[ADMIN] [5/26/2017 11:52] [] CHECK STOCK QTY IS ENOUGH [1047, 20]
[ADMIN] [5/26/2017 11:52] [PENJUALAN] CASHIER FORM : UNREGISTER HOTKEY
[ADMIN] [5/26/2017 11:52] [PENJUALAN] CASHIER FORM : ATTEMPT TO SAVE SALES DATA [26-05-2017 11:52]
[ADMIN] [5/26/2017 11:52] [PENJUALAN] CASHIER FORM : SALES DISC FINAL [0]
[ADMIN] [5/26/2017 11:52] [PENJUALAN] CASHIER FORM : NON CASH - SALES DUE DATE [15-06-2017]
[ADMIN] [5/26/2017 11:52] [PENJUALAN] CHECK IF TAX LIMIT SET FOR PERCENTAGE PURCHASE [0]
[ADMIN] [5/26/2017 11:52] [PENJUALAN] CHECK IF TAX LIMIT SET FOR AVERAGE DAILY PURCHASE [0]
[ADMIN] [5/26/2017 11:52] [PENJUALAN] CASHIER FORM : NO FAKTUR [SLO001]
[ADMIN] [5/26/2017 11:52] [PENJUALAN] CASHIER FORM : MAX SALES INVOICE [17]
[ADMIN] [5/26/2017 11:52] [PENJUALAN] CASHIER FORM : SALES INVOICE [SLO001-18]
[ADMIN] [5/26/2017 11:52] [PENJUALAN] INSERT INTO SALES HEADER [SLO001-18]
[ADMIN] [5/26/2017 11:52] [PENJUALAN] INSERT INTO SALES DETAIL[105, 1000, 20]
[ADMIN] [5/26/2017 11:52] [PENJUALAN] UPDATE CUSTOMER PRODUCT DISC [105]
[ADMIN] [5/26/2017 11:52] [PENJUALAN] INSERT TO CREDIT TABLE [SLO001-18]
[ADMIN] [5/26/2017 11:52] [PENJUALAN] CASHIER FORM : REGISTER HOTKEY
[ADMIN] [5/26/2017 11:52] [PENJUALAN] TRANSACTION SAVED
[ADMIN] [5/26/2017 11:52] [PENJUALAN] PRINT OUT INVOICE
[ADMIN] [5/26/2017 11:52] [PENJUALAN] CASHIER FORM : PrintReceipt
[ADMIN] [5/26/2017 11:52] [PENJUALAN] CASHIER FORM : PrintReceipt, papermode [0]
[ADMIN] [5/26/2017 11:52] [PENJUALAN] CASHIER FORM : PrintReceipt, display SalesReceiptForm
[ADMIN] [5/26/2017 11:52] [PENJUALAN] CASHIER FORM : UNREGISTER HOTKEY
[ADMIN] [5/26/2017 11:52] [PENJUALAN] CASHIER FORM : REGISTER HOTKEY
[ADMIN] [5/26/2017 11:52] [PENJUALAN] VALIDATE USER CREDIT STATUS
[ADMIN] [5/26/2017 11:52] [PENJUALAN] CASHIER FORM : UNREGISTER HOTKEY
[ADMIN] [5/26/2017 11:52] [PENJUALAN] CASHIER FORM : REGISTER HOTKEY
[ADMIN] [5/26/2017 11:52] [PENJUALAN] CASHIER FORM : UNREGISTER HOTKEY
[ADMIN] [5/26/2017 11:52] [PENJUALAN] CASHIER FORM : UNREGISTER HOTKEY
[ADMIN] [5/26/2017 11:53] [PEMBAYARAN PIUTANG] ATTEMPT TO SAVE PAYMENT CREDIT
[ADMIN] [5/26/2017 11:53] [PEMBAYARAN PIUTANG] PAYMENT CREDIT BY CASH
[ADMIN] [5/26/2017 11:53] [PEMBAYARAN PIUTANG] BRANCH ID [0]
[ADMIN] [5/26/2017 11:53] [PEMBAYARAN PIUTANG] INSERT INTO PAYMENT CREDIT [18, 5000]
[ADMIN] [5/26/2017 11:53] [PEMBAYARAN PIUTANG] CASH TRANSACTION, INSERT INTO DAILY JOURNAL [5000]
[ADMIN] [5/26/2017 11:53] [PEMBAYARAN PIUTANG] PAYMENT CREDIT DATA SAVED
[] [5/26/2017 11:54] [] USER = ADMIN IS ACTIVE
[ADMIN] [5/26/2017 11:54] [] USER ID = 1 LOGIN SUCCESSFULLY
[ADMIN] [5/26/2017 11:54] [] ACTIVATE USER ACCESS RIGHT
[ADMIN] [5/26/2017 11:54] [] DISPLAY ADMIN FORM
[ADMIN] [5/26/2017 11:54] [] adminForm Load
[] [5/26/2017 12:23] [] USER = ADMIN IS ACTIVE
[ADMIN] [5/26/2017 12:23] [] USER ID = 1 LOGIN SUCCESSFULLY
[ADMIN] [5/26/2017 12:23] [] ACTIVATE USER ACCESS RIGHT
[ADMIN] [5/26/2017 12:23] [] DISPLAY ADMIN FORM
[ADMIN] [5/26/2017 12:23] [] adminForm Load
[] [5/26/2017 12:34] [] USER = ADMIN IS ACTIVE
[ADMIN] [5/26/2017 12:34] [] USER ID = 1 LOGIN SUCCESSFULLY
[ADMIN] [5/26/2017 12:34] [] ACTIVATE USER ACCESS RIGHT
[ADMIN] [5/26/2017 12:34] [] DISPLAY ADMIN FORM
[ADMIN] [5/26/2017 12:34] [] adminForm Load
[ADMIN] [5/26/2017 12:35] [] USER ID = 1LOGOUT
