[] [1/29/2017 18:48] [] USER = ADMIN IS ACTIVE
[] [1/29/2017 18:48] [] USER = ADMIN IS ACTIVE
[ADMIN] [1/29/2017 18:48] [] USER ID = 1 LOGIN SUCCESSFULLY
[ADMIN] [1/29/2017 18:48] [] ACTIVATE USER ACCESS RIGHT
[ADMIN] [1/29/2017 18:48] [] DISPLAY ADMIN FORM
[ADMIN] [1/29/2017 18:48] [] adminForm Load
[ADMIN] [1/29/2017 18:48] [] ACTIVATE USER ACCESS RIGHT
[ADMIN] [1/29/2017 18:48] [] CREATE DATA GROUP FORM MODULE_ID [51]
[ADMIN] [1/29/2017 18:48] [] CREATE DATA GROUP ACCESS MODULE FORM, GROUP USER ID [1]
[ADMIN] [1/29/2017 18:48] [] USER ID = 1LOGOUT
[ADMIN] [1/29/2017 18:48] [] USER = ADMIN IS ACTIVE
[ADMIN] [1/29/2017 18:48] [] USER ID = 1 LOGIN SUCCESSFULLY
[ADMIN] [1/29/2017 18:48] [] ACTIVATE USER ACCESS RIGHT
[ADMIN] [1/29/2017 18:48] [] DISPLAY ADMIN FORM
[ADMIN] [1/29/2017 18:48] [] adminForm Load
[ADMIN] [1/29/2017 18:48] [] ACTIVATE USER ACCESS RIGHT
[ADMIN] [1/29/2017 18:49] [PENJUALAN] CASHIER FORM : REGISTER HOTKEY
[ADMIN] [1/29/2017 18:49] [PENJUALAN] CASHIER FORM : calculateChangeValue, bayarTextBox.Text [1000]
[ADMIN] [1/29/2017 18:49] [PENJUALAN] CASHIER FORM : calculateChangeValue, sisaBayar [768]
[ADMIN] [1/29/2017 18:49] [PENJUALAN] CASHIER FORM : ADD NEW ROW,  isActive [True]
[ADMIN] [1/29/2017 18:49] [PENJUALAN] CASHIER FORM : ADD NEW ROW,  ROW COUNT [0]
[ADMIN] [1/29/2017 18:49] [PENJUALAN] CASHIER FORM : ADD NEW ROW,  ALLOW TO ADD [True]
[ADMIN] [1/29/2017 18:49] [PENJUALAN] CASHIER FORM : REGISTER HOTKEY
[ADMIN] [1/29/2017 18:49] [PENJUALAN] CASHIER FORM : PRODUCT PRICE TYPE [PRODUCT_RETAIL_PRICE]
[ADMIN] [1/29/2017 18:49] [PENJUALAN] CASHIER FORM : PRODUCT PRICE [1]
[ADMIN] [1/29/2017 18:49] [PENJUALAN] CASHIER FORM : cashierDataGridView_CellValueChanged [productPrice]
[ADMIN] [1/29/2017 18:49] [PENJUALAN] CASHIER FORM : TextBox_TextChanged, previousInput []
[ADMIN] [1/29/2017 18:49] [PENJUALAN] CASHIER FORM : TextBox_TextChanged, dataGridViewTextBoxEditingControl.Text pass REGEX Checking
[ADMIN] [1/29/2017 18:49] [PENJUALAN] CASHIER FORM : CALCULATE SUBTOTAL
[ADMIN] [1/29/2017 18:49] [PENJUALAN] CASHIER FORM : SUBTOTAL [22]
[ADMIN] [1/29/2017 18:49] [PENJUALAN] CASHIER FORM : TextBox_TextChanged, subtotal value [22]
[ADMIN] [1/29/2017 18:49] [PENJUALAN] CASHIER FORM : TextBox_TextChanged, attempt to calculate total value
[ADMIN] [1/29/2017 18:49] [PENJUALAN] CASHIER FORM : calculateTotal
[ADMIN] [1/29/2017 18:49] [PENJUALAN] CASHIER FORM : calculateTotal [22]
[ADMIN] [1/29/2017 18:49] [PENJUALAN] CASHIER FORM : calculateTotal, totalAfterDisc [12]
[ADMIN] [1/29/2017 18:49] [PENJUALAN] CASHIER FORM : calculateChangeValue, bayarTextBox.Text [1000]
[ADMIN] [1/29/2017 18:49] [PENJUALAN] CASHIER FORM : calculateChangeValue, sisaBayar [988]
[ADMIN] [1/29/2017 18:49] [PENJUALAN] CASHIER FORM : CHECK IF THERE'S ANY ENTRY IN THE PRODUCT DISC
[ADMIN] [1/29/2017 18:49] [PENJUALAN] CASHIER FORM : cashierDataGridView_CellValueChanged [disc1]
[ADMIN] [1/29/2017 18:49] [PENJUALAN] CASHIER FORM : TextBox_TextChanged, previousInput []
[ADMIN] [1/29/2017 18:49] [PENJUALAN] CASHIER FORM : TextBox_TextChanged, dataGridViewTextBoxEditingControl.Text pass REGEX Checking
[ADMIN] [1/29/2017 18:49] [PENJUALAN] CASHIER FORM : CALCULATE SUBTOTAL
[ADMIN] [1/29/2017 18:49] [PENJUALAN] CASHIER FORM : SUBTOTAL [22]
[ADMIN] [1/29/2017 18:49] [PENJUALAN] CASHIER FORM : TextBox_TextChanged, subtotal value [22]
[ADMIN] [1/29/2017 18:49] [PENJUALAN] CASHIER FORM : TextBox_TextChanged, attempt to calculate total value
[ADMIN] [1/29/2017 18:49] [PENJUALAN] CASHIER FORM : calculateTotal
[ADMIN] [1/29/2017 18:49] [PENJUALAN] CASHIER FORM : calculateTotal [22]
[ADMIN] [1/29/2017 18:49] [PENJUALAN] CASHIER FORM : calculateTotal, totalAfterDisc [12]
[ADMIN] [1/29/2017 18:49] [PENJUALAN] CASHIER FORM : calculateChangeValue, bayarTextBox.Text [1000]
[ADMIN] [1/29/2017 18:49] [PENJUALAN] CASHIER FORM : calculateChangeValue, sisaBayar [988]
[ADMIN] [1/29/2017 18:49] [PENJUALAN] CASHIER FORM : cashierDataGridView_CellValueChanged [disc2]
[ADMIN] [1/29/2017 18:49] [PENJUALAN] CASHIER FORM : TextBox_TextChanged, previousInput []
[ADMIN] [1/29/2017 18:49] [PENJUALAN] CASHIER FORM : TextBox_TextChanged, dataGridViewTextBoxEditingControl.Text pass REGEX Checking
[ADMIN] [1/29/2017 18:49] [PENJUALAN] CASHIER FORM : CALCULATE SUBTOTAL
[ADMIN] [1/29/2017 18:49] [PENJUALAN] CASHIER FORM : SUBTOTAL [22]
[ADMIN] [1/29/2017 18:49] [PENJUALAN] CASHIER FORM : TextBox_TextChanged, subtotal value [22]
[ADMIN] [1/29/2017 18:49] [PENJUALAN] CASHIER FORM : TextBox_TextChanged, attempt to calculate total value
[ADMIN] [1/29/2017 18:49] [PENJUALAN] CASHIER FORM : calculateTotal
[ADMIN] [1/29/2017 18:49] [PENJUALAN] CASHIER FORM : calculateTotal [22]
[ADMIN] [1/29/2017 18:49] [PENJUALAN] CASHIER FORM : calculateTotal, totalAfterDisc [12]
[ADMIN] [1/29/2017 18:49] [PENJUALAN] CASHIER FORM : calculateChangeValue, bayarTextBox.Text [1000]
[ADMIN] [1/29/2017 18:49] [PENJUALAN] CASHIER FORM : calculateChangeValue, sisaBayar [988]
[ADMIN] [1/29/2017 18:49] [PENJUALAN] CASHIER FORM : cashierDataGridView_CellValueChanged [discRP]
[ADMIN] [1/29/2017 18:49] [PENJUALAN] CASHIER FORM : TextBox_TextChanged, previousInput []
[ADMIN] [1/29/2017 18:49] [PENJUALAN] CASHIER FORM : TextBox_TextChanged, dataGridViewTextBoxEditingControl.Text pass REGEX Checking
[ADMIN] [1/29/2017 18:49] [PENJUALAN] CASHIER FORM : CALCULATE SUBTOTAL
[ADMIN] [1/29/2017 18:49] [PENJUALAN] CASHIER FORM : SUBTOTAL [22]
[ADMIN] [1/29/2017 18:49] [PENJUALAN] CASHIER FORM : TextBox_TextChanged, subtotal value [22]
[ADMIN] [1/29/2017 18:49] [PENJUALAN] CASHIER FORM : TextBox_TextChanged, attempt to calculate total value
[ADMIN] [1/29/2017 18:49] [PENJUALAN] CASHIER FORM : calculateTotal
[ADMIN] [1/29/2017 18:49] [PENJUALAN] CASHIER FORM : calculateTotal [22]
[ADMIN] [1/29/2017 18:49] [PENJUALAN] CASHIER FORM : calculateTotal, totalAfterDisc [12]
[ADMIN] [1/29/2017 18:49] [PENJUALAN] CASHIER FORM : calculateChangeValue, bayarTextBox.Text [1000]
[ADMIN] [1/29/2017 18:49] [PENJUALAN] CASHIER FORM : calculateChangeValue, sisaBayar [988]
[ADMIN] [1/29/2017 18:49] [PENJUALAN] CASHIER FORM : CALCULATE SUBTOTAL
[ADMIN] [1/29/2017 18:49] [PENJUALAN] CASHIER FORM : SUBTOTAL [22]
[ADMIN] [1/29/2017 18:49] [PENJUALAN] CASHIER FORM : calculateTotal
[ADMIN] [1/29/2017 18:49] [PENJUALAN] CASHIER FORM : calculateTotal [22]
[ADMIN] [1/29/2017 18:49] [PENJUALAN] CASHIER FORM : calculateTotal, totalAfterDisc [12]
[ADMIN] [1/29/2017 18:49] [PENJUALAN] CASHIER FORM : calculateChangeValue, bayarTextBox.Text [1000]
[ADMIN] [1/29/2017 18:49] [PENJUALAN] CASHIER FORM : calculateChangeValue, sisaBayar [988]
[ADMIN] [1/29/2017 18:49] [PENJUALAN] CASHIER FORM : PRODUCT PRICE TYPE [PRODUCT_BULK_PRICE]
[ADMIN] [1/29/2017 18:49] [PENJUALAN] CASHIER FORM : PRODUCT PRICE [2]
[ADMIN] [1/29/2017 18:49] [PENJUALAN] CASHIER FORM : cashierDataGridView_CellValueChanged [productPrice]
[ADMIN] [1/29/2017 18:49] [PENJUALAN] CASHIER FORM : TextBox_TextChanged, previousInput []
[ADMIN] [1/29/2017 18:49] [PENJUALAN] CASHIER FORM : TextBox_TextChanged, dataGridViewTextBoxEditingControl.Text pass REGEX Checking
[ADMIN] [1/29/2017 18:49] [PENJUALAN] CASHIER FORM : CALCULATE SUBTOTAL
[ADMIN] [1/29/2017 18:49] [PENJUALAN] CASHIER FORM : SUBTOTAL [44]
[ADMIN] [1/29/2017 18:49] [PENJUALAN] CASHIER FORM : TextBox_TextChanged, subtotal value [44]
[ADMIN] [1/29/2017 18:49] [PENJUALAN] CASHIER FORM : TextBox_TextChanged, attempt to calculate total value
[ADMIN] [1/29/2017 18:49] [PENJUALAN] CASHIER FORM : calculateTotal
[ADMIN] [1/29/2017 18:49] [PENJUALAN] CASHIER FORM : calculateTotal [44]
[ADMIN] [1/29/2017 18:49] [PENJUALAN] CASHIER FORM : calculateTotal, totalAfterDisc [34]
[ADMIN] [1/29/2017 18:49] [PENJUALAN] CASHIER FORM : calculateChangeValue, bayarTextBox.Text [1000]
[ADMIN] [1/29/2017 18:49] [PENJUALAN] CASHIER FORM : calculateChangeValue, sisaBayar [966]
[ADMIN] [1/29/2017 18:49] [PENJUALAN] CASHIER FORM : CHECK IF THERE'S ANY ENTRY IN THE PRODUCT DISC
[ADMIN] [1/29/2017 18:49] [PENJUALAN] CASHIER FORM : CALCULATE SUBTOTAL
[ADMIN] [1/29/2017 18:49] [PENJUALAN] CASHIER FORM : SUBTOTAL [44]
[ADMIN] [1/29/2017 18:49] [PENJUALAN] CASHIER FORM : calculateTotal
[ADMIN] [1/29/2017 18:49] [PENJUALAN] CASHIER FORM : calculateTotal [44]
[ADMIN] [1/29/2017 18:49] [PENJUALAN] CASHIER FORM : calculateTotal, totalAfterDisc [34]
[ADMIN] [1/29/2017 18:49] [PENJUALAN] CASHIER FORM : calculateChangeValue, bayarTextBox.Text [1000]
[ADMIN] [1/29/2017 18:49] [PENJUALAN] CASHIER FORM : calculateChangeValue, sisaBayar [966]
[ADMIN] [1/29/2017 18:49] [PENJUALAN] CASHIER FORM : PRODUCT PRICE TYPE [PRODUCT_WHOLESALE_PRICE]
[ADMIN] [1/29/2017 18:49] [PENJUALAN] CASHIER FORM : PRODUCT PRICE [3]
[ADMIN] [1/29/2017 18:49] [PENJUALAN] CASHIER FORM : cashierDataGridView_CellValueChanged [productPrice]
[ADMIN] [1/29/2017 18:49] [PENJUALAN] CASHIER FORM : TextBox_TextChanged, previousInput []
[ADMIN] [1/29/2017 18:49] [PENJUALAN] CASHIER FORM : TextBox_TextChanged, dataGridViewTextBoxEditingControl.Text pass REGEX Checking
[ADMIN] [1/29/2017 18:49] [PENJUALAN] CASHIER FORM : CALCULATE SUBTOTAL
[ADMIN] [1/29/2017 18:49] [PENJUALAN] CASHIER FORM : SUBTOTAL [66]
[ADMIN] [1/29/2017 18:49] [PENJUALAN] CASHIER FORM : TextBox_TextChanged, subtotal value [66]
[ADMIN] [1/29/2017 18:49] [PENJUALAN] CASHIER FORM : TextBox_TextChanged, attempt to calculate total value
[ADMIN] [1/29/2017 18:49] [PENJUALAN] CASHIER FORM : calculateTotal
[ADMIN] [1/29/2017 18:49] [PENJUALAN] CASHIER FORM : calculateTotal [66]
[ADMIN] [1/29/2017 18:49] [PENJUALAN] CASHIER FORM : calculateTotal, totalAfterDisc [56]
[ADMIN] [1/29/2017 18:49] [PENJUALAN] CASHIER FORM : calculateChangeValue, bayarTextBox.Text [1000]
[ADMIN] [1/29/2017 18:49] [PENJUALAN] CASHIER FORM : calculateChangeValue, sisaBayar [944]
[ADMIN] [1/29/2017 18:49] [PENJUALAN] CASHIER FORM : CHECK IF THERE'S ANY ENTRY IN THE PRODUCT DISC
[ADMIN] [1/29/2017 18:49] [PENJUALAN] CASHIER FORM : CALCULATE SUBTOTAL
[ADMIN] [1/29/2017 18:49] [PENJUALAN] CASHIER FORM : SUBTOTAL [66]
[ADMIN] [1/29/2017 18:49] [PENJUALAN] CASHIER FORM : calculateTotal
[ADMIN] [1/29/2017 18:49] [PENJUALAN] CASHIER FORM : calculateTotal [66]
[ADMIN] [1/29/2017 18:49] [PENJUALAN] CASHIER FORM : calculateTotal, totalAfterDisc [56]
[ADMIN] [1/29/2017 18:49] [PENJUALAN] CASHIER FORM : calculateChangeValue, bayarTextBox.Text [1000]
[ADMIN] [1/29/2017 18:49] [PENJUALAN] CASHIER FORM : calculateChangeValue, sisaBayar [944]
[ADMIN] [1/29/2017 18:49] [PENJUALAN] CASHIER FORM : calculateChangeValue, bayarTextBox.Text [5]
[ADMIN] [1/29/2017 18:49] [PENJUALAN] CASHIER FORM : calculateChangeValue, sisaBayar [0]
[ADMIN] [1/29/2017 18:49] [PENJUALAN] CASHIER FORM : calculateChangeValue, bayarTextBox.Text [50]
[ADMIN] [1/29/2017 18:49] [PENJUALAN] CASHIER FORM : calculateChangeValue, sisaBayar [0]
[ADMIN] [1/29/2017 18:49] [PENJUALAN] CASHIER FORM : calculateChangeValue, bayarTextBox.Text [500]
[ADMIN] [1/29/2017 18:49] [PENJUALAN] CASHIER FORM : calculateChangeValue, sisaBayar [444]
[ADMIN] [1/29/2017 18:49] [PENJUALAN] CASHIER FORM : HOTKEY TO SAVE AND PRINT OUT INVOICE PRESSED
[ADMIN] [1/29/2017 18:49] [PENJUALAN] CASHIER FORM : UNREGISTER HOTKEY
[ADMIN] [1/29/2017 18:49] [PENJUALAN] CASHIER FORM : REGISTER HOTKEY
[ADMIN] [1/29/2017 18:49] [PENJUALAN] ATTEMPT TO SAVE AND PRINT OUT INVOICE
[ADMIN] [1/29/2017 18:49] [PENJUALAN] CASHIER FORM : UNREGISTER HOTKEY
[ADMIN] [1/29/2017 18:49] [PENJUALAN] CASHIER FORM : REGISTER HOTKEY
[ADMIN] [1/29/2017 18:49] [PENJUALAN] CASHIER FORM : UNREGISTER HOTKEY
[ADMIN] [1/29/2017 18:49] [PENJUALAN] CASHIER FORM : ATTEMPT TO SAVE SALES DATA [29-01-2017 18:49]
[ADMIN] [1/29/2017 18:49] [PENJUALAN] CASHIER FORM : SALES DISC FINAL [10]
[ADMIN] [1/29/2017 18:49] [PENJUALAN] CASHIER FORM : CASH SALES
[ADMIN] [1/29/2017 18:49] [PENJUALAN] UPDATE PREVIOUS REV_NO TO VOID [SLO001-4]
[ADMIN] [1/29/2017 18:49] [PENJUALAN] INSERT INTO SALES HEADER [SLO001-4]
[ADMIN] [1/29/2017 18:49] [PENJUALAN] INSERT INTO SALES DETAIL[105, 3, 22]
[ADMIN] [1/29/2017 18:49] [PENJUALAN] INSERT TO CREDIT TABLE [SLO001-4]
[ADMIN] [1/29/2017 18:49] [PENJUALAN] INSERT TO DAILY JOURNAL TABLE [66]
[ADMIN] [1/29/2017 18:49] [PENJUALAN] CASHIER FORM : REGISTER HOTKEY
[ADMIN] [1/29/2017 18:49] [PENJUALAN] TRANSACTION SAVED
[ADMIN] [1/29/2017 18:49] [PENJUALAN] PRINT OUT INVOICE
[ADMIN] [1/29/2017 18:49] [PENJUALAN] CASHIER FORM : PrintReceipt
[ADMIN] [1/29/2017 18:49] [PENJUALAN] CASHIER FORM : PrintReceipt, papermode [0]
[ADMIN] [1/29/2017 18:49] [PENJUALAN] CASHIER FORM : PrintReceipt, display SalesReceiptForm
[ADMIN] [1/29/2017 18:49] [PENJUALAN] CASHIER FORM : UNREGISTER HOTKEY
[ADMIN] [1/29/2017 18:50] [PENJUALAN] CASHIER FORM : REGISTER HOTKEY
[ADMIN] [1/29/2017 18:50] [PENJUALAN] VALIDATE USER CREDIT STATUS
[ADMIN] [1/29/2017 18:50] [PENJUALAN] CASHIER FORM : UNREGISTER HOTKEY
[ADMIN] [1/29/2017 18:50] [PENJUALAN] CASHIER FORM : REGISTER HOTKEY
[ADMIN] [1/29/2017 18:50] [PENJUALAN] CASHIER FORM : UNREGISTER HOTKEY
[ADMIN] [1/29/2017 18:50] [PENJUALAN] CASHIER FORM : UNREGISTER HOTKEY
[ADMIN] [1/29/2017 18:50] [] USER ID = 1LOGOUT
