[] [1/29/2017 18:02] [] USER = ADMIN IS ACTIVE
[ADMIN] [1/29/2017 18:02] [] USER ID = 1 LOGIN SUCCESSFULLY
[ADMIN] [1/29/2017 18:02] [] ACTIVATE USER ACCESS RIGHT
[ADMIN] [1/29/2017 18:02] [] DISPLAY ADMIN FORM
[ADMIN] [1/29/2017 18:02] [] adminForm Load
[ADMIN] [1/29/2017 18:02] [] ACTIVATE USER ACCESS RIGHT
[ADMIN] [1/29/2017 18:04] [PENJUALAN] CASHIER FORM : MULTIPLE CASHIER INSTANCE [1]
[ADMIN] [1/29/2017 18:04] [PENJUALAN] CASHIER FORM : REGISTER HOTKEY
[ADMIN] [1/29/2017 18:04] [PENJUALAN] CASHIER FORM : cashierForm_Load, ATTEMPT TO LOAD NO FAKTUR
[ADMIN] [1/29/2017 18:04] [PENJUALAN] CASHIER FORM : loadNoFaktur, noFakturValue [SLO001]
[ADMIN] [1/29/2017 18:04] [PENJUALAN] CASHIER FORM : cashierForm_Load, ATTEMPT TO addColumnToDataGrid
[ADMIN] [1/29/2017 18:04] [PENJUALAN] CASHIER FORM : calculateTotal
[ADMIN] [1/29/2017 18:04] [PENJUALAN] CASHIER FORM : calculateTotal [0]
[ADMIN] [1/29/2017 18:04] [PENJUALAN] CASHIER FORM : calculateTotal, totalAfterDisc [0]
[ADMIN] [1/29/2017 18:04] [PENJUALAN] CASHIER FORM : calculateChangeValue, bayarTextBox.Text [0]
[ADMIN] [1/29/2017 18:04] [PENJUALAN] CASHIER FORM : calculateChangeValue, sisaBayar [0]
[ADMIN] [1/29/2017 18:04] [PENJUALAN] CASHIER FORM : REGISTER HOTKEY
[ADMIN] [1/29/2017 18:04] [PENJUALAN] CASHIER FORM : UNREGISTER HOTKEY
[ADMIN] [1/29/2017 18:04] [PENJUALAN] CASHIER FORM : UNREGISTER HOTKEY
[ADMIN] [1/29/2017 18:05] [PENJUALAN] CASHIER FORM : REGISTER HOTKEY
[ADMIN] [1/29/2017 18:05] [PENJUALAN] CASHIER FORM : calculateTotal
[ADMIN] [1/29/2017 18:05] [PENJUALAN] CASHIER FORM : calculateTotal [0]
[ADMIN] [1/29/2017 18:05] [PENJUALAN] CASHIER FORM : calculateTotal, totalAfterDisc [0]
[ADMIN] [1/29/2017 18:05] [PENJUALAN] CASHIER FORM : calculateChangeValue, bayarTextBox.Text [0]
[ADMIN] [1/29/2017 18:05] [PENJUALAN] CASHIER FORM : calculateChangeValue, sisaBayar [0]
[ADMIN] [1/29/2017 18:05] [PENJUALAN] CASHIER FORM : REGISTER HOTKEY
[ADMIN] [1/29/2017 18:05] [PENJUALAN] CASHIER FORM : UNREGISTER HOTKEY
[ADMIN] [1/29/2017 18:05] [PENJUALAN] CASHIER FORM : UNREGISTER HOTKEY
[ADMIN] [1/29/2017 18:05] [PENJUALAN] CASHIER FORM : MULTIPLE CASHIER INSTANCE [1]
[ADMIN] [1/29/2017 18:05] [PENJUALAN] CASHIER FORM : REGISTER HOTKEY
[ADMIN] [1/29/2017 18:05] [PENJUALAN] CASHIER FORM : cashierForm_Load, ATTEMPT TO LOAD NO FAKTUR
[ADMIN] [1/29/2017 18:05] [PENJUALAN] CASHIER FORM : loadNoFaktur, noFakturValue [SLO001]
[ADMIN] [1/29/2017 18:05] [PENJUALAN] CASHIER FORM : cashierForm_Load, ATTEMPT TO addColumnToDataGrid
[ADMIN] [1/29/2017 18:05] [PENJUALAN] CASHIER FORM : calculateTotal
[ADMIN] [1/29/2017 18:05] [PENJUALAN] CASHIER FORM : calculateTotal [0]
[ADMIN] [1/29/2017 18:05] [PENJUALAN] CASHIER FORM : calculateTotal, totalAfterDisc [0]
[ADMIN] [1/29/2017 18:05] [PENJUALAN] CASHIER FORM : calculateChangeValue, bayarTextBox.Text [0]
[ADMIN] [1/29/2017 18:05] [PENJUALAN] CASHIER FORM : calculateChangeValue, sisaBayar [0]
[ADMIN] [1/29/2017 18:05] [PENJUALAN] CASHIER FORM : REGISTER HOTKEY
[ADMIN] [1/29/2017 18:07] [PENJUALAN] CASHIER FORM : UNREGISTER HOTKEY
[ADMIN] [1/29/2017 18:12] [PENJUALAN] CASHIER FORM : REGISTER HOTKEY
[ADMIN] [1/29/2017 18:12] [PENJUALAN] CASHIER FORM : HOTKEY TO ADD NEW ROW PRESSED
[ADMIN] [1/29/2017 18:12] [PENJUALAN] CASHIER FORM : ADD NEW ROW,  isActive [True]
[ADMIN] [1/29/2017 18:12] [PENJUALAN] CASHIER FORM : ADD NEW ROW,  ROW COUNT [0]
[ADMIN] [1/29/2017 18:12] [PENJUALAN] CASHIER FORM : ADD NEW ROW,  ALLOW TO ADD [True]
[ADMIN] [1/29/2017 18:12] [PENJUALAN] CASHIER FORM : cashierDataGridView_CellValueChanged [F8]
[ADMIN] [1/29/2017 18:12] [PENJUALAN] CASHIER FORM : cashierDataGridView_CellValueChanged [hpp]
[ADMIN] [1/29/2017 18:12] [PENJUALAN] CASHIER FORM : cashierDataGridView_CellValueChanged [productPrice]
[ADMIN] [1/29/2017 18:12] [PENJUALAN] CASHIER FORM : TextBox_TextChanged, previousInput []
[ADMIN] [1/29/2017 18:12] [PENJUALAN] CASHIER FORM : TextBox_TextChanged, dataGridViewTextBoxEditingControl.Text pass REGEX Checking
[ADMIN] [1/29/2017 18:12] [PENJUALAN] CASHIER FORM : CALCULATE SUBTOTAL
[ADMIN] [1/29/2017 18:12] [PENJUALAN] CASHIER FORM : SUBTOTAL [0]
[ADMIN] [1/29/2017 18:12] [PENJUALAN] CASHIER FORM : TextBox_TextChanged, subtotal value [0]
[ADMIN] [1/29/2017 18:12] [PENJUALAN] CASHIER FORM : TextBox_TextChanged, attempt to calculate total value
[ADMIN] [1/29/2017 18:12] [PENJUALAN] CASHIER FORM : calculateTotal
[ADMIN] [1/29/2017 18:12] [PENJUALAN] CASHIER FORM : calculateTotal [0]
[ADMIN] [1/29/2017 18:12] [PENJUALAN] CASHIER FORM : calculateTotal, totalAfterDisc [0]
[ADMIN] [1/29/2017 18:12] [PENJUALAN] CASHIER FORM : calculateChangeValue, bayarTextBox.Text [0]
[ADMIN] [1/29/2017 18:12] [PENJUALAN] CASHIER FORM : calculateChangeValue, sisaBayar [0]
[ADMIN] [1/29/2017 18:12] [PENJUALAN] CASHIER FORM : cashierDataGridView_CellValueChanged [disc1]
[ADMIN] [1/29/2017 18:12] [PENJUALAN] CASHIER FORM : TextBox_TextChanged, previousInput []
[ADMIN] [1/29/2017 18:12] [PENJUALAN] CASHIER FORM : TextBox_TextChanged, dataGridViewTextBoxEditingControl.Text pass REGEX Checking
[ADMIN] [1/29/2017 18:12] [PENJUALAN] CASHIER FORM : CALCULATE SUBTOTAL
[ADMIN] [1/29/2017 18:12] [PENJUALAN] CASHIER FORM : SUBTOTAL [0]
[ADMIN] [1/29/2017 18:12] [PENJUALAN] CASHIER FORM : TextBox_TextChanged, subtotal value [0]
[ADMIN] [1/29/2017 18:12] [PENJUALAN] CASHIER FORM : TextBox_TextChanged, attempt to calculate total value
[ADMIN] [1/29/2017 18:12] [PENJUALAN] CASHIER FORM : calculateTotal
[ADMIN] [1/29/2017 18:12] [PENJUALAN] CASHIER FORM : calculateTotal [0]
[ADMIN] [1/29/2017 18:12] [PENJUALAN] CASHIER FORM : calculateTotal, totalAfterDisc [0]
[ADMIN] [1/29/2017 18:12] [PENJUALAN] CASHIER FORM : calculateChangeValue, bayarTextBox.Text [0]
[ADMIN] [1/29/2017 18:12] [PENJUALAN] CASHIER FORM : calculateChangeValue, sisaBayar [0]
[ADMIN] [1/29/2017 18:12] [PENJUALAN] CASHIER FORM : cashierDataGridView_CellValueChanged [qty]
[ADMIN] [1/29/2017 18:12] [PENJUALAN] CASHIER FORM : TextBox_TextChanged, previousInput []
[ADMIN] [1/29/2017 18:12] [PENJUALAN] CASHIER FORM : TextBox_TextChanged, dataGridViewTextBoxEditingControl.Text pass REGEX Checking
[ADMIN] [1/29/2017 18:12] [] CHECK STOCK QTY IS ENOUGH []
[ADMIN] [1/29/2017 18:12] [PENJUALAN] CASHIER FORM : CALCULATE SUBTOTAL
[ADMIN] [1/29/2017 18:12] [PENJUALAN] CASHIER FORM : SUBTOTAL [0]
[ADMIN] [1/29/2017 18:12] [PENJUALAN] CASHIER FORM : TextBox_TextChanged, subtotal value [0]
[ADMIN] [1/29/2017 18:12] [PENJUALAN] CASHIER FORM : TextBox_TextChanged, attempt to calculate total value
[ADMIN] [1/29/2017 18:12] [PENJUALAN] CASHIER FORM : calculateTotal
[ADMIN] [1/29/2017 18:12] [PENJUALAN] CASHIER FORM : calculateTotal [0]
[ADMIN] [1/29/2017 18:12] [PENJUALAN] CASHIER FORM : calculateTotal, totalAfterDisc [0]
[ADMIN] [1/29/2017 18:12] [PENJUALAN] CASHIER FORM : calculateChangeValue, bayarTextBox.Text [0]
[ADMIN] [1/29/2017 18:12] [PENJUALAN] CASHIER FORM : calculateChangeValue, sisaBayar [0]
[ADMIN] [1/29/2017 18:12] [PENJUALAN] CASHIER FORM : cashierDataGridView_CellValueChanged [disc2]
[ADMIN] [1/29/2017 18:12] [PENJUALAN] CASHIER FORM : TextBox_TextChanged, previousInput []
[ADMIN] [1/29/2017 18:12] [PENJUALAN] CASHIER FORM : TextBox_TextChanged, dataGridViewTextBoxEditingControl.Text pass REGEX Checking
[ADMIN] [1/29/2017 18:12] [PENJUALAN] CASHIER FORM : CALCULATE SUBTOTAL
[ADMIN] [1/29/2017 18:12] [PENJUALAN] CASHIER FORM : SUBTOTAL [0]
[ADMIN] [1/29/2017 18:12] [PENJUALAN] CASHIER FORM : TextBox_TextChanged, subtotal value [0]
[ADMIN] [1/29/2017 18:12] [PENJUALAN] CASHIER FORM : TextBox_TextChanged, attempt to calculate total value
[ADMIN] [1/29/2017 18:12] [PENJUALAN] CASHIER FORM : calculateTotal
[ADMIN] [1/29/2017 18:12] [PENJUALAN] CASHIER FORM : calculateTotal [0]
[ADMIN] [1/29/2017 18:12] [PENJUALAN] CASHIER FORM : calculateTotal, totalAfterDisc [0]
[ADMIN] [1/29/2017 18:12] [PENJUALAN] CASHIER FORM : calculateChangeValue, bayarTextBox.Text [0]
[ADMIN] [1/29/2017 18:12] [PENJUALAN] CASHIER FORM : calculateChangeValue, sisaBayar [0]
[ADMIN] [1/29/2017 18:12] [PENJUALAN] CASHIER FORM : cashierDataGridView_CellValueChanged [discRP]
[ADMIN] [1/29/2017 18:12] [PENJUALAN] CASHIER FORM : TextBox_TextChanged, previousInput []
[ADMIN] [1/29/2017 18:12] [PENJUALAN] CASHIER FORM : TextBox_TextChanged, dataGridViewTextBoxEditingControl.Text pass REGEX Checking
[ADMIN] [1/29/2017 18:12] [PENJUALAN] CASHIER FORM : CALCULATE SUBTOTAL
[ADMIN] [1/29/2017 18:12] [PENJUALAN] CASHIER FORM : SUBTOTAL [0]
[ADMIN] [1/29/2017 18:12] [PENJUALAN] CASHIER FORM : TextBox_TextChanged, subtotal value [0]
[ADMIN] [1/29/2017 18:12] [PENJUALAN] CASHIER FORM : TextBox_TextChanged, attempt to calculate total value
[ADMIN] [1/29/2017 18:12] [PENJUALAN] CASHIER FORM : calculateTotal
[ADMIN] [1/29/2017 18:12] [PENJUALAN] CASHIER FORM : calculateTotal [0]
[ADMIN] [1/29/2017 18:12] [PENJUALAN] CASHIER FORM : calculateTotal, totalAfterDisc [0]
[ADMIN] [1/29/2017 18:12] [PENJUALAN] CASHIER FORM : calculateChangeValue, bayarTextBox.Text [0]
[ADMIN] [1/29/2017 18:12] [PENJUALAN] CASHIER FORM : calculateChangeValue, sisaBayar [0]
[ADMIN] [1/29/2017 18:12] [PENJUALAN] CASHIER FORM : cashierDataGridView_CellValueChanged [jumlah]
[ADMIN] [1/29/2017 18:12] [PENJUALAN] CASHIER FORM : cashierDataGridView_CellValueChanged [productName]
[ADMIN] [1/29/2017 18:12] [PENJUALAN] CASHIER FORM : cashierDataGridView_CellValueChanged [productName]
[ADMIN] [1/29/2017 18:12] [PENJUALAN] CASHIER FORM : cashierDataGridView_CellValueChanged [productName]
[ADMIN] [1/29/2017 18:12] [PENJUALAN] CASHIER FORM : cashierDataGridView_CellValueChanged [productID]
[ADMIN] [1/29/2017 18:12] [PENJUALAN] CASHIER FORM : PRODUCT PRICE TYPE [PRODUCT_BASE_PRICE]
[ADMIN] [1/29/2017 18:12] [PENJUALAN] CASHIER FORM : PRODUCT PRICE [1]
[ADMIN] [1/29/2017 18:12] [PENJUALAN] CASHIER FORM : ComboBox_SelectedIndexChanged, PRODUCT_BASE_PRICE [1]
[ADMIN] [1/29/2017 18:12] [PENJUALAN] CASHIER FORM : cashierDataGridView_CellValueChanged [hpp]
[ADMIN] [1/29/2017 18:12] [PENJUALAN] CASHIER FORM : PRODUCT PRICE TYPE [PRODUCT_RETAIL_PRICE]
[ADMIN] [1/29/2017 18:12] [PENJUALAN] CASHIER FORM : PRODUCT PRICE [1]
[ADMIN] [1/29/2017 18:12] [PENJUALAN] CASHIER FORM : ComboBox_SelectedIndexChanged, PRODUCT_SALES_PRICE [1]
[ADMIN] [1/29/2017 18:12] [PENJUALAN] CASHIER FORM : cashierDataGridView_CellValueChanged [productPrice]
[ADMIN] [1/29/2017 18:12] [PENJUALAN] CASHIER FORM : TextBox_TextChanged, previousInput []
[ADMIN] [1/29/2017 18:12] [PENJUALAN] CASHIER FORM : TextBox_TextChanged, dataGridViewTextBoxEditingControl.Text pass REGEX Checking
[ADMIN] [1/29/2017 18:12] [PENJUALAN] CASHIER FORM : CALCULATE SUBTOTAL
[ADMIN] [1/29/2017 18:12] [PENJUALAN] CASHIER FORM : SUBTOTAL [0]
[ADMIN] [1/29/2017 18:12] [PENJUALAN] CASHIER FORM : TextBox_TextChanged, subtotal value [0]
[ADMIN] [1/29/2017 18:12] [PENJUALAN] CASHIER FORM : TextBox_TextChanged, attempt to calculate total value
[ADMIN] [1/29/2017 18:12] [PENJUALAN] CASHIER FORM : calculateTotal
[ADMIN] [1/29/2017 18:12] [PENJUALAN] CASHIER FORM : calculateTotal [0]
[ADMIN] [1/29/2017 18:12] [PENJUALAN] CASHIER FORM : calculateTotal, totalAfterDisc [0]
[ADMIN] [1/29/2017 18:12] [PENJUALAN] CASHIER FORM : calculateChangeValue, bayarTextBox.Text [0]
[ADMIN] [1/29/2017 18:12] [PENJUALAN] CASHIER FORM : calculateChangeValue, sisaBayar [0]
[ADMIN] [1/29/2017 18:12] [PENJUALAN] CASHIER FORM : cashierDataGridView_CellValueChanged [qty]
[ADMIN] [1/29/2017 18:12] [PENJUALAN] CASHIER FORM : TextBox_TextChanged, previousInput []
[ADMIN] [1/29/2017 18:12] [PENJUALAN] CASHIER FORM : TextBox_TextChanged, dataGridViewTextBoxEditingControl.Text pass REGEX Checking
[ADMIN] [1/29/2017 18:12] [] CHECK STOCK QTY IS ENOUGH [106]
[ADMIN] [1/29/2017 18:12] [] CHECK STOCK QTY IS ENOUGH [30, 0]
[ADMIN] [1/29/2017 18:12] [PENJUALAN] CASHIER FORM : CALCULATE SUBTOTAL
[ADMIN] [1/29/2017 18:12] [PENJUALAN] CASHIER FORM : SUBTOTAL [0]
[ADMIN] [1/29/2017 18:12] [PENJUALAN] CASHIER FORM : TextBox_TextChanged, subtotal value [0]
[ADMIN] [1/29/2017 18:12] [PENJUALAN] CASHIER FORM : TextBox_TextChanged, attempt to calculate total value
[ADMIN] [1/29/2017 18:12] [PENJUALAN] CASHIER FORM : calculateTotal
[ADMIN] [1/29/2017 18:12] [PENJUALAN] CASHIER FORM : calculateTotal [0]
[ADMIN] [1/29/2017 18:12] [PENJUALAN] CASHIER FORM : calculateTotal, totalAfterDisc [0]
[ADMIN] [1/29/2017 18:12] [PENJUALAN] CASHIER FORM : calculateChangeValue, bayarTextBox.Text [0]
[ADMIN] [1/29/2017 18:12] [PENJUALAN] CASHIER FORM : calculateChangeValue, sisaBayar [0]
[ADMIN] [1/29/2017 18:12] [PENJUALAN] CASHIER FORM : cashierDataGridView_CellValueChanged [jumlah]
[ADMIN] [1/29/2017 18:12] [PENJUALAN] CASHIER FORM : ComboBox_SelectedIndexChanged, attempt to calculate total
[ADMIN] [1/29/2017 18:12] [PENJUALAN] CASHIER FORM : calculateTotal
[ADMIN] [1/29/2017 18:12] [PENJUALAN] CASHIER FORM : calculateTotal [0]
[ADMIN] [1/29/2017 18:12] [PENJUALAN] CASHIER FORM : calculateTotal, totalAfterDisc [0]
[ADMIN] [1/29/2017 18:12] [PENJUALAN] CASHIER FORM : calculateChangeValue, bayarTextBox.Text [0]
[ADMIN] [1/29/2017 18:12] [PENJUALAN] CASHIER FORM : calculateChangeValue, sisaBayar [0]
[ADMIN] [1/29/2017 18:12] [PENJUALAN] CASHIER FORM : cashierDataGridView_CellValueChanged [productName]
[ADMIN] [1/29/2017 18:12] [PENJUALAN] CASHIER FORM : cashierDataGridView_CellValueChanged [productName]
[ADMIN] [1/29/2017 18:12] [PENJUALAN] CASHIER FORM : cashierDataGridView_CellValueChanged [productID]
[ADMIN] [1/29/2017 18:12] [PENJUALAN] CASHIER FORM : PRODUCT PRICE TYPE [PRODUCT_BASE_PRICE]
[ADMIN] [1/29/2017 18:12] [PENJUALAN] CASHIER FORM : PRODUCT PRICE [11]
[ADMIN] [1/29/2017 18:12] [PENJUALAN] CASHIER FORM : ComboBox_SelectedIndexChanged, PRODUCT_BASE_PRICE [11]
[ADMIN] [1/29/2017 18:12] [PENJUALAN] CASHIER FORM : cashierDataGridView_CellValueChanged [hpp]
[ADMIN] [1/29/2017 18:12] [PENJUALAN] CASHIER FORM : PRODUCT PRICE TYPE [PRODUCT_RETAIL_PRICE]
[ADMIN] [1/29/2017 18:12] [PENJUALAN] CASHIER FORM : PRODUCT PRICE [11]
[ADMIN] [1/29/2017 18:12] [PENJUALAN] CASHIER FORM : ComboBox_SelectedIndexChanged, PRODUCT_SALES_PRICE [11]
[ADMIN] [1/29/2017 18:12] [PENJUALAN] CASHIER FORM : cashierDataGridView_CellValueChanged [productPrice]
[ADMIN] [1/29/2017 18:12] [PENJUALAN] CASHIER FORM : TextBox_TextChanged, previousInput []
[ADMIN] [1/29/2017 18:12] [PENJUALAN] CASHIER FORM : TextBox_TextChanged, dataGridViewTextBoxEditingControl.Text pass REGEX Checking
[ADMIN] [1/29/2017 18:12] [PENJUALAN] CASHIER FORM : CALCULATE SUBTOTAL
[ADMIN] [1/29/2017 18:12] [PENJUALAN] CASHIER FORM : SUBTOTAL [0]
[ADMIN] [1/29/2017 18:12] [PENJUALAN] CASHIER FORM : TextBox_TextChanged, subtotal value [0]
[ADMIN] [1/29/2017 18:12] [PENJUALAN] CASHIER FORM : TextBox_TextChanged, attempt to calculate total value
[ADMIN] [1/29/2017 18:12] [PENJUALAN] CASHIER FORM : calculateTotal
[ADMIN] [1/29/2017 18:12] [PENJUALAN] CASHIER FORM : calculateTotal [0]
[ADMIN] [1/29/2017 18:12] [PENJUALAN] CASHIER FORM : calculateTotal, totalAfterDisc [0]
[ADMIN] [1/29/2017 18:12] [PENJUALAN] CASHIER FORM : calculateChangeValue, bayarTextBox.Text [0]
[ADMIN] [1/29/2017 18:12] [PENJUALAN] CASHIER FORM : calculateChangeValue, sisaBayar [0]
[ADMIN] [1/29/2017 18:12] [PENJUALAN] CASHIER FORM : cashierDataGridView_CellValueChanged [jumlah]
[ADMIN] [1/29/2017 18:12] [PENJUALAN] CASHIER FORM : ComboBox_SelectedIndexChanged, attempt to calculate total
[ADMIN] [1/29/2017 18:12] [PENJUALAN] CASHIER FORM : calculateTotal
[ADMIN] [1/29/2017 18:12] [PENJUALAN] CASHIER FORM : calculateTotal [0]
[ADMIN] [1/29/2017 18:12] [PENJUALAN] CASHIER FORM : calculateTotal, totalAfterDisc [0]
[ADMIN] [1/29/2017 18:12] [PENJUALAN] CASHIER FORM : calculateChangeValue, bayarTextBox.Text [0]
[ADMIN] [1/29/2017 18:12] [PENJUALAN] CASHIER FORM : calculateChangeValue, sisaBayar [0]
[ADMIN] [1/29/2017 18:12] [PENJUALAN] CASHIER FORM : cashierDataGridView_CellValueChanged [qty]
[ADMIN] [1/29/2017 18:12] [PENJUALAN] CASHIER FORM : TextBox_TextChanged, previousInput []
[ADMIN] [1/29/2017 18:12] [PENJUALAN] CASHIER FORM : TextBox_TextChanged, dataGridViewTextBoxEditingControl.Text pass REGEX Checking
[ADMIN] [1/29/2017 18:12] [] CHECK STOCK QTY IS ENOUGH [105]
[ADMIN] [1/29/2017 18:12] [] CHECK STOCK QTY IS ENOUGH [43, 2]
[ADMIN] [1/29/2017 18:12] [PENJUALAN] CASHIER FORM : CALCULATE SUBTOTAL
[ADMIN] [1/29/2017 18:12] [PENJUALAN] CASHIER FORM : SUBTOTAL [22]
[ADMIN] [1/29/2017 18:12] [PENJUALAN] CASHIER FORM : TextBox_TextChanged, subtotal value [22]
[ADMIN] [1/29/2017 18:12] [PENJUALAN] CASHIER FORM : TextBox_TextChanged, attempt to calculate total value
[ADMIN] [1/29/2017 18:12] [PENJUALAN] CASHIER FORM : calculateTotal
[ADMIN] [1/29/2017 18:12] [PENJUALAN] CASHIER FORM : calculateTotal [22]
[ADMIN] [1/29/2017 18:12] [PENJUALAN] CASHIER FORM : calculateTotal, totalAfterDisc [22]
[ADMIN] [1/29/2017 18:12] [PENJUALAN] CASHIER FORM : calculateChangeValue, bayarTextBox.Text [0]
[ADMIN] [1/29/2017 18:12] [PENJUALAN] CASHIER FORM : calculateChangeValue, sisaBayar [0]
[ADMIN] [1/29/2017 18:12] [PENJUALAN] CASHIER FORM : cashierDataGridView_CellValueChanged [qty]
[ADMIN] [1/29/2017 18:12] [PENJUALAN] CASHIER FORM : TextBox_TextChanged, previousInput []
[ADMIN] [1/29/2017 18:12] [PENJUALAN] CASHIER FORM : TextBox_TextChanged, dataGridViewTextBoxEditingControl.Text pass REGEX Checking
[ADMIN] [1/29/2017 18:12] [] CHECK STOCK QTY IS ENOUGH [105]
[ADMIN] [1/29/2017 18:12] [] CHECK STOCK QTY IS ENOUGH [43, 22]
[ADMIN] [1/29/2017 18:12] [PENJUALAN] CASHIER FORM : CALCULATE SUBTOTAL
[ADMIN] [1/29/2017 18:12] [PENJUALAN] CASHIER FORM : SUBTOTAL [242]
[ADMIN] [1/29/2017 18:12] [PENJUALAN] CASHIER FORM : TextBox_TextChanged, subtotal value [242]
[ADMIN] [1/29/2017 18:12] [PENJUALAN] CASHIER FORM : TextBox_TextChanged, attempt to calculate total value
[ADMIN] [1/29/2017 18:12] [PENJUALAN] CASHIER FORM : calculateTotal
[ADMIN] [1/29/2017 18:12] [PENJUALAN] CASHIER FORM : calculateTotal [242]
[ADMIN] [1/29/2017 18:12] [PENJUALAN] CASHIER FORM : calculateTotal, totalAfterDisc [242]
[ADMIN] [1/29/2017 18:12] [PENJUALAN] CASHIER FORM : calculateChangeValue, bayarTextBox.Text [0]
[ADMIN] [1/29/2017 18:12] [PENJUALAN] CASHIER FORM : calculateChangeValue, sisaBayar [0]
[ADMIN] [1/29/2017 18:12] [PENJUALAN] CASHIER FORM : cashierDataGridView_CellValueChanged [qty]
[ADMIN] [1/29/2017 18:12] [PENJUALAN] CASHIER FORM : TextBox_TextChanged, previousInput []
[ADMIN] [1/29/2017 18:12] [PENJUALAN] CASHIER FORM : TextBox_TextChanged, dataGridViewTextBoxEditingControl.Text did not pass REGEX Checking
[ADMIN] [1/29/2017 18:12] [PENJUALAN] CASHIER FORM : calculateChangeValue, bayarTextBox.Text [2]
[ADMIN] [1/29/2017 18:12] [PENJUALAN] CASHIER FORM : calculateChangeValue, sisaBayar [0]
[ADMIN] [1/29/2017 18:12] [PENJUALAN] CASHIER FORM : calculateChangeValue, bayarTextBox.Text [24]
[ADMIN] [1/29/2017 18:12] [PENJUALAN] CASHIER FORM : calculateChangeValue, sisaBayar [0]
[ADMIN] [1/29/2017 18:12] [PENJUALAN] CASHIER FORM : calculateChangeValue, bayarTextBox.Text [242]
[ADMIN] [1/29/2017 18:12] [PENJUALAN] CASHIER FORM : calculateChangeValue, sisaBayar [0]
[ADMIN] [1/29/2017 18:12] [PENJUALAN] CASHIER FORM : calculateChangeValue, bayarTextBox.Text [2420]
[ADMIN] [1/29/2017 18:12] [PENJUALAN] CASHIER FORM : calculateChangeValue, sisaBayar [0]
[ADMIN] [1/29/2017 18:12] [PENJUALAN] CASHIER FORM : calculateChangeValue, bayarTextBox.Text [24200]
[ADMIN] [1/29/2017 18:12] [PENJUALAN] CASHIER FORM : calculateChangeValue, sisaBayar [0]
[ADMIN] [1/29/2017 18:12] [PENJUALAN] CASHIER FORM : calculateChangeValue, bayarTextBox.Text [2420]
[ADMIN] [1/29/2017 18:12] [PENJUALAN] CASHIER FORM : calculateChangeValue, sisaBayar [0]
[ADMIN] [1/29/2017 18:12] [PENJUALAN] CASHIER FORM : calculateChangeValue, bayarTextBox.Text [242]
[ADMIN] [1/29/2017 18:12] [PENJUALAN] CASHIER FORM : calculateChangeValue, sisaBayar [0]
[ADMIN] [1/29/2017 18:12] [PENJUALAN] CASHIER FORM : calculateChangeValue, bayarTextBox.Text [24]
[ADMIN] [1/29/2017 18:12] [PENJUALAN] CASHIER FORM : calculateChangeValue, sisaBayar [0]
[ADMIN] [1/29/2017 18:12] [PENJUALAN] CASHIER FORM : calculateChangeValue, bayarTextBox.Text [2]
[ADMIN] [1/29/2017 18:12] [PENJUALAN] CASHIER FORM : calculateChangeValue, sisaBayar [0]
[ADMIN] [1/29/2017 18:13] [PENJUALAN] CASHIER FORM : calculateChangeValue, bayarTextBox.Text [2]
[ADMIN] [1/29/2017 18:13] [PENJUALAN] CASHIER FORM : calculateChangeValue, sisaBayar [0]
[ADMIN] [1/29/2017 18:13] [PENJUALAN] CASHIER FORM : calculateChangeValue, bayarTextBox.Text [24]
[ADMIN] [1/29/2017 18:13] [PENJUALAN] CASHIER FORM : calculateChangeValue, sisaBayar [0]
[ADMIN] [1/29/2017 18:13] [PENJUALAN] CASHIER FORM : calculateChangeValue, bayarTextBox.Text [242]
[ADMIN] [1/29/2017 18:13] [PENJUALAN] CASHIER FORM : calculateChangeValue, sisaBayar [0]
[ADMIN] [1/29/2017 18:13] [PENJUALAN] CASHIER FORM : calculateChangeValue, bayarTextBox.Text [24200]
[ADMIN] [1/29/2017 18:13] [PENJUALAN] CASHIER FORM : calculateChangeValue, sisaBayar [0]
[ADMIN] [1/29/2017 18:13] [PENJUALAN] CASHIER FORM : calculateChangeValue, bayarTextBox.Text [242]
[ADMIN] [1/29/2017 18:13] [PENJUALAN] CASHIER FORM : calculateChangeValue, sisaBayar [0]
[ADMIN] [1/29/2017 18:13] [PENJUALAN] CASHIER FORM : calculateChangeValue, bayarTextBox.Text [2]
[ADMIN] [1/29/2017 18:13] [PENJUALAN] CASHIER FORM : calculateChangeValue, sisaBayar [0]
[ADMIN] [1/29/2017 18:13] [PENJUALAN] CASHIER FORM : calculateChangeValue, bayarTextBox.Text [25]
[ADMIN] [1/29/2017 18:13] [PENJUALAN] CASHIER FORM : calculateChangeValue, sisaBayar [0]
[ADMIN] [1/29/2017 18:13] [PENJUALAN] CASHIER FORM : calculateChangeValue, bayarTextBox.Text [250]
[ADMIN] [1/29/2017 18:13] [PENJUALAN] CASHIER FORM : calculateChangeValue, sisaBayar [0]
[ADMIN] [1/29/2017 18:13] [PENJUALAN] CASHIER FORM : calculateChangeValue, bayarTextBox.Text [2500]
[ADMIN] [1/29/2017 18:13] [PENJUALAN] CASHIER FORM : calculateChangeValue, sisaBayar [0]
[ADMIN] [1/29/2017 18:13] [PENJUALAN] CASHIER FORM : calculateChangeValue, bayarTextBox.Text [25000]
[ADMIN] [1/29/2017 18:13] [PENJUALAN] CASHIER FORM : calculateChangeValue, sisaBayar [0]
[ADMIN] [1/29/2017 18:13] [PENJUALAN] CASHIER FORM : calculateChangeValue, bayarTextBox.Text [250000]
[ADMIN] [1/29/2017 18:13] [PENJUALAN] CASHIER FORM : calculateChangeValue, sisaBayar [0]
[ADMIN] [1/29/2017 18:13] [PENJUALAN] CASHIER FORM : calculateChangeValue, bayarTextBox.Text [2500000]
[ADMIN] [1/29/2017 18:13] [PENJUALAN] CASHIER FORM : calculateChangeValue, sisaBayar [0]
[ADMIN] [1/29/2017 18:13] [PENJUALAN] CASHIER FORM : calculateChangeValue, bayarTextBox.Text [250000000]
[ADMIN] [1/29/2017 18:13] [PENJUALAN] CASHIER FORM : calculateChangeValue, sisaBayar [2499758]
[ADMIN] [1/29/2017 18:13] [PENJUALAN] CASHIER FORM : calculateChangeValue, bayarTextBox.Text [2500000]
[ADMIN] [1/29/2017 18:13] [PENJUALAN] CASHIER FORM : calculateChangeValue, sisaBayar [2499758]
[ADMIN] [1/29/2017 18:13] [PENJUALAN] CASHIER FORM : calculateChangeValue, bayarTextBox.Text [5]
[ADMIN] [1/29/2017 18:13] [PENJUALAN] CASHIER FORM : calculateChangeValue, sisaBayar [2499758]
[ADMIN] [1/29/2017 18:13] [PENJUALAN] CASHIER FORM : calculateChangeValue, bayarTextBox.Text [50]
[ADMIN] [1/29/2017 18:13] [PENJUALAN] CASHIER FORM : calculateChangeValue, sisaBayar [2499758]
[ADMIN] [1/29/2017 18:13] [PENJUALAN] CASHIER FORM : calculateChangeValue, bayarTextBox.Text [500]
[ADMIN] [1/29/2017 18:13] [PENJUALAN] CASHIER FORM : calculateChangeValue, sisaBayar [2499758]
[ADMIN] [1/29/2017 18:13] [PENJUALAN] CASHIER FORM : calculateChangeValue, bayarTextBox.Text [50000]
[ADMIN] [1/29/2017 18:13] [PENJUALAN] CASHIER FORM : calculateChangeValue, sisaBayar [258]
[ADMIN] [1/29/2017 18:13] [PENJUALAN] CASHIER FORM : calculateChangeValue, bayarTextBox.Text [500]
[ADMIN] [1/29/2017 18:13] [PENJUALAN] CASHIER FORM : calculateChangeValue, sisaBayar [258]
[ADMIN] [1/29/2017 18:13] [PENJUALAN] CASHIER FORM : calculateChangeValue, bayarTextBox.Text [50000]
[ADMIN] [1/29/2017 18:13] [PENJUALAN] CASHIER FORM : calculateChangeValue, sisaBayar [258]
[ADMIN] [1/29/2017 18:13] [PENJUALAN] CASHIER FORM : discJualMaskedTextBox_Validating, totalAfterDisc [242]
[ADMIN] [1/29/2017 18:13] [PENJUALAN] CASHIER FORM : calculateChangeValue, bayarTextBox.Text [500]
[ADMIN] [1/29/2017 18:13] [PENJUALAN] CASHIER FORM : calculateChangeValue, sisaBayar [258]
[ADMIN] [1/29/2017 18:13] [PENJUALAN] CASHIER FORM : calculateChangeValue, bayarTextBox.Text [2]
[ADMIN] [1/29/2017 18:13] [PENJUALAN] CASHIER FORM : calculateChangeValue, sisaBayar [258]
[ADMIN] [1/29/2017 18:13] [PENJUALAN] CASHIER FORM : calculateChangeValue, bayarTextBox.Text [24]
[ADMIN] [1/29/2017 18:13] [PENJUALAN] CASHIER FORM : calculateChangeValue, sisaBayar [258]
[ADMIN] [1/29/2017 18:13] [PENJUALAN] CASHIER FORM : calculateChangeValue, bayarTextBox.Text [242]
[ADMIN] [1/29/2017 18:13] [PENJUALAN] CASHIER FORM : calculateChangeValue, sisaBayar [258]
[ADMIN] [1/29/2017 18:13] [PENJUALAN] CASHIER FORM : calculateChangeValue, bayarTextBox.Text [24200]
[ADMIN] [1/29/2017 18:13] [PENJUALAN] CASHIER FORM : calculateChangeValue, sisaBayar [0]
[ADMIN] [1/29/2017 18:13] [PENJUALAN] CASHIER FORM : discJualMaskedTextBox_Validating, totalAfterDisc [242]
[ADMIN] [1/29/2017 18:13] [PENJUALAN] CASHIER FORM : calculateChangeValue, bayarTextBox.Text [242]
[ADMIN] [1/29/2017 18:13] [PENJUALAN] CASHIER FORM : calculateChangeValue, sisaBayar [0]
[ADMIN] [1/29/2017 18:13] [PENJUALAN] CASHIER FORM : calculateChangeValue, bayarTextBox.Text [2]
[ADMIN] [1/29/2017 18:13] [PENJUALAN] CASHIER FORM : calculateChangeValue, sisaBayar [0]
[ADMIN] [1/29/2017 18:13] [PENJUALAN] CASHIER FORM : calculateChangeValue, bayarTextBox.Text [24]
[ADMIN] [1/29/2017 18:13] [PENJUALAN] CASHIER FORM : calculateChangeValue, sisaBayar [0]
[ADMIN] [1/29/2017 18:13] [PENJUALAN] CASHIER FORM : calculateChangeValue, bayarTextBox.Text [242]
[ADMIN] [1/29/2017 18:13] [PENJUALAN] CASHIER FORM : calculateChangeValue, sisaBayar [0]
[ADMIN] [1/29/2017 18:13] [PENJUALAN] CASHIER FORM : calculateChangeValue, bayarTextBox.Text [24200]
[ADMIN] [1/29/2017 18:13] [PENJUALAN] CASHIER FORM : calculateChangeValue, sisaBayar [0]
[ADMIN] [1/29/2017 18:13] [PENJUALAN] CASHIER FORM : calculateChangeValue, bayarTextBox.Text [242]
[ADMIN] [1/29/2017 18:13] [PENJUALAN] CASHIER FORM : calculateChangeValue, sisaBayar [0]
[ADMIN] [1/29/2017 18:13] [PENJUALAN] CASHIER FORM : calculateChangeValue, bayarTextBox.Text [24200]
[ADMIN] [1/29/2017 18:13] [PENJUALAN] CASHIER FORM : calculateChangeValue, sisaBayar [0]
[ADMIN] [1/29/2017 18:13] [PENJUALAN] CASHIER FORM : discJualMaskedTextBox_Validating, totalAfterDisc [232]
[ADMIN] [1/29/2017 18:13] [PENJUALAN] CASHIER FORM : calculateChangeValue, bayarTextBox.Text [242]
[ADMIN] [1/29/2017 18:13] [PENJUALAN] CASHIER FORM : calculateChangeValue, sisaBayar [10]
[ADMIN] [1/29/2017 18:13] [PENJUALAN] CASHIER FORM : calculateChangeValue, bayarTextBox.Text [2]
[ADMIN] [1/29/2017 18:13] [PENJUALAN] CASHIER FORM : calculateChangeValue, sisaBayar [10]
[ADMIN] [1/29/2017 18:13] [PENJUALAN] CASHIER FORM : calculateChangeValue, bayarTextBox.Text [24]
[ADMIN] [1/29/2017 18:13] [PENJUALAN] CASHIER FORM : calculateChangeValue, sisaBayar [10]
[ADMIN] [1/29/2017 18:13] [PENJUALAN] CASHIER FORM : calculateChangeValue, bayarTextBox.Text [242]
[ADMIN] [1/29/2017 18:13] [PENJUALAN] CASHIER FORM : calculateChangeValue, sisaBayar [10]
[ADMIN] [1/29/2017 18:13] [PENJUALAN] CASHIER FORM : calculateChangeValue, bayarTextBox.Text [24200]
[ADMIN] [1/29/2017 18:13] [PENJUALAN] CASHIER FORM : calculateChangeValue, sisaBayar [10]
[ADMIN] [1/29/2017 18:13] [PENJUALAN] CASHIER FORM : HOTKEY TO SAVE AND PRINT OUT INVOICE PRESSED
[ADMIN] [1/29/2017 18:13] [PENJUALAN] CASHIER FORM : UNREGISTER HOTKEY
[ADMIN] [1/29/2017 18:14] [PENJUALAN] CASHIER FORM : REGISTER HOTKEY
[ADMIN] [1/29/2017 18:14] [PENJUALAN] ATTEMPT TO SAVE AND PRINT OUT INVOICE
[ADMIN] [1/29/2017 18:14] [PENJUALAN] CASHIER FORM : cashierDataGridView_CellValueChanged [qty]
[ADMIN] [1/29/2017 18:14] [PENJUALAN] CASHIER FORM : TextBox_TextChanged, previousInput []
[ADMIN] [1/29/2017 18:14] [PENJUALAN] CASHIER FORM : TextBox_TextChanged, dataGridViewTextBoxEditingControl.Text pass REGEX Checking
[ADMIN] [1/29/2017 18:14] [] CHECK STOCK QTY IS ENOUGH [105]
[ADMIN] [1/29/2017 18:14] [] CHECK STOCK QTY IS ENOUGH [43, 2]
[ADMIN] [1/29/2017 18:14] [PENJUALAN] CASHIER FORM : CALCULATE SUBTOTAL
[ADMIN] [1/29/2017 18:14] [PENJUALAN] CASHIER FORM : SUBTOTAL [22]
[ADMIN] [1/29/2017 18:14] [PENJUALAN] CASHIER FORM : TextBox_TextChanged, subtotal value [22]
[ADMIN] [1/29/2017 18:14] [PENJUALAN] CASHIER FORM : TextBox_TextChanged, attempt to calculate total value
[ADMIN] [1/29/2017 18:14] [PENJUALAN] CASHIER FORM : calculateTotal
[ADMIN] [1/29/2017 18:14] [PENJUALAN] CASHIER FORM : calculateTotal [22]
[ADMIN] [1/29/2017 18:14] [PENJUALAN] CASHIER FORM : calculateTotal, totalAfterDisc [12]
[ADMIN] [1/29/2017 18:14] [PENJUALAN] CASHIER FORM : calculateChangeValue, bayarTextBox.Text [24200]
[ADMIN] [1/29/2017 18:14] [PENJUALAN] CASHIER FORM : calculateChangeValue, sisaBayar [230]
[ADMIN] [1/29/2017 18:14] [PENJUALAN] CASHIER FORM : cashierDataGridView_CellValueChanged [qty]
[ADMIN] [1/29/2017 18:14] [PENJUALAN] CASHIER FORM : TextBox_TextChanged, previousInput []
[ADMIN] [1/29/2017 18:14] [PENJUALAN] CASHIER FORM : TextBox_TextChanged, dataGridViewTextBoxEditingControl.Text pass REGEX Checking
[ADMIN] [1/29/2017 18:14] [] CHECK STOCK QTY IS ENOUGH [105]
[ADMIN] [1/29/2017 18:14] [] CHECK STOCK QTY IS ENOUGH [43, 22]
[ADMIN] [1/29/2017 18:14] [PENJUALAN] CASHIER FORM : CALCULATE SUBTOTAL
[ADMIN] [1/29/2017 18:14] [PENJUALAN] CASHIER FORM : SUBTOTAL [242]
[ADMIN] [1/29/2017 18:14] [PENJUALAN] CASHIER FORM : TextBox_TextChanged, subtotal value [242]
[ADMIN] [1/29/2017 18:14] [PENJUALAN] CASHIER FORM : TextBox_TextChanged, attempt to calculate total value
[ADMIN] [1/29/2017 18:14] [PENJUALAN] CASHIER FORM : calculateTotal
[ADMIN] [1/29/2017 18:14] [PENJUALAN] CASHIER FORM : calculateTotal [242]
[ADMIN] [1/29/2017 18:14] [PENJUALAN] CASHIER FORM : calculateTotal, totalAfterDisc [232]
[ADMIN] [1/29/2017 18:14] [PENJUALAN] CASHIER FORM : calculateChangeValue, bayarTextBox.Text [24200]
[ADMIN] [1/29/2017 18:14] [PENJUALAN] CASHIER FORM : calculateChangeValue, sisaBayar [10]
[ADMIN] [1/29/2017 18:14] [PENJUALAN] CASHIER FORM : calculateChangeValue, bayarTextBox.Text [242]
[ADMIN] [1/29/2017 18:14] [PENJUALAN] CASHIER FORM : calculateChangeValue, sisaBayar [10]
[ADMIN] [1/29/2017 18:14] [PENJUALAN] CASHIER FORM : calculateChangeValue, bayarTextBox.Text [1]
[ADMIN] [1/29/2017 18:14] [PENJUALAN] CASHIER FORM : calculateChangeValue, sisaBayar [10]
[ADMIN] [1/29/2017 18:14] [PENJUALAN] CASHIER FORM : calculateChangeValue, bayarTextBox.Text [10]
[ADMIN] [1/29/2017 18:14] [PENJUALAN] CASHIER FORM : calculateChangeValue, sisaBayar [10]
[ADMIN] [1/29/2017 18:14] [PENJUALAN] CASHIER FORM : calculateChangeValue, bayarTextBox.Text [100]
[ADMIN] [1/29/2017 18:14] [PENJUALAN] CASHIER FORM : calculateChangeValue, sisaBayar [10]
[ADMIN] [1/29/2017 18:14] [PENJUALAN] CASHIER FORM : calculateChangeValue, bayarTextBox.Text [10000]
[ADMIN] [1/29/2017 18:14] [PENJUALAN] CASHIER FORM : calculateChangeValue, sisaBayar [0]
[ADMIN] [1/29/2017 18:14] [PENJUALAN] CASHIER FORM : HOTKEY TO SAVE AND PRINT OUT INVOICE PRESSED
[ADMIN] [1/29/2017 18:14] [PENJUALAN] CASHIER FORM : UNREGISTER HOTKEY
[ADMIN] [1/29/2017 18:14] [PENJUALAN] CASHIER FORM : REGISTER HOTKEY
[ADMIN] [1/29/2017 18:14] [PENJUALAN] ATTEMPT TO SAVE AND PRINT OUT INVOICE
[ADMIN] [1/29/2017 18:14] [PENJUALAN] CASHIER FORM : UNREGISTER HOTKEY
[ADMIN] [1/29/2017 18:14] [PENJUALAN] CASHIER FORM : REGISTER HOTKEY
[ADMIN] [1/29/2017 18:14] [PENJUALAN] CASHIER FORM : calculateChangeValue, bayarTextBox.Text [100]
[ADMIN] [1/29/2017 18:14] [PENJUALAN] CASHIER FORM : calculateChangeValue, sisaBayar [0]
[ADMIN] [1/29/2017 18:14] [PENJUALAN] CASHIER FORM : calculateChangeValue, bayarTextBox.Text [2]
[ADMIN] [1/29/2017 18:14] [PENJUALAN] CASHIER FORM : calculateChangeValue, sisaBayar [0]
[ADMIN] [1/29/2017 18:14] [PENJUALAN] CASHIER FORM : calculateChangeValue, bayarTextBox.Text [24]
[ADMIN] [1/29/2017 18:14] [PENJUALAN] CASHIER FORM : calculateChangeValue, sisaBayar [0]
[ADMIN] [1/29/2017 18:14] [PENJUALAN] CASHIER FORM : calculateChangeValue, bayarTextBox.Text [242]
[ADMIN] [1/29/2017 18:14] [PENJUALAN] CASHIER FORM : calculateChangeValue, sisaBayar [0]
[ADMIN] [1/29/2017 18:14] [PENJUALAN] CASHIER FORM : calculateChangeValue, bayarTextBox.Text [24200]
[ADMIN] [1/29/2017 18:14] [PENJUALAN] CASHIER FORM : calculateChangeValue, sisaBayar [10]
[ADMIN] [1/29/2017 18:14] [PENJUALAN] CASHIER FORM : HOTKEY TO SAVE AND PRINT OUT INVOICE PRESSED
[ADMIN] [1/29/2017 18:14] [PENJUALAN] CASHIER FORM : UNREGISTER HOTKEY
[ADMIN] [1/29/2017 18:14] [PENJUALAN] CASHIER FORM : REGISTER HOTKEY
[ADMIN] [1/29/2017 18:14] [PENJUALAN] ATTEMPT TO SAVE AND PRINT OUT INVOICE
[ADMIN] [1/29/2017 18:14] [PENJUALAN] CASHIER FORM : UNREGISTER HOTKEY
[ADMIN] [1/29/2017 18:14] [PENJUALAN] CASHIER FORM : REGISTER HOTKEY
[ADMIN] [1/29/2017 18:14] [PENJUALAN] CASHIER FORM : UNREGISTER HOTKEY
[ADMIN] [1/29/2017 18:14] [PENJUALAN] CASHIER FORM : ATTEMPT TO SAVE SALES DATA [29-01-2017 18:14]
[ADMIN] [1/29/2017 18:14] [PENJUALAN] CASHIER FORM : SALES DISC FINAL [10]
[ADMIN] [1/29/2017 18:14] [PENJUALAN] CASHIER FORM : CASH SALES
[ADMIN] [1/29/2017 18:14] [PENJUALAN] CHECK IF TAX LIMIT SET FOR PERCENTAGE PURCHASE [0]
[ADMIN] [1/29/2017 18:14] [PENJUALAN] CHECK IF TAX LIMIT SET FOR AVERAGE DAILY PURCHASE [0]
[ADMIN] [1/29/2017 18:14] [PENJUALAN] CASHIER FORM : NO FAKTUR [SLO001]
[ADMIN] [1/29/2017 18:14] [PENJUALAN] CASHIER FORM : MAX SALES INVOICE [3]
[ADMIN] [1/29/2017 18:14] [PENJUALAN] CASHIER FORM : SALES INVOICE [SLO001-4]
[ADMIN] [1/29/2017 18:14] [PENJUALAN] INSERT INTO SALES HEADER [SLO001-4]
[ADMIN] [1/29/2017 18:14] [PENJUALAN] INSERT INTO SALES DETAIL[105, 11, 22]
[ADMIN] [1/29/2017 18:14] [PENJUALAN] INSERT TO CREDIT TABLE [SLO001-4]
[ADMIN] [1/29/2017 18:14] [PENJUALAN] INSERT TO DAILY JOURNAL TABLE [242]
[ADMIN] [1/29/2017 18:14] [PENJUALAN] CASHIER FORM : REGISTER HOTKEY
[ADMIN] [1/29/2017 18:14] [PENJUALAN] TRANSACTION SAVED
[ADMIN] [1/29/2017 18:14] [PENJUALAN] PRINT OUT INVOICE
[ADMIN] [1/29/2017 18:16] [PENJUALAN] CASHIER FORM : PrintReceipt
[ADMIN] [1/29/2017 18:16] [PENJUALAN] CASHIER FORM : PrintReceipt, papermode [0]
[ADMIN] [1/29/2017 18:16] [PENJUALAN] CASHIER FORM : UNREGISTER HOTKEY
[ADMIN] [1/29/2017 18:16] [PENJUALAN] CASHIER FORM : PrintReceipt, display SalesReceiptForm
[ADMIN] [1/29/2017 18:16] [PENJUALAN] CASHIER FORM : REGISTER HOTKEY
[ADMIN] [1/29/2017 18:16] [PENJUALAN] CASHIER FORM : UNREGISTER HOTKEY
[ADMIN] [1/29/2017 18:16] [PENJUALAN] CASHIER FORM : REGISTER HOTKEY
[ADMIN] [1/29/2017 18:16] [PENJUALAN] VALIDATE USER CREDIT STATUS
[ADMIN] [1/29/2017 18:16] [PENJUALAN] CASHIER FORM : UNREGISTER HOTKEY
[ADMIN] [1/29/2017 18:16] [PENJUALAN] CASHIER FORM : REGISTER HOTKEY
[ADMIN] [1/29/2017 18:16] [PENJUALAN] CASHIER FORM : UNREGISTER HOTKEY
[ADMIN] [1/29/2017 18:16] [PENJUALAN] CASHIER FORM : UNREGISTER HOTKEY
[ADMIN] [1/29/2017 18:20] [PENJUALAN] CASHIER FORM : REGISTER HOTKEY
[] [1/29/2017 18:28] [] USER = ADMIN IS ACTIVE
[ADMIN] [1/29/2017 18:28] [] USER ID = 1 LOGIN SUCCESSFULLY
[ADMIN] [1/29/2017 18:28] [] ACTIVATE USER ACCESS RIGHT
[ADMIN] [1/29/2017 18:28] [] DISPLAY ADMIN FORM
[ADMIN] [1/29/2017 18:28] [] adminForm Load
[ADMIN] [1/29/2017 18:28] [] ACTIVATE USER ACCESS RIGHT
[ADMIN] [1/29/2017 18:30] [PENJUALAN] CASHIER FORM : REGISTER HOTKEY
[ADMIN] [1/29/2017 18:30] [PENJUALAN] CASHIER FORM : ADD NEW ROW,  isActive [True]
[ADMIN] [1/29/2017 18:30] [PENJUALAN] CASHIER FORM : ADD NEW ROW,  ROW COUNT [0]
[ADMIN] [1/29/2017 18:30] [PENJUALAN] CASHIER FORM : ADD NEW ROW,  ALLOW TO ADD [True]
[ADMIN] [1/29/2017 18:30] [PENJUALAN] CASHIER FORM : REGISTER HOTKEY
[ADMIN] [1/29/2017 18:30] [PENJUALAN] CASHIER FORM : UNREGISTER HOTKEY
[ADMIN] [1/29/2017 18:30] [PENJUALAN] CASHIER FORM : REGISTER HOTKEY
[ADMIN] [1/29/2017 18:30] [PENJUALAN] CASHIER FORM : UNREGISTER HOTKEY
[ADMIN] [1/29/2017 18:30] [PENJUALAN] CASHIER FORM : REGISTER HOTKEY
[ADMIN] [1/29/2017 18:30] [PENJUALAN] CASHIER FORM : calculateChangeValue, bayarTextBox.Text [1]
[ADMIN] [1/29/2017 18:30] [PENJUALAN] CASHIER FORM : calculateChangeValue, sisaBayar [0]
[ADMIN] [1/29/2017 18:30] [PENJUALAN] CASHIER FORM : calculateChangeValue, bayarTextBox.Text [10]
[ADMIN] [1/29/2017 18:30] [PENJUALAN] CASHIER FORM : calculateChangeValue, sisaBayar [0]
[ADMIN] [1/29/2017 18:30] [PENJUALAN] CASHIER FORM : calculateChangeValue, bayarTextBox.Text [100]
[ADMIN] [1/29/2017 18:30] [PENJUALAN] CASHIER FORM : calculateChangeValue, sisaBayar [0]
[ADMIN] [1/29/2017 18:30] [PENJUALAN] CASHIER FORM : calculateChangeValue, bayarTextBox.Text [1000]
[ADMIN] [1/29/2017 18:30] [PENJUALAN] CASHIER FORM : calculateChangeValue, sisaBayar [768]
[ADMIN] [1/29/2017 18:30] [PENJUALAN] CASHIER FORM : calculateChangeValue, bayarTextBox.Text [100]
[ADMIN] [1/29/2017 18:30] [PENJUALAN] CASHIER FORM : calculateChangeValue, sisaBayar [0]
[ADMIN] [1/29/2017 18:30] [PENJUALAN] CASHIER FORM : HOTKEY TO SAVE AND PRINT OUT INVOICE PRESSED
[ADMIN] [1/29/2017 18:30] [PENJUALAN] CASHIER FORM : UNREGISTER HOTKEY
[ADMIN] [1/29/2017 18:30] [PENJUALAN] CASHIER FORM : REGISTER HOTKEY
[ADMIN] [1/29/2017 18:30] [PENJUALAN] ATTEMPT TO SAVE AND PRINT OUT INVOICE
[ADMIN] [1/29/2017 18:30] [PENJUALAN] CASHIER FORM : UNREGISTER HOTKEY
[ADMIN] [1/29/2017 18:30] [PENJUALAN] CASHIER FORM : REGISTER HOTKEY
[ADMIN] [1/29/2017 18:30] [PENJUALAN] CASHIER FORM : discJualMaskedTextBox_Validating, totalAfterDisc [232]
[ADMIN] [1/29/2017 18:30] [PENJUALAN] CASHIER FORM : calculateChangeValue, bayarTextBox.Text [1]
[ADMIN] [1/29/2017 18:30] [PENJUALAN] CASHIER FORM : calculateChangeValue, sisaBayar [0]
[ADMIN] [1/29/2017 18:30] [PENJUALAN] CASHIER FORM : calculateChangeValue, bayarTextBox.Text [10]
[ADMIN] [1/29/2017 18:30] [PENJUALAN] CASHIER FORM : calculateChangeValue, sisaBayar [0]
[ADMIN] [1/29/2017 18:30] [PENJUALAN] CASHIER FORM : calculateChangeValue, bayarTextBox.Text [100]
[ADMIN] [1/29/2017 18:30] [PENJUALAN] CASHIER FORM : calculateChangeValue, sisaBayar [0]
[ADMIN] [1/29/2017 18:30] [PENJUALAN] CASHIER FORM : calculateChangeValue, bayarTextBox.Text [1000]
[ADMIN] [1/29/2017 18:30] [PENJUALAN] CASHIER FORM : calculateChangeValue, sisaBayar [768]
[ADMIN] [1/29/2017 18:31] [PENJUALAN] CASHIER FORM : PRODUCT PRICE TYPE [PRODUCT_BULK_PRICE]
[ADMIN] [1/29/2017 18:31] [PENJUALAN] CASHIER FORM : PRODUCT PRICE [11]
[ADMIN] [1/29/2017 18:31] [PENJUALAN] CASHIER FORM : cashierDataGridView_CellValueChanged [productPrice]
[ADMIN] [1/29/2017 18:31] [PENJUALAN] CASHIER FORM : TextBox_TextChanged, previousInput []
[ADMIN] [1/29/2017 18:31] [PENJUALAN] CASHIER FORM : TextBox_TextChanged, dataGridViewTextBoxEditingControl.Text pass REGEX Checking
[ADMIN] [1/29/2017 18:31] [PENJUALAN] CASHIER FORM : CALCULATE SUBTOTAL
[ADMIN] [1/29/2017 18:31] [PENJUALAN] CASHIER FORM : SUBTOTAL [242]
[ADMIN] [1/29/2017 18:31] [PENJUALAN] CASHIER FORM : TextBox_TextChanged, subtotal value [242]
[ADMIN] [1/29/2017 18:31] [PENJUALAN] CASHIER FORM : TextBox_TextChanged, attempt to calculate total value
[ADMIN] [1/29/2017 18:31] [PENJUALAN] CASHIER FORM : calculateTotal
[ADMIN] [1/29/2017 18:31] [PENJUALAN] CASHIER FORM : calculateTotal [242]
[ADMIN] [1/29/2017 18:31] [PENJUALAN] CASHIER FORM : calculateTotal, totalAfterDisc [232]
[ADMIN] [1/29/2017 18:31] [PENJUALAN] CASHIER FORM : calculateChangeValue, bayarTextBox.Text [1000]
[ADMIN] [1/29/2017 18:31] [PENJUALAN] CASHIER FORM : calculateChangeValue, sisaBayar [768]
[ADMIN] [1/29/2017 18:31] [PENJUALAN] CASHIER FORM : CHECK IF THERE'S ANY ENTRY IN THE PRODUCT DISC
[ADMIN] [1/29/2017 18:31] [PENJUALAN] CASHIER FORM : cashierDataGridView_CellValueChanged [disc1]
[ADMIN] [1/29/2017 18:31] [PENJUALAN] CASHIER FORM : TextBox_TextChanged, previousInput []
[ADMIN] [1/29/2017 18:31] [PENJUALAN] CASHIER FORM : TextBox_TextChanged, dataGridViewTextBoxEditingControl.Text pass REGEX Checking
[ADMIN] [1/29/2017 18:31] [PENJUALAN] CASHIER FORM : CALCULATE SUBTOTAL
[ADMIN] [1/29/2017 18:31] [PENJUALAN] CASHIER FORM : SUBTOTAL [242]
[ADMIN] [1/29/2017 18:31] [PENJUALAN] CASHIER FORM : TextBox_TextChanged, subtotal value [242]
[ADMIN] [1/29/2017 18:31] [PENJUALAN] CASHIER FORM : TextBox_TextChanged, attempt to calculate total value
[ADMIN] [1/29/2017 18:31] [PENJUALAN] CASHIER FORM : calculateTotal
[ADMIN] [1/29/2017 18:31] [PENJUALAN] CASHIER FORM : calculateTotal [242]
[ADMIN] [1/29/2017 18:31] [PENJUALAN] CASHIER FORM : calculateTotal, totalAfterDisc [232]
[ADMIN] [1/29/2017 18:31] [PENJUALAN] CASHIER FORM : calculateChangeValue, bayarTextBox.Text [1000]
[ADMIN] [1/29/2017 18:31] [PENJUALAN] CASHIER FORM : calculateChangeValue, sisaBayar [768]
[ADMIN] [1/29/2017 18:31] [PENJUALAN] CASHIER FORM : cashierDataGridView_CellValueChanged [disc2]
[ADMIN] [1/29/2017 18:31] [PENJUALAN] CASHIER FORM : TextBox_TextChanged, previousInput []
[ADMIN] [1/29/2017 18:31] [PENJUALAN] CASHIER FORM : TextBox_TextChanged, dataGridViewTextBoxEditingControl.Text pass REGEX Checking
[ADMIN] [1/29/2017 18:31] [PENJUALAN] CASHIER FORM : CALCULATE SUBTOTAL
[ADMIN] [1/29/2017 18:31] [PENJUALAN] CASHIER FORM : SUBTOTAL [242]
[ADMIN] [1/29/2017 18:31] [PENJUALAN] CASHIER FORM : TextBox_TextChanged, subtotal value [242]
[ADMIN] [1/29/2017 18:31] [PENJUALAN] CASHIER FORM : TextBox_TextChanged, attempt to calculate total value
[ADMIN] [1/29/2017 18:31] [PENJUALAN] CASHIER FORM : calculateTotal
[ADMIN] [1/29/2017 18:31] [PENJUALAN] CASHIER FORM : calculateTotal [242]
[ADMIN] [1/29/2017 18:31] [PENJUALAN] CASHIER FORM : calculateTotal, totalAfterDisc [232]
[ADMIN] [1/29/2017 18:31] [PENJUALAN] CASHIER FORM : calculateChangeValue, bayarTextBox.Text [1000]
[ADMIN] [1/29/2017 18:31] [PENJUALAN] CASHIER FORM : calculateChangeValue, sisaBayar [768]
[ADMIN] [1/29/2017 18:31] [PENJUALAN] CASHIER FORM : cashierDataGridView_CellValueChanged [discRP]
[ADMIN] [1/29/2017 18:31] [PENJUALAN] CASHIER FORM : TextBox_TextChanged, previousInput []
[ADMIN] [1/29/2017 18:31] [PENJUALAN] CASHIER FORM : TextBox_TextChanged, dataGridViewTextBoxEditingControl.Text pass REGEX Checking
[ADMIN] [1/29/2017 18:31] [PENJUALAN] CASHIER FORM : CALCULATE SUBTOTAL
[ADMIN] [1/29/2017 18:31] [PENJUALAN] CASHIER FORM : SUBTOTAL [242]
[ADMIN] [1/29/2017 18:31] [PENJUALAN] CASHIER FORM : TextBox_TextChanged, subtotal value [242]
[ADMIN] [1/29/2017 18:31] [PENJUALAN] CASHIER FORM : TextBox_TextChanged, attempt to calculate total value
[ADMIN] [1/29/2017 18:31] [PENJUALAN] CASHIER FORM : calculateTotal
[ADMIN] [1/29/2017 18:31] [PENJUALAN] CASHIER FORM : calculateTotal [242]
[ADMIN] [1/29/2017 18:31] [PENJUALAN] CASHIER FORM : calculateTotal, totalAfterDisc [232]
[ADMIN] [1/29/2017 18:31] [PENJUALAN] CASHIER FORM : calculateChangeValue, bayarTextBox.Text [1000]
[ADMIN] [1/29/2017 18:31] [PENJUALAN] CASHIER FORM : calculateChangeValue, sisaBayar [768]
[ADMIN] [1/29/2017 18:31] [PENJUALAN] CASHIER FORM : CALCULATE SUBTOTAL
[ADMIN] [1/29/2017 18:31] [PENJUALAN] CASHIER FORM : SUBTOTAL [242]
[ADMIN] [1/29/2017 18:31] [PENJUALAN] CASHIER FORM : calculateTotal
[ADMIN] [1/29/2017 18:31] [PENJUALAN] CASHIER FORM : calculateTotal [242]
[ADMIN] [1/29/2017 18:31] [PENJUALAN] CASHIER FORM : calculateTotal, totalAfterDisc [232]
[ADMIN] [1/29/2017 18:31] [PENJUALAN] CASHIER FORM : calculateChangeValue, bayarTextBox.Text [1000]
[ADMIN] [1/29/2017 18:31] [PENJUALAN] CASHIER FORM : calculateChangeValue, sisaBayar [768]
[ADMIN] [1/29/2017 18:31] [PENJUALAN] CASHIER FORM : PRODUCT PRICE TYPE [PRODUCT_WHOLESALE_PRICE]
[ADMIN] [1/29/2017 18:31] [PENJUALAN] CASHIER FORM : PRODUCT PRICE [11]
[ADMIN] [1/29/2017 18:31] [PENJUALAN] CASHIER FORM : CHECK IF THERE'S ANY ENTRY IN THE PRODUCT DISC
[ADMIN] [1/29/2017 18:31] [PENJUALAN] CASHIER FORM : CALCULATE SUBTOTAL
[ADMIN] [1/29/2017 18:31] [PENJUALAN] CASHIER FORM : SUBTOTAL [242]
[ADMIN] [1/29/2017 18:31] [PENJUALAN] CASHIER FORM : calculateTotal
[ADMIN] [1/29/2017 18:31] [PENJUALAN] CASHIER FORM : calculateTotal [242]
[ADMIN] [1/29/2017 18:31] [PENJUALAN] CASHIER FORM : calculateTotal, totalAfterDisc [232]
[ADMIN] [1/29/2017 18:31] [PENJUALAN] CASHIER FORM : calculateChangeValue, bayarTextBox.Text [1000]
[ADMIN] [1/29/2017 18:31] [PENJUALAN] CASHIER FORM : calculateChangeValue, sisaBayar [768]
[ADMIN] [1/29/2017 18:31] [PENJUALAN] CASHIER FORM : PRODUCT PRICE TYPE [PRODUCT_BULK_PRICE]
[ADMIN] [1/29/2017 18:31] [PENJUALAN] CASHIER FORM : PRODUCT PRICE [11]
[ADMIN] [1/29/2017 18:31] [PENJUALAN] CASHIER FORM : CHECK IF THERE'S ANY ENTRY IN THE PRODUCT DISC
[ADMIN] [1/29/2017 18:31] [PENJUALAN] CASHIER FORM : CALCULATE SUBTOTAL
[ADMIN] [1/29/2017 18:31] [PENJUALAN] CASHIER FORM : SUBTOTAL [242]
[ADMIN] [1/29/2017 18:31] [PENJUALAN] CASHIER FORM : calculateTotal
[ADMIN] [1/29/2017 18:31] [PENJUALAN] CASHIER FORM : calculateTotal [242]
[ADMIN] [1/29/2017 18:31] [PENJUALAN] CASHIER FORM : calculateTotal, totalAfterDisc [232]
[ADMIN] [1/29/2017 18:31] [PENJUALAN] CASHIER FORM : calculateChangeValue, bayarTextBox.Text [1000]
[ADMIN] [1/29/2017 18:31] [PENJUALAN] CASHIER FORM : calculateChangeValue, sisaBayar [768]
[ADMIN] [1/29/2017 18:31] [PENJUALAN] CASHIER FORM : PRODUCT PRICE TYPE [PRODUCT_WHOLESALE_PRICE]
[ADMIN] [1/29/2017 18:31] [PENJUALAN] CASHIER FORM : PRODUCT PRICE [11]
[ADMIN] [1/29/2017 18:31] [PENJUALAN] CASHIER FORM : CHECK IF THERE'S ANY ENTRY IN THE PRODUCT DISC
[ADMIN] [1/29/2017 18:31] [PENJUALAN] CASHIER FORM : CALCULATE SUBTOTAL
[ADMIN] [1/29/2017 18:31] [PENJUALAN] CASHIER FORM : SUBTOTAL [242]
[ADMIN] [1/29/2017 18:31] [PENJUALAN] CASHIER FORM : calculateTotal
[ADMIN] [1/29/2017 18:31] [PENJUALAN] CASHIER FORM : calculateTotal [242]
[ADMIN] [1/29/2017 18:31] [PENJUALAN] CASHIER FORM : calculateTotal, totalAfterDisc [232]
[ADMIN] [1/29/2017 18:31] [PENJUALAN] CASHIER FORM : calculateChangeValue, bayarTextBox.Text [1000]
[ADMIN] [1/29/2017 18:31] [PENJUALAN] CASHIER FORM : calculateChangeValue, sisaBayar [768]
[ADMIN] [1/29/2017 18:31] [PENJUALAN] CASHIER FORM : HOTKEY TO SAVE AND PRINT OUT INVOICE PRESSED
[ADMIN] [1/29/2017 18:31] [PENJUALAN] CASHIER FORM : UNREGISTER HOTKEY
[ADMIN] [1/29/2017 18:31] [PENJUALAN] CASHIER FORM : REGISTER HOTKEY
[ADMIN] [1/29/2017 18:31] [PENJUALAN] CASHIER FORM : HOTKEY TO SAVE AND PRINT OUT INVOICE PRESSED
[ADMIN] [1/29/2017 18:31] [PENJUALAN] CASHIER FORM : UNREGISTER HOTKEY
[ADMIN] [1/29/2017 18:31] [PENJUALAN] CASHIER FORM : REGISTER HOTKEY
[ADMIN] [1/29/2017 18:31] [PENJUALAN] ATTEMPT TO SAVE AND PRINT OUT INVOICE
[ADMIN] [1/29/2017 18:31] [PENJUALAN] CASHIER FORM : UNREGISTER HOTKEY
[ADMIN] [1/29/2017 18:31] [PENJUALAN] CASHIER FORM : REGISTER HOTKEY
[ADMIN] [1/29/2017 18:31] [PENJUALAN] CASHIER FORM : HOTKEY TO SAVE AND PRINT OUT INVOICE PRESSED
[ADMIN] [1/29/2017 18:31] [PENJUALAN] CASHIER FORM : UNREGISTER HOTKEY
[ADMIN] [1/29/2017 18:31] [PENJUALAN] CASHIER FORM : REGISTER HOTKEY
[ADMIN] [1/29/2017 18:31] [PENJUALAN] ATTEMPT TO SAVE AND PRINT OUT INVOICE
[ADMIN] [1/29/2017 18:31] [PENJUALAN] CASHIER FORM : UNREGISTER HOTKEY
[ADMIN] [1/29/2017 18:31] [PENJUALAN] CASHIER FORM : REGISTER HOTKEY
[ADMIN] [1/29/2017 18:31] [PENJUALAN] CASHIER FORM : UNREGISTER HOTKEY
[ADMIN] [1/29/2017 18:31] [PENJUALAN] CASHIER FORM : ATTEMPT TO SAVE SALES DATA [29-01-2017 18:31]
[ADMIN] [1/29/2017 18:31] [PENJUALAN] CASHIER FORM : SALES DISC FINAL [10]
[ADMIN] [1/29/2017 18:31] [PENJUALAN] CASHIER FORM : NON CASH - SALES DUE DATE [31-01-2017]
[ADMIN] [1/29/2017 18:31] [PENJUALAN] UPDATE PREVIOUS REV_NO TO VOID [SLO001-4]
[ADMIN] [1/29/2017 18:31] [PENJUALAN] INSERT INTO SALES HEADER [SLO001-4]
[ADMIN] [1/29/2017 18:31] [PENJUALAN] INSERT INTO SALES DETAIL[105, 11, 22]
[ADMIN] [1/29/2017 18:31] [PENJUALAN] INSERT TO CREDIT TABLE [SLO001-4]
[ADMIN] [1/29/2017 18:31] [PENJUALAN] INSERT TO DAILY JOURNAL TABLE [242]
[ADMIN] [1/29/2017 18:31] [PENJUALAN] CASHIER FORM : REGISTER HOTKEY
[ADMIN] [1/29/2017 18:31] [PENJUALAN] TRANSACTION SAVED
[ADMIN] [1/29/2017 18:31] [PENJUALAN] PRINT OUT INVOICE
[ADMIN] [1/29/2017 18:31] [PENJUALAN] CASHIER FORM : PrintReceipt
[ADMIN] [1/29/2017 18:31] [PENJUALAN] CASHIER FORM : PrintReceipt, papermode [0]
[ADMIN] [1/29/2017 18:31] [PENJUALAN] CASHIER FORM : PrintReceipt, display SalesReceiptForm
[ADMIN] [1/29/2017 18:31] [PENJUALAN] CASHIER FORM : UNREGISTER HOTKEY
[ADMIN] [1/29/2017 18:32] [PENJUALAN] CASHIER FORM : REGISTER HOTKEY
[ADMIN] [1/29/2017 18:32] [PENJUALAN] VALIDATE USER CREDIT STATUS
[ADMIN] [1/29/2017 18:32] [PENJUALAN] CASHIER FORM : UNREGISTER HOTKEY
[ADMIN] [1/29/2017 18:32] [PENJUALAN] CASHIER FORM : REGISTER HOTKEY
[ADMIN] [1/29/2017 18:32] [PENJUALAN] CASHIER FORM : UNREGISTER HOTKEY
[ADMIN] [1/29/2017 18:33] [PENJUALAN] CASHIER FORM : REGISTER HOTKEY
[ADMIN] [1/29/2017 18:33] [PENJUALAN] CASHIER FORM : UNREGISTER HOTKEY
[ADMIN] [1/29/2017 18:33] [PENJUALAN] CASHIER FORM : UNREGISTER HOTKEY
[ADMIN] [1/29/2017 18:33] [] USER ID = 1LOGOUT
