[] [1/28/2017 00:32] [] USER = ADMIN IS ACTIVE
[ADMIN] [1/28/2017 00:32] [] USER ID = 1 LOGIN SUCCESSFULLY
[ADMIN] [1/28/2017 00:32] [] ACTIVATE USER ACCESS RIGHT
[ADMIN] [1/28/2017 00:32] [] DISPLAY ADMIN FORM
[ADMIN] [1/28/2017 00:32] [] adminForm Load
[ADMIN] [1/28/2017 00:32] [] ACTIVATE USER ACCESS RIGHT
[ADMIN] [1/28/2017 00:33] [PENERIMAAN BARANG] PENERIMAAN BARANG : detailGridView_CellValueChanged []
[ADMIN] [1/28/2017 00:33] [PENERIMAAN BARANG] PENERIMAAN BARANG : detailGridView_CellValueChanged []
[ADMIN] [1/28/2017 00:33] [PENERIMAAN BARANG] PENERIMAAN BARANG : detailGridView_CellValueChanged []
[ADMIN] [1/28/2017 00:33] [PENERIMAAN BARANG] PENERIMAAN BARANG : detailGridView_CellValueChanged []
[ADMIN] [1/28/2017 00:33] [PENERIMAAN BARANG] PENERIMAAN BARANG : detailGridView_CellValueChanged []
[ADMIN] [1/28/2017 00:33] [PENERIMAAN BARANG] PENERIMAAN BARANG : detailGridView_CellValueChanged []
[ADMIN] [1/28/2017 00:33] [PENERIMAAN BARANG] PENERIMAAN BARANG : detailGridView_CellValueChanged []
[ADMIN] [1/28/2017 00:33] [PENERIMAAN BARANG] PENERIMAAN BARANG : detailGridView_CellValueChanged []
[ADMIN] [1/28/2017 00:33] [PENERIMAAN BARANG] PENERIMAAN BARANG : detailGridView_CellValueChanged []
[ADMIN] [1/28/2017 00:33] [PENJUALAN] CASHIER FORM : ComboBox_SelectedIndexChanged, PRODUCT_BASE_PRICE [11]
[ADMIN] [1/28/2017 00:33] [PENJUALAN] CASHIER FORM : ComboBox_SelectedIndexChanged, attempt to calculate total
[ADMIN] [1/28/2017 00:33] [PENERIMAAN BARANG] PENERIMAAN BARANG : detailGridView_CellValueChanged []
[ADMIN] [1/28/2017 00:33] [PENERIMAAN BARANG] PENERIMAAN BARANG : detailGridView_CellValueChanged []
[ADMIN] [1/28/2017 00:33] [PENERIMAAN BARANG] PENERIMAAN BARANG : detailGridView_CellValueChanged []
[ADMIN] [1/28/2017 00:33] [PENERIMAAN BARANG] PENERIMAAN BARANG : detailGridView_CellValueChanged []
[ADMIN] [1/28/2017 00:33] [PENERIMAAN BARANG] PENERIMAAN BARANG : detailGridView_CellValueChanged []
[ADMIN] [1/28/2017 00:33] [PENERIMAAN BARANG] PENERIMAAN BARANG : detailGridView_CellValueChanged []
[ADMIN] [1/28/2017 00:33] [PENERIMAAN BARANG] PENERIMAAN BARANG : detailGridView_CellValueChanged []
