[] [5/26/2017 15:03] [] USER = ADMIN IS ACTIVE
[ADMIN] [5/26/2017 15:03] [] USER ID = 1 LOGIN SUCCESSFULLY
[ADMIN] [5/26/2017 15:03] [] ACTIVATE USER ACCESS RIGHT
[ADMIN] [5/26/2017 15:03] [] DISPLAY ADMIN FORM
[ADMIN] [5/26/2017 15:03] [] adminForm Load
[ADMIN] [5/26/2017 15:08] [] CREATE DATA GROUP FORM MODULE_ID [51]
[ADMIN] [5/26/2017 15:08] [] CREATE DATA GROUP ACCESS MODULE FORM, GROUP USER ID [1]
[ADMIN] [5/26/2017 15:11] [] GUTIL : MAX PURCHASE_INVOICE [6]
[ADMIN] [5/26/2017 15:11] [] GUTIL : PURCHASE_INVOICE [PO-7]
[ADMIN] [5/26/2017 15:11] [PURCHASE ORDER] ATTEMPT TO SAVE DATA
[ADMIN] [5/26/2017 15:13] [PENJUALAN] CASHIER FORM : REGISTER HOTKEY
[ADMIN] [5/26/2017 15:13] [PENJUALAN] CASHIER FORM : ADD NEW ROW,  isActive [True]
[ADMIN] [5/26/2017 15:13] [PENJUALAN] CASHIER FORM : ADD NEW ROW,  ROW COUNT [0]
[ADMIN] [5/26/2017 15:13] [PENJUALAN] CASHIER FORM : REGISTER HOTKEY
[ADMIN] [5/26/2017 15:13] [PENJUALAN] CASHIER FORM : UNREGISTER HOTKEY
[ADMIN] [5/26/2017 15:13] [PENJUALAN] CASHIER FORM : UNREGISTER HOTKEY
[ADMIN] [5/26/2017 15:14] [] GUTIL : MAX RS_INVOICE [1]
[ADMIN] [5/26/2017 15:14] [] GUTIL : RS_INVOICE [RS-2]
[ADMIN] [5/26/2017 15:15] [] GUTIL : MAX RP_ID [2]
[ADMIN] [5/26/2017 15:15] [] GUTIL : RP_ID [RP-3]
[ADMIN] [5/26/2017 15:15] [RETUR PEMBELIAN KE SUPPLIER] ATTEMPT TO SAVE TO LOCAL DATA FIRST
[ADMIN] [5/26/2017 15:17] [RETUR PERMINTAAN KE PUSAT] updateSomeRowsContent, PRODUCT_BASE_PRICE [1]
[ADMIN] [5/26/2017 15:17] [RETUR PERMINTAAN KE PUSAT] updateSomeRowsContent, attempt to calculate total
[ADMIN] [5/26/2017 15:17] [RETUR PEMBELIAN KE SUPPLIER] ATTEMPT TO SAVE TO LOCAL DATA FIRST
[ADMIN] [5/26/2017 15:17] [] CHECK STOCK QTY IS ENOUGH [106]
[ADMIN] [5/26/2017 15:17] [] CHECK STOCK QTY IS ENOUGH [73, 1]
[ADMIN] [5/26/2017 15:17] [] GUTIL : MAX RP_ID [2]
[ADMIN] [5/26/2017 15:17] [] GUTIL : RP_ID [RP-3]
[ADMIN] [5/26/2017 15:17] [RETUR PEMBELIAN KE SUPPLIER] INSERT TO RETURN PURCHASE HEADER
[ADMIN] [5/26/2017 15:17] [RETUR PEMBELIAN KE SUPPLIER] INSERT TO RETURN PURCHASE DETAIL
[ADMIN] [5/26/2017 15:17] [RETUR PEMBELIAN KE SUPPLIER] UPDATE PRODUCT LOCATION DATA
[ADMIN] [5/26/2017 15:17] [RETUR PEMBELIAN KE SUPPLIER] UPDATE MASTER PRODUCT
[ADMIN] [5/26/2017 15:18] [TAMBAH TRANSAKSI HARIAN] LOAD DATA TRANSAKSI
[ADMIN] [5/26/2017 15:18] [TAMBAH TRANSAKSI HARIAN] ATTEMPT TO SAVE DATA TRANSAKSI JURNAL HARIAN
[ADMIN] [5/26/2017 15:18] [TAMBAH TRANSAKSI HARIAN] UPDATE DATA ON DAILY JOURNAL TABLE [30]
[ADMIN] [5/26/2017 15:18] [TAMBAH TRANSAKSI HARIAN] UPDATE DATA ON DAILY JOURNAL TABLE [31]
[ADMIN] [5/26/2017 15:18] [TAMBAH TRANSAKSI HARIAN] INSERT NEW DATA TO DAILY JOURNAL TABLE [1, 5000]
[ADMIN] [5/26/2017 15:18] [TAMBAH TRANSAKSI HARIAN] INSERT NEW DATA TO DAILY JOURNAL TABLE [1, 5000]
[ADMIN] [5/26/2017 15:18] [TAMBAH TRANSAKSI HARIAN] INSERT NEW DATA TO DAILY JOURNAL TABLE [1, 5000]
[ADMIN] [5/26/2017 15:18] [TAMBAH TRANSAKSI HARIAN] INSERT NEW DATA TO DAILY JOURNAL TABLE [1, 5000]
[ADMIN] [5/26/2017 15:18] [TAMBAH TRANSAKSI HARIAN] DATA TRANSAKSI JURNAL HARIAN SAVED
[ADMIN] [5/26/2017 15:19] [] USER ID = 1LOGOUT
