[] [1/31/2017 11:19] [] USER = ADMIN IS ACTIVE
[ADMIN] [1/31/2017 11:19] [] USER ID = 1 LOGIN SUCCESSFULLY
[ADMIN] [1/31/2017 11:19] [] ACTIVATE USER ACCESS RIGHT
[ADMIN] [1/31/2017 11:19] [] DISPLAY ADMIN FORM
[ADMIN] [1/31/2017 11:19] [] adminForm Load
[ADMIN] [1/31/2017 11:19] [] ACTIVATE USER ACCESS RIGHT
[ADMIN] [1/31/2017 11:21] [] CREATE DATA GROUP FORM MODULE_ID [51]
[ADMIN] [1/31/2017 11:21] [] CREATE DATA GROUP ACCESS MODULE FORM, GROUP USER ID [1]
[] [1/31/2017 12:18] [] USER = ADMIN IS ACTIVE
[] [1/31/2017 12:18] [] USER = ADMIN IS ACTIVE
[ADMIN] [1/31/2017 12:18] [] USER ID = 1 LOGIN SUCCESSFULLY
[ADMIN] [1/31/2017 12:18] [] ACTIVATE USER ACCESS RIGHT
[ADMIN] [1/31/2017 12:18] [] DISPLAY ADMIN FORM
[ADMIN] [1/31/2017 12:18] [] adminForm Load
[ADMIN] [1/31/2017 12:18] [] ACTIVATE USER ACCESS RIGHT
[] [1/31/2017 12:22] [] USER = ADMIN IS ACTIVE
[ADMIN] [1/31/2017 12:22] [] USER ID = 1 LOGIN SUCCESSFULLY
[ADMIN] [1/31/2017 12:22] [] ACTIVATE USER ACCESS RIGHT
[ADMIN] [1/31/2017 12:22] [] DISPLAY ADMIN FORM
[ADMIN] [1/31/2017 12:22] [] adminForm Load
[ADMIN] [1/31/2017 12:22] [] ACTIVATE USER ACCESS RIGHT
[] [1/31/2017 12:23] [] USER = ADMIN IS ACTIVE
[ADMIN] [1/31/2017 12:23] [] USER ID = 1 LOGIN SUCCESSFULLY
[ADMIN] [1/31/2017 12:23] [] ACTIVATE USER ACCESS RIGHT
[ADMIN] [1/31/2017 12:23] [] DISPLAY ADMIN FORM
[ADMIN] [1/31/2017 12:23] [] adminForm Load
[ADMIN] [1/31/2017 12:23] [] ACTIVATE USER ACCESS RIGHT
[ADMIN] [1/31/2017 12:23] [] USER ID = 1LOGOUT
