[] [5/26/2017 12:36] [] USER = ADMIN IS ACTIVE
[ADMIN] [5/26/2017 12:36] [] USER ID = 1 LOGIN SUCCESSFULLY
[ADMIN] [5/26/2017 12:36] [] ACTIVATE USER ACCESS RIGHT
[ADMIN] [5/26/2017 12:36] [] DISPLAY ADMIN FORM
[ADMIN] [5/26/2017 12:36] [] adminForm Load
[] [5/26/2017 12:39] [] USER = ADMIN IS ACTIVE
[ADMIN] [5/26/2017 12:39] [] USER ID = 1 LOGIN SUCCESSFULLY
[ADMIN] [5/26/2017 12:39] [] ACTIVATE USER ACCESS RIGHT
[ADMIN] [5/26/2017 12:39] [] DISPLAY ADMIN FORM
[ADMIN] [5/26/2017 12:39] [] adminForm Load
[] [5/26/2017 12:52] [] USER = ADMIN IS ACTIVE
[ADMIN] [5/26/2017 12:52] [] USER ID = 1 LOGIN SUCCESSFULLY
[ADMIN] [5/26/2017 12:52] [] ACTIVATE USER ACCESS RIGHT
[ADMIN] [5/26/2017 12:52] [] DISPLAY ADMIN FORM
[ADMIN] [5/26/2017 12:52] [] adminForm Load
[] [5/26/2017 12:57] [] USER = ADMIN IS ACTIVE
[ADMIN] [5/26/2017 12:57] [] USER ID = 1 LOGIN SUCCESSFULLY
[ADMIN] [5/26/2017 12:57] [] ACTIVATE USER ACCESS RIGHT
[ADMIN] [5/26/2017 12:57] [] DISPLAY ADMIN FORM
[ADMIN] [5/26/2017 12:57] [] adminForm Load
[] [5/26/2017 13:11] [] USER = ADMIN IS ACTIVE
[ADMIN] [5/26/2017 13:11] [] USER ID = 1 LOGIN SUCCESSFULLY
[ADMIN] [5/26/2017 13:11] [] ACTIVATE USER ACCESS RIGHT
[ADMIN] [5/26/2017 13:11] [] DISPLAY ADMIN FORM
[ADMIN] [5/26/2017 13:11] [] adminForm Load
[ADMIN] [5/26/2017 13:12] [] USER ID = 1LOGOUT
