[] [1/27/2017 23:45] [] USER = ADMIN IS ACTIVE
[ADMIN] [1/27/2017 23:45] [] USER ID = 1 LOGIN SUCCESSFULLY
[ADMIN] [1/27/2017 23:45] [] ACTIVATE USER ACCESS RIGHT
[ADMIN] [1/27/2017 23:45] [] DISPLAY ADMIN FORM
[ADMIN] [1/27/2017 23:45] [] adminForm Load
[ADMIN] [1/27/2017 23:45] [] ACTIVATE USER ACCESS RIGHT
[ADMIN] [1/27/2017 23:58] [PENERIMAAN BARANG] GET PO INVOICE TO RECEIVE
[ADMIN] [1/27/2017 23:58] [PENERIMAAN BARANG] PO INVOICE TO RECEIVE [PO-1]
[ADMIN] [1/27/2017 23:58] [PENERIMAAN BARANG] PO INVOICE TO RECEIVE [PO-1]
[ADMIN] [1/27/2017 23:58] [PENERIMAAN BARANG] SAVE PENERIMAAN BARANG
[ADMIN] [1/27/2017 23:58] [PENERIMAAN BARANG] INSERT PENERIMAAN BARANG [PR-2]
[ADMIN] [1/27/2017 23:58] [PENERIMAAN BARANG] PRICE CHANGE PARAM [105] [0]
[ADMIN] [1/27/2017 23:58] [PENERIMAAN BARANG] SAVE DETAIL PENERIMAAN [105, 11, 22]
[ADMIN] [1/27/2017 23:58] [PENERIMAAN BARANG] UPDATE PRODUCT LOCATION DATA [105'1]
[ADMIN] [1/27/2017 23:58] [PENERIMAAN BARANG] UPDATE MASTER PRODUCT DATA [105]
[ADMIN] [1/27/2017 23:58] [PENERIMAAN BARANG] UPDATE PURCHASE HEADER [PO-1]
[ADMIN] [1/27/2017 23:58] [PENERIMAAN BARANG] UPDATE PURCHASE HEADER TAX [PO-1]
[ADMIN] [1/27/2017 23:58] [PENERIMAAN BARANG] UPDATE PURCHASE HEADER DUE DATE [PO-1]
[ADMIN] [1/27/2017 23:58] [PENERIMAAN BARANG] UPDATE PURCHASE HEADER TAX DUE DATE [PO-1]
[ADMIN] [1/27/2017 23:58] [PENERIMAAN BARANG] INSERT INTO DEBT [PO-1]
[ADMIN] [1/27/2017 23:58] [PENERIMAAN BARANG] PENERIMAAN BARANG SAVED
[ADMIN] [1/27/2017 23:59] [PURCHASE ORDER] PURCHASE ORDER : detailPODataGridView_CellValueChanged [HPP]
[ADMIN] [1/27/2017 23:59] [PURCHASE ORDER] PURCHASE ORDER : detailPODataGridView_CellValueChanged [HPP]
[ADMIN] [1/27/2017 23:59] [PURCHASE ORDER] PURCHASE ORDER : detailPODataGridView_CellValueChanged [HPP]
[ADMIN] [1/27/2017 23:59] [PURCHASE ORDER] PURCHASE ORDER : detailPODataGridView_CellValueChanged [HPP]
[ADMIN] [1/27/2017 23:59] [PURCHASE ORDER] PURCHASE ORDER : detailPODataGridView_CellValueChanged [subTotal]
[ADMIN] [1/27/2017 23:59] [PURCHASE ORDER] PURCHASE ORDER : detailPODataGridView_CellValueChanged [HPP]
[ADMIN] [1/27/2017 23:59] [PURCHASE ORDER] PURCHASE ORDER : detailPODataGridView_CellValueChanged [HPP]
[ADMIN] [1/27/2017 23:59] [PURCHASE ORDER] PURCHASE ORDER : detailPODataGridView_CellValueChanged [qty]
[ADMIN] [1/27/2017 23:59] [PURCHASE ORDER] PURCHASE ORDER : detailPODataGridView_CellValueChanged [subTotal]
[ADMIN] [1/27/2017 23:59] [PURCHASE ORDER] PURCHASE ORDER : detailPODataGridView_CellValueChanged [qty]
[ADMIN] [1/27/2017 23:59] [PURCHASE ORDER] PURCHASE ORDER : detailPODataGridView_CellValueChanged [subTotal]
[ADMIN] [1/27/2017 23:59] [PURCHASE ORDER] PURCHASE ORDER : detailPODataGridView_CellValueChanged [qty]
[ADMIN] [1/27/2017 23:59] [PURCHASE ORDER] PURCHASE ORDER : detailPODataGridView_CellValueChanged [qty]
[ADMIN] [1/27/2017 23:59] [PURCHASE ORDER] PURCHASE ORDER : detailPODataGridView_CellValueChanged [qty]
[ADMIN] [1/27/2017 23:59] [PURCHASE ORDER] PURCHASE ORDER : detailPODataGridView_CellValueChanged [qty]
[ADMIN] [1/27/2017 23:59] [PURCHASE ORDER] PURCHASE ORDER : detailPODataGridView_CellValueChanged [HPP]
[ADMIN] [1/27/2017 23:59] [PURCHASE ORDER] PURCHASE ORDER : detailPODataGridView_CellValueChanged [HPP]
[ADMIN] [1/27/2017 23:59] [PURCHASE ORDER] ATTEMPT TO SAVE DATA
[ADMIN] [1/27/2017 23:59] [PURCHASE ORDER] ATTEMPT TO SAVE DATA
[ADMIN] [1/27/2017 23:59] [PURCHASE ORDER] PURCHASE ORDER : detailPODataGridView_CellValueChanged [productName]
[ADMIN] [1/27/2017 23:59] [PURCHASE ORDER] PURCHASE ORDER : detailPODataGridView_CellValueChanged [productName]
[ADMIN] [1/27/2017 23:59] [PURCHASE ORDER] PURCHASE ORDER : detailPODataGridView_CellValueChanged [productName]
[ADMIN] [1/27/2017 23:59] [PURCHASE ORDER] PURCHASE ORDER : detailPODataGridView_CellValueChanged [productID]
[ADMIN] [1/27/2017 23:59] [PURCHASE ORDER] updateSomeRowsContent, PRODUCT_BASE_PRICE [1]
[ADMIN] [1/27/2017 23:59] [PURCHASE ORDER] PURCHASE ORDER : detailPODataGridView_CellValueChanged [HPP]
[] [1/28/2017 00:12] [] USER = ADMIN IS ACTIVE
[ADMIN] [1/28/2017 00:12] [] USER ID = 1 LOGIN SUCCESSFULLY
[ADMIN] [1/28/2017 00:13] [] ACTIVATE USER ACCESS RIGHT
[ADMIN] [1/28/2017 00:13] [] DISPLAY ADMIN FORM
[ADMIN] [1/28/2017 00:13] [] adminForm Load
[ADMIN] [1/28/2017 00:13] [] ACTIVATE USER ACCESS RIGHT
[ADMIN] [1/28/2017 00:13] [PURCHASE ORDER] PURCHASE ORDER : detailPODataGridView_CellValueChanged [productName]
[ADMIN] [1/28/2017 00:13] [PURCHASE ORDER] PURCHASE ORDER : detailPODataGridView_CellValueChanged [productName]
[ADMIN] [1/28/2017 00:13] [PURCHASE ORDER] PURCHASE ORDER : detailPODataGridView_CellValueChanged [productName]
[ADMIN] [1/28/2017 00:13] [PURCHASE ORDER] PURCHASE ORDER : detailPODataGridView_CellValueChanged [productName]
[ADMIN] [1/28/2017 00:13] [PURCHASE ORDER] PURCHASE ORDER : detailPODataGridView_CellValueChanged [productID]
[ADMIN] [1/28/2017 00:13] [PURCHASE ORDER] updateSomeRowsContent, PRODUCT_BASE_PRICE [11]
[ADMIN] [1/28/2017 00:13] [PURCHASE ORDER] PURCHASE ORDER : detailPODataGridView_CellValueChanged [HPP]
[ADMIN] [1/28/2017 00:13] [PURCHASE ORDER] PURCHASE ORDER : detailPODataGridView_CellValueChanged [subTotal]
[ADMIN] [1/28/2017 00:13] [PURCHASE ORDER] PURCHASE ORDER : detailPODataGridView_CellValueChanged [HPP]
[ADMIN] [1/28/2017 00:13] [PURCHASE ORDER] PURCHASE ORDER : detailPODataGridView_CellValueChanged [qty]
[ADMIN] [1/28/2017 00:13] [PURCHASE ORDER] PURCHASE ORDER : detailPODataGridView_CellValueChanged [qty]
[ADMIN] [1/28/2017 00:13] [PURCHASE ORDER] updateSomeRowsContent, attempt to calculate total
[ADMIN] [1/28/2017 00:13] [PURCHASE ORDER] PURCHASE ORDER : detailPODataGridView_CellValueChanged [qty]
[ADMIN] [1/28/2017 00:13] [PURCHASE ORDER] PURCHASE ORDER : detailPODataGridView_CellValueChanged [qty]
[ADMIN] [1/28/2017 00:13] [PURCHASE ORDER] PURCHASE ORDER : detailPODataGridView_CellValueChanged [qty]
[ADMIN] [1/28/2017 00:13] [PURCHASE ORDER] PURCHASE ORDER : detailPODataGridView_CellValueChanged [qty]
[ADMIN] [1/28/2017 00:14] [PURCHASE ORDER] PURCHASE ORDER : detailPODataGridView_CellValueChanged [qty]
[ADMIN] [1/28/2017 00:14] [PURCHASE ORDER] PURCHASE ORDER : detailPODataGridView_CellValueChanged [qty]
[ADMIN] [1/28/2017 00:14] [PURCHASE ORDER] PURCHASE ORDER : detailPODataGridView_CellValueChanged [qty]
[ADMIN] [1/28/2017 00:14] [PURCHASE ORDER] PURCHASE ORDER : detailPODataGridView_CellValueChanged [qty]
[ADMIN] [1/28/2017 00:14] [PURCHASE ORDER] PURCHASE ORDER : detailPODataGridView_CellValueChanged [qty]
[ADMIN] [1/28/2017 00:14] [PURCHASE ORDER] PURCHASE ORDER : detailPODataGridView_CellValueChanged [qty]
[ADMIN] [1/28/2017 00:14] [PURCHASE ORDER] PURCHASE ORDER : detailPODataGridView_CellValueChanged [qty]
[ADMIN] [1/28/2017 00:14] [PURCHASE ORDER] PURCHASE ORDER : detailPODataGridView_CellValueChanged [qty]
[ADMIN] [1/28/2017 00:14] [PURCHASE ORDER] PURCHASE ORDER : detailPODataGridView_CellValueChanged [HPP]
[ADMIN] [1/28/2017 00:14] [PURCHASE ORDER] PURCHASE ORDER : detailPODataGridView_CellValueChanged [HPP]
[ADMIN] [1/28/2017 00:14] [PURCHASE ORDER] PURCHASE ORDER : detailPODataGridView_CellValueChanged [HPP]
[ADMIN] [1/28/2017 00:14] [PURCHASE ORDER] PURCHASE ORDER : detailPODataGridView_CellValueChanged [HPP]
[ADMIN] [1/28/2017 00:14] [PURCHASE ORDER] PURCHASE ORDER : detailPODataGridView_CellValueChanged [HPP]
[ADMIN] [1/28/2017 00:14] [PURCHASE ORDER] PURCHASE ORDER : detailPODataGridView_CellValueChanged [HPP]
[ADMIN] [1/28/2017 00:14] [PURCHASE ORDER] PURCHASE ORDER : detailPODataGridView_CellValueChanged [qty]
[] [1/28/2017 00:16] [] USER = ADMIN IS ACTIVE
[ADMIN] [1/28/2017 00:16] [] USER ID = 1 LOGIN SUCCESSFULLY
[ADMIN] [1/28/2017 00:16] [] ACTIVATE USER ACCESS RIGHT
[ADMIN] [1/28/2017 00:16] [] DISPLAY ADMIN FORM
[ADMIN] [1/28/2017 00:16] [] adminForm Load
[ADMIN] [1/28/2017 00:16] [] ACTIVATE USER ACCESS RIGHT
[ADMIN] [1/28/2017 00:19] [PURCHASE ORDER] PURCHASE ORDER : detailPODataGridView_CellValueChanged [productName]
[ADMIN] [1/28/2017 00:19] [PURCHASE ORDER] PURCHASE ORDER : detailPODataGridView_CellValueChanged [productName]
[ADMIN] [1/28/2017 00:19] [PURCHASE ORDER] PURCHASE ORDER : detailPODataGridView_CellValueChanged [productID]
[ADMIN] [1/28/2017 00:19] [PURCHASE ORDER] updateSomeRowsContent, PRODUCT_BASE_PRICE [11]
[ADMIN] [1/28/2017 00:19] [PURCHASE ORDER] PURCHASE ORDER : detailPODataGridView_CellValueChanged [HPP]
[] [1/28/2017 00:20] [] USER = ADMIN IS ACTIVE
[ADMIN] [1/28/2017 00:20] [] USER ID = 1 LOGIN SUCCESSFULLY
[ADMIN] [1/28/2017 00:20] [] ACTIVATE USER ACCESS RIGHT
[ADMIN] [1/28/2017 00:20] [] DISPLAY ADMIN FORM
[ADMIN] [1/28/2017 00:20] [] adminForm Load
[ADMIN] [1/28/2017 00:20] [] ACTIVATE USER ACCESS RIGHT
[ADMIN] [1/28/2017 00:21] [PENERIMAAN BARANG] PENERIMAAN BARANG : detailGridView_CellValueChanged []
[ADMIN] [1/28/2017 00:21] [PENERIMAAN BARANG] PENERIMAAN BARANG : detailGridView_CellValueChanged []
[ADMIN] [1/28/2017 00:21] [PENERIMAAN BARANG] PENERIMAAN BARANG : detailGridView_CellValueChanged []
[ADMIN] [1/28/2017 00:21] [PENJUALAN] CASHIER FORM : ComboBox_SelectedIndexChanged, PRODUCT_BASE_PRICE [11]
[ADMIN] [1/28/2017 00:21] [PENERIMAAN BARANG] PENERIMAAN BARANG : detailGridView_CellValueChanged []
[ADMIN] [1/28/2017 00:21] [PENERIMAAN BARANG] PENERIMAAN BARANG : detailGridView_CellValueChanged []
[ADMIN] [1/28/2017 00:21] [PENERIMAAN BARANG] PENERIMAAN BARANG : detailGridView_CellValueChanged []
[ADMIN] [1/28/2017 00:21] [PENJUALAN] CASHIER FORM : ComboBox_SelectedIndexChanged, attempt to calculate total
[ADMIN] [1/28/2017 00:21] [PENERIMAAN BARANG] PENERIMAAN BARANG : detailGridView_CellValueChanged []
[ADMIN] [1/28/2017 00:21] [PENERIMAAN BARANG] PENERIMAAN BARANG : detailGridView_CellValueChanged []
[ADMIN] [1/28/2017 00:21] [PENERIMAAN BARANG] PENERIMAAN BARANG : detailGridView_CellValueChanged []
[ADMIN] [1/28/2017 00:21] [PENJUALAN] CASHIER FORM : ComboBox_SelectedIndexChanged, PRODUCT_BASE_PRICE [10]
[ADMIN] [1/28/2017 00:21] [PENERIMAAN BARANG] PENERIMAAN BARANG : detailGridView_CellValueChanged []
[ADMIN] [1/28/2017 00:21] [PENJUALAN] CASHIER FORM : ComboBox_SelectedIndexChanged, attempt to calculate total
[] [1/28/2017 00:24] [] USER = ADMIN IS ACTIVE
[ADMIN] [1/28/2017 00:24] [] USER ID = 1 LOGIN SUCCESSFULLY
[ADMIN] [1/28/2017 00:24] [] ACTIVATE USER ACCESS RIGHT
[ADMIN] [1/28/2017 00:24] [] DISPLAY ADMIN FORM
[ADMIN] [1/28/2017 00:24] [] adminForm Load
[ADMIN] [1/28/2017 00:24] [] ACTIVATE USER ACCESS RIGHT
[ADMIN] [1/28/2017 00:25] [PURCHASE ORDER] PURCHASE ORDER : detailPODataGridView_CellValueChanged [productName]
[ADMIN] [1/28/2017 00:25] [PURCHASE ORDER] PURCHASE ORDER : detailPODataGridView_CellValueChanged [productName]
[ADMIN] [1/28/2017 00:25] [PURCHASE ORDER] PURCHASE ORDER : detailPODataGridView_CellValueChanged [productName]
[ADMIN] [1/28/2017 00:25] [PURCHASE ORDER] PURCHASE ORDER : detailPODataGridView_CellValueChanged [productName]
[ADMIN] [1/28/2017 00:25] [PURCHASE ORDER] PURCHASE ORDER : detailPODataGridView_CellValueChanged [productName]
[ADMIN] [1/28/2017 00:25] [PURCHASE ORDER] PURCHASE ORDER : detailPODataGridView_CellValueChanged [productName]
[ADMIN] [1/28/2017 00:25] [PURCHASE ORDER] PURCHASE ORDER : detailPODataGridView_CellValueChanged [productName]
[ADMIN] [1/28/2017 00:25] [PURCHASE ORDER] PURCHASE ORDER : detailPODataGridView_CellValueChanged [productID]
[ADMIN] [1/28/2017 00:25] [PURCHASE ORDER] updateSomeRowsContent, PRODUCT_BASE_PRICE [11]
[ADMIN] [1/28/2017 00:25] [PURCHASE ORDER] updateSomeRowsContent, attempt to calculate total
[ADMIN] [1/28/2017 00:25] [PURCHASE ORDER] PURCHASE ORDER : detailPODataGridView_CellValueChanged [qty]
[] [1/28/2017 00:26] [] USER = ADMIN IS ACTIVE
[ADMIN] [1/28/2017 00:26] [] USER ID = 1 LOGIN SUCCESSFULLY
[ADMIN] [1/28/2017 00:26] [] ACTIVATE USER ACCESS RIGHT
[ADMIN] [1/28/2017 00:26] [] DISPLAY ADMIN FORM
[ADMIN] [1/28/2017 00:26] [] adminForm Load
[ADMIN] [1/28/2017 00:26] [] ACTIVATE USER ACCESS RIGHT
[ADMIN] [1/28/2017 00:26] [PURCHASE ORDER] PURCHASE ORDER : detailPODataGridView_CellValueChanged [productName]
[ADMIN] [1/28/2017 00:26] [PURCHASE ORDER] PURCHASE ORDER : detailPODataGridView_CellValueChanged [productName]
[ADMIN] [1/28/2017 00:26] [PURCHASE ORDER] PURCHASE ORDER : detailPODataGridView_CellValueChanged [productName]
[ADMIN] [1/28/2017 00:26] [PURCHASE ORDER] PURCHASE ORDER : detailPODataGridView_CellValueChanged [productName]
[ADMIN] [1/28/2017 00:26] [PURCHASE ORDER] PURCHASE ORDER : detailPODataGridView_CellValueChanged [productName]
[ADMIN] [1/28/2017 00:26] [PURCHASE ORDER] PURCHASE ORDER : detailPODataGridView_CellValueChanged [productID]
[ADMIN] [1/28/2017 00:26] [PURCHASE ORDER] updateSomeRowsContent, PRODUCT_BASE_PRICE [11]
[ADMIN] [1/28/2017 00:26] [PURCHASE ORDER] updateSomeRowsContent, attempt to calculate total
[ADMIN] [1/28/2017 00:26] [PURCHASE ORDER] PURCHASE ORDER : detailPODataGridView_CellValueChanged [qty]
[ADMIN] [1/28/2017 00:27] [PURCHASE ORDER] PURCHASE ORDER : detailPODataGridView_CellValueChanged [subTotal]
[ADMIN] [1/28/2017 00:27] [PURCHASE ORDER] PURCHASE ORDER : detailPODataGridView_CellValueChanged [qty]
[ADMIN] [1/28/2017 00:27] [PURCHASE ORDER] PURCHASE ORDER : detailPODataGridView_CellValueChanged [subTotal]
[ADMIN] [1/28/2017 00:27] [PURCHASE ORDER] PURCHASE ORDER : detailPODataGridView_CellValueChanged [qty]
[ADMIN] [1/28/2017 00:27] [PURCHASE ORDER] PURCHASE ORDER : detailPODataGridView_CellValueChanged [HPP]
[ADMIN] [1/28/2017 00:27] [PURCHASE ORDER] PURCHASE ORDER : detailPODataGridView_CellValueChanged [HPP]
[ADMIN] [1/28/2017 00:27] [PURCHASE ORDER] ATTEMPT TO SAVE DATA
[ADMIN] [1/28/2017 00:27] [PURCHASE ORDER] PURCHASE ORDER : detailPODataGridView_CellValueChanged [HPP]
[ADMIN] [1/28/2017 00:27] [PURCHASE ORDER] PURCHASE ORDER : detailPODataGridView_CellValueChanged [HPP]
[ADMIN] [1/28/2017 00:27] [PURCHASE ORDER] PURCHASE ORDER : detailPODataGridView_CellValueChanged [qty]
[ADMIN] [1/28/2017 00:27] [PURCHASE ORDER] PURCHASE ORDER : detailPODataGridView_CellValueChanged [subTotal]
[ADMIN] [1/28/2017 00:27] [PURCHASE ORDER] PURCHASE ORDER : detailPODataGridView_CellValueChanged [qty]
[ADMIN] [1/28/2017 00:27] [PURCHASE ORDER] PURCHASE ORDER : detailPODataGridView_CellValueChanged [subTotal]
[ADMIN] [1/28/2017 00:27] [PURCHASE ORDER] ATTEMPT TO SAVE DATA
[ADMIN] [1/28/2017 00:27] [PURCHASE ORDER] CHECK IF TAX LIMIT SET FOR PERCENTAGE PURCHASE [0]
[ADMIN] [1/28/2017 00:27] [PURCHASE ORDER] CHECK IF TAX LIMIT SET FOR AVERAGE DAILY PURCHASE [0]
[ADMIN] [1/28/2017 00:27] [PURCHASE ORDER] NEW PURCHASE HEADER
[ADMIN] [1/28/2017 00:27] [PURCHASE ORDER] INSERT PURCHASE HEADER DATA [PO-2]
[ADMIN] [1/28/2017 00:27] [PURCHASE ORDER] INSERT DETAIL PURCHASE DATA [105', 11, 22]
[ADMIN] [1/28/2017 00:27] [PURCHASE ORDER] PURCHASE ORDER SAVED
[ADMIN] [1/28/2017 00:27] [PENERIMAAN BARANG] GET PO INVOICE TO RECEIVE
[ADMIN] [1/28/2017 00:28] [PURCHASE ORDER] CHECK IF TAX LIMIT SET FOR PERCENTAGE PURCHASE [0]
[ADMIN] [1/28/2017 00:28] [PURCHASE ORDER] CHECK IF TAX LIMIT SET FOR AVERAGE DAILY PURCHASE [0]
[ADMIN] [1/28/2017 00:28] [PURCHASE ORDER] UPDATE PURCHASE HEADER DATA TO INDICATE PO HAS BEEN PRINTED OUT, THEREFORE UNEDITABLE
[ADMIN] [1/28/2017 00:28] [PURCHASE ORDER] UPDATE FLAG AT PURCHASE HEADER TAX
[ADMIN] [1/28/2017 00:29] [PENERIMAAN BARANG] GET PO INVOICE TO RECEIVE
[ADMIN] [1/28/2017 00:29] [PENERIMAAN BARANG] PO INVOICE TO RECEIVE [PO-2]
[ADMIN] [1/28/2017 00:29] [PENERIMAAN BARANG] PO INVOICE TO RECEIVE [PO-2]
[ADMIN] [1/28/2017 00:29] [PENERIMAAN BARANG] PENERIMAAN BARANG : detailGridView_CellValueChanged []
[ADMIN] [1/28/2017 00:29] [PENERIMAAN BARANG] PENERIMAAN BARANG : detailGridView_CellValueChanged []
[ADMIN] [1/28/2017 00:29] [PENERIMAAN BARANG] SAVE PENERIMAAN BARANG
[ADMIN] [1/28/2017 00:29] [PENERIMAAN BARANG] INSERT PENERIMAAN BARANG [PR-3]
[ADMIN] [1/28/2017 00:29] [PENERIMAAN BARANG] PRICE CHANGE PARAM [105] [0]
[ADMIN] [1/28/2017 00:29] [PENERIMAAN BARANG] SAVE DETAIL PENERIMAAN [105, 11, 22]
[ADMIN] [1/28/2017 00:29] [PENERIMAAN BARANG] UPDATE PRODUCT LOCATION DATA [105'1]
[ADMIN] [1/28/2017 00:29] [PENERIMAAN BARANG] UPDATE MASTER PRODUCT DATA [105]
[ADMIN] [1/28/2017 00:29] [PENERIMAAN BARANG] UPDATE PURCHASE HEADER [PO-2]
[ADMIN] [1/28/2017 00:29] [PENERIMAAN BARANG] UPDATE PURCHASE HEADER TAX [PO-2]
[ADMIN] [1/28/2017 00:29] [PENERIMAAN BARANG] UPDATE PURCHASE HEADER DUE DATE [PO-2]
[ADMIN] [1/28/2017 00:29] [PENERIMAAN BARANG] UPDATE PURCHASE HEADER TAX DUE DATE [PO-2]
[ADMIN] [1/28/2017 00:29] [PENERIMAAN BARANG] INSERT INTO DEBT [PO-2]
[ADMIN] [1/28/2017 00:29] [PENERIMAAN BARANG] PENERIMAAN BARANG SAVED
[ADMIN] [1/28/2017 00:30] [RETUR PEMBELIAN KE SUPPLIER] ATTEMPT TO SAVE TO LOCAL DATA FIRST
[ADMIN] [1/28/2017 00:30] [RETUR PEMBELIAN KE SUPPLIER] ATTEMPT TO SAVE TO LOCAL DATA FIRST
[ADMIN] [1/28/2017 00:30] [RETUR PERMINTAAN KE PUSAT] updateSomeRowsContent, PRODUCT_BASE_PRICE [11]
[ADMIN] [1/28/2017 00:30] [RETUR PERMINTAAN KE PUSAT] updateSomeRowsContent, attempt to calculate total
[ADMIN] [1/28/2017 00:31] [PENERIMAAN BARANG] PENERIMAAN BARANG : detailGridView_CellValueChanged []
[ADMIN] [1/28/2017 00:31] [PENERIMAAN BARANG] PENERIMAAN BARANG : detailGridView_CellValueChanged []
[ADMIN] [1/28/2017 00:31] [PENERIMAAN BARANG] PENERIMAAN BARANG : detailGridView_CellValueChanged []
[ADMIN] [1/28/2017 00:31] [PENJUALAN] CASHIER FORM : ComboBox_SelectedIndexChanged, PRODUCT_BASE_PRICE [11]
[ADMIN] [1/28/2017 00:31] [PENERIMAAN BARANG] PENERIMAAN BARANG : detailGridView_CellValueChanged []
[ADMIN] [1/28/2017 00:31] [PENERIMAAN BARANG] PENERIMAAN BARANG : detailGridView_CellValueChanged []
[ADMIN] [1/28/2017 00:31] [PENERIMAAN BARANG] PENERIMAAN BARANG : detailGridView_CellValueChanged []
[ADMIN] [1/28/2017 00:31] [PENJUALAN] CASHIER FORM : ComboBox_SelectedIndexChanged, attempt to calculate total
[ADMIN] [1/28/2017 00:31] [PENERIMAAN BARANG] PENERIMAAN BARANG : detailGridView_CellValueChanged []
[ADMIN] [1/28/2017 00:31] [PENERIMAAN BARANG] PENERIMAAN BARANG : detailGridView_CellValueChanged []
[ADMIN] [1/28/2017 00:31] [PENERIMAAN BARANG] PENERIMAAN BARANG : detailGridView_CellValueChanged []
[ADMIN] [1/28/2017 00:31] [PENERIMAAN BARANG] PENERIMAAN BARANG : detailGridView_CellValueChanged []
[ADMIN] [1/28/2017 00:31] [PENERIMAAN BARANG] PENERIMAAN BARANG : detailGridView_CellValueChanged []
[ADMIN] [1/28/2017 00:31] [PENERIMAAN BARANG] PENERIMAAN BARANG : detailGridView_CellValueChanged []
[ADMIN] [1/28/2017 00:31] [PENERIMAAN BARANG] PENERIMAAN BARANG : detailGridView_CellValueChanged []
[ADMIN] [1/28/2017 00:31] [PENERIMAAN BARANG] PENERIMAAN BARANG : detailGridView_CellValueChanged []
[ADMIN] [1/28/2017 00:31] [PENERIMAAN BARANG] PENERIMAAN BARANG : detailGridView_CellValueChanged []
[ADMIN] [1/28/2017 00:31] [PENERIMAAN BARANG] PENERIMAAN BARANG : detailGridView_CellValueChanged []
[ADMIN] [1/28/2017 00:31] [PENERIMAAN BARANG] PENERIMAAN BARANG : detailGridView_CellValueChanged []
[ADMIN] [1/28/2017 00:31] [PENERIMAAN BARANG] PENERIMAAN BARANG : detailGridView_CellValueChanged []
[ADMIN] [1/28/2017 00:31] [PENERIMAAN BARANG] PENERIMAAN BARANG : detailGridView_CellValueChanged []
[ADMIN] [1/28/2017 00:31] [PENERIMAAN BARANG] PENERIMAAN BARANG : detailGridView_CellValueChanged []
[ADMIN] [1/28/2017 00:31] [] USER ID = 1LOGOUT
