[] [1/28/2017 23:48] [] USER = ADMIN IS ACTIVE
[ADMIN] [1/28/2017 23:48] [] USER ID = 1 LOGIN SUCCESSFULLY
[ADMIN] [1/28/2017 23:48] [] ACTIVATE USER ACCESS RIGHT
[ADMIN] [1/28/2017 23:48] [] DISPLAY ADMIN FORM
[ADMIN] [1/28/2017 23:48] [] adminForm Load
[ADMIN] [1/28/2017 23:48] [] ACTIVATE USER ACCESS RIGHT
[ADMIN] [1/28/2017 23:48] [PENJUALAN] CASHIER FORM : REGISTER HOTKEY
[ADMIN] [1/28/2017 23:48] [PENJUALAN] CASHIER FORM : calculateTotal
[ADMIN] [1/28/2017 23:48] [PENJUALAN] CASHIER FORM : calculateTotal [0]
[ADMIN] [1/28/2017 23:48] [PENJUALAN] CASHIER FORM : calculateTotal, totalAfterDisc [0]
[ADMIN] [1/28/2017 23:48] [PENJUALAN] CASHIER FORM : calculateChangeValue, bayarTextBox.Text [0]
[ADMIN] [1/28/2017 23:48] [PENJUALAN] CASHIER FORM : calculateChangeValue, sisaBayar [0]
[ADMIN] [1/28/2017 23:48] [PENJUALAN] CASHIER FORM : REGISTER HOTKEY
[ADMIN] [1/28/2017 23:48] [PENJUALAN] CASHIER FORM : UNREGISTER HOTKEY
[ADMIN] [1/28/2017 23:48] [PENJUALAN] CASHIER FORM : UNREGISTER HOTKEY
[ADMIN] [1/28/2017 23:48] [PENJUALAN] CASHIER FORM : REGISTER HOTKEY
[ADMIN] [1/28/2017 23:48] [PENJUALAN] CASHIER FORM : ADD NEW ROW,  isActive [True]
[ADMIN] [1/28/2017 23:48] [PENJUALAN] CASHIER FORM : ADD NEW ROW,  ROW COUNT [0]
[ADMIN] [1/28/2017 23:48] [PENJUALAN] CASHIER FORM : ADD NEW ROW,  ALLOW TO ADD [True]
[ADMIN] [1/28/2017 23:48] [PENJUALAN] CASHIER FORM : REGISTER HOTKEY
[ADMIN] [1/28/2017 23:48] [PENJUALAN] CASHIER FORM : UNREGISTER HOTKEY
[ADMIN] [1/28/2017 23:48] [PENJUALAN] CASHIER FORM : REGISTER HOTKEY
[ADMIN] [1/28/2017 23:48] [PENJUALAN] RE-PRINT INVOICE
[ADMIN] [1/28/2017 23:48] [PENJUALAN] CASHIER FORM : PrintReceipt
[ADMIN] [1/28/2017 23:48] [PENJUALAN] CASHIER FORM : PrintReceipt, papermode [0]
[ADMIN] [1/28/2017 23:48] [PENJUALAN] CASHIER FORM : PrintReceipt, display SalesReceiptForm
[ADMIN] [1/28/2017 23:48] [PENJUALAN] CASHIER FORM : UNREGISTER HOTKEY
[ADMIN] [1/28/2017 23:48] [PENJUALAN] CASHIER FORM : REGISTER HOTKEY
[ADMIN] [1/28/2017 23:48] [PENJUALAN] CASHIER FORM : UNREGISTER HOTKEY
[ADMIN] [1/28/2017 23:48] [PENJUALAN] CASHIER FORM : REGISTER HOTKEY
[ADMIN] [1/28/2017 23:49] [PENJUALAN] CASHIER FORM : UNREGISTER HOTKEY
[] [1/28/2017 23:52] [] USER = ADMIN IS ACTIVE
[ADMIN] [1/28/2017 23:52] [] USER ID = 1 LOGIN SUCCESSFULLY
[ADMIN] [1/28/2017 23:52] [] ACTIVATE USER ACCESS RIGHT
[ADMIN] [1/28/2017 23:52] [] DISPLAY ADMIN FORM
[ADMIN] [1/28/2017 23:52] [] adminForm Load
[ADMIN] [1/28/2017 23:52] [] ACTIVATE USER ACCESS RIGHT
[ADMIN] [1/28/2017 23:53] [PENJUALAN] CASHIER FORM : REGISTER HOTKEY
[ADMIN] [1/28/2017 23:53] [PENJUALAN] CASHIER FORM : ADD NEW ROW,  isActive [True]
[ADMIN] [1/28/2017 23:53] [PENJUALAN] CASHIER FORM : ADD NEW ROW,  ROW COUNT [0]
[ADMIN] [1/28/2017 23:53] [PENJUALAN] CASHIER FORM : ADD NEW ROW,  ALLOW TO ADD [True]
[ADMIN] [1/28/2017 23:53] [PENJUALAN] CASHIER FORM : REGISTER HOTKEY
[ADMIN] [1/28/2017 23:53] [PENJUALAN] CASHIER FORM : calculateChangeValue, bayarTextBox.Text [22]
[ADMIN] [1/28/2017 23:53] [PENJUALAN] CASHIER FORM : calculateChangeValue, sisaBayar [0]
[ADMIN] [1/28/2017 23:53] [PENJUALAN] CASHIER FORM : UNREGISTER HOTKEY
[ADMIN] [1/28/2017 23:53] [PENJUALAN] CASHIER FORM : REGISTER HOTKEY
[ADMIN] [1/28/2017 23:53] [PENJUALAN] ATTEMPT TO SAVE AND PRINT OUT INVOICE
[ADMIN] [1/28/2017 23:53] [PENJUALAN] CASHIER FORM : UNREGISTER HOTKEY
[ADMIN] [1/28/2017 23:53] [PENJUALAN] CASHIER FORM : REGISTER HOTKEY
[ADMIN] [1/28/2017 23:53] [PENJUALAN] CASHIER FORM : UNREGISTER HOTKEY
[ADMIN] [1/28/2017 23:53] [PENJUALAN] CASHIER FORM : REGISTER HOTKEY
[ADMIN] [1/28/2017 23:53] [PENJUALAN] CASHIER FORM : HOTKEY TO SAVE AND PRINT OUT INVOICE PRESSED
[ADMIN] [1/28/2017 23:53] [PENJUALAN] CASHIER FORM : UNREGISTER HOTKEY
[] [1/28/2017 23:58] [] USER = ADMIN IS ACTIVE
[ADMIN] [1/28/2017 23:58] [] USER ID = 1 LOGIN SUCCESSFULLY
[ADMIN] [1/28/2017 23:58] [] ACTIVATE USER ACCESS RIGHT
[ADMIN] [1/28/2017 23:58] [] DISPLAY ADMIN FORM
[ADMIN] [1/28/2017 23:58] [] adminForm Load
[ADMIN] [1/28/2017 23:58] [] ACTIVATE USER ACCESS RIGHT
[ADMIN] [1/28/2017 23:58] [PENJUALAN] CASHIER FORM : REGISTER HOTKEY
[ADMIN] [1/28/2017 23:58] [PENJUALAN] CASHIER FORM : ADD NEW ROW,  isActive [True]
[ADMIN] [1/28/2017 23:58] [PENJUALAN] CASHIER FORM : ADD NEW ROW,  ROW COUNT [0]
[ADMIN] [1/28/2017 23:58] [PENJUALAN] CASHIER FORM : ADD NEW ROW,  ALLOW TO ADD [True]
[ADMIN] [1/28/2017 23:58] [PENJUALAN] CASHIER FORM : REGISTER HOTKEY
[ADMIN] [1/28/2017 23:58] [PENJUALAN] CASHIER FORM : calculateChangeValue, bayarTextBox.Text [22]
[ADMIN] [1/28/2017 23:58] [PENJUALAN] CASHIER FORM : calculateChangeValue, sisaBayar [0]
[ADMIN] [1/28/2017 23:59] [PENJUALAN] CASHIER FORM : UNREGISTER HOTKEY
[ADMIN] [1/28/2017 23:59] [PENJUALAN] CASHIER FORM : REGISTER HOTKEY
[ADMIN] [1/28/2017 23:59] [PENJUALAN] CASHIER FORM : UNREGISTER HOTKEY
[ADMIN] [1/28/2017 23:59] [PENJUALAN] CASHIER FORM : REGISTER HOTKEY
[ADMIN] [1/28/2017 23:59] [PENJUALAN] ATTEMPT TO SAVE AND PRINT OUT INVOICE
[ADMIN] [1/28/2017 23:59] [PENJUALAN] CASHIER FORM : UNREGISTER HOTKEY
[ADMIN] [1/28/2017 23:59] [PENJUALAN] CASHIER FORM : REGISTER HOTKEY
[ADMIN] [1/28/2017 23:59] [PENJUALAN] CASHIER FORM : UNREGISTER HOTKEY
[ADMIN] [1/28/2017 23:59] [PENJUALAN] CASHIER FORM : ATTEMPT TO SAVE SALES DATA [28-01-2017 23:59]
[ADMIN] [1/28/2017 23:59] [PENJUALAN] CASHIER FORM : SALES DISC FINAL [0]
[ADMIN] [1/28/2017 23:59] [PENJUALAN] CASHIER FORM : CASH SALES
[ADMIN] [1/28/2017 23:59] [PENJUALAN] CHECK IF TAX LIMIT SET FOR PERCENTAGE PURCHASE [0]
[ADMIN] [1/28/2017 23:59] [PENJUALAN] CHECK IF TAX LIMIT SET FOR AVERAGE DAILY PURCHASE [0]
[ADMIN] [1/28/2017 23:59] [PENJUALAN] CASHIER FORM : NO FAKTUR [SLO001]
[ADMIN] [1/28/2017 23:59] [PENJUALAN] CASHIER FORM : MAX SALES INVOICE [0]
[ADMIN] [1/28/2017 23:59] [PENJUALAN] CASHIER FORM : SALES INVOICE [SLO001-1]
[ADMIN] [1/28/2017 23:59] [PENJUALAN] INSERT INTO SALES HEADER [SLO001-1]
[ADMIN] [1/28/2017 23:59] [PENJUALAN] EXCEPTION THROWN [Truncated incorrect date value: '28-01-2017 23:59']
[ADMIN] [1/28/2017 23:59] [PENJUALAN] CASHIER FORM : REGISTER HOTKEY
[ADMIN] [1/28/2017 23:59] [PENJUALAN] CASHIER FORM : UNREGISTER HOTKEY
[ADMIN] [1/28/2017 23:59] [PENJUALAN] CASHIER FORM : REGISTER HOTKEY
[] [1/28/2017 23:59] [] USER = ADMIN IS ACTIVE
[ADMIN] [1/29/2017 00:00] [] USER ID = 1 LOGIN SUCCESSFULLY
[ADMIN] [1/29/2017 00:00] [] ACTIVATE USER ACCESS RIGHT
[ADMIN] [1/29/2017 00:00] [] DISPLAY ADMIN FORM
[ADMIN] [1/29/2017 00:00] [] adminForm Load
[ADMIN] [1/29/2017 00:00] [] ACTIVATE USER ACCESS RIGHT
[ADMIN] [1/29/2017 00:00] [PENJUALAN] CASHIER FORM : REGISTER HOTKEY
[ADMIN] [1/29/2017 00:00] [PENJUALAN] CASHIER FORM : ADD NEW ROW,  isActive [True]
[ADMIN] [1/29/2017 00:00] [PENJUALAN] CASHIER FORM : ADD NEW ROW,  ROW COUNT [0]
[ADMIN] [1/29/2017 00:00] [PENJUALAN] CASHIER FORM : ADD NEW ROW,  ALLOW TO ADD [True]
[ADMIN] [1/29/2017 00:00] [PENJUALAN] CASHIER FORM : REGISTER HOTKEY
[ADMIN] [1/29/2017 00:00] [PENJUALAN] CASHIER FORM : calculateChangeValue, bayarTextBox.Text [22]
[ADMIN] [1/29/2017 00:00] [PENJUALAN] CASHIER FORM : calculateChangeValue, sisaBayar [0]
[ADMIN] [1/29/2017 00:00] [PENJUALAN] CASHIER FORM : UNREGISTER HOTKEY
[ADMIN] [1/29/2017 00:00] [PENJUALAN] CASHIER FORM : REGISTER HOTKEY
[ADMIN] [1/29/2017 00:00] [PENJUALAN] CASHIER FORM : UNREGISTER HOTKEY
[ADMIN] [1/29/2017 00:00] [PENJUALAN] CASHIER FORM : REGISTER HOTKEY
[ADMIN] [1/29/2017 00:00] [PENJUALAN] ATTEMPT TO SAVE AND PRINT OUT INVOICE
[ADMIN] [1/29/2017 00:00] [PENJUALAN] CASHIER FORM : UNREGISTER HOTKEY
[ADMIN] [1/29/2017 00:00] [PENJUALAN] CASHIER FORM : REGISTER HOTKEY
[ADMIN] [1/29/2017 00:00] [PENJUALAN] CASHIER FORM : UNREGISTER HOTKEY
[ADMIN] [1/29/2017 00:00] [PENJUALAN] CASHIER FORM : ATTEMPT TO SAVE SALES DATA [29-01-2017 00:00]
[ADMIN] [1/29/2017 00:00] [PENJUALAN] CASHIER FORM : SALES DISC FINAL [0]
[ADMIN] [1/29/2017 00:00] [PENJUALAN] CASHIER FORM : CASH SALES
[ADMIN] [1/29/2017 00:00] [PENJUALAN] CHECK IF TAX LIMIT SET FOR PERCENTAGE PURCHASE [0]
[ADMIN] [1/29/2017 00:00] [PENJUALAN] CHECK IF TAX LIMIT SET FOR AVERAGE DAILY PURCHASE [0]
[ADMIN] [1/29/2017 00:00] [PENJUALAN] CASHIER FORM : NO FAKTUR [SLO001]
[ADMIN] [1/29/2017 00:00] [PENJUALAN] CASHIER FORM : MAX SALES INVOICE [0]
[ADMIN] [1/29/2017 00:00] [PENJUALAN] CASHIER FORM : SALES INVOICE [SLO001-1]
[ADMIN] [1/29/2017 00:00] [PENJUALAN] INSERT INTO SALES HEADER [SLO001-1]
[] [1/29/2017 00:03] [] USER = ADMIN IS ACTIVE
[ADMIN] [1/29/2017 00:03] [] USER ID = 1 LOGIN SUCCESSFULLY
[ADMIN] [1/29/2017 00:03] [] ACTIVATE USER ACCESS RIGHT
[ADMIN] [1/29/2017 00:03] [] DISPLAY ADMIN FORM
[ADMIN] [1/29/2017 00:03] [] adminForm Load
[ADMIN] [1/29/2017 00:03] [] ACTIVATE USER ACCESS RIGHT
[ADMIN] [1/29/2017 00:04] [PENJUALAN] CASHIER FORM : REGISTER HOTKEY
[ADMIN] [1/29/2017 00:04] [PENJUALAN] CASHIER FORM : ADD NEW ROW,  isActive [True]
[ADMIN] [1/29/2017 00:04] [PENJUALAN] CASHIER FORM : ADD NEW ROW,  ROW COUNT [0]
[ADMIN] [1/29/2017 00:04] [PENJUALAN] CASHIER FORM : ADD NEW ROW,  ALLOW TO ADD [True]
[ADMIN] [1/29/2017 00:04] [PENJUALAN] CASHIER FORM : REGISTER HOTKEY
[ADMIN] [1/29/2017 00:04] [PENJUALAN] CASHIER FORM : cashierDataGridView_CellValueChanged [productName]
[ADMIN] [1/29/2017 00:04] [PENJUALAN] CASHIER FORM : cashierDataGridView_CellValueChanged [productName]
[ADMIN] [1/29/2017 00:04] [PENJUALAN] CASHIER FORM : UNREGISTER HOTKEY
[ADMIN] [1/29/2017 00:04] [PENJUALAN] CASHIER FORM : REGISTER HOTKEY
[ADMIN] [1/29/2017 00:04] [PENJUALAN] CASHIER FORM : cashierDataGridView_CellValueChanged [productName]
[ADMIN] [1/29/2017 00:04] [PENJUALAN] CASHIER FORM : cashierDataGridView_CellValueChanged [productPrice]
[ADMIN] [1/29/2017 00:04] [PENJUALAN] CASHIER FORM : TextBox_TextChanged, previousInput []
[ADMIN] [1/29/2017 00:04] [PENJUALAN] CASHIER FORM : TextBox_TextChanged, dataGridViewTextBoxEditingControl.Text pass REGEX Checking
[ADMIN] [1/29/2017 00:04] [PENJUALAN] CASHIER FORM : CALCULATE SUBTOTAL
[ADMIN] [1/29/2017 00:04] [PENJUALAN] CASHIER FORM : SUBTOTAL [0]
[ADMIN] [1/29/2017 00:04] [PENJUALAN] CASHIER FORM : TextBox_TextChanged, subtotal value [0]
[ADMIN] [1/29/2017 00:04] [PENJUALAN] CASHIER FORM : TextBox_TextChanged, attempt to calculate total value
[ADMIN] [1/29/2017 00:04] [PENJUALAN] CASHIER FORM : calculateTotal
[ADMIN] [1/29/2017 00:04] [PENJUALAN] CASHIER FORM : calculateTotal [0]
[ADMIN] [1/29/2017 00:04] [PENJUALAN] CASHIER FORM : calculateTotal, totalAfterDisc [0]
[ADMIN] [1/29/2017 00:04] [PENJUALAN] CASHIER FORM : calculateChangeValue, bayarTextBox.Text [0]
[ADMIN] [1/29/2017 00:04] [PENJUALAN] CASHIER FORM : calculateChangeValue, sisaBayar [0]
[ADMIN] [1/29/2017 00:04] [PENJUALAN] CASHIER FORM : cashierDataGridView_CellValueChanged [qty]
[ADMIN] [1/29/2017 00:04] [PENJUALAN] CASHIER FORM : TextBox_TextChanged, previousInput []
[ADMIN] [1/29/2017 00:04] [PENJUALAN] CASHIER FORM : TextBox_TextChanged, dataGridViewTextBoxEditingControl.Text pass REGEX Checking
[ADMIN] [1/29/2017 00:04] [] CHECK STOCK QTY IS ENOUGH [105]
[ADMIN] [1/29/2017 00:04] [] CHECK STOCK QTY IS ENOUGH [43, 0]
[ADMIN] [1/29/2017 00:04] [PENJUALAN] CASHIER FORM : CALCULATE SUBTOTAL
[ADMIN] [1/29/2017 00:04] [PENJUALAN] CASHIER FORM : SUBTOTAL [0]
[ADMIN] [1/29/2017 00:04] [PENJUALAN] CASHIER FORM : TextBox_TextChanged, subtotal value [0]
[ADMIN] [1/29/2017 00:04] [PENJUALAN] CASHIER FORM : TextBox_TextChanged, attempt to calculate total value
[ADMIN] [1/29/2017 00:04] [PENJUALAN] CASHIER FORM : calculateTotal
[ADMIN] [1/29/2017 00:04] [PENJUALAN] CASHIER FORM : calculateTotal [0]
[ADMIN] [1/29/2017 00:04] [PENJUALAN] CASHIER FORM : calculateTotal, totalAfterDisc [0]
[ADMIN] [1/29/2017 00:04] [PENJUALAN] CASHIER FORM : calculateChangeValue, bayarTextBox.Text [0]
[ADMIN] [1/29/2017 00:04] [PENJUALAN] CASHIER FORM : calculateChangeValue, sisaBayar [0]
[ADMIN] [1/29/2017 00:04] [PENJUALAN] CASHIER FORM : cashierDataGridView_CellValueChanged [jumlah]
[ADMIN] [1/29/2017 00:04] [PENJUALAN] CASHIER FORM : calculateTotal
[ADMIN] [1/29/2017 00:04] [PENJUALAN] CASHIER FORM : calculateTotal [0]
[ADMIN] [1/29/2017 00:04] [PENJUALAN] CASHIER FORM : calculateTotal, totalAfterDisc [0]
[ADMIN] [1/29/2017 00:04] [PENJUALAN] CASHIER FORM : calculateChangeValue, bayarTextBox.Text [0]
[ADMIN] [1/29/2017 00:04] [PENJUALAN] CASHIER FORM : calculateChangeValue, sisaBayar [0]
[ADMIN] [1/29/2017 00:04] [PENJUALAN] CASHIER FORM : UNREGISTER HOTKEY
[ADMIN] [1/29/2017 00:04] [PENJUALAN] CASHIER FORM : REGISTER HOTKEY
[ADMIN] [1/29/2017 00:04] [PENJUALAN] CASHIER FORM : UNREGISTER HOTKEY
[ADMIN] [1/29/2017 00:04] [PENJUALAN] CASHIER FORM : REGISTER HOTKEY
[ADMIN] [1/29/2017 00:04] [PENJUALAN] ATTEMPT TO SAVE AND PRINT OUT INVOICE
[ADMIN] [1/29/2017 00:04] [PENJUALAN] CASHIER FORM : UNREGISTER HOTKEY
[ADMIN] [1/29/2017 00:04] [PENJUALAN] CASHIER FORM : UNREGISTER HOTKEY
[ADMIN] [1/29/2017 00:04] [PENJUALAN] CASHIER FORM : REGISTER HOTKEY
[ADMIN] [1/29/2017 00:04] [PENJUALAN] CASHIER FORM : ADD NEW ROW,  isActive [True]
[ADMIN] [1/29/2017 00:04] [PENJUALAN] CASHIER FORM : ADD NEW ROW,  ROW COUNT [0]
[ADMIN] [1/29/2017 00:04] [PENJUALAN] CASHIER FORM : ADD NEW ROW,  ALLOW TO ADD [True]
[ADMIN] [1/29/2017 00:04] [PENJUALAN] CASHIER FORM : REGISTER HOTKEY
[ADMIN] [1/29/2017 00:04] [PENJUALAN] CASHIER FORM : calculateChangeValue, bayarTextBox.Text [22]
[ADMIN] [1/29/2017 00:04] [PENJUALAN] CASHIER FORM : calculateChangeValue, sisaBayar [0]
[ADMIN] [1/29/2017 00:04] [PENJUALAN] CASHIER FORM : UNREGISTER HOTKEY
[ADMIN] [1/29/2017 00:04] [PENJUALAN] CASHIER FORM : REGISTER HOTKEY
[ADMIN] [1/29/2017 00:04] [PENJUALAN] CASHIER FORM : UNREGISTER HOTKEY
[ADMIN] [1/29/2017 00:04] [PENJUALAN] CASHIER FORM : REGISTER HOTKEY
[ADMIN] [1/29/2017 00:04] [PENJUALAN] ATTEMPT TO SAVE AND PRINT OUT INVOICE
[ADMIN] [1/29/2017 00:04] [PENJUALAN] CASHIER FORM : UNREGISTER HOTKEY
[ADMIN] [1/29/2017 00:04] [PENJUALAN] CASHIER FORM : REGISTER HOTKEY
[ADMIN] [1/29/2017 00:04] [PENJUALAN] CASHIER FORM : UNREGISTER HOTKEY
[ADMIN] [1/29/2017 00:04] [PENJUALAN] CASHIER FORM : ATTEMPT TO SAVE SALES DATA [29-01-2017 00:04]
[ADMIN] [1/29/2017 00:04] [PENJUALAN] CASHIER FORM : SALES DISC FINAL [0]
[ADMIN] [1/29/2017 00:04] [PENJUALAN] CASHIER FORM : CASH SALES
[ADMIN] [1/29/2017 00:04] [PENJUALAN] CHECK IF TAX LIMIT SET FOR PERCENTAGE PURCHASE [0]
[ADMIN] [1/29/2017 00:04] [PENJUALAN] CHECK IF TAX LIMIT SET FOR AVERAGE DAILY PURCHASE [0]
[ADMIN] [1/29/2017 00:04] [PENJUALAN] CASHIER FORM : NO FAKTUR [SLO001]
[ADMIN] [1/29/2017 00:04] [PENJUALAN] CASHIER FORM : MAX SALES INVOICE [0]
[ADMIN] [1/29/2017 00:04] [PENJUALAN] CASHIER FORM : SALES INVOICE [SLO001-1]
[ADMIN] [1/29/2017 00:05] [PENJUALAN] INSERT INTO SALES HEADER [SLO001-1]
[ADMIN] [1/29/2017 00:05] [PENJUALAN] INSERT INTO SALES DETAIL[105, 11, 2]
[ADMIN] [1/29/2017 00:05] [PENJUALAN] INSERT TO CREDIT TABLE [SLO001-1]
[ADMIN] [1/29/2017 00:05] [PENJUALAN] INSERT TO DAILY JOURNAL TABLE [22]
[ADMIN] [1/29/2017 00:05] [PENJUALAN] CASHIER FORM : REGISTER HOTKEY
[ADMIN] [1/29/2017 00:05] [PENJUALAN] TRANSACTION SAVED
[ADMIN] [1/29/2017 00:05] [PENJUALAN] PRINT OUT INVOICE
[ADMIN] [1/29/2017 00:05] [PENJUALAN] CASHIER FORM : PrintReceipt
[ADMIN] [1/29/2017 00:05] [PENJUALAN] CASHIER FORM : PrintReceipt, papermode [0]
[ADMIN] [1/29/2017 00:05] [PENJUALAN] CASHIER FORM : UNREGISTER HOTKEY
[ADMIN] [1/29/2017 00:05] [PENJUALAN] CASHIER FORM : PrintReceipt, display SalesReceiptForm
[ADMIN] [1/29/2017 00:05] [PENJUALAN] CASHIER FORM : REGISTER HOTKEY
[ADMIN] [1/29/2017 00:05] [PENJUALAN] CASHIER FORM : UNREGISTER HOTKEY
[ADMIN] [1/29/2017 00:07] [PENJUALAN] CASHIER FORM : REGISTER HOTKEY
[ADMIN] [1/29/2017 00:07] [PENJUALAN] VALIDATE USER CREDIT STATUS
[ADMIN] [1/29/2017 00:07] [PENJUALAN] CASHIER FORM : UNREGISTER HOTKEY
[ADMIN] [1/29/2017 00:07] [PENJUALAN] CASHIER FORM : REGISTER HOTKEY
[ADMIN] [1/29/2017 00:07] [PENJUALAN] CASHIER FORM : UNREGISTER HOTKEY
[ADMIN] [1/29/2017 00:07] [PENJUALAN] CASHIER FORM : UNREGISTER HOTKEY
[ADMIN] [1/29/2017 00:07] [PENJUALAN] CASHIER FORM : REGISTER HOTKEY
[ADMIN] [1/29/2017 00:07] [PENJUALAN] CASHIER FORM : ADD NEW ROW,  isActive [True]
[ADMIN] [1/29/2017 00:07] [PENJUALAN] CASHIER FORM : ADD NEW ROW,  ROW COUNT [0]
[ADMIN] [1/29/2017 00:07] [PENJUALAN] CASHIER FORM : ADD NEW ROW,  ALLOW TO ADD [True]
[ADMIN] [1/29/2017 00:07] [PENJUALAN] CASHIER FORM : REGISTER HOTKEY
[ADMIN] [1/29/2017 00:08] [PENJUALAN] CASHIER FORM : UNREGISTER HOTKEY
[ADMIN] [1/29/2017 00:08] [PENJUALAN] CASHIER FORM : REGISTER HOTKEY
[ADMIN] [1/29/2017 00:08] [PENJUALAN] CASHIER FORM : UNREGISTER HOTKEY
[ADMIN] [1/29/2017 00:08] [PENJUALAN] CASHIER FORM : REGISTER HOTKEY
[ADMIN] [1/29/2017 00:08] [PENJUALAN] ATTEMPT TO SAVE AND PRINT OUT INVOICE
[ADMIN] [1/29/2017 00:08] [PENJUALAN] CASHIER FORM : UNREGISTER HOTKEY
[ADMIN] [1/29/2017 00:08] [PENJUALAN] CASHIER FORM : REGISTER HOTKEY
[ADMIN] [1/29/2017 00:08] [PENJUALAN] CASHIER FORM : calculateChangeValue, bayarTextBox.Text [22]
[ADMIN] [1/29/2017 00:08] [PENJUALAN] CASHIER FORM : calculateChangeValue, sisaBayar [0]
[ADMIN] [1/29/2017 00:08] [PENJUALAN] CASHIER FORM : UNREGISTER HOTKEY
[ADMIN] [1/29/2017 00:08] [PENJUALAN] CASHIER FORM : REGISTER HOTKEY
[ADMIN] [1/29/2017 00:08] [PENJUALAN] CASHIER FORM : UNREGISTER HOTKEY
[ADMIN] [1/29/2017 00:08] [PENJUALAN] CASHIER FORM : REGISTER HOTKEY
[ADMIN] [1/29/2017 00:08] [PENJUALAN] ATTEMPT TO SAVE AND PRINT OUT INVOICE
[ADMIN] [1/29/2017 00:08] [PENJUALAN] CASHIER FORM : UNREGISTER HOTKEY
[ADMIN] [1/29/2017 00:08] [PENJUALAN] CASHIER FORM : REGISTER HOTKEY
[ADMIN] [1/29/2017 00:08] [PENJUALAN] CASHIER FORM : UNREGISTER HOTKEY
[ADMIN] [1/29/2017 00:08] [PENJUALAN] CASHIER FORM : ATTEMPT TO SAVE SALES DATA [29-01-2017 00:08]
[ADMIN] [1/29/2017 00:08] [PENJUALAN] CASHIER FORM : SALES DISC FINAL [0]
[ADMIN] [1/29/2017 00:08] [PENJUALAN] CASHIER FORM : CASH SALES
[ADMIN] [1/29/2017 00:08] [PENJUALAN] CHECK IF TAX LIMIT SET FOR PERCENTAGE PURCHASE [0]
[ADMIN] [1/29/2017 00:08] [PENJUALAN] CHECK IF TAX LIMIT SET FOR AVERAGE DAILY PURCHASE [0]
[ADMIN] [1/29/2017 00:08] [PENJUALAN] CASHIER FORM : NO FAKTUR [SLO001]
[ADMIN] [1/29/2017 00:08] [PENJUALAN] CASHIER FORM : MAX SALES INVOICE [1]
[ADMIN] [1/29/2017 00:08] [PENJUALAN] CASHIER FORM : SALES INVOICE [SLO001-2]
[ADMIN] [1/29/2017 00:08] [PENJUALAN] INSERT INTO SALES HEADER [SLO001-2]
[ADMIN] [1/29/2017 00:08] [PENJUALAN] INSERT INTO SALES DETAIL[105, 11, 2]
[ADMIN] [1/29/2017 00:08] [PENJUALAN] INSERT TO CREDIT TABLE [SLO001-2]
[ADMIN] [1/29/2017 00:08] [PENJUALAN] INSERT TO DAILY JOURNAL TABLE [22]
[ADMIN] [1/29/2017 00:08] [PENJUALAN] CASHIER FORM : REGISTER HOTKEY
[ADMIN] [1/29/2017 00:08] [PENJUALAN] TRANSACTION SAVED
[ADMIN] [1/29/2017 00:08] [PENJUALAN] PRINT OUT INVOICE
[ADMIN] [1/29/2017 00:08] [PENJUALAN] CASHIER FORM : PrintReceipt
[ADMIN] [1/29/2017 00:08] [PENJUALAN] CASHIER FORM : PrintReceipt, papermode [0]
[ADMIN] [1/29/2017 00:08] [PENJUALAN] CASHIER FORM : UNREGISTER HOTKEY
[] [1/29/2017 00:10] [] USER = ADMIN IS ACTIVE
[ADMIN] [1/29/2017 00:10] [] USER ID = 1 LOGIN SUCCESSFULLY
[ADMIN] [1/29/2017 00:10] [] ACTIVATE USER ACCESS RIGHT
[ADMIN] [1/29/2017 00:10] [] DISPLAY ADMIN FORM
[ADMIN] [1/29/2017 00:10] [] adminForm Load
[ADMIN] [1/29/2017 00:10] [] ACTIVATE USER ACCESS RIGHT
[ADMIN] [1/29/2017 00:10] [PENJUALAN] CASHIER FORM : REGISTER HOTKEY
[ADMIN] [1/29/2017 00:10] [PENJUALAN] CASHIER FORM : calculateTotal
[ADMIN] [1/29/2017 00:10] [PENJUALAN] CASHIER FORM : calculateTotal [0]
[ADMIN] [1/29/2017 00:10] [PENJUALAN] CASHIER FORM : calculateTotal, totalAfterDisc [0]
[ADMIN] [1/29/2017 00:10] [PENJUALAN] CASHIER FORM : calculateChangeValue, bayarTextBox.Text [0]
[ADMIN] [1/29/2017 00:10] [PENJUALAN] CASHIER FORM : calculateChangeValue, sisaBayar [0]
[ADMIN] [1/29/2017 00:10] [PENJUALAN] CASHIER FORM : REGISTER HOTKEY
[ADMIN] [1/29/2017 00:10] [PENJUALAN] CASHIER FORM : UNREGISTER HOTKEY
[ADMIN] [1/29/2017 00:10] [PENJUALAN] CASHIER FORM : REGISTER HOTKEY
[ADMIN] [1/29/2017 00:10] [PENJUALAN] CASHIER FORM : HOTKEY TO ADD NEW ROW PRESSED
[ADMIN] [1/29/2017 00:10] [PENJUALAN] CASHIER FORM : ADD NEW ROW,  isActive [True]
[ADMIN] [1/29/2017 00:10] [PENJUALAN] CASHIER FORM : ADD NEW ROW,  ROW COUNT [0]
[ADMIN] [1/29/2017 00:10] [PENJUALAN] CASHIER FORM : ADD NEW ROW,  ALLOW TO ADD [True]
[ADMIN] [1/29/2017 00:10] [PENJUALAN] CASHIER FORM : cashierDataGridView_CellValueChanged [F8]
[ADMIN] [1/29/2017 00:10] [PENJUALAN] CASHIER FORM : cashierDataGridView_CellValueChanged [hpp]
[ADMIN] [1/29/2017 00:10] [PENJUALAN] CASHIER FORM : cashierDataGridView_CellValueChanged [productPrice]
[ADMIN] [1/29/2017 00:10] [PENJUALAN] CASHIER FORM : TextBox_TextChanged, previousInput []
[ADMIN] [1/29/2017 00:10] [PENJUALAN] CASHIER FORM : TextBox_TextChanged, dataGridViewTextBoxEditingControl.Text pass REGEX Checking
[ADMIN] [1/29/2017 00:10] [PENJUALAN] CASHIER FORM : CALCULATE SUBTOTAL
[ADMIN] [1/29/2017 00:10] [PENJUALAN] CASHIER FORM : SUBTOTAL [0]
[ADMIN] [1/29/2017 00:10] [PENJUALAN] CASHIER FORM : TextBox_TextChanged, subtotal value [0]
[ADMIN] [1/29/2017 00:10] [PENJUALAN] CASHIER FORM : TextBox_TextChanged, attempt to calculate total value
[ADMIN] [1/29/2017 00:10] [PENJUALAN] CASHIER FORM : calculateTotal
[ADMIN] [1/29/2017 00:10] [PENJUALAN] CASHIER FORM : calculateTotal [0]
[ADMIN] [1/29/2017 00:10] [PENJUALAN] CASHIER FORM : calculateTotal, totalAfterDisc [0]
[ADMIN] [1/29/2017 00:10] [PENJUALAN] CASHIER FORM : calculateChangeValue, bayarTextBox.Text [0]
[ADMIN] [1/29/2017 00:10] [PENJUALAN] CASHIER FORM : calculateChangeValue, sisaBayar [0]
[ADMIN] [1/29/2017 00:10] [PENJUALAN] CASHIER FORM : cashierDataGridView_CellValueChanged [disc1]
[ADMIN] [1/29/2017 00:10] [PENJUALAN] CASHIER FORM : TextBox_TextChanged, previousInput []
[ADMIN] [1/29/2017 00:10] [PENJUALAN] CASHIER FORM : TextBox_TextChanged, dataGridViewTextBoxEditingControl.Text pass REGEX Checking
[ADMIN] [1/29/2017 00:10] [PENJUALAN] CASHIER FORM : CALCULATE SUBTOTAL
[ADMIN] [1/29/2017 00:10] [PENJUALAN] CASHIER FORM : SUBTOTAL [0]
[ADMIN] [1/29/2017 00:10] [PENJUALAN] CASHIER FORM : TextBox_TextChanged, subtotal value [0]
[ADMIN] [1/29/2017 00:10] [PENJUALAN] CASHIER FORM : TextBox_TextChanged, attempt to calculate total value
[ADMIN] [1/29/2017 00:10] [PENJUALAN] CASHIER FORM : calculateTotal
[ADMIN] [1/29/2017 00:10] [PENJUALAN] CASHIER FORM : calculateTotal [0]
[ADMIN] [1/29/2017 00:10] [PENJUALAN] CASHIER FORM : calculateTotal, totalAfterDisc [0]
[ADMIN] [1/29/2017 00:10] [PENJUALAN] CASHIER FORM : calculateChangeValue, bayarTextBox.Text [0]
[ADMIN] [1/29/2017 00:10] [PENJUALAN] CASHIER FORM : calculateChangeValue, sisaBayar [0]
[ADMIN] [1/29/2017 00:10] [PENJUALAN] CASHIER FORM : cashierDataGridView_CellValueChanged [qty]
[ADMIN] [1/29/2017 00:10] [PENJUALAN] CASHIER FORM : TextBox_TextChanged, previousInput []
[ADMIN] [1/29/2017 00:10] [PENJUALAN] CASHIER FORM : TextBox_TextChanged, dataGridViewTextBoxEditingControl.Text pass REGEX Checking
[ADMIN] [1/29/2017 00:10] [] CHECK STOCK QTY IS ENOUGH []
[ADMIN] [1/29/2017 00:10] [PENJUALAN] CASHIER FORM : CALCULATE SUBTOTAL
[ADMIN] [1/29/2017 00:10] [PENJUALAN] CASHIER FORM : SUBTOTAL [0]
[ADMIN] [1/29/2017 00:10] [PENJUALAN] CASHIER FORM : TextBox_TextChanged, subtotal value [0]
[ADMIN] [1/29/2017 00:10] [PENJUALAN] CASHIER FORM : TextBox_TextChanged, attempt to calculate total value
[ADMIN] [1/29/2017 00:10] [PENJUALAN] CASHIER FORM : calculateTotal
[ADMIN] [1/29/2017 00:10] [PENJUALAN] CASHIER FORM : calculateTotal [0]
[ADMIN] [1/29/2017 00:10] [PENJUALAN] CASHIER FORM : calculateTotal, totalAfterDisc [0]
[ADMIN] [1/29/2017 00:10] [PENJUALAN] CASHIER FORM : calculateChangeValue, bayarTextBox.Text [0]
[ADMIN] [1/29/2017 00:10] [PENJUALAN] CASHIER FORM : calculateChangeValue, sisaBayar [0]
[ADMIN] [1/29/2017 00:10] [PENJUALAN] CASHIER FORM : cashierDataGridView_CellValueChanged [disc2]
[ADMIN] [1/29/2017 00:10] [PENJUALAN] CASHIER FORM : TextBox_TextChanged, previousInput []
[ADMIN] [1/29/2017 00:10] [PENJUALAN] CASHIER FORM : TextBox_TextChanged, dataGridViewTextBoxEditingControl.Text pass REGEX Checking
[ADMIN] [1/29/2017 00:10] [PENJUALAN] CASHIER FORM : CALCULATE SUBTOTAL
[ADMIN] [1/29/2017 00:10] [PENJUALAN] CASHIER FORM : SUBTOTAL [0]
[ADMIN] [1/29/2017 00:10] [PENJUALAN] CASHIER FORM : TextBox_TextChanged, subtotal value [0]
[ADMIN] [1/29/2017 00:10] [PENJUALAN] CASHIER FORM : TextBox_TextChanged, attempt to calculate total value
[ADMIN] [1/29/2017 00:10] [PENJUALAN] CASHIER FORM : calculateTotal
[ADMIN] [1/29/2017 00:10] [PENJUALAN] CASHIER FORM : calculateTotal [0]
[ADMIN] [1/29/2017 00:10] [PENJUALAN] CASHIER FORM : calculateTotal, totalAfterDisc [0]
[ADMIN] [1/29/2017 00:10] [PENJUALAN] CASHIER FORM : calculateChangeValue, bayarTextBox.Text [0]
[ADMIN] [1/29/2017 00:10] [PENJUALAN] CASHIER FORM : calculateChangeValue, sisaBayar [0]
[ADMIN] [1/29/2017 00:10] [PENJUALAN] CASHIER FORM : cashierDataGridView_CellValueChanged [discRP]
[ADMIN] [1/29/2017 00:10] [PENJUALAN] CASHIER FORM : TextBox_TextChanged, previousInput []
[ADMIN] [1/29/2017 00:10] [PENJUALAN] CASHIER FORM : TextBox_TextChanged, dataGridViewTextBoxEditingControl.Text pass REGEX Checking
[ADMIN] [1/29/2017 00:10] [PENJUALAN] CASHIER FORM : CALCULATE SUBTOTAL
[ADMIN] [1/29/2017 00:10] [PENJUALAN] CASHIER FORM : SUBTOTAL [0]
[ADMIN] [1/29/2017 00:10] [PENJUALAN] CASHIER FORM : TextBox_TextChanged, subtotal value [0]
[ADMIN] [1/29/2017 00:10] [PENJUALAN] CASHIER FORM : TextBox_TextChanged, attempt to calculate total value
[ADMIN] [1/29/2017 00:10] [PENJUALAN] CASHIER FORM : calculateTotal
[ADMIN] [1/29/2017 00:10] [PENJUALAN] CASHIER FORM : calculateTotal [0]
[ADMIN] [1/29/2017 00:10] [PENJUALAN] CASHIER FORM : calculateTotal, totalAfterDisc [0]
[ADMIN] [1/29/2017 00:10] [PENJUALAN] CASHIER FORM : calculateChangeValue, bayarTextBox.Text [0]
[ADMIN] [1/29/2017 00:10] [PENJUALAN] CASHIER FORM : calculateChangeValue, sisaBayar [0]
[ADMIN] [1/29/2017 00:10] [PENJUALAN] CASHIER FORM : cashierDataGridView_CellValueChanged [jumlah]
[ADMIN] [1/29/2017 00:10] [PENJUALAN] CASHIER FORM : cashierDataGridView_CellValueChanged [productName]
[ADMIN] [1/29/2017 00:10] [PENJUALAN] CASHIER FORM : cashierDataGridView_CellValueChanged [productName]
[ADMIN] [1/29/2017 00:10] [PENJUALAN] CASHIER FORM : cashierDataGridView_CellValueChanged [productID]
[ADMIN] [1/29/2017 00:10] [PENJUALAN] CASHIER FORM : PRODUCT PRICE TYPE [PRODUCT_BASE_PRICE]
[ADMIN] [1/29/2017 00:10] [PENJUALAN] CASHIER FORM : PRODUCT PRICE [11]
[ADMIN] [1/29/2017 00:10] [PENJUALAN] CASHIER FORM : ComboBox_SelectedIndexChanged, PRODUCT_BASE_PRICE [11]
[ADMIN] [1/29/2017 00:10] [PENJUALAN] CASHIER FORM : cashierDataGridView_CellValueChanged [hpp]
[ADMIN] [1/29/2017 00:10] [PENJUALAN] CASHIER FORM : PRODUCT PRICE TYPE [PRODUCT_RETAIL_PRICE]
[ADMIN] [1/29/2017 00:10] [PENJUALAN] CASHIER FORM : PRODUCT PRICE [11]
[ADMIN] [1/29/2017 00:10] [PENJUALAN] CASHIER FORM : ComboBox_SelectedIndexChanged, PRODUCT_SALES_PRICE [11]
[ADMIN] [1/29/2017 00:10] [PENJUALAN] CASHIER FORM : cashierDataGridView_CellValueChanged [productPrice]
[ADMIN] [1/29/2017 00:10] [PENJUALAN] CASHIER FORM : TextBox_TextChanged, previousInput []
[ADMIN] [1/29/2017 00:10] [PENJUALAN] CASHIER FORM : TextBox_TextChanged, dataGridViewTextBoxEditingControl.Text pass REGEX Checking
[ADMIN] [1/29/2017 00:10] [PENJUALAN] CASHIER FORM : CALCULATE SUBTOTAL
[ADMIN] [1/29/2017 00:10] [PENJUALAN] CASHIER FORM : SUBTOTAL [0]
[ADMIN] [1/29/2017 00:10] [PENJUALAN] CASHIER FORM : TextBox_TextChanged, subtotal value [0]
[ADMIN] [1/29/2017 00:10] [PENJUALAN] CASHIER FORM : TextBox_TextChanged, attempt to calculate total value
[ADMIN] [1/29/2017 00:10] [PENJUALAN] CASHIER FORM : calculateTotal
[ADMIN] [1/29/2017 00:10] [PENJUALAN] CASHIER FORM : calculateTotal [0]
[ADMIN] [1/29/2017 00:10] [PENJUALAN] CASHIER FORM : calculateTotal, totalAfterDisc [0]
[ADMIN] [1/29/2017 00:10] [PENJUALAN] CASHIER FORM : calculateChangeValue, bayarTextBox.Text [0]
[ADMIN] [1/29/2017 00:10] [PENJUALAN] CASHIER FORM : calculateChangeValue, sisaBayar [0]
[ADMIN] [1/29/2017 00:10] [PENJUALAN] CASHIER FORM : cashierDataGridView_CellValueChanged [qty]
[ADMIN] [1/29/2017 00:10] [PENJUALAN] CASHIER FORM : TextBox_TextChanged, previousInput []
[ADMIN] [1/29/2017 00:10] [PENJUALAN] CASHIER FORM : TextBox_TextChanged, dataGridViewTextBoxEditingControl.Text pass REGEX Checking
[ADMIN] [1/29/2017 00:10] [] CHECK STOCK QTY IS ENOUGH [105]
[ADMIN] [1/29/2017 00:10] [] CHECK STOCK QTY IS ENOUGH [43, 0]
[ADMIN] [1/29/2017 00:10] [PENJUALAN] CASHIER FORM : CALCULATE SUBTOTAL
[ADMIN] [1/29/2017 00:10] [PENJUALAN] CASHIER FORM : SUBTOTAL [0]
[ADMIN] [1/29/2017 00:10] [PENJUALAN] CASHIER FORM : TextBox_TextChanged, subtotal value [0]
[ADMIN] [1/29/2017 00:10] [PENJUALAN] CASHIER FORM : TextBox_TextChanged, attempt to calculate total value
[ADMIN] [1/29/2017 00:10] [PENJUALAN] CASHIER FORM : calculateTotal
[ADMIN] [1/29/2017 00:10] [PENJUALAN] CASHIER FORM : calculateTotal [0]
[ADMIN] [1/29/2017 00:10] [PENJUALAN] CASHIER FORM : calculateTotal, totalAfterDisc [0]
[ADMIN] [1/29/2017 00:10] [PENJUALAN] CASHIER FORM : calculateChangeValue, bayarTextBox.Text [0]
[ADMIN] [1/29/2017 00:10] [PENJUALAN] CASHIER FORM : calculateChangeValue, sisaBayar [0]
[ADMIN] [1/29/2017 00:10] [PENJUALAN] CASHIER FORM : cashierDataGridView_CellValueChanged [jumlah]
[ADMIN] [1/29/2017 00:10] [PENJUALAN] CASHIER FORM : ComboBox_SelectedIndexChanged, attempt to calculate total
[ADMIN] [1/29/2017 00:10] [PENJUALAN] CASHIER FORM : calculateTotal
[ADMIN] [1/29/2017 00:10] [PENJUALAN] CASHIER FORM : calculateTotal [0]
[ADMIN] [1/29/2017 00:10] [PENJUALAN] CASHIER FORM : calculateTotal, totalAfterDisc [0]
[ADMIN] [1/29/2017 00:10] [PENJUALAN] CASHIER FORM : calculateChangeValue, bayarTextBox.Text [0]
[ADMIN] [1/29/2017 00:10] [PENJUALAN] CASHIER FORM : calculateChangeValue, sisaBayar [0]
[ADMIN] [1/29/2017 00:10] [PENJUALAN] CASHIER FORM : cashierDataGridView_CellValueChanged [qty]
[ADMIN] [1/29/2017 00:10] [PENJUALAN] CASHIER FORM : TextBox_TextChanged, previousInput []
[ADMIN] [1/29/2017 00:10] [PENJUALAN] CASHIER FORM : TextBox_TextChanged, dataGridViewTextBoxEditingControl.Text pass REGEX Checking
[ADMIN] [1/29/2017 00:10] [] CHECK STOCK QTY IS ENOUGH [105]
[ADMIN] [1/29/2017 00:10] [] CHECK STOCK QTY IS ENOUGH [43, 1]
[ADMIN] [1/29/2017 00:10] [PENJUALAN] CASHIER FORM : CALCULATE SUBTOTAL
[ADMIN] [1/29/2017 00:10] [PENJUALAN] CASHIER FORM : SUBTOTAL [11]
[ADMIN] [1/29/2017 00:10] [PENJUALAN] CASHIER FORM : TextBox_TextChanged, subtotal value [11]
[ADMIN] [1/29/2017 00:10] [PENJUALAN] CASHIER FORM : TextBox_TextChanged, attempt to calculate total value
[ADMIN] [1/29/2017 00:10] [PENJUALAN] CASHIER FORM : calculateTotal
[ADMIN] [1/29/2017 00:10] [PENJUALAN] CASHIER FORM : calculateTotal [11]
[ADMIN] [1/29/2017 00:10] [PENJUALAN] CASHIER FORM : calculateTotal, totalAfterDisc [11]
[ADMIN] [1/29/2017 00:10] [PENJUALAN] CASHIER FORM : calculateChangeValue, bayarTextBox.Text [0]
[ADMIN] [1/29/2017 00:10] [PENJUALAN] CASHIER FORM : calculateChangeValue, sisaBayar [0]
[ADMIN] [1/29/2017 00:10] [PENJUALAN] CASHIER FORM : cashierDataGridView_CellValueChanged [qty]
[ADMIN] [1/29/2017 00:10] [PENJUALAN] CASHIER FORM : TextBox_TextChanged, previousInput []
[ADMIN] [1/29/2017 00:10] [PENJUALAN] CASHIER FORM : TextBox_TextChanged, dataGridViewTextBoxEditingControl.Text pass REGEX Checking
[ADMIN] [1/29/2017 00:10] [] CHECK STOCK QTY IS ENOUGH [105]
[ADMIN] [1/29/2017 00:10] [] CHECK STOCK QTY IS ENOUGH [43, 11]
[ADMIN] [1/29/2017 00:10] [PENJUALAN] CASHIER FORM : CALCULATE SUBTOTAL
[ADMIN] [1/29/2017 00:10] [PENJUALAN] CASHIER FORM : SUBTOTAL [121]
[ADMIN] [1/29/2017 00:10] [PENJUALAN] CASHIER FORM : TextBox_TextChanged, subtotal value [121]
[ADMIN] [1/29/2017 00:10] [PENJUALAN] CASHIER FORM : TextBox_TextChanged, attempt to calculate total value
[ADMIN] [1/29/2017 00:10] [PENJUALAN] CASHIER FORM : calculateTotal
[ADMIN] [1/29/2017 00:10] [PENJUALAN] CASHIER FORM : calculateTotal [121]
[ADMIN] [1/29/2017 00:10] [PENJUALAN] CASHIER FORM : calculateTotal, totalAfterDisc [121]
[ADMIN] [1/29/2017 00:10] [PENJUALAN] CASHIER FORM : calculateChangeValue, bayarTextBox.Text [0]
[ADMIN] [1/29/2017 00:10] [PENJUALAN] CASHIER FORM : calculateChangeValue, sisaBayar [0]
[ADMIN] [1/29/2017 00:10] [PENJUALAN] CASHIER FORM : cashierDataGridView_CellValueChanged [qty]
[ADMIN] [1/29/2017 00:10] [PENJUALAN] CASHIER FORM : TextBox_TextChanged, previousInput []
[ADMIN] [1/29/2017 00:10] [PENJUALAN] CASHIER FORM : TextBox_TextChanged, dataGridViewTextBoxEditingControl.Text pass REGEX Checking
[ADMIN] [1/29/2017 00:10] [] CHECK STOCK QTY IS ENOUGH [105]
[ADMIN] [1/29/2017 00:10] [] CHECK STOCK QTY IS ENOUGH [43, 2]
[ADMIN] [1/29/2017 00:10] [PENJUALAN] CASHIER FORM : CALCULATE SUBTOTAL
[ADMIN] [1/29/2017 00:10] [PENJUALAN] CASHIER FORM : SUBTOTAL [22]
[ADMIN] [1/29/2017 00:10] [PENJUALAN] CASHIER FORM : TextBox_TextChanged, subtotal value [22]
[ADMIN] [1/29/2017 00:10] [PENJUALAN] CASHIER FORM : TextBox_TextChanged, attempt to calculate total value
[ADMIN] [1/29/2017 00:10] [PENJUALAN] CASHIER FORM : calculateTotal
[ADMIN] [1/29/2017 00:10] [PENJUALAN] CASHIER FORM : calculateTotal [22]
[ADMIN] [1/29/2017 00:10] [PENJUALAN] CASHIER FORM : calculateTotal, totalAfterDisc [22]
[ADMIN] [1/29/2017 00:10] [PENJUALAN] CASHIER FORM : calculateChangeValue, bayarTextBox.Text [0]
[ADMIN] [1/29/2017 00:10] [PENJUALAN] CASHIER FORM : calculateChangeValue, sisaBayar [0]
[ADMIN] [1/29/2017 00:10] [PENJUALAN] CASHIER FORM : HOTKEY TO SAVE AND PRINT OUT INVOICE PRESSED
[ADMIN] [1/29/2017 00:10] [PENJUALAN] CASHIER FORM : UNREGISTER HOTKEY
[ADMIN] [1/29/2017 00:11] [PENJUALAN] CASHIER FORM : REGISTER HOTKEY
[ADMIN] [1/29/2017 00:11] [PENJUALAN] CASHIER FORM : HOTKEY TO SAVE AND PRINT OUT INVOICE PRESSED
[ADMIN] [1/29/2017 00:11] [PENJUALAN] CASHIER FORM : UNREGISTER HOTKEY
[ADMIN] [1/29/2017 00:11] [PENJUALAN] CASHIER FORM : REGISTER HOTKEY
[ADMIN] [1/29/2017 00:11] [PENJUALAN] CASHIER FORM : discJualMaskedTextBox_Validating, totalAfterDisc [17]
[ADMIN] [1/29/2017 00:11] [PENJUALAN] CASHIER FORM : HOTKEY TO SAVE AND PRINT OUT INVOICE PRESSED
[ADMIN] [1/29/2017 00:11] [PENJUALAN] CASHIER FORM : UNREGISTER HOTKEY
[ADMIN] [1/29/2017 00:11] [PENJUALAN] CASHIER FORM : REGISTER HOTKEY
[ADMIN] [1/29/2017 00:11] [PENJUALAN] ATTEMPT TO SAVE AND PRINT OUT INVOICE
[ADMIN] [1/29/2017 00:11] [PENJUALAN] CASHIER FORM : discJualMaskedTextBox_Validating, totalAfterDisc [17]
[ADMIN] [1/29/2017 00:11] [PENJUALAN] CASHIER FORM : UNREGISTER HOTKEY
[ADMIN] [1/29/2017 00:11] [PENJUALAN] CASHIER FORM : REGISTER HOTKEY
[ADMIN] [1/29/2017 00:11] [PENJUALAN] CASHIER FORM : UNREGISTER HOTKEY
[ADMIN] [1/29/2017 00:11] [PENJUALAN] CASHIER FORM : ATTEMPT TO SAVE SALES DATA [29-01-2017 00:11]
[ADMIN] [1/29/2017 00:11] [PENJUALAN] CASHIER FORM : SALES DISC FINAL [5]
[ADMIN] [1/29/2017 00:11] [PENJUALAN] CASHIER FORM : CASH SALES
[ADMIN] [1/29/2017 00:11] [PENJUALAN] CASHIER FORM : MAX SALES INVOICE [2]
[ADMIN] [1/29/2017 00:11] [PENJUALAN] CASHIER FORM : SALES INVOICE [SQ-3]
[ADMIN] [1/29/2017 00:11] [PENJUALAN] INSERT INTO SALES QUOTATION HEADER [SQ-3]
[ADMIN] [1/29/2017 00:11] [PENJUALAN] INSERT INTO SALES QUOTATION DETAIL[105, 11, 2]
[ADMIN] [1/29/2017 00:11] [PENJUALAN] CASHIER FORM : REGISTER HOTKEY
[ADMIN] [1/29/2017 00:11] [PENJUALAN] TRANSACTION SAVED
[ADMIN] [1/29/2017 00:11] [PENJUALAN] PRINT OUT INVOICE
[ADMIN] [1/29/2017 00:11] [PENJUALAN] CASHIER FORM : PrintReceipt
[ADMIN] [1/29/2017 00:11] [PENJUALAN] CASHIER FORM : PrintReceipt, papermode [0]
[ADMIN] [1/29/2017 00:11] [PENJUALAN] CASHIER FORM : UNREGISTER HOTKEY
[ADMIN] [1/29/2017 00:11] [PENJUALAN] CASHIER FORM : PrintReceipt, display SalesReceiptForm
[ADMIN] [1/29/2017 00:11] [PENJUALAN] CASHIER FORM : REGISTER HOTKEY
[ADMIN] [1/29/2017 00:11] [PENJUALAN] VALIDATE USER CREDIT STATUS
[ADMIN] [1/29/2017 00:11] [PENJUALAN] CASHIER FORM : UNREGISTER HOTKEY
[ADMIN] [1/29/2017 00:12] [PENJUALAN] CASHIER FORM : REGISTER HOTKEY
[ADMIN] [1/29/2017 00:12] [PENJUALAN] CASHIER FORM : UNREGISTER HOTKEY
[ADMIN] [1/29/2017 00:12] [PENJUALAN] CASHIER FORM : UNREGISTER HOTKEY
[ADMIN] [1/29/2017 00:12] [PENJUALAN] CASHIER FORM : REGISTER HOTKEY
[ADMIN] [1/29/2017 00:12] [PENJUALAN] CASHIER FORM : ADD NEW ROW,  isActive [True]
[ADMIN] [1/29/2017 00:12] [PENJUALAN] CASHIER FORM : ADD NEW ROW,  ROW COUNT [0]
[ADMIN] [1/29/2017 00:12] [PENJUALAN] CASHIER FORM : ADD NEW ROW,  ALLOW TO ADD [True]
[ADMIN] [1/29/2017 00:12] [PENJUALAN] CASHIER FORM : REGISTER HOTKEY
[ADMIN] [1/29/2017 00:12] [PENJUALAN] CASHIER FORM : calculateChangeValue, bayarTextBox.Text [22]
[ADMIN] [1/29/2017 00:12] [PENJUALAN] CASHIER FORM : calculateChangeValue, sisaBayar [0]
[ADMIN] [1/29/2017 00:12] [PENJUALAN] CASHIER FORM : UNREGISTER HOTKEY
[ADMIN] [1/29/2017 00:12] [PENJUALAN] CASHIER FORM : REGISTER HOTKEY
[ADMIN] [1/29/2017 00:12] [PENJUALAN] CASHIER FORM : UNREGISTER HOTKEY
[ADMIN] [1/29/2017 00:12] [PENJUALAN] CASHIER FORM : REGISTER HOTKEY
[ADMIN] [1/29/2017 00:12] [PENJUALAN] ATTEMPT TO SAVE AND PRINT OUT INVOICE
[ADMIN] [1/29/2017 00:12] [PENJUALAN] CASHIER FORM : UNREGISTER HOTKEY
[ADMIN] [1/29/2017 00:12] [PENJUALAN] CASHIER FORM : REGISTER HOTKEY
[ADMIN] [1/29/2017 00:12] [PENJUALAN] CASHIER FORM : UNREGISTER HOTKEY
[ADMIN] [1/29/2017 00:12] [PENJUALAN] CASHIER FORM : ATTEMPT TO SAVE SALES DATA [29-01-2017 00:12]
[ADMIN] [1/29/2017 00:12] [PENJUALAN] CASHIER FORM : SALES DISC FINAL [5]
[ADMIN] [1/29/2017 00:12] [PENJUALAN] CASHIER FORM : CASH SALES
[ADMIN] [1/29/2017 00:12] [PENJUALAN] CHECK IF TAX LIMIT SET FOR PERCENTAGE PURCHASE [0]
[ADMIN] [1/29/2017 00:12] [PENJUALAN] CHECK IF TAX LIMIT SET FOR AVERAGE DAILY PURCHASE [0]
[ADMIN] [1/29/2017 00:12] [PENJUALAN] CASHIER FORM : NO FAKTUR [SLO001]
[ADMIN] [1/29/2017 00:12] [PENJUALAN] CASHIER FORM : MAX SALES INVOICE [2]
[ADMIN] [1/29/2017 00:12] [PENJUALAN] CASHIER FORM : SALES INVOICE [SLO001-3]
[ADMIN] [1/29/2017 00:12] [PENJUALAN] INSERT INTO SALES HEADER [SLO001-3]
[ADMIN] [1/29/2017 00:12] [PENJUALAN] INSERT INTO SALES DETAIL[105, 11, 2]
[ADMIN] [1/29/2017 00:12] [PENJUALAN] INSERT TO CREDIT TABLE [SLO001-3]
[ADMIN] [1/29/2017 00:12] [PENJUALAN] INSERT TO DAILY JOURNAL TABLE [22]
[ADMIN] [1/29/2017 00:12] [PENJUALAN] CASHIER FORM : REGISTER HOTKEY
[ADMIN] [1/29/2017 00:12] [PENJUALAN] TRANSACTION SAVED
[ADMIN] [1/29/2017 00:12] [PENJUALAN] PRINT OUT INVOICE
[ADMIN] [1/29/2017 00:12] [PENJUALAN] CASHIER FORM : PrintReceipt
[ADMIN] [1/29/2017 00:12] [PENJUALAN] CASHIER FORM : PrintReceipt, papermode [0]
[ADMIN] [1/29/2017 00:12] [PENJUALAN] CASHIER FORM : UNREGISTER HOTKEY
[ADMIN] [1/29/2017 00:12] [PENJUALAN] CASHIER FORM : PrintReceipt, display SalesReceiptForm
[ADMIN] [1/29/2017 00:12] [PENJUALAN] CASHIER FORM : REGISTER HOTKEY
[ADMIN] [1/29/2017 00:12] [PENJUALAN] CASHIER FORM : UNREGISTER HOTKEY
[ADMIN] [1/29/2017 00:12] [PENJUALAN] CASHIER FORM : REGISTER HOTKEY
[ADMIN] [1/29/2017 00:12] [PENJUALAN] VALIDATE USER CREDIT STATUS
[ADMIN] [1/29/2017 00:12] [PENJUALAN] CASHIER FORM : UNREGISTER HOTKEY
[ADMIN] [1/29/2017 00:12] [PENJUALAN] CASHIER FORM : REGISTER HOTKEY
[ADMIN] [1/29/2017 00:12] [PENJUALAN] CASHIER FORM : UNREGISTER HOTKEY
[ADMIN] [1/29/2017 00:13] [PENJUALAN] CASHIER FORM : REGISTER HOTKEY
[ADMIN] [1/29/2017 00:13] [PENJUALAN] CASHIER FORM : UNREGISTER HOTKEY
[ADMIN] [1/29/2017 00:13] [PENJUALAN] CASHIER FORM : UNREGISTER HOTKEY
[ADMIN] [1/29/2017 00:13] [] USER ID = 1LOGOUT
