[] [6/20/2017 11:59] [] USER = ADMIN IS ACTIVE
[ADMIN] [6/20/2017 11:59] [] USER ID = 1 LOGIN SUCCESSFULLY
[ADMIN] [6/20/2017 11:59] [] ACTIVATE USER ACCESS RIGHT
[ADMIN] [6/20/2017 11:59] [] DISPLAY ADMIN FORM
[ADMIN] [6/20/2017 11:59] [] adminForm Load
[] [6/20/2017 12:04] [] USER = ADMIN IS ACTIVE
[ADMIN] [6/20/2017 12:04] [] USER ID = 1 LOGIN SUCCESSFULLY
[ADMIN] [6/20/2017 12:04] [] ACTIVATE USER ACCESS RIGHT
[ADMIN] [6/20/2017 12:04] [] DISPLAY ADMIN FORM
[ADMIN] [6/20/2017 12:04] [] adminForm Load
[ADMIN] [6/20/2017 12:06] [TAMBAH TRANSAKSI HARIAN] ATTEMPT TO SAVE DATA TRANSAKSI JURNAL HARIAN
[ADMIN] [6/20/2017 12:06] [TAMBAH TRANSAKSI HARIAN] INSERT NEW DATA TO DAILY JOURNAL TABLE [1, 111]
[ADMIN] [6/20/2017 12:06] [TAMBAH TRANSAKSI HARIAN] DATA TRANSAKSI JURNAL HARIAN SAVED
[ADMIN] [6/20/2017 12:06] [TAMBAH TRANSAKSI HARIAN] LOAD DATA TRANSAKSI
[ADMIN] [6/20/2017 12:06] [PENJUALAN] CASHIER FORM : MULTIPLE CASHIER INSTANCE [1]
[ADMIN] [6/20/2017 12:06] [PENJUALAN] CASHIER FORM : REGISTER HOTKEY
[ADMIN] [6/20/2017 12:06] [PENJUALAN] CASHIER FORM : cashierForm_Load, ATTEMPT TO LOAD NO FAKTUR
[ADMIN] [6/20/2017 12:06] [PENJUALAN] CASHIER FORM : loadNoFaktur, noFakturValue [SLO001]
[ADMIN] [6/20/2017 12:06] [PENJUALAN] CASHIER FORM : cashierForm_Load, ATTEMPT TO addColumnToDataGrid
[ADMIN] [6/20/2017 12:06] [PENJUALAN] CASHIER FORM : calculateTotal
[ADMIN] [6/20/2017 12:06] [PENJUALAN] CASHIER FORM : calculateTotal [0]
[ADMIN] [6/20/2017 12:06] [PENJUALAN] CASHIER FORM : calculateTotal, totalAfterDisc [0]
[ADMIN] [6/20/2017 12:06] [PENJUALAN] CASHIER FORM : calculateChangeValue, bayarTextBox.Text [0]
[ADMIN] [6/20/2017 12:06] [PENJUALAN] CASHIER FORM : calculateChangeValue, sisaBayar [0]
[ADMIN] [6/20/2017 12:06] [PENJUALAN] CASHIER FORM : REGISTER HOTKEY
[ADMIN] [6/20/2017 12:06] [PENJUALAN] CASHIER FORM : HOTKEY TO ADD NEW ROW PRESSED
[ADMIN] [6/20/2017 12:06] [PENJUALAN] CASHIER FORM : ADD NEW ROW,  isActive [True]
[ADMIN] [6/20/2017 12:06] [PENJUALAN] CASHIER FORM : ADD NEW ROW,  ROW COUNT [0]
[ADMIN] [6/20/2017 12:06] [PENJUALAN] CASHIER FORM : ADD NEW ROW,  ALLOW TO ADD [True]
[ADMIN] [6/20/2017 12:06] [PENJUALAN] CASHIER FORM : cashierDataGridView_CellValueChanged [F8]
[ADMIN] [6/20/2017 12:06] [PENJUALAN] CASHIER FORM : cashierDataGridView_CellValueChanged [hpp]
[ADMIN] [6/20/2017 12:06] [PENJUALAN] CASHIER FORM : cashierDataGridView_CellValueChanged [productPrice]
[ADMIN] [6/20/2017 12:06] [PENJUALAN] CASHIER FORM : TextBox_TextChanged, previousInput []
[ADMIN] [6/20/2017 12:06] [PENJUALAN] CASHIER FORM : TextBox_TextChanged, dataGridViewTextBoxEditingControl.Text pass REGEX Checking
[ADMIN] [6/20/2017 12:06] [PENJUALAN] CASHIER FORM : CALCULATE SUBTOTAL
[ADMIN] [6/20/2017 12:06] [PENJUALAN] CASHIER FORM : SUBTOTAL [0]
[ADMIN] [6/20/2017 12:06] [PENJUALAN] CASHIER FORM : TextBox_TextChanged, subtotal value [0]
[ADMIN] [6/20/2017 12:06] [PENJUALAN] CASHIER FORM : TextBox_TextChanged, attempt to calculate total value
[ADMIN] [6/20/2017 12:06] [PENJUALAN] CASHIER FORM : calculateTotal
[ADMIN] [6/20/2017 12:06] [PENJUALAN] CASHIER FORM : calculateTotal [0]
[ADMIN] [6/20/2017 12:06] [PENJUALAN] CASHIER FORM : calculateTotal, totalAfterDisc [0]
[ADMIN] [6/20/2017 12:06] [PENJUALAN] CASHIER FORM : calculateChangeValue, bayarTextBox.Text [0]
[ADMIN] [6/20/2017 12:06] [PENJUALAN] CASHIER FORM : calculateChangeValue, sisaBayar [0]
[ADMIN] [6/20/2017 12:06] [PENJUALAN] CASHIER FORM : cashierDataGridView_CellValueChanged [disc1]
[ADMIN] [6/20/2017 12:06] [PENJUALAN] CASHIER FORM : TextBox_TextChanged, previousInput []
[ADMIN] [6/20/2017 12:06] [PENJUALAN] CASHIER FORM : TextBox_TextChanged, dataGridViewTextBoxEditingControl.Text pass REGEX Checking
[ADMIN] [6/20/2017 12:06] [PENJUALAN] CASHIER FORM : CALCULATE SUBTOTAL
[ADMIN] [6/20/2017 12:06] [PENJUALAN] CASHIER FORM : SUBTOTAL [0]
[ADMIN] [6/20/2017 12:06] [PENJUALAN] CASHIER FORM : TextBox_TextChanged, subtotal value [0]
[ADMIN] [6/20/2017 12:06] [PENJUALAN] CASHIER FORM : TextBox_TextChanged, attempt to calculate total value
[ADMIN] [6/20/2017 12:06] [PENJUALAN] CASHIER FORM : calculateTotal
[ADMIN] [6/20/2017 12:06] [PENJUALAN] CASHIER FORM : calculateTotal [0]
[ADMIN] [6/20/2017 12:06] [PENJUALAN] CASHIER FORM : calculateTotal, totalAfterDisc [0]
[ADMIN] [6/20/2017 12:06] [PENJUALAN] CASHIER FORM : calculateChangeValue, bayarTextBox.Text [0]
[ADMIN] [6/20/2017 12:06] [PENJUALAN] CASHIER FORM : calculateChangeValue, sisaBayar [0]
[ADMIN] [6/20/2017 12:06] [PENJUALAN] CASHIER FORM : cashierDataGridView_CellValueChanged [qty]
[ADMIN] [6/20/2017 12:06] [PENJUALAN] CASHIER FORM : TextBox_TextChanged, previousInput []
[ADMIN] [6/20/2017 12:06] [PENJUALAN] CASHIER FORM : TextBox_TextChanged, dataGridViewTextBoxEditingControl.Text pass REGEX Checking
[ADMIN] [6/20/2017 12:06] [] CHECK STOCK QTY IS ENOUGH []
[ADMIN] [6/20/2017 12:06] [PENJUALAN] CASHIER FORM : CALCULATE SUBTOTAL
[ADMIN] [6/20/2017 12:06] [PENJUALAN] CASHIER FORM : SUBTOTAL [0]
[ADMIN] [6/20/2017 12:06] [PENJUALAN] CASHIER FORM : TextBox_TextChanged, subtotal value [0]
[ADMIN] [6/20/2017 12:06] [PENJUALAN] CASHIER FORM : TextBox_TextChanged, attempt to calculate total value
[ADMIN] [6/20/2017 12:06] [PENJUALAN] CASHIER FORM : calculateTotal
[ADMIN] [6/20/2017 12:06] [PENJUALAN] CASHIER FORM : calculateTotal [0]
[ADMIN] [6/20/2017 12:06] [PENJUALAN] CASHIER FORM : calculateTotal, totalAfterDisc [0]
[ADMIN] [6/20/2017 12:06] [PENJUALAN] CASHIER FORM : calculateChangeValue, bayarTextBox.Text [0]
[ADMIN] [6/20/2017 12:06] [PENJUALAN] CASHIER FORM : calculateChangeValue, sisaBayar [0]
[ADMIN] [6/20/2017 12:06] [PENJUALAN] CASHIER FORM : cashierDataGridView_CellValueChanged [disc2]
[ADMIN] [6/20/2017 12:06] [PENJUALAN] CASHIER FORM : TextBox_TextChanged, previousInput []
[ADMIN] [6/20/2017 12:06] [PENJUALAN] CASHIER FORM : TextBox_TextChanged, dataGridViewTextBoxEditingControl.Text pass REGEX Checking
[ADMIN] [6/20/2017 12:06] [PENJUALAN] CASHIER FORM : CALCULATE SUBTOTAL
[ADMIN] [6/20/2017 12:06] [PENJUALAN] CASHIER FORM : SUBTOTAL [0]
[ADMIN] [6/20/2017 12:06] [PENJUALAN] CASHIER FORM : TextBox_TextChanged, subtotal value [0]
[ADMIN] [6/20/2017 12:06] [PENJUALAN] CASHIER FORM : TextBox_TextChanged, attempt to calculate total value
[ADMIN] [6/20/2017 12:06] [PENJUALAN] CASHIER FORM : calculateTotal
[ADMIN] [6/20/2017 12:06] [PENJUALAN] CASHIER FORM : calculateTotal [0]
[ADMIN] [6/20/2017 12:06] [PENJUALAN] CASHIER FORM : calculateTotal, totalAfterDisc [0]
[ADMIN] [6/20/2017 12:06] [PENJUALAN] CASHIER FORM : calculateChangeValue, bayarTextBox.Text [0]
[ADMIN] [6/20/2017 12:06] [PENJUALAN] CASHIER FORM : calculateChangeValue, sisaBayar [0]
[ADMIN] [6/20/2017 12:06] [PENJUALAN] CASHIER FORM : cashierDataGridView_CellValueChanged [discRP]
[ADMIN] [6/20/2017 12:06] [PENJUALAN] CASHIER FORM : TextBox_TextChanged, previousInput []
[ADMIN] [6/20/2017 12:06] [PENJUALAN] CASHIER FORM : TextBox_TextChanged, dataGridViewTextBoxEditingControl.Text pass REGEX Checking
[ADMIN] [6/20/2017 12:06] [PENJUALAN] CASHIER FORM : CALCULATE SUBTOTAL
[ADMIN] [6/20/2017 12:06] [PENJUALAN] CASHIER FORM : SUBTOTAL [0]
[ADMIN] [6/20/2017 12:06] [PENJUALAN] CASHIER FORM : TextBox_TextChanged, subtotal value [0]
[ADMIN] [6/20/2017 12:06] [PENJUALAN] CASHIER FORM : TextBox_TextChanged, attempt to calculate total value
[ADMIN] [6/20/2017 12:06] [PENJUALAN] CASHIER FORM : calculateTotal
[ADMIN] [6/20/2017 12:06] [PENJUALAN] CASHIER FORM : calculateTotal [0]
[ADMIN] [6/20/2017 12:06] [PENJUALAN] CASHIER FORM : calculateTotal, totalAfterDisc [0]
[ADMIN] [6/20/2017 12:06] [PENJUALAN] CASHIER FORM : calculateChangeValue, bayarTextBox.Text [0]
[ADMIN] [6/20/2017 12:06] [PENJUALAN] CASHIER FORM : calculateChangeValue, sisaBayar [0]
[ADMIN] [6/20/2017 12:06] [PENJUALAN] CASHIER FORM : cashierDataGridView_CellValueChanged [jumlah]
[ADMIN] [6/20/2017 12:06] [PENJUALAN] CASHIER FORM : cashierDataGridView_CellValueChanged [productName]
[ADMIN] [6/20/2017 12:06] [PENJUALAN] CASHIER FORM : UNREGISTER HOTKEY
[ADMIN] [6/20/2017 12:06] [PENJUALAN] CASHIER FORM : ADD NEW ROW FROM BARCODE [ALUMUNIUM 1.4 KG]
[ADMIN] [6/20/2017 12:06] [PENJUALAN] CASHIER FORM : cashierDataGridView_CellValueChanged [productID]
[ADMIN] [6/20/2017 12:06] [PENJUALAN] CASHIER FORM : cashierDataGridView_CellValueChanged [productName]
[ADMIN] [6/20/2017 12:06] [PENJUALAN] CASHIER FORM : PRODUCT PRICE TYPE [PRODUCT_BASE_PRICE]
[ADMIN] [6/20/2017 12:06] [PENJUALAN] CASHIER FORM : PRODUCT PRICE [49500]
[ADMIN] [6/20/2017 12:06] [PENJUALAN] CASHIER FORM : ComboBox_SelectedIndexChanged, PRODUCT_BASE_PRICE [49500]
[ADMIN] [6/20/2017 12:06] [PENJUALAN] CASHIER FORM : cashierDataGridView_CellValueChanged [hpp]
[ADMIN] [6/20/2017 12:06] [PENJUALAN] CASHIER FORM : PRODUCT PRICE TYPE [PRODUCT_RETAIL_PRICE]
[ADMIN] [6/20/2017 12:06] [PENJUALAN] CASHIER FORM : PRODUCT PRICE [51000]
[ADMIN] [6/20/2017 12:06] [PENJUALAN] CASHIER FORM : ComboBox_SelectedIndexChanged, PRODUCT_SALES_PRICE [51000]
[ADMIN] [6/20/2017 12:06] [PENJUALAN] CASHIER FORM : cashierDataGridView_CellValueChanged [productPrice]
[ADMIN] [6/20/2017 12:06] [PENJUALAN] CASHIER FORM : TextBox_TextChanged, previousInput []
[ADMIN] [6/20/2017 12:06] [PENJUALAN] CASHIER FORM : TextBox_TextChanged, dataGridViewTextBoxEditingControl.Text pass REGEX Checking
[ADMIN] [6/20/2017 12:06] [PENJUALAN] CASHIER FORM : CALCULATE SUBTOTAL
[ADMIN] [6/20/2017 12:06] [PENJUALAN] CASHIER FORM : SUBTOTAL [0]
[ADMIN] [6/20/2017 12:06] [PENJUALAN] CASHIER FORM : TextBox_TextChanged, subtotal value [0]
[ADMIN] [6/20/2017 12:06] [PENJUALAN] CASHIER FORM : TextBox_TextChanged, attempt to calculate total value
[ADMIN] [6/20/2017 12:06] [PENJUALAN] CASHIER FORM : calculateTotal
[ADMIN] [6/20/2017 12:06] [PENJUALAN] CASHIER FORM : calculateTotal [0]
[ADMIN] [6/20/2017 12:06] [PENJUALAN] CASHIER FORM : calculateTotal, totalAfterDisc [0]
[ADMIN] [6/20/2017 12:06] [PENJUALAN] CASHIER FORM : calculateChangeValue, bayarTextBox.Text [0]
[ADMIN] [6/20/2017 12:06] [PENJUALAN] CASHIER FORM : calculateChangeValue, sisaBayar [0]
[ADMIN] [6/20/2017 12:06] [PENJUALAN] CASHIER FORM : cashierDataGridView_CellValueChanged [qty]
[ADMIN] [6/20/2017 12:06] [PENJUALAN] CASHIER FORM : TextBox_TextChanged, previousInput []
[ADMIN] [6/20/2017 12:06] [PENJUALAN] CASHIER FORM : TextBox_TextChanged, dataGridViewTextBoxEditingControl.Text pass REGEX Checking
[ADMIN] [6/20/2017 12:06] [] CHECK STOCK QTY IS ENOUGH [2]
[ADMIN] [6/20/2017 12:06] [] CHECK STOCK QTY IS ENOUGH [-89, 0]
[ADMIN] [6/20/2017 12:06] [PENJUALAN] CASHIER FORM : cashierDataGridView_CellValueChanged [jumlah]
[ADMIN] [6/20/2017 12:06] [PENJUALAN] CASHIER FORM : ComboBox_SelectedIndexChanged, attempt to calculate total
[ADMIN] [6/20/2017 12:06] [PENJUALAN] CASHIER FORM : calculateTotal
[ADMIN] [6/20/2017 12:06] [PENJUALAN] CASHIER FORM : calculateTotal [0]
[ADMIN] [6/20/2017 12:06] [PENJUALAN] CASHIER FORM : calculateTotal, totalAfterDisc [0]
[ADMIN] [6/20/2017 12:06] [PENJUALAN] CASHIER FORM : calculateChangeValue, bayarTextBox.Text [0]
[ADMIN] [6/20/2017 12:06] [PENJUALAN] CASHIER FORM : calculateChangeValue, sisaBayar [0]
[ADMIN] [6/20/2017 12:06] [] CHECK STOCK QTY IS ENOUGH [2]
[ADMIN] [6/20/2017 12:06] [] CHECK STOCK QTY IS ENOUGH [-89, 1]
[ADMIN] [6/20/2017 12:06] [PENJUALAN] CASHIER FORM : SET QTY TO 0 BECAUSE OF NEW ROW BUT STOCK IS NOT ENOUGH
[ADMIN] [6/20/2017 12:06] [PENJUALAN] CASHIER FORM : CALCULATE SUBTOTAL
[ADMIN] [6/20/2017 12:06] [PENJUALAN] CASHIER FORM : SUBTOTAL [0]
[ADMIN] [6/20/2017 12:06] [PENJUALAN] CASHIER FORM : cashierDataGridView_CellValueChanged [jumlah]
[ADMIN] [6/20/2017 12:06] [PENJUALAN] CASHIER FORM : calculateTotal
[ADMIN] [6/20/2017 12:06] [PENJUALAN] CASHIER FORM : calculateTotal [0]
[ADMIN] [6/20/2017 12:06] [PENJUALAN] CASHIER FORM : calculateTotal, totalAfterDisc [0]
[ADMIN] [6/20/2017 12:06] [PENJUALAN] CASHIER FORM : calculateChangeValue, bayarTextBox.Text [0]
[ADMIN] [6/20/2017 12:06] [PENJUALAN] CASHIER FORM : calculateChangeValue, sisaBayar [0]
[ADMIN] [6/20/2017 12:06] [PENJUALAN] CASHIER FORM : REGISTER HOTKEY
[ADMIN] [6/20/2017 12:06] [PENJUALAN] CASHIER FORM : cashierDataGridView_CellValueChanged [productName]
[ADMIN] [6/20/2017 12:06] [PENJUALAN] CASHIER FORM : cashierDataGridView_CellValueChanged [productName]
[ADMIN] [6/20/2017 12:06] [PENJUALAN] CASHIER FORM : cashierDataGridView_CellValueChanged [qty]
[ADMIN] [6/20/2017 12:06] [PENJUALAN] CASHIER FORM : TextBox_TextChanged, previousInput []
[ADMIN] [6/20/2017 12:06] [PENJUALAN] CASHIER FORM : TextBox_TextChanged, dataGridViewTextBoxEditingControl.Text pass REGEX Checking
[ADMIN] [6/20/2017 12:06] [] CHECK STOCK QTY IS ENOUGH [2]
[ADMIN] [6/20/2017 12:06] [] CHECK STOCK QTY IS ENOUGH [-89, 1]
[ADMIN] [6/20/2017 12:06] [PENJUALAN] CASHIER FORM : cashierDataGridView_CellValueChanged [disc1]
[ADMIN] [6/20/2017 12:06] [PENJUALAN] CASHIER FORM : TextBox_TextChanged, previousInput []
[ADMIN] [6/20/2017 12:06] [PENJUALAN] CASHIER FORM : TextBox_TextChanged, dataGridViewTextBoxEditingControl.Text pass REGEX Checking
[ADMIN] [6/20/2017 12:06] [PENJUALAN] CASHIER FORM : CALCULATE SUBTOTAL
[ADMIN] [6/20/2017 12:06] [PENJUALAN] CASHIER FORM : SUBTOTAL [50490]
[ADMIN] [6/20/2017 12:06] [PENJUALAN] CASHIER FORM : TextBox_TextChanged, subtotal value [50490]
[ADMIN] [6/20/2017 12:06] [PENJUALAN] CASHIER FORM : TextBox_TextChanged, attempt to calculate total value
[ADMIN] [6/20/2017 12:06] [PENJUALAN] CASHIER FORM : calculateTotal
[ADMIN] [6/20/2017 12:06] [PENJUALAN] CASHIER FORM : calculateTotal [50490]
[ADMIN] [6/20/2017 12:06] [PENJUALAN] CASHIER FORM : calculateTotal, totalAfterDisc [50490]
[ADMIN] [6/20/2017 12:06] [PENJUALAN] CASHIER FORM : calculateChangeValue, bayarTextBox.Text [0]
[ADMIN] [6/20/2017 12:06] [PENJUALAN] CASHIER FORM : calculateChangeValue, sisaBayar [0]
[ADMIN] [6/20/2017 12:07] [PENJUALAN] CASHIER FORM : cashierDataGridView_CellValueChanged [disc1]
[ADMIN] [6/20/2017 12:07] [PENJUALAN] CASHIER FORM : TextBox_TextChanged, previousInput []
[ADMIN] [6/20/2017 12:07] [PENJUALAN] CASHIER FORM : TextBox_TextChanged, dataGridViewTextBoxEditingControl.Text pass REGEX Checking
[ADMIN] [6/20/2017 12:07] [PENJUALAN] CASHIER FORM : CALCULATE SUBTOTAL
[ADMIN] [6/20/2017 12:07] [PENJUALAN] CASHIER FORM : SUBTOTAL [45390]
[ADMIN] [6/20/2017 12:07] [PENJUALAN] CASHIER FORM : TextBox_TextChanged, subtotal value [45390]
[ADMIN] [6/20/2017 12:07] [PENJUALAN] CASHIER FORM : TextBox_TextChanged, attempt to calculate total value
[ADMIN] [6/20/2017 12:07] [PENJUALAN] CASHIER FORM : calculateTotal
[ADMIN] [6/20/2017 12:07] [PENJUALAN] CASHIER FORM : calculateTotal [45390]
[ADMIN] [6/20/2017 12:07] [PENJUALAN] CASHIER FORM : calculateTotal, totalAfterDisc [45390]
[ADMIN] [6/20/2017 12:07] [PENJUALAN] CASHIER FORM : calculateChangeValue, bayarTextBox.Text [0]
[ADMIN] [6/20/2017 12:07] [PENJUALAN] CASHIER FORM : calculateChangeValue, sisaBayar [0]
[ADMIN] [6/20/2017 12:07] [PENJUALAN] CASHIER FORM : calculateChangeValue, bayarTextBox.Text [2]
[ADMIN] [6/20/2017 12:07] [PENJUALAN] CASHIER FORM : calculateChangeValue, sisaBayar [0]
[ADMIN] [6/20/2017 12:07] [PENJUALAN] CASHIER FORM : calculateChangeValue, bayarTextBox.Text [22]
[ADMIN] [6/20/2017 12:07] [PENJUALAN] CASHIER FORM : calculateChangeValue, sisaBayar [0]
[ADMIN] [6/20/2017 12:07] [PENJUALAN] CASHIER FORM : calculateChangeValue, bayarTextBox.Text [222]
[ADMIN] [6/20/2017 12:07] [PENJUALAN] CASHIER FORM : calculateChangeValue, sisaBayar [0]
[ADMIN] [6/20/2017 12:07] [PENJUALAN] CASHIER FORM : calculateChangeValue, bayarTextBox.Text [2222]
[ADMIN] [6/20/2017 12:07] [PENJUALAN] CASHIER FORM : calculateChangeValue, sisaBayar [0]
[ADMIN] [6/20/2017 12:07] [PENJUALAN] CASHIER FORM : calculateChangeValue, bayarTextBox.Text [22222]
[ADMIN] [6/20/2017 12:07] [PENJUALAN] CASHIER FORM : calculateChangeValue, sisaBayar [0]
[ADMIN] [6/20/2017 12:07] [PENJUALAN] CASHIER FORM : calculateChangeValue, bayarTextBox.Text [222222]
[ADMIN] [6/20/2017 12:07] [PENJUALAN] CASHIER FORM : calculateChangeValue, sisaBayar [176832]
[ADMIN] [6/20/2017 12:07] [PENJUALAN] CASHIER FORM : HOTKEY TO SAVE AND PRINT OUT INVOICE PRESSED
[ADMIN] [6/20/2017 12:07] [PENJUALAN] CASHIER FORM : UNREGISTER HOTKEY
[ADMIN] [6/20/2017 12:07] [PENJUALAN] CASHIER FORM : REGISTER HOTKEY
[ADMIN] [6/20/2017 12:07] [PENJUALAN] ATTEMPT TO SAVE AND PRINT OUT INVOICE
[ADMIN] [6/20/2017 12:07] [] CHECK STOCK QTY IS ENOUGH [2]
[ADMIN] [6/20/2017 12:07] [] CHECK STOCK QTY IS ENOUGH [-89, 1]
[ADMIN] [6/20/2017 12:07] [PENJUALAN] CASHIER FORM : HOTKEY TO OPEN PRODUK SEARCH FORM PRESSED
[ADMIN] [6/20/2017 12:07] [PENJUALAN] CASHIER FORM : UNREGISTER HOTKEY
[ADMIN] [6/20/2017 12:07] [PENJUALAN] CASHIER FORM : ADD NEW ROW FROM BARCODE [ALUMUNIUM 1.4 KG]
[ADMIN] [6/20/2017 12:07] [PENJUALAN] CASHIER FORM : EXISTING ROW FOUND [0]
[ADMIN] [6/20/2017 12:07] [] CHECK STOCK QTY IS ENOUGH [2]
[ADMIN] [6/20/2017 12:07] [] CHECK STOCK QTY IS ENOUGH [-89, 2]
[ADMIN] [6/20/2017 12:07] [PENJUALAN] CASHIER FORM : QTY FOR THE EXISTING ROW NOT CHANGED
[ADMIN] [6/20/2017 12:07] [PENJUALAN] CASHIER FORM : CALCULATE SUBTOTAL
[ADMIN] [6/20/2017 12:07] [PENJUALAN] CASHIER FORM : SUBTOTAL [45390]
[ADMIN] [6/20/2017 12:07] [PENJUALAN] CASHIER FORM : calculateTotal
[ADMIN] [6/20/2017 12:07] [PENJUALAN] CASHIER FORM : calculateTotal [45390]
[ADMIN] [6/20/2017 12:07] [PENJUALAN] CASHIER FORM : calculateTotal, totalAfterDisc [45390]
[ADMIN] [6/20/2017 12:07] [PENJUALAN] CASHIER FORM : calculateChangeValue, bayarTextBox.Text [222222]
[ADMIN] [6/20/2017 12:07] [PENJUALAN] CASHIER FORM : calculateChangeValue, sisaBayar [176832]
[ADMIN] [6/20/2017 12:07] [PENJUALAN] CASHIER FORM : REGISTER HOTKEY
[ADMIN] [6/20/2017 12:07] [PENJUALAN] CASHIER FORM : HOTKEY TO SAVE AND PRINT OUT INVOICE PRESSED
[ADMIN] [6/20/2017 12:07] [PENJUALAN] CASHIER FORM : UNREGISTER HOTKEY
[ADMIN] [6/20/2017 12:07] [PENJUALAN] CASHIER FORM : REGISTER HOTKEY
[ADMIN] [6/20/2017 12:07] [PENJUALAN] ATTEMPT TO SAVE AND PRINT OUT INVOICE
[ADMIN] [6/20/2017 12:07] [] CHECK STOCK QTY IS ENOUGH [2]
[ADMIN] [6/20/2017 12:07] [] CHECK STOCK QTY IS ENOUGH [-89, 1]
[ADMIN] [6/20/2017 12:07] [PENJUALAN] CASHIER FORM : UNREGISTER HOTKEY
[ADMIN] [6/20/2017 12:07] [PENJUALAN] CASHIER FORM : REGISTER HOTKEY
[ADMIN] [6/20/2017 12:07] [PENJUALAN] CASHIER FORM : cashierDataGridView_CellValueChanged [qty]
[ADMIN] [6/20/2017 12:07] [PENJUALAN] CASHIER FORM : TextBox_TextChanged, previousInput []
[ADMIN] [6/20/2017 12:07] [PENJUALAN] CASHIER FORM : TextBox_TextChanged, dataGridViewTextBoxEditingControl.Text pass REGEX Checking
[ADMIN] [6/20/2017 12:08] [] CHECK STOCK QTY IS ENOUGH [2]
[ADMIN] [6/20/2017 12:08] [] CHECK STOCK QTY IS ENOUGH [-89, 2]
[ADMIN] [6/20/2017 12:08] [PENJUALAN] CASHIER FORM : UNREGISTER HOTKEY
[ADMIN] [6/20/2017 12:08] [PENJUALAN] CASHIER FORM : REGISTER HOTKEY
[ADMIN] [6/20/2017 12:09] [PENJUALAN] CASHIER FORM : cashierDataGridView_CellValueChanged [qty]
[ADMIN] [6/20/2017 12:09] [PENJUALAN] CASHIER FORM : TextBox_TextChanged, previousInput []
[ADMIN] [6/20/2017 12:09] [PENJUALAN] CASHIER FORM : TextBox_TextChanged, dataGridViewTextBoxEditingControl.Text pass REGEX Checking
[ADMIN] [6/20/2017 12:09] [] CHECK STOCK QTY IS ENOUGH [2]
[ADMIN] [6/20/2017 12:09] [] CHECK STOCK QTY IS ENOUGH [11, 1]
[ADMIN] [6/20/2017 12:09] [PENJUALAN] CASHIER FORM : CALCULATE SUBTOTAL
[ADMIN] [6/20/2017 12:09] [PENJUALAN] CASHIER FORM : SUBTOTAL [45390]
[ADMIN] [6/20/2017 12:09] [PENJUALAN] CASHIER FORM : TextBox_TextChanged, subtotal value [45390]
[ADMIN] [6/20/2017 12:09] [PENJUALAN] CASHIER FORM : TextBox_TextChanged, attempt to calculate total value
[ADMIN] [6/20/2017 12:09] [PENJUALAN] CASHIER FORM : calculateTotal
[ADMIN] [6/20/2017 12:09] [PENJUALAN] CASHIER FORM : calculateTotal [45390]
[ADMIN] [6/20/2017 12:09] [PENJUALAN] CASHIER FORM : calculateTotal, totalAfterDisc [45390]
[ADMIN] [6/20/2017 12:09] [PENJUALAN] CASHIER FORM : calculateChangeValue, bayarTextBox.Text [222222]
[ADMIN] [6/20/2017 12:09] [PENJUALAN] CASHIER FORM : calculateChangeValue, sisaBayar [176832]
[ADMIN] [6/20/2017 12:09] [PENJUALAN] CASHIER FORM : UNREGISTER HOTKEY
[ADMIN] [6/20/2017 12:09] [PENJUALAN] CASHIER FORM : REGISTER HOTKEY
[ADMIN] [6/20/2017 12:09] [PENJUALAN] CASHIER FORM : HOTKEY TO SAVE AND PRINT OUT INVOICE PRESSED
[ADMIN] [6/20/2017 12:09] [PENJUALAN] CASHIER FORM : UNREGISTER HOTKEY
[ADMIN] [6/20/2017 12:09] [PENJUALAN] CASHIER FORM : REGISTER HOTKEY
[ADMIN] [6/20/2017 12:09] [PENJUALAN] ATTEMPT TO SAVE AND PRINT OUT INVOICE
[ADMIN] [6/20/2017 12:09] [] CHECK STOCK QTY IS ENOUGH [2]
[ADMIN] [6/20/2017 12:09] [] CHECK STOCK QTY IS ENOUGH [11, 1]
[ADMIN] [6/20/2017 12:09] [PENJUALAN] CASHIER FORM : UNREGISTER HOTKEY
[ADMIN] [6/20/2017 12:09] [PENJUALAN] CASHIER FORM : REGISTER HOTKEY
[ADMIN] [6/20/2017 12:09] [PENJUALAN] CASHIER FORM : UNREGISTER HOTKEY
[ADMIN] [6/20/2017 12:09] [PENJUALAN] CASHIER FORM : ATTEMPT TO SAVE SALES DATA [20-06-2017 12:09]
[ADMIN] [6/20/2017 12:09] [PENJUALAN] CASHIER FORM : SALES DISC FINAL [0]
[ADMIN] [6/20/2017 12:09] [PENJUALAN] CASHIER FORM : CASH SALES
[ADMIN] [6/20/2017 12:09] [PENJUALAN] CHECK IF TAX LIMIT SET FOR PERCENTAGE PURCHASE [0]
[ADMIN] [6/20/2017 12:09] [PENJUALAN] CHECK IF TAX LIMIT SET FOR AVERAGE DAILY PURCHASE [0]
[ADMIN] [6/20/2017 12:09] [PENJUALAN] CASHIER FORM : NO FAKTUR [SLO001]
[ADMIN] [6/20/2017 12:09] [PENJUALAN] CASHIER FORM : MAX SALES INVOICE [18]
[ADMIN] [6/20/2017 12:09] [PENJUALAN] CASHIER FORM : SALES INVOICE [SLO001-19]
[ADMIN] [6/20/2017 12:09] [PENJUALAN] INSERT INTO SALES HEADER [SLO001-19]
[ADMIN] [6/20/2017 12:09] [PENJUALAN] INSERT INTO SALES DETAIL[2, 51000, 1]
[ADMIN] [6/20/2017 12:09] [PENJUALAN] INSERT TO CREDIT TABLE [SLO001-19]
[ADMIN] [6/20/2017 12:09] [PENJUALAN] INSERT TO DAILY JOURNAL TABLE [45390]
[ADMIN] [6/20/2017 12:09] [PENJUALAN] CASHIER FORM : REGISTER HOTKEY
[ADMIN] [6/20/2017 12:09] [PENJUALAN] TRANSACTION SAVED
[ADMIN] [6/20/2017 12:09] [PENJUALAN] PRINT OUT INVOICE
[ADMIN] [6/20/2017 12:09] [PENJUALAN] CASHIER FORM : PrintReceipt
[ADMIN] [6/20/2017 12:09] [PENJUALAN] CASHIER FORM : PrintReceipt, papermode [1]
[ADMIN] [6/20/2017 12:09] [PENJUALAN] CASHIER FORM : PrintReceipt, display SalesReceiptForm
[ADMIN] [6/20/2017 12:09] [PENJUALAN] CASHIER FORM : UNREGISTER HOTKEY
[ADMIN] [6/20/2017 12:09] [PENJUALAN] CASHIER FORM : REGISTER HOTKEY
[ADMIN] [6/20/2017 12:09] [PENJUALAN] CASHIER FORM : UNREGISTER HOTKEY
[ADMIN] [6/20/2017 12:09] [PENJUALAN] CASHIER FORM : REGISTER HOTKEY
[ADMIN] [6/20/2017 12:09] [PENJUALAN] VALIDATE USER CREDIT STATUS
[ADMIN] [6/20/2017 12:09] [PENJUALAN] CASHIER FORM : UNREGISTER HOTKEY
[ADMIN] [6/20/2017 12:09] [PENJUALAN] CASHIER FORM : REGISTER HOTKEY
[ADMIN] [6/20/2017 12:09] [PENJUALAN] CASHIER FORM : discJualMaskedTextBox_Validating, totalAfterDisc [0]
[ADMIN] [6/20/2017 12:09] [PENJUALAN] CASHIER FORM : UNREGISTER HOTKEY
[ADMIN] [6/20/2017 12:09] [PENJUALAN] CASHIER FORM : UNREGISTER HOTKEY
[ADMIN] [6/20/2017 12:09] [TAMBAH TRANSAKSI HARIAN] LOAD DATA TRANSAKSI
[ADMIN] [6/20/2017 12:09] [] USER ID = 1LOGOUT
