[] [1/28/2017 22:13] [] USER = ADMIN IS ACTIVE
[ADMIN] [1/28/2017 22:13] [] USER ID = 1 LOGIN SUCCESSFULLY
[ADMIN] [1/28/2017 22:13] [] ACTIVATE USER ACCESS RIGHT
[ADMIN] [1/28/2017 22:13] [] DISPLAY ADMIN FORM
[ADMIN] [1/28/2017 22:13] [] adminForm Load
[ADMIN] [1/28/2017 22:13] [] ACTIVATE USER ACCESS RIGHT
[ADMIN] [1/28/2017 22:14] [PELANGGAN] ATTEMPT TO SAVE DATA
[ADMIN] [1/28/2017 22:14] [PELANGGAN] INSERT NEW CUSTOMER DATA [AAAA]
[ADMIN] [1/28/2017 22:14] [PELANGGAN] DATA SAVED
[ADMIN] [1/28/2017 22:14] [PENJUALAN] CASHIER FORM : REGISTER HOTKEY
[ADMIN] [1/28/2017 22:14] [PENJUALAN] CASHIER FORM : calculateTotal
[ADMIN] [1/28/2017 22:14] [PENJUALAN] CASHIER FORM : calculateTotal [0]
[ADMIN] [1/28/2017 22:14] [PENJUALAN] CASHIER FORM : calculateTotal, totalAfterDisc [0]
[ADMIN] [1/28/2017 22:14] [PENJUALAN] CASHIER FORM : calculateChangeValue, bayarTextBox.Text [0]
[ADMIN] [1/28/2017 22:14] [PENJUALAN] CASHIER FORM : calculateChangeValue, sisaBayar [0]
[ADMIN] [1/28/2017 22:14] [PENJUALAN] CASHIER FORM : REGISTER HOTKEY
[ADMIN] [1/28/2017 22:14] [PENJUALAN] CASHIER FORM : HOTKEY TO ADD NEW ROW PRESSED
[ADMIN] [1/28/2017 22:14] [PENJUALAN] CASHIER FORM : ADD NEW ROW,  isActive [True]
[ADMIN] [1/28/2017 22:14] [PENJUALAN] CASHIER FORM : ADD NEW ROW,  ROW COUNT [0]
[ADMIN] [1/28/2017 22:14] [PENJUALAN] CASHIER FORM : ADD NEW ROW,  ALLOW TO ADD [True]
[ADMIN] [1/28/2017 22:14] [PENJUALAN] CASHIER FORM : cashierDataGridView_CellValueChanged [F8]
[ADMIN] [1/28/2017 22:14] [PENJUALAN] CASHIER FORM : cashierDataGridView_CellValueChanged [hpp]
[ADMIN] [1/28/2017 22:14] [PENJUALAN] CASHIER FORM : cashierDataGridView_CellValueChanged [productPrice]
[ADMIN] [1/28/2017 22:14] [PENJUALAN] CASHIER FORM : TextBox_TextChanged, previousInput []
[ADMIN] [1/28/2017 22:14] [PENJUALAN] CASHIER FORM : TextBox_TextChanged, dataGridViewTextBoxEditingControl.Text pass REGEX Checking
[ADMIN] [1/28/2017 22:14] [PENJUALAN] CASHIER FORM : CALCULATE SUBTOTAL
[ADMIN] [1/28/2017 22:14] [PENJUALAN] CASHIER FORM : SUBTOTAL [0]
[ADMIN] [1/28/2017 22:14] [PENJUALAN] CASHIER FORM : TextBox_TextChanged, subtotal value [0]
[ADMIN] [1/28/2017 22:14] [PENJUALAN] CASHIER FORM : TextBox_TextChanged, attempt to calculate total value
[ADMIN] [1/28/2017 22:14] [PENJUALAN] CASHIER FORM : calculateTotal
[ADMIN] [1/28/2017 22:14] [PENJUALAN] CASHIER FORM : calculateTotal [0]
[ADMIN] [1/28/2017 22:14] [PENJUALAN] CASHIER FORM : calculateTotal, totalAfterDisc [0]
[ADMIN] [1/28/2017 22:14] [PENJUALAN] CASHIER FORM : calculateChangeValue, bayarTextBox.Text [0]
[ADMIN] [1/28/2017 22:14] [PENJUALAN] CASHIER FORM : calculateChangeValue, sisaBayar [0]
[ADMIN] [1/28/2017 22:14] [PENJUALAN] CASHIER FORM : cashierDataGridView_CellValueChanged [disc1]
[ADMIN] [1/28/2017 22:14] [PENJUALAN] CASHIER FORM : TextBox_TextChanged, previousInput []
[ADMIN] [1/28/2017 22:14] [PENJUALAN] CASHIER FORM : TextBox_TextChanged, dataGridViewTextBoxEditingControl.Text pass REGEX Checking
[ADMIN] [1/28/2017 22:14] [PENJUALAN] CASHIER FORM : CALCULATE SUBTOTAL
[ADMIN] [1/28/2017 22:14] [PENJUALAN] CASHIER FORM : SUBTOTAL [0]
[ADMIN] [1/28/2017 22:14] [PENJUALAN] CASHIER FORM : TextBox_TextChanged, subtotal value [0]
[ADMIN] [1/28/2017 22:14] [PENJUALAN] CASHIER FORM : TextBox_TextChanged, attempt to calculate total value
[ADMIN] [1/28/2017 22:14] [PENJUALAN] CASHIER FORM : calculateTotal
[ADMIN] [1/28/2017 22:14] [PENJUALAN] CASHIER FORM : calculateTotal [0]
[ADMIN] [1/28/2017 22:14] [PENJUALAN] CASHIER FORM : calculateTotal, totalAfterDisc [0]
[ADMIN] [1/28/2017 22:14] [PENJUALAN] CASHIER FORM : calculateChangeValue, bayarTextBox.Text [0]
[ADMIN] [1/28/2017 22:14] [PENJUALAN] CASHIER FORM : calculateChangeValue, sisaBayar [0]
[ADMIN] [1/28/2017 22:14] [PENJUALAN] CASHIER FORM : cashierDataGridView_CellValueChanged [qty]
[ADMIN] [1/28/2017 22:14] [PENJUALAN] CASHIER FORM : TextBox_TextChanged, previousInput []
[ADMIN] [1/28/2017 22:14] [PENJUALAN] CASHIER FORM : TextBox_TextChanged, dataGridViewTextBoxEditingControl.Text pass REGEX Checking
[ADMIN] [1/28/2017 22:14] [] CHECK STOCK QTY IS ENOUGH []
[ADMIN] [1/28/2017 22:14] [PENJUALAN] CASHIER FORM : cashierDataGridView_CellValueChanged [disc2]
[ADMIN] [1/28/2017 22:14] [PENJUALAN] CASHIER FORM : TextBox_TextChanged, previousInput []
[ADMIN] [1/28/2017 22:14] [PENJUALAN] CASHIER FORM : TextBox_TextChanged, dataGridViewTextBoxEditingControl.Text pass REGEX Checking
[ADMIN] [1/28/2017 22:14] [PENJUALAN] CASHIER FORM : CALCULATE SUBTOTAL
[ADMIN] [1/28/2017 22:14] [PENJUALAN] CASHIER FORM : SUBTOTAL [0]
[ADMIN] [1/28/2017 22:14] [PENJUALAN] CASHIER FORM : TextBox_TextChanged, subtotal value [0]
[ADMIN] [1/28/2017 22:14] [PENJUALAN] CASHIER FORM : TextBox_TextChanged, attempt to calculate total value
[ADMIN] [1/28/2017 22:14] [PENJUALAN] CASHIER FORM : calculateTotal
[ADMIN] [1/28/2017 22:14] [PENJUALAN] CASHIER FORM : calculateTotal [0]
[ADMIN] [1/28/2017 22:14] [PENJUALAN] CASHIER FORM : calculateTotal, totalAfterDisc [0]
[ADMIN] [1/28/2017 22:14] [PENJUALAN] CASHIER FORM : calculateChangeValue, bayarTextBox.Text [0]
[ADMIN] [1/28/2017 22:14] [PENJUALAN] CASHIER FORM : calculateChangeValue, sisaBayar [0]
[ADMIN] [1/28/2017 22:14] [PENJUALAN] CASHIER FORM : cashierDataGridView_CellValueChanged [discRP]
[ADMIN] [1/28/2017 22:14] [PENJUALAN] CASHIER FORM : TextBox_TextChanged, previousInput []
[ADMIN] [1/28/2017 22:14] [PENJUALAN] CASHIER FORM : TextBox_TextChanged, dataGridViewTextBoxEditingControl.Text pass REGEX Checking
[ADMIN] [1/28/2017 22:14] [PENJUALAN] CASHIER FORM : CALCULATE SUBTOTAL
[ADMIN] [1/28/2017 22:14] [PENJUALAN] CASHIER FORM : SUBTOTAL [0]
[ADMIN] [1/28/2017 22:14] [PENJUALAN] CASHIER FORM : TextBox_TextChanged, subtotal value [0]
[ADMIN] [1/28/2017 22:14] [PENJUALAN] CASHIER FORM : TextBox_TextChanged, attempt to calculate total value
[ADMIN] [1/28/2017 22:14] [PENJUALAN] CASHIER FORM : calculateTotal
[ADMIN] [1/28/2017 22:14] [PENJUALAN] CASHIER FORM : calculateTotal [0]
[ADMIN] [1/28/2017 22:14] [PENJUALAN] CASHIER FORM : calculateTotal, totalAfterDisc [0]
[ADMIN] [1/28/2017 22:14] [PENJUALAN] CASHIER FORM : calculateChangeValue, bayarTextBox.Text [0]
[ADMIN] [1/28/2017 22:14] [PENJUALAN] CASHIER FORM : calculateChangeValue, sisaBayar [0]
[ADMIN] [1/28/2017 22:14] [PENJUALAN] CASHIER FORM : cashierDataGridView_CellValueChanged [jumlah]
[ADMIN] [1/28/2017 22:14] [PENJUALAN] CASHIER FORM : UNREGISTER HOTKEY
[ADMIN] [1/28/2017 22:14] [PENJUALAN] CASHIER FORM : UNREGISTER HOTKEY
[ADMIN] [1/28/2017 22:14] [] USER ID = 1LOGOUT
