[] [1/30/2017 11:16] [] USER = ADMIN IS ACTIVE
[ADMIN] [1/30/2017 11:16] [] USER ID = 1 LOGIN SUCCESSFULLY
[ADMIN] [1/30/2017 11:16] [] ACTIVATE USER ACCESS RIGHT
[ADMIN] [1/30/2017 11:16] [] DISPLAY ADMIN FORM
[ADMIN] [1/30/2017 11:16] [] adminForm Load
[ADMIN] [1/30/2017 11:16] [] ACTIVATE USER ACCESS RIGHT
[ADMIN] [1/30/2017 11:19] [RETUR PENJUALAN] RETUR PENJUALAN : detailReturDataGridView_CellValueChanged [qty]
[ADMIN] [1/30/2017 11:19] [RETUR PENJUALAN] RETUR PENJUALAN : detailReturDataGridView_CellValueChanged [subtotal]
[ADMIN] [1/30/2017 11:19] [RETUR PENJUALAN] RETUR PENJUALAN : detailReturDataGridView_CellValueChanged [productName]
[ADMIN] [1/30/2017 11:19] [RETUR PENJUALAN] RETUR PENJUALAN : detailReturDataGridView_CellValueChanged [productName]
[ADMIN] [1/30/2017 11:19] [RETUR PENJUALAN] RETUR PENJUALAN : detailReturDataGridView_CellValueChanged [productPrice]
[ADMIN] [1/30/2017 11:19] [RETUR PENJUALAN] RETUR PENJUALAN : detailReturDataGridView_CellValueChanged [subtotal]
[ADMIN] [1/30/2017 11:19] [RETUR PENJUALAN] RETUR PENJUALAN : detailReturDataGridView_CellValueChanged [SOqty]
[ADMIN] [1/30/2017 11:19] [RETUR PENJUALAN] RETUR PENJUALAN : detailReturDataGridView_CellValueChanged [disc1]
[ADMIN] [1/30/2017 11:19] [RETUR PENJUALAN] RETUR PENJUALAN : detailReturDataGridView_CellValueChanged [disc2]
[ADMIN] [1/30/2017 11:19] [RETUR PENJUALAN] RETUR PENJUALAN : detailReturDataGridView_CellValueChanged [discRP]
[ADMIN] [1/30/2017 11:19] [RETUR PENJUALAN] RETUR PENJUALAN : detailReturDataGridView_CellValueChanged [productName]
[ADMIN] [1/30/2017 11:19] [RETUR PENJUALAN] RETUR PENJUALAN : detailReturDataGridView_CellValueChanged [productName]
[ADMIN] [1/30/2017 11:19] [RETUR PENJUALAN] RETUR PENJUALAN : detailReturDataGridView_CellValueChanged [productName]
[ADMIN] [1/30/2017 11:19] [RETUR PENJUALAN] RETUR PENJUALAN : detailReturDataGridView_CellValueChanged [productID]
[ADMIN] [1/30/2017 11:19] [RETUR PENJUALAN] updateSomeRowsContent, PRODUCT_BASE_PRICE [1]
[ADMIN] [1/30/2017 11:19] [RETUR PENJUALAN] RETUR PENJUALAN : detailReturDataGridView_CellValueChanged [productPrice]
[ADMIN] [1/30/2017 11:19] [RETUR PENJUALAN] RETUR PENJUALAN : detailReturDataGridView_CellValueChanged [qty]
[ADMIN] [1/30/2017 11:19] [RETUR PENJUALAN] RETUR PENJUALAN : detailReturDataGridView_CellValueChanged [subtotal]
[ADMIN] [1/30/2017 11:19] [RETUR PENJUALAN] RETUR PENJUALAN : detailReturDataGridView_CellValueChanged [subtotal]
[ADMIN] [1/30/2017 11:19] [RETUR PENJUALAN] updateSomeRowsContent, attempt to calculate total
[ADMIN] [1/30/2017 11:19] [RETUR PENJUALAN] RETUR PENJUALAN : detailReturDataGridView_CellValueChanged [SOqty]
[ADMIN] [1/30/2017 11:19] [RETUR PENJUALAN] RETUR PENJUALAN : detailReturDataGridView_CellValueChanged [disc1]
[ADMIN] [1/30/2017 11:19] [RETUR PENJUALAN] RETUR PENJUALAN : detailReturDataGridView_CellValueChanged [disc2]
[ADMIN] [1/30/2017 11:19] [RETUR PENJUALAN] RETUR PENJUALAN : detailReturDataGridView_CellValueChanged [discRP]
[ADMIN] [1/30/2017 11:19] [RETUR PENJUALAN] RETUR PENJUALAN : detailReturDataGridView_CellValueChanged [productName]
[ADMIN] [1/30/2017 11:19] [RETUR PENJUALAN] RETUR PENJUALAN : detailReturDataGridView_CellValueChanged [productName]
[ADMIN] [1/30/2017 11:19] [RETUR PENJUALAN] RETUR PENJUALAN : detailReturDataGridView_CellValueChanged [productPrice]
[ADMIN] [1/30/2017 11:19] [RETUR PENJUALAN] RETUR PENJUALAN : detailReturDataGridView_CellValueChanged [subtotal]
[ADMIN] [1/30/2017 11:19] [RETUR PENJUALAN] RETUR PENJUALAN : detailReturDataGridView_CellValueChanged [qty]
[ADMIN] [1/30/2017 11:19] [RETUR PENJUALAN] RETUR PENJUALAN : detailReturDataGridView_CellValueChanged [subtotal]
[ADMIN] [1/30/2017 11:19] [RETUR PENJUALAN] RETUR PENJUALAN : detailReturDataGridView_CellValueChanged [SOqty]
[ADMIN] [1/30/2017 11:19] [RETUR PENJUALAN] RETUR PENJUALAN : detailReturDataGridView_CellValueChanged [disc1]
[ADMIN] [1/30/2017 11:19] [RETUR PENJUALAN] RETUR PENJUALAN : detailReturDataGridView_CellValueChanged [disc2]
[ADMIN] [1/30/2017 11:19] [RETUR PENJUALAN] RETUR PENJUALAN : detailReturDataGridView_CellValueChanged [discRP]
[ADMIN] [1/30/2017 11:19] [RETUR PENJUALAN] RETUR PENJUALAN : detailReturDataGridView_CellValueChanged [productName]
[ADMIN] [1/30/2017 11:19] [RETUR PENJUALAN] RETUR PENJUALAN : detailReturDataGridView_CellValueChanged [qty]
[ADMIN] [1/30/2017 11:19] [RETUR PENJUALAN] RETUR PENJUALAN : detailReturDataGridView_CellValueChanged [qty]
[ADMIN] [1/30/2017 11:19] [RETUR PENJUALAN] RETUR PENJUALAN : detailReturDataGridView_CellValueChanged [qty]
[ADMIN] [1/30/2017 11:19] [RETUR PENJUALAN] RETUR PENJUALAN : detailReturDataGridView_CellValueChanged [qty]
[ADMIN] [1/30/2017 11:19] [RETUR PENJUALAN] RETUR PENJUALAN : detailReturDataGridView_CellValueChanged [qty]
[ADMIN] [1/30/2017 11:19] [RETUR PENJUALAN] RETUR PENJUALAN : detailReturDataGridView_CellValueChanged [qty]
[ADMIN] [1/30/2017 11:19] [RETUR PENJUALAN] RETUR PENJUALAN : detailReturDataGridView_CellValueChanged [qty]
[ADMIN] [1/30/2017 11:19] [RETUR PENJUALAN] RETUR PENJUALAN : detailReturDataGridView_CellValueChanged [qty]
[ADMIN] [1/30/2017 11:19] [RETUR PENJUALAN] RETUR PENJUALAN : detailReturDataGridView_CellValueChanged [qty]
[ADMIN] [1/30/2017 11:19] [RETUR PENJUALAN] RETUR PENJUALAN : detailReturDataGridView_CellValueChanged [qty]
[ADMIN] [1/30/2017 11:19] [RETUR PENJUALAN] RETUR PENJUALAN : detailReturDataGridView_CellValueChanged [qty]
[ADMIN] [1/30/2017 11:19] [RETUR PENJUALAN] RETUR PENJUALAN : detailReturDataGridView_CellValueChanged [qty]
[ADMIN] [1/30/2017 11:19] [RETUR PENJUALAN] RETUR PENJUALAN : detailReturDataGridView_CellValueChanged [qty]
[ADMIN] [1/30/2017 11:19] [RETUR PENJUALAN] RETUR PENJUALAN : detailReturDataGridView_CellValueChanged [qty]
[ADMIN] [1/30/2017 11:19] [RETUR PENJUALAN] RETUR PENJUALAN : detailReturDataGridView_CellValueChanged [qty]
[ADMIN] [1/30/2017 11:19] [RETUR PENJUALAN] RETUR PENJUALAN : detailReturDataGridView_CellValueChanged [qty]
[ADMIN] [1/30/2017 11:19] [RETUR PENJUALAN] RETUR PENJUALAN : detailReturDataGridView_CellValueChanged [qty]
[ADMIN] [1/30/2017 11:19] [RETUR PENJUALAN] RETUR PENJUALAN : detailReturDataGridView_CellValueChanged [qty]
[ADMIN] [1/30/2017 11:19] [RETUR PENJUALAN] RETUR PENJUALAN : detailReturDataGridView_CellValueChanged [qty]
[ADMIN] [1/30/2017 11:19] [RETUR PENJUALAN] RETUR PENJUALAN : detailReturDataGridView_CellValueChanged [qty]
[ADMIN] [1/30/2017 11:19] [] USER ID = 1LOGOUT
