[] [2/4/2017 12:41] [] USER = ADMIN IS ACTIVE
[ADMIN] [2/4/2017 12:41] [] USER ID = 1 LOGIN SUCCESSFULLY
[ADMIN] [2/4/2017 12:41] [] ACTIVATE USER ACCESS RIGHT
[ADMIN] [2/4/2017 12:41] [] DISPLAY ADMIN FORM
[ADMIN] [2/4/2017 12:41] [] adminForm Load
[ADMIN] [2/4/2017 12:47] [PENJUALAN] CASHIER FORM : MULTIPLE CASHIER INSTANCE [1]
[ADMIN] [2/4/2017 12:47] [PENJUALAN] CASHIER FORM : REGISTER HOTKEY
[ADMIN] [2/4/2017 12:47] [PENJUALAN] CASHIER FORM : cashierForm_Load, ATTEMPT TO LOAD NO FAKTUR
[ADMIN] [2/4/2017 12:47] [PENJUALAN] CASHIER FORM : loadNoFaktur, noFakturValue [SLO001]
[ADMIN] [2/4/2017 12:47] [PENJUALAN] CASHIER FORM : cashierForm_Load, ATTEMPT TO addColumnToDataGrid
[ADMIN] [2/4/2017 12:47] [PENJUALAN] CASHIER FORM : calculateTotal
[ADMIN] [2/4/2017 12:47] [PENJUALAN] CASHIER FORM : calculateTotal [0]
[ADMIN] [2/4/2017 12:47] [PENJUALAN] CASHIER FORM : calculateTotal, totalAfterDisc [0]
[ADMIN] [2/4/2017 12:47] [PENJUALAN] CASHIER FORM : calculateChangeValue, bayarTextBox.Text [0]
[ADMIN] [2/4/2017 12:47] [PENJUALAN] CASHIER FORM : calculateChangeValue, sisaBayar [0]
[ADMIN] [2/4/2017 12:47] [PENJUALAN] CASHIER FORM : REGISTER HOTKEY
[ADMIN] [2/4/2017 12:47] [PENJUALAN] CASHIER FORM : HOTKEY TO ADD NEW ROW PRESSED
[ADMIN] [2/4/2017 12:47] [PENJUALAN] CASHIER FORM : ADD NEW ROW,  isActive [True]
[ADMIN] [2/4/2017 12:47] [PENJUALAN] CASHIER FORM : ADD NEW ROW,  ROW COUNT [0]
[ADMIN] [2/4/2017 12:47] [PENJUALAN] CASHIER FORM : ADD NEW ROW,  ALLOW TO ADD [True]
[ADMIN] [2/4/2017 12:47] [PENJUALAN] CASHIER FORM : cashierDataGridView_CellValueChanged [F8]
[ADMIN] [2/4/2017 12:47] [PENJUALAN] CASHIER FORM : cashierDataGridView_CellValueChanged [hpp]
[ADMIN] [2/4/2017 12:47] [PENJUALAN] CASHIER FORM : cashierDataGridView_CellValueChanged [productPrice]
[ADMIN] [2/4/2017 12:47] [PENJUALAN] CASHIER FORM : TextBox_TextChanged, previousInput []
[ADMIN] [2/4/2017 12:47] [PENJUALAN] CASHIER FORM : TextBox_TextChanged, dataGridViewTextBoxEditingControl.Text pass REGEX Checking
[ADMIN] [2/4/2017 12:47] [PENJUALAN] CASHIER FORM : CALCULATE SUBTOTAL
[ADMIN] [2/4/2017 12:47] [PENJUALAN] CASHIER FORM : SUBTOTAL [0]
[ADMIN] [2/4/2017 12:47] [PENJUALAN] CASHIER FORM : TextBox_TextChanged, subtotal value [0]
[ADMIN] [2/4/2017 12:47] [PENJUALAN] CASHIER FORM : TextBox_TextChanged, attempt to calculate total value
[ADMIN] [2/4/2017 12:47] [PENJUALAN] CASHIER FORM : calculateTotal
[ADMIN] [2/4/2017 12:47] [PENJUALAN] CASHIER FORM : calculateTotal [0]
[ADMIN] [2/4/2017 12:47] [PENJUALAN] CASHIER FORM : calculateTotal, totalAfterDisc [0]
[ADMIN] [2/4/2017 12:47] [PENJUALAN] CASHIER FORM : calculateChangeValue, bayarTextBox.Text [0]
[ADMIN] [2/4/2017 12:47] [PENJUALAN] CASHIER FORM : calculateChangeValue, sisaBayar [0]
[ADMIN] [2/4/2017 12:47] [PENJUALAN] CASHIER FORM : cashierDataGridView_CellValueChanged [disc1]
[ADMIN] [2/4/2017 12:47] [PENJUALAN] CASHIER FORM : TextBox_TextChanged, previousInput []
[ADMIN] [2/4/2017 12:47] [PENJUALAN] CASHIER FORM : TextBox_TextChanged, dataGridViewTextBoxEditingControl.Text pass REGEX Checking
[ADMIN] [2/4/2017 12:47] [PENJUALAN] CASHIER FORM : CALCULATE SUBTOTAL
[ADMIN] [2/4/2017 12:47] [PENJUALAN] CASHIER FORM : SUBTOTAL [0]
[ADMIN] [2/4/2017 12:47] [PENJUALAN] CASHIER FORM : TextBox_TextChanged, subtotal value [0]
[ADMIN] [2/4/2017 12:47] [PENJUALAN] CASHIER FORM : TextBox_TextChanged, attempt to calculate total value
[ADMIN] [2/4/2017 12:47] [PENJUALAN] CASHIER FORM : calculateTotal
[ADMIN] [2/4/2017 12:47] [PENJUALAN] CASHIER FORM : calculateTotal [0]
[ADMIN] [2/4/2017 12:47] [PENJUALAN] CASHIER FORM : calculateTotal, totalAfterDisc [0]
[ADMIN] [2/4/2017 12:47] [PENJUALAN] CASHIER FORM : calculateChangeValue, bayarTextBox.Text [0]
[ADMIN] [2/4/2017 12:47] [PENJUALAN] CASHIER FORM : calculateChangeValue, sisaBayar [0]
[ADMIN] [2/4/2017 12:47] [PENJUALAN] CASHIER FORM : cashierDataGridView_CellValueChanged [qty]
[ADMIN] [2/4/2017 12:47] [PENJUALAN] CASHIER FORM : TextBox_TextChanged, previousInput []
[ADMIN] [2/4/2017 12:47] [PENJUALAN] CASHIER FORM : TextBox_TextChanged, dataGridViewTextBoxEditingControl.Text pass REGEX Checking
[ADMIN] [2/4/2017 12:47] [] CHECK STOCK QTY IS ENOUGH []
[ADMIN] [2/4/2017 12:47] [PENJUALAN] CASHIER FORM : CALCULATE SUBTOTAL
[ADMIN] [2/4/2017 12:47] [PENJUALAN] CASHIER FORM : SUBTOTAL [0]
[ADMIN] [2/4/2017 12:47] [PENJUALAN] CASHIER FORM : TextBox_TextChanged, subtotal value [0]
[ADMIN] [2/4/2017 12:47] [PENJUALAN] CASHIER FORM : TextBox_TextChanged, attempt to calculate total value
[ADMIN] [2/4/2017 12:47] [PENJUALAN] CASHIER FORM : calculateTotal
[ADMIN] [2/4/2017 12:47] [PENJUALAN] CASHIER FORM : calculateTotal [0]
[ADMIN] [2/4/2017 12:47] [PENJUALAN] CASHIER FORM : calculateTotal, totalAfterDisc [0]
[ADMIN] [2/4/2017 12:47] [PENJUALAN] CASHIER FORM : calculateChangeValue, bayarTextBox.Text [0]
[ADMIN] [2/4/2017 12:47] [PENJUALAN] CASHIER FORM : calculateChangeValue, sisaBayar [0]
[ADMIN] [2/4/2017 12:47] [PENJUALAN] CASHIER FORM : cashierDataGridView_CellValueChanged [disc2]
[ADMIN] [2/4/2017 12:47] [PENJUALAN] CASHIER FORM : TextBox_TextChanged, previousInput []
[ADMIN] [2/4/2017 12:47] [PENJUALAN] CASHIER FORM : TextBox_TextChanged, dataGridViewTextBoxEditingControl.Text pass REGEX Checking
[ADMIN] [2/4/2017 12:47] [PENJUALAN] CASHIER FORM : CALCULATE SUBTOTAL
[ADMIN] [2/4/2017 12:47] [PENJUALAN] CASHIER FORM : SUBTOTAL [0]
[ADMIN] [2/4/2017 12:47] [PENJUALAN] CASHIER FORM : TextBox_TextChanged, subtotal value [0]
[ADMIN] [2/4/2017 12:47] [PENJUALAN] CASHIER FORM : TextBox_TextChanged, attempt to calculate total value
[ADMIN] [2/4/2017 12:47] [PENJUALAN] CASHIER FORM : calculateTotal
[ADMIN] [2/4/2017 12:47] [PENJUALAN] CASHIER FORM : calculateTotal [0]
[ADMIN] [2/4/2017 12:47] [PENJUALAN] CASHIER FORM : calculateTotal, totalAfterDisc [0]
[ADMIN] [2/4/2017 12:47] [PENJUALAN] CASHIER FORM : calculateChangeValue, bayarTextBox.Text [0]
[ADMIN] [2/4/2017 12:47] [PENJUALAN] CASHIER FORM : calculateChangeValue, sisaBayar [0]
[ADMIN] [2/4/2017 12:47] [PENJUALAN] CASHIER FORM : cashierDataGridView_CellValueChanged [discRP]
[ADMIN] [2/4/2017 12:47] [PENJUALAN] CASHIER FORM : TextBox_TextChanged, previousInput []
[ADMIN] [2/4/2017 12:47] [PENJUALAN] CASHIER FORM : TextBox_TextChanged, dataGridViewTextBoxEditingControl.Text pass REGEX Checking
[ADMIN] [2/4/2017 12:47] [PENJUALAN] CASHIER FORM : CALCULATE SUBTOTAL
[ADMIN] [2/4/2017 12:47] [PENJUALAN] CASHIER FORM : SUBTOTAL [0]
[ADMIN] [2/4/2017 12:47] [PENJUALAN] CASHIER FORM : TextBox_TextChanged, subtotal value [0]
[ADMIN] [2/4/2017 12:47] [PENJUALAN] CASHIER FORM : TextBox_TextChanged, attempt to calculate total value
[ADMIN] [2/4/2017 12:47] [PENJUALAN] CASHIER FORM : calculateTotal
[ADMIN] [2/4/2017 12:47] [PENJUALAN] CASHIER FORM : calculateTotal [0]
[ADMIN] [2/4/2017 12:47] [PENJUALAN] CASHIER FORM : calculateTotal, totalAfterDisc [0]
[ADMIN] [2/4/2017 12:47] [PENJUALAN] CASHIER FORM : calculateChangeValue, bayarTextBox.Text [0]
[ADMIN] [2/4/2017 12:47] [PENJUALAN] CASHIER FORM : calculateChangeValue, sisaBayar [0]
[ADMIN] [2/4/2017 12:47] [PENJUALAN] CASHIER FORM : cashierDataGridView_CellValueChanged [jumlah]
[ADMIN] [2/4/2017 12:47] [PENJUALAN] CASHIER FORM : cashierDataGridView_CellValueChanged [productName]
[ADMIN] [2/4/2017 12:47] [PENJUALAN] CASHIER FORM : cashierDataGridView_CellValueChanged [productName]
[ADMIN] [2/4/2017 12:47] [PENJUALAN] CASHIER FORM : cashierDataGridView_CellValueChanged [productID]
[ADMIN] [2/4/2017 12:47] [PENJUALAN] CASHIER FORM : PRODUCT PRICE TYPE [PRODUCT_BASE_PRICE]
[ADMIN] [2/4/2017 12:47] [PENJUALAN] CASHIER FORM : PRODUCT PRICE [1000]
[ADMIN] [2/4/2017 12:47] [PENJUALAN] CASHIER FORM : ComboBox_SelectedIndexChanged, PRODUCT_BASE_PRICE [1000]
[ADMIN] [2/4/2017 12:47] [PENJUALAN] CASHIER FORM : cashierDataGridView_CellValueChanged [hpp]
[ADMIN] [2/4/2017 12:47] [PENJUALAN] CASHIER FORM : PRODUCT PRICE TYPE [PRODUCT_RETAIL_PRICE]
[ADMIN] [2/4/2017 12:47] [PENJUALAN] CASHIER FORM : PRODUCT PRICE [1]
[ADMIN] [2/4/2017 12:47] [PENJUALAN] CASHIER FORM : ComboBox_SelectedIndexChanged, PRODUCT_SALES_PRICE [1]
[ADMIN] [2/4/2017 12:47] [PENJUALAN] CASHIER FORM : cashierDataGridView_CellValueChanged [productPrice]
[ADMIN] [2/4/2017 12:47] [PENJUALAN] CASHIER FORM : TextBox_TextChanged, previousInput []
[ADMIN] [2/4/2017 12:47] [PENJUALAN] CASHIER FORM : TextBox_TextChanged, dataGridViewTextBoxEditingControl.Text pass REGEX Checking
[ADMIN] [2/4/2017 12:47] [PENJUALAN] CASHIER FORM : CALCULATE SUBTOTAL
[ADMIN] [2/4/2017 12:47] [PENJUALAN] CASHIER FORM : SUBTOTAL [0]
[ADMIN] [2/4/2017 12:47] [PENJUALAN] CASHIER FORM : TextBox_TextChanged, subtotal value [0]
[ADMIN] [2/4/2017 12:47] [PENJUALAN] CASHIER FORM : TextBox_TextChanged, attempt to calculate total value
[ADMIN] [2/4/2017 12:47] [PENJUALAN] CASHIER FORM : calculateTotal
[ADMIN] [2/4/2017 12:47] [PENJUALAN] CASHIER FORM : calculateTotal [0]
[ADMIN] [2/4/2017 12:47] [PENJUALAN] CASHIER FORM : calculateTotal, totalAfterDisc [0]
[ADMIN] [2/4/2017 12:47] [PENJUALAN] CASHIER FORM : calculateChangeValue, bayarTextBox.Text [0]
[ADMIN] [2/4/2017 12:47] [PENJUALAN] CASHIER FORM : calculateChangeValue, sisaBayar [0]
[ADMIN] [2/4/2017 12:47] [PENJUALAN] CASHIER FORM : cashierDataGridView_CellValueChanged [qty]
[ADMIN] [2/4/2017 12:47] [PENJUALAN] CASHIER FORM : TextBox_TextChanged, previousInput []
[ADMIN] [2/4/2017 12:47] [PENJUALAN] CASHIER FORM : TextBox_TextChanged, dataGridViewTextBoxEditingControl.Text pass REGEX Checking
[ADMIN] [2/4/2017 12:47] [] CHECK STOCK QTY IS ENOUGH [105]
[ADMIN] [2/4/2017 12:47] [] CHECK STOCK QTY IS ENOUGH [55, 0]
[ADMIN] [2/4/2017 12:47] [PENJUALAN] CASHIER FORM : CALCULATE SUBTOTAL
[ADMIN] [2/4/2017 12:47] [PENJUALAN] CASHIER FORM : SUBTOTAL [0]
[ADMIN] [2/4/2017 12:47] [PENJUALAN] CASHIER FORM : TextBox_TextChanged, subtotal value [0]
[ADMIN] [2/4/2017 12:47] [PENJUALAN] CASHIER FORM : TextBox_TextChanged, attempt to calculate total value
[ADMIN] [2/4/2017 12:47] [PENJUALAN] CASHIER FORM : calculateTotal
[ADMIN] [2/4/2017 12:47] [PENJUALAN] CASHIER FORM : calculateTotal [0]
[ADMIN] [2/4/2017 12:47] [PENJUALAN] CASHIER FORM : calculateTotal, totalAfterDisc [0]
[ADMIN] [2/4/2017 12:47] [PENJUALAN] CASHIER FORM : calculateChangeValue, bayarTextBox.Text [0]
[ADMIN] [2/4/2017 12:47] [PENJUALAN] CASHIER FORM : calculateChangeValue, sisaBayar [0]
[ADMIN] [2/4/2017 12:47] [PENJUALAN] CASHIER FORM : cashierDataGridView_CellValueChanged [jumlah]
[ADMIN] [2/4/2017 12:47] [PENJUALAN] CASHIER FORM : ComboBox_SelectedIndexChanged, attempt to calculate total
[ADMIN] [2/4/2017 12:47] [PENJUALAN] CASHIER FORM : calculateTotal
[ADMIN] [2/4/2017 12:47] [PENJUALAN] CASHIER FORM : calculateTotal [0]
[ADMIN] [2/4/2017 12:47] [PENJUALAN] CASHIER FORM : calculateTotal, totalAfterDisc [0]
[ADMIN] [2/4/2017 12:47] [PENJUALAN] CASHIER FORM : calculateChangeValue, bayarTextBox.Text [0]
[ADMIN] [2/4/2017 12:47] [PENJUALAN] CASHIER FORM : calculateChangeValue, sisaBayar [0]
[ADMIN] [2/4/2017 12:47] [PENJUALAN] CASHIER FORM : cashierDataGridView_CellValueChanged [productPrice]
[ADMIN] [2/4/2017 12:47] [PENJUALAN] CASHIER FORM : TextBox_TextChanged, previousInput []
[ADMIN] [2/4/2017 12:47] [PENJUALAN] CASHIER FORM : TextBox_TextChanged, dataGridViewTextBoxEditingControl.Text pass REGEX Checking
[ADMIN] [2/4/2017 12:47] [PENJUALAN] CASHIER FORM : CALCULATE SUBTOTAL
[ADMIN] [2/4/2017 12:47] [PENJUALAN] CASHIER FORM : SUBTOTAL [0]
[ADMIN] [2/4/2017 12:47] [PENJUALAN] CASHIER FORM : TextBox_TextChanged, subtotal value [0]
[ADMIN] [2/4/2017 12:47] [PENJUALAN] CASHIER FORM : TextBox_TextChanged, attempt to calculate total value
[ADMIN] [2/4/2017 12:47] [PENJUALAN] CASHIER FORM : calculateTotal
[ADMIN] [2/4/2017 12:47] [PENJUALAN] CASHIER FORM : calculateTotal [0]
[ADMIN] [2/4/2017 12:47] [PENJUALAN] CASHIER FORM : calculateTotal, totalAfterDisc [0]
[ADMIN] [2/4/2017 12:47] [PENJUALAN] CASHIER FORM : calculateChangeValue, bayarTextBox.Text [0]
[ADMIN] [2/4/2017 12:47] [PENJUALAN] CASHIER FORM : calculateChangeValue, sisaBayar [0]
[ADMIN] [2/4/2017 12:47] [PENJUALAN] CASHIER FORM : cashierDataGridView_CellValueChanged [productPrice]
[ADMIN] [2/4/2017 12:47] [PENJUALAN] CASHIER FORM : TextBox_TextChanged, previousInput []
[ADMIN] [2/4/2017 12:47] [PENJUALAN] CASHIER FORM : TextBox_TextChanged, dataGridViewTextBoxEditingControl.Text pass REGEX Checking
[ADMIN] [2/4/2017 12:47] [PENJUALAN] CASHIER FORM : CALCULATE SUBTOTAL
[ADMIN] [2/4/2017 12:47] [PENJUALAN] CASHIER FORM : SUBTOTAL [0]
[ADMIN] [2/4/2017 12:47] [PENJUALAN] CASHIER FORM : TextBox_TextChanged, subtotal value [0]
[ADMIN] [2/4/2017 12:47] [PENJUALAN] CASHIER FORM : TextBox_TextChanged, attempt to calculate total value
[ADMIN] [2/4/2017 12:47] [PENJUALAN] CASHIER FORM : calculateTotal
[ADMIN] [2/4/2017 12:47] [PENJUALAN] CASHIER FORM : calculateTotal [0]
[ADMIN] [2/4/2017 12:47] [PENJUALAN] CASHIER FORM : calculateTotal, totalAfterDisc [0]
[ADMIN] [2/4/2017 12:47] [PENJUALAN] CASHIER FORM : calculateChangeValue, bayarTextBox.Text [0]
[ADMIN] [2/4/2017 12:47] [PENJUALAN] CASHIER FORM : calculateChangeValue, sisaBayar [0]
[ADMIN] [2/4/2017 12:47] [PENJUALAN] CASHIER FORM : cashierDataGridView_CellValueChanged [qty]
[ADMIN] [2/4/2017 12:47] [PENJUALAN] CASHIER FORM : TextBox_TextChanged, previousInput []
[ADMIN] [2/4/2017 12:47] [PENJUALAN] CASHIER FORM : TextBox_TextChanged, dataGridViewTextBoxEditingControl.Text pass REGEX Checking
[ADMIN] [2/4/2017 12:47] [] CHECK STOCK QTY IS ENOUGH [105]
[ADMIN] [2/4/2017 12:47] [] CHECK STOCK QTY IS ENOUGH [55, 1]
[ADMIN] [2/4/2017 12:47] [PENJUALAN] CASHIER FORM : CALCULATE SUBTOTAL
[ADMIN] [2/4/2017 12:47] [PENJUALAN] CASHIER FORM : SUBTOTAL [20]
[ADMIN] [2/4/2017 12:47] [PENJUALAN] CASHIER FORM : TextBox_TextChanged, subtotal value [20]
[ADMIN] [2/4/2017 12:47] [PENJUALAN] CASHIER FORM : TextBox_TextChanged, attempt to calculate total value
[ADMIN] [2/4/2017 12:47] [PENJUALAN] CASHIER FORM : calculateTotal
[ADMIN] [2/4/2017 12:47] [PENJUALAN] CASHIER FORM : calculateTotal [20]
[ADMIN] [2/4/2017 12:47] [PENJUALAN] CASHIER FORM : calculateTotal, totalAfterDisc [20]
[ADMIN] [2/4/2017 12:47] [PENJUALAN] CASHIER FORM : calculateChangeValue, bayarTextBox.Text [0]
[ADMIN] [2/4/2017 12:47] [PENJUALAN] CASHIER FORM : calculateChangeValue, sisaBayar [0]
[ADMIN] [2/4/2017 12:47] [PENJUALAN] CASHIER FORM : cashierDataGridView_CellValueChanged [qty]
[ADMIN] [2/4/2017 12:47] [PENJUALAN] CASHIER FORM : TextBox_TextChanged, previousInput []
[ADMIN] [2/4/2017 12:47] [PENJUALAN] CASHIER FORM : TextBox_TextChanged, dataGridViewTextBoxEditingControl.Text pass REGEX Checking
[ADMIN] [2/4/2017 12:47] [] CHECK STOCK QTY IS ENOUGH [105]
[ADMIN] [2/4/2017 12:47] [] CHECK STOCK QTY IS ENOUGH [55, 10]
[ADMIN] [2/4/2017 12:47] [PENJUALAN] CASHIER FORM : CALCULATE SUBTOTAL
[ADMIN] [2/4/2017 12:47] [PENJUALAN] CASHIER FORM : SUBTOTAL [200]
[ADMIN] [2/4/2017 12:47] [PENJUALAN] CASHIER FORM : TextBox_TextChanged, subtotal value [200]
[ADMIN] [2/4/2017 12:47] [PENJUALAN] CASHIER FORM : TextBox_TextChanged, attempt to calculate total value
[ADMIN] [2/4/2017 12:47] [PENJUALAN] CASHIER FORM : calculateTotal
[ADMIN] [2/4/2017 12:47] [PENJUALAN] CASHIER FORM : calculateTotal [200]
[ADMIN] [2/4/2017 12:47] [PENJUALAN] CASHIER FORM : calculateTotal, totalAfterDisc [200]
[ADMIN] [2/4/2017 12:47] [PENJUALAN] CASHIER FORM : calculateChangeValue, bayarTextBox.Text [0]
[ADMIN] [2/4/2017 12:47] [PENJUALAN] CASHIER FORM : calculateChangeValue, sisaBayar [0]
[ADMIN] [2/4/2017 12:47] [PENJUALAN] CASHIER FORM : HOTKEY TO SAVE AND PRINT OUT INVOICE PRESSED
[ADMIN] [2/4/2017 12:47] [PENJUALAN] CASHIER FORM : UNREGISTER HOTKEY
[ADMIN] [2/4/2017 12:47] [PENJUALAN] CASHIER FORM : REGISTER HOTKEY
[ADMIN] [2/4/2017 12:47] [PENJUALAN] ATTEMPT TO SAVE AND PRINT OUT INVOICE
[ADMIN] [2/4/2017 12:47] [] CHECK STOCK QTY IS ENOUGH [105]
[ADMIN] [2/4/2017 12:47] [] CHECK STOCK QTY IS ENOUGH [55, 10]
[ADMIN] [2/4/2017 12:47] [PENJUALAN] CASHIER FORM : UNREGISTER HOTKEY
[ADMIN] [2/4/2017 12:47] [PENJUALAN] CASHIER FORM : REGISTER HOTKEY
[ADMIN] [2/4/2017 12:47] [PENJUALAN] CASHIER FORM : UNREGISTER HOTKEY
[ADMIN] [2/4/2017 12:47] [PENJUALAN] CASHIER FORM : ATTEMPT TO SAVE SALES DATA [04-02-2017 12:47]
[ADMIN] [2/4/2017 12:47] [PENJUALAN] CASHIER FORM : SALES DISC FINAL [0]
[ADMIN] [2/4/2017 12:47] [PENJUALAN] CASHIER FORM : NON CASH - SALES DUE DATE [14-02-2017]
[ADMIN] [2/4/2017 12:47] [PENJUALAN] CHECK IF TAX LIMIT SET FOR PERCENTAGE PURCHASE [0]
[ADMIN] [2/4/2017 12:47] [PENJUALAN] CHECK IF TAX LIMIT SET FOR AVERAGE DAILY PURCHASE [0]
[ADMIN] [2/4/2017 12:47] [PENJUALAN] CASHIER FORM : NO FAKTUR [SLO001]
[ADMIN] [2/4/2017 12:47] [PENJUALAN] CASHIER FORM : MAX SALES INVOICE [14]
[ADMIN] [2/4/2017 12:47] [PENJUALAN] CASHIER FORM : SALES INVOICE [SLO001-15]
[ADMIN] [2/4/2017 12:47] [PENJUALAN] INSERT INTO SALES HEADER [SLO001-15]
[ADMIN] [2/4/2017 12:47] [PENJUALAN] INSERT INTO SALES DETAIL[105, 20, 10]
[ADMIN] [2/4/2017 12:47] [PENJUALAN] INSERT TO CREDIT TABLE [SLO001-15]
[ADMIN] [2/4/2017 12:47] [PENJUALAN] INSERT TO DAILY JOURNAL TABLE [200]
[ADMIN] [2/4/2017 12:47] [PENJUALAN] CASHIER FORM : REGISTER HOTKEY
[ADMIN] [2/4/2017 12:47] [PENJUALAN] TRANSACTION SAVED
[ADMIN] [2/4/2017 12:47] [PENJUALAN] PRINT OUT INVOICE
[ADMIN] [2/4/2017 12:47] [PENJUALAN] CASHIER FORM : PrintReceipt
[ADMIN] [2/4/2017 12:47] [PENJUALAN] CASHIER FORM : PrintReceipt, papermode [0]
[ADMIN] [2/4/2017 12:47] [PENJUALAN] CASHIER FORM : PrintReceipt, display SalesReceiptForm
[ADMIN] [2/4/2017 12:47] [PENJUALAN] CASHIER FORM : UNREGISTER HOTKEY
[ADMIN] [2/4/2017 12:47] [PENJUALAN] CASHIER FORM : REGISTER HOTKEY
[ADMIN] [2/4/2017 12:47] [PENJUALAN] CASHIER FORM : UNREGISTER HOTKEY
[ADMIN] [2/4/2017 12:57] [PENJUALAN] CASHIER FORM : REGISTER HOTKEY
[ADMIN] [2/4/2017 12:57] [PENJUALAN] VALIDATE USER CREDIT STATUS
[ADMIN] [2/4/2017 12:57] [PENJUALAN] CASHIER FORM : UNREGISTER HOTKEY
[ADMIN] [2/4/2017 13:00] [PENJUALAN] CASHIER FORM : REGISTER HOTKEY
[ADMIN] [2/4/2017 13:04] [PENJUALAN] CASHIER FORM : UNREGISTER HOTKEY
[ADMIN] [2/4/2017 13:04] [PENJUALAN] CASHIER FORM : UNREGISTER HOTKEY
[ADMIN] [2/4/2017 13:04] [] USER ID = 1LOGOUT
