[] [1/27/2017 11:22] [] USER = ADMIN IS ACTIVE
[ADMIN] [1/27/2017 11:22] [] USER ID = 1 LOGIN SUCCESSFULLY
[ADMIN] [1/27/2017 11:22] [] DISPLAY CASHIER LOGIN FORM
[ADMIN] [1/27/2017 11:22] [] DISPLAY CASHIER LOG SCREEN FOR CASHIER LOGIN
[ADMIN] [1/27/2017 11:22] [] INSERT DATA FOR A NEW CASHIER SESSION, SA=10000
[ADMIN] [1/27/2017 11:23] [] ACTIVATE USER ACCESS RIGHT
[ADMIN] [1/27/2017 11:23] [] adminForm Load
[ADMIN] [1/27/2017 11:23] [] ACTIVATE USER ACCESS RIGHT
[ADMIN] [1/27/2017 11:23] [] DISPLAY CASHIER LOG SCREEN FOR CASHIER LOGOUT
[ADMIN] [1/27/2017 11:23] [] UPDATE DATA FOR CASHIER END SESSION, EA=10000, TC = 0, TN=0, TO=0
[ADMIN] [1/27/2017 11:23] [] USER ID = 1LOGOUT
[ADMIN] [1/27/2017 11:24] [] USER = ADMIN IS ACTIVE
[ADMIN] [1/27/2017 11:24] [] USER ID = 1 LOGIN SUCCESSFULLY
[ADMIN] [1/27/2017 11:24] [] ACTIVATE USER ACCESS RIGHT
[ADMIN] [1/27/2017 11:24] [] DISPLAY ADMIN FORM
[ADMIN] [1/27/2017 11:24] [] adminForm Load
[ADMIN] [1/27/2017 11:24] [] ACTIVATE USER ACCESS RIGHT
[ADMIN] [1/27/2017 11:24] [] CREATE DATA GROUP FORM MODULE_ID [51]
[ADMIN] [1/27/2017 11:24] [] CREATE DATA GROUP ACCESS MODULE FORM, GROUP USER ID [1]
[ADMIN] [1/27/2017 11:25] [] USER ID = 1LOGOUT
[ADMIN] [1/27/2017 11:25] [] USER = ADMIN IS ACTIVE
[ADMIN] [1/27/2017 11:25] [] USER ID = 1 LOGIN SUCCESSFULLY
[ADMIN] [1/27/2017 11:25] [] ACTIVATE USER ACCESS RIGHT
[ADMIN] [1/27/2017 11:25] [] DISPLAY ADMIN FORM
[ADMIN] [1/27/2017 11:25] [] adminForm Load
[ADMIN] [1/27/2017 11:25] [] ACTIVATE USER ACCESS RIGHT
[ADMIN] [1/27/2017 11:25] [] CREATE DATA GROUP FORM MODULE_ID [2]
[ADMIN] [1/27/2017 11:25] [] CREATE DATA GROUP DETAIL FORM, GROUP USER ID [1]
[] [1/27/2017 11:48] [] USER = ADMIN IS ACTIVE
[ADMIN] [1/27/2017 11:48] [] USER ID = 1 LOGIN SUCCESSFULLY
[ADMIN] [1/27/2017 11:49] [] ACTIVATE USER ACCESS RIGHT
[ADMIN] [1/27/2017 11:49] [] DISPLAY ADMIN FORM
[ADMIN] [1/27/2017 11:49] [] adminForm Load
[ADMIN] [1/27/2017 11:49] [] ACTIVATE USER ACCESS RIGHT
