[] [3/23/2017 12:22] [] USER = ADMIN IS ACTIVE
[ADMIN] [3/23/2017 12:22] [] USER ID = 1 LOGIN SUCCESSFULLY
[ADMIN] [3/23/2017 12:22] [] ACTIVATE USER ACCESS RIGHT
[ADMIN] [3/23/2017 12:22] [] DISPLAY ADMIN FORM
[ADMIN] [3/23/2017 12:22] [] adminForm Load
[] [3/23/2017 12:29] [] USER = ADMIN IS ACTIVE
[ADMIN] [3/23/2017 12:29] [] USER ID = 1 LOGIN SUCCESSFULLY
[ADMIN] [3/23/2017 12:29] [] ACTIVATE USER ACCESS RIGHT
[ADMIN] [3/23/2017 12:29] [] DISPLAY ADMIN FORM
[ADMIN] [3/23/2017 12:29] [] adminForm Load
[] [3/23/2017 12:43] [] USER = ADMIN IS ACTIVE
[ADMIN] [3/23/2017 12:43] [] USER ID = 1 LOGIN SUCCESSFULLY
[ADMIN] [3/23/2017 12:43] [] ACTIVATE USER ACCESS RIGHT
[ADMIN] [3/23/2017 12:43] [] DISPLAY ADMIN FORM
[ADMIN] [3/23/2017 12:43] [] adminForm Load
[] [3/23/2017 12:46] [] USER = ADMIN IS ACTIVE
[ADMIN] [3/23/2017 12:47] [] USER ID = 1 LOGIN SUCCESSFULLY
[ADMIN] [3/23/2017 12:47] [] ACTIVATE USER ACCESS RIGHT
[ADMIN] [3/23/2017 12:47] [] DISPLAY ADMIN FORM
[ADMIN] [3/23/2017 12:47] [] adminForm Load
[ADMIN] [3/23/2017 12:53] [] USER ID = 1LOGOUT
