[] [1/23/2017 23:27] [] USER = ADMIN IS ACTIVE
[ADMIN] [1/23/2017 23:27] [] USER ID = 1 LOGIN SUCCESSFULLY
[ADMIN] [1/23/2017 23:27] [] ACTIVATE USER ACCESS RIGHT
[ADMIN] [1/23/2017 23:27] [] DISPLAY ADMIN FORM
[ADMIN] [1/23/2017 23:27] [] adminForm Load
[] [1/23/2017 23:34] [] USER = ADMIN IS ACTIVE
[ADMIN] [1/23/2017 23:34] [] USER ID = 1 LOGIN SUCCESSFULLY
[ADMIN] [1/23/2017 23:34] [] ACTIVATE USER ACCESS RIGHT
[ADMIN] [1/23/2017 23:34] [] DISPLAY ADMIN FORM
[ADMIN] [1/23/2017 23:34] [] adminForm Load
[] [1/23/2017 23:38] [] USER = ADMIN IS ACTIVE
[ADMIN] [1/23/2017 23:38] [] USER ID = 1 LOGIN SUCCESSFULLY
[ADMIN] [1/23/2017 23:38] [] ACTIVATE USER ACCESS RIGHT
[ADMIN] [1/23/2017 23:38] [] DISPLAY ADMIN FORM
[ADMIN] [1/23/2017 23:38] [] adminForm Load
[] [1/23/2017 23:43] [] USER = ADMIN IS ACTIVE
[ADMIN] [1/23/2017 23:43] [] USER ID = 1 LOGIN SUCCESSFULLY
[ADMIN] [1/23/2017 23:43] [] ACTIVATE USER ACCESS RIGHT
[ADMIN] [1/23/2017 23:43] [] DISPLAY ADMIN FORM
[ADMIN] [1/23/2017 23:43] [] adminForm Load
[] [1/23/2017 23:48] [] USER = ADMIN IS ACTIVE
[ADMIN] [1/23/2017 23:48] [] USER ID = 1 LOGIN SUCCESSFULLY
[ADMIN] [1/23/2017 23:48] [] ACTIVATE USER ACCESS RIGHT
[ADMIN] [1/23/2017 23:48] [] DISPLAY ADMIN FORM
[ADMIN] [1/23/2017 23:48] [] adminForm Load
[] [1/23/2017 23:49] [] USER = ADMIN IS ACTIVE
[ADMIN] [1/23/2017 23:49] [] USER ID = 1 LOGIN SUCCESSFULLY
[ADMIN] [1/23/2017 23:49] [] ACTIVATE USER ACCESS RIGHT
[ADMIN] [1/23/2017 23:49] [] DISPLAY ADMIN FORM
[ADMIN] [1/23/2017 23:49] [] adminForm Load
[ADMIN] [1/23/2017 23:51] [] USER ID = 1LOGOUT
