[] [1/29/2017 18:55] [] USER = ADMIN IS ACTIVE
[ADMIN] [1/29/2017 18:55] [] USER ID = 1 LOGIN SUCCESSFULLY
[ADMIN] [1/29/2017 18:55] [] ACTIVATE USER ACCESS RIGHT
[ADMIN] [1/29/2017 18:55] [] DISPLAY ADMIN FORM
[ADMIN] [1/29/2017 18:55] [] adminForm Load
[ADMIN] [1/29/2017 18:55] [] ACTIVATE USER ACCESS RIGHT
[ADMIN] [1/29/2017 18:56] [PENJUALAN] CASHIER FORM : REGISTER HOTKEY
[ADMIN] [1/29/2017 18:56] [PENJUALAN] CASHIER FORM : calculateChangeValue, bayarTextBox.Text [500]
[ADMIN] [1/29/2017 18:56] [PENJUALAN] CASHIER FORM : calculateChangeValue, sisaBayar [444]
[ADMIN] [1/29/2017 18:56] [PENJUALAN] CASHIER FORM : ADD NEW ROW,  isActive [True]
[ADMIN] [1/29/2017 18:56] [PENJUALAN] CASHIER FORM : ADD NEW ROW,  ROW COUNT [0]
[ADMIN] [1/29/2017 18:56] [PENJUALAN] CASHIER FORM : ADD NEW ROW,  ALLOW TO ADD [True]
[ADMIN] [1/29/2017 18:56] [PENJUALAN] CASHIER FORM : REGISTER HOTKEY
[ADMIN] [1/29/2017 18:56] [PENJUALAN] CASHIER FORM : HOTKEY TO SAVE AND PRINT OUT INVOICE PRESSED
[ADMIN] [1/29/2017 18:56] [PENJUALAN] CASHIER FORM : UNREGISTER HOTKEY
[ADMIN] [1/29/2017 18:56] [PENJUALAN] CASHIER FORM : REGISTER HOTKEY
[ADMIN] [1/29/2017 18:56] [PENJUALAN] ATTEMPT TO SAVE AND PRINT OUT INVOICE
[ADMIN] [1/29/2017 18:56] [PENJUALAN] CASHIER FORM : UNREGISTER HOTKEY
[ADMIN] [1/29/2017 18:56] [PENJUALAN] CASHIER FORM : REGISTER HOTKEY
[ADMIN] [1/29/2017 18:56] [PENJUALAN] CASHIER FORM : UNREGISTER HOTKEY
[ADMIN] [1/29/2017 18:56] [PENJUALAN] CASHIER FORM : ATTEMPT TO SAVE SALES DATA [29-01-2017 18:56]
[ADMIN] [1/29/2017 18:56] [PENJUALAN] CASHIER FORM : SALES DISC FINAL [10]
[ADMIN] [1/29/2017 18:56] [PENJUALAN] CASHIER FORM : CASH SALES
[ADMIN] [1/29/2017 18:56] [PENJUALAN] UPDATE PREVIOUS REV_NO TO VOID [SLO001-4]
[ADMIN] [1/29/2017 18:56] [PENJUALAN] INSERT INTO SALES HEADER [SLO001-4]
[ADMIN] [1/29/2017 18:56] [PENJUALAN] INSERT INTO SALES DETAIL[105, 3, 22]
[ADMIN] [1/29/2017 18:56] [PENJUALAN] INSERT TO CREDIT TABLE [SLO001-4]
[ADMIN] [1/29/2017 18:56] [PENJUALAN] INSERT TO DAILY JOURNAL TABLE [66]
[ADMIN] [1/29/2017 18:56] [PENJUALAN] CASHIER FORM : REGISTER HOTKEY
[ADMIN] [1/29/2017 18:56] [PENJUALAN] TRANSACTION SAVED
[ADMIN] [1/29/2017 18:56] [PENJUALAN] PRINT OUT INVOICE
[ADMIN] [1/29/2017 18:56] [PENJUALAN] CASHIER FORM : PrintReceipt
[ADMIN] [1/29/2017 18:56] [PENJUALAN] CASHIER FORM : PrintReceipt, papermode [0]
[ADMIN] [1/29/2017 18:56] [PENJUALAN] CASHIER FORM : PrintReceipt, display SalesReceiptForm
[ADMIN] [1/29/2017 18:56] [PENJUALAN] CASHIER FORM : UNREGISTER HOTKEY
[ADMIN] [1/29/2017 18:56] [PENJUALAN] CASHIER FORM : REGISTER HOTKEY
[ADMIN] [1/29/2017 18:56] [PENJUALAN] VALIDATE USER CREDIT STATUS
[ADMIN] [1/29/2017 18:56] [PENJUALAN] CASHIER FORM : UNREGISTER HOTKEY
[ADMIN] [1/29/2017 18:56] [PENJUALAN] CASHIER FORM : REGISTER HOTKEY
[ADMIN] [1/29/2017 18:56] [PENJUALAN] CASHIER FORM : UNREGISTER HOTKEY
[ADMIN] [1/29/2017 18:56] [PENJUALAN] CASHIER FORM : UNREGISTER HOTKEY
[ADMIN] [1/29/2017 19:03] [PENJUALAN] DELIVERY ORDER : detailGridView_CellValueChanged [qty]
[ADMIN] [1/29/2017 19:03] [PENJUALAN] DELIVERY ORDER : TextBox_TextChanged, dataGridViewTextBoxEditingControl.Text pass REGEX Checking
[ADMIN] [1/29/2017 19:03] [] CHECK STOCK QTY IS ENOUGH [105]
[ADMIN] [1/29/2017 19:03] [] CHECK STOCK QTY IS ENOUGH [43, 0]
[ADMIN] [1/29/2017 19:03] [PENJUALAN] DELIVERY ORDER : detailGridView_CellValueChanged [qty]
[ADMIN] [1/29/2017 19:03] [PENJUALAN] DELIVERY ORDER : TextBox_TextChanged, dataGridViewTextBoxEditingControl.Text pass REGEX Checking
[ADMIN] [1/29/2017 19:03] [] CHECK STOCK QTY IS ENOUGH [105]
[ADMIN] [1/29/2017 19:03] [] CHECK STOCK QTY IS ENOUGH [43, 1]
[ADMIN] [1/29/2017 19:03] [PENJUALAN] DELIVERY ORDER : detailGridView_CellValueChanged [qty]
[ADMIN] [1/29/2017 19:03] [PENJUALAN] DELIVERY ORDER : TextBox_TextChanged, dataGridViewTextBoxEditingControl.Text pass REGEX Checking
[ADMIN] [1/29/2017 19:03] [] CHECK STOCK QTY IS ENOUGH [105]
[ADMIN] [1/29/2017 19:03] [] CHECK STOCK QTY IS ENOUGH [43, 11]
[ADMIN] [1/29/2017 19:03] [PENJUALAN] DELIVERY ORDER : detailGridView_CellValueChanged [qty]
[ADMIN] [1/29/2017 19:03] [PENJUALAN] DELIVERY ORDER : TextBox_TextChanged, dataGridViewTextBoxEditingControl.Text pass REGEX Checking
[ADMIN] [1/29/2017 19:03] [] CHECK STOCK QTY IS ENOUGH [105]
[ADMIN] [1/29/2017 19:03] [] CHECK STOCK QTY IS ENOUGH [43, 111]
[ADMIN] [1/29/2017 19:03] [PENJUALAN] DELIVERY ORDER : detailGridView_CellValueChanged [qty]
[ADMIN] [1/29/2017 19:03] [PENJUALAN] DELIVERY ORDER : TextBox_TextChanged, dataGridViewTextBoxEditingControl.Text pass REGEX Checking
[ADMIN] [1/29/2017 19:03] [] CHECK STOCK QTY IS ENOUGH [105]
[ADMIN] [1/29/2017 19:03] [] CHECK STOCK QTY IS ENOUGH [43, 11]
[ADMIN] [1/29/2017 19:03] [PENJUALAN] DELIVERY ORDER : detailGridView_CellValueChanged [qty]
[ADMIN] [1/29/2017 19:03] [PENJUALAN] DELIVERY ORDER : TextBox_TextChanged, dataGridViewTextBoxEditingControl.Text pass REGEX Checking
[ADMIN] [1/29/2017 19:03] [] CHECK STOCK QTY IS ENOUGH [105]
[ADMIN] [1/29/2017 19:03] [] CHECK STOCK QTY IS ENOUGH [43, 1]
[ADMIN] [1/29/2017 19:03] [PENJUALAN] DELIVERY ORDER : detailGridView_CellValueChanged [qty]
[ADMIN] [1/29/2017 19:03] [PENJUALAN] DELIVERY ORDER : TextBox_TextChanged, dataGridViewTextBoxEditingControl.Text pass REGEX Checking
[ADMIN] [1/29/2017 19:03] [] CHECK STOCK QTY IS ENOUGH [105]
[ADMIN] [1/29/2017 19:03] [] CHECK STOCK QTY IS ENOUGH [43, 0]
[ADMIN] [1/29/2017 19:03] [PENJUALAN] DELIVERY ORDER : detailGridView_CellValueChanged [qty]
[ADMIN] [1/29/2017 19:03] [PENJUALAN] DELIVERY ORDER : TextBox_TextChanged, dataGridViewTextBoxEditingControl.Text did not pass REGEX Checking
[ADMIN] [1/29/2017 19:03] [PENJUALAN] DELIVERY ORDER : detailGridView_CellValueChanged [qty]
[ADMIN] [1/29/2017 19:03] [PENJUALAN] DELIVERY ORDER : TextBox_TextChanged, dataGridViewTextBoxEditingControl.Text pass REGEX Checking
[ADMIN] [1/29/2017 19:03] [] CHECK STOCK QTY IS ENOUGH [105]
[ADMIN] [1/29/2017 19:03] [] CHECK STOCK QTY IS ENOUGH [43, 1]
[ADMIN] [1/29/2017 19:03] [PENJUALAN] DELIVERY ORDER : detailGridView_CellValueChanged [qty]
[ADMIN] [1/29/2017 19:03] [PENJUALAN] DELIVERY ORDER : TextBox_TextChanged, dataGridViewTextBoxEditingControl.Text pass REGEX Checking
[ADMIN] [1/29/2017 19:03] [] CHECK STOCK QTY IS ENOUGH [105]
[ADMIN] [1/29/2017 19:03] [] CHECK STOCK QTY IS ENOUGH [43, 10]
[ADMIN] [1/29/2017 19:03] [PENJUALAN] DELIVERY ORDER : TextBox_TextChanged, dataGridViewTextBoxEditingControl.Text pass REGEX Checking
[ADMIN] [1/29/2017 19:03] [] CHECK STOCK QTY IS ENOUGH [105]
[ADMIN] [1/29/2017 19:03] [] CHECK STOCK QTY IS ENOUGH [43, 10]
[ADMIN] [1/29/2017 19:03] [PENJUALAN] DELIVERY ORDER : detailGridView_CellValueChanged [qty]
[ADMIN] [1/29/2017 19:03] [PENJUALAN] DELIVERY ORDER : TextBox_TextChanged, dataGridViewTextBoxEditingControl.Text pass REGEX Checking
[ADMIN] [1/29/2017 19:03] [] CHECK STOCK QTY IS ENOUGH [105]
[ADMIN] [1/29/2017 19:03] [] CHECK STOCK QTY IS ENOUGH [33, 2]
[ADMIN] [1/29/2017 19:03] [PENJUALAN] DELIVERY ORDER : detailGridView_CellValueChanged [qty]
[ADMIN] [1/29/2017 19:03] [PENJUALAN] DELIVERY ORDER : TextBox_TextChanged, dataGridViewTextBoxEditingControl.Text pass REGEX Checking
[ADMIN] [1/29/2017 19:03] [] CHECK STOCK QTY IS ENOUGH [105]
[ADMIN] [1/29/2017 19:03] [] CHECK STOCK QTY IS ENOUGH [33, 20]
[ADMIN] [1/29/2017 19:03] [PENJUALAN] DELIVERY ORDER : detailGridView_CellValueChanged [qty]
[ADMIN] [1/29/2017 19:03] [PENJUALAN] DELIVERY ORDER : TextBox_TextChanged, dataGridViewTextBoxEditingControl.Text did not pass REGEX Checking
[ADMIN] [1/29/2017 19:03] [PENJUALAN] DELIVERY ORDER : detailGridView_CellValueChanged [qty]
[ADMIN] [1/29/2017 19:03] [PENJUALAN] DELIVERY ORDER : TextBox_TextChanged, dataGridViewTextBoxEditingControl.Text pass REGEX Checking
[ADMIN] [1/29/2017 19:03] [] CHECK STOCK QTY IS ENOUGH [105]
[ADMIN] [1/29/2017 19:03] [] CHECK STOCK QTY IS ENOUGH [33, 2]
[ADMIN] [1/29/2017 19:03] [PENJUALAN] DELIVERY ORDER : detailGridView_CellValueChanged [qty]
[ADMIN] [1/29/2017 19:03] [PENJUALAN] DELIVERY ORDER : TextBox_TextChanged, dataGridViewTextBoxEditingControl.Text pass REGEX Checking
[ADMIN] [1/29/2017 19:03] [] CHECK STOCK QTY IS ENOUGH [105]
[ADMIN] [1/29/2017 19:03] [] CHECK STOCK QTY IS ENOUGH [33, 20]
[ADMIN] [1/29/2017 19:04] [PENJUALAN] DELIVERY ORDER : TextBox_TextChanged, dataGridViewTextBoxEditingControl.Text pass REGEX Checking
[ADMIN] [1/29/2017 19:04] [] CHECK STOCK QTY IS ENOUGH [105]
[ADMIN] [1/29/2017 19:04] [] CHECK STOCK QTY IS ENOUGH [33, 20]
[] [1/29/2017 20:57] [] USER = ADMIN IS ACTIVE
[ADMIN] [1/29/2017 20:57] [] USER ID = 1 LOGIN SUCCESSFULLY
[ADMIN] [1/29/2017 20:57] [] ACTIVATE USER ACCESS RIGHT
[ADMIN] [1/29/2017 20:57] [] DISPLAY ADMIN FORM
[ADMIN] [1/29/2017 20:57] [] adminForm Load
[ADMIN] [1/29/2017 20:57] [] ACTIVATE USER ACCESS RIGHT
[ADMIN] [1/29/2017 21:03] [PENJUALAN] CASHIER FORM : REGISTER HOTKEY
[ADMIN] [1/29/2017 21:03] [PENJUALAN] CASHIER FORM : cashierForm_Load, ATTEMPT TO LOAD NO FAKTUR
[ADMIN] [1/29/2017 21:03] [PENJUALAN] CASHIER FORM : loadNoFaktur, noFakturValue [SLO001]
[ADMIN] [1/29/2017 21:03] [PENJUALAN] CASHIER FORM : cashierForm_Load, ATTEMPT TO addColumnToDataGrid
[ADMIN] [1/29/2017 21:03] [PENJUALAN] CASHIER FORM : calculateTotal
[ADMIN] [1/29/2017 21:03] [PENJUALAN] CASHIER FORM : calculateTotal [0]
[ADMIN] [1/29/2017 21:03] [PENJUALAN] CASHIER FORM : calculateTotal, totalAfterDisc [0]
[ADMIN] [1/29/2017 21:03] [PENJUALAN] CASHIER FORM : calculateChangeValue, bayarTextBox.Text [0]
[ADMIN] [1/29/2017 21:03] [PENJUALAN] CASHIER FORM : calculateChangeValue, sisaBayar [0]
[ADMIN] [1/29/2017 21:03] [PENJUALAN] CASHIER FORM : REGISTER HOTKEY
[ADMIN] [1/29/2017 21:07] [PENJUALAN] CASHIER FORM : HOTKEY TO ADD NEW ROW PRESSED
[ADMIN] [1/29/2017 21:07] [PENJUALAN] CASHIER FORM : ADD NEW ROW,  isActive [True]
[ADMIN] [1/29/2017 21:07] [PENJUALAN] CASHIER FORM : ADD NEW ROW,  ROW COUNT [0]
[ADMIN] [1/29/2017 21:07] [PENJUALAN] CASHIER FORM : ADD NEW ROW,  ALLOW TO ADD [True]
[ADMIN] [1/29/2017 21:07] [PENJUALAN] CASHIER FORM : cashierDataGridView_CellValueChanged [F8]
[ADMIN] [1/29/2017 21:07] [PENJUALAN] CASHIER FORM : cashierDataGridView_CellValueChanged [hpp]
[ADMIN] [1/29/2017 21:07] [PENJUALAN] CASHIER FORM : cashierDataGridView_CellValueChanged [productPrice]
[ADMIN] [1/29/2017 21:07] [PENJUALAN] CASHIER FORM : TextBox_TextChanged, previousInput []
[ADMIN] [1/29/2017 21:07] [PENJUALAN] CASHIER FORM : TextBox_TextChanged, dataGridViewTextBoxEditingControl.Text pass REGEX Checking
[ADMIN] [1/29/2017 21:07] [PENJUALAN] CASHIER FORM : CALCULATE SUBTOTAL
[ADMIN] [1/29/2017 21:07] [PENJUALAN] CASHIER FORM : SUBTOTAL [0]
[ADMIN] [1/29/2017 21:07] [PENJUALAN] CASHIER FORM : TextBox_TextChanged, subtotal value [0]
[ADMIN] [1/29/2017 21:07] [PENJUALAN] CASHIER FORM : TextBox_TextChanged, attempt to calculate total value
[ADMIN] [1/29/2017 21:07] [PENJUALAN] CASHIER FORM : calculateTotal
[ADMIN] [1/29/2017 21:07] [PENJUALAN] CASHIER FORM : calculateTotal [0]
[ADMIN] [1/29/2017 21:07] [PENJUALAN] CASHIER FORM : calculateTotal, totalAfterDisc [0]
[ADMIN] [1/29/2017 21:07] [PENJUALAN] CASHIER FORM : calculateChangeValue, bayarTextBox.Text [0]
[ADMIN] [1/29/2017 21:07] [PENJUALAN] CASHIER FORM : calculateChangeValue, sisaBayar [0]
[ADMIN] [1/29/2017 21:07] [PENJUALAN] CASHIER FORM : cashierDataGridView_CellValueChanged [disc1]
[ADMIN] [1/29/2017 21:07] [PENJUALAN] CASHIER FORM : TextBox_TextChanged, previousInput []
[ADMIN] [1/29/2017 21:07] [PENJUALAN] CASHIER FORM : TextBox_TextChanged, dataGridViewTextBoxEditingControl.Text pass REGEX Checking
[ADMIN] [1/29/2017 21:07] [PENJUALAN] CASHIER FORM : CALCULATE SUBTOTAL
[ADMIN] [1/29/2017 21:07] [PENJUALAN] CASHIER FORM : SUBTOTAL [0]
[ADMIN] [1/29/2017 21:07] [PENJUALAN] CASHIER FORM : TextBox_TextChanged, subtotal value [0]
[ADMIN] [1/29/2017 21:07] [PENJUALAN] CASHIER FORM : TextBox_TextChanged, attempt to calculate total value
[ADMIN] [1/29/2017 21:07] [PENJUALAN] CASHIER FORM : calculateTotal
[ADMIN] [1/29/2017 21:07] [PENJUALAN] CASHIER FORM : calculateTotal [0]
[ADMIN] [1/29/2017 21:07] [PENJUALAN] CASHIER FORM : calculateTotal, totalAfterDisc [0]
[ADMIN] [1/29/2017 21:07] [PENJUALAN] CASHIER FORM : calculateChangeValue, bayarTextBox.Text [0]
[ADMIN] [1/29/2017 21:07] [PENJUALAN] CASHIER FORM : calculateChangeValue, sisaBayar [0]
[ADMIN] [1/29/2017 21:07] [PENJUALAN] CASHIER FORM : cashierDataGridView_CellValueChanged [qty]
[ADMIN] [1/29/2017 21:07] [PENJUALAN] CASHIER FORM : TextBox_TextChanged, previousInput []
[ADMIN] [1/29/2017 21:07] [PENJUALAN] CASHIER FORM : TextBox_TextChanged, dataGridViewTextBoxEditingControl.Text pass REGEX Checking
[ADMIN] [1/29/2017 21:07] [] CHECK STOCK QTY IS ENOUGH []
[ADMIN] [1/29/2017 21:07] [PENJUALAN] CASHIER FORM : CALCULATE SUBTOTAL
[ADMIN] [1/29/2017 21:07] [PENJUALAN] CASHIER FORM : SUBTOTAL [0]
[ADMIN] [1/29/2017 21:07] [PENJUALAN] CASHIER FORM : TextBox_TextChanged, subtotal value [0]
[ADMIN] [1/29/2017 21:07] [PENJUALAN] CASHIER FORM : TextBox_TextChanged, attempt to calculate total value
[ADMIN] [1/29/2017 21:07] [PENJUALAN] CASHIER FORM : calculateTotal
[ADMIN] [1/29/2017 21:07] [PENJUALAN] CASHIER FORM : calculateTotal [0]
[ADMIN] [1/29/2017 21:07] [PENJUALAN] CASHIER FORM : calculateTotal, totalAfterDisc [0]
[ADMIN] [1/29/2017 21:07] [PENJUALAN] CASHIER FORM : calculateChangeValue, bayarTextBox.Text [0]
[ADMIN] [1/29/2017 21:07] [PENJUALAN] CASHIER FORM : calculateChangeValue, sisaBayar [0]
[ADMIN] [1/29/2017 21:07] [PENJUALAN] CASHIER FORM : cashierDataGridView_CellValueChanged [disc2]
[ADMIN] [1/29/2017 21:07] [PENJUALAN] CASHIER FORM : TextBox_TextChanged, previousInput []
[ADMIN] [1/29/2017 21:07] [PENJUALAN] CASHIER FORM : TextBox_TextChanged, dataGridViewTextBoxEditingControl.Text pass REGEX Checking
[ADMIN] [1/29/2017 21:07] [PENJUALAN] CASHIER FORM : CALCULATE SUBTOTAL
[ADMIN] [1/29/2017 21:07] [PENJUALAN] CASHIER FORM : SUBTOTAL [0]
[ADMIN] [1/29/2017 21:07] [PENJUALAN] CASHIER FORM : TextBox_TextChanged, subtotal value [0]
[ADMIN] [1/29/2017 21:07] [PENJUALAN] CASHIER FORM : TextBox_TextChanged, attempt to calculate total value
[ADMIN] [1/29/2017 21:07] [PENJUALAN] CASHIER FORM : calculateTotal
[ADMIN] [1/29/2017 21:07] [PENJUALAN] CASHIER FORM : calculateTotal [0]
[ADMIN] [1/29/2017 21:07] [PENJUALAN] CASHIER FORM : calculateTotal, totalAfterDisc [0]
[ADMIN] [1/29/2017 21:07] [PENJUALAN] CASHIER FORM : calculateChangeValue, bayarTextBox.Text [0]
[ADMIN] [1/29/2017 21:07] [PENJUALAN] CASHIER FORM : calculateChangeValue, sisaBayar [0]
[ADMIN] [1/29/2017 21:07] [PENJUALAN] CASHIER FORM : cashierDataGridView_CellValueChanged [discRP]
[ADMIN] [1/29/2017 21:07] [PENJUALAN] CASHIER FORM : TextBox_TextChanged, previousInput []
[ADMIN] [1/29/2017 21:07] [PENJUALAN] CASHIER FORM : TextBox_TextChanged, dataGridViewTextBoxEditingControl.Text pass REGEX Checking
[ADMIN] [1/29/2017 21:07] [PENJUALAN] CASHIER FORM : CALCULATE SUBTOTAL
[ADMIN] [1/29/2017 21:07] [PENJUALAN] CASHIER FORM : SUBTOTAL [0]
[ADMIN] [1/29/2017 21:07] [PENJUALAN] CASHIER FORM : TextBox_TextChanged, subtotal value [0]
[ADMIN] [1/29/2017 21:07] [PENJUALAN] CASHIER FORM : TextBox_TextChanged, attempt to calculate total value
[ADMIN] [1/29/2017 21:07] [PENJUALAN] CASHIER FORM : calculateTotal
[ADMIN] [1/29/2017 21:07] [PENJUALAN] CASHIER FORM : calculateTotal [0]
[ADMIN] [1/29/2017 21:07] [PENJUALAN] CASHIER FORM : calculateTotal, totalAfterDisc [0]
[ADMIN] [1/29/2017 21:07] [PENJUALAN] CASHIER FORM : calculateChangeValue, bayarTextBox.Text [0]
[ADMIN] [1/29/2017 21:07] [PENJUALAN] CASHIER FORM : calculateChangeValue, sisaBayar [0]
[ADMIN] [1/29/2017 21:07] [PENJUALAN] CASHIER FORM : cashierDataGridView_CellValueChanged [jumlah]
[ADMIN] [1/29/2017 21:07] [PENJUALAN] CASHIER FORM : cashierDataGridView_CellValueChanged [productName]
[ADMIN] [1/29/2017 21:07] [PENJUALAN] CASHIER FORM : cashierDataGridView_CellValueChanged [productName]
[ADMIN] [1/29/2017 21:07] [PENJUALAN] CASHIER FORM : cashierDataGridView_CellValueChanged [productName]
[ADMIN] [1/29/2017 21:07] [PENJUALAN] CASHIER FORM : cashierDataGridView_CellValueChanged [productID]
[ADMIN] [1/29/2017 21:07] [PENJUALAN] CASHIER FORM : PRODUCT PRICE TYPE [PRODUCT_BASE_PRICE]
[ADMIN] [1/29/2017 21:07] [PENJUALAN] CASHIER FORM : PRODUCT PRICE [1]
[ADMIN] [1/29/2017 21:07] [PENJUALAN] CASHIER FORM : ComboBox_SelectedIndexChanged, PRODUCT_BASE_PRICE [1]
[ADMIN] [1/29/2017 21:07] [PENJUALAN] CASHIER FORM : cashierDataGridView_CellValueChanged [hpp]
[ADMIN] [1/29/2017 21:07] [PENJUALAN] CASHIER FORM : PRODUCT PRICE TYPE [PRODUCT_RETAIL_PRICE]
[ADMIN] [1/29/2017 21:07] [PENJUALAN] CASHIER FORM : PRODUCT PRICE [1]
[ADMIN] [1/29/2017 21:07] [PENJUALAN] CASHIER FORM : ComboBox_SelectedIndexChanged, PRODUCT_SALES_PRICE [1]
[ADMIN] [1/29/2017 21:07] [PENJUALAN] CASHIER FORM : cashierDataGridView_CellValueChanged [productPrice]
[ADMIN] [1/29/2017 21:07] [PENJUALAN] CASHIER FORM : TextBox_TextChanged, previousInput []
[ADMIN] [1/29/2017 21:07] [PENJUALAN] CASHIER FORM : TextBox_TextChanged, dataGridViewTextBoxEditingControl.Text pass REGEX Checking
[ADMIN] [1/29/2017 21:07] [PENJUALAN] CASHIER FORM : CALCULATE SUBTOTAL
[ADMIN] [1/29/2017 21:07] [PENJUALAN] CASHIER FORM : SUBTOTAL [0]
[ADMIN] [1/29/2017 21:07] [PENJUALAN] CASHIER FORM : TextBox_TextChanged, subtotal value [0]
[ADMIN] [1/29/2017 21:07] [PENJUALAN] CASHIER FORM : TextBox_TextChanged, attempt to calculate total value
[ADMIN] [1/29/2017 21:07] [PENJUALAN] CASHIER FORM : calculateTotal
[ADMIN] [1/29/2017 21:07] [PENJUALAN] CASHIER FORM : calculateTotal [0]
[ADMIN] [1/29/2017 21:07] [PENJUALAN] CASHIER FORM : calculateTotal, totalAfterDisc [0]
[ADMIN] [1/29/2017 21:07] [PENJUALAN] CASHIER FORM : calculateChangeValue, bayarTextBox.Text [0]
[ADMIN] [1/29/2017 21:07] [PENJUALAN] CASHIER FORM : calculateChangeValue, sisaBayar [0]
[ADMIN] [1/29/2017 21:07] [PENJUALAN] CASHIER FORM : cashierDataGridView_CellValueChanged [qty]
[ADMIN] [1/29/2017 21:07] [PENJUALAN] CASHIER FORM : TextBox_TextChanged, previousInput []
[ADMIN] [1/29/2017 21:07] [PENJUALAN] CASHIER FORM : TextBox_TextChanged, dataGridViewTextBoxEditingControl.Text pass REGEX Checking
[ADMIN] [1/29/2017 21:07] [] CHECK STOCK QTY IS ENOUGH [106]
[ADMIN] [1/29/2017 21:07] [] CHECK STOCK QTY IS ENOUGH [30, 0]
[ADMIN] [1/29/2017 21:07] [PENJUALAN] CASHIER FORM : CALCULATE SUBTOTAL
[ADMIN] [1/29/2017 21:07] [PENJUALAN] CASHIER FORM : SUBTOTAL [0]
[ADMIN] [1/29/2017 21:07] [PENJUALAN] CASHIER FORM : TextBox_TextChanged, subtotal value [0]
[ADMIN] [1/29/2017 21:07] [PENJUALAN] CASHIER FORM : TextBox_TextChanged, attempt to calculate total value
[ADMIN] [1/29/2017 21:07] [PENJUALAN] CASHIER FORM : calculateTotal
[ADMIN] [1/29/2017 21:07] [PENJUALAN] CASHIER FORM : calculateTotal [0]
[ADMIN] [1/29/2017 21:07] [PENJUALAN] CASHIER FORM : calculateTotal, totalAfterDisc [0]
[ADMIN] [1/29/2017 21:07] [PENJUALAN] CASHIER FORM : calculateChangeValue, bayarTextBox.Text [0]
[ADMIN] [1/29/2017 21:07] [PENJUALAN] CASHIER FORM : calculateChangeValue, sisaBayar [0]
[ADMIN] [1/29/2017 21:07] [PENJUALAN] CASHIER FORM : cashierDataGridView_CellValueChanged [jumlah]
[ADMIN] [1/29/2017 21:07] [PENJUALAN] CASHIER FORM : ComboBox_SelectedIndexChanged, attempt to calculate total
[ADMIN] [1/29/2017 21:07] [PENJUALAN] CASHIER FORM : calculateTotal
[ADMIN] [1/29/2017 21:07] [PENJUALAN] CASHIER FORM : calculateTotal [0]
[ADMIN] [1/29/2017 21:07] [PENJUALAN] CASHIER FORM : calculateTotal, totalAfterDisc [0]
[ADMIN] [1/29/2017 21:07] [PENJUALAN] CASHIER FORM : calculateChangeValue, bayarTextBox.Text [0]
[ADMIN] [1/29/2017 21:07] [PENJUALAN] CASHIER FORM : calculateChangeValue, sisaBayar [0]
[ADMIN] [1/29/2017 21:07] [PENJUALAN] CASHIER FORM : cashierDataGridView_CellValueChanged [qty]
[ADMIN] [1/29/2017 21:07] [PENJUALAN] CASHIER FORM : TextBox_TextChanged, previousInput []
[ADMIN] [1/29/2017 21:07] [PENJUALAN] CASHIER FORM : TextBox_TextChanged, dataGridViewTextBoxEditingControl.Text pass REGEX Checking
[ADMIN] [1/29/2017 21:07] [] CHECK STOCK QTY IS ENOUGH [106]
[ADMIN] [1/29/2017 21:07] [] CHECK STOCK QTY IS ENOUGH [30, 2]
[ADMIN] [1/29/2017 21:07] [PENJUALAN] CASHIER FORM : CALCULATE SUBTOTAL
[ADMIN] [1/29/2017 21:07] [PENJUALAN] CASHIER FORM : SUBTOTAL [2]
[ADMIN] [1/29/2017 21:07] [PENJUALAN] CASHIER FORM : TextBox_TextChanged, subtotal value [2]
[ADMIN] [1/29/2017 21:07] [PENJUALAN] CASHIER FORM : TextBox_TextChanged, attempt to calculate total value
[ADMIN] [1/29/2017 21:07] [PENJUALAN] CASHIER FORM : calculateTotal
[ADMIN] [1/29/2017 21:07] [PENJUALAN] CASHIER FORM : calculateTotal [2]
[ADMIN] [1/29/2017 21:07] [PENJUALAN] CASHIER FORM : calculateTotal, totalAfterDisc [2]
[ADMIN] [1/29/2017 21:07] [PENJUALAN] CASHIER FORM : calculateChangeValue, bayarTextBox.Text [0]
[ADMIN] [1/29/2017 21:07] [PENJUALAN] CASHIER FORM : calculateChangeValue, sisaBayar [0]
[ADMIN] [1/29/2017 21:07] [PENJUALAN] CASHIER FORM : cashierDataGridView_CellValueChanged [productName]
[ADMIN] [1/29/2017 21:07] [PENJUALAN] CASHIER FORM : cashierDataGridView_CellValueChanged [productName]
[ADMIN] [1/29/2017 21:07] [PENJUALAN] CASHIER FORM : cashierDataGridView_CellValueChanged [productID]
[ADMIN] [1/29/2017 21:07] [PENJUALAN] CASHIER FORM : PRODUCT PRICE TYPE [PRODUCT_BASE_PRICE]
[ADMIN] [1/29/2017 21:07] [PENJUALAN] CASHIER FORM : PRODUCT PRICE [11]
[ADMIN] [1/29/2017 21:07] [PENJUALAN] CASHIER FORM : ComboBox_SelectedIndexChanged, PRODUCT_BASE_PRICE [11]
[ADMIN] [1/29/2017 21:07] [PENJUALAN] CASHIER FORM : cashierDataGridView_CellValueChanged [hpp]
[ADMIN] [1/29/2017 21:07] [PENJUALAN] CASHIER FORM : PRODUCT PRICE TYPE [PRODUCT_RETAIL_PRICE]
[ADMIN] [1/29/2017 21:07] [PENJUALAN] CASHIER FORM : PRODUCT PRICE [1]
[ADMIN] [1/29/2017 21:07] [PENJUALAN] CASHIER FORM : ComboBox_SelectedIndexChanged, PRODUCT_SALES_PRICE [1]
[ADMIN] [1/29/2017 21:07] [PENJUALAN] CASHIER FORM : cashierDataGridView_CellValueChanged [qty]
[ADMIN] [1/29/2017 21:07] [PENJUALAN] CASHIER FORM : TextBox_TextChanged, previousInput []
[ADMIN] [1/29/2017 21:07] [PENJUALAN] CASHIER FORM : TextBox_TextChanged, dataGridViewTextBoxEditingControl.Text pass REGEX Checking
[ADMIN] [1/29/2017 21:07] [] CHECK STOCK QTY IS ENOUGH [105]
[ADMIN] [1/29/2017 21:07] [] CHECK STOCK QTY IS ENOUGH [33, 0]
[ADMIN] [1/29/2017 21:07] [PENJUALAN] CASHIER FORM : CALCULATE SUBTOTAL
[ADMIN] [1/29/2017 21:07] [PENJUALAN] CASHIER FORM : SUBTOTAL [0]
[ADMIN] [1/29/2017 21:07] [PENJUALAN] CASHIER FORM : TextBox_TextChanged, subtotal value [0]
[ADMIN] [1/29/2017 21:07] [PENJUALAN] CASHIER FORM : TextBox_TextChanged, attempt to calculate total value
[ADMIN] [1/29/2017 21:07] [PENJUALAN] CASHIER FORM : calculateTotal
[ADMIN] [1/29/2017 21:07] [PENJUALAN] CASHIER FORM : calculateTotal [0]
[ADMIN] [1/29/2017 21:07] [PENJUALAN] CASHIER FORM : calculateTotal, totalAfterDisc [0]
[ADMIN] [1/29/2017 21:07] [PENJUALAN] CASHIER FORM : calculateChangeValue, bayarTextBox.Text [0]
[ADMIN] [1/29/2017 21:07] [PENJUALAN] CASHIER FORM : calculateChangeValue, sisaBayar [0]
[ADMIN] [1/29/2017 21:07] [PENJUALAN] CASHIER FORM : cashierDataGridView_CellValueChanged [jumlah]
[ADMIN] [1/29/2017 21:07] [PENJUALAN] CASHIER FORM : ComboBox_SelectedIndexChanged, attempt to calculate total
[ADMIN] [1/29/2017 21:07] [PENJUALAN] CASHIER FORM : calculateTotal
[ADMIN] [1/29/2017 21:07] [PENJUALAN] CASHIER FORM : calculateTotal [0]
[ADMIN] [1/29/2017 21:07] [PENJUALAN] CASHIER FORM : calculateTotal, totalAfterDisc [0]
[ADMIN] [1/29/2017 21:07] [PENJUALAN] CASHIER FORM : calculateChangeValue, bayarTextBox.Text [0]
[ADMIN] [1/29/2017 21:07] [PENJUALAN] CASHIER FORM : calculateChangeValue, sisaBayar [0]
[ADMIN] [1/29/2017 21:07] [PENJUALAN] CASHIER FORM : cashierDataGridView_CellValueChanged [qty]
[ADMIN] [1/29/2017 21:07] [PENJUALAN] CASHIER FORM : TextBox_TextChanged, previousInput []
[ADMIN] [1/29/2017 21:07] [PENJUALAN] CASHIER FORM : TextBox_TextChanged, dataGridViewTextBoxEditingControl.Text pass REGEX Checking
[ADMIN] [1/29/2017 21:07] [] CHECK STOCK QTY IS ENOUGH [105]
[ADMIN] [1/29/2017 21:07] [] CHECK STOCK QTY IS ENOUGH [33, 1]
[ADMIN] [1/29/2017 21:07] [PENJUALAN] CASHIER FORM : CALCULATE SUBTOTAL
[ADMIN] [1/29/2017 21:07] [PENJUALAN] CASHIER FORM : SUBTOTAL [1]
[ADMIN] [1/29/2017 21:07] [PENJUALAN] CASHIER FORM : TextBox_TextChanged, subtotal value [1]
[ADMIN] [1/29/2017 21:07] [PENJUALAN] CASHIER FORM : TextBox_TextChanged, attempt to calculate total value
[ADMIN] [1/29/2017 21:07] [PENJUALAN] CASHIER FORM : calculateTotal
[ADMIN] [1/29/2017 21:07] [PENJUALAN] CASHIER FORM : calculateTotal [1]
[ADMIN] [1/29/2017 21:07] [PENJUALAN] CASHIER FORM : calculateTotal, totalAfterDisc [1]
[ADMIN] [1/29/2017 21:07] [PENJUALAN] CASHIER FORM : calculateChangeValue, bayarTextBox.Text [0]
[ADMIN] [1/29/2017 21:07] [PENJUALAN] CASHIER FORM : calculateChangeValue, sisaBayar [0]
[ADMIN] [1/29/2017 21:07] [PENJUALAN] CASHIER FORM : cashierDataGridView_CellValueChanged [qty]
[ADMIN] [1/29/2017 21:07] [PENJUALAN] CASHIER FORM : TextBox_TextChanged, previousInput []
[ADMIN] [1/29/2017 21:07] [PENJUALAN] CASHIER FORM : TextBox_TextChanged, dataGridViewTextBoxEditingControl.Text pass REGEX Checking
[ADMIN] [1/29/2017 21:07] [] CHECK STOCK QTY IS ENOUGH [105]
[ADMIN] [1/29/2017 21:07] [] CHECK STOCK QTY IS ENOUGH [33, 12]
[ADMIN] [1/29/2017 21:07] [PENJUALAN] CASHIER FORM : CALCULATE SUBTOTAL
[ADMIN] [1/29/2017 21:07] [PENJUALAN] CASHIER FORM : SUBTOTAL [12]
[ADMIN] [1/29/2017 21:07] [PENJUALAN] CASHIER FORM : TextBox_TextChanged, subtotal value [12]
[ADMIN] [1/29/2017 21:07] [PENJUALAN] CASHIER FORM : TextBox_TextChanged, attempt to calculate total value
[ADMIN] [1/29/2017 21:07] [PENJUALAN] CASHIER FORM : calculateTotal
[ADMIN] [1/29/2017 21:07] [PENJUALAN] CASHIER FORM : calculateTotal [12]
[ADMIN] [1/29/2017 21:07] [PENJUALAN] CASHIER FORM : calculateTotal, totalAfterDisc [12]
[ADMIN] [1/29/2017 21:07] [PENJUALAN] CASHIER FORM : calculateChangeValue, bayarTextBox.Text [0]
[ADMIN] [1/29/2017 21:07] [PENJUALAN] CASHIER FORM : calculateChangeValue, sisaBayar [0]
[ADMIN] [1/29/2017 21:07] [PENJUALAN] CASHIER FORM : DISPLAY PELANGGAN FORM
[ADMIN] [1/29/2017 21:07] [PENJUALAN] CASHIER FORM : UNREGISTER HOTKEY
[ADMIN] [1/29/2017 21:07] [PENJUALAN] CASHIER FORM : SELECTED CUSTOMER ID [1]
[ADMIN] [1/29/2017 21:07] [PENJUALAN] CASHIER FORM : ATTEMPT TO SET CUSTOMER PROFILE
[ADMIN] [1/29/2017 21:07] [PENJUALAN] CASHIER FORM : SET CUSTOMER PROFILE [PELANGGAN 1]
[ADMIN] [1/29/2017 21:07] [PENJUALAN] CASHIER FORM : CUSTOMER GROUP [P-UMUM [ECER]]
[ADMIN] [1/29/2017 21:07] [PENJUALAN] CASHIER FORM : FINISHED SET CUSTOMER PROFILE
[ADMIN] [1/29/2017 21:07] [PENJUALAN] CASHIER FORM : ATTEMPT TO REFRESH PRODUCT PRICE
[ADMIN] [1/29/2017 21:07] [PENJUALAN] CASHIER FORM : PRODUCT PRICE TYPE [PRODUCT_RETAIL_PRICE]
[ADMIN] [1/29/2017 21:07] [PENJUALAN] CASHIER FORM : PRODUCT PRICE [1]
[ADMIN] [1/29/2017 21:07] [PENJUALAN] CASHIER FORM : CHECK IF THERE'S ANY ENTRY IN THE PRODUCT DISC
[ADMIN] [1/29/2017 21:07] [PENJUALAN] CASHIER FORM : cashierDataGridView_CellValueChanged [disc1]
[ADMIN] [1/29/2017 21:07] [PENJUALAN] CASHIER FORM : TextBox_TextChanged, previousInput []
[ADMIN] [1/29/2017 21:07] [PENJUALAN] CASHIER FORM : TextBox_TextChanged, dataGridViewTextBoxEditingControl.Text pass REGEX Checking
[ADMIN] [1/29/2017 21:07] [PENJUALAN] CASHIER FORM : CALCULATE SUBTOTAL
[ADMIN] [1/29/2017 21:07] [PENJUALAN] CASHIER FORM : SUBTOTAL [12]
[ADMIN] [1/29/2017 21:07] [PENJUALAN] CASHIER FORM : TextBox_TextChanged, subtotal value [12]
[ADMIN] [1/29/2017 21:07] [PENJUALAN] CASHIER FORM : TextBox_TextChanged, attempt to calculate total value
[ADMIN] [1/29/2017 21:07] [PENJUALAN] CASHIER FORM : calculateTotal
[ADMIN] [1/29/2017 21:07] [PENJUALAN] CASHIER FORM : calculateTotal [12]
[ADMIN] [1/29/2017 21:07] [PENJUALAN] CASHIER FORM : calculateTotal, totalAfterDisc [12]
[ADMIN] [1/29/2017 21:07] [PENJUALAN] CASHIER FORM : calculateChangeValue, bayarTextBox.Text [0]
[ADMIN] [1/29/2017 21:07] [PENJUALAN] CASHIER FORM : calculateChangeValue, sisaBayar [0]
[ADMIN] [1/29/2017 21:07] [PENJUALAN] CASHIER FORM : cashierDataGridView_CellValueChanged [disc2]
[ADMIN] [1/29/2017 21:07] [PENJUALAN] CASHIER FORM : TextBox_TextChanged, previousInput []
[ADMIN] [1/29/2017 21:07] [PENJUALAN] CASHIER FORM : TextBox_TextChanged, dataGridViewTextBoxEditingControl.Text pass REGEX Checking
[ADMIN] [1/29/2017 21:07] [PENJUALAN] CASHIER FORM : CALCULATE SUBTOTAL
[ADMIN] [1/29/2017 21:07] [PENJUALAN] CASHIER FORM : SUBTOTAL [12]
[ADMIN] [1/29/2017 21:07] [PENJUALAN] CASHIER FORM : TextBox_TextChanged, subtotal value [12]
[ADMIN] [1/29/2017 21:07] [PENJUALAN] CASHIER FORM : TextBox_TextChanged, attempt to calculate total value
[ADMIN] [1/29/2017 21:07] [PENJUALAN] CASHIER FORM : calculateTotal
[ADMIN] [1/29/2017 21:07] [PENJUALAN] CASHIER FORM : calculateTotal [12]
[ADMIN] [1/29/2017 21:07] [PENJUALAN] CASHIER FORM : calculateTotal, totalAfterDisc [12]
[ADMIN] [1/29/2017 21:07] [PENJUALAN] CASHIER FORM : calculateChangeValue, bayarTextBox.Text [0]
[ADMIN] [1/29/2017 21:07] [PENJUALAN] CASHIER FORM : calculateChangeValue, sisaBayar [0]
[ADMIN] [1/29/2017 21:07] [PENJUALAN] CASHIER FORM : cashierDataGridView_CellValueChanged [discRP]
[ADMIN] [1/29/2017 21:07] [PENJUALAN] CASHIER FORM : TextBox_TextChanged, previousInput []
[ADMIN] [1/29/2017 21:07] [PENJUALAN] CASHIER FORM : TextBox_TextChanged, dataGridViewTextBoxEditingControl.Text pass REGEX Checking
[ADMIN] [1/29/2017 21:07] [PENJUALAN] CASHIER FORM : CALCULATE SUBTOTAL
[ADMIN] [1/29/2017 21:07] [PENJUALAN] CASHIER FORM : SUBTOTAL [12]
[ADMIN] [1/29/2017 21:07] [PENJUALAN] CASHIER FORM : TextBox_TextChanged, subtotal value [12]
[ADMIN] [1/29/2017 21:07] [PENJUALAN] CASHIER FORM : TextBox_TextChanged, attempt to calculate total value
[ADMIN] [1/29/2017 21:07] [PENJUALAN] CASHIER FORM : calculateTotal
[ADMIN] [1/29/2017 21:07] [PENJUALAN] CASHIER FORM : calculateTotal [12]
[ADMIN] [1/29/2017 21:07] [PENJUALAN] CASHIER FORM : calculateTotal, totalAfterDisc [12]
[ADMIN] [1/29/2017 21:07] [PENJUALAN] CASHIER FORM : calculateChangeValue, bayarTextBox.Text [0]
[ADMIN] [1/29/2017 21:07] [PENJUALAN] CASHIER FORM : calculateChangeValue, sisaBayar [0]
[ADMIN] [1/29/2017 21:07] [PENJUALAN] CASHIER FORM : CALCULATE SUBTOTAL
[ADMIN] [1/29/2017 21:07] [PENJUALAN] CASHIER FORM : SUBTOTAL [12]
[ADMIN] [1/29/2017 21:07] [PENJUALAN] CASHIER FORM : calculateTotal
[ADMIN] [1/29/2017 21:07] [PENJUALAN] CASHIER FORM : calculateTotal [12]
[ADMIN] [1/29/2017 21:07] [PENJUALAN] CASHIER FORM : calculateTotal, totalAfterDisc [12]
[ADMIN] [1/29/2017 21:07] [PENJUALAN] CASHIER FORM : calculateChangeValue, bayarTextBox.Text [0]
[ADMIN] [1/29/2017 21:07] [PENJUALAN] CASHIER FORM : calculateChangeValue, sisaBayar [0]
[ADMIN] [1/29/2017 21:07] [PENJUALAN] CASHIER FORM : PRODUCT PRICE REFRESHED
[ADMIN] [1/29/2017 21:07] [PENJUALAN] CASHIER FORM : REGISTER HOTKEY
[ADMIN] [1/29/2017 21:07] [PENJUALAN] CASHIER FORM : cashierDataGridView_CellValueChanged [disc2]
[ADMIN] [1/29/2017 21:07] [PENJUALAN] CASHIER FORM : TextBox_TextChanged, previousInput []
[ADMIN] [1/29/2017 21:07] [PENJUALAN] CASHIER FORM : TextBox_TextChanged, dataGridViewTextBoxEditingControl.Text pass REGEX Checking
[ADMIN] [1/29/2017 21:07] [PENJUALAN] CASHIER FORM : CALCULATE SUBTOTAL
[ADMIN] [1/29/2017 21:07] [PENJUALAN] CASHIER FORM : SUBTOTAL [11.76]
[ADMIN] [1/29/2017 21:07] [PENJUALAN] CASHIER FORM : TextBox_TextChanged, subtotal value [11.76]
[ADMIN] [1/29/2017 21:07] [PENJUALAN] CASHIER FORM : TextBox_TextChanged, attempt to calculate total value
[ADMIN] [1/29/2017 21:07] [PENJUALAN] CASHIER FORM : calculateTotal
[ADMIN] [1/29/2017 21:07] [PENJUALAN] CASHIER FORM : calculateTotal [11.76]
[ADMIN] [1/29/2017 21:07] [PENJUALAN] CASHIER FORM : calculateTotal, totalAfterDisc [11.76]
[ADMIN] [1/29/2017 21:07] [PENJUALAN] CASHIER FORM : calculateChangeValue, bayarTextBox.Text [0]
[ADMIN] [1/29/2017 21:07] [PENJUALAN] CASHIER FORM : calculateChangeValue, sisaBayar [0]
[ADMIN] [1/29/2017 21:07] [PENJUALAN] CASHIER FORM : cashierDataGridView_CellValueChanged [disc2]
[ADMIN] [1/29/2017 21:07] [PENJUALAN] CASHIER FORM : TextBox_TextChanged, previousInput []
[ADMIN] [1/29/2017 21:07] [PENJUALAN] CASHIER FORM : TextBox_TextChanged, dataGridViewTextBoxEditingControl.Text pass REGEX Checking
[ADMIN] [1/29/2017 21:07] [PENJUALAN] CASHIER FORM : CALCULATE SUBTOTAL
[ADMIN] [1/29/2017 21:07] [PENJUALAN] CASHIER FORM : SUBTOTAL [9.6]
[ADMIN] [1/29/2017 21:07] [PENJUALAN] CASHIER FORM : TextBox_TextChanged, subtotal value [9.6]
[ADMIN] [1/29/2017 21:07] [PENJUALAN] CASHIER FORM : TextBox_TextChanged, attempt to calculate total value
[ADMIN] [1/29/2017 21:07] [PENJUALAN] CASHIER FORM : calculateTotal
[ADMIN] [1/29/2017 21:07] [PENJUALAN] CASHIER FORM : calculateTotal [9.6]
[ADMIN] [1/29/2017 21:07] [PENJUALAN] CASHIER FORM : calculateTotal, totalAfterDisc [9.6]
[ADMIN] [1/29/2017 21:07] [PENJUALAN] CASHIER FORM : calculateChangeValue, bayarTextBox.Text [0]
[ADMIN] [1/29/2017 21:07] [PENJUALAN] CASHIER FORM : calculateChangeValue, sisaBayar [0]
[ADMIN] [1/29/2017 21:07] [PENJUALAN] CASHIER FORM : calculateChangeValue, bayarTextBox.Text [1]
[ADMIN] [1/29/2017 21:07] [PENJUALAN] CASHIER FORM : calculateChangeValue, sisaBayar [0]
[ADMIN] [1/29/2017 21:07] [PENJUALAN] CASHIER FORM : calculateChangeValue, bayarTextBox.Text [10]
[ADMIN] [1/29/2017 21:07] [PENJUALAN] CASHIER FORM : calculateChangeValue, sisaBayar [0.4]
[ADMIN] [1/29/2017 21:07] [PENJUALAN] CASHIER FORM : TRIGGER SAVE INVOICE FROM BAYAR TEXTBOX
[ADMIN] [1/29/2017 21:07] [PENJUALAN] CASHIER FORM : UNREGISTER HOTKEY
[ADMIN] [1/29/2017 21:07] [PENJUALAN] CASHIER FORM : REGISTER HOTKEY
[ADMIN] [1/29/2017 21:07] [PENJUALAN] ATTEMPT TO SAVE AND PRINT OUT INVOICE
[ADMIN] [1/29/2017 21:07] [PENJUALAN] CASHIER FORM : UNREGISTER HOTKEY
[ADMIN] [1/29/2017 21:07] [PENJUALAN] CASHIER FORM : ATTEMPT TO SAVE SALES DATA [29-01-2017 21:07]
[ADMIN] [1/29/2017 21:07] [PENJUALAN] CASHIER FORM : CASH SALES
[ADMIN] [1/29/2017 21:07] [PENJUALAN] CASHIER FORM : NO FAKTUR [SLO001]
[ADMIN] [1/29/2017 21:07] [PENJUALAN] CASHIER FORM : MAX SALES INVOICE [4]
[ADMIN] [1/29/2017 21:07] [PENJUALAN] CASHIER FORM : SALES INVOICE [SLO001-5]
[ADMIN] [1/29/2017 21:07] [PENJUALAN] INSERT INTO SALES HEADER [SLO001-5] SET PREORDER = 1
[ADMIN] [1/29/2017 21:07] [PENJUALAN] INSERT INTO SALES DETAIL[105, 1, 12]
[ADMIN] [1/29/2017 21:07] [PENJUALAN] INSERT TO CREDIT TABLE [SLO001-5]
[ADMIN] [1/29/2017 21:07] [PENJUALAN] INSERT TO DAILY JOURNAL TABLE [9.6]
[ADMIN] [1/29/2017 21:07] [PENJUALAN] CASHIER FORM : REGISTER HOTKEY
[ADMIN] [1/29/2017 21:08] [PENJUALAN] TRANSACTION SAVED
[ADMIN] [1/29/2017 21:08] [PENJUALAN] PRINT OUT INVOICE
[ADMIN] [1/29/2017 21:08] [PENJUALAN] CASHIER FORM : PrintReceipt
[ADMIN] [1/29/2017 21:08] [PENJUALAN] CASHIER FORM : PrintReceipt, papermode [0]
[ADMIN] [1/29/2017 21:08] [PENJUALAN] CASHIER FORM : PrintReceipt, display SalesReceiptForm
[ADMIN] [1/29/2017 21:08] [PENJUALAN] CASHIER FORM : UNREGISTER HOTKEY
[ADMIN] [1/29/2017 21:12] [PENJUALAN] CASHIER FORM : REGISTER HOTKEY
[ADMIN] [1/29/2017 21:12] [PENJUALAN] VALIDATE USER CREDIT STATUS
[ADMIN] [1/29/2017 21:12] [PENJUALAN] CASHIER FORM : UNREGISTER HOTKEY
[ADMIN] [1/29/2017 21:12] [PENJUALAN] CASHIER FORM : REGISTER HOTKEY
[ADMIN] [1/29/2017 21:13] [PENJUALAN] CASHIER FORM : calculateChangeValue, bayarTextBox.Text [1]
[ADMIN] [1/29/2017 21:13] [PENJUALAN] CASHIER FORM : calculateChangeValue, sisaBayar [0]
[ADMIN] [1/29/2017 21:13] [PENJUALAN] CASHIER FORM : calculateChangeValue, bayarTextBox.Text [10]
[ADMIN] [1/29/2017 21:13] [PENJUALAN] CASHIER FORM : calculateChangeValue, sisaBayar [0.4]
[ADMIN] [1/29/2017 21:13] [PENJUALAN] CASHIER FORM : calculateChangeValue, bayarTextBox.Text [100]
[ADMIN] [1/29/2017 21:13] [PENJUALAN] CASHIER FORM : calculateChangeValue, sisaBayar [90.4]
[ADMIN] [1/29/2017 21:13] [PENJUALAN] CASHIER FORM : HOTKEY TO SAVE AND PRINT OUT INVOICE PRESSED
[ADMIN] [1/29/2017 21:13] [PENJUALAN] CASHIER FORM : UNREGISTER HOTKEY
[ADMIN] [1/29/2017 21:13] [PENJUALAN] CASHIER FORM : REGISTER HOTKEY
[ADMIN] [1/29/2017 21:13] [PENJUALAN] ATTEMPT TO SAVE AND PRINT OUT INVOICE
[ADMIN] [1/29/2017 21:13] [PENJUALAN] CASHIER FORM : UNREGISTER HOTKEY
[ADMIN] [1/29/2017 21:13] [PENJUALAN] CASHIER FORM : ATTEMPT TO SAVE SALES DATA [29-01-2017 21:13]
[ADMIN] [1/29/2017 21:13] [PENJUALAN] CASHIER FORM : CASH SALES
[ADMIN] [1/29/2017 21:13] [PENJUALAN] CASHIER FORM : NO FAKTUR [SLO001]
[ADMIN] [1/29/2017 21:13] [PENJUALAN] CASHIER FORM : MAX SALES INVOICE [5]
[ADMIN] [1/29/2017 21:13] [PENJUALAN] CASHIER FORM : SALES INVOICE [SLO001-6]
[ADMIN] [1/29/2017 21:13] [PENJUALAN] INSERT INTO SALES HEADER [SLO001-6] SET PREORDER = 1
[ADMIN] [1/29/2017 21:13] [PENJUALAN] INSERT INTO SALES DETAIL[105, 1, 12]
[ADMIN] [1/29/2017 21:13] [PENJUALAN] INSERT TO CREDIT TABLE [SLO001-6]
[ADMIN] [1/29/2017 21:13] [PENJUALAN] INSERT TO DAILY JOURNAL TABLE [9.6]
[ADMIN] [1/29/2017 21:13] [PENJUALAN] CASHIER FORM : REGISTER HOTKEY
[ADMIN] [1/29/2017 21:13] [PENJUALAN] TRANSACTION SAVED
[ADMIN] [1/29/2017 21:13] [PENJUALAN] PRINT OUT INVOICE
[ADMIN] [1/29/2017 21:13] [PENJUALAN] CASHIER FORM : PrintReceipt
[ADMIN] [1/29/2017 21:13] [PENJUALAN] CASHIER FORM : PrintReceipt, papermode [0]
[ADMIN] [1/29/2017 21:13] [PENJUALAN] CASHIER FORM : PrintReceipt, display SalesReceiptForm
[ADMIN] [1/29/2017 21:13] [PENJUALAN] CASHIER FORM : UNREGISTER HOTKEY
[ADMIN] [1/29/2017 21:13] [PENJUALAN] CASHIER FORM : REGISTER HOTKEY
[ADMIN] [1/29/2017 21:13] [PENJUALAN] CASHIER FORM : UNREGISTER HOTKEY
[ADMIN] [1/29/2017 21:13] [PENJUALAN] CASHIER FORM : REGISTER HOTKEY
[ADMIN] [1/29/2017 21:13] [PENJUALAN] VALIDATE USER CREDIT STATUS
[ADMIN] [1/29/2017 21:13] [PENJUALAN] CASHIER FORM : UNREGISTER HOTKEY
[ADMIN] [1/29/2017 21:13] [PENJUALAN] CASHIER FORM : REGISTER HOTKEY
[ADMIN] [1/29/2017 21:13] [PENJUALAN] CASHIER FORM : UNREGISTER HOTKEY
[ADMIN] [1/29/2017 21:13] [PENJUALAN] CASHIER FORM : REGISTER HOTKEY
[ADMIN] [1/29/2017 21:13] [PENJUALAN] CASHIER FORM : UNREGISTER HOTKEY
[ADMIN] [1/29/2017 21:13] [PENJUALAN] CASHIER FORM : UNREGISTER HOTKEY
[ADMIN] [1/29/2017 21:13] [PENJUALAN] CASHIER FORM : REGISTER HOTKEY
[ADMIN] [1/29/2017 21:13] [PENJUALAN] CASHIER FORM : calculateChangeValue, bayarTextBox.Text [10]
[ADMIN] [1/29/2017 21:13] [PENJUALAN] CASHIER FORM : calculateChangeValue, sisaBayar [0.4]
[ADMIN] [1/29/2017 21:13] [PENJUALAN] CASHIER FORM : ADD NEW ROW,  isActive [True]
[ADMIN] [1/29/2017 21:13] [PENJUALAN] CASHIER FORM : ADD NEW ROW,  ROW COUNT [0]
[ADMIN] [1/29/2017 21:13] [PENJUALAN] CASHIER FORM : ADD NEW ROW,  ALLOW TO ADD [True]
[ADMIN] [1/29/2017 21:13] [PENJUALAN] CASHIER FORM : REGISTER HOTKEY
[ADMIN] [1/29/2017 21:14] [PENJUALAN] CASHIER FORM : calculateChangeValue, bayarTextBox.Text [1]
[ADMIN] [1/29/2017 21:14] [PENJUALAN] CASHIER FORM : calculateChangeValue, sisaBayar [0]
[ADMIN] [1/29/2017 21:14] [PENJUALAN] CASHIER FORM : calculateChangeValue, bayarTextBox.Text [10]
[ADMIN] [1/29/2017 21:14] [PENJUALAN] CASHIER FORM : calculateChangeValue, sisaBayar [0.4]
[ADMIN] [1/29/2017 21:14] [PENJUALAN] CASHIER FORM : calculateChangeValue, bayarTextBox.Text [100]
[ADMIN] [1/29/2017 21:14] [PENJUALAN] CASHIER FORM : calculateChangeValue, sisaBayar [90.4]
[ADMIN] [1/29/2017 21:14] [PENJUALAN] CASHIER FORM : calculateChangeValue, bayarTextBox.Text [1000]
[ADMIN] [1/29/2017 21:14] [PENJUALAN] CASHIER FORM : calculateChangeValue, sisaBayar [990.4]
[ADMIN] [1/29/2017 21:14] [PENJUALAN] CASHIER FORM : HOTKEY TO SAVE AND PRINT OUT INVOICE PRESSED
[ADMIN] [1/29/2017 21:14] [PENJUALAN] CASHIER FORM : UNREGISTER HOTKEY
[ADMIN] [1/29/2017 21:14] [PENJUALAN] CASHIER FORM : REGISTER HOTKEY
[ADMIN] [1/29/2017 21:14] [PENJUALAN] CASHIER FORM : cashierDataGridView_CellValueChanged [qty]
[ADMIN] [1/29/2017 21:14] [PENJUALAN] CASHIER FORM : TextBox_TextChanged, previousInput []
[ADMIN] [1/29/2017 21:14] [PENJUALAN] CASHIER FORM : TextBox_TextChanged, dataGridViewTextBoxEditingControl.Text did not pass REGEX Checking
[ADMIN] [1/29/2017 21:14] [PENJUALAN] CASHIER FORM : cashierDataGridView_CellValueChanged [qty]
[ADMIN] [1/29/2017 21:14] [PENJUALAN] CASHIER FORM : TextBox_TextChanged, previousInput []
[ADMIN] [1/29/2017 21:14] [PENJUALAN] CASHIER FORM : TextBox_TextChanged, dataGridViewTextBoxEditingControl.Text did not pass REGEX Checking
[ADMIN] [1/29/2017 21:14] [PENJUALAN] CASHIER FORM : cashierDataGridView_CellValueChanged [qty]
[ADMIN] [1/29/2017 21:14] [PENJUALAN] CASHIER FORM : TextBox_TextChanged, previousInput []
[ADMIN] [1/29/2017 21:14] [PENJUALAN] CASHIER FORM : TextBox_TextChanged, dataGridViewTextBoxEditingControl.Text did not pass REGEX Checking
[ADMIN] [1/29/2017 21:14] [PENJUALAN] CASHIER FORM : cashierDataGridView_CellValueChanged [productPrice]
[ADMIN] [1/29/2017 21:14] [PENJUALAN] CASHIER FORM : TextBox_TextChanged, previousInput []
[ADMIN] [1/29/2017 21:14] [PENJUALAN] CASHIER FORM : TextBox_TextChanged, dataGridViewTextBoxEditingControl.Text did not pass REGEX Checking
[ADMIN] [1/29/2017 21:14] [PENJUALAN] CASHIER FORM : cashierDataGridView_CellValueChanged [productPrice]
[ADMIN] [1/29/2017 21:14] [PENJUALAN] CASHIER FORM : TextBox_TextChanged, previousInput []
[ADMIN] [1/29/2017 21:14] [PENJUALAN] CASHIER FORM : TextBox_TextChanged, dataGridViewTextBoxEditingControl.Text did not pass REGEX Checking
[ADMIN] [1/29/2017 21:14] [PENJUALAN] CASHIER FORM : UNREGISTER HOTKEY
[ADMIN] [1/29/2017 21:14] [PENJUALAN] CASHIER FORM : REGISTER HOTKEY
[ADMIN] [1/29/2017 21:14] [PENJUALAN] CASHIER FORM : HOTKEY TO SAVE AND PRINT OUT INVOICE PRESSED
[ADMIN] [1/29/2017 21:14] [PENJUALAN] CASHIER FORM : UNREGISTER HOTKEY
[ADMIN] [1/29/2017 21:14] [PENJUALAN] CASHIER FORM : REGISTER HOTKEY
[ADMIN] [1/29/2017 21:14] [PENJUALAN] ATTEMPT TO SAVE AND PRINT OUT INVOICE
[ADMIN] [1/29/2017 21:14] [PENJUALAN] CASHIER FORM : cashierDataGridView_CellValueChanged [productPrice]
[ADMIN] [1/29/2017 21:14] [PENJUALAN] CASHIER FORM : TextBox_TextChanged, previousInput []
[ADMIN] [1/29/2017 21:14] [PENJUALAN] CASHIER FORM : TextBox_TextChanged, dataGridViewTextBoxEditingControl.Text pass REGEX Checking
[ADMIN] [1/29/2017 21:14] [PENJUALAN] CASHIER FORM : CALCULATE SUBTOTAL
[ADMIN] [1/29/2017 21:14] [PENJUALAN] CASHIER FORM : SUBTOTAL [0]
[ADMIN] [1/29/2017 21:14] [PENJUALAN] CASHIER FORM : TextBox_TextChanged, subtotal value [0]
[ADMIN] [1/29/2017 21:14] [PENJUALAN] CASHIER FORM : TextBox_TextChanged, attempt to calculate total value
[ADMIN] [1/29/2017 21:14] [PENJUALAN] CASHIER FORM : calculateTotal
[ADMIN] [1/29/2017 21:14] [PENJUALAN] CASHIER FORM : calculateTotal [0]
[ADMIN] [1/29/2017 21:14] [PENJUALAN] CASHIER FORM : calculateTotal, totalAfterDisc [0]
[ADMIN] [1/29/2017 21:14] [PENJUALAN] CASHIER FORM : calculateChangeValue, bayarTextBox.Text [1000]
[ADMIN] [1/29/2017 21:14] [PENJUALAN] CASHIER FORM : calculateChangeValue, sisaBayar [1000]
[ADMIN] [1/29/2017 21:14] [PENJUALAN] CASHIER FORM : cashierDataGridView_CellValueChanged [qty]
[ADMIN] [1/29/2017 21:14] [PENJUALAN] CASHIER FORM : TextBox_TextChanged, previousInput []
[ADMIN] [1/29/2017 21:14] [PENJUALAN] CASHIER FORM : TextBox_TextChanged, dataGridViewTextBoxEditingControl.Text pass REGEX Checking
[ADMIN] [1/29/2017 21:14] [] CHECK STOCK QTY IS ENOUGH [105]
[ADMIN] [1/29/2017 21:14] [] CHECK STOCK QTY IS ENOUGH [33, 2]
[ADMIN] [1/29/2017 21:14] [PENJUALAN] CASHIER FORM : CALCULATE SUBTOTAL
[ADMIN] [1/29/2017 21:14] [PENJUALAN] CASHIER FORM : SUBTOTAL [1.6]
[ADMIN] [1/29/2017 21:14] [PENJUALAN] CASHIER FORM : TextBox_TextChanged, subtotal value [1.6]
[ADMIN] [1/29/2017 21:14] [PENJUALAN] CASHIER FORM : TextBox_TextChanged, attempt to calculate total value
[ADMIN] [1/29/2017 21:14] [PENJUALAN] CASHIER FORM : calculateTotal
[ADMIN] [1/29/2017 21:14] [PENJUALAN] CASHIER FORM : calculateTotal [1.6]
[ADMIN] [1/29/2017 21:14] [PENJUALAN] CASHIER FORM : calculateTotal, totalAfterDisc [1.6]
[ADMIN] [1/29/2017 21:14] [PENJUALAN] CASHIER FORM : calculateChangeValue, bayarTextBox.Text [1000]
[ADMIN] [1/29/2017 21:14] [PENJUALAN] CASHIER FORM : calculateChangeValue, sisaBayar [998.4]
[ADMIN] [1/29/2017 21:14] [PENJUALAN] CASHIER FORM : HOTKEY TO SAVE AND PRINT OUT INVOICE PRESSED
[ADMIN] [1/29/2017 21:14] [PENJUALAN] CASHIER FORM : UNREGISTER HOTKEY
[ADMIN] [1/29/2017 21:14] [PENJUALAN] CASHIER FORM : REGISTER HOTKEY
[ADMIN] [1/29/2017 21:14] [PENJUALAN] ATTEMPT TO SAVE AND PRINT OUT INVOICE
[ADMIN] [1/29/2017 21:14] [PENJUALAN] CASHIER FORM : UNREGISTER HOTKEY
[ADMIN] [1/29/2017 21:14] [PENJUALAN] CASHIER FORM : ATTEMPT TO SAVE SALES DATA [29-01-2017 21:14]
[ADMIN] [1/29/2017 21:14] [PENJUALAN] CASHIER FORM : SALES DISC FINAL [0]
[ADMIN] [1/29/2017 21:14] [PENJUALAN] CASHIER FORM : CASH SALES
[ADMIN] [1/29/2017 21:14] [PENJUALAN] UPDATE PREVIOUS REV_NO TO VOID [SLO001-5]
[ADMIN] [1/29/2017 21:14] [PENJUALAN] INSERT INTO SALES HEADER [SLO001-5]
[ADMIN] [1/29/2017 21:14] [PENJUALAN] INSERT INTO SALES DETAIL[105, 1, 2]
[ADMIN] [1/29/2017 21:14] [PENJUALAN] CASHIER FORM : REGISTER HOTKEY
[ADMIN] [1/29/2017 21:14] [PENJUALAN] TRANSACTION SAVED
[ADMIN] [1/29/2017 21:14] [PENJUALAN] PRINT OUT INVOICE
[ADMIN] [1/29/2017 21:14] [PENJUALAN] CASHIER FORM : PrintReceipt
[ADMIN] [1/29/2017 21:14] [PENJUALAN] CASHIER FORM : PrintReceipt, papermode [0]
[ADMIN] [1/29/2017 21:14] [PENJUALAN] CASHIER FORM : PrintReceipt, display SalesReceiptForm
[ADMIN] [1/29/2017 21:14] [PENJUALAN] CASHIER FORM : UNREGISTER HOTKEY
[ADMIN] [1/29/2017 21:14] [PENJUALAN] CASHIER FORM : REGISTER HOTKEY
[ADMIN] [1/29/2017 21:14] [PENJUALAN] VALIDATE USER CREDIT STATUS
[ADMIN] [1/29/2017 21:14] [PENJUALAN] CASHIER FORM : UNREGISTER HOTKEY
[ADMIN] [1/29/2017 21:14] [PENJUALAN] CASHIER FORM : REGISTER HOTKEY
[ADMIN] [1/29/2017 21:14] [PENJUALAN] CASHIER FORM : UNREGISTER HOTKEY
[ADMIN] [1/29/2017 21:14] [PENJUALAN] CASHIER FORM : UNREGISTER HOTKEY
[ADMIN] [1/29/2017 21:14] [PENJUALAN] CASHIER FORM : REGISTER HOTKEY
[ADMIN] [1/29/2017 21:14] [PENJUALAN] CASHIER FORM : calculateChangeValue, bayarTextBox.Text [1000]
[ADMIN] [1/29/2017 21:14] [PENJUALAN] CASHIER FORM : calculateChangeValue, sisaBayar [998.4]
[ADMIN] [1/29/2017 21:14] [PENJUALAN] CASHIER FORM : ADD NEW ROW,  isActive [True]
[ADMIN] [1/29/2017 21:14] [PENJUALAN] CASHIER FORM : ADD NEW ROW,  ROW COUNT [0]
[ADMIN] [1/29/2017 21:14] [PENJUALAN] CASHIER FORM : ADD NEW ROW,  ALLOW TO ADD [True]
[ADMIN] [1/29/2017 21:14] [PENJUALAN] CASHIER FORM : REGISTER HOTKEY
[ADMIN] [1/29/2017 21:14] [PENJUALAN] CASHIER FORM : UNREGISTER HOTKEY
[ADMIN] [1/29/2017 21:15] [PENJUALAN] CASHIER FORM : REGISTER HOTKEY
[ADMIN] [1/29/2017 21:15] [PENJUALAN] CASHIER FORM : UNREGISTER HOTKEY
[ADMIN] [1/29/2017 21:15] [PENJUALAN] CASHIER FORM : UNREGISTER HOTKEY
[ADMIN] [1/29/2017 21:16] [PENJUALAN] CASHIER FORM : MULTIPLE CASHIER INSTANCE [1]
[ADMIN] [1/29/2017 21:16] [PENJUALAN] CASHIER FORM : REGISTER HOTKEY
[ADMIN] [1/29/2017 21:16] [PENJUALAN] CASHIER FORM : cashierForm_Load, ATTEMPT TO LOAD NO FAKTUR
[ADMIN] [1/29/2017 21:16] [PENJUALAN] CASHIER FORM : loadNoFaktur, noFakturValue [SLO001]
[ADMIN] [1/29/2017 21:16] [PENJUALAN] CASHIER FORM : cashierForm_Load, ATTEMPT TO addColumnToDataGrid
[ADMIN] [1/29/2017 21:16] [PENJUALAN] CASHIER FORM : calculateTotal
[ADMIN] [1/29/2017 21:16] [PENJUALAN] CASHIER FORM : calculateTotal [0]
[ADMIN] [1/29/2017 21:16] [PENJUALAN] CASHIER FORM : calculateTotal, totalAfterDisc [0]
[ADMIN] [1/29/2017 21:16] [PENJUALAN] CASHIER FORM : calculateChangeValue, bayarTextBox.Text [0]
[ADMIN] [1/29/2017 21:16] [PENJUALAN] CASHIER FORM : calculateChangeValue, sisaBayar [0]
[ADMIN] [1/29/2017 21:16] [PENJUALAN] CASHIER FORM : REGISTER HOTKEY
[ADMIN] [1/29/2017 21:16] [PENJUALAN] CASHIER FORM : HOTKEY TO ADD NEW ROW PRESSED
[ADMIN] [1/29/2017 21:16] [PENJUALAN] CASHIER FORM : ADD NEW ROW,  isActive [True]
[ADMIN] [1/29/2017 21:16] [PENJUALAN] CASHIER FORM : ADD NEW ROW,  ROW COUNT [0]
[ADMIN] [1/29/2017 21:16] [PENJUALAN] CASHIER FORM : ADD NEW ROW,  ALLOW TO ADD [True]
[ADMIN] [1/29/2017 21:16] [PENJUALAN] CASHIER FORM : cashierDataGridView_CellValueChanged [F8]
[ADMIN] [1/29/2017 21:16] [PENJUALAN] CASHIER FORM : cashierDataGridView_CellValueChanged [hpp]
[ADMIN] [1/29/2017 21:16] [PENJUALAN] CASHIER FORM : cashierDataGridView_CellValueChanged [productPrice]
[ADMIN] [1/29/2017 21:16] [PENJUALAN] CASHIER FORM : TextBox_TextChanged, previousInput []
[ADMIN] [1/29/2017 21:16] [PENJUALAN] CASHIER FORM : TextBox_TextChanged, dataGridViewTextBoxEditingControl.Text pass REGEX Checking
[ADMIN] [1/29/2017 21:16] [PENJUALAN] CASHIER FORM : CALCULATE SUBTOTAL
[ADMIN] [1/29/2017 21:16] [PENJUALAN] CASHIER FORM : SUBTOTAL [0]
[ADMIN] [1/29/2017 21:16] [PENJUALAN] CASHIER FORM : TextBox_TextChanged, subtotal value [0]
[ADMIN] [1/29/2017 21:16] [PENJUALAN] CASHIER FORM : TextBox_TextChanged, attempt to calculate total value
[ADMIN] [1/29/2017 21:16] [PENJUALAN] CASHIER FORM : calculateTotal
[ADMIN] [1/29/2017 21:16] [PENJUALAN] CASHIER FORM : calculateTotal [0]
[ADMIN] [1/29/2017 21:16] [PENJUALAN] CASHIER FORM : calculateTotal, totalAfterDisc [0]
[ADMIN] [1/29/2017 21:16] [PENJUALAN] CASHIER FORM : calculateChangeValue, bayarTextBox.Text [0]
[ADMIN] [1/29/2017 21:16] [PENJUALAN] CASHIER FORM : calculateChangeValue, sisaBayar [0]
[ADMIN] [1/29/2017 21:16] [PENJUALAN] CASHIER FORM : cashierDataGridView_CellValueChanged [disc1]
[ADMIN] [1/29/2017 21:16] [PENJUALAN] CASHIER FORM : TextBox_TextChanged, previousInput []
[ADMIN] [1/29/2017 21:16] [PENJUALAN] CASHIER FORM : TextBox_TextChanged, dataGridViewTextBoxEditingControl.Text pass REGEX Checking
[ADMIN] [1/29/2017 21:16] [PENJUALAN] CASHIER FORM : CALCULATE SUBTOTAL
[ADMIN] [1/29/2017 21:16] [PENJUALAN] CASHIER FORM : SUBTOTAL [0]
[ADMIN] [1/29/2017 21:16] [PENJUALAN] CASHIER FORM : TextBox_TextChanged, subtotal value [0]
[ADMIN] [1/29/2017 21:16] [PENJUALAN] CASHIER FORM : TextBox_TextChanged, attempt to calculate total value
[ADMIN] [1/29/2017 21:16] [PENJUALAN] CASHIER FORM : calculateTotal
[ADMIN] [1/29/2017 21:16] [PENJUALAN] CASHIER FORM : calculateTotal [0]
[ADMIN] [1/29/2017 21:16] [PENJUALAN] CASHIER FORM : calculateTotal, totalAfterDisc [0]
[ADMIN] [1/29/2017 21:16] [PENJUALAN] CASHIER FORM : calculateChangeValue, bayarTextBox.Text [0]
[ADMIN] [1/29/2017 21:16] [PENJUALAN] CASHIER FORM : calculateChangeValue, sisaBayar [0]
[ADMIN] [1/29/2017 21:16] [PENJUALAN] CASHIER FORM : cashierDataGridView_CellValueChanged [qty]
[ADMIN] [1/29/2017 21:16] [PENJUALAN] CASHIER FORM : TextBox_TextChanged, previousInput []
[ADMIN] [1/29/2017 21:16] [PENJUALAN] CASHIER FORM : TextBox_TextChanged, dataGridViewTextBoxEditingControl.Text pass REGEX Checking
[ADMIN] [1/29/2017 21:16] [] CHECK STOCK QTY IS ENOUGH []
[ADMIN] [1/29/2017 21:16] [PENJUALAN] CASHIER FORM : CALCULATE SUBTOTAL
[ADMIN] [1/29/2017 21:16] [PENJUALAN] CASHIER FORM : SUBTOTAL [0]
[ADMIN] [1/29/2017 21:16] [PENJUALAN] CASHIER FORM : TextBox_TextChanged, subtotal value [0]
[ADMIN] [1/29/2017 21:16] [PENJUALAN] CASHIER FORM : TextBox_TextChanged, attempt to calculate total value
[ADMIN] [1/29/2017 21:16] [PENJUALAN] CASHIER FORM : calculateTotal
[ADMIN] [1/29/2017 21:16] [PENJUALAN] CASHIER FORM : calculateTotal [0]
[ADMIN] [1/29/2017 21:16] [PENJUALAN] CASHIER FORM : calculateTotal, totalAfterDisc [0]
[ADMIN] [1/29/2017 21:16] [PENJUALAN] CASHIER FORM : calculateChangeValue, bayarTextBox.Text [0]
[ADMIN] [1/29/2017 21:16] [PENJUALAN] CASHIER FORM : calculateChangeValue, sisaBayar [0]
[ADMIN] [1/29/2017 21:16] [PENJUALAN] CASHIER FORM : cashierDataGridView_CellValueChanged [disc2]
[ADMIN] [1/29/2017 21:16] [PENJUALAN] CASHIER FORM : TextBox_TextChanged, previousInput []
[ADMIN] [1/29/2017 21:16] [PENJUALAN] CASHIER FORM : TextBox_TextChanged, dataGridViewTextBoxEditingControl.Text pass REGEX Checking
[ADMIN] [1/29/2017 21:16] [PENJUALAN] CASHIER FORM : CALCULATE SUBTOTAL
[ADMIN] [1/29/2017 21:16] [PENJUALAN] CASHIER FORM : SUBTOTAL [0]
[ADMIN] [1/29/2017 21:16] [PENJUALAN] CASHIER FORM : TextBox_TextChanged, subtotal value [0]
[ADMIN] [1/29/2017 21:16] [PENJUALAN] CASHIER FORM : TextBox_TextChanged, attempt to calculate total value
[ADMIN] [1/29/2017 21:16] [PENJUALAN] CASHIER FORM : calculateTotal
[ADMIN] [1/29/2017 21:16] [PENJUALAN] CASHIER FORM : calculateTotal [0]
[ADMIN] [1/29/2017 21:16] [PENJUALAN] CASHIER FORM : calculateTotal, totalAfterDisc [0]
[ADMIN] [1/29/2017 21:16] [PENJUALAN] CASHIER FORM : calculateChangeValue, bayarTextBox.Text [0]
[ADMIN] [1/29/2017 21:16] [PENJUALAN] CASHIER FORM : calculateChangeValue, sisaBayar [0]
[ADMIN] [1/29/2017 21:16] [PENJUALAN] CASHIER FORM : cashierDataGridView_CellValueChanged [discRP]
[ADMIN] [1/29/2017 21:16] [PENJUALAN] CASHIER FORM : TextBox_TextChanged, previousInput []
[ADMIN] [1/29/2017 21:16] [PENJUALAN] CASHIER FORM : TextBox_TextChanged, dataGridViewTextBoxEditingControl.Text pass REGEX Checking
[ADMIN] [1/29/2017 21:16] [PENJUALAN] CASHIER FORM : CALCULATE SUBTOTAL
[ADMIN] [1/29/2017 21:16] [PENJUALAN] CASHIER FORM : SUBTOTAL [0]
[ADMIN] [1/29/2017 21:16] [PENJUALAN] CASHIER FORM : TextBox_TextChanged, subtotal value [0]
[ADMIN] [1/29/2017 21:16] [PENJUALAN] CASHIER FORM : TextBox_TextChanged, attempt to calculate total value
[ADMIN] [1/29/2017 21:16] [PENJUALAN] CASHIER FORM : calculateTotal
[ADMIN] [1/29/2017 21:16] [PENJUALAN] CASHIER FORM : calculateTotal [0]
[ADMIN] [1/29/2017 21:16] [PENJUALAN] CASHIER FORM : calculateTotal, totalAfterDisc [0]
[ADMIN] [1/29/2017 21:16] [PENJUALAN] CASHIER FORM : calculateChangeValue, bayarTextBox.Text [0]
[ADMIN] [1/29/2017 21:16] [PENJUALAN] CASHIER FORM : calculateChangeValue, sisaBayar [0]
[ADMIN] [1/29/2017 21:16] [PENJUALAN] CASHIER FORM : cashierDataGridView_CellValueChanged [jumlah]
[ADMIN] [1/29/2017 21:16] [PENJUALAN] CASHIER FORM : cashierDataGridView_CellValueChanged [productName]
[ADMIN] [1/29/2017 21:16] [PENJUALAN] CASHIER FORM : cashierDataGridView_CellValueChanged [productName]
[ADMIN] [1/29/2017 21:16] [PENJUALAN] CASHIER FORM : cashierDataGridView_CellValueChanged [productID]
[ADMIN] [1/29/2017 21:16] [PENJUALAN] CASHIER FORM : PRODUCT PRICE TYPE [PRODUCT_BASE_PRICE]
[ADMIN] [1/29/2017 21:16] [PENJUALAN] CASHIER FORM : PRODUCT PRICE [11]
[ADMIN] [1/29/2017 21:16] [PENJUALAN] CASHIER FORM : ComboBox_SelectedIndexChanged, PRODUCT_BASE_PRICE [11]
[ADMIN] [1/29/2017 21:16] [PENJUALAN] CASHIER FORM : cashierDataGridView_CellValueChanged [hpp]
[ADMIN] [1/29/2017 21:16] [PENJUALAN] CASHIER FORM : PRODUCT PRICE TYPE [PRODUCT_RETAIL_PRICE]
[ADMIN] [1/29/2017 21:16] [PENJUALAN] CASHIER FORM : PRODUCT PRICE [1]
[ADMIN] [1/29/2017 21:16] [PENJUALAN] CASHIER FORM : ComboBox_SelectedIndexChanged, PRODUCT_SALES_PRICE [1]
[ADMIN] [1/29/2017 21:16] [PENJUALAN] CASHIER FORM : cashierDataGridView_CellValueChanged [productPrice]
[ADMIN] [1/29/2017 21:16] [PENJUALAN] CASHIER FORM : TextBox_TextChanged, previousInput []
[ADMIN] [1/29/2017 21:16] [PENJUALAN] CASHIER FORM : TextBox_TextChanged, dataGridViewTextBoxEditingControl.Text pass REGEX Checking
[ADMIN] [1/29/2017 21:16] [PENJUALAN] CASHIER FORM : CALCULATE SUBTOTAL
[ADMIN] [1/29/2017 21:16] [PENJUALAN] CASHIER FORM : SUBTOTAL [0]
[ADMIN] [1/29/2017 21:16] [PENJUALAN] CASHIER FORM : TextBox_TextChanged, subtotal value [0]
[ADMIN] [1/29/2017 21:16] [PENJUALAN] CASHIER FORM : TextBox_TextChanged, attempt to calculate total value
[ADMIN] [1/29/2017 21:16] [PENJUALAN] CASHIER FORM : calculateTotal
[ADMIN] [1/29/2017 21:16] [PENJUALAN] CASHIER FORM : calculateTotal [0]
[ADMIN] [1/29/2017 21:16] [PENJUALAN] CASHIER FORM : calculateTotal, totalAfterDisc [0]
[ADMIN] [1/29/2017 21:16] [PENJUALAN] CASHIER FORM : calculateChangeValue, bayarTextBox.Text [0]
[ADMIN] [1/29/2017 21:16] [PENJUALAN] CASHIER FORM : calculateChangeValue, sisaBayar [0]
[ADMIN] [1/29/2017 21:16] [PENJUALAN] CASHIER FORM : cashierDataGridView_CellValueChanged [qty]
[ADMIN] [1/29/2017 21:16] [PENJUALAN] CASHIER FORM : TextBox_TextChanged, previousInput []
[ADMIN] [1/29/2017 21:16] [PENJUALAN] CASHIER FORM : TextBox_TextChanged, dataGridViewTextBoxEditingControl.Text pass REGEX Checking
[ADMIN] [1/29/2017 21:16] [] CHECK STOCK QTY IS ENOUGH [105]
[ADMIN] [1/29/2017 21:16] [] CHECK STOCK QTY IS ENOUGH [33, 0]
[ADMIN] [1/29/2017 21:16] [PENJUALAN] CASHIER FORM : CALCULATE SUBTOTAL
[ADMIN] [1/29/2017 21:16] [PENJUALAN] CASHIER FORM : SUBTOTAL [0]
[ADMIN] [1/29/2017 21:16] [PENJUALAN] CASHIER FORM : TextBox_TextChanged, subtotal value [0]
[ADMIN] [1/29/2017 21:16] [PENJUALAN] CASHIER FORM : TextBox_TextChanged, attempt to calculate total value
[ADMIN] [1/29/2017 21:16] [PENJUALAN] CASHIER FORM : calculateTotal
[ADMIN] [1/29/2017 21:16] [PENJUALAN] CASHIER FORM : calculateTotal [0]
[ADMIN] [1/29/2017 21:16] [PENJUALAN] CASHIER FORM : calculateTotal, totalAfterDisc [0]
[ADMIN] [1/29/2017 21:16] [PENJUALAN] CASHIER FORM : calculateChangeValue, bayarTextBox.Text [0]
[ADMIN] [1/29/2017 21:16] [PENJUALAN] CASHIER FORM : calculateChangeValue, sisaBayar [0]
[ADMIN] [1/29/2017 21:16] [PENJUALAN] CASHIER FORM : cashierDataGridView_CellValueChanged [jumlah]
[ADMIN] [1/29/2017 21:16] [PENJUALAN] CASHIER FORM : ComboBox_SelectedIndexChanged, attempt to calculate total
[ADMIN] [1/29/2017 21:16] [PENJUALAN] CASHIER FORM : calculateTotal
[ADMIN] [1/29/2017 21:16] [PENJUALAN] CASHIER FORM : calculateTotal [0]
[ADMIN] [1/29/2017 21:16] [PENJUALAN] CASHIER FORM : calculateTotal, totalAfterDisc [0]
[ADMIN] [1/29/2017 21:16] [PENJUALAN] CASHIER FORM : calculateChangeValue, bayarTextBox.Text [0]
[ADMIN] [1/29/2017 21:16] [PENJUALAN] CASHIER FORM : calculateChangeValue, sisaBayar [0]
[ADMIN] [1/29/2017 21:16] [PENJUALAN] CASHIER FORM : cashierDataGridView_CellValueChanged [productPrice]
[ADMIN] [1/29/2017 21:16] [PENJUALAN] CASHIER FORM : TextBox_TextChanged, previousInput []
[ADMIN] [1/29/2017 21:16] [PENJUALAN] CASHIER FORM : TextBox_TextChanged, dataGridViewTextBoxEditingControl.Text pass REGEX Checking
[ADMIN] [1/29/2017 21:16] [PENJUALAN] CASHIER FORM : CALCULATE SUBTOTAL
[ADMIN] [1/29/2017 21:16] [PENJUALAN] CASHIER FORM : SUBTOTAL [0]
[ADMIN] [1/29/2017 21:16] [PENJUALAN] CASHIER FORM : TextBox_TextChanged, subtotal value [0]
[ADMIN] [1/29/2017 21:16] [PENJUALAN] CASHIER FORM : TextBox_TextChanged, attempt to calculate total value
[ADMIN] [1/29/2017 21:16] [PENJUALAN] CASHIER FORM : calculateTotal
[ADMIN] [1/29/2017 21:16] [PENJUALAN] CASHIER FORM : calculateTotal [0]
[ADMIN] [1/29/2017 21:16] [PENJUALAN] CASHIER FORM : calculateTotal, totalAfterDisc [0]
[ADMIN] [1/29/2017 21:16] [PENJUALAN] CASHIER FORM : calculateChangeValue, bayarTextBox.Text [0]
[ADMIN] [1/29/2017 21:16] [PENJUALAN] CASHIER FORM : calculateChangeValue, sisaBayar [0]
[ADMIN] [1/29/2017 21:16] [PENJUALAN] CASHIER FORM : cashierDataGridView_CellValueChanged [productPrice]
[ADMIN] [1/29/2017 21:16] [PENJUALAN] CASHIER FORM : TextBox_TextChanged, previousInput []
[ADMIN] [1/29/2017 21:16] [PENJUALAN] CASHIER FORM : TextBox_TextChanged, dataGridViewTextBoxEditingControl.Text pass REGEX Checking
[ADMIN] [1/29/2017 21:16] [PENJUALAN] CASHIER FORM : CALCULATE SUBTOTAL
[ADMIN] [1/29/2017 21:16] [PENJUALAN] CASHIER FORM : SUBTOTAL [0]
[ADMIN] [1/29/2017 21:16] [PENJUALAN] CASHIER FORM : TextBox_TextChanged, subtotal value [0]
[ADMIN] [1/29/2017 21:16] [PENJUALAN] CASHIER FORM : TextBox_TextChanged, attempt to calculate total value
[ADMIN] [1/29/2017 21:16] [PENJUALAN] CASHIER FORM : calculateTotal
[ADMIN] [1/29/2017 21:16] [PENJUALAN] CASHIER FORM : calculateTotal [0]
[ADMIN] [1/29/2017 21:16] [PENJUALAN] CASHIER FORM : calculateTotal, totalAfterDisc [0]
[ADMIN] [1/29/2017 21:16] [PENJUALAN] CASHIER FORM : calculateChangeValue, bayarTextBox.Text [0]
[ADMIN] [1/29/2017 21:16] [PENJUALAN] CASHIER FORM : calculateChangeValue, sisaBayar [0]
[ADMIN] [1/29/2017 21:16] [PENJUALAN] CASHIER FORM : cashierDataGridView_CellValueChanged [qty]
[ADMIN] [1/29/2017 21:16] [PENJUALAN] CASHIER FORM : TextBox_TextChanged, previousInput []
[ADMIN] [1/29/2017 21:16] [PENJUALAN] CASHIER FORM : TextBox_TextChanged, dataGridViewTextBoxEditingControl.Text pass REGEX Checking
[ADMIN] [1/29/2017 21:16] [] CHECK STOCK QTY IS ENOUGH [105]
[ADMIN] [1/29/2017 21:16] [] CHECK STOCK QTY IS ENOUGH [33, 2]
[ADMIN] [1/29/2017 21:16] [PENJUALAN] CASHIER FORM : CALCULATE SUBTOTAL
[ADMIN] [1/29/2017 21:16] [PENJUALAN] CASHIER FORM : SUBTOTAL [44]
[ADMIN] [1/29/2017 21:16] [PENJUALAN] CASHIER FORM : TextBox_TextChanged, subtotal value [44]
[ADMIN] [1/29/2017 21:16] [PENJUALAN] CASHIER FORM : TextBox_TextChanged, attempt to calculate total value
[ADMIN] [1/29/2017 21:16] [PENJUALAN] CASHIER FORM : calculateTotal
[ADMIN] [1/29/2017 21:16] [PENJUALAN] CASHIER FORM : calculateTotal [44]
[ADMIN] [1/29/2017 21:16] [PENJUALAN] CASHIER FORM : calculateTotal, totalAfterDisc [44]
[ADMIN] [1/29/2017 21:16] [PENJUALAN] CASHIER FORM : calculateChangeValue, bayarTextBox.Text [0]
[ADMIN] [1/29/2017 21:16] [PENJUALAN] CASHIER FORM : calculateChangeValue, sisaBayar [0]
[ADMIN] [1/29/2017 21:16] [PENJUALAN] CASHIER FORM : cashierDataGridView_CellValueChanged [qty]
[ADMIN] [1/29/2017 21:16] [PENJUALAN] CASHIER FORM : TextBox_TextChanged, previousInput []
[ADMIN] [1/29/2017 21:16] [PENJUALAN] CASHIER FORM : TextBox_TextChanged, dataGridViewTextBoxEditingControl.Text pass REGEX Checking
[ADMIN] [1/29/2017 21:16] [] CHECK STOCK QTY IS ENOUGH [105]
[ADMIN] [1/29/2017 21:16] [] CHECK STOCK QTY IS ENOUGH [33, 22]
[ADMIN] [1/29/2017 21:16] [PENJUALAN] CASHIER FORM : CALCULATE SUBTOTAL
[ADMIN] [1/29/2017 21:16] [PENJUALAN] CASHIER FORM : SUBTOTAL [484]
[ADMIN] [1/29/2017 21:16] [PENJUALAN] CASHIER FORM : TextBox_TextChanged, subtotal value [484]
[ADMIN] [1/29/2017 21:16] [PENJUALAN] CASHIER FORM : TextBox_TextChanged, attempt to calculate total value
[ADMIN] [1/29/2017 21:16] [PENJUALAN] CASHIER FORM : calculateTotal
[ADMIN] [1/29/2017 21:16] [PENJUALAN] CASHIER FORM : calculateTotal [484]
[ADMIN] [1/29/2017 21:16] [PENJUALAN] CASHIER FORM : calculateTotal, totalAfterDisc [484]
[ADMIN] [1/29/2017 21:16] [PENJUALAN] CASHIER FORM : calculateChangeValue, bayarTextBox.Text [0]
[ADMIN] [1/29/2017 21:16] [PENJUALAN] CASHIER FORM : calculateChangeValue, sisaBayar [0]
[ADMIN] [1/29/2017 21:16] [PENJUALAN] CASHIER FORM : cashierDataGridView_CellValueChanged [qty]
[ADMIN] [1/29/2017 21:16] [PENJUALAN] CASHIER FORM : TextBox_TextChanged, previousInput []
[ADMIN] [1/29/2017 21:16] [PENJUALAN] CASHIER FORM : TextBox_TextChanged, dataGridViewTextBoxEditingControl.Text pass REGEX Checking
[ADMIN] [1/29/2017 21:16] [] CHECK STOCK QTY IS ENOUGH [105]
[ADMIN] [1/29/2017 21:16] [] CHECK STOCK QTY IS ENOUGH [33, 1]
[ADMIN] [1/29/2017 21:16] [PENJUALAN] CASHIER FORM : CALCULATE SUBTOTAL
[ADMIN] [1/29/2017 21:16] [PENJUALAN] CASHIER FORM : SUBTOTAL [22]
[ADMIN] [1/29/2017 21:16] [PENJUALAN] CASHIER FORM : TextBox_TextChanged, subtotal value [22]
[ADMIN] [1/29/2017 21:16] [PENJUALAN] CASHIER FORM : TextBox_TextChanged, attempt to calculate total value
[ADMIN] [1/29/2017 21:16] [PENJUALAN] CASHIER FORM : calculateTotal
[ADMIN] [1/29/2017 21:16] [PENJUALAN] CASHIER FORM : calculateTotal [22]
[ADMIN] [1/29/2017 21:16] [PENJUALAN] CASHIER FORM : calculateTotal, totalAfterDisc [22]
[ADMIN] [1/29/2017 21:16] [PENJUALAN] CASHIER FORM : calculateChangeValue, bayarTextBox.Text [0]
[ADMIN] [1/29/2017 21:16] [PENJUALAN] CASHIER FORM : calculateChangeValue, sisaBayar [0]
[ADMIN] [1/29/2017 21:16] [PENJUALAN] CASHIER FORM : cashierDataGridView_CellValueChanged [qty]
[ADMIN] [1/29/2017 21:16] [PENJUALAN] CASHIER FORM : TextBox_TextChanged, previousInput []
[ADMIN] [1/29/2017 21:16] [PENJUALAN] CASHIER FORM : TextBox_TextChanged, dataGridViewTextBoxEditingControl.Text pass REGEX Checking
[ADMIN] [1/29/2017 21:16] [] CHECK STOCK QTY IS ENOUGH [105]
[ADMIN] [1/29/2017 21:16] [] CHECK STOCK QTY IS ENOUGH [33, 11]
[ADMIN] [1/29/2017 21:16] [PENJUALAN] CASHIER FORM : CALCULATE SUBTOTAL
[ADMIN] [1/29/2017 21:16] [PENJUALAN] CASHIER FORM : SUBTOTAL [242]
[ADMIN] [1/29/2017 21:16] [PENJUALAN] CASHIER FORM : TextBox_TextChanged, subtotal value [242]
[ADMIN] [1/29/2017 21:16] [PENJUALAN] CASHIER FORM : TextBox_TextChanged, attempt to calculate total value
[ADMIN] [1/29/2017 21:16] [PENJUALAN] CASHIER FORM : calculateTotal
[ADMIN] [1/29/2017 21:16] [PENJUALAN] CASHIER FORM : calculateTotal [242]
[ADMIN] [1/29/2017 21:16] [PENJUALAN] CASHIER FORM : calculateTotal, totalAfterDisc [242]
[ADMIN] [1/29/2017 21:16] [PENJUALAN] CASHIER FORM : calculateChangeValue, bayarTextBox.Text [0]
[ADMIN] [1/29/2017 21:16] [PENJUALAN] CASHIER FORM : calculateChangeValue, sisaBayar [0]
[ADMIN] [1/29/2017 21:16] [PENJUALAN] CASHIER FORM : cashierDataGridView_CellValueChanged [qty]
[ADMIN] [1/29/2017 21:16] [PENJUALAN] CASHIER FORM : TextBox_TextChanged, previousInput []
[ADMIN] [1/29/2017 21:16] [PENJUALAN] CASHIER FORM : TextBox_TextChanged, dataGridViewTextBoxEditingControl.Text pass REGEX Checking
[ADMIN] [1/29/2017 21:16] [] CHECK STOCK QTY IS ENOUGH [105]
[ADMIN] [1/29/2017 21:16] [] CHECK STOCK QTY IS ENOUGH [33, 111]
[ADMIN] [1/29/2017 21:16] [PENJUALAN] CASHIER FORM : cashierDataGridView_CellValueChanged [qty]
[ADMIN] [1/29/2017 21:16] [PENJUALAN] CASHIER FORM : TextBox_TextChanged, previousInput []
[ADMIN] [1/29/2017 21:16] [PENJUALAN] CASHIER FORM : TextBox_TextChanged, dataGridViewTextBoxEditingControl.Text pass REGEX Checking
[ADMIN] [1/29/2017 21:16] [] CHECK STOCK QTY IS ENOUGH [105]
[ADMIN] [1/29/2017 21:16] [] CHECK STOCK QTY IS ENOUGH [33, 1111]
[ADMIN] [1/29/2017 21:16] [PENJUALAN] CASHIER FORM : cashierDataGridView_CellValueChanged [qty]
[ADMIN] [1/29/2017 21:16] [PENJUALAN] CASHIER FORM : TextBox_TextChanged, previousInput []
[ADMIN] [1/29/2017 21:16] [PENJUALAN] CASHIER FORM : TextBox_TextChanged, dataGridViewTextBoxEditingControl.Text pass REGEX Checking
[ADMIN] [1/29/2017 21:16] [] CHECK STOCK QTY IS ENOUGH [105]
[ADMIN] [1/29/2017 21:16] [] CHECK STOCK QTY IS ENOUGH [33, 11111]
[ADMIN] [1/29/2017 21:16] [PENJUALAN] CASHIER FORM : cashierDataGridView_CellValueChanged [qty]
[ADMIN] [1/29/2017 21:16] [PENJUALAN] CASHIER FORM : TextBox_TextChanged, previousInput []
[ADMIN] [1/29/2017 21:16] [PENJUALAN] CASHIER FORM : TextBox_TextChanged, dataGridViewTextBoxEditingControl.Text pass REGEX Checking
[ADMIN] [1/29/2017 21:16] [] CHECK STOCK QTY IS ENOUGH [105]
[ADMIN] [1/29/2017 21:16] [] CHECK STOCK QTY IS ENOUGH [33, 111111]
[ADMIN] [1/29/2017 21:16] [PENJUALAN] CASHIER FORM : cashierDataGridView_CellValueChanged [qty]
[ADMIN] [1/29/2017 21:16] [PENJUALAN] CASHIER FORM : TextBox_TextChanged, previousInput []
[ADMIN] [1/29/2017 21:16] [PENJUALAN] CASHIER FORM : TextBox_TextChanged, dataGridViewTextBoxEditingControl.Text pass REGEX Checking
[ADMIN] [1/29/2017 21:16] [] CHECK STOCK QTY IS ENOUGH [105]
[ADMIN] [1/29/2017 21:16] [] CHECK STOCK QTY IS ENOUGH [33, 1111111]
[ADMIN] [1/29/2017 21:16] [PENJUALAN] CASHIER FORM : HOTKEY TO SAVE AND PRINT OUT INVOICE PRESSED
[ADMIN] [1/29/2017 21:16] [PENJUALAN] CASHIER FORM : UNREGISTER HOTKEY
[ADMIN] [1/29/2017 21:16] [PENJUALAN] CASHIER FORM : REGISTER HOTKEY
[ADMIN] [1/29/2017 21:16] [PENJUALAN] ATTEMPT TO SAVE AND PRINT OUT INVOICE
[ADMIN] [1/29/2017 21:16] [PENJUALAN] CASHIER FORM : UNREGISTER HOTKEY
[ADMIN] [1/29/2017 21:16] [PENJUALAN] CASHIER FORM : REGISTER HOTKEY
[ADMIN] [1/29/2017 21:16] [PENJUALAN] CASHIER FORM : calculateChangeValue, bayarTextBox.Text [1]
[ADMIN] [1/29/2017 21:16] [PENJUALAN] CASHIER FORM : calculateChangeValue, sisaBayar [0]
[ADMIN] [1/29/2017 21:16] [PENJUALAN] CASHIER FORM : calculateChangeValue, bayarTextBox.Text [10]
[ADMIN] [1/29/2017 21:16] [PENJUALAN] CASHIER FORM : calculateChangeValue, sisaBayar [0]
[ADMIN] [1/29/2017 21:16] [PENJUALAN] CASHIER FORM : calculateChangeValue, bayarTextBox.Text [100]
[ADMIN] [1/29/2017 21:16] [PENJUALAN] CASHIER FORM : calculateChangeValue, sisaBayar [0]
[ADMIN] [1/29/2017 21:16] [PENJUALAN] CASHIER FORM : calculateChangeValue, bayarTextBox.Text [1000]
[ADMIN] [1/29/2017 21:16] [PENJUALAN] CASHIER FORM : calculateChangeValue, sisaBayar [758]
[ADMIN] [1/29/2017 21:16] [PENJUALAN] CASHIER FORM : calculateChangeValue, bayarTextBox.Text [10000]
[ADMIN] [1/29/2017 21:16] [PENJUALAN] CASHIER FORM : calculateChangeValue, sisaBayar [9758]
[ADMIN] [1/29/2017 21:16] [PENJUALAN] CASHIER FORM : HOTKEY TO SAVE AND PRINT OUT INVOICE PRESSED
[ADMIN] [1/29/2017 21:16] [PENJUALAN] CASHIER FORM : UNREGISTER HOTKEY
[ADMIN] [1/29/2017 21:16] [PENJUALAN] CASHIER FORM : REGISTER HOTKEY
[ADMIN] [1/29/2017 21:16] [PENJUALAN] ATTEMPT TO SAVE AND PRINT OUT INVOICE
[ADMIN] [1/29/2017 21:16] [PENJUALAN] CASHIER FORM : UNREGISTER HOTKEY
[ADMIN] [1/29/2017 21:16] [PENJUALAN] CASHIER FORM : REGISTER HOTKEY
[ADMIN] [1/29/2017 21:16] [PENJUALAN] CASHIER FORM : UNREGISTER HOTKEY
[ADMIN] [1/29/2017 21:16] [PENJUALAN] CASHIER FORM : ATTEMPT TO SAVE SALES DATA [29-01-2017 21:16]
[ADMIN] [1/29/2017 21:16] [PENJUALAN] CASHIER FORM : CASH SALES
[ADMIN] [1/29/2017 21:16] [PENJUALAN] CHECK IF TAX LIMIT SET FOR PERCENTAGE PURCHASE [0]
[ADMIN] [1/29/2017 21:16] [PENJUALAN] CHECK IF TAX LIMIT SET FOR AVERAGE DAILY PURCHASE [0]
[ADMIN] [1/29/2017 21:16] [PENJUALAN] CASHIER FORM : NO FAKTUR [SLO001]
[ADMIN] [1/29/2017 21:16] [PENJUALAN] CASHIER FORM : MAX SALES INVOICE [6]
[ADMIN] [1/29/2017 21:16] [PENJUALAN] CASHIER FORM : SALES INVOICE [SLO001-7]
[ADMIN] [1/29/2017 21:16] [PENJUALAN] INSERT INTO SALES HEADER [SLO001-7]
[ADMIN] [1/29/2017 21:16] [PENJUALAN] INSERT INTO SALES DETAIL[105, 22, 1111111]
[ADMIN] [1/29/2017 21:16] [PENJUALAN] INSERT TO CREDIT TABLE [SLO001-7]
[ADMIN] [1/29/2017 21:16] [PENJUALAN] INSERT TO DAILY JOURNAL TABLE [242]
[ADMIN] [1/29/2017 21:16] [PENJUALAN] CASHIER FORM : REGISTER HOTKEY
[ADMIN] [1/29/2017 21:16] [PENJUALAN] TRANSACTION SAVED
[ADMIN] [1/29/2017 21:16] [PENJUALAN] PRINT OUT INVOICE
[ADMIN] [1/29/2017 21:16] [PENJUALAN] CASHIER FORM : PrintReceipt
[ADMIN] [1/29/2017 21:16] [PENJUALAN] CASHIER FORM : PrintReceipt, papermode [0]
[ADMIN] [1/29/2017 21:16] [PENJUALAN] CASHIER FORM : PrintReceipt, display SalesReceiptForm
[ADMIN] [1/29/2017 21:16] [PENJUALAN] CASHIER FORM : UNREGISTER HOTKEY
[ADMIN] [1/29/2017 21:16] [PENJUALAN] CASHIER FORM : REGISTER HOTKEY
[ADMIN] [1/29/2017 21:16] [PENJUALAN] VALIDATE USER CREDIT STATUS
[ADMIN] [1/29/2017 21:16] [PENJUALAN] CASHIER FORM : UNREGISTER HOTKEY
[ADMIN] [1/29/2017 21:16] [PENJUALAN] CASHIER FORM : REGISTER HOTKEY
[ADMIN] [1/29/2017 21:16] [PENJUALAN] CASHIER FORM : UNREGISTER HOTKEY
[ADMIN] [1/29/2017 21:17] [PENJUALAN] CASHIER FORM : REGISTER HOTKEY
[ADMIN] [1/29/2017 21:17] [PENJUALAN] CASHIER FORM : UNREGISTER HOTKEY
[ADMIN] [1/29/2017 21:17] [PENJUALAN] CASHIER FORM : REGISTER HOTKEY
[ADMIN] [1/29/2017 21:17] [PENJUALAN] CASHIER FORM : UNREGISTER HOTKEY
[ADMIN] [1/29/2017 21:18] [PENJUALAN] CASHIER FORM : REGISTER HOTKEY
[ADMIN] [1/29/2017 21:18] [PENJUALAN] CASHIER FORM : UNREGISTER HOTKEY
[ADMIN] [1/29/2017 21:18] [PENJUALAN] CASHIER FORM : UNREGISTER HOTKEY
[ADMIN] [1/29/2017 21:18] [] USER ID = 1LOGOUT
