[] [3/19/2017 09:51] [] USER = ADMIN IS ACTIVE
[ADMIN] [3/19/2017 09:51] [] USER ID = 1 LOGIN SUCCESSFULLY
[ADMIN] [3/19/2017 09:51] [] ACTIVATE USER ACCESS RIGHT
[ADMIN] [3/19/2017 09:51] [] DISPLAY ADMIN FORM
[ADMIN] [3/19/2017 09:51] [] adminForm Load
[ADMIN] [3/19/2017 09:52] [PURCHASE ORDER] PURCHASE ORDER : detailPODataGridView_CellValueChanged [productName]
[ADMIN] [3/19/2017 09:52] [PURCHASE ORDER] PURCHASE ORDER : detailPODataGridView_CellValueChanged [productName]
[ADMIN] [3/19/2017 09:52] [PURCHASE ORDER] PURCHASE ORDER : detailPODataGridView_CellValueChanged [productID]
[ADMIN] [3/19/2017 09:52] [PURCHASE ORDER] PURCHASE ORDER : detailPODataGridView_CellValueChanged [productName]
[ADMIN] [3/19/2017 09:52] [PURCHASE ORDER] updateSomeRowsContent, PRODUCT_BASE_PRICE [1]
[ADMIN] [3/19/2017 09:52] [PURCHASE ORDER] updateSomeRowsContent, attempt to calculate total
[ADMIN] [3/19/2017 09:52] [PURCHASE ORDER] PURCHASE ORDER : detailPODataGridView_CellValueChanged [qty]
[ADMIN] [3/19/2017 09:52] [PURCHASE ORDER] PURCHASE ORDER : detailPODataGridView_CellValueChanged [productName]
[] [3/19/2017 09:55] [] USER = ADMIN IS ACTIVE
[ADMIN] [3/19/2017 09:55] [] USER ID = 1 LOGIN SUCCESSFULLY
[ADMIN] [3/19/2017 09:55] [] ACTIVATE USER ACCESS RIGHT
[ADMIN] [3/19/2017 09:55] [] DISPLAY ADMIN FORM
[ADMIN] [3/19/2017 09:55] [] adminForm Load
[ADMIN] [3/19/2017 09:55] [PURCHASE ORDER] PURCHASE ORDER : detailPODataGridView_CellValueChanged [productName]
[ADMIN] [3/19/2017 09:55] [PURCHASE ORDER] PURCHASE ORDER : detailPODataGridView_CellValueChanged [productID]
[ADMIN] [3/19/2017 09:55] [PURCHASE ORDER] PURCHASE ORDER : detailPODataGridView_CellValueChanged [productName]
[ADMIN] [3/19/2017 09:55] [PURCHASE ORDER] updateSomeRowsContent, PRODUCT_BASE_PRICE [70500]
[ADMIN] [3/19/2017 09:55] [PURCHASE ORDER] updateSomeRowsContent, attempt to calculate total
[ADMIN] [3/19/2017 09:55] [PURCHASE ORDER] PURCHASE ORDER : detailPODataGridView_CellValueChanged [qty]
[ADMIN] [3/19/2017 09:55] [PURCHASE ORDER] PURCHASE ORDER : detailPODataGridView_CellValueChanged [qty]
[ADMIN] [3/19/2017 09:55] [PURCHASE ORDER] PURCHASE ORDER : detailPODataGridView_CellValueChanged [qty]
[ADMIN] [3/19/2017 09:55] [PURCHASE ORDER] ATTEMPT TO SAVE DATA
[ADMIN] [3/19/2017 09:55] [PURCHASE ORDER] CHECK IF TAX LIMIT SET FOR PERCENTAGE PURCHASE [0]
[ADMIN] [3/19/2017 09:55] [PURCHASE ORDER] CHECK IF TAX LIMIT SET FOR AVERAGE DAILY PURCHASE [0]
[ADMIN] [3/19/2017 09:55] [PURCHASE ORDER] NEW PURCHASE HEADER
[ADMIN] [3/19/2017 09:55] [PURCHASE ORDER] INSERT PURCHASE HEADER DATA [PO-5]
[ADMIN] [3/19/2017 09:55] [PURCHASE ORDER] INSERT DETAIL PURCHASE DATA [6', 70500, 20]
[ADMIN] [3/19/2017 09:55] [PURCHASE ORDER] PURCHASE ORDER SAVED
[ADMIN] [3/19/2017 09:56] [PURCHASE ORDER] ATTEMPT TO SAVE DATA
[ADMIN] [3/19/2017 09:56] [PURCHASE ORDER] CHECK IF TAX LIMIT SET FOR PERCENTAGE PURCHASE [0]
[ADMIN] [3/19/2017 09:56] [PURCHASE ORDER] CHECK IF TAX LIMIT SET FOR AVERAGE DAILY PURCHASE [0]
[ADMIN] [3/19/2017 09:56] [PURCHASE ORDER] UPDATE PURCHASE HEADER DATA [PO-5]
[ADMIN] [3/19/2017 09:56] [PURCHASE ORDER] DELETE PURCHASE DETAIL DATA IN ORDER TO UPDATE DETAIL DATA
[ADMIN] [3/19/2017 09:56] [PURCHASE ORDER] INSERT DETAIL PURCHASE DATA [6', 70500, 20]
[ADMIN] [3/19/2017 09:56] [PURCHASE ORDER] PURCHASE ORDER SAVED
[ADMIN] [3/19/2017 09:56] [RETUR PERMINTAAN KE PUSAT] updateSomeRowsContent, PRODUCT_BASE_PRICE [1000]
[ADMIN] [3/19/2017 09:56] [RETUR PERMINTAAN KE PUSAT] updateSomeRowsContent, attempt to calculate total
[ADMIN] [3/19/2017 09:57] [RETUR PERMINTAAN KE PUSAT] updateSomeRowsContent, PRODUCT_BASE_PRICE [1]
[ADMIN] [3/19/2017 09:57] [RETUR PERMINTAAN KE PUSAT] updateSomeRowsContent, attempt to calculate total
[ADMIN] [3/19/2017 09:57] [RETUR PERMINTAAN KE PUSAT] updateSomeRowsContent, PRODUCT_BASE_PRICE [1]
[ADMIN] [3/19/2017 09:57] [RETUR PERMINTAAN KE PUSAT] updateSomeRowsContent, attempt to calculate total
[ADMIN] [3/19/2017 09:57] [] CHECK STOCK QTY IS ENOUGH [106]
[ADMIN] [3/19/2017 09:57] [] CHECK STOCK QTY IS ENOUGH [80, 2]
[ADMIN] [3/19/2017 09:57] [RETUR PEMBELIAN KE SUPPLIER] ATTEMPT TO SAVE TO LOCAL DATA FIRST
[ADMIN] [3/19/2017 09:57] [] CHECK STOCK QTY IS ENOUGH [106]
[ADMIN] [3/19/2017 09:57] [] CHECK STOCK QTY IS ENOUGH [80, 2]
[ADMIN] [3/19/2017 09:57] [RETUR PEMBELIAN KE SUPPLIER] INSERT TO RETURN PURCHASE HEADER
[ADMIN] [3/19/2017 09:57] [RETUR PEMBELIAN KE SUPPLIER] INSERT TO RETURN PURCHASE DETAIL
[ADMIN] [3/19/2017 09:57] [RETUR PEMBELIAN KE SUPPLIER] UPDATE PRODUCT LOCATION DATA
[ADMIN] [3/19/2017 09:57] [RETUR PEMBELIAN KE SUPPLIER] UPDATE MASTER PRODUCT
[ADMIN] [3/19/2017 09:57] [PENJUALAN] CASHIER FORM : REGISTER HOTKEY
[ADMIN] [3/19/2017 09:57] [PENJUALAN] CASHIER FORM : calculateTotal
[ADMIN] [3/19/2017 09:57] [PENJUALAN] CASHIER FORM : calculateTotal [0]
[ADMIN] [3/19/2017 09:57] [PENJUALAN] CASHIER FORM : calculateTotal, totalAfterDisc [0]
[ADMIN] [3/19/2017 09:57] [PENJUALAN] CASHIER FORM : calculateChangeValue, bayarTextBox.Text [0]
[ADMIN] [3/19/2017 09:57] [PENJUALAN] CASHIER FORM : calculateChangeValue, sisaBayar [0]
[ADMIN] [3/19/2017 09:57] [PENJUALAN] CASHIER FORM : REGISTER HOTKEY
[ADMIN] [3/19/2017 09:57] [PENJUALAN] CASHIER FORM : HOTKEY TO ADD NEW ROW PRESSED
[ADMIN] [3/19/2017 09:57] [PENJUALAN] CASHIER FORM : ADD NEW ROW,  isActive [True]
[ADMIN] [3/19/2017 09:57] [PENJUALAN] CASHIER FORM : ADD NEW ROW,  ROW COUNT [0]
[ADMIN] [3/19/2017 09:57] [PENJUALAN] CASHIER FORM : ADD NEW ROW,  ALLOW TO ADD [True]
[ADMIN] [3/19/2017 09:57] [PENJUALAN] CASHIER FORM : cashierDataGridView_CellValueChanged [F8]
[ADMIN] [3/19/2017 09:57] [PENJUALAN] CASHIER FORM : cashierDataGridView_CellValueChanged [hpp]
[ADMIN] [3/19/2017 09:57] [PENJUALAN] CASHIER FORM : cashierDataGridView_CellValueChanged [productPrice]
[ADMIN] [3/19/2017 09:57] [PENJUALAN] CASHIER FORM : TextBox_TextChanged, previousInput []
[ADMIN] [3/19/2017 09:57] [PENJUALAN] CASHIER FORM : TextBox_TextChanged, dataGridViewTextBoxEditingControl.Text pass REGEX Checking
[ADMIN] [3/19/2017 09:57] [PENJUALAN] CASHIER FORM : CALCULATE SUBTOTAL
[ADMIN] [3/19/2017 09:57] [PENJUALAN] CASHIER FORM : SUBTOTAL [0]
[ADMIN] [3/19/2017 09:57] [PENJUALAN] CASHIER FORM : TextBox_TextChanged, subtotal value [0]
[ADMIN] [3/19/2017 09:57] [PENJUALAN] CASHIER FORM : TextBox_TextChanged, attempt to calculate total value
[ADMIN] [3/19/2017 09:57] [PENJUALAN] CASHIER FORM : calculateTotal
[ADMIN] [3/19/2017 09:57] [PENJUALAN] CASHIER FORM : calculateTotal [0]
[ADMIN] [3/19/2017 09:57] [PENJUALAN] CASHIER FORM : calculateTotal, totalAfterDisc [0]
[ADMIN] [3/19/2017 09:57] [PENJUALAN] CASHIER FORM : calculateChangeValue, bayarTextBox.Text [0]
[ADMIN] [3/19/2017 09:57] [PENJUALAN] CASHIER FORM : calculateChangeValue, sisaBayar [0]
[ADMIN] [3/19/2017 09:57] [PENJUALAN] CASHIER FORM : cashierDataGridView_CellValueChanged [disc1]
[ADMIN] [3/19/2017 09:57] [PENJUALAN] CASHIER FORM : TextBox_TextChanged, previousInput []
[ADMIN] [3/19/2017 09:57] [PENJUALAN] CASHIER FORM : TextBox_TextChanged, dataGridViewTextBoxEditingControl.Text pass REGEX Checking
[ADMIN] [3/19/2017 09:57] [PENJUALAN] CASHIER FORM : CALCULATE SUBTOTAL
[ADMIN] [3/19/2017 09:57] [PENJUALAN] CASHIER FORM : SUBTOTAL [0]
[ADMIN] [3/19/2017 09:57] [PENJUALAN] CASHIER FORM : TextBox_TextChanged, subtotal value [0]
[ADMIN] [3/19/2017 09:57] [PENJUALAN] CASHIER FORM : TextBox_TextChanged, attempt to calculate total value
[ADMIN] [3/19/2017 09:57] [PENJUALAN] CASHIER FORM : calculateTotal
[ADMIN] [3/19/2017 09:57] [PENJUALAN] CASHIER FORM : calculateTotal [0]
[ADMIN] [3/19/2017 09:57] [PENJUALAN] CASHIER FORM : calculateTotal, totalAfterDisc [0]
[ADMIN] [3/19/2017 09:57] [PENJUALAN] CASHIER FORM : calculateChangeValue, bayarTextBox.Text [0]
[ADMIN] [3/19/2017 09:57] [PENJUALAN] CASHIER FORM : calculateChangeValue, sisaBayar [0]
[ADMIN] [3/19/2017 09:57] [PENJUALAN] CASHIER FORM : cashierDataGridView_CellValueChanged [qty]
[ADMIN] [3/19/2017 09:57] [PENJUALAN] CASHIER FORM : TextBox_TextChanged, previousInput []
[ADMIN] [3/19/2017 09:57] [PENJUALAN] CASHIER FORM : TextBox_TextChanged, dataGridViewTextBoxEditingControl.Text pass REGEX Checking
[ADMIN] [3/19/2017 09:57] [PENJUALAN] CASHIER FORM : CALCULATE SUBTOTAL
[ADMIN] [3/19/2017 09:57] [PENJUALAN] CASHIER FORM : SUBTOTAL [0]
[ADMIN] [3/19/2017 09:57] [PENJUALAN] CASHIER FORM : TextBox_TextChanged, subtotal value [0]
[ADMIN] [3/19/2017 09:57] [PENJUALAN] CASHIER FORM : TextBox_TextChanged, attempt to calculate total value
[ADMIN] [3/19/2017 09:57] [PENJUALAN] CASHIER FORM : calculateTotal
[ADMIN] [3/19/2017 09:57] [PENJUALAN] CASHIER FORM : calculateTotal [0]
[ADMIN] [3/19/2017 09:57] [PENJUALAN] CASHIER FORM : calculateTotal, totalAfterDisc [0]
[ADMIN] [3/19/2017 09:57] [PENJUALAN] CASHIER FORM : calculateChangeValue, bayarTextBox.Text [0]
[ADMIN] [3/19/2017 09:57] [PENJUALAN] CASHIER FORM : calculateChangeValue, sisaBayar [0]
[ADMIN] [3/19/2017 09:57] [PENJUALAN] CASHIER FORM : cashierDataGridView_CellValueChanged [disc2]
[ADMIN] [3/19/2017 09:57] [PENJUALAN] CASHIER FORM : TextBox_TextChanged, previousInput []
[ADMIN] [3/19/2017 09:57] [PENJUALAN] CASHIER FORM : TextBox_TextChanged, dataGridViewTextBoxEditingControl.Text pass REGEX Checking
[ADMIN] [3/19/2017 09:57] [PENJUALAN] CASHIER FORM : CALCULATE SUBTOTAL
[ADMIN] [3/19/2017 09:57] [PENJUALAN] CASHIER FORM : SUBTOTAL [0]
[ADMIN] [3/19/2017 09:57] [PENJUALAN] CASHIER FORM : TextBox_TextChanged, subtotal value [0]
[ADMIN] [3/19/2017 09:57] [PENJUALAN] CASHIER FORM : TextBox_TextChanged, attempt to calculate total value
[ADMIN] [3/19/2017 09:57] [PENJUALAN] CASHIER FORM : calculateTotal
[ADMIN] [3/19/2017 09:57] [PENJUALAN] CASHIER FORM : calculateTotal [0]
[ADMIN] [3/19/2017 09:57] [PENJUALAN] CASHIER FORM : calculateTotal, totalAfterDisc [0]
[ADMIN] [3/19/2017 09:57] [PENJUALAN] CASHIER FORM : calculateChangeValue, bayarTextBox.Text [0]
[ADMIN] [3/19/2017 09:57] [PENJUALAN] CASHIER FORM : calculateChangeValue, sisaBayar [0]
[ADMIN] [3/19/2017 09:57] [PENJUALAN] CASHIER FORM : cashierDataGridView_CellValueChanged [discRP]
[ADMIN] [3/19/2017 09:57] [PENJUALAN] CASHIER FORM : TextBox_TextChanged, previousInput []
[ADMIN] [3/19/2017 09:57] [PENJUALAN] CASHIER FORM : TextBox_TextChanged, dataGridViewTextBoxEditingControl.Text pass REGEX Checking
[ADMIN] [3/19/2017 09:57] [PENJUALAN] CASHIER FORM : CALCULATE SUBTOTAL
[ADMIN] [3/19/2017 09:57] [PENJUALAN] CASHIER FORM : SUBTOTAL [0]
[ADMIN] [3/19/2017 09:57] [PENJUALAN] CASHIER FORM : TextBox_TextChanged, subtotal value [0]
[ADMIN] [3/19/2017 09:57] [PENJUALAN] CASHIER FORM : TextBox_TextChanged, attempt to calculate total value
[ADMIN] [3/19/2017 09:57] [PENJUALAN] CASHIER FORM : calculateTotal
[ADMIN] [3/19/2017 09:57] [PENJUALAN] CASHIER FORM : calculateTotal [0]
[ADMIN] [3/19/2017 09:57] [PENJUALAN] CASHIER FORM : calculateTotal, totalAfterDisc [0]
[ADMIN] [3/19/2017 09:57] [PENJUALAN] CASHIER FORM : calculateChangeValue, bayarTextBox.Text [0]
[ADMIN] [3/19/2017 09:57] [PENJUALAN] CASHIER FORM : calculateChangeValue, sisaBayar [0]
[ADMIN] [3/19/2017 09:57] [PENJUALAN] CASHIER FORM : cashierDataGridView_CellValueChanged [jumlah]
[ADMIN] [3/19/2017 09:57] [PENJUALAN] CASHIER FORM : cashierDataGridView_CellValueChanged [productPrice]
[ADMIN] [3/19/2017 09:57] [PENJUALAN] CASHIER FORM : TextBox_TextChanged, previousInput []
[ADMIN] [3/19/2017 09:57] [PENJUALAN] CASHIER FORM : TextBox_TextChanged, dataGridViewTextBoxEditingControl.Text did not pass REGEX Checking
[ADMIN] [3/19/2017 09:57] [PENJUALAN] CASHIER FORM : cashierDataGridView_CellValueChanged [productPrice]
[ADMIN] [3/19/2017 09:57] [PENJUALAN] CASHIER FORM : TextBox_TextChanged, previousInput []
[ADMIN] [3/19/2017 09:57] [PENJUALAN] CASHIER FORM : TextBox_TextChanged, dataGridViewTextBoxEditingControl.Text pass REGEX Checking
[ADMIN] [3/19/2017 09:57] [PENJUALAN] CASHIER FORM : CALCULATE SUBTOTAL
[ADMIN] [3/19/2017 09:57] [PENJUALAN] CASHIER FORM : SUBTOTAL [0]
[ADMIN] [3/19/2017 09:57] [PENJUALAN] CASHIER FORM : TextBox_TextChanged, subtotal value [0]
[ADMIN] [3/19/2017 09:57] [PENJUALAN] CASHIER FORM : TextBox_TextChanged, attempt to calculate total value
[ADMIN] [3/19/2017 09:57] [PENJUALAN] CASHIER FORM : calculateTotal
[ADMIN] [3/19/2017 09:57] [PENJUALAN] CASHIER FORM : calculateTotal [0]
[ADMIN] [3/19/2017 09:57] [PENJUALAN] CASHIER FORM : calculateTotal, totalAfterDisc [0]
[ADMIN] [3/19/2017 09:57] [PENJUALAN] CASHIER FORM : calculateChangeValue, bayarTextBox.Text [0]
[ADMIN] [3/19/2017 09:57] [PENJUALAN] CASHIER FORM : calculateChangeValue, sisaBayar [0]
[ADMIN] [3/19/2017 09:57] [PENJUALAN] CASHIER FORM : cashierDataGridView_CellValueChanged [productName]
[ADMIN] [3/19/2017 09:57] [PENJUALAN] CASHIER FORM : UNREGISTER HOTKEY
[ADMIN] [3/19/2017 09:57] [PENJUALAN] CASHIER FORM : ADD NEW ROW FROM BARCODE [BARANG 2]
[ADMIN] [3/19/2017 09:57] [PENJUALAN] CASHIER FORM : cashierDataGridView_CellValueChanged [productID]
[ADMIN] [3/19/2017 09:57] [PENJUALAN] CASHIER FORM : cashierDataGridView_CellValueChanged [productName]
[ADMIN] [3/19/2017 09:57] [PENJUALAN] CASHIER FORM : PRODUCT PRICE TYPE [PRODUCT_BASE_PRICE]
[ADMIN] [3/19/2017 09:57] [PENJUALAN] CASHIER FORM : PRODUCT PRICE [1]
[ADMIN] [3/19/2017 09:57] [PENJUALAN] CASHIER FORM : ComboBox_SelectedIndexChanged, PRODUCT_BASE_PRICE [1]
[ADMIN] [3/19/2017 09:57] [PENJUALAN] CASHIER FORM : cashierDataGridView_CellValueChanged [hpp]
[ADMIN] [3/19/2017 09:57] [PENJUALAN] CASHIER FORM : PRODUCT PRICE TYPE [PRODUCT_RETAIL_PRICE]
[ADMIN] [3/19/2017 09:57] [PENJUALAN] CASHIER FORM : PRODUCT PRICE [1]
[ADMIN] [3/19/2017 09:57] [PENJUALAN] CASHIER FORM : ComboBox_SelectedIndexChanged, PRODUCT_SALES_PRICE [1]
[ADMIN] [3/19/2017 09:57] [PENJUALAN] CASHIER FORM : cashierDataGridView_CellValueChanged [productPrice]
[ADMIN] [3/19/2017 09:57] [PENJUALAN] CASHIER FORM : TextBox_TextChanged, previousInput []
[ADMIN] [3/19/2017 09:57] [PENJUALAN] CASHIER FORM : TextBox_TextChanged, dataGridViewTextBoxEditingControl.Text pass REGEX Checking
[ADMIN] [3/19/2017 09:57] [PENJUALAN] CASHIER FORM : CALCULATE SUBTOTAL
[ADMIN] [3/19/2017 09:57] [PENJUALAN] CASHIER FORM : SUBTOTAL [0]
[ADMIN] [3/19/2017 09:57] [PENJUALAN] CASHIER FORM : TextBox_TextChanged, subtotal value [0]
[ADMIN] [3/19/2017 09:57] [PENJUALAN] CASHIER FORM : TextBox_TextChanged, attempt to calculate total value
[ADMIN] [3/19/2017 09:57] [PENJUALAN] CASHIER FORM : calculateTotal
[ADMIN] [3/19/2017 09:57] [PENJUALAN] CASHIER FORM : calculateTotal [0]
[ADMIN] [3/19/2017 09:57] [PENJUALAN] CASHIER FORM : calculateTotal, totalAfterDisc [0]
[ADMIN] [3/19/2017 09:57] [PENJUALAN] CASHIER FORM : calculateChangeValue, bayarTextBox.Text [0]
[ADMIN] [3/19/2017 09:57] [PENJUALAN] CASHIER FORM : calculateChangeValue, sisaBayar [0]
[ADMIN] [3/19/2017 09:57] [PENJUALAN] CASHIER FORM : cashierDataGridView_CellValueChanged [qty]
[ADMIN] [3/19/2017 09:57] [PENJUALAN] CASHIER FORM : TextBox_TextChanged, previousInput []
[ADMIN] [3/19/2017 09:57] [PENJUALAN] CASHIER FORM : TextBox_TextChanged, dataGridViewTextBoxEditingControl.Text pass REGEX Checking
[ADMIN] [3/19/2017 09:57] [PENJUALAN] CASHIER FORM : CALCULATE SUBTOTAL
[ADMIN] [3/19/2017 09:57] [PENJUALAN] CASHIER FORM : SUBTOTAL [0]
[ADMIN] [3/19/2017 09:57] [PENJUALAN] CASHIER FORM : TextBox_TextChanged, subtotal value [0]
[ADMIN] [3/19/2017 09:57] [PENJUALAN] CASHIER FORM : TextBox_TextChanged, attempt to calculate total value
[ADMIN] [3/19/2017 09:57] [PENJUALAN] CASHIER FORM : calculateTotal
[ADMIN] [3/19/2017 09:57] [PENJUALAN] CASHIER FORM : calculateTotal [0]
[ADMIN] [3/19/2017 09:57] [PENJUALAN] CASHIER FORM : calculateTotal, totalAfterDisc [0]
[ADMIN] [3/19/2017 09:57] [PENJUALAN] CASHIER FORM : calculateChangeValue, bayarTextBox.Text [0]
[ADMIN] [3/19/2017 09:57] [PENJUALAN] CASHIER FORM : calculateChangeValue, sisaBayar [0]
[ADMIN] [3/19/2017 09:57] [PENJUALAN] CASHIER FORM : cashierDataGridView_CellValueChanged [jumlah]
[ADMIN] [3/19/2017 09:57] [PENJUALAN] CASHIER FORM : ComboBox_SelectedIndexChanged, attempt to calculate total
[ADMIN] [3/19/2017 09:57] [PENJUALAN] CASHIER FORM : calculateTotal
[ADMIN] [3/19/2017 09:57] [PENJUALAN] CASHIER FORM : calculateTotal [0]
[ADMIN] [3/19/2017 09:57] [PENJUALAN] CASHIER FORM : calculateTotal, totalAfterDisc [0]
[ADMIN] [3/19/2017 09:57] [PENJUALAN] CASHIER FORM : calculateChangeValue, bayarTextBox.Text [0]
[ADMIN] [3/19/2017 09:57] [PENJUALAN] CASHIER FORM : calculateChangeValue, sisaBayar [0]
[ADMIN] [3/19/2017 09:57] [] CHECK STOCK QTY IS ENOUGH [106]
[ADMIN] [3/19/2017 09:57] [] CHECK STOCK QTY IS ENOUGH [78, 1]
[ADMIN] [3/19/2017 09:57] [PENJUALAN] CASHIER FORM : cashierDataGridView_CellValueChanged [qty]
[ADMIN] [3/19/2017 09:57] [PENJUALAN] CASHIER FORM : TextBox_TextChanged, previousInput []
[ADMIN] [3/19/2017 09:57] [PENJUALAN] CASHIER FORM : TextBox_TextChanged, dataGridViewTextBoxEditingControl.Text pass REGEX Checking
[ADMIN] [3/19/2017 09:57] [PENJUALAN] CASHIER FORM : CALCULATE SUBTOTAL
[ADMIN] [3/19/2017 09:57] [PENJUALAN] CASHIER FORM : SUBTOTAL [1]
[ADMIN] [3/19/2017 09:57] [PENJUALAN] CASHIER FORM : TextBox_TextChanged, subtotal value [1]
[ADMIN] [3/19/2017 09:57] [PENJUALAN] CASHIER FORM : TextBox_TextChanged, attempt to calculate total value
[ADMIN] [3/19/2017 09:57] [PENJUALAN] CASHIER FORM : calculateTotal
[ADMIN] [3/19/2017 09:57] [PENJUALAN] CASHIER FORM : calculateTotal [1]
[ADMIN] [3/19/2017 09:57] [PENJUALAN] CASHIER FORM : calculateTotal, totalAfterDisc [1]
[ADMIN] [3/19/2017 09:57] [PENJUALAN] CASHIER FORM : calculateChangeValue, bayarTextBox.Text [0]
[ADMIN] [3/19/2017 09:57] [PENJUALAN] CASHIER FORM : calculateChangeValue, sisaBayar [0]
[ADMIN] [3/19/2017 09:57] [PENJUALAN] CASHIER FORM : SET QTY TO 1 BECAUSE OF NEW ROW
[ADMIN] [3/19/2017 09:57] [PENJUALAN] CASHIER FORM : CALCULATE SUBTOTAL
[ADMIN] [3/19/2017 09:57] [PENJUALAN] CASHIER FORM : SUBTOTAL [1]
[ADMIN] [3/19/2017 09:57] [PENJUALAN] CASHIER FORM : calculateTotal
[ADMIN] [3/19/2017 09:57] [PENJUALAN] CASHIER FORM : calculateTotal [1]
[ADMIN] [3/19/2017 09:57] [PENJUALAN] CASHIER FORM : calculateTotal, totalAfterDisc [1]
[ADMIN] [3/19/2017 09:57] [PENJUALAN] CASHIER FORM : calculateChangeValue, bayarTextBox.Text [0]
[ADMIN] [3/19/2017 09:57] [PENJUALAN] CASHIER FORM : calculateChangeValue, sisaBayar [0]
[ADMIN] [3/19/2017 09:57] [PENJUALAN] CASHIER FORM : REGISTER HOTKEY
[ADMIN] [3/19/2017 09:57] [PENJUALAN] CASHIER FORM : cashierDataGridView_CellValueChanged [qty]
[ADMIN] [3/19/2017 09:57] [PENJUALAN] CASHIER FORM : TextBox_TextChanged, previousInput []
[ADMIN] [3/19/2017 09:57] [PENJUALAN] CASHIER FORM : TextBox_TextChanged, dataGridViewTextBoxEditingControl.Text pass REGEX Checking
[ADMIN] [3/19/2017 09:57] [PENJUALAN] CASHIER FORM : CALCULATE SUBTOTAL
[ADMIN] [3/19/2017 09:57] [PENJUALAN] CASHIER FORM : SUBTOTAL [2]
[ADMIN] [3/19/2017 09:57] [PENJUALAN] CASHIER FORM : TextBox_TextChanged, subtotal value [2]
[ADMIN] [3/19/2017 09:57] [PENJUALAN] CASHIER FORM : TextBox_TextChanged, attempt to calculate total value
[ADMIN] [3/19/2017 09:57] [PENJUALAN] CASHIER FORM : calculateTotal
[ADMIN] [3/19/2017 09:57] [PENJUALAN] CASHIER FORM : calculateTotal [2]
[ADMIN] [3/19/2017 09:57] [PENJUALAN] CASHIER FORM : calculateTotal, totalAfterDisc [2]
[ADMIN] [3/19/2017 09:57] [PENJUALAN] CASHIER FORM : calculateChangeValue, bayarTextBox.Text [0]
[ADMIN] [3/19/2017 09:57] [PENJUALAN] CASHIER FORM : calculateChangeValue, sisaBayar [0]
[ADMIN] [3/19/2017 09:57] [PENJUALAN] CASHIER FORM : cashierDataGridView_CellValueChanged [qty]
[ADMIN] [3/19/2017 09:57] [PENJUALAN] CASHIER FORM : TextBox_TextChanged, previousInput []
[ADMIN] [3/19/2017 09:57] [PENJUALAN] CASHIER FORM : TextBox_TextChanged, dataGridViewTextBoxEditingControl.Text pass REGEX Checking
[ADMIN] [3/19/2017 09:57] [PENJUALAN] CASHIER FORM : CALCULATE SUBTOTAL
[ADMIN] [3/19/2017 09:57] [PENJUALAN] CASHIER FORM : SUBTOTAL [20]
[ADMIN] [3/19/2017 09:57] [PENJUALAN] CASHIER FORM : TextBox_TextChanged, subtotal value [20]
[ADMIN] [3/19/2017 09:57] [PENJUALAN] CASHIER FORM : TextBox_TextChanged, attempt to calculate total value
[ADMIN] [3/19/2017 09:57] [PENJUALAN] CASHIER FORM : calculateTotal
[ADMIN] [3/19/2017 09:57] [PENJUALAN] CASHIER FORM : calculateTotal [20]
[ADMIN] [3/19/2017 09:57] [PENJUALAN] CASHIER FORM : calculateTotal, totalAfterDisc [20]
[ADMIN] [3/19/2017 09:57] [PENJUALAN] CASHIER FORM : calculateChangeValue, bayarTextBox.Text [0]
[ADMIN] [3/19/2017 09:57] [PENJUALAN] CASHIER FORM : calculateChangeValue, sisaBayar [0]
[ADMIN] [3/19/2017 09:58] [PENJUALAN] CASHIER FORM : HOTKEY TO SAVE AND PRINT OUT INVOICE PRESSED
[ADMIN] [3/19/2017 09:58] [PENJUALAN] CASHIER FORM : UNREGISTER HOTKEY
[ADMIN] [3/19/2017 09:58] [PENJUALAN] CASHIER FORM : REGISTER HOTKEY
[ADMIN] [3/19/2017 09:58] [PENJUALAN] ATTEMPT TO SAVE AND PRINT OUT INVOICE
[ADMIN] [3/19/2017 09:58] [PENJUALAN] CASHIER FORM : UNREGISTER HOTKEY
[ADMIN] [3/19/2017 09:58] [PENJUALAN] CASHIER FORM : REGISTER HOTKEY
[ADMIN] [3/19/2017 09:58] [PENJUALAN] CASHIER FORM : UNREGISTER HOTKEY
[ADMIN] [3/19/2017 09:58] [PENJUALAN] CASHIER FORM : ATTEMPT TO SAVE SALES DATA [19-03-2017 09:58]
[ADMIN] [3/19/2017 09:58] [PENJUALAN] CASHIER FORM : SALES DISC FINAL [0]
[ADMIN] [3/19/2017 09:58] [PENJUALAN] CASHIER FORM : CASH SALES
[ADMIN] [3/19/2017 09:58] [PENJUALAN] CASHIER FORM : MAX SALES INVOICE [3]
[ADMIN] [3/19/2017 09:58] [PENJUALAN] CASHIER FORM : SALES INVOICE [SQ-4]
[ADMIN] [3/19/2017 09:58] [PENJUALAN] INSERT INTO SALES QUOTATION HEADER [SQ-4]
[ADMIN] [3/19/2017 09:58] [PENJUALAN] INSERT INTO SALES QUOTATION DETAIL[106, 1, 20]
[ADMIN] [3/19/2017 09:58] [PENJUALAN] CASHIER FORM : REGISTER HOTKEY
[ADMIN] [3/19/2017 09:58] [PENJUALAN] TRANSACTION SAVED
[ADMIN] [3/19/2017 09:58] [PENJUALAN] PRINT OUT INVOICE
[ADMIN] [3/19/2017 09:58] [PENJUALAN] CASHIER FORM : PrintReceipt
[ADMIN] [3/19/2017 09:58] [PENJUALAN] CASHIER FORM : PrintReceipt, papermode [0]
[ADMIN] [3/19/2017 09:58] [PENJUALAN] CASHIER FORM : PrintReceipt, display SalesReceiptForm
[ADMIN] [3/19/2017 09:58] [PENJUALAN] CASHIER FORM : UNREGISTER HOTKEY
[ADMIN] [3/19/2017 09:58] [PENJUALAN] CASHIER FORM : REGISTER HOTKEY
[ADMIN] [3/19/2017 09:58] [PENJUALAN] VALIDATE USER CREDIT STATUS
[ADMIN] [3/19/2017 09:58] [PENJUALAN] CASHIER FORM : UNREGISTER HOTKEY
[ADMIN] [3/19/2017 09:58] [PENJUALAN] CASHIER FORM : REGISTER HOTKEY
[ADMIN] [3/19/2017 09:58] [PENJUALAN] CASHIER FORM : UNREGISTER HOTKEY
[ADMIN] [3/19/2017 09:58] [PENJUALAN] CASHIER FORM : UNREGISTER HOTKEY
[ADMIN] [3/19/2017 09:58] [PENJUALAN] CASHIER FORM : REGISTER HOTKEY
[ADMIN] [3/19/2017 09:58] [PENJUALAN] CASHIER FORM : ADD NEW ROW,  isActive [True]
[ADMIN] [3/19/2017 09:58] [PENJUALAN] CASHIER FORM : ADD NEW ROW,  ROW COUNT [0]
[ADMIN] [3/19/2017 09:58] [PENJUALAN] CASHIER FORM : REGISTER HOTKEY
[ADMIN] [3/19/2017 09:58] [PENJUALAN] CASHIER FORM : UNREGISTER HOTKEY
[ADMIN] [3/19/2017 09:58] [PENJUALAN] CASHIER FORM : UNREGISTER HOTKEY
[ADMIN] [3/19/2017 09:58] [PENJUALAN] CASHIER FORM : REGISTER HOTKEY
[ADMIN] [3/19/2017 09:58] [PENJUALAN] CASHIER FORM : ADD NEW ROW,  isActive [True]
[ADMIN] [3/19/2017 09:58] [PENJUALAN] CASHIER FORM : ADD NEW ROW,  ROW COUNT [0]
[ADMIN] [3/19/2017 09:58] [PENJUALAN] CASHIER FORM : REGISTER HOTKEY
[ADMIN] [3/19/2017 09:58] [PENJUALAN] CASHIER FORM : calculateChangeValue, bayarTextBox.Text [20]
[ADMIN] [3/19/2017 09:58] [PENJUALAN] CASHIER FORM : calculateChangeValue, sisaBayar [0]
[ADMIN] [3/19/2017 09:58] [PENJUALAN] CASHIER FORM : UNREGISTER HOTKEY
[ADMIN] [3/19/2017 09:58] [PENJUALAN] CASHIER FORM : REGISTER HOTKEY
[ADMIN] [3/19/2017 09:58] [PENJUALAN] ATTEMPT TO SAVE AND PRINT OUT INVOICE
[ADMIN] [3/19/2017 09:58] [] CHECK STOCK QTY IS ENOUGH [106]
[ADMIN] [3/19/2017 09:58] [] CHECK STOCK QTY IS ENOUGH [78, 20]
[ADMIN] [3/19/2017 09:58] [PENJUALAN] CASHIER FORM : UNREGISTER HOTKEY
[ADMIN] [3/19/2017 09:58] [PENJUALAN] CASHIER FORM : REGISTER HOTKEY
[ADMIN] [3/19/2017 09:58] [PENJUALAN] CASHIER FORM : UNREGISTER HOTKEY
[ADMIN] [3/19/2017 09:58] [PENJUALAN] CASHIER FORM : ATTEMPT TO SAVE SALES DATA [19-03-2017 09:58]
[ADMIN] [3/19/2017 09:58] [PENJUALAN] CASHIER FORM : SALES DISC FINAL [0]
[ADMIN] [3/19/2017 09:58] [PENJUALAN] CASHIER FORM : CASH SALES
[ADMIN] [3/19/2017 09:58] [PENJUALAN] CHECK IF TAX LIMIT SET FOR PERCENTAGE PURCHASE [0]
[ADMIN] [3/19/2017 09:58] [PENJUALAN] CHECK IF TAX LIMIT SET FOR AVERAGE DAILY PURCHASE [0]
[ADMIN] [3/19/2017 09:58] [PENJUALAN] CASHIER FORM : NO FAKTUR [SLO001]
[ADMIN] [3/19/2017 09:58] [PENJUALAN] CASHIER FORM : MAX SALES INVOICE [15]
[ADMIN] [3/19/2017 09:58] [PENJUALAN] CASHIER FORM : SALES INVOICE [SLO001-16]
[ADMIN] [3/19/2017 09:58] [PENJUALAN] INSERT INTO SALES HEADER [SLO001-16]
[ADMIN] [3/19/2017 09:58] [PENJUALAN] INSERT INTO SALES DETAIL[106, 1, 20]
[ADMIN] [3/19/2017 09:58] [PENJUALAN] INSERT TO CREDIT TABLE [SLO001-16]
[ADMIN] [3/19/2017 09:58] [PENJUALAN] INSERT TO DAILY JOURNAL TABLE [20]
[ADMIN] [3/19/2017 09:58] [PENJUALAN] CASHIER FORM : REGISTER HOTKEY
[ADMIN] [3/19/2017 09:58] [PENJUALAN] TRANSACTION SAVED
[ADMIN] [3/19/2017 09:58] [PENJUALAN] PRINT OUT INVOICE
[ADMIN] [3/19/2017 09:58] [PENJUALAN] CASHIER FORM : PrintReceipt
[ADMIN] [3/19/2017 09:58] [PENJUALAN] CASHIER FORM : PrintReceipt, papermode [0]
[ADMIN] [3/19/2017 09:58] [PENJUALAN] CASHIER FORM : PrintReceipt, display SalesReceiptForm
[ADMIN] [3/19/2017 09:58] [PENJUALAN] CASHIER FORM : UNREGISTER HOTKEY
[ADMIN] [3/19/2017 09:58] [PENJUALAN] CASHIER FORM : REGISTER HOTKEY
[ADMIN] [3/19/2017 09:58] [PENJUALAN] VALIDATE USER CREDIT STATUS
[ADMIN] [3/19/2017 09:58] [PENJUALAN] CASHIER FORM : UNREGISTER HOTKEY
[ADMIN] [3/19/2017 09:58] [PENJUALAN] CASHIER FORM : REGISTER HOTKEY
[ADMIN] [3/19/2017 09:58] [PENJUALAN] CASHIER FORM : UNREGISTER HOTKEY
[ADMIN] [3/19/2017 09:58] [PENJUALAN] CASHIER FORM : UNREGISTER HOTKEY
[ADMIN] [3/19/2017 09:58] [PENJUALAN] CASHIER FORM : REGISTER HOTKEY
[ADMIN] [3/19/2017 09:58] [PENJUALAN] CASHIER FORM : calculateChangeValue, bayarTextBox.Text [20]
[ADMIN] [3/19/2017 09:58] [PENJUALAN] CASHIER FORM : calculateChangeValue, sisaBayar [0]
[ADMIN] [3/19/2017 09:58] [PENJUALAN] CASHIER FORM : ADD NEW ROW,  isActive [True]
[ADMIN] [3/19/2017 09:58] [PENJUALAN] CASHIER FORM : ADD NEW ROW,  ROW COUNT [0]
[ADMIN] [3/19/2017 09:59] [PENJUALAN] CASHIER FORM : REGISTER HOTKEY
[ADMIN] [3/19/2017 09:59] [PENJUALAN] CASHIER FORM : HOTKEY TO SAVE AND PRINT OUT INVOICE PRESSED
[ADMIN] [3/19/2017 09:59] [PENJUALAN] CASHIER FORM : UNREGISTER HOTKEY
[ADMIN] [3/19/2017 09:59] [PENJUALAN] CASHIER FORM : REGISTER HOTKEY
[ADMIN] [3/19/2017 09:59] [PENJUALAN] ATTEMPT TO SAVE AND PRINT OUT INVOICE
[ADMIN] [3/19/2017 09:59] [] CHECK STOCK QTY IS ENOUGH [106]
[ADMIN] [3/19/2017 09:59] [] CHECK STOCK QTY IS ENOUGH [78, 20]
[ADMIN] [3/19/2017 09:59] [PENJUALAN] CASHIER FORM : UNREGISTER HOTKEY
[ADMIN] [3/19/2017 09:59] [PENJUALAN] CASHIER FORM : REGISTER HOTKEY
[ADMIN] [3/19/2017 09:59] [PENJUALAN] CASHIER FORM : UNREGISTER HOTKEY
[ADMIN] [3/19/2017 09:59] [PENJUALAN] CASHIER FORM : ATTEMPT TO SAVE SALES DATA [19-03-2017 09:59]
[ADMIN] [3/19/2017 09:59] [PENJUALAN] CASHIER FORM : SALES DISC FINAL [0]
[ADMIN] [3/19/2017 09:59] [PENJUALAN] CASHIER FORM : CASH SALES
[ADMIN] [3/19/2017 09:59] [PENJUALAN] UPDATE PREVIOUS REV_NO TO VOID [SLO001-16]
[ADMIN] [3/19/2017 09:59] [PENJUALAN] INSERT INTO SALES HEADER [SLO001-16]
[ADMIN] [3/19/2017 09:59] [PENJUALAN] INSERT INTO SALES DETAIL[106, 1, 20]
[ADMIN] [3/19/2017 09:59] [PENJUALAN] INSERT TO CREDIT TABLE [SLO001-16]
[ADMIN] [3/19/2017 09:59] [PENJUALAN] INSERT TO DAILY JOURNAL TABLE [20]
[ADMIN] [3/19/2017 09:59] [PENJUALAN] CASHIER FORM : REGISTER HOTKEY
[ADMIN] [3/19/2017 09:59] [PENJUALAN] TRANSACTION SAVED
[ADMIN] [3/19/2017 09:59] [PENJUALAN] PRINT OUT INVOICE
[ADMIN] [3/19/2017 09:59] [PENJUALAN] CASHIER FORM : PrintReceipt
[ADMIN] [3/19/2017 09:59] [PENJUALAN] CASHIER FORM : PrintReceipt, papermode [0]
[ADMIN] [3/19/2017 09:59] [PENJUALAN] CASHIER FORM : PrintReceipt, display SalesReceiptForm
[ADMIN] [3/19/2017 09:59] [PENJUALAN] CASHIER FORM : UNREGISTER HOTKEY
[ADMIN] [3/19/2017 09:59] [PENJUALAN] CASHIER FORM : REGISTER HOTKEY
[ADMIN] [3/19/2017 09:59] [PENJUALAN] VALIDATE USER CREDIT STATUS
[ADMIN] [3/19/2017 09:59] [PENJUALAN] CASHIER FORM : UNREGISTER HOTKEY
[ADMIN] [3/19/2017 09:59] [PENJUALAN] CASHIER FORM : REGISTER HOTKEY
[ADMIN] [3/19/2017 09:59] [PENJUALAN] CASHIER FORM : UNREGISTER HOTKEY
[ADMIN] [3/19/2017 09:59] [PENJUALAN] CASHIER FORM : UNREGISTER HOTKEY
[ADMIN] [3/19/2017 09:59] [PENJUALAN] DELIVERY ORDER : detailGridView_CellValueChanged [qty]
[ADMIN] [3/19/2017 09:59] [PENJUALAN] DELIVERY ORDER : TextBox_TextChanged, dataGridViewTextBoxEditingControl.Text pass REGEX Checking
[ADMIN] [3/19/2017 09:59] [] CHECK STOCK QTY IS ENOUGH [106]
[ADMIN] [3/19/2017 09:59] [] CHECK STOCK QTY IS ENOUGH [18, 2]
[ADMIN] [3/19/2017 09:59] [PENJUALAN] DELIVERY ORDER : TextBox_TextChanged, dataGridViewTextBoxEditingControl.Text pass REGEX Checking
[ADMIN] [3/19/2017 09:59] [] CHECK STOCK QTY IS ENOUGH [106]
[ADMIN] [3/19/2017 09:59] [] CHECK STOCK QTY IS ENOUGH [18, 2]
[ADMIN] [3/19/2017 10:00] [PENJUALAN] CASHIER FORM : REGISTER HOTKEY
[ADMIN] [3/19/2017 10:00] [PENJUALAN] CASHIER FORM : cashierForm_Load, ATTEMPT TO LOAD NO FAKTUR
[ADMIN] [3/19/2017 10:00] [PENJUALAN] CASHIER FORM : loadNoFaktur, noFakturValue [SLO001]
[ADMIN] [3/19/2017 10:00] [PENJUALAN] CASHIER FORM : cashierForm_Load, ATTEMPT TO addColumnToDataGrid
[ADMIN] [3/19/2017 10:00] [PENJUALAN] CASHIER FORM : calculateTotal
[ADMIN] [3/19/2017 10:00] [PENJUALAN] CASHIER FORM : calculateTotal [0]
[ADMIN] [3/19/2017 10:00] [PENJUALAN] CASHIER FORM : calculateTotal, totalAfterDisc [0]
[ADMIN] [3/19/2017 10:00] [PENJUALAN] CASHIER FORM : calculateChangeValue, bayarTextBox.Text [0]
[ADMIN] [3/19/2017 10:00] [PENJUALAN] CASHIER FORM : calculateChangeValue, sisaBayar [0]
[ADMIN] [3/19/2017 10:00] [PENJUALAN] CASHIER FORM : REGISTER HOTKEY
[ADMIN] [3/19/2017 10:00] [PENJUALAN] CASHIER FORM : HOTKEY TO ADD NEW ROW PRESSED
[ADMIN] [3/19/2017 10:00] [PENJUALAN] CASHIER FORM : ADD NEW ROW,  isActive [True]
[ADMIN] [3/19/2017 10:00] [PENJUALAN] CASHIER FORM : ADD NEW ROW,  ROW COUNT [0]
[ADMIN] [3/19/2017 10:00] [PENJUALAN] CASHIER FORM : ADD NEW ROW,  ALLOW TO ADD [True]
[ADMIN] [3/19/2017 10:00] [PENJUALAN] CASHIER FORM : cashierDataGridView_CellValueChanged [F8]
[ADMIN] [3/19/2017 10:00] [PENJUALAN] CASHIER FORM : cashierDataGridView_CellValueChanged [hpp]
[ADMIN] [3/19/2017 10:00] [PENJUALAN] CASHIER FORM : cashierDataGridView_CellValueChanged [productPrice]
[ADMIN] [3/19/2017 10:00] [PENJUALAN] CASHIER FORM : TextBox_TextChanged, previousInput []
[ADMIN] [3/19/2017 10:00] [PENJUALAN] CASHIER FORM : TextBox_TextChanged, dataGridViewTextBoxEditingControl.Text pass REGEX Checking
[ADMIN] [3/19/2017 10:00] [PENJUALAN] CASHIER FORM : CALCULATE SUBTOTAL
[ADMIN] [3/19/2017 10:00] [PENJUALAN] CASHIER FORM : SUBTOTAL [0]
[ADMIN] [3/19/2017 10:00] [PENJUALAN] CASHIER FORM : TextBox_TextChanged, subtotal value [0]
[ADMIN] [3/19/2017 10:00] [PENJUALAN] CASHIER FORM : TextBox_TextChanged, attempt to calculate total value
[ADMIN] [3/19/2017 10:00] [PENJUALAN] CASHIER FORM : calculateTotal
[ADMIN] [3/19/2017 10:00] [PENJUALAN] CASHIER FORM : calculateTotal [0]
[ADMIN] [3/19/2017 10:00] [PENJUALAN] CASHIER FORM : calculateTotal, totalAfterDisc [0]
[ADMIN] [3/19/2017 10:00] [PENJUALAN] CASHIER FORM : calculateChangeValue, bayarTextBox.Text [0]
[ADMIN] [3/19/2017 10:00] [PENJUALAN] CASHIER FORM : calculateChangeValue, sisaBayar [0]
[ADMIN] [3/19/2017 10:00] [PENJUALAN] CASHIER FORM : cashierDataGridView_CellValueChanged [disc1]
[ADMIN] [3/19/2017 10:00] [PENJUALAN] CASHIER FORM : TextBox_TextChanged, previousInput []
[ADMIN] [3/19/2017 10:00] [PENJUALAN] CASHIER FORM : TextBox_TextChanged, dataGridViewTextBoxEditingControl.Text pass REGEX Checking
[ADMIN] [3/19/2017 10:00] [PENJUALAN] CASHIER FORM : CALCULATE SUBTOTAL
[ADMIN] [3/19/2017 10:00] [PENJUALAN] CASHIER FORM : SUBTOTAL [0]
[ADMIN] [3/19/2017 10:00] [PENJUALAN] CASHIER FORM : TextBox_TextChanged, subtotal value [0]
[ADMIN] [3/19/2017 10:00] [PENJUALAN] CASHIER FORM : TextBox_TextChanged, attempt to calculate total value
[ADMIN] [3/19/2017 10:00] [PENJUALAN] CASHIER FORM : calculateTotal
[ADMIN] [3/19/2017 10:00] [PENJUALAN] CASHIER FORM : calculateTotal [0]
[ADMIN] [3/19/2017 10:00] [PENJUALAN] CASHIER FORM : calculateTotal, totalAfterDisc [0]
[ADMIN] [3/19/2017 10:00] [PENJUALAN] CASHIER FORM : calculateChangeValue, bayarTextBox.Text [0]
[ADMIN] [3/19/2017 10:00] [PENJUALAN] CASHIER FORM : calculateChangeValue, sisaBayar [0]
[ADMIN] [3/19/2017 10:00] [PENJUALAN] CASHIER FORM : cashierDataGridView_CellValueChanged [qty]
[ADMIN] [3/19/2017 10:00] [PENJUALAN] CASHIER FORM : TextBox_TextChanged, previousInput []
[ADMIN] [3/19/2017 10:00] [PENJUALAN] CASHIER FORM : TextBox_TextChanged, dataGridViewTextBoxEditingControl.Text pass REGEX Checking
[ADMIN] [3/19/2017 10:00] [PENJUALAN] CASHIER FORM : CALCULATE SUBTOTAL
[ADMIN] [3/19/2017 10:00] [PENJUALAN] CASHIER FORM : SUBTOTAL [0]
[ADMIN] [3/19/2017 10:00] [PENJUALAN] CASHIER FORM : TextBox_TextChanged, subtotal value [0]
[ADMIN] [3/19/2017 10:00] [PENJUALAN] CASHIER FORM : TextBox_TextChanged, attempt to calculate total value
[ADMIN] [3/19/2017 10:00] [PENJUALAN] CASHIER FORM : calculateTotal
[ADMIN] [3/19/2017 10:00] [PENJUALAN] CASHIER FORM : calculateTotal [0]
[ADMIN] [3/19/2017 10:00] [PENJUALAN] CASHIER FORM : calculateTotal, totalAfterDisc [0]
[ADMIN] [3/19/2017 10:00] [PENJUALAN] CASHIER FORM : calculateChangeValue, bayarTextBox.Text [0]
[ADMIN] [3/19/2017 10:00] [PENJUALAN] CASHIER FORM : calculateChangeValue, sisaBayar [0]
[ADMIN] [3/19/2017 10:00] [PENJUALAN] CASHIER FORM : cashierDataGridView_CellValueChanged [disc2]
[ADMIN] [3/19/2017 10:00] [PENJUALAN] CASHIER FORM : TextBox_TextChanged, previousInput []
[ADMIN] [3/19/2017 10:00] [PENJUALAN] CASHIER FORM : TextBox_TextChanged, dataGridViewTextBoxEditingControl.Text pass REGEX Checking
[ADMIN] [3/19/2017 10:00] [PENJUALAN] CASHIER FORM : CALCULATE SUBTOTAL
[ADMIN] [3/19/2017 10:00] [PENJUALAN] CASHIER FORM : SUBTOTAL [0]
[ADMIN] [3/19/2017 10:00] [PENJUALAN] CASHIER FORM : TextBox_TextChanged, subtotal value [0]
[ADMIN] [3/19/2017 10:00] [PENJUALAN] CASHIER FORM : TextBox_TextChanged, attempt to calculate total value
[ADMIN] [3/19/2017 10:00] [PENJUALAN] CASHIER FORM : calculateTotal
[ADMIN] [3/19/2017 10:00] [PENJUALAN] CASHIER FORM : calculateTotal [0]
[ADMIN] [3/19/2017 10:00] [PENJUALAN] CASHIER FORM : calculateTotal, totalAfterDisc [0]
[ADMIN] [3/19/2017 10:00] [PENJUALAN] CASHIER FORM : calculateChangeValue, bayarTextBox.Text [0]
[ADMIN] [3/19/2017 10:00] [PENJUALAN] CASHIER FORM : calculateChangeValue, sisaBayar [0]
[ADMIN] [3/19/2017 10:00] [PENJUALAN] CASHIER FORM : cashierDataGridView_CellValueChanged [discRP]
[ADMIN] [3/19/2017 10:00] [PENJUALAN] CASHIER FORM : TextBox_TextChanged, previousInput []
[ADMIN] [3/19/2017 10:00] [PENJUALAN] CASHIER FORM : TextBox_TextChanged, dataGridViewTextBoxEditingControl.Text pass REGEX Checking
[ADMIN] [3/19/2017 10:00] [PENJUALAN] CASHIER FORM : CALCULATE SUBTOTAL
[ADMIN] [3/19/2017 10:00] [PENJUALAN] CASHIER FORM : SUBTOTAL [0]
[ADMIN] [3/19/2017 10:00] [PENJUALAN] CASHIER FORM : TextBox_TextChanged, subtotal value [0]
[ADMIN] [3/19/2017 10:00] [PENJUALAN] CASHIER FORM : TextBox_TextChanged, attempt to calculate total value
[ADMIN] [3/19/2017 10:00] [PENJUALAN] CASHIER FORM : calculateTotal
[ADMIN] [3/19/2017 10:00] [PENJUALAN] CASHIER FORM : calculateTotal [0]
[ADMIN] [3/19/2017 10:00] [PENJUALAN] CASHIER FORM : calculateTotal, totalAfterDisc [0]
[ADMIN] [3/19/2017 10:00] [PENJUALAN] CASHIER FORM : calculateChangeValue, bayarTextBox.Text [0]
[ADMIN] [3/19/2017 10:00] [PENJUALAN] CASHIER FORM : calculateChangeValue, sisaBayar [0]
[ADMIN] [3/19/2017 10:00] [PENJUALAN] CASHIER FORM : cashierDataGridView_CellValueChanged [jumlah]
[ADMIN] [3/19/2017 10:00] [PENJUALAN] CASHIER FORM : cashierDataGridView_CellValueChanged [productName]
[ADMIN] [3/19/2017 10:00] [PENJUALAN] CASHIER FORM : UNREGISTER HOTKEY
[ADMIN] [3/19/2017 10:00] [PENJUALAN] CASHIER FORM : ADD NEW ROW FROM BARCODE [BARANG 2]
[ADMIN] [3/19/2017 10:00] [PENJUALAN] CASHIER FORM : cashierDataGridView_CellValueChanged [productID]
[ADMIN] [3/19/2017 10:00] [PENJUALAN] CASHIER FORM : cashierDataGridView_CellValueChanged [productName]
[ADMIN] [3/19/2017 10:00] [PENJUALAN] CASHIER FORM : PRODUCT PRICE TYPE [PRODUCT_BASE_PRICE]
[ADMIN] [3/19/2017 10:00] [PENJUALAN] CASHIER FORM : PRODUCT PRICE [1]
[ADMIN] [3/19/2017 10:00] [PENJUALAN] CASHIER FORM : ComboBox_SelectedIndexChanged, PRODUCT_BASE_PRICE [1]
[ADMIN] [3/19/2017 10:00] [PENJUALAN] CASHIER FORM : cashierDataGridView_CellValueChanged [hpp]
[ADMIN] [3/19/2017 10:00] [PENJUALAN] CASHIER FORM : PRODUCT PRICE TYPE [PRODUCT_RETAIL_PRICE]
[ADMIN] [3/19/2017 10:00] [PENJUALAN] CASHIER FORM : PRODUCT PRICE [1]
[ADMIN] [3/19/2017 10:00] [PENJUALAN] CASHIER FORM : ComboBox_SelectedIndexChanged, PRODUCT_SALES_PRICE [1]
[ADMIN] [3/19/2017 10:00] [PENJUALAN] CASHIER FORM : cashierDataGridView_CellValueChanged [productPrice]
[ADMIN] [3/19/2017 10:00] [PENJUALAN] CASHIER FORM : TextBox_TextChanged, previousInput []
[ADMIN] [3/19/2017 10:00] [PENJUALAN] CASHIER FORM : TextBox_TextChanged, dataGridViewTextBoxEditingControl.Text pass REGEX Checking
[ADMIN] [3/19/2017 10:00] [PENJUALAN] CASHIER FORM : CALCULATE SUBTOTAL
[ADMIN] [3/19/2017 10:00] [PENJUALAN] CASHIER FORM : SUBTOTAL [0]
[ADMIN] [3/19/2017 10:00] [PENJUALAN] CASHIER FORM : TextBox_TextChanged, subtotal value [0]
[ADMIN] [3/19/2017 10:00] [PENJUALAN] CASHIER FORM : TextBox_TextChanged, attempt to calculate total value
[ADMIN] [3/19/2017 10:00] [PENJUALAN] CASHIER FORM : calculateTotal
[ADMIN] [3/19/2017 10:00] [PENJUALAN] CASHIER FORM : calculateTotal [0]
[ADMIN] [3/19/2017 10:00] [PENJUALAN] CASHIER FORM : calculateTotal, totalAfterDisc [0]
[ADMIN] [3/19/2017 10:00] [PENJUALAN] CASHIER FORM : calculateChangeValue, bayarTextBox.Text [0]
[ADMIN] [3/19/2017 10:00] [PENJUALAN] CASHIER FORM : calculateChangeValue, sisaBayar [0]
[ADMIN] [3/19/2017 10:00] [PENJUALAN] CASHIER FORM : cashierDataGridView_CellValueChanged [qty]
[ADMIN] [3/19/2017 10:00] [PENJUALAN] CASHIER FORM : TextBox_TextChanged, previousInput []
[ADMIN] [3/19/2017 10:00] [PENJUALAN] CASHIER FORM : TextBox_TextChanged, dataGridViewTextBoxEditingControl.Text pass REGEX Checking
[ADMIN] [3/19/2017 10:00] [PENJUALAN] CASHIER FORM : CALCULATE SUBTOTAL
[ADMIN] [3/19/2017 10:00] [PENJUALAN] CASHIER FORM : SUBTOTAL [0]
[ADMIN] [3/19/2017 10:00] [PENJUALAN] CASHIER FORM : TextBox_TextChanged, subtotal value [0]
[ADMIN] [3/19/2017 10:00] [PENJUALAN] CASHIER FORM : TextBox_TextChanged, attempt to calculate total value
[ADMIN] [3/19/2017 10:00] [PENJUALAN] CASHIER FORM : calculateTotal
[ADMIN] [3/19/2017 10:00] [PENJUALAN] CASHIER FORM : calculateTotal [0]
[ADMIN] [3/19/2017 10:00] [PENJUALAN] CASHIER FORM : calculateTotal, totalAfterDisc [0]
[ADMIN] [3/19/2017 10:00] [PENJUALAN] CASHIER FORM : calculateChangeValue, bayarTextBox.Text [0]
[ADMIN] [3/19/2017 10:00] [PENJUALAN] CASHIER FORM : calculateChangeValue, sisaBayar [0]
[ADMIN] [3/19/2017 10:00] [PENJUALAN] CASHIER FORM : cashierDataGridView_CellValueChanged [jumlah]
[ADMIN] [3/19/2017 10:00] [PENJUALAN] CASHIER FORM : ComboBox_SelectedIndexChanged, attempt to calculate total
[ADMIN] [3/19/2017 10:00] [PENJUALAN] CASHIER FORM : calculateTotal
[ADMIN] [3/19/2017 10:00] [PENJUALAN] CASHIER FORM : calculateTotal [0]
[ADMIN] [3/19/2017 10:00] [PENJUALAN] CASHIER FORM : calculateTotal, totalAfterDisc [0]
[ADMIN] [3/19/2017 10:00] [PENJUALAN] CASHIER FORM : calculateChangeValue, bayarTextBox.Text [0]
[ADMIN] [3/19/2017 10:00] [PENJUALAN] CASHIER FORM : calculateChangeValue, sisaBayar [0]
[ADMIN] [3/19/2017 10:00] [] CHECK STOCK QTY IS ENOUGH [106]
[ADMIN] [3/19/2017 10:00] [] CHECK STOCK QTY IS ENOUGH [76, 1]
[ADMIN] [3/19/2017 10:00] [PENJUALAN] CASHIER FORM : cashierDataGridView_CellValueChanged [qty]
[ADMIN] [3/19/2017 10:00] [PENJUALAN] CASHIER FORM : TextBox_TextChanged, previousInput []
[ADMIN] [3/19/2017 10:00] [PENJUALAN] CASHIER FORM : TextBox_TextChanged, dataGridViewTextBoxEditingControl.Text pass REGEX Checking
[ADMIN] [3/19/2017 10:00] [PENJUALAN] CASHIER FORM : CALCULATE SUBTOTAL
[ADMIN] [3/19/2017 10:00] [PENJUALAN] CASHIER FORM : SUBTOTAL [1]
[ADMIN] [3/19/2017 10:00] [PENJUALAN] CASHIER FORM : TextBox_TextChanged, subtotal value [1]
[ADMIN] [3/19/2017 10:00] [PENJUALAN] CASHIER FORM : TextBox_TextChanged, attempt to calculate total value
[ADMIN] [3/19/2017 10:00] [PENJUALAN] CASHIER FORM : calculateTotal
[ADMIN] [3/19/2017 10:00] [PENJUALAN] CASHIER FORM : calculateTotal [1]
[ADMIN] [3/19/2017 10:00] [PENJUALAN] CASHIER FORM : calculateTotal, totalAfterDisc [1]
[ADMIN] [3/19/2017 10:00] [PENJUALAN] CASHIER FORM : calculateChangeValue, bayarTextBox.Text [0]
[ADMIN] [3/19/2017 10:00] [PENJUALAN] CASHIER FORM : calculateChangeValue, sisaBayar [0]
[ADMIN] [3/19/2017 10:00] [PENJUALAN] CASHIER FORM : SET QTY TO 1 BECAUSE OF NEW ROW
[ADMIN] [3/19/2017 10:00] [PENJUALAN] CASHIER FORM : CALCULATE SUBTOTAL
[ADMIN] [3/19/2017 10:00] [PENJUALAN] CASHIER FORM : SUBTOTAL [1]
[ADMIN] [3/19/2017 10:00] [PENJUALAN] CASHIER FORM : calculateTotal
[ADMIN] [3/19/2017 10:00] [PENJUALAN] CASHIER FORM : calculateTotal [1]
[ADMIN] [3/19/2017 10:00] [PENJUALAN] CASHIER FORM : calculateTotal, totalAfterDisc [1]
[ADMIN] [3/19/2017 10:00] [PENJUALAN] CASHIER FORM : calculateChangeValue, bayarTextBox.Text [0]
[ADMIN] [3/19/2017 10:00] [PENJUALAN] CASHIER FORM : calculateChangeValue, sisaBayar [0]
[ADMIN] [3/19/2017 10:00] [PENJUALAN] CASHIER FORM : REGISTER HOTKEY
[ADMIN] [3/19/2017 10:00] [PENJUALAN] CASHIER FORM : UNREGISTER HOTKEY
[ADMIN] [3/19/2017 10:01] [PENJUALAN] CASHIER FORM : REGISTER HOTKEY
[ADMIN] [3/19/2017 10:01] [PENJUALAN] CASHIER FORM : cashierDataGridView_CellValueChanged [productName]
[] [3/19/2017 10:07] [] USER = ADMIN IS ACTIVE
[ADMIN] [3/19/2017 10:07] [] USER ID = 1 LOGIN SUCCESSFULLY
[ADMIN] [3/19/2017 10:07] [] ACTIVATE USER ACCESS RIGHT
[ADMIN] [3/19/2017 10:07] [] DISPLAY ADMIN FORM
[ADMIN] [3/19/2017 10:07] [] adminForm Load
[ADMIN] [3/19/2017 10:07] [PENJUALAN] CASHIER FORM : REGISTER HOTKEY
[ADMIN] [3/19/2017 10:07] [PENJUALAN] CASHIER FORM : cashierForm_Load, ATTEMPT TO LOAD NO FAKTUR
[ADMIN] [3/19/2017 10:07] [PENJUALAN] CASHIER FORM : loadNoFaktur, noFakturValue [SLO001]
[ADMIN] [3/19/2017 10:07] [PENJUALAN] CASHIER FORM : cashierForm_Load, ATTEMPT TO addColumnToDataGrid
[ADMIN] [3/19/2017 10:07] [PENJUALAN] CASHIER FORM : calculateTotal
[ADMIN] [3/19/2017 10:07] [PENJUALAN] CASHIER FORM : calculateTotal [0]
[ADMIN] [3/19/2017 10:07] [PENJUALAN] CASHIER FORM : calculateTotal, totalAfterDisc [0]
[ADMIN] [3/19/2017 10:07] [PENJUALAN] CASHIER FORM : calculateChangeValue, bayarTextBox.Text [0]
[ADMIN] [3/19/2017 10:07] [PENJUALAN] CASHIER FORM : calculateChangeValue, sisaBayar [0]
[ADMIN] [3/19/2017 10:07] [PENJUALAN] CASHIER FORM : REGISTER HOTKEY
[ADMIN] [3/19/2017 10:07] [PENJUALAN] CASHIER FORM : HOTKEY TO ADD NEW ROW PRESSED
[ADMIN] [3/19/2017 10:07] [PENJUALAN] CASHIER FORM : ADD NEW ROW,  isActive [True]
[ADMIN] [3/19/2017 10:07] [PENJUALAN] CASHIER FORM : ADD NEW ROW,  ROW COUNT [0]
[ADMIN] [3/19/2017 10:07] [PENJUALAN] CASHIER FORM : ADD NEW ROW,  ALLOW TO ADD [True]
[ADMIN] [3/19/2017 10:07] [PENJUALAN] CASHIER FORM : cashierDataGridView_CellValueChanged [F8]
[ADMIN] [3/19/2017 10:07] [PENJUALAN] CASHIER FORM : cashierDataGridView_CellValueChanged [hpp]
[ADMIN] [3/19/2017 10:07] [PENJUALAN] CASHIER FORM : cashierDataGridView_CellValueChanged [productPrice]
[ADMIN] [3/19/2017 10:07] [PENJUALAN] CASHIER FORM : TextBox_TextChanged, previousInput []
[ADMIN] [3/19/2017 10:07] [PENJUALAN] CASHIER FORM : TextBox_TextChanged, dataGridViewTextBoxEditingControl.Text pass REGEX Checking
[ADMIN] [3/19/2017 10:07] [PENJUALAN] CASHIER FORM : CALCULATE SUBTOTAL
[ADMIN] [3/19/2017 10:07] [PENJUALAN] CASHIER FORM : SUBTOTAL [0]
[ADMIN] [3/19/2017 10:07] [PENJUALAN] CASHIER FORM : TextBox_TextChanged, subtotal value [0]
[ADMIN] [3/19/2017 10:07] [PENJUALAN] CASHIER FORM : TextBox_TextChanged, attempt to calculate total value
[ADMIN] [3/19/2017 10:07] [PENJUALAN] CASHIER FORM : calculateTotal
[ADMIN] [3/19/2017 10:07] [PENJUALAN] CASHIER FORM : calculateTotal [0]
[ADMIN] [3/19/2017 10:07] [PENJUALAN] CASHIER FORM : calculateTotal, totalAfterDisc [0]
[ADMIN] [3/19/2017 10:07] [PENJUALAN] CASHIER FORM : calculateChangeValue, bayarTextBox.Text [0]
[ADMIN] [3/19/2017 10:07] [PENJUALAN] CASHIER FORM : calculateChangeValue, sisaBayar [0]
[ADMIN] [3/19/2017 10:07] [PENJUALAN] CASHIER FORM : cashierDataGridView_CellValueChanged [disc1]
[ADMIN] [3/19/2017 10:07] [PENJUALAN] CASHIER FORM : TextBox_TextChanged, previousInput []
[ADMIN] [3/19/2017 10:07] [PENJUALAN] CASHIER FORM : TextBox_TextChanged, dataGridViewTextBoxEditingControl.Text pass REGEX Checking
[ADMIN] [3/19/2017 10:07] [PENJUALAN] CASHIER FORM : CALCULATE SUBTOTAL
[ADMIN] [3/19/2017 10:07] [PENJUALAN] CASHIER FORM : SUBTOTAL [0]
[ADMIN] [3/19/2017 10:07] [PENJUALAN] CASHIER FORM : TextBox_TextChanged, subtotal value [0]
[ADMIN] [3/19/2017 10:07] [PENJUALAN] CASHIER FORM : TextBox_TextChanged, attempt to calculate total value
[ADMIN] [3/19/2017 10:07] [PENJUALAN] CASHIER FORM : calculateTotal
[ADMIN] [3/19/2017 10:07] [PENJUALAN] CASHIER FORM : calculateTotal [0]
[ADMIN] [3/19/2017 10:07] [PENJUALAN] CASHIER FORM : calculateTotal, totalAfterDisc [0]
[ADMIN] [3/19/2017 10:07] [PENJUALAN] CASHIER FORM : calculateChangeValue, bayarTextBox.Text [0]
[ADMIN] [3/19/2017 10:07] [PENJUALAN] CASHIER FORM : calculateChangeValue, sisaBayar [0]
[ADMIN] [3/19/2017 10:07] [PENJUALAN] CASHIER FORM : cashierDataGridView_CellValueChanged [qty]
[ADMIN] [3/19/2017 10:07] [PENJUALAN] CASHIER FORM : TextBox_TextChanged, previousInput []
[ADMIN] [3/19/2017 10:07] [PENJUALAN] CASHIER FORM : TextBox_TextChanged, dataGridViewTextBoxEditingControl.Text pass REGEX Checking
[ADMIN] [3/19/2017 10:07] [PENJUALAN] CASHIER FORM : CALCULATE SUBTOTAL
[ADMIN] [3/19/2017 10:07] [PENJUALAN] CASHIER FORM : SUBTOTAL [0]
[ADMIN] [3/19/2017 10:07] [PENJUALAN] CASHIER FORM : TextBox_TextChanged, subtotal value [0]
[ADMIN] [3/19/2017 10:07] [PENJUALAN] CASHIER FORM : TextBox_TextChanged, attempt to calculate total value
[ADMIN] [3/19/2017 10:07] [PENJUALAN] CASHIER FORM : calculateTotal
[ADMIN] [3/19/2017 10:07] [PENJUALAN] CASHIER FORM : calculateTotal [0]
[ADMIN] [3/19/2017 10:07] [PENJUALAN] CASHIER FORM : calculateTotal, totalAfterDisc [0]
[ADMIN] [3/19/2017 10:07] [PENJUALAN] CASHIER FORM : calculateChangeValue, bayarTextBox.Text [0]
[ADMIN] [3/19/2017 10:07] [PENJUALAN] CASHIER FORM : calculateChangeValue, sisaBayar [0]
[ADMIN] [3/19/2017 10:07] [PENJUALAN] CASHIER FORM : cashierDataGridView_CellValueChanged [disc2]
[ADMIN] [3/19/2017 10:07] [PENJUALAN] CASHIER FORM : TextBox_TextChanged, previousInput []
[ADMIN] [3/19/2017 10:07] [PENJUALAN] CASHIER FORM : TextBox_TextChanged, dataGridViewTextBoxEditingControl.Text pass REGEX Checking
[ADMIN] [3/19/2017 10:07] [PENJUALAN] CASHIER FORM : CALCULATE SUBTOTAL
[ADMIN] [3/19/2017 10:07] [PENJUALAN] CASHIER FORM : SUBTOTAL [0]
[ADMIN] [3/19/2017 10:07] [PENJUALAN] CASHIER FORM : TextBox_TextChanged, subtotal value [0]
[ADMIN] [3/19/2017 10:07] [PENJUALAN] CASHIER FORM : TextBox_TextChanged, attempt to calculate total value
[ADMIN] [3/19/2017 10:07] [PENJUALAN] CASHIER FORM : calculateTotal
[ADMIN] [3/19/2017 10:07] [PENJUALAN] CASHIER FORM : calculateTotal [0]
[ADMIN] [3/19/2017 10:07] [PENJUALAN] CASHIER FORM : calculateTotal, totalAfterDisc [0]
[ADMIN] [3/19/2017 10:07] [PENJUALAN] CASHIER FORM : calculateChangeValue, bayarTextBox.Text [0]
[ADMIN] [3/19/2017 10:07] [PENJUALAN] CASHIER FORM : calculateChangeValue, sisaBayar [0]
[ADMIN] [3/19/2017 10:07] [PENJUALAN] CASHIER FORM : cashierDataGridView_CellValueChanged [discRP]
[ADMIN] [3/19/2017 10:07] [PENJUALAN] CASHIER FORM : TextBox_TextChanged, previousInput []
[ADMIN] [3/19/2017 10:07] [PENJUALAN] CASHIER FORM : TextBox_TextChanged, dataGridViewTextBoxEditingControl.Text pass REGEX Checking
[ADMIN] [3/19/2017 10:07] [PENJUALAN] CASHIER FORM : CALCULATE SUBTOTAL
[ADMIN] [3/19/2017 10:07] [PENJUALAN] CASHIER FORM : SUBTOTAL [0]
[ADMIN] [3/19/2017 10:07] [PENJUALAN] CASHIER FORM : TextBox_TextChanged, subtotal value [0]
[ADMIN] [3/19/2017 10:07] [PENJUALAN] CASHIER FORM : TextBox_TextChanged, attempt to calculate total value
[ADMIN] [3/19/2017 10:07] [PENJUALAN] CASHIER FORM : calculateTotal
[ADMIN] [3/19/2017 10:07] [PENJUALAN] CASHIER FORM : calculateTotal [0]
[ADMIN] [3/19/2017 10:07] [PENJUALAN] CASHIER FORM : calculateTotal, totalAfterDisc [0]
[ADMIN] [3/19/2017 10:07] [PENJUALAN] CASHIER FORM : calculateChangeValue, bayarTextBox.Text [0]
[ADMIN] [3/19/2017 10:07] [PENJUALAN] CASHIER FORM : calculateChangeValue, sisaBayar [0]
[ADMIN] [3/19/2017 10:07] [PENJUALAN] CASHIER FORM : cashierDataGridView_CellValueChanged [jumlah]
[ADMIN] [3/19/2017 10:07] [PENJUALAN] CASHIER FORM : cashierDataGridView_CellValueChanged [productPrice]
[ADMIN] [3/19/2017 10:07] [PENJUALAN] CASHIER FORM : TextBox_TextChanged, previousInput []
[ADMIN] [3/19/2017 10:07] [PENJUALAN] CASHIER FORM : TextBox_TextChanged, dataGridViewTextBoxEditingControl.Text did not pass REGEX Checking
[ADMIN] [3/19/2017 10:07] [PENJUALAN] CASHIER FORM : cashierDataGridView_CellValueChanged [productName]
[ADMIN] [3/19/2017 10:07] [PENJUALAN] CASHIER FORM : UNREGISTER HOTKEY
[ADMIN] [3/19/2017 10:07] [PENJUALAN] CASHIER FORM : REGISTER HOTKEY
[ADMIN] [3/19/2017 10:07] [PENJUALAN] CASHIER FORM : UNREGISTER HOTKEY
[ADMIN] [3/19/2017 10:08] [PENJUALAN] CASHIER FORM : REGISTER HOTKEY
[ADMIN] [3/19/2017 10:08] [PENJUALAN] CASHIER FORM : UNREGISTER HOTKEY
[ADMIN] [3/19/2017 10:08] [PENJUALAN] CASHIER FORM : UNREGISTER HOTKEY
[ADMIN] [3/19/2017 10:08] [] USER ID = 1LOGOUT
