[] [1/31/2017 12:24] [] USER = ADMIN IS ACTIVE
[ADMIN] [1/31/2017 12:24] [] USER ID = 1 LOGIN SUCCESSFULLY
[ADMIN] [1/31/2017 12:24] [] ACTIVATE USER ACCESS RIGHT
[ADMIN] [1/31/2017 12:24] [] DISPLAY ADMIN FORM
[ADMIN] [1/31/2017 12:24] [] adminForm Load
[ADMIN] [1/31/2017 12:24] [] ACTIVATE USER ACCESS RIGHT
[ADMIN] [1/31/2017 12:24] [PENJUALAN] CASHIER FORM : MULTIPLE CASHIER INSTANCE [1]
[ADMIN] [1/31/2017 12:24] [PENJUALAN] CASHIER FORM : REGISTER HOTKEY
[ADMIN] [1/31/2017 12:24] [PENJUALAN] CASHIER FORM : cashierForm_Load, ATTEMPT TO LOAD NO FAKTUR
[ADMIN] [1/31/2017 12:24] [PENJUALAN] CASHIER FORM : loadNoFaktur, noFakturValue [SLO001]
[ADMIN] [1/31/2017 12:24] [PENJUALAN] CASHIER FORM : cashierForm_Load, ATTEMPT TO addColumnToDataGrid
[ADMIN] [1/31/2017 12:24] [PENJUALAN] CASHIER FORM : calculateTotal
[ADMIN] [1/31/2017 12:24] [PENJUALAN] CASHIER FORM : calculateTotal [0]
[ADMIN] [1/31/2017 12:24] [PENJUALAN] CASHIER FORM : calculateTotal, totalAfterDisc [0]
[ADMIN] [1/31/2017 12:24] [PENJUALAN] CASHIER FORM : calculateChangeValue, bayarTextBox.Text [0]
[ADMIN] [1/31/2017 12:24] [PENJUALAN] CASHIER FORM : calculateChangeValue, sisaBayar [0]
[ADMIN] [1/31/2017 12:24] [PENJUALAN] CASHIER FORM : REGISTER HOTKEY
[ADMIN] [1/31/2017 12:24] [PENJUALAN] CASHIER FORM : HOTKEY TO ADD NEW ROW PRESSED
[ADMIN] [1/31/2017 12:24] [PENJUALAN] CASHIER FORM : ADD NEW ROW,  isActive [True]
[ADMIN] [1/31/2017 12:24] [PENJUALAN] CASHIER FORM : ADD NEW ROW,  ROW COUNT [0]
[ADMIN] [1/31/2017 12:24] [PENJUALAN] CASHIER FORM : ADD NEW ROW,  ALLOW TO ADD [True]
[ADMIN] [1/31/2017 12:24] [PENJUALAN] CASHIER FORM : cashierDataGridView_CellValueChanged [F8]
[ADMIN] [1/31/2017 12:24] [PENJUALAN] CASHIER FORM : cashierDataGridView_CellValueChanged [hpp]
[ADMIN] [1/31/2017 12:24] [PENJUALAN] CASHIER FORM : cashierDataGridView_CellValueChanged [productPrice]
[ADMIN] [1/31/2017 12:24] [PENJUALAN] CASHIER FORM : TextBox_TextChanged, previousInput []
[ADMIN] [1/31/2017 12:24] [PENJUALAN] CASHIER FORM : TextBox_TextChanged, dataGridViewTextBoxEditingControl.Text pass REGEX Checking
[ADMIN] [1/31/2017 12:24] [PENJUALAN] CASHIER FORM : CALCULATE SUBTOTAL
[ADMIN] [1/31/2017 12:24] [PENJUALAN] CASHIER FORM : SUBTOTAL [0]
[ADMIN] [1/31/2017 12:24] [PENJUALAN] CASHIER FORM : TextBox_TextChanged, subtotal value [0]
[ADMIN] [1/31/2017 12:24] [PENJUALAN] CASHIER FORM : TextBox_TextChanged, attempt to calculate total value
[ADMIN] [1/31/2017 12:24] [PENJUALAN] CASHIER FORM : calculateTotal
[ADMIN] [1/31/2017 12:24] [PENJUALAN] CASHIER FORM : calculateTotal [0]
[ADMIN] [1/31/2017 12:24] [PENJUALAN] CASHIER FORM : calculateTotal, totalAfterDisc [0]
[ADMIN] [1/31/2017 12:24] [PENJUALAN] CASHIER FORM : calculateChangeValue, bayarTextBox.Text [0]
[ADMIN] [1/31/2017 12:24] [PENJUALAN] CASHIER FORM : calculateChangeValue, sisaBayar [0]
[ADMIN] [1/31/2017 12:24] [PENJUALAN] CASHIER FORM : cashierDataGridView_CellValueChanged [disc1]
[ADMIN] [1/31/2017 12:24] [PENJUALAN] CASHIER FORM : TextBox_TextChanged, previousInput []
[ADMIN] [1/31/2017 12:24] [PENJUALAN] CASHIER FORM : TextBox_TextChanged, dataGridViewTextBoxEditingControl.Text pass REGEX Checking
[ADMIN] [1/31/2017 12:24] [PENJUALAN] CASHIER FORM : CALCULATE SUBTOTAL
[ADMIN] [1/31/2017 12:24] [PENJUALAN] CASHIER FORM : SUBTOTAL [0]
[ADMIN] [1/31/2017 12:24] [PENJUALAN] CASHIER FORM : TextBox_TextChanged, subtotal value [0]
[ADMIN] [1/31/2017 12:24] [PENJUALAN] CASHIER FORM : TextBox_TextChanged, attempt to calculate total value
[ADMIN] [1/31/2017 12:24] [PENJUALAN] CASHIER FORM : calculateTotal
[ADMIN] [1/31/2017 12:24] [PENJUALAN] CASHIER FORM : calculateTotal [0]
[ADMIN] [1/31/2017 12:24] [PENJUALAN] CASHIER FORM : calculateTotal, totalAfterDisc [0]
[ADMIN] [1/31/2017 12:24] [PENJUALAN] CASHIER FORM : calculateChangeValue, bayarTextBox.Text [0]
[ADMIN] [1/31/2017 12:24] [PENJUALAN] CASHIER FORM : calculateChangeValue, sisaBayar [0]
[ADMIN] [1/31/2017 12:24] [PENJUALAN] CASHIER FORM : cashierDataGridView_CellValueChanged [qty]
[ADMIN] [1/31/2017 12:24] [PENJUALAN] CASHIER FORM : TextBox_TextChanged, previousInput []
[ADMIN] [1/31/2017 12:24] [PENJUALAN] CASHIER FORM : TextBox_TextChanged, dataGridViewTextBoxEditingControl.Text pass REGEX Checking
[ADMIN] [1/31/2017 12:24] [] CHECK STOCK QTY IS ENOUGH []
[ADMIN] [1/31/2017 12:24] [PENJUALAN] CASHIER FORM : CALCULATE SUBTOTAL
[ADMIN] [1/31/2017 12:24] [PENJUALAN] CASHIER FORM : SUBTOTAL [0]
[ADMIN] [1/31/2017 12:24] [PENJUALAN] CASHIER FORM : TextBox_TextChanged, subtotal value [0]
[ADMIN] [1/31/2017 12:24] [PENJUALAN] CASHIER FORM : TextBox_TextChanged, attempt to calculate total value
[ADMIN] [1/31/2017 12:24] [PENJUALAN] CASHIER FORM : calculateTotal
[ADMIN] [1/31/2017 12:24] [PENJUALAN] CASHIER FORM : calculateTotal [0]
[ADMIN] [1/31/2017 12:24] [PENJUALAN] CASHIER FORM : calculateTotal, totalAfterDisc [0]
[ADMIN] [1/31/2017 12:24] [PENJUALAN] CASHIER FORM : calculateChangeValue, bayarTextBox.Text [0]
[ADMIN] [1/31/2017 12:24] [PENJUALAN] CASHIER FORM : calculateChangeValue, sisaBayar [0]
[ADMIN] [1/31/2017 12:24] [PENJUALAN] CASHIER FORM : cashierDataGridView_CellValueChanged [disc2]
[ADMIN] [1/31/2017 12:24] [PENJUALAN] CASHIER FORM : TextBox_TextChanged, previousInput []
[ADMIN] [1/31/2017 12:24] [PENJUALAN] CASHIER FORM : TextBox_TextChanged, dataGridViewTextBoxEditingControl.Text pass REGEX Checking
[ADMIN] [1/31/2017 12:24] [PENJUALAN] CASHIER FORM : CALCULATE SUBTOTAL
[ADMIN] [1/31/2017 12:24] [PENJUALAN] CASHIER FORM : SUBTOTAL [0]
[ADMIN] [1/31/2017 12:24] [PENJUALAN] CASHIER FORM : TextBox_TextChanged, subtotal value [0]
[ADMIN] [1/31/2017 12:24] [PENJUALAN] CASHIER FORM : TextBox_TextChanged, attempt to calculate total value
[ADMIN] [1/31/2017 12:24] [PENJUALAN] CASHIER FORM : calculateTotal
[ADMIN] [1/31/2017 12:24] [PENJUALAN] CASHIER FORM : calculateTotal [0]
[ADMIN] [1/31/2017 12:24] [PENJUALAN] CASHIER FORM : calculateTotal, totalAfterDisc [0]
[ADMIN] [1/31/2017 12:24] [PENJUALAN] CASHIER FORM : calculateChangeValue, bayarTextBox.Text [0]
[ADMIN] [1/31/2017 12:24] [PENJUALAN] CASHIER FORM : calculateChangeValue, sisaBayar [0]
[ADMIN] [1/31/2017 12:24] [PENJUALAN] CASHIER FORM : cashierDataGridView_CellValueChanged [discRP]
[ADMIN] [1/31/2017 12:24] [PENJUALAN] CASHIER FORM : TextBox_TextChanged, previousInput []
[ADMIN] [1/31/2017 12:24] [PENJUALAN] CASHIER FORM : TextBox_TextChanged, dataGridViewTextBoxEditingControl.Text pass REGEX Checking
[ADMIN] [1/31/2017 12:24] [PENJUALAN] CASHIER FORM : CALCULATE SUBTOTAL
[ADMIN] [1/31/2017 12:24] [PENJUALAN] CASHIER FORM : SUBTOTAL [0]
[ADMIN] [1/31/2017 12:24] [PENJUALAN] CASHIER FORM : TextBox_TextChanged, subtotal value [0]
[ADMIN] [1/31/2017 12:24] [PENJUALAN] CASHIER FORM : TextBox_TextChanged, attempt to calculate total value
[ADMIN] [1/31/2017 12:24] [PENJUALAN] CASHIER FORM : calculateTotal
[ADMIN] [1/31/2017 12:24] [PENJUALAN] CASHIER FORM : calculateTotal [0]
[ADMIN] [1/31/2017 12:24] [PENJUALAN] CASHIER FORM : calculateTotal, totalAfterDisc [0]
[ADMIN] [1/31/2017 12:24] [PENJUALAN] CASHIER FORM : calculateChangeValue, bayarTextBox.Text [0]
[ADMIN] [1/31/2017 12:24] [PENJUALAN] CASHIER FORM : calculateChangeValue, sisaBayar [0]
[ADMIN] [1/31/2017 12:24] [PENJUALAN] CASHIER FORM : cashierDataGridView_CellValueChanged [jumlah]
[ADMIN] [1/31/2017 12:24] [PENJUALAN] CASHIER FORM : cashierDataGridView_CellValueChanged [productName]
[ADMIN] [1/31/2017 12:24] [PENJUALAN] CASHIER FORM : cashierDataGridView_CellValueChanged [productName]
[ADMIN] [1/31/2017 12:24] [PENJUALAN] CASHIER FORM : cashierDataGridView_CellValueChanged [productID]
[ADMIN] [1/31/2017 12:24] [PENJUALAN] CASHIER FORM : PRODUCT PRICE TYPE [PRODUCT_BASE_PRICE]
[ADMIN] [1/31/2017 12:24] [PENJUALAN] CASHIER FORM : PRODUCT PRICE [11]
[ADMIN] [1/31/2017 12:24] [PENJUALAN] CASHIER FORM : ComboBox_SelectedIndexChanged, PRODUCT_BASE_PRICE [11]
[ADMIN] [1/31/2017 12:24] [PENJUALAN] CASHIER FORM : cashierDataGridView_CellValueChanged [hpp]
[ADMIN] [1/31/2017 12:24] [PENJUALAN] CASHIER FORM : PRODUCT PRICE TYPE [PRODUCT_RETAIL_PRICE]
[ADMIN] [1/31/2017 12:24] [PENJUALAN] CASHIER FORM : PRODUCT PRICE [1]
[ADMIN] [1/31/2017 12:24] [PENJUALAN] CASHIER FORM : ComboBox_SelectedIndexChanged, PRODUCT_SALES_PRICE [1]
[ADMIN] [1/31/2017 12:24] [PENJUALAN] CASHIER FORM : cashierDataGridView_CellValueChanged [productPrice]
[ADMIN] [1/31/2017 12:24] [PENJUALAN] CASHIER FORM : TextBox_TextChanged, previousInput []
[ADMIN] [1/31/2017 12:24] [PENJUALAN] CASHIER FORM : TextBox_TextChanged, dataGridViewTextBoxEditingControl.Text pass REGEX Checking
[ADMIN] [1/31/2017 12:24] [PENJUALAN] CASHIER FORM : CALCULATE SUBTOTAL
[ADMIN] [1/31/2017 12:24] [PENJUALAN] CASHIER FORM : SUBTOTAL [0]
[ADMIN] [1/31/2017 12:24] [PENJUALAN] CASHIER FORM : TextBox_TextChanged, subtotal value [0]
[ADMIN] [1/31/2017 12:24] [PENJUALAN] CASHIER FORM : TextBox_TextChanged, attempt to calculate total value
[ADMIN] [1/31/2017 12:24] [PENJUALAN] CASHIER FORM : calculateTotal
[ADMIN] [1/31/2017 12:24] [PENJUALAN] CASHIER FORM : calculateTotal [0]
[ADMIN] [1/31/2017 12:24] [PENJUALAN] CASHIER FORM : calculateTotal, totalAfterDisc [0]
[ADMIN] [1/31/2017 12:24] [PENJUALAN] CASHIER FORM : calculateChangeValue, bayarTextBox.Text [0]
[ADMIN] [1/31/2017 12:24] [PENJUALAN] CASHIER FORM : calculateChangeValue, sisaBayar [0]
[ADMIN] [1/31/2017 12:24] [PENJUALAN] CASHIER FORM : cashierDataGridView_CellValueChanged [qty]
[ADMIN] [1/31/2017 12:24] [PENJUALAN] CASHIER FORM : TextBox_TextChanged, previousInput []
[ADMIN] [1/31/2017 12:24] [PENJUALAN] CASHIER FORM : TextBox_TextChanged, dataGridViewTextBoxEditingControl.Text pass REGEX Checking
[ADMIN] [1/31/2017 12:24] [] CHECK STOCK QTY IS ENOUGH [105]
[ADMIN] [1/31/2017 12:24] [] CHECK STOCK QTY IS ENOUGH [43, 0]
[ADMIN] [1/31/2017 12:24] [PENJUALAN] CASHIER FORM : CALCULATE SUBTOTAL
[ADMIN] [1/31/2017 12:24] [PENJUALAN] CASHIER FORM : SUBTOTAL [0]
[ADMIN] [1/31/2017 12:24] [PENJUALAN] CASHIER FORM : TextBox_TextChanged, subtotal value [0]
[ADMIN] [1/31/2017 12:24] [PENJUALAN] CASHIER FORM : TextBox_TextChanged, attempt to calculate total value
[ADMIN] [1/31/2017 12:24] [PENJUALAN] CASHIER FORM : calculateTotal
[ADMIN] [1/31/2017 12:24] [PENJUALAN] CASHIER FORM : calculateTotal [0]
[ADMIN] [1/31/2017 12:24] [PENJUALAN] CASHIER FORM : calculateTotal, totalAfterDisc [0]
[ADMIN] [1/31/2017 12:24] [PENJUALAN] CASHIER FORM : calculateChangeValue, bayarTextBox.Text [0]
[ADMIN] [1/31/2017 12:24] [PENJUALAN] CASHIER FORM : calculateChangeValue, sisaBayar [0]
[ADMIN] [1/31/2017 12:24] [PENJUALAN] CASHIER FORM : cashierDataGridView_CellValueChanged [jumlah]
[ADMIN] [1/31/2017 12:24] [PENJUALAN] CASHIER FORM : ComboBox_SelectedIndexChanged, attempt to calculate total
[ADMIN] [1/31/2017 12:24] [PENJUALAN] CASHIER FORM : calculateTotal
[ADMIN] [1/31/2017 12:24] [PENJUALAN] CASHIER FORM : calculateTotal [0]
[ADMIN] [1/31/2017 12:24] [PENJUALAN] CASHIER FORM : calculateTotal, totalAfterDisc [0]
[ADMIN] [1/31/2017 12:24] [PENJUALAN] CASHIER FORM : calculateChangeValue, bayarTextBox.Text [0]
[ADMIN] [1/31/2017 12:24] [PENJUALAN] CASHIER FORM : calculateChangeValue, sisaBayar [0]
[ADMIN] [1/31/2017 12:24] [PENJUALAN] CASHIER FORM : cashierDataGridView_CellValueChanged [qty]
[ADMIN] [1/31/2017 12:24] [PENJUALAN] CASHIER FORM : TextBox_TextChanged, previousInput []
[ADMIN] [1/31/2017 12:24] [PENJUALAN] CASHIER FORM : TextBox_TextChanged, dataGridViewTextBoxEditingControl.Text pass REGEX Checking
[ADMIN] [1/31/2017 12:24] [] CHECK STOCK QTY IS ENOUGH [105]
[ADMIN] [1/31/2017 12:24] [] CHECK STOCK QTY IS ENOUGH [43, 2]
[ADMIN] [1/31/2017 12:24] [PENJUALAN] CASHIER FORM : CALCULATE SUBTOTAL
[ADMIN] [1/31/2017 12:24] [PENJUALAN] CASHIER FORM : SUBTOTAL [2]
[ADMIN] [1/31/2017 12:24] [PENJUALAN] CASHIER FORM : TextBox_TextChanged, subtotal value [2]
[ADMIN] [1/31/2017 12:24] [PENJUALAN] CASHIER FORM : TextBox_TextChanged, attempt to calculate total value
[ADMIN] [1/31/2017 12:24] [PENJUALAN] CASHIER FORM : calculateTotal
[ADMIN] [1/31/2017 12:24] [PENJUALAN] CASHIER FORM : calculateTotal [2]
[ADMIN] [1/31/2017 12:24] [PENJUALAN] CASHIER FORM : calculateTotal, totalAfterDisc [2]
[ADMIN] [1/31/2017 12:24] [PENJUALAN] CASHIER FORM : calculateChangeValue, bayarTextBox.Text [0]
[ADMIN] [1/31/2017 12:24] [PENJUALAN] CASHIER FORM : calculateChangeValue, sisaBayar [0]
[ADMIN] [1/31/2017 12:24] [PENJUALAN] CASHIER FORM : cashierDataGridView_CellValueChanged [qty]
[ADMIN] [1/31/2017 12:24] [PENJUALAN] CASHIER FORM : TextBox_TextChanged, previousInput []
[ADMIN] [1/31/2017 12:24] [PENJUALAN] CASHIER FORM : TextBox_TextChanged, dataGridViewTextBoxEditingControl.Text pass REGEX Checking
[ADMIN] [1/31/2017 12:24] [] CHECK STOCK QTY IS ENOUGH [105]
[ADMIN] [1/31/2017 12:24] [] CHECK STOCK QTY IS ENOUGH [43, 22]
[ADMIN] [1/31/2017 12:24] [PENJUALAN] CASHIER FORM : CALCULATE SUBTOTAL
[ADMIN] [1/31/2017 12:24] [PENJUALAN] CASHIER FORM : SUBTOTAL [22]
[ADMIN] [1/31/2017 12:24] [PENJUALAN] CASHIER FORM : TextBox_TextChanged, subtotal value [22]
[ADMIN] [1/31/2017 12:24] [PENJUALAN] CASHIER FORM : TextBox_TextChanged, attempt to calculate total value
[ADMIN] [1/31/2017 12:24] [PENJUALAN] CASHIER FORM : calculateTotal
[ADMIN] [1/31/2017 12:24] [PENJUALAN] CASHIER FORM : calculateTotal [22]
[ADMIN] [1/31/2017 12:24] [PENJUALAN] CASHIER FORM : calculateTotal, totalAfterDisc [22]
[ADMIN] [1/31/2017 12:24] [PENJUALAN] CASHIER FORM : calculateChangeValue, bayarTextBox.Text [0]
[ADMIN] [1/31/2017 12:24] [PENJUALAN] CASHIER FORM : calculateChangeValue, sisaBayar [0]
[ADMIN] [1/31/2017 12:25] [PENJUALAN] CASHIER FORM : DISPLAY PELANGGAN FORM
[ADMIN] [1/31/2017 12:25] [PENJUALAN] CASHIER FORM : UNREGISTER HOTKEY
[ADMIN] [1/31/2017 12:25] [PENJUALAN] CASHIER FORM : SELECTED CUSTOMER ID [1]
[ADMIN] [1/31/2017 12:25] [PENJUALAN] CASHIER FORM : ATTEMPT TO SET CUSTOMER PROFILE
[ADMIN] [1/31/2017 12:25] [PENJUALAN] CASHIER FORM : SET CUSTOMER PROFILE [PELANGGAN 1]
[ADMIN] [1/31/2017 12:25] [PENJUALAN] CASHIER FORM : CUSTOMER GROUP [P-UMUM [ECER]]
[ADMIN] [1/31/2017 12:25] [PENJUALAN] CASHIER FORM : FINISHED SET CUSTOMER PROFILE
[ADMIN] [1/31/2017 12:25] [PENJUALAN] CASHIER FORM : ATTEMPT TO REFRESH PRODUCT PRICE
[ADMIN] [1/31/2017 12:25] [PENJUALAN] CASHIER FORM : PRODUCT PRICE TYPE [PRODUCT_RETAIL_PRICE]
[ADMIN] [1/31/2017 12:25] [PENJUALAN] CASHIER FORM : PRODUCT PRICE [1]
[ADMIN] [1/31/2017 12:25] [PENJUALAN] CASHIER FORM : CHECK IF THERE'S ANY ENTRY IN THE PRODUCT DISC
[ADMIN] [1/31/2017 12:25] [PENJUALAN] CASHIER FORM : cashierDataGridView_CellValueChanged [disc1]
[ADMIN] [1/31/2017 12:25] [PENJUALAN] CASHIER FORM : TextBox_TextChanged, previousInput []
[ADMIN] [1/31/2017 12:25] [PENJUALAN] CASHIER FORM : TextBox_TextChanged, dataGridViewTextBoxEditingControl.Text pass REGEX Checking
[ADMIN] [1/31/2017 12:25] [PENJUALAN] CASHIER FORM : CALCULATE SUBTOTAL
[ADMIN] [1/31/2017 12:25] [PENJUALAN] CASHIER FORM : SUBTOTAL [22]
[ADMIN] [1/31/2017 12:25] [PENJUALAN] CASHIER FORM : TextBox_TextChanged, subtotal value [22]
[ADMIN] [1/31/2017 12:25] [PENJUALAN] CASHIER FORM : TextBox_TextChanged, attempt to calculate total value
[ADMIN] [1/31/2017 12:25] [PENJUALAN] CASHIER FORM : calculateTotal
[ADMIN] [1/31/2017 12:25] [PENJUALAN] CASHIER FORM : calculateTotal [22]
[ADMIN] [1/31/2017 12:25] [PENJUALAN] CASHIER FORM : calculateTotal, totalAfterDisc [22]
[ADMIN] [1/31/2017 12:25] [PENJUALAN] CASHIER FORM : calculateChangeValue, bayarTextBox.Text [0]
[ADMIN] [1/31/2017 12:25] [PENJUALAN] CASHIER FORM : calculateChangeValue, sisaBayar [0]
[ADMIN] [1/31/2017 12:25] [PENJUALAN] CASHIER FORM : cashierDataGridView_CellValueChanged [disc2]
[ADMIN] [1/31/2017 12:25] [PENJUALAN] CASHIER FORM : TextBox_TextChanged, previousInput []
[ADMIN] [1/31/2017 12:25] [PENJUALAN] CASHIER FORM : TextBox_TextChanged, dataGridViewTextBoxEditingControl.Text pass REGEX Checking
[ADMIN] [1/31/2017 12:25] [PENJUALAN] CASHIER FORM : CALCULATE SUBTOTAL
[ADMIN] [1/31/2017 12:25] [PENJUALAN] CASHIER FORM : SUBTOTAL [22]
[ADMIN] [1/31/2017 12:25] [PENJUALAN] CASHIER FORM : TextBox_TextChanged, subtotal value [22]
[ADMIN] [1/31/2017 12:25] [PENJUALAN] CASHIER FORM : TextBox_TextChanged, attempt to calculate total value
[ADMIN] [1/31/2017 12:25] [PENJUALAN] CASHIER FORM : calculateTotal
[ADMIN] [1/31/2017 12:25] [PENJUALAN] CASHIER FORM : calculateTotal [22]
[ADMIN] [1/31/2017 12:25] [PENJUALAN] CASHIER FORM : calculateTotal, totalAfterDisc [22]
[ADMIN] [1/31/2017 12:25] [PENJUALAN] CASHIER FORM : calculateChangeValue, bayarTextBox.Text [0]
[ADMIN] [1/31/2017 12:25] [PENJUALAN] CASHIER FORM : calculateChangeValue, sisaBayar [0]
[ADMIN] [1/31/2017 12:25] [PENJUALAN] CASHIER FORM : cashierDataGridView_CellValueChanged [discRP]
[ADMIN] [1/31/2017 12:25] [PENJUALAN] CASHIER FORM : TextBox_TextChanged, previousInput []
[ADMIN] [1/31/2017 12:25] [PENJUALAN] CASHIER FORM : TextBox_TextChanged, dataGridViewTextBoxEditingControl.Text pass REGEX Checking
[ADMIN] [1/31/2017 12:25] [PENJUALAN] CASHIER FORM : CALCULATE SUBTOTAL
[ADMIN] [1/31/2017 12:25] [PENJUALAN] CASHIER FORM : SUBTOTAL [22]
[ADMIN] [1/31/2017 12:25] [PENJUALAN] CASHIER FORM : TextBox_TextChanged, subtotal value [22]
[ADMIN] [1/31/2017 12:25] [PENJUALAN] CASHIER FORM : TextBox_TextChanged, attempt to calculate total value
[ADMIN] [1/31/2017 12:25] [PENJUALAN] CASHIER FORM : calculateTotal
[ADMIN] [1/31/2017 12:25] [PENJUALAN] CASHIER FORM : calculateTotal [22]
[ADMIN] [1/31/2017 12:25] [PENJUALAN] CASHIER FORM : calculateTotal, totalAfterDisc [22]
[ADMIN] [1/31/2017 12:25] [PENJUALAN] CASHIER FORM : calculateChangeValue, bayarTextBox.Text [0]
[ADMIN] [1/31/2017 12:25] [PENJUALAN] CASHIER FORM : calculateChangeValue, sisaBayar [0]
[ADMIN] [1/31/2017 12:25] [PENJUALAN] CASHIER FORM : CALCULATE SUBTOTAL
[ADMIN] [1/31/2017 12:25] [PENJUALAN] CASHIER FORM : SUBTOTAL [22]
[ADMIN] [1/31/2017 12:25] [PENJUALAN] CASHIER FORM : calculateTotal
[ADMIN] [1/31/2017 12:25] [PENJUALAN] CASHIER FORM : calculateTotal [22]
[ADMIN] [1/31/2017 12:25] [PENJUALAN] CASHIER FORM : calculateTotal, totalAfterDisc [22]
[ADMIN] [1/31/2017 12:25] [PENJUALAN] CASHIER FORM : calculateChangeValue, bayarTextBox.Text [0]
[ADMIN] [1/31/2017 12:25] [PENJUALAN] CASHIER FORM : calculateChangeValue, sisaBayar [0]
[ADMIN] [1/31/2017 12:25] [PENJUALAN] CASHIER FORM : PRODUCT PRICE REFRESHED
[ADMIN] [1/31/2017 12:25] [PENJUALAN] CASHIER FORM : REGISTER HOTKEY
[ADMIN] [1/31/2017 12:25] [PENJUALAN] CASHIER FORM : HOTKEY TO SAVE AND PRINT OUT INVOICE PRESSED
[ADMIN] [1/31/2017 12:25] [PENJUALAN] CASHIER FORM : UNREGISTER HOTKEY
[ADMIN] [1/31/2017 12:25] [PENJUALAN] CASHIER FORM : REGISTER HOTKEY
[ADMIN] [1/31/2017 12:25] [PENJUALAN] CASHIER FORM : cashierDataGridView_CellValueChanged [productPrice]
[ADMIN] [1/31/2017 12:25] [PENJUALAN] CASHIER FORM : TextBox_TextChanged, previousInput []
[ADMIN] [1/31/2017 12:25] [PENJUALAN] CASHIER FORM : TextBox_TextChanged, dataGridViewTextBoxEditingControl.Text pass REGEX Checking
[ADMIN] [1/31/2017 12:25] [PENJUALAN] CASHIER FORM : CALCULATE SUBTOTAL
[ADMIN] [1/31/2017 12:25] [PENJUALAN] CASHIER FORM : SUBTOTAL [22]
[ADMIN] [1/31/2017 12:25] [PENJUALAN] CASHIER FORM : TextBox_TextChanged, subtotal value [22]
[ADMIN] [1/31/2017 12:25] [PENJUALAN] CASHIER FORM : TextBox_TextChanged, attempt to calculate total value
[ADMIN] [1/31/2017 12:25] [PENJUALAN] CASHIER FORM : calculateTotal
[ADMIN] [1/31/2017 12:25] [PENJUALAN] CASHIER FORM : calculateTotal [22]
[ADMIN] [1/31/2017 12:25] [PENJUALAN] CASHIER FORM : calculateTotal, totalAfterDisc [22]
[ADMIN] [1/31/2017 12:25] [PENJUALAN] CASHIER FORM : calculateChangeValue, bayarTextBox.Text [0]
[ADMIN] [1/31/2017 12:25] [PENJUALAN] CASHIER FORM : calculateChangeValue, sisaBayar [0]
[ADMIN] [1/31/2017 12:25] [PENJUALAN] CASHIER FORM : cashierDataGridView_CellValueChanged [productPrice]
[ADMIN] [1/31/2017 12:25] [PENJUALAN] CASHIER FORM : TextBox_TextChanged, previousInput []
[ADMIN] [1/31/2017 12:25] [PENJUALAN] CASHIER FORM : TextBox_TextChanged, dataGridViewTextBoxEditingControl.Text pass REGEX Checking
[ADMIN] [1/31/2017 12:25] [PENJUALAN] CASHIER FORM : CALCULATE SUBTOTAL
[ADMIN] [1/31/2017 12:25] [PENJUALAN] CASHIER FORM : SUBTOTAL [220]
[ADMIN] [1/31/2017 12:25] [PENJUALAN] CASHIER FORM : TextBox_TextChanged, subtotal value [220]
[ADMIN] [1/31/2017 12:25] [PENJUALAN] CASHIER FORM : TextBox_TextChanged, attempt to calculate total value
[ADMIN] [1/31/2017 12:25] [PENJUALAN] CASHIER FORM : calculateTotal
[ADMIN] [1/31/2017 12:25] [PENJUALAN] CASHIER FORM : calculateTotal [220]
[ADMIN] [1/31/2017 12:25] [PENJUALAN] CASHIER FORM : calculateTotal, totalAfterDisc [220]
[ADMIN] [1/31/2017 12:25] [PENJUALAN] CASHIER FORM : calculateChangeValue, bayarTextBox.Text [0]
[ADMIN] [1/31/2017 12:25] [PENJUALAN] CASHIER FORM : calculateChangeValue, sisaBayar [0]
[ADMIN] [1/31/2017 12:25] [PENJUALAN] CASHIER FORM : cashierDataGridView_CellValueChanged [productPrice]
[ADMIN] [1/31/2017 12:25] [PENJUALAN] CASHIER FORM : TextBox_TextChanged, previousInput []
[ADMIN] [1/31/2017 12:25] [PENJUALAN] CASHIER FORM : TextBox_TextChanged, dataGridViewTextBoxEditingControl.Text pass REGEX Checking
[ADMIN] [1/31/2017 12:25] [PENJUALAN] CASHIER FORM : CALCULATE SUBTOTAL
[ADMIN] [1/31/2017 12:25] [PENJUALAN] CASHIER FORM : SUBTOTAL [2200]
[ADMIN] [1/31/2017 12:25] [PENJUALAN] CASHIER FORM : TextBox_TextChanged, subtotal value [2200]
[ADMIN] [1/31/2017 12:25] [PENJUALAN] CASHIER FORM : TextBox_TextChanged, attempt to calculate total value
[ADMIN] [1/31/2017 12:25] [PENJUALAN] CASHIER FORM : calculateTotal
[ADMIN] [1/31/2017 12:25] [PENJUALAN] CASHIER FORM : calculateTotal [2200]
[ADMIN] [1/31/2017 12:25] [PENJUALAN] CASHIER FORM : calculateTotal, totalAfterDisc [2200]
[ADMIN] [1/31/2017 12:25] [PENJUALAN] CASHIER FORM : calculateChangeValue, bayarTextBox.Text [0]
[ADMIN] [1/31/2017 12:25] [PENJUALAN] CASHIER FORM : calculateChangeValue, sisaBayar [0]
[ADMIN] [1/31/2017 12:25] [PENJUALAN] CASHIER FORM : cashierDataGridView_CellValueChanged [productPrice]
[ADMIN] [1/31/2017 12:25] [PENJUALAN] CASHIER FORM : TextBox_TextChanged, previousInput []
[ADMIN] [1/31/2017 12:25] [PENJUALAN] CASHIER FORM : TextBox_TextChanged, dataGridViewTextBoxEditingControl.Text pass REGEX Checking
[ADMIN] [1/31/2017 12:25] [PENJUALAN] CASHIER FORM : CALCULATE SUBTOTAL
[ADMIN] [1/31/2017 12:25] [PENJUALAN] CASHIER FORM : SUBTOTAL [22000]
[ADMIN] [1/31/2017 12:25] [PENJUALAN] CASHIER FORM : TextBox_TextChanged, subtotal value [22000]
[ADMIN] [1/31/2017 12:25] [PENJUALAN] CASHIER FORM : TextBox_TextChanged, attempt to calculate total value
[ADMIN] [1/31/2017 12:25] [PENJUALAN] CASHIER FORM : calculateTotal
[ADMIN] [1/31/2017 12:25] [PENJUALAN] CASHIER FORM : calculateTotal [22000]
[ADMIN] [1/31/2017 12:25] [PENJUALAN] CASHIER FORM : calculateTotal, totalAfterDisc [22000]
[ADMIN] [1/31/2017 12:25] [PENJUALAN] CASHIER FORM : calculateChangeValue, bayarTextBox.Text [0]
[ADMIN] [1/31/2017 12:25] [PENJUALAN] CASHIER FORM : calculateChangeValue, sisaBayar [0]
[ADMIN] [1/31/2017 12:25] [PENJUALAN] CASHIER FORM : HOTKEY TO SAVE AND PRINT OUT INVOICE PRESSED
[ADMIN] [1/31/2017 12:25] [PENJUALAN] CASHIER FORM : UNREGISTER HOTKEY
[ADMIN] [1/31/2017 12:25] [PENJUALAN] CASHIER FORM : REGISTER HOTKEY
[ADMIN] [1/31/2017 12:25] [PENJUALAN] ATTEMPT TO SAVE AND PRINT OUT INVOICE
[ADMIN] [1/31/2017 12:25] [] CHECK STOCK QTY IS ENOUGH [105]
[ADMIN] [1/31/2017 12:25] [] CHECK STOCK QTY IS ENOUGH [43, 22]
[] [1/31/2017 12:27] [] USER = ADMIN IS ACTIVE
[ADMIN] [1/31/2017 12:27] [] USER ID = 1 LOGIN SUCCESSFULLY
[ADMIN] [1/31/2017 12:27] [] ACTIVATE USER ACCESS RIGHT
[ADMIN] [1/31/2017 12:27] [] DISPLAY ADMIN FORM
[ADMIN] [1/31/2017 12:27] [] adminForm Load
[ADMIN] [1/31/2017 12:27] [] ACTIVATE USER ACCESS RIGHT
[ADMIN] [1/31/2017 12:27] [PENJUALAN] CASHIER FORM : MULTIPLE CASHIER INSTANCE [1]
[ADMIN] [1/31/2017 12:27] [PENJUALAN] CASHIER FORM : REGISTER HOTKEY
[ADMIN] [1/31/2017 12:27] [PENJUALAN] CASHIER FORM : cashierForm_Load, ATTEMPT TO LOAD NO FAKTUR
[ADMIN] [1/31/2017 12:27] [PENJUALAN] CASHIER FORM : loadNoFaktur, noFakturValue [SLO001]
[ADMIN] [1/31/2017 12:27] [PENJUALAN] CASHIER FORM : cashierForm_Load, ATTEMPT TO addColumnToDataGrid
[ADMIN] [1/31/2017 12:27] [PENJUALAN] CASHIER FORM : calculateTotal
[ADMIN] [1/31/2017 12:27] [PENJUALAN] CASHIER FORM : calculateTotal [0]
[ADMIN] [1/31/2017 12:27] [PENJUALAN] CASHIER FORM : calculateTotal, totalAfterDisc [0]
[ADMIN] [1/31/2017 12:27] [PENJUALAN] CASHIER FORM : calculateChangeValue, bayarTextBox.Text [0]
[ADMIN] [1/31/2017 12:27] [PENJUALAN] CASHIER FORM : calculateChangeValue, sisaBayar [0]
[ADMIN] [1/31/2017 12:27] [PENJUALAN] CASHIER FORM : REGISTER HOTKEY
[ADMIN] [1/31/2017 12:27] [PENJUALAN] CASHIER FORM : HOTKEY TO ADD NEW ROW PRESSED
[ADMIN] [1/31/2017 12:27] [PENJUALAN] CASHIER FORM : ADD NEW ROW,  isActive [True]
[ADMIN] [1/31/2017 12:27] [PENJUALAN] CASHIER FORM : ADD NEW ROW,  ROW COUNT [0]
[ADMIN] [1/31/2017 12:27] [PENJUALAN] CASHIER FORM : ADD NEW ROW,  ALLOW TO ADD [True]
[ADMIN] [1/31/2017 12:27] [PENJUALAN] CASHIER FORM : cashierDataGridView_CellValueChanged [F8]
[ADMIN] [1/31/2017 12:27] [PENJUALAN] CASHIER FORM : cashierDataGridView_CellValueChanged [hpp]
[ADMIN] [1/31/2017 12:27] [PENJUALAN] CASHIER FORM : cashierDataGridView_CellValueChanged [productPrice]
[ADMIN] [1/31/2017 12:27] [PENJUALAN] CASHIER FORM : TextBox_TextChanged, previousInput []
[ADMIN] [1/31/2017 12:27] [PENJUALAN] CASHIER FORM : TextBox_TextChanged, dataGridViewTextBoxEditingControl.Text pass REGEX Checking
[ADMIN] [1/31/2017 12:27] [PENJUALAN] CASHIER FORM : CALCULATE SUBTOTAL
[ADMIN] [1/31/2017 12:27] [PENJUALAN] CASHIER FORM : SUBTOTAL [0]
[ADMIN] [1/31/2017 12:27] [PENJUALAN] CASHIER FORM : TextBox_TextChanged, subtotal value [0]
[ADMIN] [1/31/2017 12:27] [PENJUALAN] CASHIER FORM : TextBox_TextChanged, attempt to calculate total value
[ADMIN] [1/31/2017 12:27] [PENJUALAN] CASHIER FORM : calculateTotal
[ADMIN] [1/31/2017 12:27] [PENJUALAN] CASHIER FORM : calculateTotal [0]
[ADMIN] [1/31/2017 12:27] [PENJUALAN] CASHIER FORM : calculateTotal, totalAfterDisc [0]
[ADMIN] [1/31/2017 12:27] [PENJUALAN] CASHIER FORM : calculateChangeValue, bayarTextBox.Text [0]
[ADMIN] [1/31/2017 12:27] [PENJUALAN] CASHIER FORM : calculateChangeValue, sisaBayar [0]
[ADMIN] [1/31/2017 12:27] [PENJUALAN] CASHIER FORM : cashierDataGridView_CellValueChanged [disc1]
[ADMIN] [1/31/2017 12:27] [PENJUALAN] CASHIER FORM : TextBox_TextChanged, previousInput []
[ADMIN] [1/31/2017 12:27] [PENJUALAN] CASHIER FORM : TextBox_TextChanged, dataGridViewTextBoxEditingControl.Text pass REGEX Checking
[ADMIN] [1/31/2017 12:27] [PENJUALAN] CASHIER FORM : CALCULATE SUBTOTAL
[ADMIN] [1/31/2017 12:27] [PENJUALAN] CASHIER FORM : SUBTOTAL [0]
[ADMIN] [1/31/2017 12:27] [PENJUALAN] CASHIER FORM : TextBox_TextChanged, subtotal value [0]
[ADMIN] [1/31/2017 12:27] [PENJUALAN] CASHIER FORM : TextBox_TextChanged, attempt to calculate total value
[ADMIN] [1/31/2017 12:27] [PENJUALAN] CASHIER FORM : calculateTotal
[ADMIN] [1/31/2017 12:27] [PENJUALAN] CASHIER FORM : calculateTotal [0]
[ADMIN] [1/31/2017 12:27] [PENJUALAN] CASHIER FORM : calculateTotal, totalAfterDisc [0]
[ADMIN] [1/31/2017 12:27] [PENJUALAN] CASHIER FORM : calculateChangeValue, bayarTextBox.Text [0]
[ADMIN] [1/31/2017 12:27] [PENJUALAN] CASHIER FORM : calculateChangeValue, sisaBayar [0]
[ADMIN] [1/31/2017 12:27] [PENJUALAN] CASHIER FORM : cashierDataGridView_CellValueChanged [qty]
[ADMIN] [1/31/2017 12:27] [PENJUALAN] CASHIER FORM : TextBox_TextChanged, previousInput []
[ADMIN] [1/31/2017 12:27] [PENJUALAN] CASHIER FORM : TextBox_TextChanged, dataGridViewTextBoxEditingControl.Text pass REGEX Checking
[ADMIN] [1/31/2017 12:27] [] CHECK STOCK QTY IS ENOUGH []
[ADMIN] [1/31/2017 12:27] [PENJUALAN] CASHIER FORM : CALCULATE SUBTOTAL
[ADMIN] [1/31/2017 12:27] [PENJUALAN] CASHIER FORM : SUBTOTAL [0]
[ADMIN] [1/31/2017 12:27] [PENJUALAN] CASHIER FORM : TextBox_TextChanged, subtotal value [0]
[ADMIN] [1/31/2017 12:27] [PENJUALAN] CASHIER FORM : TextBox_TextChanged, attempt to calculate total value
[ADMIN] [1/31/2017 12:27] [PENJUALAN] CASHIER FORM : calculateTotal
[ADMIN] [1/31/2017 12:27] [PENJUALAN] CASHIER FORM : calculateTotal [0]
[ADMIN] [1/31/2017 12:27] [PENJUALAN] CASHIER FORM : calculateTotal, totalAfterDisc [0]
[ADMIN] [1/31/2017 12:27] [PENJUALAN] CASHIER FORM : calculateChangeValue, bayarTextBox.Text [0]
[ADMIN] [1/31/2017 12:27] [PENJUALAN] CASHIER FORM : calculateChangeValue, sisaBayar [0]
[ADMIN] [1/31/2017 12:27] [PENJUALAN] CASHIER FORM : cashierDataGridView_CellValueChanged [disc2]
[ADMIN] [1/31/2017 12:27] [PENJUALAN] CASHIER FORM : TextBox_TextChanged, previousInput []
[ADMIN] [1/31/2017 12:27] [PENJUALAN] CASHIER FORM : TextBox_TextChanged, dataGridViewTextBoxEditingControl.Text pass REGEX Checking
[ADMIN] [1/31/2017 12:27] [PENJUALAN] CASHIER FORM : CALCULATE SUBTOTAL
[ADMIN] [1/31/2017 12:27] [PENJUALAN] CASHIER FORM : SUBTOTAL [0]
[ADMIN] [1/31/2017 12:27] [PENJUALAN] CASHIER FORM : TextBox_TextChanged, subtotal value [0]
[ADMIN] [1/31/2017 12:27] [PENJUALAN] CASHIER FORM : TextBox_TextChanged, attempt to calculate total value
[ADMIN] [1/31/2017 12:27] [PENJUALAN] CASHIER FORM : calculateTotal
[ADMIN] [1/31/2017 12:27] [PENJUALAN] CASHIER FORM : calculateTotal [0]
[ADMIN] [1/31/2017 12:27] [PENJUALAN] CASHIER FORM : calculateTotal, totalAfterDisc [0]
[ADMIN] [1/31/2017 12:27] [PENJUALAN] CASHIER FORM : calculateChangeValue, bayarTextBox.Text [0]
[ADMIN] [1/31/2017 12:27] [PENJUALAN] CASHIER FORM : calculateChangeValue, sisaBayar [0]
[ADMIN] [1/31/2017 12:27] [PENJUALAN] CASHIER FORM : cashierDataGridView_CellValueChanged [discRP]
[ADMIN] [1/31/2017 12:27] [PENJUALAN] CASHIER FORM : TextBox_TextChanged, previousInput []
[ADMIN] [1/31/2017 12:27] [PENJUALAN] CASHIER FORM : TextBox_TextChanged, dataGridViewTextBoxEditingControl.Text pass REGEX Checking
[ADMIN] [1/31/2017 12:27] [PENJUALAN] CASHIER FORM : CALCULATE SUBTOTAL
[ADMIN] [1/31/2017 12:27] [PENJUALAN] CASHIER FORM : SUBTOTAL [0]
[ADMIN] [1/31/2017 12:27] [PENJUALAN] CASHIER FORM : TextBox_TextChanged, subtotal value [0]
[ADMIN] [1/31/2017 12:27] [PENJUALAN] CASHIER FORM : TextBox_TextChanged, attempt to calculate total value
[ADMIN] [1/31/2017 12:27] [PENJUALAN] CASHIER FORM : calculateTotal
[ADMIN] [1/31/2017 12:27] [PENJUALAN] CASHIER FORM : calculateTotal [0]
[ADMIN] [1/31/2017 12:27] [PENJUALAN] CASHIER FORM : calculateTotal, totalAfterDisc [0]
[ADMIN] [1/31/2017 12:27] [PENJUALAN] CASHIER FORM : calculateChangeValue, bayarTextBox.Text [0]
[ADMIN] [1/31/2017 12:27] [PENJUALAN] CASHIER FORM : calculateChangeValue, sisaBayar [0]
[ADMIN] [1/31/2017 12:27] [PENJUALAN] CASHIER FORM : cashierDataGridView_CellValueChanged [jumlah]
[ADMIN] [1/31/2017 12:27] [PENJUALAN] CASHIER FORM : cashierDataGridView_CellValueChanged [productName]
[ADMIN] [1/31/2017 12:27] [PENJUALAN] CASHIER FORM : cashierDataGridView_CellValueChanged [productName]
[ADMIN] [1/31/2017 12:27] [PENJUALAN] CASHIER FORM : cashierDataGridView_CellValueChanged [productName]
[ADMIN] [1/31/2017 12:27] [PENJUALAN] CASHIER FORM : cashierDataGridView_CellValueChanged [productName]
[ADMIN] [1/31/2017 12:27] [PENJUALAN] CASHIER FORM : cashierDataGridView_CellValueChanged [productID]
[ADMIN] [1/31/2017 12:27] [PENJUALAN] CASHIER FORM : PRODUCT PRICE TYPE [PRODUCT_BASE_PRICE]
[ADMIN] [1/31/2017 12:27] [PENJUALAN] CASHIER FORM : PRODUCT PRICE [11]
[ADMIN] [1/31/2017 12:27] [PENJUALAN] CASHIER FORM : ComboBox_SelectedIndexChanged, PRODUCT_BASE_PRICE [11]
[ADMIN] [1/31/2017 12:27] [PENJUALAN] CASHIER FORM : cashierDataGridView_CellValueChanged [hpp]
[ADMIN] [1/31/2017 12:27] [PENJUALAN] CASHIER FORM : PRODUCT PRICE TYPE [PRODUCT_RETAIL_PRICE]
[ADMIN] [1/31/2017 12:27] [PENJUALAN] CASHIER FORM : PRODUCT PRICE [1]
[ADMIN] [1/31/2017 12:27] [PENJUALAN] CASHIER FORM : ComboBox_SelectedIndexChanged, PRODUCT_SALES_PRICE [1]
[ADMIN] [1/31/2017 12:27] [PENJUALAN] CASHIER FORM : cashierDataGridView_CellValueChanged [productPrice]
[ADMIN] [1/31/2017 12:27] [PENJUALAN] CASHIER FORM : TextBox_TextChanged, previousInput []
[ADMIN] [1/31/2017 12:27] [PENJUALAN] CASHIER FORM : TextBox_TextChanged, dataGridViewTextBoxEditingControl.Text pass REGEX Checking
[ADMIN] [1/31/2017 12:27] [PENJUALAN] CASHIER FORM : CALCULATE SUBTOTAL
[ADMIN] [1/31/2017 12:27] [PENJUALAN] CASHIER FORM : SUBTOTAL [0]
[ADMIN] [1/31/2017 12:27] [PENJUALAN] CASHIER FORM : TextBox_TextChanged, subtotal value [0]
[ADMIN] [1/31/2017 12:27] [PENJUALAN] CASHIER FORM : TextBox_TextChanged, attempt to calculate total value
[ADMIN] [1/31/2017 12:27] [PENJUALAN] CASHIER FORM : calculateTotal
[ADMIN] [1/31/2017 12:27] [PENJUALAN] CASHIER FORM : calculateTotal [0]
[ADMIN] [1/31/2017 12:27] [PENJUALAN] CASHIER FORM : calculateTotal, totalAfterDisc [0]
[ADMIN] [1/31/2017 12:27] [PENJUALAN] CASHIER FORM : calculateChangeValue, bayarTextBox.Text [0]
[ADMIN] [1/31/2017 12:27] [PENJUALAN] CASHIER FORM : calculateChangeValue, sisaBayar [0]
[ADMIN] [1/31/2017 12:27] [PENJUALAN] CASHIER FORM : cashierDataGridView_CellValueChanged [qty]
[ADMIN] [1/31/2017 12:27] [PENJUALAN] CASHIER FORM : TextBox_TextChanged, previousInput []
[ADMIN] [1/31/2017 12:27] [PENJUALAN] CASHIER FORM : TextBox_TextChanged, dataGridViewTextBoxEditingControl.Text pass REGEX Checking
[ADMIN] [1/31/2017 12:27] [] CHECK STOCK QTY IS ENOUGH [105]
[ADMIN] [1/31/2017 12:27] [] CHECK STOCK QTY IS ENOUGH [43, 0]
[ADMIN] [1/31/2017 12:27] [PENJUALAN] CASHIER FORM : CALCULATE SUBTOTAL
[ADMIN] [1/31/2017 12:27] [PENJUALAN] CASHIER FORM : SUBTOTAL [0]
[ADMIN] [1/31/2017 12:27] [PENJUALAN] CASHIER FORM : TextBox_TextChanged, subtotal value [0]
[ADMIN] [1/31/2017 12:27] [PENJUALAN] CASHIER FORM : TextBox_TextChanged, attempt to calculate total value
[ADMIN] [1/31/2017 12:27] [PENJUALAN] CASHIER FORM : calculateTotal
[ADMIN] [1/31/2017 12:27] [PENJUALAN] CASHIER FORM : calculateTotal [0]
[ADMIN] [1/31/2017 12:27] [PENJUALAN] CASHIER FORM : calculateTotal, totalAfterDisc [0]
[ADMIN] [1/31/2017 12:27] [PENJUALAN] CASHIER FORM : calculateChangeValue, bayarTextBox.Text [0]
[ADMIN] [1/31/2017 12:27] [PENJUALAN] CASHIER FORM : calculateChangeValue, sisaBayar [0]
[ADMIN] [1/31/2017 12:27] [PENJUALAN] CASHIER FORM : cashierDataGridView_CellValueChanged [jumlah]
[ADMIN] [1/31/2017 12:27] [PENJUALAN] CASHIER FORM : ComboBox_SelectedIndexChanged, attempt to calculate total
[ADMIN] [1/31/2017 12:27] [PENJUALAN] CASHIER FORM : calculateTotal
[ADMIN] [1/31/2017 12:27] [PENJUALAN] CASHIER FORM : calculateTotal [0]
[ADMIN] [1/31/2017 12:27] [PENJUALAN] CASHIER FORM : calculateTotal, totalAfterDisc [0]
[ADMIN] [1/31/2017 12:27] [PENJUALAN] CASHIER FORM : calculateChangeValue, bayarTextBox.Text [0]
[ADMIN] [1/31/2017 12:27] [PENJUALAN] CASHIER FORM : calculateChangeValue, sisaBayar [0]
[ADMIN] [1/31/2017 12:27] [PENJUALAN] CASHIER FORM : cashierDataGridView_CellValueChanged [productPrice]
[ADMIN] [1/31/2017 12:27] [PENJUALAN] CASHIER FORM : TextBox_TextChanged, previousInput []
[ADMIN] [1/31/2017 12:27] [PENJUALAN] CASHIER FORM : TextBox_TextChanged, dataGridViewTextBoxEditingControl.Text pass REGEX Checking
[ADMIN] [1/31/2017 12:27] [PENJUALAN] CASHIER FORM : CALCULATE SUBTOTAL
[ADMIN] [1/31/2017 12:27] [PENJUALAN] CASHIER FORM : SUBTOTAL [0]
[ADMIN] [1/31/2017 12:27] [PENJUALAN] CASHIER FORM : TextBox_TextChanged, subtotal value [0]
[ADMIN] [1/31/2017 12:27] [PENJUALAN] CASHIER FORM : TextBox_TextChanged, attempt to calculate total value
[ADMIN] [1/31/2017 12:27] [PENJUALAN] CASHIER FORM : calculateTotal
[ADMIN] [1/31/2017 12:27] [PENJUALAN] CASHIER FORM : calculateTotal [0]
[ADMIN] [1/31/2017 12:27] [PENJUALAN] CASHIER FORM : calculateTotal, totalAfterDisc [0]
[ADMIN] [1/31/2017 12:27] [PENJUALAN] CASHIER FORM : calculateChangeValue, bayarTextBox.Text [0]
[ADMIN] [1/31/2017 12:27] [PENJUALAN] CASHIER FORM : calculateChangeValue, sisaBayar [0]
[ADMIN] [1/31/2017 12:27] [PENJUALAN] CASHIER FORM : cashierDataGridView_CellValueChanged [productPrice]
[ADMIN] [1/31/2017 12:27] [PENJUALAN] CASHIER FORM : TextBox_TextChanged, previousInput []
[ADMIN] [1/31/2017 12:27] [PENJUALAN] CASHIER FORM : TextBox_TextChanged, dataGridViewTextBoxEditingControl.Text pass REGEX Checking
[ADMIN] [1/31/2017 12:27] [PENJUALAN] CASHIER FORM : CALCULATE SUBTOTAL
[ADMIN] [1/31/2017 12:27] [PENJUALAN] CASHIER FORM : SUBTOTAL [0]
[ADMIN] [1/31/2017 12:27] [PENJUALAN] CASHIER FORM : TextBox_TextChanged, subtotal value [0]
[ADMIN] [1/31/2017 12:27] [PENJUALAN] CASHIER FORM : TextBox_TextChanged, attempt to calculate total value
[ADMIN] [1/31/2017 12:27] [PENJUALAN] CASHIER FORM : calculateTotal
[ADMIN] [1/31/2017 12:27] [PENJUALAN] CASHIER FORM : calculateTotal [0]
[ADMIN] [1/31/2017 12:27] [PENJUALAN] CASHIER FORM : calculateTotal, totalAfterDisc [0]
[ADMIN] [1/31/2017 12:27] [PENJUALAN] CASHIER FORM : calculateChangeValue, bayarTextBox.Text [0]
[ADMIN] [1/31/2017 12:27] [PENJUALAN] CASHIER FORM : calculateChangeValue, sisaBayar [0]
[ADMIN] [1/31/2017 12:27] [PENJUALAN] CASHIER FORM : cashierDataGridView_CellValueChanged [productPrice]
[ADMIN] [1/31/2017 12:27] [PENJUALAN] CASHIER FORM : TextBox_TextChanged, previousInput []
[ADMIN] [1/31/2017 12:27] [PENJUALAN] CASHIER FORM : TextBox_TextChanged, dataGridViewTextBoxEditingControl.Text pass REGEX Checking
[ADMIN] [1/31/2017 12:27] [PENJUALAN] CASHIER FORM : CALCULATE SUBTOTAL
[ADMIN] [1/31/2017 12:27] [PENJUALAN] CASHIER FORM : SUBTOTAL [0]
[ADMIN] [1/31/2017 12:27] [PENJUALAN] CASHIER FORM : TextBox_TextChanged, subtotal value [0]
[ADMIN] [1/31/2017 12:27] [PENJUALAN] CASHIER FORM : TextBox_TextChanged, attempt to calculate total value
[ADMIN] [1/31/2017 12:27] [PENJUALAN] CASHIER FORM : calculateTotal
[ADMIN] [1/31/2017 12:27] [PENJUALAN] CASHIER FORM : calculateTotal [0]
[ADMIN] [1/31/2017 12:27] [PENJUALAN] CASHIER FORM : calculateTotal, totalAfterDisc [0]
[ADMIN] [1/31/2017 12:27] [PENJUALAN] CASHIER FORM : calculateChangeValue, bayarTextBox.Text [0]
[ADMIN] [1/31/2017 12:27] [PENJUALAN] CASHIER FORM : calculateChangeValue, sisaBayar [0]
[ADMIN] [1/31/2017 12:27] [PENJUALAN] CASHIER FORM : cashierDataGridView_CellValueChanged [productPrice]
[ADMIN] [1/31/2017 12:27] [PENJUALAN] CASHIER FORM : TextBox_TextChanged, previousInput []
[ADMIN] [1/31/2017 12:27] [PENJUALAN] CASHIER FORM : TextBox_TextChanged, dataGridViewTextBoxEditingControl.Text pass REGEX Checking
[ADMIN] [1/31/2017 12:27] [PENJUALAN] CASHIER FORM : CALCULATE SUBTOTAL
[ADMIN] [1/31/2017 12:27] [PENJUALAN] CASHIER FORM : SUBTOTAL [0]
[ADMIN] [1/31/2017 12:27] [PENJUALAN] CASHIER FORM : TextBox_TextChanged, subtotal value [0]
[ADMIN] [1/31/2017 12:27] [PENJUALAN] CASHIER FORM : TextBox_TextChanged, attempt to calculate total value
[ADMIN] [1/31/2017 12:27] [PENJUALAN] CASHIER FORM : calculateTotal
[ADMIN] [1/31/2017 12:27] [PENJUALAN] CASHIER FORM : calculateTotal [0]
[ADMIN] [1/31/2017 12:27] [PENJUALAN] CASHIER FORM : calculateTotal, totalAfterDisc [0]
[ADMIN] [1/31/2017 12:27] [PENJUALAN] CASHIER FORM : calculateChangeValue, bayarTextBox.Text [0]
[ADMIN] [1/31/2017 12:27] [PENJUALAN] CASHIER FORM : calculateChangeValue, sisaBayar [0]
[ADMIN] [1/31/2017 12:27] [PENJUALAN] CASHIER FORM : cashierDataGridView_CellValueChanged [qty]
[ADMIN] [1/31/2017 12:27] [PENJUALAN] CASHIER FORM : TextBox_TextChanged, previousInput []
[ADMIN] [1/31/2017 12:27] [PENJUALAN] CASHIER FORM : TextBox_TextChanged, dataGridViewTextBoxEditingControl.Text pass REGEX Checking
[ADMIN] [1/31/2017 12:27] [] CHECK STOCK QTY IS ENOUGH [105]
[ADMIN] [1/31/2017 12:27] [] CHECK STOCK QTY IS ENOUGH [43, 2]
[ADMIN] [1/31/2017 12:27] [PENJUALAN] CASHIER FORM : CALCULATE SUBTOTAL
[ADMIN] [1/31/2017 12:27] [PENJUALAN] CASHIER FORM : SUBTOTAL [4000]
[ADMIN] [1/31/2017 12:27] [PENJUALAN] CASHIER FORM : TextBox_TextChanged, subtotal value [4000]
[ADMIN] [1/31/2017 12:27] [PENJUALAN] CASHIER FORM : TextBox_TextChanged, attempt to calculate total value
[ADMIN] [1/31/2017 12:27] [PENJUALAN] CASHIER FORM : calculateTotal
[ADMIN] [1/31/2017 12:27] [PENJUALAN] CASHIER FORM : calculateTotal [4000]
[ADMIN] [1/31/2017 12:27] [PENJUALAN] CASHIER FORM : calculateTotal, totalAfterDisc [4000]
[ADMIN] [1/31/2017 12:27] [PENJUALAN] CASHIER FORM : calculateChangeValue, bayarTextBox.Text [0]
[ADMIN] [1/31/2017 12:27] [PENJUALAN] CASHIER FORM : calculateChangeValue, sisaBayar [0]
[ADMIN] [1/31/2017 12:27] [PENJUALAN] CASHIER FORM : cashierDataGridView_CellValueChanged [qty]
[ADMIN] [1/31/2017 12:27] [PENJUALAN] CASHIER FORM : TextBox_TextChanged, previousInput []
[ADMIN] [1/31/2017 12:27] [PENJUALAN] CASHIER FORM : TextBox_TextChanged, dataGridViewTextBoxEditingControl.Text pass REGEX Checking
[ADMIN] [1/31/2017 12:27] [] CHECK STOCK QTY IS ENOUGH [105]
[ADMIN] [1/31/2017 12:27] [] CHECK STOCK QTY IS ENOUGH [43, 22]
[ADMIN] [1/31/2017 12:27] [PENJUALAN] CASHIER FORM : CALCULATE SUBTOTAL
[ADMIN] [1/31/2017 12:27] [PENJUALAN] CASHIER FORM : SUBTOTAL [44000]
[ADMIN] [1/31/2017 12:27] [PENJUALAN] CASHIER FORM : TextBox_TextChanged, subtotal value [44000]
[ADMIN] [1/31/2017 12:27] [PENJUALAN] CASHIER FORM : TextBox_TextChanged, attempt to calculate total value
[ADMIN] [1/31/2017 12:27] [PENJUALAN] CASHIER FORM : calculateTotal
[ADMIN] [1/31/2017 12:27] [PENJUALAN] CASHIER FORM : calculateTotal [44000]
[ADMIN] [1/31/2017 12:27] [PENJUALAN] CASHIER FORM : calculateTotal, totalAfterDisc [44000]
[ADMIN] [1/31/2017 12:27] [PENJUALAN] CASHIER FORM : calculateChangeValue, bayarTextBox.Text [0]
[ADMIN] [1/31/2017 12:27] [PENJUALAN] CASHIER FORM : calculateChangeValue, sisaBayar [0]
[ADMIN] [1/31/2017 12:27] [PENJUALAN] CASHIER FORM : DISPLAY PELANGGAN FORM
[ADMIN] [1/31/2017 12:27] [PENJUALAN] CASHIER FORM : UNREGISTER HOTKEY
[ADMIN] [1/31/2017 12:27] [PENJUALAN] CASHIER FORM : SELECTED CUSTOMER ID [1]
[ADMIN] [1/31/2017 12:27] [PENJUALAN] CASHIER FORM : ATTEMPT TO SET CUSTOMER PROFILE
[ADMIN] [1/31/2017 12:27] [PENJUALAN] CASHIER FORM : SET CUSTOMER PROFILE [PELANGGAN 1]
[ADMIN] [1/31/2017 12:27] [PENJUALAN] CASHIER FORM : CUSTOMER GROUP [P-UMUM [ECER]]
[ADMIN] [1/31/2017 12:27] [PENJUALAN] CASHIER FORM : FINISHED SET CUSTOMER PROFILE
[ADMIN] [1/31/2017 12:27] [PENJUALAN] CASHIER FORM : ATTEMPT TO REFRESH PRODUCT PRICE
[ADMIN] [1/31/2017 12:27] [PENJUALAN] CASHIER FORM : PRODUCT PRICE TYPE [PRODUCT_RETAIL_PRICE]
[ADMIN] [1/31/2017 12:27] [PENJUALAN] CASHIER FORM : PRODUCT PRICE [1]
[ADMIN] [1/31/2017 12:27] [PENJUALAN] CASHIER FORM : cashierDataGridView_CellValueChanged [productPrice]
[ADMIN] [1/31/2017 12:27] [PENJUALAN] CASHIER FORM : TextBox_TextChanged, previousInput []
[ADMIN] [1/31/2017 12:27] [PENJUALAN] CASHIER FORM : TextBox_TextChanged, dataGridViewTextBoxEditingControl.Text pass REGEX Checking
[ADMIN] [1/31/2017 12:27] [PENJUALAN] CASHIER FORM : CALCULATE SUBTOTAL
[ADMIN] [1/31/2017 12:27] [PENJUALAN] CASHIER FORM : SUBTOTAL [22]
[ADMIN] [1/31/2017 12:27] [PENJUALAN] CASHIER FORM : TextBox_TextChanged, subtotal value [22]
[ADMIN] [1/31/2017 12:27] [PENJUALAN] CASHIER FORM : TextBox_TextChanged, attempt to calculate total value
[ADMIN] [1/31/2017 12:27] [PENJUALAN] CASHIER FORM : calculateTotal
[ADMIN] [1/31/2017 12:27] [PENJUALAN] CASHIER FORM : calculateTotal [22]
[ADMIN] [1/31/2017 12:27] [PENJUALAN] CASHIER FORM : calculateTotal, totalAfterDisc [22]
[ADMIN] [1/31/2017 12:27] [PENJUALAN] CASHIER FORM : calculateChangeValue, bayarTextBox.Text [0]
[ADMIN] [1/31/2017 12:27] [PENJUALAN] CASHIER FORM : calculateChangeValue, sisaBayar [0]
[ADMIN] [1/31/2017 12:27] [PENJUALAN] CASHIER FORM : CHECK IF THERE'S ANY ENTRY IN THE PRODUCT DISC
[ADMIN] [1/31/2017 12:27] [PENJUALAN] CASHIER FORM : cashierDataGridView_CellValueChanged [disc1]
[ADMIN] [1/31/2017 12:27] [PENJUALAN] CASHIER FORM : TextBox_TextChanged, previousInput []
[ADMIN] [1/31/2017 12:27] [PENJUALAN] CASHIER FORM : TextBox_TextChanged, dataGridViewTextBoxEditingControl.Text pass REGEX Checking
[ADMIN] [1/31/2017 12:27] [PENJUALAN] CASHIER FORM : CALCULATE SUBTOTAL
[ADMIN] [1/31/2017 12:27] [PENJUALAN] CASHIER FORM : SUBTOTAL [22]
[ADMIN] [1/31/2017 12:27] [PENJUALAN] CASHIER FORM : TextBox_TextChanged, subtotal value [22]
[ADMIN] [1/31/2017 12:27] [PENJUALAN] CASHIER FORM : TextBox_TextChanged, attempt to calculate total value
[ADMIN] [1/31/2017 12:27] [PENJUALAN] CASHIER FORM : calculateTotal
[ADMIN] [1/31/2017 12:27] [PENJUALAN] CASHIER FORM : calculateTotal [22]
[ADMIN] [1/31/2017 12:27] [PENJUALAN] CASHIER FORM : calculateTotal, totalAfterDisc [22]
[ADMIN] [1/31/2017 12:27] [PENJUALAN] CASHIER FORM : calculateChangeValue, bayarTextBox.Text [0]
[ADMIN] [1/31/2017 12:27] [PENJUALAN] CASHIER FORM : calculateChangeValue, sisaBayar [0]
[ADMIN] [1/31/2017 12:27] [PENJUALAN] CASHIER FORM : cashierDataGridView_CellValueChanged [disc2]
[ADMIN] [1/31/2017 12:27] [PENJUALAN] CASHIER FORM : TextBox_TextChanged, previousInput []
[ADMIN] [1/31/2017 12:27] [PENJUALAN] CASHIER FORM : TextBox_TextChanged, dataGridViewTextBoxEditingControl.Text pass REGEX Checking
[ADMIN] [1/31/2017 12:27] [PENJUALAN] CASHIER FORM : CALCULATE SUBTOTAL
[ADMIN] [1/31/2017 12:27] [PENJUALAN] CASHIER FORM : SUBTOTAL [22]
[ADMIN] [1/31/2017 12:27] [PENJUALAN] CASHIER FORM : TextBox_TextChanged, subtotal value [22]
[ADMIN] [1/31/2017 12:27] [PENJUALAN] CASHIER FORM : TextBox_TextChanged, attempt to calculate total value
[ADMIN] [1/31/2017 12:27] [PENJUALAN] CASHIER FORM : calculateTotal
[ADMIN] [1/31/2017 12:27] [PENJUALAN] CASHIER FORM : calculateTotal [22]
[ADMIN] [1/31/2017 12:27] [PENJUALAN] CASHIER FORM : calculateTotal, totalAfterDisc [22]
[ADMIN] [1/31/2017 12:27] [PENJUALAN] CASHIER FORM : calculateChangeValue, bayarTextBox.Text [0]
[ADMIN] [1/31/2017 12:27] [PENJUALAN] CASHIER FORM : calculateChangeValue, sisaBayar [0]
[ADMIN] [1/31/2017 12:27] [PENJUALAN] CASHIER FORM : cashierDataGridView_CellValueChanged [discRP]
[ADMIN] [1/31/2017 12:27] [PENJUALAN] CASHIER FORM : TextBox_TextChanged, previousInput []
[ADMIN] [1/31/2017 12:27] [PENJUALAN] CASHIER FORM : TextBox_TextChanged, dataGridViewTextBoxEditingControl.Text pass REGEX Checking
[ADMIN] [1/31/2017 12:27] [PENJUALAN] CASHIER FORM : CALCULATE SUBTOTAL
[ADMIN] [1/31/2017 12:27] [PENJUALAN] CASHIER FORM : SUBTOTAL [22]
[ADMIN] [1/31/2017 12:27] [PENJUALAN] CASHIER FORM : TextBox_TextChanged, subtotal value [22]
[ADMIN] [1/31/2017 12:27] [PENJUALAN] CASHIER FORM : TextBox_TextChanged, attempt to calculate total value
[ADMIN] [1/31/2017 12:27] [PENJUALAN] CASHIER FORM : calculateTotal
[ADMIN] [1/31/2017 12:27] [PENJUALAN] CASHIER FORM : calculateTotal [22]
[ADMIN] [1/31/2017 12:27] [PENJUALAN] CASHIER FORM : calculateTotal, totalAfterDisc [22]
[ADMIN] [1/31/2017 12:27] [PENJUALAN] CASHIER FORM : calculateChangeValue, bayarTextBox.Text [0]
[ADMIN] [1/31/2017 12:27] [PENJUALAN] CASHIER FORM : calculateChangeValue, sisaBayar [0]
[ADMIN] [1/31/2017 12:27] [PENJUALAN] CASHIER FORM : CALCULATE SUBTOTAL
[ADMIN] [1/31/2017 12:27] [PENJUALAN] CASHIER FORM : SUBTOTAL [22]
[ADMIN] [1/31/2017 12:27] [PENJUALAN] CASHIER FORM : calculateTotal
[ADMIN] [1/31/2017 12:27] [PENJUALAN] CASHIER FORM : calculateTotal [22]
[ADMIN] [1/31/2017 12:27] [PENJUALAN] CASHIER FORM : calculateTotal, totalAfterDisc [22]
[ADMIN] [1/31/2017 12:27] [PENJUALAN] CASHIER FORM : calculateChangeValue, bayarTextBox.Text [0]
[ADMIN] [1/31/2017 12:27] [PENJUALAN] CASHIER FORM : calculateChangeValue, sisaBayar [0]
[ADMIN] [1/31/2017 12:27] [PENJUALAN] CASHIER FORM : PRODUCT PRICE REFRESHED
[ADMIN] [1/31/2017 12:27] [PENJUALAN] CASHIER FORM : REGISTER HOTKEY
[ADMIN] [1/31/2017 12:27] [PENJUALAN] CASHIER FORM : HOTKEY TO SAVE AND PRINT OUT INVOICE PRESSED
[ADMIN] [1/31/2017 12:27] [PENJUALAN] CASHIER FORM : UNREGISTER HOTKEY
[ADMIN] [1/31/2017 12:28] [PENJUALAN] CASHIER FORM : REGISTER HOTKEY
[ADMIN] [1/31/2017 12:28] [PENJUALAN] CASHIER FORM : cashierDataGridView_CellValueChanged [productPrice]
[ADMIN] [1/31/2017 12:28] [PENJUALAN] CASHIER FORM : TextBox_TextChanged, previousInput []
[ADMIN] [1/31/2017 12:28] [PENJUALAN] CASHIER FORM : TextBox_TextChanged, dataGridViewTextBoxEditingControl.Text pass REGEX Checking
[ADMIN] [1/31/2017 12:28] [PENJUALAN] CASHIER FORM : CALCULATE SUBTOTAL
[ADMIN] [1/31/2017 12:28] [PENJUALAN] CASHIER FORM : SUBTOTAL [44]
[ADMIN] [1/31/2017 12:28] [PENJUALAN] CASHIER FORM : TextBox_TextChanged, subtotal value [44]
[ADMIN] [1/31/2017 12:28] [PENJUALAN] CASHIER FORM : TextBox_TextChanged, attempt to calculate total value
[ADMIN] [1/31/2017 12:28] [PENJUALAN] CASHIER FORM : calculateTotal
[ADMIN] [1/31/2017 12:28] [PENJUALAN] CASHIER FORM : calculateTotal [44]
[ADMIN] [1/31/2017 12:28] [PENJUALAN] CASHIER FORM : calculateTotal, totalAfterDisc [44]
[ADMIN] [1/31/2017 12:28] [PENJUALAN] CASHIER FORM : calculateChangeValue, bayarTextBox.Text [0]
[ADMIN] [1/31/2017 12:28] [PENJUALAN] CASHIER FORM : calculateChangeValue, sisaBayar [0]
[ADMIN] [1/31/2017 12:28] [PENJUALAN] CASHIER FORM : cashierDataGridView_CellValueChanged [productPrice]
[ADMIN] [1/31/2017 12:28] [PENJUALAN] CASHIER FORM : TextBox_TextChanged, previousInput []
[ADMIN] [1/31/2017 12:28] [PENJUALAN] CASHIER FORM : TextBox_TextChanged, dataGridViewTextBoxEditingControl.Text pass REGEX Checking
[ADMIN] [1/31/2017 12:28] [PENJUALAN] CASHIER FORM : CALCULATE SUBTOTAL
[ADMIN] [1/31/2017 12:28] [PENJUALAN] CASHIER FORM : SUBTOTAL [440]
[ADMIN] [1/31/2017 12:28] [PENJUALAN] CASHIER FORM : TextBox_TextChanged, subtotal value [440]
[ADMIN] [1/31/2017 12:28] [PENJUALAN] CASHIER FORM : TextBox_TextChanged, attempt to calculate total value
[ADMIN] [1/31/2017 12:28] [PENJUALAN] CASHIER FORM : calculateTotal
[ADMIN] [1/31/2017 12:28] [PENJUALAN] CASHIER FORM : calculateTotal [440]
[ADMIN] [1/31/2017 12:28] [PENJUALAN] CASHIER FORM : calculateTotal, totalAfterDisc [440]
[ADMIN] [1/31/2017 12:28] [PENJUALAN] CASHIER FORM : calculateChangeValue, bayarTextBox.Text [0]
[ADMIN] [1/31/2017 12:28] [PENJUALAN] CASHIER FORM : calculateChangeValue, sisaBayar [0]
[ADMIN] [1/31/2017 12:28] [PENJUALAN] CASHIER FORM : cashierDataGridView_CellValueChanged [productPrice]
[ADMIN] [1/31/2017 12:28] [PENJUALAN] CASHIER FORM : TextBox_TextChanged, previousInput []
[ADMIN] [1/31/2017 12:28] [PENJUALAN] CASHIER FORM : TextBox_TextChanged, dataGridViewTextBoxEditingControl.Text pass REGEX Checking
[ADMIN] [1/31/2017 12:28] [PENJUALAN] CASHIER FORM : CALCULATE SUBTOTAL
[ADMIN] [1/31/2017 12:28] [PENJUALAN] CASHIER FORM : SUBTOTAL [4400]
[ADMIN] [1/31/2017 12:28] [PENJUALAN] CASHIER FORM : TextBox_TextChanged, subtotal value [4400]
[ADMIN] [1/31/2017 12:28] [PENJUALAN] CASHIER FORM : TextBox_TextChanged, attempt to calculate total value
[ADMIN] [1/31/2017 12:28] [PENJUALAN] CASHIER FORM : calculateTotal
[ADMIN] [1/31/2017 12:28] [PENJUALAN] CASHIER FORM : calculateTotal [4400]
[ADMIN] [1/31/2017 12:28] [PENJUALAN] CASHIER FORM : calculateTotal, totalAfterDisc [4400]
[ADMIN] [1/31/2017 12:28] [PENJUALAN] CASHIER FORM : calculateChangeValue, bayarTextBox.Text [0]
[ADMIN] [1/31/2017 12:28] [PENJUALAN] CASHIER FORM : calculateChangeValue, sisaBayar [0]
[ADMIN] [1/31/2017 12:28] [PENJUALAN] CASHIER FORM : cashierDataGridView_CellValueChanged [productPrice]
[ADMIN] [1/31/2017 12:28] [PENJUALAN] CASHIER FORM : TextBox_TextChanged, previousInput []
[ADMIN] [1/31/2017 12:28] [PENJUALAN] CASHIER FORM : TextBox_TextChanged, dataGridViewTextBoxEditingControl.Text pass REGEX Checking
[ADMIN] [1/31/2017 12:28] [PENJUALAN] CASHIER FORM : CALCULATE SUBTOTAL
[ADMIN] [1/31/2017 12:28] [PENJUALAN] CASHIER FORM : SUBTOTAL [44000]
[ADMIN] [1/31/2017 12:28] [PENJUALAN] CASHIER FORM : TextBox_TextChanged, subtotal value [44000]
[ADMIN] [1/31/2017 12:28] [PENJUALAN] CASHIER FORM : TextBox_TextChanged, attempt to calculate total value
[ADMIN] [1/31/2017 12:28] [PENJUALAN] CASHIER FORM : calculateTotal
[ADMIN] [1/31/2017 12:28] [PENJUALAN] CASHIER FORM : calculateTotal [44000]
[ADMIN] [1/31/2017 12:28] [PENJUALAN] CASHIER FORM : calculateTotal, totalAfterDisc [44000]
[ADMIN] [1/31/2017 12:28] [PENJUALAN] CASHIER FORM : calculateChangeValue, bayarTextBox.Text [0]
[ADMIN] [1/31/2017 12:28] [PENJUALAN] CASHIER FORM : calculateChangeValue, sisaBayar [0]
[ADMIN] [1/31/2017 12:28] [PENJUALAN] CASHIER FORM : HOTKEY TO SAVE AND PRINT OUT INVOICE PRESSED
[ADMIN] [1/31/2017 12:28] [PENJUALAN] CASHIER FORM : UNREGISTER HOTKEY
[ADMIN] [1/31/2017 12:28] [PENJUALAN] CASHIER FORM : REGISTER HOTKEY
[ADMIN] [1/31/2017 12:28] [PENJUALAN] ATTEMPT TO SAVE AND PRINT OUT INVOICE
[ADMIN] [1/31/2017 12:28] [] CHECK STOCK QTY IS ENOUGH [105]
[ADMIN] [1/31/2017 12:28] [] CHECK STOCK QTY IS ENOUGH [43, 22]
[ADMIN] [1/31/2017 12:28] [PENJUALAN] CASHIER FORM : UNREGISTER HOTKEY
[ADMIN] [1/31/2017 12:28] [PENJUALAN] CASHIER FORM : REGISTER HOTKEY
[ADMIN] [1/31/2017 12:28] [PENJUALAN] CASHIER FORM : cashierDataGridView_CellValueChanged [qty]
[ADMIN] [1/31/2017 12:28] [PENJUALAN] CASHIER FORM : TextBox_TextChanged, previousInput []
[ADMIN] [1/31/2017 12:28] [PENJUALAN] CASHIER FORM : TextBox_TextChanged, dataGridViewTextBoxEditingControl.Text pass REGEX Checking
[ADMIN] [1/31/2017 12:28] [] CHECK STOCK QTY IS ENOUGH [105]
[ADMIN] [1/31/2017 12:28] [] CHECK STOCK QTY IS ENOUGH [43, 1]
[ADMIN] [1/31/2017 12:28] [PENJUALAN] CASHIER FORM : CALCULATE SUBTOTAL
[ADMIN] [1/31/2017 12:28] [PENJUALAN] CASHIER FORM : SUBTOTAL [2000]
[ADMIN] [1/31/2017 12:28] [PENJUALAN] CASHIER FORM : TextBox_TextChanged, subtotal value [2000]
[ADMIN] [1/31/2017 12:28] [PENJUALAN] CASHIER FORM : TextBox_TextChanged, attempt to calculate total value
[ADMIN] [1/31/2017 12:28] [PENJUALAN] CASHIER FORM : calculateTotal
[ADMIN] [1/31/2017 12:28] [PENJUALAN] CASHIER FORM : calculateTotal [2000]
[ADMIN] [1/31/2017 12:28] [PENJUALAN] CASHIER FORM : calculateTotal, totalAfterDisc [2000]
[ADMIN] [1/31/2017 12:28] [PENJUALAN] CASHIER FORM : calculateChangeValue, bayarTextBox.Text [0]
[ADMIN] [1/31/2017 12:28] [PENJUALAN] CASHIER FORM : calculateChangeValue, sisaBayar [0]
[ADMIN] [1/31/2017 12:28] [PENJUALAN] CASHIER FORM : HOTKEY TO SAVE AND PRINT OUT INVOICE PRESSED
[ADMIN] [1/31/2017 12:28] [PENJUALAN] CASHIER FORM : UNREGISTER HOTKEY
[ADMIN] [1/31/2017 12:28] [PENJUALAN] CASHIER FORM : REGISTER HOTKEY
[ADMIN] [1/31/2017 12:28] [PENJUALAN] ATTEMPT TO SAVE AND PRINT OUT INVOICE
[ADMIN] [1/31/2017 12:28] [] CHECK STOCK QTY IS ENOUGH [105]
[ADMIN] [1/31/2017 12:28] [] CHECK STOCK QTY IS ENOUGH [43, 1]
[ADMIN] [1/31/2017 12:28] [PENJUALAN] CASHIER FORM : UNREGISTER HOTKEY
[ADMIN] [1/31/2017 12:28] [PENJUALAN] CASHIER FORM : REGISTER HOTKEY
[ADMIN] [1/31/2017 12:28] [PENJUALAN] CASHIER FORM : cashierDataGridView_CellValueChanged [qty]
[ADMIN] [1/31/2017 12:28] [PENJUALAN] CASHIER FORM : TextBox_TextChanged, previousInput []
[ADMIN] [1/31/2017 12:28] [PENJUALAN] CASHIER FORM : TextBox_TextChanged, dataGridViewTextBoxEditingControl.Text pass REGEX Checking
[ADMIN] [1/31/2017 12:28] [] CHECK STOCK QTY IS ENOUGH [105]
[ADMIN] [1/31/2017 12:28] [] CHECK STOCK QTY IS ENOUGH [43, 10]
[ADMIN] [1/31/2017 12:28] [PENJUALAN] CASHIER FORM : CALCULATE SUBTOTAL
[ADMIN] [1/31/2017 12:28] [PENJUALAN] CASHIER FORM : SUBTOTAL [20000]
[ADMIN] [1/31/2017 12:28] [PENJUALAN] CASHIER FORM : TextBox_TextChanged, subtotal value [20000]
[ADMIN] [1/31/2017 12:28] [PENJUALAN] CASHIER FORM : TextBox_TextChanged, attempt to calculate total value
[ADMIN] [1/31/2017 12:28] [PENJUALAN] CASHIER FORM : calculateTotal
[ADMIN] [1/31/2017 12:28] [PENJUALAN] CASHIER FORM : calculateTotal [20000]
[ADMIN] [1/31/2017 12:28] [PENJUALAN] CASHIER FORM : calculateTotal, totalAfterDisc [20000]
[ADMIN] [1/31/2017 12:28] [PENJUALAN] CASHIER FORM : calculateChangeValue, bayarTextBox.Text [0]
[ADMIN] [1/31/2017 12:28] [PENJUALAN] CASHIER FORM : calculateChangeValue, sisaBayar [0]
[ADMIN] [1/31/2017 12:28] [PENJUALAN] CASHIER FORM : cashierDataGridView_CellValueChanged [qty]
[ADMIN] [1/31/2017 12:28] [PENJUALAN] CASHIER FORM : TextBox_TextChanged, previousInput []
[ADMIN] [1/31/2017 12:28] [PENJUALAN] CASHIER FORM : TextBox_TextChanged, dataGridViewTextBoxEditingControl.Text pass REGEX Checking
[ADMIN] [1/31/2017 12:28] [] CHECK STOCK QTY IS ENOUGH [105]
[ADMIN] [1/31/2017 12:28] [] CHECK STOCK QTY IS ENOUGH [43, 1]
[ADMIN] [1/31/2017 12:28] [PENJUALAN] CASHIER FORM : CALCULATE SUBTOTAL
[ADMIN] [1/31/2017 12:28] [PENJUALAN] CASHIER FORM : SUBTOTAL [2000]
[ADMIN] [1/31/2017 12:28] [PENJUALAN] CASHIER FORM : TextBox_TextChanged, subtotal value [2000]
[ADMIN] [1/31/2017 12:28] [PENJUALAN] CASHIER FORM : TextBox_TextChanged, attempt to calculate total value
[ADMIN] [1/31/2017 12:28] [PENJUALAN] CASHIER FORM : calculateTotal
[ADMIN] [1/31/2017 12:28] [PENJUALAN] CASHIER FORM : calculateTotal [2000]
[ADMIN] [1/31/2017 12:28] [PENJUALAN] CASHIER FORM : calculateTotal, totalAfterDisc [2000]
[ADMIN] [1/31/2017 12:28] [PENJUALAN] CASHIER FORM : calculateChangeValue, bayarTextBox.Text [0]
[ADMIN] [1/31/2017 12:28] [PENJUALAN] CASHIER FORM : calculateChangeValue, sisaBayar [0]
[ADMIN] [1/31/2017 12:28] [PENJUALAN] CASHIER FORM : cashierDataGridView_CellValueChanged [qty]
[ADMIN] [1/31/2017 12:28] [PENJUALAN] CASHIER FORM : cashierDataGridView_CellValueChanged , empty texbox, reset [qty] value to 0
[ADMIN] [1/31/2017 12:28] [PENJUALAN] CASHIER FORM : TextBox_TextChanged, recalculate total value
[ADMIN] [1/31/2017 12:28] [PENJUALAN] CASHIER FORM : calculateTotal
[ADMIN] [1/31/2017 12:28] [PENJUALAN] CASHIER FORM : calculateTotal [0]
[ADMIN] [1/31/2017 12:28] [PENJUALAN] CASHIER FORM : calculateTotal, totalAfterDisc [0]
[ADMIN] [1/31/2017 12:28] [PENJUALAN] CASHIER FORM : calculateChangeValue, bayarTextBox.Text [0]
[ADMIN] [1/31/2017 12:28] [PENJUALAN] CASHIER FORM : calculateChangeValue, sisaBayar [0]
[ADMIN] [1/31/2017 12:28] [PENJUALAN] CASHIER FORM : cashierDataGridView_CellValueChanged [qty]
[ADMIN] [1/31/2017 12:28] [PENJUALAN] CASHIER FORM : TextBox_TextChanged, previousInput []
[ADMIN] [1/31/2017 12:28] [PENJUALAN] CASHIER FORM : TextBox_TextChanged, dataGridViewTextBoxEditingControl.Text pass REGEX Checking
[ADMIN] [1/31/2017 12:28] [] CHECK STOCK QTY IS ENOUGH [105]
[ADMIN] [1/31/2017 12:28] [] CHECK STOCK QTY IS ENOUGH [43, 2]
[ADMIN] [1/31/2017 12:28] [PENJUALAN] CASHIER FORM : CALCULATE SUBTOTAL
[ADMIN] [1/31/2017 12:28] [PENJUALAN] CASHIER FORM : SUBTOTAL [4000]
[ADMIN] [1/31/2017 12:28] [PENJUALAN] CASHIER FORM : TextBox_TextChanged, subtotal value [4000]
[ADMIN] [1/31/2017 12:28] [PENJUALAN] CASHIER FORM : TextBox_TextChanged, attempt to calculate total value
[ADMIN] [1/31/2017 12:28] [PENJUALAN] CASHIER FORM : calculateTotal
[ADMIN] [1/31/2017 12:28] [PENJUALAN] CASHIER FORM : calculateTotal [4000]
[ADMIN] [1/31/2017 12:28] [PENJUALAN] CASHIER FORM : calculateTotal, totalAfterDisc [4000]
[ADMIN] [1/31/2017 12:28] [PENJUALAN] CASHIER FORM : calculateChangeValue, bayarTextBox.Text [0]
[ADMIN] [1/31/2017 12:28] [PENJUALAN] CASHIER FORM : calculateChangeValue, sisaBayar [0]
[ADMIN] [1/31/2017 12:28] [PENJUALAN] CASHIER FORM : cashierDataGridView_CellValueChanged [qty]
[ADMIN] [1/31/2017 12:28] [PENJUALAN] CASHIER FORM : TextBox_TextChanged, previousInput []
[ADMIN] [1/31/2017 12:28] [PENJUALAN] CASHIER FORM : TextBox_TextChanged, dataGridViewTextBoxEditingControl.Text pass REGEX Checking
[ADMIN] [1/31/2017 12:28] [] CHECK STOCK QTY IS ENOUGH [105]
[ADMIN] [1/31/2017 12:28] [] CHECK STOCK QTY IS ENOUGH [43, 20]
[ADMIN] [1/31/2017 12:28] [PENJUALAN] CASHIER FORM : CALCULATE SUBTOTAL
[ADMIN] [1/31/2017 12:28] [PENJUALAN] CASHIER FORM : SUBTOTAL [40000]
[ADMIN] [1/31/2017 12:28] [PENJUALAN] CASHIER FORM : TextBox_TextChanged, subtotal value [40000]
[ADMIN] [1/31/2017 12:28] [PENJUALAN] CASHIER FORM : TextBox_TextChanged, attempt to calculate total value
[ADMIN] [1/31/2017 12:28] [PENJUALAN] CASHIER FORM : calculateTotal
[ADMIN] [1/31/2017 12:28] [PENJUALAN] CASHIER FORM : calculateTotal [40000]
[ADMIN] [1/31/2017 12:28] [PENJUALAN] CASHIER FORM : calculateTotal, totalAfterDisc [40000]
[ADMIN] [1/31/2017 12:28] [PENJUALAN] CASHIER FORM : calculateChangeValue, bayarTextBox.Text [0]
[ADMIN] [1/31/2017 12:28] [PENJUALAN] CASHIER FORM : calculateChangeValue, sisaBayar [0]
[ADMIN] [1/31/2017 12:28] [PENJUALAN] CASHIER FORM : HOTKEY TO SAVE AND PRINT OUT INVOICE PRESSED
[ADMIN] [1/31/2017 12:28] [PENJUALAN] CASHIER FORM : UNREGISTER HOTKEY
[ADMIN] [1/31/2017 12:28] [PENJUALAN] CASHIER FORM : REGISTER HOTKEY
[ADMIN] [1/31/2017 12:28] [PENJUALAN] ATTEMPT TO SAVE AND PRINT OUT INVOICE
[ADMIN] [1/31/2017 12:28] [] CHECK STOCK QTY IS ENOUGH [105]
[ADMIN] [1/31/2017 12:28] [] CHECK STOCK QTY IS ENOUGH [43, 20]
[ADMIN] [1/31/2017 12:28] [PENJUALAN] CASHIER FORM : UNREGISTER HOTKEY
[ADMIN] [1/31/2017 12:28] [PENJUALAN] CASHIER FORM : ATTEMPT TO SAVE SALES DATA [31-01-2017 12:28]
[ADMIN] [1/31/2017 12:28] [PENJUALAN] CASHIER FORM : SALES DISC FINAL [0]
[ADMIN] [1/31/2017 12:28] [PENJUALAN] CASHIER FORM : NON CASH - SALES DUE DATE [12-02-2017]
[ADMIN] [1/31/2017 12:28] [PENJUALAN] CHECK IF TAX LIMIT SET FOR PERCENTAGE PURCHASE [0]
[ADMIN] [1/31/2017 12:28] [PENJUALAN] CHECK IF TAX LIMIT SET FOR AVERAGE DAILY PURCHASE [0]
[ADMIN] [1/31/2017 12:28] [PENJUALAN] CASHIER FORM : NO FAKTUR [SLO001]
[ADMIN] [1/31/2017 12:28] [PENJUALAN] CASHIER FORM : MAX SALES INVOICE [8]
[ADMIN] [1/31/2017 12:28] [PENJUALAN] CASHIER FORM : SALES INVOICE [SLO001-9]
[ADMIN] [1/31/2017 12:28] [PENJUALAN] INSERT INTO SALES HEADER [SLO001-9]
[ADMIN] [1/31/2017 12:28] [PENJUALAN] INSERT INTO SALES DETAIL[105, 2000, 20]
[ADMIN] [1/31/2017 12:28] [PENJUALAN] INSERT CUSTOMER PRODUCT DISC [105]
[ADMIN] [1/31/2017 12:28] [PENJUALAN] INSERT TO CREDIT TABLE [SLO001-9]
[ADMIN] [1/31/2017 12:28] [PENJUALAN] INSERT TO DAILY JOURNAL TABLE [40000]
[ADMIN] [1/31/2017 12:28] [PENJUALAN] CASHIER FORM : REGISTER HOTKEY
[ADMIN] [1/31/2017 12:28] [PENJUALAN] TRANSACTION SAVED
[ADMIN] [1/31/2017 12:28] [PENJUALAN] PRINT OUT INVOICE
[ADMIN] [1/31/2017 12:28] [PENJUALAN] CASHIER FORM : PrintReceipt
[ADMIN] [1/31/2017 12:28] [PENJUALAN] CASHIER FORM : PrintReceipt, papermode [0]
[ADMIN] [1/31/2017 12:28] [PENJUALAN] CASHIER FORM : PrintReceipt, display SalesReceiptForm
[ADMIN] [1/31/2017 12:29] [PENJUALAN] CASHIER FORM : UNREGISTER HOTKEY
[ADMIN] [1/31/2017 12:29] [PENJUALAN] CASHIER FORM : REGISTER HOTKEY
[ADMIN] [1/31/2017 12:29] [PENJUALAN] VALIDATE USER CREDIT STATUS
[ADMIN] [1/31/2017 12:29] [PENJUALAN] CASHIER FORM : UNREGISTER HOTKEY
[ADMIN] [1/31/2017 12:29] [PENJUALAN] CASHIER FORM : REGISTER HOTKEY
[ADMIN] [1/31/2017 12:29] [PENJUALAN] CASHIER FORM : UNREGISTER HOTKEY
[ADMIN] [1/31/2017 12:29] [PENJUALAN] CASHIER FORM : UNREGISTER HOTKEY
[] [1/31/2017 12:31] [] USER = ADMIN IS ACTIVE
[ADMIN] [1/31/2017 12:31] [] USER ID = 1 LOGIN SUCCESSFULLY
[ADMIN] [1/31/2017 12:31] [] ACTIVATE USER ACCESS RIGHT
[ADMIN] [1/31/2017 12:31] [] DISPLAY ADMIN FORM
[ADMIN] [1/31/2017 12:31] [] adminForm Load
[ADMIN] [1/31/2017 12:31] [] ACTIVATE USER ACCESS RIGHT
[] [1/31/2017 12:32] [] USER = ADMIN IS ACTIVE
[ADMIN] [1/31/2017 12:32] [] USER ID = 1 LOGIN SUCCESSFULLY
[ADMIN] [1/31/2017 12:32] [] ACTIVATE USER ACCESS RIGHT
[ADMIN] [1/31/2017 12:32] [] DISPLAY ADMIN FORM
[ADMIN] [1/31/2017 12:32] [] adminForm Load
[ADMIN] [1/31/2017 12:32] [] ACTIVATE USER ACCESS RIGHT
[ADMIN] [1/31/2017 12:35] [PEMBAYARAN PIUTANG] ATTEMPT TO SAVE PAYMENT CREDIT
[ADMIN] [1/31/2017 12:35] [PEMBAYARAN PIUTANG] PAYMENT CREDIT BY CASH
[ADMIN] [1/31/2017 12:35] [PEMBAYARAN PIUTANG] BRANCH ID [0]
[ADMIN] [1/31/2017 12:35] [PEMBAYARAN PIUTANG] INSERT INTO PAYMENT CREDIT [9, 20]
[ADMIN] [1/31/2017 12:35] [PEMBAYARAN PIUTANG] CASH TRANSACTION, INSERT INTO DAILY JOURNAL [20]
[ADMIN] [1/31/2017 12:35] [PEMBAYARAN PIUTANG] PAYMENT CREDIT DATA SAVED
[ADMIN] [1/31/2017 12:36] [PENJUALAN] CASHIER FORM : MULTIPLE CASHIER INSTANCE [1]
[ADMIN] [1/31/2017 12:36] [PENJUALAN] CASHIER FORM : REGISTER HOTKEY
[ADMIN] [1/31/2017 12:36] [PENJUALAN] CASHIER FORM : cashierForm_Load, ATTEMPT TO LOAD NO FAKTUR
[ADMIN] [1/31/2017 12:36] [PENJUALAN] CASHIER FORM : loadNoFaktur, noFakturValue [SLO001]
[ADMIN] [1/31/2017 12:36] [PENJUALAN] CASHIER FORM : cashierForm_Load, ATTEMPT TO addColumnToDataGrid
[ADMIN] [1/31/2017 12:36] [PENJUALAN] CASHIER FORM : calculateTotal
[ADMIN] [1/31/2017 12:36] [PENJUALAN] CASHIER FORM : calculateTotal [0]
[ADMIN] [1/31/2017 12:36] [PENJUALAN] CASHIER FORM : calculateTotal, totalAfterDisc [0]
[ADMIN] [1/31/2017 12:36] [PENJUALAN] CASHIER FORM : calculateChangeValue, bayarTextBox.Text [0]
[ADMIN] [1/31/2017 12:36] [PENJUALAN] CASHIER FORM : calculateChangeValue, sisaBayar [0]
[ADMIN] [1/31/2017 12:36] [PENJUALAN] CASHIER FORM : REGISTER HOTKEY
[ADMIN] [1/31/2017 12:36] [PENJUALAN] CASHIER FORM : HOTKEY TO ADD NEW ROW PRESSED
[ADMIN] [1/31/2017 12:36] [PENJUALAN] CASHIER FORM : ADD NEW ROW,  isActive [True]
[ADMIN] [1/31/2017 12:36] [PENJUALAN] CASHIER FORM : ADD NEW ROW,  ROW COUNT [0]
[ADMIN] [1/31/2017 12:36] [PENJUALAN] CASHIER FORM : ADD NEW ROW,  ALLOW TO ADD [True]
[ADMIN] [1/31/2017 12:36] [PENJUALAN] CASHIER FORM : cashierDataGridView_CellValueChanged [F8]
[ADMIN] [1/31/2017 12:36] [PENJUALAN] CASHIER FORM : cashierDataGridView_CellValueChanged [hpp]
[ADMIN] [1/31/2017 12:36] [PENJUALAN] CASHIER FORM : cashierDataGridView_CellValueChanged [productPrice]
[ADMIN] [1/31/2017 12:36] [PENJUALAN] CASHIER FORM : TextBox_TextChanged, previousInput []
[ADMIN] [1/31/2017 12:36] [PENJUALAN] CASHIER FORM : TextBox_TextChanged, dataGridViewTextBoxEditingControl.Text pass REGEX Checking
[ADMIN] [1/31/2017 12:36] [PENJUALAN] CASHIER FORM : CALCULATE SUBTOTAL
[ADMIN] [1/31/2017 12:36] [PENJUALAN] CASHIER FORM : SUBTOTAL [0]
[ADMIN] [1/31/2017 12:36] [PENJUALAN] CASHIER FORM : TextBox_TextChanged, subtotal value [0]
[ADMIN] [1/31/2017 12:36] [PENJUALAN] CASHIER FORM : TextBox_TextChanged, attempt to calculate total value
[ADMIN] [1/31/2017 12:36] [PENJUALAN] CASHIER FORM : calculateTotal
[ADMIN] [1/31/2017 12:36] [PENJUALAN] CASHIER FORM : calculateTotal [0]
[ADMIN] [1/31/2017 12:36] [PENJUALAN] CASHIER FORM : calculateTotal, totalAfterDisc [0]
[ADMIN] [1/31/2017 12:36] [PENJUALAN] CASHIER FORM : calculateChangeValue, bayarTextBox.Text [0]
[ADMIN] [1/31/2017 12:36] [PENJUALAN] CASHIER FORM : calculateChangeValue, sisaBayar [0]
[ADMIN] [1/31/2017 12:36] [PENJUALAN] CASHIER FORM : cashierDataGridView_CellValueChanged [disc1]
[ADMIN] [1/31/2017 12:36] [PENJUALAN] CASHIER FORM : TextBox_TextChanged, previousInput []
[ADMIN] [1/31/2017 12:36] [PENJUALAN] CASHIER FORM : TextBox_TextChanged, dataGridViewTextBoxEditingControl.Text pass REGEX Checking
[ADMIN] [1/31/2017 12:36] [PENJUALAN] CASHIER FORM : CALCULATE SUBTOTAL
[ADMIN] [1/31/2017 12:36] [PENJUALAN] CASHIER FORM : SUBTOTAL [0]
[ADMIN] [1/31/2017 12:36] [PENJUALAN] CASHIER FORM : TextBox_TextChanged, subtotal value [0]
[ADMIN] [1/31/2017 12:36] [PENJUALAN] CASHIER FORM : TextBox_TextChanged, attempt to calculate total value
[ADMIN] [1/31/2017 12:36] [PENJUALAN] CASHIER FORM : calculateTotal
[ADMIN] [1/31/2017 12:36] [PENJUALAN] CASHIER FORM : calculateTotal [0]
[ADMIN] [1/31/2017 12:36] [PENJUALAN] CASHIER FORM : calculateTotal, totalAfterDisc [0]
[ADMIN] [1/31/2017 12:36] [PENJUALAN] CASHIER FORM : calculateChangeValue, bayarTextBox.Text [0]
[ADMIN] [1/31/2017 12:36] [PENJUALAN] CASHIER FORM : calculateChangeValue, sisaBayar [0]
[ADMIN] [1/31/2017 12:36] [PENJUALAN] CASHIER FORM : cashierDataGridView_CellValueChanged [qty]
[ADMIN] [1/31/2017 12:36] [PENJUALAN] CASHIER FORM : TextBox_TextChanged, previousInput []
[ADMIN] [1/31/2017 12:36] [PENJUALAN] CASHIER FORM : TextBox_TextChanged, dataGridViewTextBoxEditingControl.Text pass REGEX Checking
[ADMIN] [1/31/2017 12:36] [] CHECK STOCK QTY IS ENOUGH []
[ADMIN] [1/31/2017 12:36] [PENJUALAN] CASHIER FORM : CALCULATE SUBTOTAL
[ADMIN] [1/31/2017 12:36] [PENJUALAN] CASHIER FORM : SUBTOTAL [0]
[ADMIN] [1/31/2017 12:36] [PENJUALAN] CASHIER FORM : TextBox_TextChanged, subtotal value [0]
[ADMIN] [1/31/2017 12:36] [PENJUALAN] CASHIER FORM : TextBox_TextChanged, attempt to calculate total value
[ADMIN] [1/31/2017 12:36] [PENJUALAN] CASHIER FORM : calculateTotal
[ADMIN] [1/31/2017 12:36] [PENJUALAN] CASHIER FORM : calculateTotal [0]
[ADMIN] [1/31/2017 12:36] [PENJUALAN] CASHIER FORM : calculateTotal, totalAfterDisc [0]
[ADMIN] [1/31/2017 12:36] [PENJUALAN] CASHIER FORM : calculateChangeValue, bayarTextBox.Text [0]
[ADMIN] [1/31/2017 12:36] [PENJUALAN] CASHIER FORM : calculateChangeValue, sisaBayar [0]
[ADMIN] [1/31/2017 12:36] [PENJUALAN] CASHIER FORM : cashierDataGridView_CellValueChanged [disc2]
[ADMIN] [1/31/2017 12:36] [PENJUALAN] CASHIER FORM : TextBox_TextChanged, previousInput []
[ADMIN] [1/31/2017 12:36] [PENJUALAN] CASHIER FORM : TextBox_TextChanged, dataGridViewTextBoxEditingControl.Text pass REGEX Checking
[ADMIN] [1/31/2017 12:36] [PENJUALAN] CASHIER FORM : CALCULATE SUBTOTAL
[ADMIN] [1/31/2017 12:36] [PENJUALAN] CASHIER FORM : SUBTOTAL [0]
[ADMIN] [1/31/2017 12:36] [PENJUALAN] CASHIER FORM : TextBox_TextChanged, subtotal value [0]
[ADMIN] [1/31/2017 12:36] [PENJUALAN] CASHIER FORM : TextBox_TextChanged, attempt to calculate total value
[ADMIN] [1/31/2017 12:36] [PENJUALAN] CASHIER FORM : calculateTotal
[ADMIN] [1/31/2017 12:36] [PENJUALAN] CASHIER FORM : calculateTotal [0]
[ADMIN] [1/31/2017 12:36] [PENJUALAN] CASHIER FORM : calculateTotal, totalAfterDisc [0]
[ADMIN] [1/31/2017 12:36] [PENJUALAN] CASHIER FORM : calculateChangeValue, bayarTextBox.Text [0]
[ADMIN] [1/31/2017 12:36] [PENJUALAN] CASHIER FORM : calculateChangeValue, sisaBayar [0]
[ADMIN] [1/31/2017 12:36] [PENJUALAN] CASHIER FORM : cashierDataGridView_CellValueChanged [discRP]
[ADMIN] [1/31/2017 12:36] [PENJUALAN] CASHIER FORM : TextBox_TextChanged, previousInput []
[ADMIN] [1/31/2017 12:36] [PENJUALAN] CASHIER FORM : TextBox_TextChanged, dataGridViewTextBoxEditingControl.Text pass REGEX Checking
[ADMIN] [1/31/2017 12:36] [PENJUALAN] CASHIER FORM : CALCULATE SUBTOTAL
[ADMIN] [1/31/2017 12:36] [PENJUALAN] CASHIER FORM : SUBTOTAL [0]
[ADMIN] [1/31/2017 12:36] [PENJUALAN] CASHIER FORM : TextBox_TextChanged, subtotal value [0]
[ADMIN] [1/31/2017 12:36] [PENJUALAN] CASHIER FORM : TextBox_TextChanged, attempt to calculate total value
[ADMIN] [1/31/2017 12:36] [PENJUALAN] CASHIER FORM : calculateTotal
[ADMIN] [1/31/2017 12:36] [PENJUALAN] CASHIER FORM : calculateTotal [0]
[ADMIN] [1/31/2017 12:36] [PENJUALAN] CASHIER FORM : calculateTotal, totalAfterDisc [0]
[ADMIN] [1/31/2017 12:36] [PENJUALAN] CASHIER FORM : calculateChangeValue, bayarTextBox.Text [0]
[ADMIN] [1/31/2017 12:36] [PENJUALAN] CASHIER FORM : calculateChangeValue, sisaBayar [0]
[ADMIN] [1/31/2017 12:36] [PENJUALAN] CASHIER FORM : cashierDataGridView_CellValueChanged [jumlah]
[ADMIN] [1/31/2017 12:36] [PENJUALAN] CASHIER FORM : cashierDataGridView_CellValueChanged [productName]
[ADMIN] [1/31/2017 12:36] [PENJUALAN] CASHIER FORM : cashierDataGridView_CellValueChanged [productName]
[ADMIN] [1/31/2017 12:36] [PENJUALAN] CASHIER FORM : cashierDataGridView_CellValueChanged [productID]
[ADMIN] [1/31/2017 12:36] [PENJUALAN] CASHIER FORM : PRODUCT PRICE TYPE [PRODUCT_BASE_PRICE]
[ADMIN] [1/31/2017 12:36] [PENJUALAN] CASHIER FORM : PRODUCT PRICE [11]
[ADMIN] [1/31/2017 12:36] [PENJUALAN] CASHIER FORM : ComboBox_SelectedIndexChanged, PRODUCT_BASE_PRICE [11]
[ADMIN] [1/31/2017 12:36] [PENJUALAN] CASHIER FORM : cashierDataGridView_CellValueChanged [hpp]
[ADMIN] [1/31/2017 12:36] [PENJUALAN] CASHIER FORM : PRODUCT PRICE TYPE [PRODUCT_RETAIL_PRICE]
[ADMIN] [1/31/2017 12:36] [PENJUALAN] CASHIER FORM : PRODUCT PRICE [1]
[ADMIN] [1/31/2017 12:36] [PENJUALAN] CASHIER FORM : ComboBox_SelectedIndexChanged, PRODUCT_SALES_PRICE [1]
[ADMIN] [1/31/2017 12:36] [PENJUALAN] CASHIER FORM : cashierDataGridView_CellValueChanged [productPrice]
[ADMIN] [1/31/2017 12:36] [PENJUALAN] CASHIER FORM : TextBox_TextChanged, previousInput []
[ADMIN] [1/31/2017 12:36] [PENJUALAN] CASHIER FORM : TextBox_TextChanged, dataGridViewTextBoxEditingControl.Text pass REGEX Checking
[ADMIN] [1/31/2017 12:36] [PENJUALAN] CASHIER FORM : CALCULATE SUBTOTAL
[ADMIN] [1/31/2017 12:36] [PENJUALAN] CASHIER FORM : SUBTOTAL [0]
[ADMIN] [1/31/2017 12:36] [PENJUALAN] CASHIER FORM : TextBox_TextChanged, subtotal value [0]
[ADMIN] [1/31/2017 12:36] [PENJUALAN] CASHIER FORM : TextBox_TextChanged, attempt to calculate total value
[ADMIN] [1/31/2017 12:36] [PENJUALAN] CASHIER FORM : calculateTotal
[ADMIN] [1/31/2017 12:36] [PENJUALAN] CASHIER FORM : calculateTotal [0]
[ADMIN] [1/31/2017 12:36] [PENJUALAN] CASHIER FORM : calculateTotal, totalAfterDisc [0]
[ADMIN] [1/31/2017 12:36] [PENJUALAN] CASHIER FORM : calculateChangeValue, bayarTextBox.Text [0]
[ADMIN] [1/31/2017 12:36] [PENJUALAN] CASHIER FORM : calculateChangeValue, sisaBayar [0]
[ADMIN] [1/31/2017 12:36] [PENJUALAN] CASHIER FORM : cashierDataGridView_CellValueChanged [qty]
[ADMIN] [1/31/2017 12:36] [PENJUALAN] CASHIER FORM : TextBox_TextChanged, previousInput []
[ADMIN] [1/31/2017 12:36] [PENJUALAN] CASHIER FORM : TextBox_TextChanged, dataGridViewTextBoxEditingControl.Text pass REGEX Checking
[ADMIN] [1/31/2017 12:36] [] CHECK STOCK QTY IS ENOUGH [105]
[ADMIN] [1/31/2017 12:36] [] CHECK STOCK QTY IS ENOUGH [43, 0]
[ADMIN] [1/31/2017 12:36] [PENJUALAN] CASHIER FORM : CALCULATE SUBTOTAL
[ADMIN] [1/31/2017 12:36] [PENJUALAN] CASHIER FORM : SUBTOTAL [0]
[ADMIN] [1/31/2017 12:36] [PENJUALAN] CASHIER FORM : TextBox_TextChanged, subtotal value [0]
[ADMIN] [1/31/2017 12:36] [PENJUALAN] CASHIER FORM : TextBox_TextChanged, attempt to calculate total value
[ADMIN] [1/31/2017 12:36] [PENJUALAN] CASHIER FORM : calculateTotal
[ADMIN] [1/31/2017 12:36] [PENJUALAN] CASHIER FORM : calculateTotal [0]
[ADMIN] [1/31/2017 12:36] [PENJUALAN] CASHIER FORM : calculateTotal, totalAfterDisc [0]
[ADMIN] [1/31/2017 12:36] [PENJUALAN] CASHIER FORM : calculateChangeValue, bayarTextBox.Text [0]
[ADMIN] [1/31/2017 12:36] [PENJUALAN] CASHIER FORM : calculateChangeValue, sisaBayar [0]
[ADMIN] [1/31/2017 12:36] [PENJUALAN] CASHIER FORM : cashierDataGridView_CellValueChanged [jumlah]
[ADMIN] [1/31/2017 12:36] [PENJUALAN] CASHIER FORM : ComboBox_SelectedIndexChanged, attempt to calculate total
[ADMIN] [1/31/2017 12:36] [PENJUALAN] CASHIER FORM : calculateTotal
[ADMIN] [1/31/2017 12:36] [PENJUALAN] CASHIER FORM : calculateTotal [0]
[ADMIN] [1/31/2017 12:36] [PENJUALAN] CASHIER FORM : calculateTotal, totalAfterDisc [0]
[ADMIN] [1/31/2017 12:36] [PENJUALAN] CASHIER FORM : calculateChangeValue, bayarTextBox.Text [0]
[ADMIN] [1/31/2017 12:36] [PENJUALAN] CASHIER FORM : calculateChangeValue, sisaBayar [0]
[ADMIN] [1/31/2017 12:36] [PENJUALAN] CASHIER FORM : cashierDataGridView_CellValueChanged [qty]
[ADMIN] [1/31/2017 12:36] [PENJUALAN] CASHIER FORM : TextBox_TextChanged, previousInput []
[ADMIN] [1/31/2017 12:36] [PENJUALAN] CASHIER FORM : TextBox_TextChanged, dataGridViewTextBoxEditingControl.Text pass REGEX Checking
[ADMIN] [1/31/2017 12:36] [] CHECK STOCK QTY IS ENOUGH [105]
[ADMIN] [1/31/2017 12:36] [] CHECK STOCK QTY IS ENOUGH [43, 4]
[ADMIN] [1/31/2017 12:36] [PENJUALAN] CASHIER FORM : CALCULATE SUBTOTAL
[ADMIN] [1/31/2017 12:36] [PENJUALAN] CASHIER FORM : SUBTOTAL [4]
[ADMIN] [1/31/2017 12:36] [PENJUALAN] CASHIER FORM : TextBox_TextChanged, subtotal value [4]
[ADMIN] [1/31/2017 12:36] [PENJUALAN] CASHIER FORM : TextBox_TextChanged, attempt to calculate total value
[ADMIN] [1/31/2017 12:36] [PENJUALAN] CASHIER FORM : calculateTotal
[ADMIN] [1/31/2017 12:36] [PENJUALAN] CASHIER FORM : calculateTotal [4]
[ADMIN] [1/31/2017 12:36] [PENJUALAN] CASHIER FORM : calculateTotal, totalAfterDisc [4]
[ADMIN] [1/31/2017 12:36] [PENJUALAN] CASHIER FORM : calculateChangeValue, bayarTextBox.Text [0]
[ADMIN] [1/31/2017 12:36] [PENJUALAN] CASHIER FORM : calculateChangeValue, sisaBayar [0]
[ADMIN] [1/31/2017 12:36] [PENJUALAN] CASHIER FORM : DISPLAY PELANGGAN FORM
[ADMIN] [1/31/2017 12:36] [PENJUALAN] CASHIER FORM : UNREGISTER HOTKEY
[ADMIN] [1/31/2017 12:36] [PENJUALAN] CASHIER FORM : SELECTED CUSTOMER ID [1]
[ADMIN] [1/31/2017 12:36] [PENJUALAN] CASHIER FORM : ATTEMPT TO SET CUSTOMER PROFILE
[ADMIN] [1/31/2017 12:36] [PENJUALAN] CASHIER FORM : SET CUSTOMER PROFILE [PELANGGAN 1]
[ADMIN] [1/31/2017 12:36] [PENJUALAN] CASHIER FORM : CUSTOMER GROUP [P-UMUM [ECER]]
[ADMIN] [1/31/2017 12:36] [PENJUALAN] CASHIER FORM : FINISHED SET CUSTOMER PROFILE
[ADMIN] [1/31/2017 12:36] [PENJUALAN] CASHIER FORM : ATTEMPT TO REFRESH PRODUCT PRICE
[ADMIN] [1/31/2017 12:36] [PENJUALAN] CASHIER FORM : PRODUCT PRICE TYPE [PRODUCT_RETAIL_PRICE]
[ADMIN] [1/31/2017 12:36] [PENJUALAN] CASHIER FORM : PRODUCT PRICE [1]
[ADMIN] [1/31/2017 12:36] [PENJUALAN] CASHIER FORM : CHECK IF THERE'S ANY ENTRY IN THE PRODUCT DISC
[ADMIN] [1/31/2017 12:36] [PENJUALAN] CASHIER FORM : ENTRY IN THE PRODUCT DISC FOUND, RETRIEVE THE DISC VALUE
[ADMIN] [1/31/2017 12:36] [PENJUALAN] CASHIER FORM : DISC FOUND [0, 0, 0]
[ADMIN] [1/31/2017 12:36] [PENJUALAN] CASHIER FORM : CALCULATE SUBTOTAL
[ADMIN] [1/31/2017 12:36] [PENJUALAN] CASHIER FORM : SUBTOTAL [4]
[ADMIN] [1/31/2017 12:36] [PENJUALAN] CASHIER FORM : calculateTotal
[ADMIN] [1/31/2017 12:36] [PENJUALAN] CASHIER FORM : calculateTotal [4]
[ADMIN] [1/31/2017 12:36] [PENJUALAN] CASHIER FORM : calculateTotal, totalAfterDisc [4]
[ADMIN] [1/31/2017 12:36] [PENJUALAN] CASHIER FORM : calculateChangeValue, bayarTextBox.Text [0]
[ADMIN] [1/31/2017 12:36] [PENJUALAN] CASHIER FORM : calculateChangeValue, sisaBayar [0]
[ADMIN] [1/31/2017 12:36] [PENJUALAN] CASHIER FORM : PRODUCT PRICE REFRESHED
[ADMIN] [1/31/2017 12:36] [PENJUALAN] CASHIER FORM : REGISTER HOTKEY
[ADMIN] [1/31/2017 12:36] [PENJUALAN] CASHIER FORM : cashierDataGridView_CellValueChanged [productPrice]
[ADMIN] [1/31/2017 12:36] [PENJUALAN] CASHIER FORM : TextBox_TextChanged, previousInput []
[ADMIN] [1/31/2017 12:36] [PENJUALAN] CASHIER FORM : TextBox_TextChanged, dataGridViewTextBoxEditingControl.Text pass REGEX Checking
[ADMIN] [1/31/2017 12:36] [PENJUALAN] CASHIER FORM : CALCULATE SUBTOTAL
[ADMIN] [1/31/2017 12:36] [PENJUALAN] CASHIER FORM : SUBTOTAL [4]
[ADMIN] [1/31/2017 12:36] [PENJUALAN] CASHIER FORM : TextBox_TextChanged, subtotal value [4]
[ADMIN] [1/31/2017 12:36] [PENJUALAN] CASHIER FORM : TextBox_TextChanged, attempt to calculate total value
[ADMIN] [1/31/2017 12:36] [PENJUALAN] CASHIER FORM : calculateTotal
[ADMIN] [1/31/2017 12:36] [PENJUALAN] CASHIER FORM : calculateTotal [4]
[ADMIN] [1/31/2017 12:36] [PENJUALAN] CASHIER FORM : calculateTotal, totalAfterDisc [4]
[ADMIN] [1/31/2017 12:36] [PENJUALAN] CASHIER FORM : calculateChangeValue, bayarTextBox.Text [0]
[ADMIN] [1/31/2017 12:36] [PENJUALAN] CASHIER FORM : calculateChangeValue, sisaBayar [0]
[ADMIN] [1/31/2017 12:36] [PENJUALAN] CASHIER FORM : cashierDataGridView_CellValueChanged [productPrice]
[ADMIN] [1/31/2017 12:36] [PENJUALAN] CASHIER FORM : TextBox_TextChanged, previousInput []
[ADMIN] [1/31/2017 12:36] [PENJUALAN] CASHIER FORM : TextBox_TextChanged, dataGridViewTextBoxEditingControl.Text pass REGEX Checking
[ADMIN] [1/31/2017 12:36] [PENJUALAN] CASHIER FORM : CALCULATE SUBTOTAL
[ADMIN] [1/31/2017 12:36] [PENJUALAN] CASHIER FORM : SUBTOTAL [40]
[ADMIN] [1/31/2017 12:36] [PENJUALAN] CASHIER FORM : TextBox_TextChanged, subtotal value [40]
[ADMIN] [1/31/2017 12:36] [PENJUALAN] CASHIER FORM : TextBox_TextChanged, attempt to calculate total value
[ADMIN] [1/31/2017 12:36] [PENJUALAN] CASHIER FORM : calculateTotal
[ADMIN] [1/31/2017 12:36] [PENJUALAN] CASHIER FORM : calculateTotal [40]
[ADMIN] [1/31/2017 12:36] [PENJUALAN] CASHIER FORM : calculateTotal, totalAfterDisc [40]
[ADMIN] [1/31/2017 12:36] [PENJUALAN] CASHIER FORM : calculateChangeValue, bayarTextBox.Text [0]
[ADMIN] [1/31/2017 12:36] [PENJUALAN] CASHIER FORM : calculateChangeValue, sisaBayar [0]
[ADMIN] [1/31/2017 12:36] [PENJUALAN] CASHIER FORM : cashierDataGridView_CellValueChanged [productPrice]
[ADMIN] [1/31/2017 12:36] [PENJUALAN] CASHIER FORM : TextBox_TextChanged, previousInput []
[ADMIN] [1/31/2017 12:36] [PENJUALAN] CASHIER FORM : TextBox_TextChanged, dataGridViewTextBoxEditingControl.Text pass REGEX Checking
[ADMIN] [1/31/2017 12:36] [PENJUALAN] CASHIER FORM : CALCULATE SUBTOTAL
[ADMIN] [1/31/2017 12:36] [PENJUALAN] CASHIER FORM : SUBTOTAL [400]
[ADMIN] [1/31/2017 12:36] [PENJUALAN] CASHIER FORM : TextBox_TextChanged, subtotal value [400]
[ADMIN] [1/31/2017 12:36] [PENJUALAN] CASHIER FORM : TextBox_TextChanged, attempt to calculate total value
[ADMIN] [1/31/2017 12:36] [PENJUALAN] CASHIER FORM : calculateTotal
[ADMIN] [1/31/2017 12:36] [PENJUALAN] CASHIER FORM : calculateTotal [400]
[ADMIN] [1/31/2017 12:36] [PENJUALAN] CASHIER FORM : calculateTotal, totalAfterDisc [400]
[ADMIN] [1/31/2017 12:36] [PENJUALAN] CASHIER FORM : calculateChangeValue, bayarTextBox.Text [0]
[ADMIN] [1/31/2017 12:36] [PENJUALAN] CASHIER FORM : calculateChangeValue, sisaBayar [0]
[ADMIN] [1/31/2017 12:36] [PENJUALAN] CASHIER FORM : cashierDataGridView_CellValueChanged [productPrice]
[ADMIN] [1/31/2017 12:36] [PENJUALAN] CASHIER FORM : TextBox_TextChanged, previousInput []
[ADMIN] [1/31/2017 12:36] [PENJUALAN] CASHIER FORM : TextBox_TextChanged, dataGridViewTextBoxEditingControl.Text pass REGEX Checking
[ADMIN] [1/31/2017 12:36] [PENJUALAN] CASHIER FORM : CALCULATE SUBTOTAL
[ADMIN] [1/31/2017 12:36] [PENJUALAN] CASHIER FORM : SUBTOTAL [4000]
[ADMIN] [1/31/2017 12:36] [PENJUALAN] CASHIER FORM : TextBox_TextChanged, subtotal value [4000]
[ADMIN] [1/31/2017 12:36] [PENJUALAN] CASHIER FORM : TextBox_TextChanged, attempt to calculate total value
[ADMIN] [1/31/2017 12:36] [PENJUALAN] CASHIER FORM : calculateTotal
[ADMIN] [1/31/2017 12:36] [PENJUALAN] CASHIER FORM : calculateTotal [4000]
[ADMIN] [1/31/2017 12:36] [PENJUALAN] CASHIER FORM : calculateTotal, totalAfterDisc [4000]
[ADMIN] [1/31/2017 12:36] [PENJUALAN] CASHIER FORM : calculateChangeValue, bayarTextBox.Text [0]
[ADMIN] [1/31/2017 12:36] [PENJUALAN] CASHIER FORM : calculateChangeValue, sisaBayar [0]
[ADMIN] [1/31/2017 12:36] [PENJUALAN] CASHIER FORM : cashierDataGridView_CellValueChanged [qty]
[ADMIN] [1/31/2017 12:36] [PENJUALAN] CASHIER FORM : TextBox_TextChanged, previousInput []
[ADMIN] [1/31/2017 12:36] [PENJUALAN] CASHIER FORM : TextBox_TextChanged, dataGridViewTextBoxEditingControl.Text pass REGEX Checking
[ADMIN] [1/31/2017 12:36] [] CHECK STOCK QTY IS ENOUGH [105]
[ADMIN] [1/31/2017 12:36] [] CHECK STOCK QTY IS ENOUGH [43, 1]
[ADMIN] [1/31/2017 12:36] [PENJUALAN] CASHIER FORM : CALCULATE SUBTOTAL
[ADMIN] [1/31/2017 12:36] [PENJUALAN] CASHIER FORM : SUBTOTAL [1000]
[ADMIN] [1/31/2017 12:36] [PENJUALAN] CASHIER FORM : TextBox_TextChanged, subtotal value [1000]
[ADMIN] [1/31/2017 12:36] [PENJUALAN] CASHIER FORM : TextBox_TextChanged, attempt to calculate total value
[ADMIN] [1/31/2017 12:36] [PENJUALAN] CASHIER FORM : calculateTotal
[ADMIN] [1/31/2017 12:36] [PENJUALAN] CASHIER FORM : calculateTotal [1000]
[ADMIN] [1/31/2017 12:36] [PENJUALAN] CASHIER FORM : calculateTotal, totalAfterDisc [1000]
[ADMIN] [1/31/2017 12:36] [PENJUALAN] CASHIER FORM : calculateChangeValue, bayarTextBox.Text [0]
[ADMIN] [1/31/2017 12:36] [PENJUALAN] CASHIER FORM : calculateChangeValue, sisaBayar [0]
[ADMIN] [1/31/2017 12:36] [PENJUALAN] CASHIER FORM : cashierDataGridView_CellValueChanged [qty]
[ADMIN] [1/31/2017 12:36] [PENJUALAN] CASHIER FORM : TextBox_TextChanged, previousInput []
[ADMIN] [1/31/2017 12:36] [PENJUALAN] CASHIER FORM : TextBox_TextChanged, dataGridViewTextBoxEditingControl.Text pass REGEX Checking
[ADMIN] [1/31/2017 12:36] [] CHECK STOCK QTY IS ENOUGH [105]
[ADMIN] [1/31/2017 12:36] [] CHECK STOCK QTY IS ENOUGH [43, 10]
[ADMIN] [1/31/2017 12:36] [PENJUALAN] CASHIER FORM : CALCULATE SUBTOTAL
[ADMIN] [1/31/2017 12:36] [PENJUALAN] CASHIER FORM : SUBTOTAL [10000]
[ADMIN] [1/31/2017 12:36] [PENJUALAN] CASHIER FORM : TextBox_TextChanged, subtotal value [10000]
[ADMIN] [1/31/2017 12:36] [PENJUALAN] CASHIER FORM : TextBox_TextChanged, attempt to calculate total value
[ADMIN] [1/31/2017 12:36] [PENJUALAN] CASHIER FORM : calculateTotal
[ADMIN] [1/31/2017 12:36] [PENJUALAN] CASHIER FORM : calculateTotal [10000]
[ADMIN] [1/31/2017 12:36] [PENJUALAN] CASHIER FORM : calculateTotal, totalAfterDisc [10000]
[ADMIN] [1/31/2017 12:36] [PENJUALAN] CASHIER FORM : calculateChangeValue, bayarTextBox.Text [0]
[ADMIN] [1/31/2017 12:36] [PENJUALAN] CASHIER FORM : calculateChangeValue, sisaBayar [0]
[ADMIN] [1/31/2017 12:36] [PENJUALAN] CASHIER FORM : HOTKEY TO SAVE AND PRINT OUT INVOICE PRESSED
[ADMIN] [1/31/2017 12:36] [PENJUALAN] CASHIER FORM : UNREGISTER HOTKEY
[ADMIN] [1/31/2017 12:36] [PENJUALAN] CASHIER FORM : REGISTER HOTKEY
[ADMIN] [1/31/2017 12:36] [PENJUALAN] ATTEMPT TO SAVE AND PRINT OUT INVOICE
[ADMIN] [1/31/2017 12:36] [] CHECK STOCK QTY IS ENOUGH [105]
[ADMIN] [1/31/2017 12:36] [] CHECK STOCK QTY IS ENOUGH [43, 10]
[ADMIN] [1/31/2017 12:36] [PENJUALAN] CASHIER FORM : UNREGISTER HOTKEY
[ADMIN] [1/31/2017 12:36] [PENJUALAN] CASHIER FORM : ATTEMPT TO SAVE SALES DATA [31-01-2017 12:36]
[ADMIN] [1/31/2017 12:36] [PENJUALAN] CASHIER FORM : SALES DISC FINAL [0]
[ADMIN] [1/31/2017 12:36] [PENJUALAN] CASHIER FORM : NON CASH - SALES DUE DATE [12-02-2017]
[ADMIN] [1/31/2017 12:36] [PENJUALAN] CHECK IF TAX LIMIT SET FOR PERCENTAGE PURCHASE [0]
[ADMIN] [1/31/2017 12:36] [PENJUALAN] CHECK IF TAX LIMIT SET FOR AVERAGE DAILY PURCHASE [0]
[ADMIN] [1/31/2017 12:36] [PENJUALAN] CASHIER FORM : NO FAKTUR [SLO001]
[ADMIN] [1/31/2017 12:36] [PENJUALAN] CASHIER FORM : MAX SALES INVOICE [9]
[ADMIN] [1/31/2017 12:36] [PENJUALAN] CASHIER FORM : SALES INVOICE [SLO001-10]
[ADMIN] [1/31/2017 12:36] [PENJUALAN] INSERT INTO SALES HEADER [SLO001-10]
[ADMIN] [1/31/2017 12:36] [PENJUALAN] INSERT INTO SALES DETAIL[105, 1000, 10]
[ADMIN] [1/31/2017 12:36] [PENJUALAN] UPDATE CUSTOMER PRODUCT DISC [105]
[ADMIN] [1/31/2017 12:36] [PENJUALAN] INSERT TO CREDIT TABLE [SLO001-10]
[ADMIN] [1/31/2017 12:36] [PENJUALAN] INSERT TO DAILY JOURNAL TABLE [10000]
[ADMIN] [1/31/2017 12:36] [PENJUALAN] CASHIER FORM : REGISTER HOTKEY
[ADMIN] [1/31/2017 12:36] [PENJUALAN] TRANSACTION SAVED
[ADMIN] [1/31/2017 12:36] [PENJUALAN] PRINT OUT INVOICE
[ADMIN] [1/31/2017 12:36] [PENJUALAN] CASHIER FORM : PrintReceipt
[ADMIN] [1/31/2017 12:36] [PENJUALAN] CASHIER FORM : PrintReceipt, papermode [0]
[ADMIN] [1/31/2017 12:36] [PENJUALAN] CASHIER FORM : PrintReceipt, display SalesReceiptForm
[ADMIN] [1/31/2017 12:36] [PENJUALAN] CASHIER FORM : UNREGISTER HOTKEY
[ADMIN] [1/31/2017 12:36] [PENJUALAN] CASHIER FORM : REGISTER HOTKEY
[ADMIN] [1/31/2017 12:36] [PENJUALAN] VALIDATE USER CREDIT STATUS
[ADMIN] [1/31/2017 12:36] [PENJUALAN] CASHIER FORM : UNREGISTER HOTKEY
[ADMIN] [1/31/2017 12:36] [PENJUALAN] CASHIER FORM : REGISTER HOTKEY
[ADMIN] [1/31/2017 12:36] [PENJUALAN] CASHIER FORM : UNREGISTER HOTKEY
[ADMIN] [1/31/2017 12:36] [PENJUALAN] CASHIER FORM : UNREGISTER HOTKEY
