[] [3/19/2017 10:09] [] USER = ADMIN IS ACTIVE
[ADMIN] [3/19/2017 10:09] [] USER ID = 1 LOGIN SUCCESSFULLY
[ADMIN] [3/19/2017 10:09] [] ACTIVATE USER ACCESS RIGHT
[ADMIN] [3/19/2017 10:09] [] DISPLAY ADMIN FORM
[ADMIN] [3/19/2017 10:09] [] adminForm Load
[ADMIN] [3/19/2017 10:09] [PENJUALAN] CASHIER FORM : REGISTER HOTKEY
[ADMIN] [3/19/2017 10:09] [PENJUALAN] CASHIER FORM : cashierForm_Load, ATTEMPT TO LOAD NO FAKTUR
[ADMIN] [3/19/2017 10:09] [PENJUALAN] CASHIER FORM : loadNoFaktur, noFakturValue [SLO001]
[ADMIN] [3/19/2017 10:09] [PENJUALAN] CASHIER FORM : cashierForm_Load, ATTEMPT TO addColumnToDataGrid
[ADMIN] [3/19/2017 10:09] [PENJUALAN] CASHIER FORM : calculateTotal
[ADMIN] [3/19/2017 10:09] [PENJUALAN] CASHIER FORM : calculateTotal [0]
[ADMIN] [3/19/2017 10:09] [PENJUALAN] CASHIER FORM : calculateTotal, totalAfterDisc [0]
[ADMIN] [3/19/2017 10:09] [PENJUALAN] CASHIER FORM : calculateChangeValue, bayarTextBox.Text [0]
[ADMIN] [3/19/2017 10:09] [PENJUALAN] CASHIER FORM : calculateChangeValue, sisaBayar [0]
[ADMIN] [3/19/2017 10:09] [PENJUALAN] CASHIER FORM : REGISTER HOTKEY
[ADMIN] [3/19/2017 10:09] [PENJUALAN] CASHIER FORM : HOTKEY TO ADD NEW ROW PRESSED
[ADMIN] [3/19/2017 10:09] [PENJUALAN] CASHIER FORM : ADD NEW ROW,  isActive [True]
[ADMIN] [3/19/2017 10:09] [PENJUALAN] CASHIER FORM : ADD NEW ROW,  ROW COUNT [0]
[ADMIN] [3/19/2017 10:09] [PENJUALAN] CASHIER FORM : ADD NEW ROW,  ALLOW TO ADD [True]
[ADMIN] [3/19/2017 10:09] [PENJUALAN] CASHIER FORM : cashierDataGridView_CellValueChanged [F8]
[ADMIN] [3/19/2017 10:09] [PENJUALAN] CASHIER FORM : cashierDataGridView_CellValueChanged [hpp]
[ADMIN] [3/19/2017 10:09] [PENJUALAN] CASHIER FORM : cashierDataGridView_CellValueChanged [productPrice]
[ADMIN] [3/19/2017 10:09] [PENJUALAN] CASHIER FORM : TextBox_TextChanged, previousInput []
[ADMIN] [3/19/2017 10:09] [PENJUALAN] CASHIER FORM : TextBox_TextChanged, dataGridViewTextBoxEditingControl.Text pass REGEX Checking
[ADMIN] [3/19/2017 10:09] [PENJUALAN] CASHIER FORM : CALCULATE SUBTOTAL
[ADMIN] [3/19/2017 10:09] [PENJUALAN] CASHIER FORM : SUBTOTAL [0]
[ADMIN] [3/19/2017 10:09] [PENJUALAN] CASHIER FORM : TextBox_TextChanged, subtotal value [0]
[ADMIN] [3/19/2017 10:09] [PENJUALAN] CASHIER FORM : TextBox_TextChanged, attempt to calculate total value
[ADMIN] [3/19/2017 10:09] [PENJUALAN] CASHIER FORM : calculateTotal
[ADMIN] [3/19/2017 10:09] [PENJUALAN] CASHIER FORM : calculateTotal [0]
[ADMIN] [3/19/2017 10:09] [PENJUALAN] CASHIER FORM : calculateTotal, totalAfterDisc [0]
[ADMIN] [3/19/2017 10:09] [PENJUALAN] CASHIER FORM : calculateChangeValue, bayarTextBox.Text [0]
[ADMIN] [3/19/2017 10:09] [PENJUALAN] CASHIER FORM : calculateChangeValue, sisaBayar [0]
[ADMIN] [3/19/2017 10:09] [PENJUALAN] CASHIER FORM : cashierDataGridView_CellValueChanged [disc1]
[ADMIN] [3/19/2017 10:09] [PENJUALAN] CASHIER FORM : TextBox_TextChanged, previousInput []
[ADMIN] [3/19/2017 10:09] [PENJUALAN] CASHIER FORM : TextBox_TextChanged, dataGridViewTextBoxEditingControl.Text pass REGEX Checking
[ADMIN] [3/19/2017 10:09] [PENJUALAN] CASHIER FORM : CALCULATE SUBTOTAL
[ADMIN] [3/19/2017 10:09] [PENJUALAN] CASHIER FORM : SUBTOTAL [0]
[ADMIN] [3/19/2017 10:09] [PENJUALAN] CASHIER FORM : TextBox_TextChanged, subtotal value [0]
[ADMIN] [3/19/2017 10:09] [PENJUALAN] CASHIER FORM : TextBox_TextChanged, attempt to calculate total value
[ADMIN] [3/19/2017 10:09] [PENJUALAN] CASHIER FORM : calculateTotal
[ADMIN] [3/19/2017 10:09] [PENJUALAN] CASHIER FORM : calculateTotal [0]
[ADMIN] [3/19/2017 10:09] [PENJUALAN] CASHIER FORM : calculateTotal, totalAfterDisc [0]
[ADMIN] [3/19/2017 10:09] [PENJUALAN] CASHIER FORM : calculateChangeValue, bayarTextBox.Text [0]
[ADMIN] [3/19/2017 10:09] [PENJUALAN] CASHIER FORM : calculateChangeValue, sisaBayar [0]
[ADMIN] [3/19/2017 10:09] [PENJUALAN] CASHIER FORM : cashierDataGridView_CellValueChanged [qty]
[ADMIN] [3/19/2017 10:09] [PENJUALAN] CASHIER FORM : TextBox_TextChanged, previousInput []
[ADMIN] [3/19/2017 10:09] [PENJUALAN] CASHIER FORM : TextBox_TextChanged, dataGridViewTextBoxEditingControl.Text pass REGEX Checking
[ADMIN] [3/19/2017 10:09] [PENJUALAN] CASHIER FORM : CALCULATE SUBTOTAL
[ADMIN] [3/19/2017 10:09] [PENJUALAN] CASHIER FORM : SUBTOTAL [0]
[ADMIN] [3/19/2017 10:09] [PENJUALAN] CASHIER FORM : TextBox_TextChanged, subtotal value [0]
[ADMIN] [3/19/2017 10:09] [PENJUALAN] CASHIER FORM : TextBox_TextChanged, attempt to calculate total value
[ADMIN] [3/19/2017 10:09] [PENJUALAN] CASHIER FORM : calculateTotal
[ADMIN] [3/19/2017 10:09] [PENJUALAN] CASHIER FORM : calculateTotal [0]
[ADMIN] [3/19/2017 10:09] [PENJUALAN] CASHIER FORM : calculateTotal, totalAfterDisc [0]
[ADMIN] [3/19/2017 10:09] [PENJUALAN] CASHIER FORM : calculateChangeValue, bayarTextBox.Text [0]
[ADMIN] [3/19/2017 10:09] [PENJUALAN] CASHIER FORM : calculateChangeValue, sisaBayar [0]
[ADMIN] [3/19/2017 10:09] [PENJUALAN] CASHIER FORM : cashierDataGridView_CellValueChanged [disc2]
[ADMIN] [3/19/2017 10:09] [PENJUALAN] CASHIER FORM : TextBox_TextChanged, previousInput []
[ADMIN] [3/19/2017 10:09] [PENJUALAN] CASHIER FORM : TextBox_TextChanged, dataGridViewTextBoxEditingControl.Text pass REGEX Checking
[ADMIN] [3/19/2017 10:09] [PENJUALAN] CASHIER FORM : CALCULATE SUBTOTAL
[ADMIN] [3/19/2017 10:09] [PENJUALAN] CASHIER FORM : SUBTOTAL [0]
[ADMIN] [3/19/2017 10:09] [PENJUALAN] CASHIER FORM : TextBox_TextChanged, subtotal value [0]
[ADMIN] [3/19/2017 10:09] [PENJUALAN] CASHIER FORM : TextBox_TextChanged, attempt to calculate total value
[ADMIN] [3/19/2017 10:09] [PENJUALAN] CASHIER FORM : calculateTotal
[ADMIN] [3/19/2017 10:09] [PENJUALAN] CASHIER FORM : calculateTotal [0]
[ADMIN] [3/19/2017 10:09] [PENJUALAN] CASHIER FORM : calculateTotal, totalAfterDisc [0]
[ADMIN] [3/19/2017 10:09] [PENJUALAN] CASHIER FORM : calculateChangeValue, bayarTextBox.Text [0]
[ADMIN] [3/19/2017 10:09] [PENJUALAN] CASHIER FORM : calculateChangeValue, sisaBayar [0]
[ADMIN] [3/19/2017 10:09] [PENJUALAN] CASHIER FORM : cashierDataGridView_CellValueChanged [discRP]
[ADMIN] [3/19/2017 10:09] [PENJUALAN] CASHIER FORM : TextBox_TextChanged, previousInput []
[ADMIN] [3/19/2017 10:09] [PENJUALAN] CASHIER FORM : TextBox_TextChanged, dataGridViewTextBoxEditingControl.Text pass REGEX Checking
[ADMIN] [3/19/2017 10:09] [PENJUALAN] CASHIER FORM : CALCULATE SUBTOTAL
[ADMIN] [3/19/2017 10:09] [PENJUALAN] CASHIER FORM : SUBTOTAL [0]
[ADMIN] [3/19/2017 10:09] [PENJUALAN] CASHIER FORM : TextBox_TextChanged, subtotal value [0]
[ADMIN] [3/19/2017 10:09] [PENJUALAN] CASHIER FORM : TextBox_TextChanged, attempt to calculate total value
[ADMIN] [3/19/2017 10:09] [PENJUALAN] CASHIER FORM : calculateTotal
[ADMIN] [3/19/2017 10:09] [PENJUALAN] CASHIER FORM : calculateTotal [0]
[ADMIN] [3/19/2017 10:09] [PENJUALAN] CASHIER FORM : calculateTotal, totalAfterDisc [0]
[ADMIN] [3/19/2017 10:09] [PENJUALAN] CASHIER FORM : calculateChangeValue, bayarTextBox.Text [0]
[ADMIN] [3/19/2017 10:09] [PENJUALAN] CASHIER FORM : calculateChangeValue, sisaBayar [0]
[ADMIN] [3/19/2017 10:09] [PENJUALAN] CASHIER FORM : cashierDataGridView_CellValueChanged [jumlah]
[ADMIN] [3/19/2017 10:09] [PENJUALAN] CASHIER FORM : cashierDataGridView_CellValueChanged [productName]
[ADMIN] [3/19/2017 10:09] [PENJUALAN] CASHIER FORM : UNREGISTER HOTKEY
[ADMIN] [3/19/2017 10:09] [PENJUALAN] CASHIER FORM : ADD NEW ROW FROM BARCODE [ALUMUNIUM 3.0 KG]
[ADMIN] [3/19/2017 10:09] [PENJUALAN] CASHIER FORM : cashierDataGridView_CellValueChanged [productID]
[ADMIN] [3/19/2017 10:09] [PENJUALAN] CASHIER FORM : cashierDataGridView_CellValueChanged [productName]
[ADMIN] [3/19/2017 10:09] [PENJUALAN] CASHIER FORM : PRODUCT PRICE TYPE [PRODUCT_BASE_PRICE]
[ADMIN] [3/19/2017 10:09] [PENJUALAN] CASHIER FORM : PRODUCT PRICE [106500]
[ADMIN] [3/19/2017 10:09] [PENJUALAN] CASHIER FORM : ComboBox_SelectedIndexChanged, PRODUCT_BASE_PRICE [106500]
[ADMIN] [3/19/2017 10:09] [PENJUALAN] CASHIER FORM : cashierDataGridView_CellValueChanged [hpp]
[ADMIN] [3/19/2017 10:09] [PENJUALAN] CASHIER FORM : PRODUCT PRICE TYPE [PRODUCT_RETAIL_PRICE]
[ADMIN] [3/19/2017 10:09] [PENJUALAN] CASHIER FORM : PRODUCT PRICE [108000]
[ADMIN] [3/19/2017 10:09] [PENJUALAN] CASHIER FORM : ComboBox_SelectedIndexChanged, PRODUCT_SALES_PRICE [108000]
[ADMIN] [3/19/2017 10:09] [PENJUALAN] CASHIER FORM : cashierDataGridView_CellValueChanged [productPrice]
[ADMIN] [3/19/2017 10:09] [PENJUALAN] CASHIER FORM : TextBox_TextChanged, previousInput []
[ADMIN] [3/19/2017 10:09] [PENJUALAN] CASHIER FORM : TextBox_TextChanged, dataGridViewTextBoxEditingControl.Text pass REGEX Checking
[ADMIN] [3/19/2017 10:09] [PENJUALAN] CASHIER FORM : CALCULATE SUBTOTAL
[ADMIN] [3/19/2017 10:09] [PENJUALAN] CASHIER FORM : SUBTOTAL [0]
[ADMIN] [3/19/2017 10:09] [PENJUALAN] CASHIER FORM : TextBox_TextChanged, subtotal value [0]
[ADMIN] [3/19/2017 10:09] [PENJUALAN] CASHIER FORM : TextBox_TextChanged, attempt to calculate total value
[ADMIN] [3/19/2017 10:09] [PENJUALAN] CASHIER FORM : calculateTotal
[ADMIN] [3/19/2017 10:09] [PENJUALAN] CASHIER FORM : calculateTotal [0]
[ADMIN] [3/19/2017 10:09] [PENJUALAN] CASHIER FORM : calculateTotal, totalAfterDisc [0]
[ADMIN] [3/19/2017 10:09] [PENJUALAN] CASHIER FORM : calculateChangeValue, bayarTextBox.Text [0]
[ADMIN] [3/19/2017 10:09] [PENJUALAN] CASHIER FORM : calculateChangeValue, sisaBayar [0]
[ADMIN] [3/19/2017 10:09] [PENJUALAN] CASHIER FORM : cashierDataGridView_CellValueChanged [qty]
[ADMIN] [3/19/2017 10:09] [PENJUALAN] CASHIER FORM : TextBox_TextChanged, previousInput []
[ADMIN] [3/19/2017 10:09] [PENJUALAN] CASHIER FORM : TextBox_TextChanged, dataGridViewTextBoxEditingControl.Text pass REGEX Checking
[ADMIN] [3/19/2017 10:09] [PENJUALAN] CASHIER FORM : CALCULATE SUBTOTAL
[ADMIN] [3/19/2017 10:09] [PENJUALAN] CASHIER FORM : SUBTOTAL [0]
[ADMIN] [3/19/2017 10:09] [PENJUALAN] CASHIER FORM : TextBox_TextChanged, subtotal value [0]
[ADMIN] [3/19/2017 10:09] [PENJUALAN] CASHIER FORM : TextBox_TextChanged, attempt to calculate total value
[ADMIN] [3/19/2017 10:09] [PENJUALAN] CASHIER FORM : calculateTotal
[ADMIN] [3/19/2017 10:09] [PENJUALAN] CASHIER FORM : calculateTotal [0]
[ADMIN] [3/19/2017 10:09] [PENJUALAN] CASHIER FORM : calculateTotal, totalAfterDisc [0]
[ADMIN] [3/19/2017 10:09] [PENJUALAN] CASHIER FORM : calculateChangeValue, bayarTextBox.Text [0]
[ADMIN] [3/19/2017 10:09] [PENJUALAN] CASHIER FORM : calculateChangeValue, sisaBayar [0]
[ADMIN] [3/19/2017 10:09] [PENJUALAN] CASHIER FORM : cashierDataGridView_CellValueChanged [jumlah]
[ADMIN] [3/19/2017 10:09] [PENJUALAN] CASHIER FORM : ComboBox_SelectedIndexChanged, attempt to calculate total
[ADMIN] [3/19/2017 10:09] [PENJUALAN] CASHIER FORM : calculateTotal
[ADMIN] [3/19/2017 10:09] [PENJUALAN] CASHIER FORM : calculateTotal [0]
[ADMIN] [3/19/2017 10:09] [PENJUALAN] CASHIER FORM : calculateTotal, totalAfterDisc [0]
[ADMIN] [3/19/2017 10:09] [PENJUALAN] CASHIER FORM : calculateChangeValue, bayarTextBox.Text [0]
[ADMIN] [3/19/2017 10:09] [PENJUALAN] CASHIER FORM : calculateChangeValue, sisaBayar [0]
[ADMIN] [3/19/2017 10:09] [] CHECK STOCK QTY IS ENOUGH [10]
[ADMIN] [3/19/2017 10:09] [] CHECK STOCK QTY IS ENOUGH [0, 1]
[ADMIN] [3/19/2017 10:09] [PENJUALAN] CASHIER FORM : SET QTY TO 0 BECAUSE OF NEW ROW BUT STOCK IS NOT ENOUGH
[ADMIN] [3/19/2017 10:09] [PENJUALAN] CASHIER FORM : CALCULATE SUBTOTAL
[ADMIN] [3/19/2017 10:09] [PENJUALAN] CASHIER FORM : SUBTOTAL [0]
[ADMIN] [3/19/2017 10:09] [PENJUALAN] CASHIER FORM : cashierDataGridView_CellValueChanged [jumlah]
[ADMIN] [3/19/2017 10:09] [PENJUALAN] CASHIER FORM : calculateTotal
[ADMIN] [3/19/2017 10:09] [PENJUALAN] CASHIER FORM : calculateTotal [0]
[ADMIN] [3/19/2017 10:09] [PENJUALAN] CASHIER FORM : calculateTotal, totalAfterDisc [0]
[ADMIN] [3/19/2017 10:09] [PENJUALAN] CASHIER FORM : calculateChangeValue, bayarTextBox.Text [0]
[ADMIN] [3/19/2017 10:09] [PENJUALAN] CASHIER FORM : calculateChangeValue, sisaBayar [0]
[ADMIN] [3/19/2017 10:09] [PENJUALAN] CASHIER FORM : REGISTER HOTKEY
[ADMIN] [3/19/2017 10:09] [PENJUALAN] CASHIER FORM : cashierDataGridView_CellValueChanged [qty]
[ADMIN] [3/19/2017 10:09] [PENJUALAN] CASHIER FORM : TextBox_TextChanged, previousInput []
[ADMIN] [3/19/2017 10:09] [PENJUALAN] CASHIER FORM : TextBox_TextChanged, dataGridViewTextBoxEditingControl.Text pass REGEX Checking
[ADMIN] [3/19/2017 10:09] [PENJUALAN] CASHIER FORM : CALCULATE SUBTOTAL
[ADMIN] [3/19/2017 10:09] [PENJUALAN] CASHIER FORM : SUBTOTAL [216000]
[ADMIN] [3/19/2017 10:09] [PENJUALAN] CASHIER FORM : TextBox_TextChanged, subtotal value [216000]
[ADMIN] [3/19/2017 10:09] [PENJUALAN] CASHIER FORM : TextBox_TextChanged, attempt to calculate total value
[ADMIN] [3/19/2017 10:09] [PENJUALAN] CASHIER FORM : calculateTotal
[ADMIN] [3/19/2017 10:09] [PENJUALAN] CASHIER FORM : calculateTotal [216000]
[ADMIN] [3/19/2017 10:09] [PENJUALAN] CASHIER FORM : calculateTotal, totalAfterDisc [216000]
[ADMIN] [3/19/2017 10:09] [PENJUALAN] CASHIER FORM : calculateChangeValue, bayarTextBox.Text [0]
[ADMIN] [3/19/2017 10:09] [PENJUALAN] CASHIER FORM : calculateChangeValue, sisaBayar [0]
[ADMIN] [3/19/2017 10:09] [PENJUALAN] CASHIER FORM : cashierDataGridView_CellValueChanged [qty]
[ADMIN] [3/19/2017 10:09] [PENJUALAN] CASHIER FORM : TextBox_TextChanged, previousInput []
[ADMIN] [3/19/2017 10:09] [PENJUALAN] CASHIER FORM : TextBox_TextChanged, dataGridViewTextBoxEditingControl.Text pass REGEX Checking
[ADMIN] [3/19/2017 10:09] [PENJUALAN] CASHIER FORM : CALCULATE SUBTOTAL
[ADMIN] [3/19/2017 10:09] [PENJUALAN] CASHIER FORM : SUBTOTAL [2160000]
[ADMIN] [3/19/2017 10:09] [PENJUALAN] CASHIER FORM : TextBox_TextChanged, subtotal value [2160000]
[ADMIN] [3/19/2017 10:09] [PENJUALAN] CASHIER FORM : TextBox_TextChanged, attempt to calculate total value
[ADMIN] [3/19/2017 10:09] [PENJUALAN] CASHIER FORM : calculateTotal
[ADMIN] [3/19/2017 10:09] [PENJUALAN] CASHIER FORM : calculateTotal [2160000]
[ADMIN] [3/19/2017 10:09] [PENJUALAN] CASHIER FORM : calculateTotal, totalAfterDisc [2160000]
[ADMIN] [3/19/2017 10:09] [PENJUALAN] CASHIER FORM : calculateChangeValue, bayarTextBox.Text [0]
[ADMIN] [3/19/2017 10:09] [PENJUALAN] CASHIER FORM : calculateChangeValue, sisaBayar [0]
[ADMIN] [3/19/2017 10:09] [PENJUALAN] CASHIER FORM : HOTKEY TO SAVE AND PRINT OUT INVOICE PRESSED
[ADMIN] [3/19/2017 10:09] [PENJUALAN] CASHIER FORM : UNREGISTER HOTKEY
[ADMIN] [3/19/2017 10:09] [PENJUALAN] CASHIER FORM : REGISTER HOTKEY
[ADMIN] [3/19/2017 10:09] [PENJUALAN] ATTEMPT TO SAVE AND PRINT OUT INVOICE
[ADMIN] [3/19/2017 10:09] [PENJUALAN] CASHIER FORM : UNREGISTER HOTKEY
[ADMIN] [3/19/2017 10:09] [PENJUALAN] CASHIER FORM : REGISTER HOTKEY
[ADMIN] [3/19/2017 10:10] [PENJUALAN] CASHIER FORM : calculateChangeValue, bayarTextBox.Text [2]
[ADMIN] [3/19/2017 10:10] [PENJUALAN] CASHIER FORM : calculateChangeValue, sisaBayar [0]
[ADMIN] [3/19/2017 10:10] [PENJUALAN] CASHIER FORM : calculateChangeValue, bayarTextBox.Text [21]
[ADMIN] [3/19/2017 10:10] [PENJUALAN] CASHIER FORM : calculateChangeValue, sisaBayar [0]
[ADMIN] [3/19/2017 10:10] [PENJUALAN] CASHIER FORM : calculateChangeValue, bayarTextBox.Text [216]
[ADMIN] [3/19/2017 10:10] [PENJUALAN] CASHIER FORM : calculateChangeValue, sisaBayar [0]
[ADMIN] [3/19/2017 10:10] [PENJUALAN] CASHIER FORM : calculateChangeValue, bayarTextBox.Text [2160]
[ADMIN] [3/19/2017 10:10] [PENJUALAN] CASHIER FORM : calculateChangeValue, sisaBayar [0]
[ADMIN] [3/19/2017 10:10] [PENJUALAN] CASHIER FORM : HOTKEY TO SAVE AND PRINT OUT INVOICE PRESSED
[ADMIN] [3/19/2017 10:10] [PENJUALAN] CASHIER FORM : UNREGISTER HOTKEY
[ADMIN] [3/19/2017 10:10] [PENJUALAN] CASHIER FORM : REGISTER HOTKEY
[ADMIN] [3/19/2017 10:10] [PENJUALAN] ATTEMPT TO SAVE AND PRINT OUT INVOICE
[ADMIN] [3/19/2017 10:10] [PENJUALAN] CASHIER FORM : UNREGISTER HOTKEY
[ADMIN] [3/19/2017 10:10] [PENJUALAN] CASHIER FORM : REGISTER HOTKEY
[ADMIN] [3/19/2017 10:10] [PENJUALAN] CASHIER FORM : UNREGISTER HOTKEY
[ADMIN] [3/19/2017 10:10] [PENJUALAN] CASHIER FORM : UNREGISTER HOTKEY
[ADMIN] [3/19/2017 10:10] [PENJUALAN] CASHIER FORM : MULTIPLE CASHIER INSTANCE [1]
[ADMIN] [3/19/2017 10:10] [PENJUALAN] CASHIER FORM : REGISTER HOTKEY
[ADMIN] [3/19/2017 10:10] [PENJUALAN] CASHIER FORM : cashierForm_Load, ATTEMPT TO LOAD NO FAKTUR
[ADMIN] [3/19/2017 10:10] [PENJUALAN] CASHIER FORM : loadNoFaktur, noFakturValue [SLO001]
[ADMIN] [3/19/2017 10:10] [PENJUALAN] CASHIER FORM : cashierForm_Load, ATTEMPT TO addColumnToDataGrid
[ADMIN] [3/19/2017 10:10] [PENJUALAN] CASHIER FORM : calculateTotal
[ADMIN] [3/19/2017 10:10] [PENJUALAN] CASHIER FORM : calculateTotal [0]
[ADMIN] [3/19/2017 10:10] [PENJUALAN] CASHIER FORM : calculateTotal, totalAfterDisc [0]
[ADMIN] [3/19/2017 10:10] [PENJUALAN] CASHIER FORM : calculateChangeValue, bayarTextBox.Text [0]
[ADMIN] [3/19/2017 10:10] [PENJUALAN] CASHIER FORM : calculateChangeValue, sisaBayar [0]
[ADMIN] [3/19/2017 10:10] [PENJUALAN] CASHIER FORM : REGISTER HOTKEY
[ADMIN] [3/19/2017 10:10] [PENJUALAN] CASHIER FORM : HOTKEY TO ADD NEW ROW PRESSED
[ADMIN] [3/19/2017 10:10] [PENJUALAN] CASHIER FORM : ADD NEW ROW,  isActive [True]
[ADMIN] [3/19/2017 10:10] [PENJUALAN] CASHIER FORM : ADD NEW ROW,  ROW COUNT [0]
[ADMIN] [3/19/2017 10:10] [PENJUALAN] CASHIER FORM : ADD NEW ROW,  ALLOW TO ADD [True]
[ADMIN] [3/19/2017 10:10] [PENJUALAN] CASHIER FORM : cashierDataGridView_CellValueChanged [F8]
[ADMIN] [3/19/2017 10:10] [PENJUALAN] CASHIER FORM : cashierDataGridView_CellValueChanged [hpp]
[ADMIN] [3/19/2017 10:10] [PENJUALAN] CASHIER FORM : cashierDataGridView_CellValueChanged [productPrice]
[ADMIN] [3/19/2017 10:10] [PENJUALAN] CASHIER FORM : TextBox_TextChanged, previousInput []
[ADMIN] [3/19/2017 10:10] [PENJUALAN] CASHIER FORM : TextBox_TextChanged, dataGridViewTextBoxEditingControl.Text pass REGEX Checking
[ADMIN] [3/19/2017 10:10] [PENJUALAN] CASHIER FORM : CALCULATE SUBTOTAL
[ADMIN] [3/19/2017 10:10] [PENJUALAN] CASHIER FORM : SUBTOTAL [0]
[ADMIN] [3/19/2017 10:10] [PENJUALAN] CASHIER FORM : TextBox_TextChanged, subtotal value [0]
[ADMIN] [3/19/2017 10:10] [PENJUALAN] CASHIER FORM : TextBox_TextChanged, attempt to calculate total value
[ADMIN] [3/19/2017 10:10] [PENJUALAN] CASHIER FORM : calculateTotal
[ADMIN] [3/19/2017 10:10] [PENJUALAN] CASHIER FORM : calculateTotal [0]
[ADMIN] [3/19/2017 10:10] [PENJUALAN] CASHIER FORM : calculateTotal, totalAfterDisc [0]
[ADMIN] [3/19/2017 10:10] [PENJUALAN] CASHIER FORM : calculateChangeValue, bayarTextBox.Text [0]
[ADMIN] [3/19/2017 10:10] [PENJUALAN] CASHIER FORM : calculateChangeValue, sisaBayar [0]
[ADMIN] [3/19/2017 10:10] [PENJUALAN] CASHIER FORM : cashierDataGridView_CellValueChanged [disc1]
[ADMIN] [3/19/2017 10:10] [PENJUALAN] CASHIER FORM : TextBox_TextChanged, previousInput []
[ADMIN] [3/19/2017 10:10] [PENJUALAN] CASHIER FORM : TextBox_TextChanged, dataGridViewTextBoxEditingControl.Text pass REGEX Checking
[ADMIN] [3/19/2017 10:10] [PENJUALAN] CASHIER FORM : CALCULATE SUBTOTAL
[ADMIN] [3/19/2017 10:10] [PENJUALAN] CASHIER FORM : SUBTOTAL [0]
[ADMIN] [3/19/2017 10:10] [PENJUALAN] CASHIER FORM : TextBox_TextChanged, subtotal value [0]
[ADMIN] [3/19/2017 10:10] [PENJUALAN] CASHIER FORM : TextBox_TextChanged, attempt to calculate total value
[ADMIN] [3/19/2017 10:10] [PENJUALAN] CASHIER FORM : calculateTotal
[ADMIN] [3/19/2017 10:10] [PENJUALAN] CASHIER FORM : calculateTotal [0]
[ADMIN] [3/19/2017 10:10] [PENJUALAN] CASHIER FORM : calculateTotal, totalAfterDisc [0]
[ADMIN] [3/19/2017 10:10] [PENJUALAN] CASHIER FORM : calculateChangeValue, bayarTextBox.Text [0]
[ADMIN] [3/19/2017 10:10] [PENJUALAN] CASHIER FORM : calculateChangeValue, sisaBayar [0]
[ADMIN] [3/19/2017 10:10] [PENJUALAN] CASHIER FORM : cashierDataGridView_CellValueChanged [qty]
[ADMIN] [3/19/2017 10:10] [PENJUALAN] CASHIER FORM : TextBox_TextChanged, previousInput []
[ADMIN] [3/19/2017 10:10] [PENJUALAN] CASHIER FORM : TextBox_TextChanged, dataGridViewTextBoxEditingControl.Text pass REGEX Checking
[ADMIN] [3/19/2017 10:10] [] CHECK STOCK QTY IS ENOUGH []
[ADMIN] [3/19/2017 10:10] [PENJUALAN] CASHIER FORM : CALCULATE SUBTOTAL
[ADMIN] [3/19/2017 10:10] [PENJUALAN] CASHIER FORM : SUBTOTAL [0]
[ADMIN] [3/19/2017 10:10] [PENJUALAN] CASHIER FORM : TextBox_TextChanged, subtotal value [0]
[ADMIN] [3/19/2017 10:10] [PENJUALAN] CASHIER FORM : TextBox_TextChanged, attempt to calculate total value
[ADMIN] [3/19/2017 10:10] [PENJUALAN] CASHIER FORM : calculateTotal
[ADMIN] [3/19/2017 10:10] [PENJUALAN] CASHIER FORM : calculateTotal [0]
[ADMIN] [3/19/2017 10:10] [PENJUALAN] CASHIER FORM : calculateTotal, totalAfterDisc [0]
[ADMIN] [3/19/2017 10:10] [PENJUALAN] CASHIER FORM : calculateChangeValue, bayarTextBox.Text [0]
[ADMIN] [3/19/2017 10:10] [PENJUALAN] CASHIER FORM : calculateChangeValue, sisaBayar [0]
[ADMIN] [3/19/2017 10:10] [PENJUALAN] CASHIER FORM : cashierDataGridView_CellValueChanged [disc2]
[ADMIN] [3/19/2017 10:10] [PENJUALAN] CASHIER FORM : TextBox_TextChanged, previousInput []
[ADMIN] [3/19/2017 10:10] [PENJUALAN] CASHIER FORM : TextBox_TextChanged, dataGridViewTextBoxEditingControl.Text pass REGEX Checking
[ADMIN] [3/19/2017 10:10] [PENJUALAN] CASHIER FORM : CALCULATE SUBTOTAL
[ADMIN] [3/19/2017 10:10] [PENJUALAN] CASHIER FORM : SUBTOTAL [0]
[ADMIN] [3/19/2017 10:10] [PENJUALAN] CASHIER FORM : TextBox_TextChanged, subtotal value [0]
[ADMIN] [3/19/2017 10:10] [PENJUALAN] CASHIER FORM : TextBox_TextChanged, attempt to calculate total value
[ADMIN] [3/19/2017 10:10] [PENJUALAN] CASHIER FORM : calculateTotal
[ADMIN] [3/19/2017 10:10] [PENJUALAN] CASHIER FORM : calculateTotal [0]
[ADMIN] [3/19/2017 10:10] [PENJUALAN] CASHIER FORM : calculateTotal, totalAfterDisc [0]
[ADMIN] [3/19/2017 10:10] [PENJUALAN] CASHIER FORM : calculateChangeValue, bayarTextBox.Text [0]
[ADMIN] [3/19/2017 10:10] [PENJUALAN] CASHIER FORM : calculateChangeValue, sisaBayar [0]
[ADMIN] [3/19/2017 10:10] [PENJUALAN] CASHIER FORM : cashierDataGridView_CellValueChanged [discRP]
[ADMIN] [3/19/2017 10:10] [PENJUALAN] CASHIER FORM : TextBox_TextChanged, previousInput []
[ADMIN] [3/19/2017 10:10] [PENJUALAN] CASHIER FORM : TextBox_TextChanged, dataGridViewTextBoxEditingControl.Text pass REGEX Checking
[ADMIN] [3/19/2017 10:10] [PENJUALAN] CASHIER FORM : CALCULATE SUBTOTAL
[ADMIN] [3/19/2017 10:10] [PENJUALAN] CASHIER FORM : SUBTOTAL [0]
[ADMIN] [3/19/2017 10:10] [PENJUALAN] CASHIER FORM : TextBox_TextChanged, subtotal value [0]
[ADMIN] [3/19/2017 10:10] [PENJUALAN] CASHIER FORM : TextBox_TextChanged, attempt to calculate total value
[ADMIN] [3/19/2017 10:10] [PENJUALAN] CASHIER FORM : calculateTotal
[ADMIN] [3/19/2017 10:10] [PENJUALAN] CASHIER FORM : calculateTotal [0]
[ADMIN] [3/19/2017 10:10] [PENJUALAN] CASHIER FORM : calculateTotal, totalAfterDisc [0]
[ADMIN] [3/19/2017 10:10] [PENJUALAN] CASHIER FORM : calculateChangeValue, bayarTextBox.Text [0]
[ADMIN] [3/19/2017 10:10] [PENJUALAN] CASHIER FORM : calculateChangeValue, sisaBayar [0]
[ADMIN] [3/19/2017 10:10] [PENJUALAN] CASHIER FORM : cashierDataGridView_CellValueChanged [jumlah]
[ADMIN] [3/19/2017 10:10] [PENJUALAN] CASHIER FORM : cashierDataGridView_CellValueChanged [productPrice]
[ADMIN] [3/19/2017 10:10] [PENJUALAN] CASHIER FORM : TextBox_TextChanged, previousInput []
[ADMIN] [3/19/2017 10:10] [PENJUALAN] CASHIER FORM : TextBox_TextChanged, dataGridViewTextBoxEditingControl.Text did not pass REGEX Checking
[ADMIN] [3/19/2017 10:10] [PENJUALAN] CASHIER FORM : cashierDataGridView_CellValueChanged [productName]
[ADMIN] [3/19/2017 10:10] [PENJUALAN] CASHIER FORM : UNREGISTER HOTKEY
[ADMIN] [3/19/2017 10:10] [PENJUALAN] CASHIER FORM : ADD NEW ROW FROM BARCODE [ALUMUNIUM 1.95 KG]
[ADMIN] [3/19/2017 10:10] [PENJUALAN] CASHIER FORM : cashierDataGridView_CellValueChanged [productID]
[ADMIN] [3/19/2017 10:10] [PENJUALAN] CASHIER FORM : cashierDataGridView_CellValueChanged [productName]
[ADMIN] [3/19/2017 10:10] [PENJUALAN] CASHIER FORM : PRODUCT PRICE TYPE [PRODUCT_BASE_PRICE]
[ADMIN] [3/19/2017 10:10] [PENJUALAN] CASHIER FORM : PRODUCT PRICE [69500]
[ADMIN] [3/19/2017 10:10] [PENJUALAN] CASHIER FORM : ComboBox_SelectedIndexChanged, PRODUCT_BASE_PRICE [69500]
[ADMIN] [3/19/2017 10:10] [PENJUALAN] CASHIER FORM : cashierDataGridView_CellValueChanged [hpp]
[ADMIN] [3/19/2017 10:10] [PENJUALAN] CASHIER FORM : PRODUCT PRICE TYPE [PRODUCT_RETAIL_PRICE]
[ADMIN] [3/19/2017 10:10] [PENJUALAN] CASHIER FORM : PRODUCT PRICE [71000]
[ADMIN] [3/19/2017 10:10] [PENJUALAN] CASHIER FORM : ComboBox_SelectedIndexChanged, PRODUCT_SALES_PRICE [71000]
[ADMIN] [3/19/2017 10:10] [PENJUALAN] CASHIER FORM : cashierDataGridView_CellValueChanged [productPrice]
[ADMIN] [3/19/2017 10:10] [PENJUALAN] CASHIER FORM : TextBox_TextChanged, previousInput []
[ADMIN] [3/19/2017 10:10] [PENJUALAN] CASHIER FORM : TextBox_TextChanged, dataGridViewTextBoxEditingControl.Text pass REGEX Checking
[ADMIN] [3/19/2017 10:10] [PENJUALAN] CASHIER FORM : CALCULATE SUBTOTAL
[ADMIN] [3/19/2017 10:10] [PENJUALAN] CASHIER FORM : SUBTOTAL [0]
[ADMIN] [3/19/2017 10:10] [PENJUALAN] CASHIER FORM : TextBox_TextChanged, subtotal value [0]
[ADMIN] [3/19/2017 10:10] [PENJUALAN] CASHIER FORM : TextBox_TextChanged, attempt to calculate total value
[ADMIN] [3/19/2017 10:10] [PENJUALAN] CASHIER FORM : calculateTotal
[ADMIN] [3/19/2017 10:10] [PENJUALAN] CASHIER FORM : calculateTotal [0]
[ADMIN] [3/19/2017 10:10] [PENJUALAN] CASHIER FORM : calculateTotal, totalAfterDisc [0]
[ADMIN] [3/19/2017 10:10] [PENJUALAN] CASHIER FORM : calculateChangeValue, bayarTextBox.Text [0]
[ADMIN] [3/19/2017 10:10] [PENJUALAN] CASHIER FORM : calculateChangeValue, sisaBayar [0]
[ADMIN] [3/19/2017 10:10] [PENJUALAN] CASHIER FORM : cashierDataGridView_CellValueChanged [qty]
[ADMIN] [3/19/2017 10:10] [PENJUALAN] CASHIER FORM : TextBox_TextChanged, previousInput []
[ADMIN] [3/19/2017 10:10] [PENJUALAN] CASHIER FORM : TextBox_TextChanged, dataGridViewTextBoxEditingControl.Text pass REGEX Checking
[ADMIN] [3/19/2017 10:10] [] CHECK STOCK QTY IS ENOUGH [5]
[ADMIN] [3/19/2017 10:10] [] CHECK STOCK QTY IS ENOUGH [0, 0]
[ADMIN] [3/19/2017 10:10] [PENJUALAN] CASHIER FORM : CALCULATE SUBTOTAL
[ADMIN] [3/19/2017 10:10] [PENJUALAN] CASHIER FORM : SUBTOTAL [0]
[ADMIN] [3/19/2017 10:10] [PENJUALAN] CASHIER FORM : TextBox_TextChanged, subtotal value [0]
[ADMIN] [3/19/2017 10:10] [PENJUALAN] CASHIER FORM : TextBox_TextChanged, attempt to calculate total value
[ADMIN] [3/19/2017 10:10] [PENJUALAN] CASHIER FORM : calculateTotal
[ADMIN] [3/19/2017 10:10] [PENJUALAN] CASHIER FORM : calculateTotal [0]
[ADMIN] [3/19/2017 10:10] [PENJUALAN] CASHIER FORM : calculateTotal, totalAfterDisc [0]
[ADMIN] [3/19/2017 10:10] [PENJUALAN] CASHIER FORM : calculateChangeValue, bayarTextBox.Text [0]
[ADMIN] [3/19/2017 10:10] [PENJUALAN] CASHIER FORM : calculateChangeValue, sisaBayar [0]
[ADMIN] [3/19/2017 10:10] [PENJUALAN] CASHIER FORM : cashierDataGridView_CellValueChanged [jumlah]
[ADMIN] [3/19/2017 10:10] [PENJUALAN] CASHIER FORM : ComboBox_SelectedIndexChanged, attempt to calculate total
[ADMIN] [3/19/2017 10:10] [PENJUALAN] CASHIER FORM : calculateTotal
[ADMIN] [3/19/2017 10:10] [PENJUALAN] CASHIER FORM : calculateTotal [0]
[ADMIN] [3/19/2017 10:10] [PENJUALAN] CASHIER FORM : calculateTotal, totalAfterDisc [0]
[ADMIN] [3/19/2017 10:10] [PENJUALAN] CASHIER FORM : calculateChangeValue, bayarTextBox.Text [0]
[ADMIN] [3/19/2017 10:10] [PENJUALAN] CASHIER FORM : calculateChangeValue, sisaBayar [0]
[ADMIN] [3/19/2017 10:10] [] CHECK STOCK QTY IS ENOUGH [5]
[ADMIN] [3/19/2017 10:10] [] CHECK STOCK QTY IS ENOUGH [0, 1]
[ADMIN] [3/19/2017 10:10] [PENJUALAN] CASHIER FORM : SET QTY TO 0 BECAUSE OF NEW ROW BUT STOCK IS NOT ENOUGH
[ADMIN] [3/19/2017 10:10] [PENJUALAN] CASHIER FORM : CALCULATE SUBTOTAL
[ADMIN] [3/19/2017 10:10] [PENJUALAN] CASHIER FORM : SUBTOTAL [0]
[ADMIN] [3/19/2017 10:10] [PENJUALAN] CASHIER FORM : cashierDataGridView_CellValueChanged [jumlah]
[ADMIN] [3/19/2017 10:10] [PENJUALAN] CASHIER FORM : calculateTotal
[ADMIN] [3/19/2017 10:10] [PENJUALAN] CASHIER FORM : calculateTotal [0]
[ADMIN] [3/19/2017 10:10] [PENJUALAN] CASHIER FORM : calculateTotal, totalAfterDisc [0]
[ADMIN] [3/19/2017 10:10] [PENJUALAN] CASHIER FORM : calculateChangeValue, bayarTextBox.Text [0]
[ADMIN] [3/19/2017 10:10] [PENJUALAN] CASHIER FORM : calculateChangeValue, sisaBayar [0]
[ADMIN] [3/19/2017 10:10] [PENJUALAN] CASHIER FORM : REGISTER HOTKEY
[ADMIN] [3/19/2017 10:10] [PENJUALAN] CASHIER FORM : cashierDataGridView_CellValueChanged [qty]
[ADMIN] [3/19/2017 10:10] [PENJUALAN] CASHIER FORM : TextBox_TextChanged, previousInput []
[ADMIN] [3/19/2017 10:10] [PENJUALAN] CASHIER FORM : TextBox_TextChanged, dataGridViewTextBoxEditingControl.Text pass REGEX Checking
[ADMIN] [3/19/2017 10:10] [] CHECK STOCK QTY IS ENOUGH [5]
[ADMIN] [3/19/2017 10:10] [] CHECK STOCK QTY IS ENOUGH [0, 2]
[ADMIN] [3/19/2017 10:10] [PENJUALAN] CASHIER FORM : cashierDataGridView_CellValueChanged [qty]
[ADMIN] [3/19/2017 10:10] [PENJUALAN] CASHIER FORM : TextBox_TextChanged, previousInput []
[ADMIN] [3/19/2017 10:10] [PENJUALAN] CASHIER FORM : TextBox_TextChanged, dataGridViewTextBoxEditingControl.Text pass REGEX Checking
[ADMIN] [3/19/2017 10:10] [] CHECK STOCK QTY IS ENOUGH [5]
[ADMIN] [3/19/2017 10:10] [] CHECK STOCK QTY IS ENOUGH [0, 20]
[ADMIN] [3/19/2017 10:10] [PENJUALAN] CASHIER FORM : UNREGISTER HOTKEY
[ADMIN] [3/19/2017 10:10] [PENJUALAN] CASHIER FORM : UNREGISTER HOTKEY
[ADMIN] [3/19/2017 10:20] [] USER ID = 1LOGOUT
