[] [1/28/2017 23:23] [] USER = ADMIN IS ACTIVE
[ADMIN] [1/28/2017 23:23] [] USER ID = 1 LOGIN SUCCESSFULLY
[ADMIN] [1/28/2017 23:23] [] ACTIVATE USER ACCESS RIGHT
[ADMIN] [1/28/2017 23:23] [] DISPLAY ADMIN FORM
[ADMIN] [1/28/2017 23:23] [] adminForm Load
[ADMIN] [1/28/2017 23:23] [] ACTIVATE USER ACCESS RIGHT
[ADMIN] [1/28/2017 23:28] [PENJUALAN] CASHIER FORM : REGISTER HOTKEY
[ADMIN] [1/28/2017 23:28] [PENJUALAN] CASHIER FORM : calculateTotal
[ADMIN] [1/28/2017 23:28] [PENJUALAN] CASHIER FORM : calculateTotal [0]
[ADMIN] [1/28/2017 23:28] [PENJUALAN] CASHIER FORM : calculateTotal, totalAfterDisc [0]
[ADMIN] [1/28/2017 23:28] [PENJUALAN] CASHIER FORM : calculateChangeValue, bayarTextBox.Text [0]
[ADMIN] [1/28/2017 23:28] [PENJUALAN] CASHIER FORM : calculateChangeValue, sisaBayar [0]
[ADMIN] [1/28/2017 23:28] [PENJUALAN] CASHIER FORM : REGISTER HOTKEY
[ADMIN] [1/28/2017 23:28] [PENJUALAN] CASHIER FORM : HOTKEY TO ADD NEW ROW PRESSED
[ADMIN] [1/28/2017 23:28] [PENJUALAN] CASHIER FORM : ADD NEW ROW,  isActive [True]
[ADMIN] [1/28/2017 23:28] [PENJUALAN] CASHIER FORM : ADD NEW ROW,  ROW COUNT [0]
[ADMIN] [1/28/2017 23:28] [PENJUALAN] CASHIER FORM : ADD NEW ROW,  ALLOW TO ADD [True]
[ADMIN] [1/28/2017 23:28] [PENJUALAN] CASHIER FORM : cashierDataGridView_CellValueChanged [F8]
[ADMIN] [1/28/2017 23:28] [PENJUALAN] CASHIER FORM : cashierDataGridView_CellValueChanged [hpp]
[ADMIN] [1/28/2017 23:28] [PENJUALAN] CASHIER FORM : cashierDataGridView_CellValueChanged [productPrice]
[ADMIN] [1/28/2017 23:28] [PENJUALAN] CASHIER FORM : TextBox_TextChanged, previousInput []
[ADMIN] [1/28/2017 23:28] [PENJUALAN] CASHIER FORM : TextBox_TextChanged, dataGridViewTextBoxEditingControl.Text pass REGEX Checking
[ADMIN] [1/28/2017 23:28] [PENJUALAN] CASHIER FORM : CALCULATE SUBTOTAL
[ADMIN] [1/28/2017 23:28] [PENJUALAN] CASHIER FORM : SUBTOTAL [0]
[ADMIN] [1/28/2017 23:28] [PENJUALAN] CASHIER FORM : TextBox_TextChanged, subtotal value [0]
[ADMIN] [1/28/2017 23:28] [PENJUALAN] CASHIER FORM : TextBox_TextChanged, attempt to calculate total value
[ADMIN] [1/28/2017 23:28] [PENJUALAN] CASHIER FORM : calculateTotal
[ADMIN] [1/28/2017 23:28] [PENJUALAN] CASHIER FORM : calculateTotal [0]
[ADMIN] [1/28/2017 23:28] [PENJUALAN] CASHIER FORM : calculateTotal, totalAfterDisc [0]
[ADMIN] [1/28/2017 23:28] [PENJUALAN] CASHIER FORM : calculateChangeValue, bayarTextBox.Text [0]
[ADMIN] [1/28/2017 23:28] [PENJUALAN] CASHIER FORM : calculateChangeValue, sisaBayar [0]
[ADMIN] [1/28/2017 23:28] [PENJUALAN] CASHIER FORM : cashierDataGridView_CellValueChanged [disc1]
[ADMIN] [1/28/2017 23:28] [PENJUALAN] CASHIER FORM : TextBox_TextChanged, previousInput []
[ADMIN] [1/28/2017 23:28] [PENJUALAN] CASHIER FORM : TextBox_TextChanged, dataGridViewTextBoxEditingControl.Text pass REGEX Checking
[ADMIN] [1/28/2017 23:28] [PENJUALAN] CASHIER FORM : CALCULATE SUBTOTAL
[ADMIN] [1/28/2017 23:28] [PENJUALAN] CASHIER FORM : SUBTOTAL [0]
[ADMIN] [1/28/2017 23:28] [PENJUALAN] CASHIER FORM : TextBox_TextChanged, subtotal value [0]
[ADMIN] [1/28/2017 23:28] [PENJUALAN] CASHIER FORM : TextBox_TextChanged, attempt to calculate total value
[ADMIN] [1/28/2017 23:28] [PENJUALAN] CASHIER FORM : calculateTotal
[ADMIN] [1/28/2017 23:28] [PENJUALAN] CASHIER FORM : calculateTotal [0]
[ADMIN] [1/28/2017 23:28] [PENJUALAN] CASHIER FORM : calculateTotal, totalAfterDisc [0]
[ADMIN] [1/28/2017 23:28] [PENJUALAN] CASHIER FORM : calculateChangeValue, bayarTextBox.Text [0]
[ADMIN] [1/28/2017 23:28] [PENJUALAN] CASHIER FORM : calculateChangeValue, sisaBayar [0]
[ADMIN] [1/28/2017 23:28] [PENJUALAN] CASHIER FORM : cashierDataGridView_CellValueChanged [qty]
[ADMIN] [1/28/2017 23:28] [PENJUALAN] CASHIER FORM : TextBox_TextChanged, previousInput []
[ADMIN] [1/28/2017 23:28] [PENJUALAN] CASHIER FORM : TextBox_TextChanged, dataGridViewTextBoxEditingControl.Text pass REGEX Checking
[ADMIN] [1/28/2017 23:28] [] CHECK STOCK QTY IS ENOUGH []
[ADMIN] [1/28/2017 23:28] [PENJUALAN] CASHIER FORM : CALCULATE SUBTOTAL
[ADMIN] [1/28/2017 23:28] [PENJUALAN] CASHIER FORM : SUBTOTAL [0]
[ADMIN] [1/28/2017 23:28] [PENJUALAN] CASHIER FORM : TextBox_TextChanged, subtotal value [0]
[ADMIN] [1/28/2017 23:28] [PENJUALAN] CASHIER FORM : TextBox_TextChanged, attempt to calculate total value
[ADMIN] [1/28/2017 23:28] [PENJUALAN] CASHIER FORM : calculateTotal
[ADMIN] [1/28/2017 23:28] [PENJUALAN] CASHIER FORM : calculateTotal [0]
[ADMIN] [1/28/2017 23:28] [PENJUALAN] CASHIER FORM : calculateTotal, totalAfterDisc [0]
[ADMIN] [1/28/2017 23:28] [PENJUALAN] CASHIER FORM : calculateChangeValue, bayarTextBox.Text [0]
[ADMIN] [1/28/2017 23:28] [PENJUALAN] CASHIER FORM : calculateChangeValue, sisaBayar [0]
[ADMIN] [1/28/2017 23:28] [PENJUALAN] CASHIER FORM : cashierDataGridView_CellValueChanged [disc2]
[ADMIN] [1/28/2017 23:28] [PENJUALAN] CASHIER FORM : TextBox_TextChanged, previousInput []
[ADMIN] [1/28/2017 23:28] [PENJUALAN] CASHIER FORM : TextBox_TextChanged, dataGridViewTextBoxEditingControl.Text pass REGEX Checking
[ADMIN] [1/28/2017 23:28] [PENJUALAN] CASHIER FORM : CALCULATE SUBTOTAL
[ADMIN] [1/28/2017 23:28] [PENJUALAN] CASHIER FORM : SUBTOTAL [0]
[ADMIN] [1/28/2017 23:28] [PENJUALAN] CASHIER FORM : TextBox_TextChanged, subtotal value [0]
[ADMIN] [1/28/2017 23:28] [PENJUALAN] CASHIER FORM : TextBox_TextChanged, attempt to calculate total value
[ADMIN] [1/28/2017 23:28] [PENJUALAN] CASHIER FORM : calculateTotal
[ADMIN] [1/28/2017 23:28] [PENJUALAN] CASHIER FORM : calculateTotal [0]
[ADMIN] [1/28/2017 23:28] [PENJUALAN] CASHIER FORM : calculateTotal, totalAfterDisc [0]
[ADMIN] [1/28/2017 23:28] [PENJUALAN] CASHIER FORM : calculateChangeValue, bayarTextBox.Text [0]
[ADMIN] [1/28/2017 23:28] [PENJUALAN] CASHIER FORM : calculateChangeValue, sisaBayar [0]
[ADMIN] [1/28/2017 23:28] [PENJUALAN] CASHIER FORM : cashierDataGridView_CellValueChanged [discRP]
[ADMIN] [1/28/2017 23:28] [PENJUALAN] CASHIER FORM : TextBox_TextChanged, previousInput []
[ADMIN] [1/28/2017 23:28] [PENJUALAN] CASHIER FORM : TextBox_TextChanged, dataGridViewTextBoxEditingControl.Text pass REGEX Checking
[ADMIN] [1/28/2017 23:28] [PENJUALAN] CASHIER FORM : CALCULATE SUBTOTAL
[ADMIN] [1/28/2017 23:28] [PENJUALAN] CASHIER FORM : SUBTOTAL [0]
[ADMIN] [1/28/2017 23:28] [PENJUALAN] CASHIER FORM : TextBox_TextChanged, subtotal value [0]
[ADMIN] [1/28/2017 23:28] [PENJUALAN] CASHIER FORM : TextBox_TextChanged, attempt to calculate total value
[ADMIN] [1/28/2017 23:28] [PENJUALAN] CASHIER FORM : calculateTotal
[ADMIN] [1/28/2017 23:28] [PENJUALAN] CASHIER FORM : calculateTotal [0]
[ADMIN] [1/28/2017 23:28] [PENJUALAN] CASHIER FORM : calculateTotal, totalAfterDisc [0]
[ADMIN] [1/28/2017 23:28] [PENJUALAN] CASHIER FORM : calculateChangeValue, bayarTextBox.Text [0]
[ADMIN] [1/28/2017 23:28] [PENJUALAN] CASHIER FORM : calculateChangeValue, sisaBayar [0]
[ADMIN] [1/28/2017 23:28] [PENJUALAN] CASHIER FORM : cashierDataGridView_CellValueChanged [jumlah]
[ADMIN] [1/28/2017 23:28] [PENJUALAN] CASHIER FORM : cashierDataGridView_CellValueChanged [productName]
[ADMIN] [1/28/2017 23:28] [PENJUALAN] CASHIER FORM : cashierDataGridView_CellValueChanged [productName]
[ADMIN] [1/28/2017 23:28] [PENJUALAN] CASHIER FORM : cashierDataGridView_CellValueChanged [productName]
[ADMIN] [1/28/2017 23:28] [PENJUALAN] CASHIER FORM : cashierDataGridView_CellValueChanged [productName]
[ADMIN] [1/28/2017 23:28] [PENJUALAN] CASHIER FORM : cashierDataGridView_CellValueChanged [productName]
[ADMIN] [1/28/2017 23:28] [PENJUALAN] CASHIER FORM : cashierDataGridView_CellValueChanged [productName]
[ADMIN] [1/28/2017 23:28] [PENJUALAN] CASHIER FORM : cashierDataGridView_CellValueChanged [productName]
[ADMIN] [1/28/2017 23:28] [PENJUALAN] CASHIER FORM : cashierDataGridView_CellValueChanged [productName]
[ADMIN] [1/28/2017 23:28] [PENJUALAN] CASHIER FORM : cashierDataGridView_CellValueChanged [productName]
[ADMIN] [1/28/2017 23:28] [PENJUALAN] CASHIER FORM : cashierDataGridView_CellValueChanged [productID]
[ADMIN] [1/28/2017 23:28] [PENJUALAN] CASHIER FORM : PRODUCT PRICE TYPE [PRODUCT_BASE_PRICE]
[ADMIN] [1/28/2017 23:28] [PENJUALAN] CASHIER FORM : PRODUCT PRICE [1]
[ADMIN] [1/28/2017 23:28] [PENJUALAN] CASHIER FORM : ComboBox_SelectedIndexChanged, PRODUCT_BASE_PRICE [1]
[ADMIN] [1/28/2017 23:28] [PENJUALAN] CASHIER FORM : cashierDataGridView_CellValueChanged [hpp]
[ADMIN] [1/28/2017 23:28] [PENJUALAN] CASHIER FORM : PRODUCT PRICE TYPE [PRODUCT_RETAIL_PRICE]
[ADMIN] [1/28/2017 23:28] [PENJUALAN] CASHIER FORM : PRODUCT PRICE [1]
[ADMIN] [1/28/2017 23:28] [PENJUALAN] CASHIER FORM : ComboBox_SelectedIndexChanged, PRODUCT_SALES_PRICE [1]
[ADMIN] [1/28/2017 23:28] [PENJUALAN] CASHIER FORM : cashierDataGridView_CellValueChanged [productPrice]
[ADMIN] [1/28/2017 23:28] [PENJUALAN] CASHIER FORM : TextBox_TextChanged, previousInput []
[ADMIN] [1/28/2017 23:28] [PENJUALAN] CASHIER FORM : TextBox_TextChanged, dataGridViewTextBoxEditingControl.Text pass REGEX Checking
[ADMIN] [1/28/2017 23:28] [PENJUALAN] CASHIER FORM : CALCULATE SUBTOTAL
[ADMIN] [1/28/2017 23:28] [PENJUALAN] CASHIER FORM : SUBTOTAL [0]
[ADMIN] [1/28/2017 23:28] [PENJUALAN] CASHIER FORM : TextBox_TextChanged, subtotal value [0]
[ADMIN] [1/28/2017 23:28] [PENJUALAN] CASHIER FORM : TextBox_TextChanged, attempt to calculate total value
[ADMIN] [1/28/2017 23:28] [PENJUALAN] CASHIER FORM : calculateTotal
[ADMIN] [1/28/2017 23:28] [PENJUALAN] CASHIER FORM : calculateTotal [0]
[ADMIN] [1/28/2017 23:28] [PENJUALAN] CASHIER FORM : calculateTotal, totalAfterDisc [0]
[ADMIN] [1/28/2017 23:28] [PENJUALAN] CASHIER FORM : calculateChangeValue, bayarTextBox.Text [0]
[ADMIN] [1/28/2017 23:28] [PENJUALAN] CASHIER FORM : calculateChangeValue, sisaBayar [0]
[ADMIN] [1/28/2017 23:28] [PENJUALAN] CASHIER FORM : cashierDataGridView_CellValueChanged [qty]
[ADMIN] [1/28/2017 23:28] [PENJUALAN] CASHIER FORM : TextBox_TextChanged, previousInput []
[ADMIN] [1/28/2017 23:28] [PENJUALAN] CASHIER FORM : TextBox_TextChanged, dataGridViewTextBoxEditingControl.Text pass REGEX Checking
[ADMIN] [1/28/2017 23:28] [] CHECK STOCK QTY IS ENOUGH [106]
[ADMIN] [1/28/2017 23:28] [] CHECK STOCK QTY IS ENOUGH [30, 0]
[ADMIN] [1/28/2017 23:28] [PENJUALAN] CASHIER FORM : CALCULATE SUBTOTAL
[ADMIN] [1/28/2017 23:28] [PENJUALAN] CASHIER FORM : SUBTOTAL [0]
[ADMIN] [1/28/2017 23:28] [PENJUALAN] CASHIER FORM : TextBox_TextChanged, subtotal value [0]
[ADMIN] [1/28/2017 23:28] [PENJUALAN] CASHIER FORM : TextBox_TextChanged, attempt to calculate total value
[ADMIN] [1/28/2017 23:28] [PENJUALAN] CASHIER FORM : calculateTotal
[ADMIN] [1/28/2017 23:28] [PENJUALAN] CASHIER FORM : calculateTotal [0]
[ADMIN] [1/28/2017 23:28] [PENJUALAN] CASHIER FORM : calculateTotal, totalAfterDisc [0]
[ADMIN] [1/28/2017 23:28] [PENJUALAN] CASHIER FORM : calculateChangeValue, bayarTextBox.Text [0]
[ADMIN] [1/28/2017 23:28] [PENJUALAN] CASHIER FORM : calculateChangeValue, sisaBayar [0]
[ADMIN] [1/28/2017 23:28] [PENJUALAN] CASHIER FORM : cashierDataGridView_CellValueChanged [jumlah]
[ADMIN] [1/28/2017 23:28] [PENJUALAN] CASHIER FORM : ComboBox_SelectedIndexChanged, attempt to calculate total
[ADMIN] [1/28/2017 23:28] [PENJUALAN] CASHIER FORM : calculateTotal
[ADMIN] [1/28/2017 23:28] [PENJUALAN] CASHIER FORM : calculateTotal [0]
[ADMIN] [1/28/2017 23:28] [PENJUALAN] CASHIER FORM : calculateTotal, totalAfterDisc [0]
[ADMIN] [1/28/2017 23:28] [PENJUALAN] CASHIER FORM : calculateChangeValue, bayarTextBox.Text [0]
[ADMIN] [1/28/2017 23:28] [PENJUALAN] CASHIER FORM : calculateChangeValue, sisaBayar [0]
[ADMIN] [1/28/2017 23:28] [PENJUALAN] CASHIER FORM : cashierDataGridView_CellValueChanged [qty]
[ADMIN] [1/28/2017 23:28] [PENJUALAN] CASHIER FORM : TextBox_TextChanged, previousInput []
[ADMIN] [1/28/2017 23:28] [PENJUALAN] CASHIER FORM : TextBox_TextChanged, dataGridViewTextBoxEditingControl.Text pass REGEX Checking
[ADMIN] [1/28/2017 23:28] [] CHECK STOCK QTY IS ENOUGH [106]
[ADMIN] [1/28/2017 23:28] [] CHECK STOCK QTY IS ENOUGH [30, 2]
[ADMIN] [1/28/2017 23:28] [PENJUALAN] CASHIER FORM : CALCULATE SUBTOTAL
[ADMIN] [1/28/2017 23:28] [PENJUALAN] CASHIER FORM : SUBTOTAL [2]
[ADMIN] [1/28/2017 23:28] [PENJUALAN] CASHIER FORM : TextBox_TextChanged, subtotal value [2]
[ADMIN] [1/28/2017 23:28] [PENJUALAN] CASHIER FORM : TextBox_TextChanged, attempt to calculate total value
[ADMIN] [1/28/2017 23:28] [PENJUALAN] CASHIER FORM : calculateTotal
[ADMIN] [1/28/2017 23:28] [PENJUALAN] CASHIER FORM : calculateTotal [2]
[ADMIN] [1/28/2017 23:28] [PENJUALAN] CASHIER FORM : calculateTotal, totalAfterDisc [2]
[ADMIN] [1/28/2017 23:28] [PENJUALAN] CASHIER FORM : calculateChangeValue, bayarTextBox.Text [0]
[ADMIN] [1/28/2017 23:28] [PENJUALAN] CASHIER FORM : calculateChangeValue, sisaBayar [0]
[ADMIN] [1/28/2017 23:28] [PENJUALAN] CASHIER FORM : cashierDataGridView_CellValueChanged [qty]
[ADMIN] [1/28/2017 23:28] [PENJUALAN] CASHIER FORM : TextBox_TextChanged, previousInput []
[ADMIN] [1/28/2017 23:28] [PENJUALAN] CASHIER FORM : TextBox_TextChanged, dataGridViewTextBoxEditingControl.Text pass REGEX Checking
[ADMIN] [1/28/2017 23:28] [] CHECK STOCK QTY IS ENOUGH [106]
[ADMIN] [1/28/2017 23:28] [] CHECK STOCK QTY IS ENOUGH [30, 22]
[ADMIN] [1/28/2017 23:28] [PENJUALAN] CASHIER FORM : CALCULATE SUBTOTAL
[ADMIN] [1/28/2017 23:28] [PENJUALAN] CASHIER FORM : SUBTOTAL [22]
[ADMIN] [1/28/2017 23:28] [PENJUALAN] CASHIER FORM : TextBox_TextChanged, subtotal value [22]
[ADMIN] [1/28/2017 23:28] [PENJUALAN] CASHIER FORM : TextBox_TextChanged, attempt to calculate total value
[ADMIN] [1/28/2017 23:28] [PENJUALAN] CASHIER FORM : calculateTotal
[ADMIN] [1/28/2017 23:28] [PENJUALAN] CASHIER FORM : calculateTotal [22]
[ADMIN] [1/28/2017 23:28] [PENJUALAN] CASHIER FORM : calculateTotal, totalAfterDisc [22]
[ADMIN] [1/28/2017 23:28] [PENJUALAN] CASHIER FORM : calculateChangeValue, bayarTextBox.Text [0]
[ADMIN] [1/28/2017 23:28] [PENJUALAN] CASHIER FORM : calculateChangeValue, sisaBayar [0]
[ADMIN] [1/28/2017 23:28] [PENJUALAN] CASHIER FORM : cashierDataGridView_CellValueChanged [qty]
[ADMIN] [1/28/2017 23:28] [PENJUALAN] CASHIER FORM : TextBox_TextChanged, previousInput []
[ADMIN] [1/28/2017 23:28] [PENJUALAN] CASHIER FORM : TextBox_TextChanged, dataGridViewTextBoxEditingControl.Text did not pass REGEX Checking
[ADMIN] [1/28/2017 23:28] [PENJUALAN] CASHIER FORM : cashierDataGridView_CellValueChanged [productPrice]
[ADMIN] [1/28/2017 23:28] [PENJUALAN] CASHIER FORM : TextBox_TextChanged, previousInput []
[ADMIN] [1/28/2017 23:28] [PENJUALAN] CASHIER FORM : TextBox_TextChanged, dataGridViewTextBoxEditingControl.Text did not pass REGEX Checking
[ADMIN] [1/28/2017 23:28] [PENJUALAN] CASHIER FORM : cashierDataGridView_CellValueChanged [productPrice]
[ADMIN] [1/28/2017 23:28] [PENJUALAN] CASHIER FORM : TextBox_TextChanged, previousInput []
[ADMIN] [1/28/2017 23:28] [PENJUALAN] CASHIER FORM : TextBox_TextChanged, dataGridViewTextBoxEditingControl.Text did not pass REGEX Checking
[ADMIN] [1/28/2017 23:28] [PENJUALAN] CASHIER FORM : cashierDataGridView_CellValueChanged [productPrice]
[ADMIN] [1/28/2017 23:28] [PENJUALAN] CASHIER FORM : TextBox_TextChanged, previousInput []
[ADMIN] [1/28/2017 23:28] [PENJUALAN] CASHIER FORM : TextBox_TextChanged, dataGridViewTextBoxEditingControl.Text did not pass REGEX Checking
[ADMIN] [1/28/2017 23:29] [PENJUALAN] CASHIER FORM : cashierDataGridView_CellValueChanged [productPrice]
[ADMIN] [1/28/2017 23:29] [PENJUALAN] CASHIER FORM : TextBox_TextChanged, previousInput []
[ADMIN] [1/28/2017 23:29] [PENJUALAN] CASHIER FORM : TextBox_TextChanged, dataGridViewTextBoxEditingControl.Text did not pass REGEX Checking
[ADMIN] [1/28/2017 23:29] [PENJUALAN] CASHIER FORM : cashierDataGridView_CellValueChanged [productPrice]
[ADMIN] [1/28/2017 23:29] [PENJUALAN] CASHIER FORM : TextBox_TextChanged, previousInput []
[ADMIN] [1/28/2017 23:29] [PENJUALAN] CASHIER FORM : TextBox_TextChanged, dataGridViewTextBoxEditingControl.Text pass REGEX Checking
[ADMIN] [1/28/2017 23:29] [PENJUALAN] CASHIER FORM : CALCULATE SUBTOTAL
[ADMIN] [1/28/2017 23:29] [PENJUALAN] CASHIER FORM : SUBTOTAL [0]
[ADMIN] [1/28/2017 23:29] [PENJUALAN] CASHIER FORM : TextBox_TextChanged, subtotal value [0]
[ADMIN] [1/28/2017 23:29] [PENJUALAN] CASHIER FORM : TextBox_TextChanged, attempt to calculate total value
[ADMIN] [1/28/2017 23:29] [PENJUALAN] CASHIER FORM : calculateTotal
[ADMIN] [1/28/2017 23:29] [PENJUALAN] CASHIER FORM : calculateTotal [0]
[ADMIN] [1/28/2017 23:29] [PENJUALAN] CASHIER FORM : calculateTotal, totalAfterDisc [0]
[ADMIN] [1/28/2017 23:29] [PENJUALAN] CASHIER FORM : calculateChangeValue, bayarTextBox.Text [0]
[ADMIN] [1/28/2017 23:29] [PENJUALAN] CASHIER FORM : calculateChangeValue, sisaBayar [0]
[ADMIN] [1/28/2017 23:29] [PENJUALAN] CASHIER FORM : HOTKEY TO SAVE AND PRINT OUT INVOICE PRESSED
[ADMIN] [1/28/2017 23:29] [PENJUALAN] CASHIER FORM : UNREGISTER HOTKEY
[ADMIN] [1/28/2017 23:29] [PENJUALAN] CASHIER FORM : REGISTER HOTKEY
[ADMIN] [1/28/2017 23:29] [PENJUALAN] ATTEMPT TO SAVE AND PRINT OUT INVOICE
[ADMIN] [1/28/2017 23:29] [PENJUALAN] CASHIER FORM : discJualMaskedTextBox_Validating, totalAfterDisc [0]
[ADMIN] [1/28/2017 23:29] [PENJUALAN] CASHIER FORM : cashierDataGridView_CellValueChanged [qty]
[ADMIN] [1/28/2017 23:29] [PENJUALAN] CASHIER FORM : TextBox_TextChanged, previousInput []
[ADMIN] [1/28/2017 23:29] [PENJUALAN] CASHIER FORM : TextBox_TextChanged, dataGridViewTextBoxEditingControl.Text pass REGEX Checking
[ADMIN] [1/28/2017 23:29] [] CHECK STOCK QTY IS ENOUGH [106]
[ADMIN] [1/28/2017 23:29] [] CHECK STOCK QTY IS ENOUGH [30, 1]
[ADMIN] [1/28/2017 23:29] [PENJUALAN] CASHIER FORM : CALCULATE SUBTOTAL
[ADMIN] [1/28/2017 23:29] [PENJUALAN] CASHIER FORM : SUBTOTAL [1]
[ADMIN] [1/28/2017 23:29] [PENJUALAN] CASHIER FORM : TextBox_TextChanged, subtotal value [1]
[ADMIN] [1/28/2017 23:29] [PENJUALAN] CASHIER FORM : TextBox_TextChanged, attempt to calculate total value
[ADMIN] [1/28/2017 23:29] [PENJUALAN] CASHIER FORM : calculateTotal
[ADMIN] [1/28/2017 23:29] [PENJUALAN] CASHIER FORM : calculateTotal [1]
[ADMIN] [1/28/2017 23:29] [PENJUALAN] CASHIER FORM : calculateTotal, totalAfterDisc [1]
[ADMIN] [1/28/2017 23:29] [PENJUALAN] CASHIER FORM : calculateChangeValue, bayarTextBox.Text [0]
[ADMIN] [1/28/2017 23:29] [PENJUALAN] CASHIER FORM : calculateChangeValue, sisaBayar [0]
[ADMIN] [1/28/2017 23:29] [PENJUALAN] CASHIER FORM : cashierDataGridView_CellValueChanged [productPrice]
[ADMIN] [1/28/2017 23:29] [PENJUALAN] CASHIER FORM : TextBox_TextChanged, previousInput []
[ADMIN] [1/28/2017 23:29] [PENJUALAN] CASHIER FORM : TextBox_TextChanged, dataGridViewTextBoxEditingControl.Text pass REGEX Checking
[ADMIN] [1/28/2017 23:29] [PENJUALAN] CASHIER FORM : CALCULATE SUBTOTAL
[ADMIN] [1/28/2017 23:29] [PENJUALAN] CASHIER FORM : SUBTOTAL [2]
[ADMIN] [1/28/2017 23:29] [PENJUALAN] CASHIER FORM : TextBox_TextChanged, subtotal value [2]
[ADMIN] [1/28/2017 23:29] [PENJUALAN] CASHIER FORM : TextBox_TextChanged, attempt to calculate total value
[ADMIN] [1/28/2017 23:29] [PENJUALAN] CASHIER FORM : calculateTotal
[ADMIN] [1/28/2017 23:29] [PENJUALAN] CASHIER FORM : calculateTotal [2]
[ADMIN] [1/28/2017 23:29] [PENJUALAN] CASHIER FORM : calculateTotal, totalAfterDisc [2]
[ADMIN] [1/28/2017 23:29] [PENJUALAN] CASHIER FORM : calculateChangeValue, bayarTextBox.Text [0]
[ADMIN] [1/28/2017 23:29] [PENJUALAN] CASHIER FORM : calculateChangeValue, sisaBayar [0]
[ADMIN] [1/28/2017 23:29] [PENJUALAN] CASHIER FORM : cashierDataGridView_CellValueChanged [productPrice]
[ADMIN] [1/28/2017 23:29] [PENJUALAN] CASHIER FORM : TextBox_TextChanged, previousInput []
[ADMIN] [1/28/2017 23:29] [PENJUALAN] CASHIER FORM : TextBox_TextChanged, dataGridViewTextBoxEditingControl.Text pass REGEX Checking
[ADMIN] [1/28/2017 23:29] [PENJUALAN] CASHIER FORM : CALCULATE SUBTOTAL
[ADMIN] [1/28/2017 23:29] [PENJUALAN] CASHIER FORM : SUBTOTAL [22]
[ADMIN] [1/28/2017 23:29] [PENJUALAN] CASHIER FORM : TextBox_TextChanged, subtotal value [22]
[ADMIN] [1/28/2017 23:29] [PENJUALAN] CASHIER FORM : TextBox_TextChanged, attempt to calculate total value
[ADMIN] [1/28/2017 23:29] [PENJUALAN] CASHIER FORM : calculateTotal
[ADMIN] [1/28/2017 23:29] [PENJUALAN] CASHIER FORM : calculateTotal [22]
[ADMIN] [1/28/2017 23:29] [PENJUALAN] CASHIER FORM : calculateTotal, totalAfterDisc [22]
[ADMIN] [1/28/2017 23:29] [PENJUALAN] CASHIER FORM : calculateChangeValue, bayarTextBox.Text [0]
[ADMIN] [1/28/2017 23:29] [PENJUALAN] CASHIER FORM : calculateChangeValue, sisaBayar [0]
[ADMIN] [1/28/2017 23:29] [PENJUALAN] CASHIER FORM : cashierDataGridView_CellValueChanged [productName]
[ADMIN] [1/28/2017 23:29] [PENJUALAN] CASHIER FORM : cashierDataGridView_CellValueChanged [productName]
[ADMIN] [1/28/2017 23:29] [PENJUALAN] CASHIER FORM : cashierDataGridView_CellValueChanged [productID]
[ADMIN] [1/28/2017 23:29] [PENJUALAN] CASHIER FORM : PRODUCT PRICE TYPE [PRODUCT_BASE_PRICE]
[ADMIN] [1/28/2017 23:29] [PENJUALAN] CASHIER FORM : PRODUCT PRICE [11]
[ADMIN] [1/28/2017 23:29] [PENJUALAN] CASHIER FORM : ComboBox_SelectedIndexChanged, PRODUCT_BASE_PRICE [11]
[ADMIN] [1/28/2017 23:29] [PENJUALAN] CASHIER FORM : cashierDataGridView_CellValueChanged [hpp]
[ADMIN] [1/28/2017 23:29] [PENJUALAN] CASHIER FORM : PRODUCT PRICE TYPE [PRODUCT_RETAIL_PRICE]
[ADMIN] [1/28/2017 23:29] [PENJUALAN] CASHIER FORM : PRODUCT PRICE [11]
[ADMIN] [1/28/2017 23:29] [PENJUALAN] CASHIER FORM : ComboBox_SelectedIndexChanged, PRODUCT_SALES_PRICE [11]
[ADMIN] [1/28/2017 23:29] [PENJUALAN] CASHIER FORM : cashierDataGridView_CellValueChanged [productPrice]
[ADMIN] [1/28/2017 23:29] [PENJUALAN] CASHIER FORM : TextBox_TextChanged, previousInput []
[ADMIN] [1/28/2017 23:29] [PENJUALAN] CASHIER FORM : TextBox_TextChanged, dataGridViewTextBoxEditingControl.Text pass REGEX Checking
[ADMIN] [1/28/2017 23:29] [PENJUALAN] CASHIER FORM : CALCULATE SUBTOTAL
[ADMIN] [1/28/2017 23:29] [PENJUALAN] CASHIER FORM : SUBTOTAL [11]
[ADMIN] [1/28/2017 23:29] [PENJUALAN] CASHIER FORM : TextBox_TextChanged, subtotal value [11]
[ADMIN] [1/28/2017 23:29] [PENJUALAN] CASHIER FORM : TextBox_TextChanged, attempt to calculate total value
[ADMIN] [1/28/2017 23:29] [PENJUALAN] CASHIER FORM : calculateTotal
[ADMIN] [1/28/2017 23:29] [PENJUALAN] CASHIER FORM : calculateTotal [11]
[ADMIN] [1/28/2017 23:29] [PENJUALAN] CASHIER FORM : calculateTotal, totalAfterDisc [11]
[ADMIN] [1/28/2017 23:29] [PENJUALAN] CASHIER FORM : calculateChangeValue, bayarTextBox.Text [0]
[ADMIN] [1/28/2017 23:29] [PENJUALAN] CASHIER FORM : calculateChangeValue, sisaBayar [0]
[ADMIN] [1/28/2017 23:29] [PENJUALAN] CASHIER FORM : cashierDataGridView_CellValueChanged [qty]
[ADMIN] [1/28/2017 23:29] [PENJUALAN] CASHIER FORM : TextBox_TextChanged, previousInput []
[ADMIN] [1/28/2017 23:29] [PENJUALAN] CASHIER FORM : TextBox_TextChanged, dataGridViewTextBoxEditingControl.Text pass REGEX Checking
[ADMIN] [1/28/2017 23:29] [] CHECK STOCK QTY IS ENOUGH [105]
[ADMIN] [1/28/2017 23:29] [] CHECK STOCK QTY IS ENOUGH [43, 0]
[ADMIN] [1/28/2017 23:29] [PENJUALAN] CASHIER FORM : CALCULATE SUBTOTAL
[ADMIN] [1/28/2017 23:29] [PENJUALAN] CASHIER FORM : SUBTOTAL [0]
[ADMIN] [1/28/2017 23:29] [PENJUALAN] CASHIER FORM : TextBox_TextChanged, subtotal value [0]
[ADMIN] [1/28/2017 23:29] [PENJUALAN] CASHIER FORM : TextBox_TextChanged, attempt to calculate total value
[ADMIN] [1/28/2017 23:29] [PENJUALAN] CASHIER FORM : calculateTotal
[ADMIN] [1/28/2017 23:29] [PENJUALAN] CASHIER FORM : calculateTotal [0]
[ADMIN] [1/28/2017 23:29] [PENJUALAN] CASHIER FORM : calculateTotal, totalAfterDisc [0]
[ADMIN] [1/28/2017 23:29] [PENJUALAN] CASHIER FORM : calculateChangeValue, bayarTextBox.Text [0]
[ADMIN] [1/28/2017 23:29] [PENJUALAN] CASHIER FORM : calculateChangeValue, sisaBayar [0]
[ADMIN] [1/28/2017 23:29] [PENJUALAN] CASHIER FORM : cashierDataGridView_CellValueChanged [jumlah]
[ADMIN] [1/28/2017 23:29] [PENJUALAN] CASHIER FORM : ComboBox_SelectedIndexChanged, attempt to calculate total
[ADMIN] [1/28/2017 23:29] [PENJUALAN] CASHIER FORM : calculateTotal
[ADMIN] [1/28/2017 23:29] [PENJUALAN] CASHIER FORM : calculateTotal [0]
[ADMIN] [1/28/2017 23:29] [PENJUALAN] CASHIER FORM : calculateTotal, totalAfterDisc [0]
[ADMIN] [1/28/2017 23:29] [PENJUALAN] CASHIER FORM : calculateChangeValue, bayarTextBox.Text [0]
[ADMIN] [1/28/2017 23:29] [PENJUALAN] CASHIER FORM : calculateChangeValue, sisaBayar [0]
[ADMIN] [1/28/2017 23:29] [PENJUALAN] CASHIER FORM : cashierDataGridView_CellValueChanged [qty]
[ADMIN] [1/28/2017 23:29] [PENJUALAN] CASHIER FORM : TextBox_TextChanged, previousInput []
[ADMIN] [1/28/2017 23:29] [PENJUALAN] CASHIER FORM : TextBox_TextChanged, dataGridViewTextBoxEditingControl.Text pass REGEX Checking
[ADMIN] [1/28/2017 23:29] [] CHECK STOCK QTY IS ENOUGH [105]
[ADMIN] [1/28/2017 23:29] [] CHECK STOCK QTY IS ENOUGH [43, 2]
[ADMIN] [1/28/2017 23:29] [PENJUALAN] CASHIER FORM : CALCULATE SUBTOTAL
[ADMIN] [1/28/2017 23:29] [PENJUALAN] CASHIER FORM : SUBTOTAL [22]
[ADMIN] [1/28/2017 23:29] [PENJUALAN] CASHIER FORM : TextBox_TextChanged, subtotal value [22]
[ADMIN] [1/28/2017 23:29] [PENJUALAN] CASHIER FORM : TextBox_TextChanged, attempt to calculate total value
[ADMIN] [1/28/2017 23:29] [PENJUALAN] CASHIER FORM : calculateTotal
[ADMIN] [1/28/2017 23:29] [PENJUALAN] CASHIER FORM : calculateTotal [22]
[ADMIN] [1/28/2017 23:29] [PENJUALAN] CASHIER FORM : calculateTotal, totalAfterDisc [22]
[ADMIN] [1/28/2017 23:29] [PENJUALAN] CASHIER FORM : calculateChangeValue, bayarTextBox.Text [0]
[ADMIN] [1/28/2017 23:29] [PENJUALAN] CASHIER FORM : calculateChangeValue, sisaBayar [0]
[ADMIN] [1/28/2017 23:29] [PENJUALAN] CASHIER FORM : cashierDataGridView_CellValueChanged [qty]
[ADMIN] [1/28/2017 23:29] [PENJUALAN] CASHIER FORM : TextBox_TextChanged, previousInput []
[ADMIN] [1/28/2017 23:29] [PENJUALAN] CASHIER FORM : TextBox_TextChanged, dataGridViewTextBoxEditingControl.Text pass REGEX Checking
[ADMIN] [1/28/2017 23:29] [] CHECK STOCK QTY IS ENOUGH [105]
[ADMIN] [1/28/2017 23:29] [] CHECK STOCK QTY IS ENOUGH [43, 22]
[ADMIN] [1/28/2017 23:29] [PENJUALAN] CASHIER FORM : CALCULATE SUBTOTAL
[ADMIN] [1/28/2017 23:29] [PENJUALAN] CASHIER FORM : SUBTOTAL [242]
[ADMIN] [1/28/2017 23:29] [PENJUALAN] CASHIER FORM : TextBox_TextChanged, subtotal value [242]
[ADMIN] [1/28/2017 23:29] [PENJUALAN] CASHIER FORM : TextBox_TextChanged, attempt to calculate total value
[ADMIN] [1/28/2017 23:29] [PENJUALAN] CASHIER FORM : calculateTotal
[ADMIN] [1/28/2017 23:29] [PENJUALAN] CASHIER FORM : calculateTotal [242]
[ADMIN] [1/28/2017 23:29] [PENJUALAN] CASHIER FORM : calculateTotal, totalAfterDisc [242]
[ADMIN] [1/28/2017 23:29] [PENJUALAN] CASHIER FORM : calculateChangeValue, bayarTextBox.Text [0]
[ADMIN] [1/28/2017 23:29] [PENJUALAN] CASHIER FORM : calculateChangeValue, sisaBayar [0]
[ADMIN] [1/28/2017 23:29] [PENJUALAN] CASHIER FORM : HOTKEY TO SAVE AND PRINT OUT INVOICE PRESSED
[ADMIN] [1/28/2017 23:29] [PENJUALAN] CASHIER FORM : UNREGISTER HOTKEY
[ADMIN] [1/28/2017 23:29] [PENJUALAN] CASHIER FORM : REGISTER HOTKEY
[ADMIN] [1/28/2017 23:29] [PENJUALAN] ATTEMPT TO SAVE AND PRINT OUT INVOICE
[ADMIN] [1/28/2017 23:29] [PENJUALAN] CASHIER FORM : UNREGISTER HOTKEY
[ADMIN] [1/28/2017 23:29] [PENJUALAN] CASHIER FORM : REGISTER HOTKEY
[ADMIN] [1/28/2017 23:29] [PENJUALAN] CASHIER FORM : UNREGISTER HOTKEY
[ADMIN] [1/28/2017 23:29] [PENJUALAN] CASHIER FORM : ATTEMPT TO SAVE SALES DATA [28-01-2017 23:29]
[ADMIN] [1/28/2017 23:29] [PENJUALAN] CASHIER FORM : SALES DISC FINAL [0]
[] [1/28/2017 23:30] [] USER = ADMIN IS ACTIVE
[ADMIN] [1/28/2017 23:30] [] USER ID = 1 LOGIN SUCCESSFULLY
[ADMIN] [1/28/2017 23:30] [] ACTIVATE USER ACCESS RIGHT
[ADMIN] [1/28/2017 23:30] [] DISPLAY ADMIN FORM
[ADMIN] [1/28/2017 23:30] [] adminForm Load
[ADMIN] [1/28/2017 23:30] [] ACTIVATE USER ACCESS RIGHT
[ADMIN] [1/28/2017 23:31] [PENJUALAN] CASHIER FORM : REGISTER HOTKEY
[ADMIN] [1/28/2017 23:31] [PENJUALAN] CASHIER FORM : calculateTotal
[ADMIN] [1/28/2017 23:31] [PENJUALAN] CASHIER FORM : calculateTotal [0]
[ADMIN] [1/28/2017 23:31] [PENJUALAN] CASHIER FORM : calculateTotal, totalAfterDisc [0]
[ADMIN] [1/28/2017 23:31] [PENJUALAN] CASHIER FORM : calculateChangeValue, bayarTextBox.Text [0]
[ADMIN] [1/28/2017 23:31] [PENJUALAN] CASHIER FORM : calculateChangeValue, sisaBayar [0]
[ADMIN] [1/28/2017 23:31] [PENJUALAN] CASHIER FORM : REGISTER HOTKEY
[ADMIN] [1/28/2017 23:32] [PENJUALAN] CASHIER FORM : HOTKEY TO ADD NEW ROW PRESSED
[ADMIN] [1/28/2017 23:32] [PENJUALAN] CASHIER FORM : ADD NEW ROW,  isActive [True]
[ADMIN] [1/28/2017 23:32] [PENJUALAN] CASHIER FORM : ADD NEW ROW,  ROW COUNT [0]
[ADMIN] [1/28/2017 23:32] [PENJUALAN] CASHIER FORM : ADD NEW ROW,  ALLOW TO ADD [True]
[ADMIN] [1/28/2017 23:32] [PENJUALAN] CASHIER FORM : cashierDataGridView_CellValueChanged [F8]
[ADMIN] [1/28/2017 23:32] [PENJUALAN] CASHIER FORM : cashierDataGridView_CellValueChanged [hpp]
[ADMIN] [1/28/2017 23:32] [PENJUALAN] CASHIER FORM : cashierDataGridView_CellValueChanged [productPrice]
[ADMIN] [1/28/2017 23:32] [PENJUALAN] CASHIER FORM : TextBox_TextChanged, previousInput []
[ADMIN] [1/28/2017 23:32] [PENJUALAN] CASHIER FORM : TextBox_TextChanged, dataGridViewTextBoxEditingControl.Text pass REGEX Checking
[ADMIN] [1/28/2017 23:32] [PENJUALAN] CASHIER FORM : CALCULATE SUBTOTAL
[ADMIN] [1/28/2017 23:32] [PENJUALAN] CASHIER FORM : SUBTOTAL [0]
[ADMIN] [1/28/2017 23:32] [PENJUALAN] CASHIER FORM : TextBox_TextChanged, subtotal value [0]
[ADMIN] [1/28/2017 23:32] [PENJUALAN] CASHIER FORM : TextBox_TextChanged, attempt to calculate total value
[ADMIN] [1/28/2017 23:32] [PENJUALAN] CASHIER FORM : calculateTotal
[ADMIN] [1/28/2017 23:32] [PENJUALAN] CASHIER FORM : calculateTotal [0]
[ADMIN] [1/28/2017 23:32] [PENJUALAN] CASHIER FORM : calculateTotal, totalAfterDisc [0]
[ADMIN] [1/28/2017 23:32] [PENJUALAN] CASHIER FORM : calculateChangeValue, bayarTextBox.Text [0]
[ADMIN] [1/28/2017 23:32] [PENJUALAN] CASHIER FORM : calculateChangeValue, sisaBayar [0]
[ADMIN] [1/28/2017 23:32] [PENJUALAN] CASHIER FORM : cashierDataGridView_CellValueChanged [disc1]
[ADMIN] [1/28/2017 23:32] [PENJUALAN] CASHIER FORM : TextBox_TextChanged, previousInput []
[ADMIN] [1/28/2017 23:32] [PENJUALAN] CASHIER FORM : TextBox_TextChanged, dataGridViewTextBoxEditingControl.Text pass REGEX Checking
[ADMIN] [1/28/2017 23:32] [PENJUALAN] CASHIER FORM : CALCULATE SUBTOTAL
[ADMIN] [1/28/2017 23:32] [PENJUALAN] CASHIER FORM : SUBTOTAL [0]
[ADMIN] [1/28/2017 23:32] [PENJUALAN] CASHIER FORM : TextBox_TextChanged, subtotal value [0]
[ADMIN] [1/28/2017 23:32] [PENJUALAN] CASHIER FORM : TextBox_TextChanged, attempt to calculate total value
[ADMIN] [1/28/2017 23:32] [PENJUALAN] CASHIER FORM : calculateTotal
[ADMIN] [1/28/2017 23:32] [PENJUALAN] CASHIER FORM : calculateTotal [0]
[ADMIN] [1/28/2017 23:32] [PENJUALAN] CASHIER FORM : calculateTotal, totalAfterDisc [0]
[ADMIN] [1/28/2017 23:32] [PENJUALAN] CASHIER FORM : calculateChangeValue, bayarTextBox.Text [0]
[ADMIN] [1/28/2017 23:32] [PENJUALAN] CASHIER FORM : calculateChangeValue, sisaBayar [0]
[ADMIN] [1/28/2017 23:32] [PENJUALAN] CASHIER FORM : cashierDataGridView_CellValueChanged [qty]
[ADMIN] [1/28/2017 23:32] [PENJUALAN] CASHIER FORM : TextBox_TextChanged, previousInput []
[ADMIN] [1/28/2017 23:32] [PENJUALAN] CASHIER FORM : TextBox_TextChanged, dataGridViewTextBoxEditingControl.Text pass REGEX Checking
[ADMIN] [1/28/2017 23:32] [] CHECK STOCK QTY IS ENOUGH []
[ADMIN] [1/28/2017 23:32] [PENJUALAN] CASHIER FORM : CALCULATE SUBTOTAL
[ADMIN] [1/28/2017 23:32] [PENJUALAN] CASHIER FORM : SUBTOTAL [0]
[ADMIN] [1/28/2017 23:32] [PENJUALAN] CASHIER FORM : TextBox_TextChanged, subtotal value [0]
[ADMIN] [1/28/2017 23:32] [PENJUALAN] CASHIER FORM : TextBox_TextChanged, attempt to calculate total value
[ADMIN] [1/28/2017 23:32] [PENJUALAN] CASHIER FORM : calculateTotal
[ADMIN] [1/28/2017 23:32] [PENJUALAN] CASHIER FORM : calculateTotal [0]
[ADMIN] [1/28/2017 23:32] [PENJUALAN] CASHIER FORM : calculateTotal, totalAfterDisc [0]
[ADMIN] [1/28/2017 23:32] [PENJUALAN] CASHIER FORM : calculateChangeValue, bayarTextBox.Text [0]
[ADMIN] [1/28/2017 23:32] [PENJUALAN] CASHIER FORM : calculateChangeValue, sisaBayar [0]
[ADMIN] [1/28/2017 23:32] [PENJUALAN] CASHIER FORM : cashierDataGridView_CellValueChanged [disc2]
[ADMIN] [1/28/2017 23:32] [PENJUALAN] CASHIER FORM : TextBox_TextChanged, previousInput []
[ADMIN] [1/28/2017 23:32] [PENJUALAN] CASHIER FORM : TextBox_TextChanged, dataGridViewTextBoxEditingControl.Text pass REGEX Checking
[ADMIN] [1/28/2017 23:32] [PENJUALAN] CASHIER FORM : CALCULATE SUBTOTAL
[ADMIN] [1/28/2017 23:32] [PENJUALAN] CASHIER FORM : SUBTOTAL [0]
[ADMIN] [1/28/2017 23:32] [PENJUALAN] CASHIER FORM : TextBox_TextChanged, subtotal value [0]
[ADMIN] [1/28/2017 23:32] [PENJUALAN] CASHIER FORM : TextBox_TextChanged, attempt to calculate total value
[ADMIN] [1/28/2017 23:32] [PENJUALAN] CASHIER FORM : calculateTotal
[ADMIN] [1/28/2017 23:32] [PENJUALAN] CASHIER FORM : calculateTotal [0]
[ADMIN] [1/28/2017 23:32] [PENJUALAN] CASHIER FORM : calculateTotal, totalAfterDisc [0]
[ADMIN] [1/28/2017 23:32] [PENJUALAN] CASHIER FORM : calculateChangeValue, bayarTextBox.Text [0]
[ADMIN] [1/28/2017 23:32] [PENJUALAN] CASHIER FORM : calculateChangeValue, sisaBayar [0]
[ADMIN] [1/28/2017 23:32] [PENJUALAN] CASHIER FORM : cashierDataGridView_CellValueChanged [discRP]
[ADMIN] [1/28/2017 23:32] [PENJUALAN] CASHIER FORM : TextBox_TextChanged, previousInput []
[ADMIN] [1/28/2017 23:32] [PENJUALAN] CASHIER FORM : TextBox_TextChanged, dataGridViewTextBoxEditingControl.Text pass REGEX Checking
[ADMIN] [1/28/2017 23:32] [PENJUALAN] CASHIER FORM : CALCULATE SUBTOTAL
[ADMIN] [1/28/2017 23:32] [PENJUALAN] CASHIER FORM : SUBTOTAL [0]
[ADMIN] [1/28/2017 23:32] [PENJUALAN] CASHIER FORM : TextBox_TextChanged, subtotal value [0]
[ADMIN] [1/28/2017 23:32] [PENJUALAN] CASHIER FORM : TextBox_TextChanged, attempt to calculate total value
[ADMIN] [1/28/2017 23:32] [PENJUALAN] CASHIER FORM : calculateTotal
[ADMIN] [1/28/2017 23:32] [PENJUALAN] CASHIER FORM : calculateTotal [0]
[ADMIN] [1/28/2017 23:32] [PENJUALAN] CASHIER FORM : calculateTotal, totalAfterDisc [0]
[ADMIN] [1/28/2017 23:32] [PENJUALAN] CASHIER FORM : calculateChangeValue, bayarTextBox.Text [0]
[ADMIN] [1/28/2017 23:32] [PENJUALAN] CASHIER FORM : calculateChangeValue, sisaBayar [0]
[ADMIN] [1/28/2017 23:32] [PENJUALAN] CASHIER FORM : cashierDataGridView_CellValueChanged [jumlah]
[ADMIN] [1/28/2017 23:32] [PENJUALAN] CASHIER FORM : cashierDataGridView_CellValueChanged [productName]
[ADMIN] [1/28/2017 23:32] [PENJUALAN] CASHIER FORM : cashierDataGridView_CellValueChanged [productName]
[ADMIN] [1/28/2017 23:32] [PENJUALAN] CASHIER FORM : cashierDataGridView_CellValueChanged [productName]
[ADMIN] [1/28/2017 23:32] [PENJUALAN] CASHIER FORM : cashierDataGridView_CellValueChanged [productName]
[ADMIN] [1/28/2017 23:32] [PENJUALAN] CASHIER FORM : cashierDataGridView_CellValueChanged [productName]
[ADMIN] [1/28/2017 23:32] [PENJUALAN] CASHIER FORM : cashierDataGridView_CellValueChanged [productName]
[ADMIN] [1/28/2017 23:32] [PENJUALAN] CASHIER FORM : cashierDataGridView_CellValueChanged [productName]
[ADMIN] [1/28/2017 23:32] [PENJUALAN] CASHIER FORM : cashierDataGridView_CellValueChanged [productName]
[ADMIN] [1/28/2017 23:32] [PENJUALAN] CASHIER FORM : cashierDataGridView_CellValueChanged [productID]
[ADMIN] [1/28/2017 23:32] [PENJUALAN] CASHIER FORM : PRODUCT PRICE TYPE [PRODUCT_BASE_PRICE]
[ADMIN] [1/28/2017 23:32] [PENJUALAN] CASHIER FORM : PRODUCT PRICE [11]
[ADMIN] [1/28/2017 23:32] [PENJUALAN] CASHIER FORM : ComboBox_SelectedIndexChanged, PRODUCT_BASE_PRICE [11]
[ADMIN] [1/28/2017 23:32] [PENJUALAN] CASHIER FORM : cashierDataGridView_CellValueChanged [hpp]
[ADMIN] [1/28/2017 23:32] [PENJUALAN] CASHIER FORM : PRODUCT PRICE TYPE [PRODUCT_RETAIL_PRICE]
[ADMIN] [1/28/2017 23:32] [PENJUALAN] CASHIER FORM : PRODUCT PRICE [11]
[ADMIN] [1/28/2017 23:32] [PENJUALAN] CASHIER FORM : ComboBox_SelectedIndexChanged, PRODUCT_SALES_PRICE [11]
[ADMIN] [1/28/2017 23:32] [PENJUALAN] CASHIER FORM : cashierDataGridView_CellValueChanged [productPrice]
[ADMIN] [1/28/2017 23:32] [PENJUALAN] CASHIER FORM : TextBox_TextChanged, previousInput []
[ADMIN] [1/28/2017 23:32] [PENJUALAN] CASHIER FORM : TextBox_TextChanged, dataGridViewTextBoxEditingControl.Text pass REGEX Checking
[ADMIN] [1/28/2017 23:32] [PENJUALAN] CASHIER FORM : CALCULATE SUBTOTAL
[ADMIN] [1/28/2017 23:32] [PENJUALAN] CASHIER FORM : SUBTOTAL [0]
[ADMIN] [1/28/2017 23:32] [PENJUALAN] CASHIER FORM : TextBox_TextChanged, subtotal value [0]
[ADMIN] [1/28/2017 23:32] [PENJUALAN] CASHIER FORM : TextBox_TextChanged, attempt to calculate total value
[ADMIN] [1/28/2017 23:32] [PENJUALAN] CASHIER FORM : calculateTotal
[ADMIN] [1/28/2017 23:32] [PENJUALAN] CASHIER FORM : calculateTotal [0]
[ADMIN] [1/28/2017 23:32] [PENJUALAN] CASHIER FORM : calculateTotal, totalAfterDisc [0]
[ADMIN] [1/28/2017 23:32] [PENJUALAN] CASHIER FORM : calculateChangeValue, bayarTextBox.Text [0]
[ADMIN] [1/28/2017 23:32] [PENJUALAN] CASHIER FORM : calculateChangeValue, sisaBayar [0]
[ADMIN] [1/28/2017 23:32] [PENJUALAN] CASHIER FORM : cashierDataGridView_CellValueChanged [qty]
[ADMIN] [1/28/2017 23:32] [PENJUALAN] CASHIER FORM : TextBox_TextChanged, previousInput []
[ADMIN] [1/28/2017 23:32] [PENJUALAN] CASHIER FORM : TextBox_TextChanged, dataGridViewTextBoxEditingControl.Text pass REGEX Checking
[ADMIN] [1/28/2017 23:32] [] CHECK STOCK QTY IS ENOUGH [105]
[ADMIN] [1/28/2017 23:32] [] CHECK STOCK QTY IS ENOUGH [43, 0]
[ADMIN] [1/28/2017 23:32] [PENJUALAN] CASHIER FORM : CALCULATE SUBTOTAL
[ADMIN] [1/28/2017 23:32] [PENJUALAN] CASHIER FORM : SUBTOTAL [0]
[ADMIN] [1/28/2017 23:32] [PENJUALAN] CASHIER FORM : TextBox_TextChanged, subtotal value [0]
[ADMIN] [1/28/2017 23:32] [PENJUALAN] CASHIER FORM : TextBox_TextChanged, attempt to calculate total value
[ADMIN] [1/28/2017 23:32] [PENJUALAN] CASHIER FORM : calculateTotal
[ADMIN] [1/28/2017 23:32] [PENJUALAN] CASHIER FORM : calculateTotal [0]
[ADMIN] [1/28/2017 23:32] [PENJUALAN] CASHIER FORM : calculateTotal, totalAfterDisc [0]
[ADMIN] [1/28/2017 23:32] [PENJUALAN] CASHIER FORM : calculateChangeValue, bayarTextBox.Text [0]
[ADMIN] [1/28/2017 23:32] [PENJUALAN] CASHIER FORM : calculateChangeValue, sisaBayar [0]
[ADMIN] [1/28/2017 23:32] [PENJUALAN] CASHIER FORM : cashierDataGridView_CellValueChanged [jumlah]
[ADMIN] [1/28/2017 23:32] [PENJUALAN] CASHIER FORM : ComboBox_SelectedIndexChanged, attempt to calculate total
[ADMIN] [1/28/2017 23:32] [PENJUALAN] CASHIER FORM : calculateTotal
[ADMIN] [1/28/2017 23:32] [PENJUALAN] CASHIER FORM : calculateTotal [0]
[ADMIN] [1/28/2017 23:32] [PENJUALAN] CASHIER FORM : calculateTotal, totalAfterDisc [0]
[ADMIN] [1/28/2017 23:32] [PENJUALAN] CASHIER FORM : calculateChangeValue, bayarTextBox.Text [0]
[ADMIN] [1/28/2017 23:32] [PENJUALAN] CASHIER FORM : calculateChangeValue, sisaBayar [0]
[ADMIN] [1/28/2017 23:32] [PENJUALAN] CASHIER FORM : cashierDataGridView_CellValueChanged [qty]
[ADMIN] [1/28/2017 23:32] [PENJUALAN] CASHIER FORM : TextBox_TextChanged, previousInput []
[ADMIN] [1/28/2017 23:32] [PENJUALAN] CASHIER FORM : TextBox_TextChanged, dataGridViewTextBoxEditingControl.Text pass REGEX Checking
[ADMIN] [1/28/2017 23:32] [] CHECK STOCK QTY IS ENOUGH [105]
[ADMIN] [1/28/2017 23:33] [] CHECK STOCK QTY IS ENOUGH [43, 2]
[ADMIN] [1/28/2017 23:33] [PENJUALAN] CASHIER FORM : CALCULATE SUBTOTAL
[ADMIN] [1/28/2017 23:33] [PENJUALAN] CASHIER FORM : SUBTOTAL [22]
[ADMIN] [1/28/2017 23:33] [PENJUALAN] CASHIER FORM : TextBox_TextChanged, subtotal value [22]
[ADMIN] [1/28/2017 23:33] [PENJUALAN] CASHIER FORM : TextBox_TextChanged, attempt to calculate total value
[ADMIN] [1/28/2017 23:33] [PENJUALAN] CASHIER FORM : calculateTotal
[ADMIN] [1/28/2017 23:33] [PENJUALAN] CASHIER FORM : calculateTotal [22]
[ADMIN] [1/28/2017 23:33] [PENJUALAN] CASHIER FORM : calculateTotal, totalAfterDisc [22]
[ADMIN] [1/28/2017 23:33] [PENJUALAN] CASHIER FORM : calculateChangeValue, bayarTextBox.Text [0]
[ADMIN] [1/28/2017 23:33] [PENJUALAN] CASHIER FORM : calculateChangeValue, sisaBayar [0]
[ADMIN] [1/28/2017 23:33] [PENJUALAN] CASHIER FORM : HOTKEY TO SAVE AND PRINT OUT INVOICE PRESSED
[ADMIN] [1/28/2017 23:33] [PENJUALAN] CASHIER FORM : UNREGISTER HOTKEY
[ADMIN] [1/28/2017 23:33] [PENJUALAN] CASHIER FORM : REGISTER HOTKEY
[ADMIN] [1/28/2017 23:33] [PENJUALAN] ATTEMPT TO SAVE AND PRINT OUT INVOICE
[ADMIN] [1/28/2017 23:33] [PENJUALAN] CASHIER FORM : UNREGISTER HOTKEY
[ADMIN] [1/28/2017 23:33] [PENJUALAN] CASHIER FORM : REGISTER HOTKEY
[ADMIN] [1/28/2017 23:33] [PENJUALAN] CASHIER FORM : UNREGISTER HOTKEY
[ADMIN] [1/28/2017 23:33] [PENJUALAN] CASHIER FORM : ATTEMPT TO SAVE SALES DATA [28-01-2017 23:33]
[ADMIN] [1/28/2017 23:33] [PENJUALAN] CASHIER FORM : CASH SALES
[ADMIN] [1/28/2017 23:33] [PENJUALAN] CASHIER FORM : MAX SALES INVOICE [0]
[ADMIN] [1/28/2017 23:33] [PENJUALAN] CASHIER FORM : SALES INVOICE [SQ-1]
[ADMIN] [1/28/2017 23:33] [PENJUALAN] INSERT INTO SALES QUOTATION HEADER [SQ-1]
[ADMIN] [1/28/2017 23:33] [PENJUALAN] INSERT INTO SALES QUOTATION DETAIL[105, 11, 2]
[ADMIN] [1/28/2017 23:33] [PENJUALAN] CASHIER FORM : REGISTER HOTKEY
[ADMIN] [1/28/2017 23:33] [PENJUALAN] TRANSACTION SAVED
[ADMIN] [1/28/2017 23:33] [PENJUALAN] PRINT OUT INVOICE
[ADMIN] [1/28/2017 23:33] [PENJUALAN] CASHIER FORM : PrintReceipt
[ADMIN] [1/28/2017 23:33] [PENJUALAN] CASHIER FORM : PrintReceipt, papermode [0]
[ADMIN] [1/28/2017 23:33] [PENJUALAN] CASHIER FORM : PrintReceipt, display SalesReceiptForm
[ADMIN] [1/28/2017 23:33] [PENJUALAN] CASHIER FORM : UNREGISTER HOTKEY
[ADMIN] [1/28/2017 23:33] [PENJUALAN] CASHIER FORM : REGISTER HOTKEY
[ADMIN] [1/28/2017 23:33] [PENJUALAN] VALIDATE USER CREDIT STATUS
[ADMIN] [1/28/2017 23:33] [PENJUALAN] CASHIER FORM : UNREGISTER HOTKEY
[ADMIN] [1/28/2017 23:33] [PENJUALAN] CASHIER FORM : REGISTER HOTKEY
[ADMIN] [1/28/2017 23:33] [PENJUALAN] CASHIER FORM : HOTKEY TO SAVE AND PRINT OUT INVOICE PRESSED
[ADMIN] [1/28/2017 23:33] [PENJUALAN] CASHIER FORM : UNREGISTER HOTKEY
[ADMIN] [1/28/2017 23:33] [PENJUALAN] CASHIER FORM : REGISTER HOTKEY
[ADMIN] [1/28/2017 23:33] [PENJUALAN] CASHIER FORM : UNREGISTER HOTKEY
[ADMIN] [1/28/2017 23:33] [PENJUALAN] CASHIER FORM : REGISTER HOTKEY
[ADMIN] [1/28/2017 23:33] [PENJUALAN] CASHIER FORM : HOTKEY TO SAVE AND PRINT OUT INVOICE PRESSED
[ADMIN] [1/28/2017 23:33] [PENJUALAN] CASHIER FORM : UNREGISTER HOTKEY
[ADMIN] [1/28/2017 23:33] [PENJUALAN] CASHIER FORM : REGISTER HOTKEY
[ADMIN] [1/28/2017 23:33] [PENJUALAN] ATTEMPT TO SAVE AND PRINT OUT INVOICE
[ADMIN] [1/28/2017 23:33] [PENJUALAN] CASHIER FORM : UNREGISTER HOTKEY
[ADMIN] [1/28/2017 23:33] [PENJUALAN] CASHIER FORM : REGISTER HOTKEY
[ADMIN] [1/28/2017 23:33] [PENJUALAN] CASHIER FORM : HOTKEY TO SAVE AND PRINT OUT INVOICE PRESSED
[ADMIN] [1/28/2017 23:33] [PENJUALAN] CASHIER FORM : UNREGISTER HOTKEY
[ADMIN] [1/28/2017 23:34] [PENJUALAN] CASHIER FORM : REGISTER HOTKEY
[ADMIN] [1/28/2017 23:34] [PENJUALAN] ATTEMPT TO SAVE AND PRINT OUT INVOICE
[ADMIN] [1/28/2017 23:34] [PENJUALAN] CASHIER FORM : UNREGISTER HOTKEY
[ADMIN] [1/28/2017 23:34] [PENJUALAN] CASHIER FORM : REGISTER HOTKEY
[ADMIN] [1/28/2017 23:34] [PENJUALAN] CASHIER FORM : UNREGISTER HOTKEY
[ADMIN] [1/28/2017 23:34] [PENJUALAN] CASHIER FORM : ATTEMPT TO SAVE SALES DATA [28-01-2017 23:34]
[ADMIN] [1/28/2017 23:34] [PENJUALAN] CASHIER FORM : NON CASH - SALES DUE DATE [28-01-2017]
[ADMIN] [1/28/2017 23:34] [PENJUALAN] CASHIER FORM : MAX SALES INVOICE [1]
[ADMIN] [1/28/2017 23:34] [PENJUALAN] CASHIER FORM : SALES INVOICE [SQ-2]
[ADMIN] [1/28/2017 23:34] [PENJUALAN] INSERT INTO SALES QUOTATION HEADER [SQ-2]
[ADMIN] [1/28/2017 23:34] [PENJUALAN] INSERT INTO SALES QUOTATION DETAIL[105, 11, 2]
[ADMIN] [1/28/2017 23:34] [PENJUALAN] CASHIER FORM : REGISTER HOTKEY
[ADMIN] [1/28/2017 23:34] [PENJUALAN] TRANSACTION SAVED
[ADMIN] [1/28/2017 23:34] [PENJUALAN] PRINT OUT INVOICE
[ADMIN] [1/28/2017 23:34] [PENJUALAN] CASHIER FORM : PrintReceipt
[ADMIN] [1/28/2017 23:34] [PENJUALAN] CASHIER FORM : PrintReceipt, papermode [0]
[ADMIN] [1/28/2017 23:34] [PENJUALAN] CASHIER FORM : PrintReceipt, display SalesReceiptForm
[ADMIN] [1/28/2017 23:34] [PENJUALAN] CASHIER FORM : UNREGISTER HOTKEY
[ADMIN] [1/28/2017 23:37] [PENJUALAN] CASHIER FORM : REGISTER HOTKEY
[ADMIN] [1/28/2017 23:37] [PENJUALAN] VALIDATE USER CREDIT STATUS
[ADMIN] [1/28/2017 23:37] [PENJUALAN] CASHIER FORM : UNREGISTER HOTKEY
[ADMIN] [1/28/2017 23:37] [PENJUALAN] CASHIER FORM : REGISTER HOTKEY
[ADMIN] [1/28/2017 23:37] [PENJUALAN] CASHIER FORM : UNREGISTER HOTKEY
[ADMIN] [1/28/2017 23:37] [PENJUALAN] CASHIER FORM : UNREGISTER HOTKEY
[ADMIN] [1/28/2017 23:37] [PENJUALAN] CASHIER FORM : REGISTER HOTKEY
[ADMIN] [1/28/2017 23:37] [PENJUALAN] CASHIER FORM : ADD NEW ROW,  isActive [True]
[ADMIN] [1/28/2017 23:37] [PENJUALAN] CASHIER FORM : ADD NEW ROW,  ROW COUNT [0]
[ADMIN] [1/28/2017 23:37] [PENJUALAN] CASHIER FORM : ADD NEW ROW,  ALLOW TO ADD [True]
[ADMIN] [1/28/2017 23:37] [PENJUALAN] CASHIER FORM : REGISTER HOTKEY
[ADMIN] [1/28/2017 23:37] [PENJUALAN] CASHIER FORM : UNREGISTER HOTKEY
[ADMIN] [1/28/2017 23:37] [PENJUALAN] CASHIER FORM : UNREGISTER HOTKEY
[ADMIN] [1/28/2017 23:37] [PENJUALAN] CASHIER FORM : REGISTER HOTKEY
[ADMIN] [1/28/2017 23:37] [PENJUALAN] CASHIER FORM : ADD NEW ROW,  isActive [True]
[ADMIN] [1/28/2017 23:37] [PENJUALAN] CASHIER FORM : ADD NEW ROW,  ROW COUNT [0]
[ADMIN] [1/28/2017 23:37] [PENJUALAN] CASHIER FORM : ADD NEW ROW,  ALLOW TO ADD [True]
[ADMIN] [1/28/2017 23:37] [PENJUALAN] CASHIER FORM : REGISTER HOTKEY
[ADMIN] [1/28/2017 23:37] [PENJUALAN] CASHIER FORM : HOTKEY TO ADD NEW ROW PRESSED
[ADMIN] [1/28/2017 23:37] [PENJUALAN] CASHIER FORM : ADD NEW ROW,  isActive [True]
[ADMIN] [1/28/2017 23:37] [PENJUALAN] CASHIER FORM : ADD NEW ROW,  ROW COUNT [1]
[ADMIN] [1/28/2017 23:37] [PENJUALAN] CASHIER FORM : ADD NEW ROW,  ALLOW TO ADD [True]
[ADMIN] [1/28/2017 23:37] [PENJUALAN] CASHIER FORM : cashierDataGridView_CellValueChanged [F8]
[ADMIN] [1/28/2017 23:37] [PENJUALAN] CASHIER FORM : cashierDataGridView_CellValueChanged [hpp]
[ADMIN] [1/28/2017 23:37] [PENJUALAN] CASHIER FORM : cashierDataGridView_CellValueChanged [productPrice]
[ADMIN] [1/28/2017 23:37] [PENJUALAN] CASHIER FORM : TextBox_TextChanged, previousInput []
[ADMIN] [1/28/2017 23:37] [PENJUALAN] CASHIER FORM : TextBox_TextChanged, dataGridViewTextBoxEditingControl.Text pass REGEX Checking
[ADMIN] [1/28/2017 23:37] [PENJUALAN] CASHIER FORM : CALCULATE SUBTOTAL
[ADMIN] [1/28/2017 23:37] [PENJUALAN] CASHIER FORM : SUBTOTAL [0]
[ADMIN] [1/28/2017 23:37] [PENJUALAN] CASHIER FORM : TextBox_TextChanged, subtotal value [0]
[ADMIN] [1/28/2017 23:37] [PENJUALAN] CASHIER FORM : TextBox_TextChanged, attempt to calculate total value
[ADMIN] [1/28/2017 23:37] [PENJUALAN] CASHIER FORM : calculateTotal
[ADMIN] [1/28/2017 23:37] [PENJUALAN] CASHIER FORM : calculateTotal [22]
[ADMIN] [1/28/2017 23:37] [PENJUALAN] CASHIER FORM : calculateTotal, totalAfterDisc [22]
[ADMIN] [1/28/2017 23:37] [PENJUALAN] CASHIER FORM : calculateChangeValue, bayarTextBox.Text [0]
[ADMIN] [1/28/2017 23:37] [PENJUALAN] CASHIER FORM : calculateChangeValue, sisaBayar [0]
[ADMIN] [1/28/2017 23:37] [PENJUALAN] CASHIER FORM : cashierDataGridView_CellValueChanged [disc1]
[ADMIN] [1/28/2017 23:37] [PENJUALAN] CASHIER FORM : TextBox_TextChanged, previousInput []
[ADMIN] [1/28/2017 23:37] [PENJUALAN] CASHIER FORM : TextBox_TextChanged, dataGridViewTextBoxEditingControl.Text pass REGEX Checking
[ADMIN] [1/28/2017 23:37] [PENJUALAN] CASHIER FORM : CALCULATE SUBTOTAL
[ADMIN] [1/28/2017 23:37] [PENJUALAN] CASHIER FORM : SUBTOTAL [0]
[ADMIN] [1/28/2017 23:37] [PENJUALAN] CASHIER FORM : TextBox_TextChanged, subtotal value [0]
[ADMIN] [1/28/2017 23:37] [PENJUALAN] CASHIER FORM : TextBox_TextChanged, attempt to calculate total value
[ADMIN] [1/28/2017 23:37] [PENJUALAN] CASHIER FORM : calculateTotal
[ADMIN] [1/28/2017 23:37] [PENJUALAN] CASHIER FORM : calculateTotal [22]
[ADMIN] [1/28/2017 23:37] [PENJUALAN] CASHIER FORM : calculateTotal, totalAfterDisc [22]
[ADMIN] [1/28/2017 23:37] [PENJUALAN] CASHIER FORM : calculateChangeValue, bayarTextBox.Text [0]
[ADMIN] [1/28/2017 23:37] [PENJUALAN] CASHIER FORM : calculateChangeValue, sisaBayar [0]
[ADMIN] [1/28/2017 23:37] [PENJUALAN] CASHIER FORM : cashierDataGridView_CellValueChanged [qty]
[ADMIN] [1/28/2017 23:37] [PENJUALAN] CASHIER FORM : TextBox_TextChanged, previousInput []
[ADMIN] [1/28/2017 23:37] [PENJUALAN] CASHIER FORM : TextBox_TextChanged, dataGridViewTextBoxEditingControl.Text pass REGEX Checking
[ADMIN] [1/28/2017 23:37] [] CHECK STOCK QTY IS ENOUGH []
[ADMIN] [1/28/2017 23:37] [PENJUALAN] CASHIER FORM : CALCULATE SUBTOTAL
[ADMIN] [1/28/2017 23:37] [PENJUALAN] CASHIER FORM : SUBTOTAL [0]
[ADMIN] [1/28/2017 23:37] [PENJUALAN] CASHIER FORM : TextBox_TextChanged, subtotal value [0]
[ADMIN] [1/28/2017 23:37] [PENJUALAN] CASHIER FORM : TextBox_TextChanged, attempt to calculate total value
[ADMIN] [1/28/2017 23:37] [PENJUALAN] CASHIER FORM : calculateTotal
[ADMIN] [1/28/2017 23:37] [PENJUALAN] CASHIER FORM : calculateTotal [22]
[ADMIN] [1/28/2017 23:37] [PENJUALAN] CASHIER FORM : calculateTotal, totalAfterDisc [22]
[ADMIN] [1/28/2017 23:37] [PENJUALAN] CASHIER FORM : calculateChangeValue, bayarTextBox.Text [0]
[ADMIN] [1/28/2017 23:37] [PENJUALAN] CASHIER FORM : calculateChangeValue, sisaBayar [0]
[ADMIN] [1/28/2017 23:37] [PENJUALAN] CASHIER FORM : cashierDataGridView_CellValueChanged [disc2]
[ADMIN] [1/28/2017 23:37] [PENJUALAN] CASHIER FORM : TextBox_TextChanged, previousInput []
[ADMIN] [1/28/2017 23:37] [PENJUALAN] CASHIER FORM : TextBox_TextChanged, dataGridViewTextBoxEditingControl.Text pass REGEX Checking
[ADMIN] [1/28/2017 23:37] [PENJUALAN] CASHIER FORM : CALCULATE SUBTOTAL
[ADMIN] [1/28/2017 23:37] [PENJUALAN] CASHIER FORM : SUBTOTAL [0]
[ADMIN] [1/28/2017 23:37] [PENJUALAN] CASHIER FORM : TextBox_TextChanged, subtotal value [0]
[ADMIN] [1/28/2017 23:37] [PENJUALAN] CASHIER FORM : TextBox_TextChanged, attempt to calculate total value
[ADMIN] [1/28/2017 23:37] [PENJUALAN] CASHIER FORM : calculateTotal
[ADMIN] [1/28/2017 23:37] [PENJUALAN] CASHIER FORM : calculateTotal [22]
[ADMIN] [1/28/2017 23:37] [PENJUALAN] CASHIER FORM : calculateTotal, totalAfterDisc [22]
[ADMIN] [1/28/2017 23:37] [PENJUALAN] CASHIER FORM : calculateChangeValue, bayarTextBox.Text [0]
[ADMIN] [1/28/2017 23:37] [PENJUALAN] CASHIER FORM : calculateChangeValue, sisaBayar [0]
[ADMIN] [1/28/2017 23:37] [PENJUALAN] CASHIER FORM : cashierDataGridView_CellValueChanged [discRP]
[ADMIN] [1/28/2017 23:37] [PENJUALAN] CASHIER FORM : TextBox_TextChanged, previousInput []
[ADMIN] [1/28/2017 23:37] [PENJUALAN] CASHIER FORM : TextBox_TextChanged, dataGridViewTextBoxEditingControl.Text pass REGEX Checking
[ADMIN] [1/28/2017 23:37] [PENJUALAN] CASHIER FORM : CALCULATE SUBTOTAL
[ADMIN] [1/28/2017 23:37] [PENJUALAN] CASHIER FORM : SUBTOTAL [0]
[ADMIN] [1/28/2017 23:37] [PENJUALAN] CASHIER FORM : TextBox_TextChanged, subtotal value [0]
[ADMIN] [1/28/2017 23:37] [PENJUALAN] CASHIER FORM : TextBox_TextChanged, attempt to calculate total value
[ADMIN] [1/28/2017 23:37] [PENJUALAN] CASHIER FORM : calculateTotal
[ADMIN] [1/28/2017 23:37] [PENJUALAN] CASHIER FORM : calculateTotal [22]
[ADMIN] [1/28/2017 23:37] [PENJUALAN] CASHIER FORM : calculateTotal, totalAfterDisc [22]
[ADMIN] [1/28/2017 23:37] [PENJUALAN] CASHIER FORM : calculateChangeValue, bayarTextBox.Text [0]
[ADMIN] [1/28/2017 23:37] [PENJUALAN] CASHIER FORM : calculateChangeValue, sisaBayar [0]
[ADMIN] [1/28/2017 23:37] [PENJUALAN] CASHIER FORM : cashierDataGridView_CellValueChanged [jumlah]
[ADMIN] [1/28/2017 23:37] [PENJUALAN] CASHIER FORM : UNREGISTER HOTKEY
[ADMIN] [1/28/2017 23:37] [PENJUALAN] CASHIER FORM : REGISTER HOTKEY
[ADMIN] [1/28/2017 23:38] [PENJUALAN] CASHIER FORM : UNREGISTER HOTKEY
[ADMIN] [1/28/2017 23:38] [PENJUALAN] CASHIER FORM : REGISTER HOTKEY
[ADMIN] [1/28/2017 23:38] [PENJUALAN] CASHIER FORM : cashierDataGridView_KeyDown ATTEMPT TO DELETE ROW
[ADMIN] [1/28/2017 23:38] [PENJUALAN] CASHIER FORM : deleteCurrentRow [1]
[ADMIN] [1/28/2017 23:38] [PENJUALAN] CASHIER FORM : UPDATE ROW NUMBER, TOTAL ROW [1]
[ADMIN] [1/28/2017 23:38] [PENJUALAN] CASHIER FORM : calculateTotal
[ADMIN] [1/28/2017 23:38] [PENJUALAN] CASHIER FORM : calculateTotal [22]
[ADMIN] [1/28/2017 23:38] [PENJUALAN] CASHIER FORM : calculateTotal, totalAfterDisc [22]
[ADMIN] [1/28/2017 23:38] [PENJUALAN] CASHIER FORM : calculateChangeValue, bayarTextBox.Text [0]
[ADMIN] [1/28/2017 23:38] [PENJUALAN] CASHIER FORM : calculateChangeValue, sisaBayar [0]
[ADMIN] [1/28/2017 23:38] [PENJUALAN] CASHIER FORM : UNREGISTER HOTKEY
[ADMIN] [1/28/2017 23:38] [PENJUALAN] CASHIER FORM : REGISTER HOTKEY
[ADMIN] [1/28/2017 23:38] [PENJUALAN] CASHIER FORM : cashierDataGridView_KeyDown ATTEMPT TO DELETE ROW
[ADMIN] [1/28/2017 23:38] [PENJUALAN] CASHIER FORM : deleteCurrentRow [0]
[ADMIN] [1/28/2017 23:38] [PENJUALAN] CASHIER FORM : UPDATE ROW NUMBER, TOTAL ROW [0]
[ADMIN] [1/28/2017 23:38] [PENJUALAN] CASHIER FORM : calculateTotal
[ADMIN] [1/28/2017 23:38] [PENJUALAN] CASHIER FORM : calculateTotal [0]
[ADMIN] [1/28/2017 23:38] [PENJUALAN] CASHIER FORM : calculateTotal, totalAfterDisc [0]
[ADMIN] [1/28/2017 23:38] [PENJUALAN] CASHIER FORM : calculateChangeValue, bayarTextBox.Text [0]
[ADMIN] [1/28/2017 23:38] [PENJUALAN] CASHIER FORM : calculateChangeValue, sisaBayar [0]
[ADMIN] [1/28/2017 23:38] [PENJUALAN] CASHIER FORM : UNREGISTER HOTKEY
[ADMIN] [1/28/2017 23:38] [PENJUALAN] CASHIER FORM : UNREGISTER HOTKEY
[ADMIN] [1/28/2017 23:38] [PENJUALAN] CASHIER FORM : REGISTER HOTKEY
[ADMIN] [1/28/2017 23:38] [PENJUALAN] CASHIER FORM : ADD NEW ROW,  isActive [True]
[ADMIN] [1/28/2017 23:38] [PENJUALAN] CASHIER FORM : ADD NEW ROW,  ROW COUNT [0]
[ADMIN] [1/28/2017 23:38] [PENJUALAN] CASHIER FORM : ADD NEW ROW,  ALLOW TO ADD [True]
[ADMIN] [1/28/2017 23:38] [PENJUALAN] CASHIER FORM : REGISTER HOTKEY
[ADMIN] [1/28/2017 23:38] [PENJUALAN] CASHIER FORM : calculateChangeValue, bayarTextBox.Text [22]
[ADMIN] [1/28/2017 23:38] [PENJUALAN] CASHIER FORM : calculateChangeValue, sisaBayar [0]
[ADMIN] [1/28/2017 23:38] [PENJUALAN] CASHIER FORM : UNREGISTER HOTKEY
[ADMIN] [1/28/2017 23:38] [PENJUALAN] CASHIER FORM : REGISTER HOTKEY
[ADMIN] [1/28/2017 23:38] [PENJUALAN] ATTEMPT TO SAVE AND PRINT OUT INVOICE
[ADMIN] [1/28/2017 23:38] [PENJUALAN] CASHIER FORM : UNREGISTER HOTKEY
[ADMIN] [1/28/2017 23:38] [PENJUALAN] CASHIER FORM : REGISTER HOTKEY
[ADMIN] [1/28/2017 23:38] [PENJUALAN] CASHIER FORM : UNREGISTER HOTKEY
[ADMIN] [1/28/2017 23:38] [PENJUALAN] CASHIER FORM : REGISTER HOTKEY
[ADMIN] [1/28/2017 23:38] [PENJUALAN] CASHIER FORM : UNREGISTER HOTKEY
[ADMIN] [1/28/2017 23:38] [PENJUALAN] CASHIER FORM : UNREGISTER HOTKEY
[ADMIN] [1/28/2017 23:38] [] USER ID = 1LOGOUT
