[] [17/02/2017 13.03] [] USER = ADMIN IS ACTIVE
[ADMIN] [17/02/2017 13.03] [] USER ID = 1 LOGIN SUCCESSFULLY
[ADMIN] [17/02/2017 13.03] [] ACTIVATE USER ACCESS RIGHT
[ADMIN] [17/02/2017 13.03] [] DISPLAY ADMIN FORM
[ADMIN] [17/02/2017 13.03] [] adminForm Load
[ADMIN] [17/02/2017 13.03] [] CREATE CHANGE PASSWORD FORM UID[1]
[ADMIN] [17/02/2017 13.03] [] UPDATE NEW PASSWORD [123masuk]
[] [17/02/2017 13.07] [] USER = ADMIN IS ACTIVE
[ADMIN] [17/02/2017 13.07] [] USER ID = 1 LOGIN SUCCESSFULLY
[ADMIN] [17/02/2017 13.08] [] ACTIVATE USER ACCESS RIGHT
[ADMIN] [17/02/2017 13.08] [] DISPLAY ADMIN FORM
[ADMIN] [17/02/2017 13.08] [] adminForm Load
[ADMIN] [17/02/2017 13.08] [] CREATE CHANGE PASSWORD FORM UID[1]
[] [17/02/2017 13.17] [] USER = ADMIN IS ACTIVE
[] [17/02/2017 13.17] [] USER = ADMIN IS ACTIVE
[ADMIN] [17/02/2017 13.17] [] USER ID = 1 LOGIN SUCCESSFULLY
[ADMIN] [17/02/2017 13.17] [] ACTIVATE USER ACCESS RIGHT
[ADMIN] [17/02/2017 13.17] [] DISPLAY ADMIN FORM
[ADMIN] [17/02/2017 13.17] [] adminForm Load
[ADMIN] [17/02/2017 13.17] [] CREATE CHANGE PASSWORD FORM UID[1]
[ADMIN] [17/02/2017 13.18] [] UPDATE NEW PASSWORD [admin]
[] [17/02/2017 13.19] [] USER = ADMIN IS ACTIVE
[ADMIN] [17/02/2017 13.19] [] USER ID = 1 LOGIN SUCCESSFULLY
[ADMIN] [17/02/2017 13.19] [] ACTIVATE USER ACCESS RIGHT
[ADMIN] [17/02/2017 13.19] [] DISPLAY ADMIN FORM
[ADMIN] [17/02/2017 13.19] [] adminForm Load
[ADMIN] [17/02/2017 13.20] [] CREATE CHANGE PASSWORD FORM UID[1]
[ADMIN] [17/02/2017 14.10] [] USER ID = 1LOGOUT
