[] [3/19/2017 09:28] [] USER = ADMIN IS ACTIVE
[ADMIN] [3/19/2017 09:28] [] USER ID = 1 LOGIN SUCCESSFULLY
[ADMIN] [3/19/2017 09:28] [] ACTIVATE USER ACCESS RIGHT
[ADMIN] [3/19/2017 09:28] [] DISPLAY ADMIN FORM
[ADMIN] [3/19/2017 09:28] [] adminForm Load
[ADMIN] [3/19/2017 09:29] [PENERIMAAN BARANG] PENERIMAAN BARANG : detailGridView_CellValueChanged [productName]
[ADMIN] [3/19/2017 09:29] [PENERIMAAN BARANG] PENERIMAAN BARANG : detailGridView_CellValueChanged [productID]
[ADMIN] [3/19/2017 09:29] [PENERIMAAN BARANG] PENERIMAAN BARANG : detailGridView_CellValueChanged [productName]
[ADMIN] [3/19/2017 09:29] [PENJUALAN] CASHIER FORM : ComboBox_SelectedIndexChanged, PRODUCT_BASE_PRICE [69500]
[ADMIN] [3/19/2017 09:29] [PENJUALAN] CASHIER FORM : ComboBox_SelectedIndexChanged, attempt to calculate total
[ADMIN] [3/19/2017 09:29] [PENERIMAAN BARANG] PENERIMAAN BARANG : detailGridView_CellValueChanged [qtyReceived]
[ADMIN] [3/19/2017 09:29] [PENERIMAAN BARANG] PENERIMAAN BARANG : detailGridView_CellValueChanged [subtotal]
[ADMIN] [3/19/2017 09:29] [PENERIMAAN BARANG] PENERIMAAN BARANG : detailGridView_CellValueChanged [subtotal]
[ADMIN] [3/19/2017 09:29] [PENERIMAAN BARANG] PENERIMAAN BARANG : detailGridView_CellValueChanged [qtyReceived]
[ADMIN] [3/19/2017 09:29] [PENERIMAAN BARANG] PENERIMAAN BARANG : detailGridView_CellValueChanged [subtotal]
[ADMIN] [3/19/2017 09:29] [PENERIMAAN BARANG] PENERIMAAN BARANG : detailGridView_CellValueChanged [qtyReceived]
[ADMIN] [3/19/2017 09:29] [PENERIMAAN BARANG] PENERIMAAN BARANG : detailGridView_CellValueChanged [subtotal]
[ADMIN] [3/19/2017 09:29] [PENERIMAAN BARANG] PENERIMAAN BARANG : detailGridView_CellValueChanged [qtyReceived]
[ADMIN] [3/19/2017 09:29] [PENERIMAAN BARANG] PENERIMAAN BARANG : detailGridView_CellValueChanged [subtotal]
[ADMIN] [3/19/2017 09:29] [PENERIMAAN BARANG] PENERIMAAN BARANG : detailGridView_CellValueChanged [qtyReceived]
[ADMIN] [3/19/2017 09:29] [PENERIMAAN BARANG] PENERIMAAN BARANG : detailGridView_CellValueChanged [subtotal]
[] [3/19/2017 09:30] [] USER = ADMIN IS ACTIVE
[ADMIN] [3/19/2017 09:30] [] USER ID = 1 LOGIN SUCCESSFULLY
[ADMIN] [3/19/2017 09:30] [] ACTIVATE USER ACCESS RIGHT
[ADMIN] [3/19/2017 09:30] [] DISPLAY ADMIN FORM
[ADMIN] [3/19/2017 09:30] [] adminForm Load
[ADMIN] [3/19/2017 09:31] [TAMBAH / UPDATE PRODUK] INSERT NEW PRODUCT [108]
[ADMIN] [3/19/2017 09:31] [TAMBAH / UPDATE PRODUK] INSERT PRODUCT CATEGORY FOR [108]
[ADMIN] [3/19/2017 09:31] [PENERIMAAN BARANG] PENERIMAAN BARANG : detailGridView_CellValueChanged [productID]
[ADMIN] [3/19/2017 09:31] [PENERIMAAN BARANG] PENERIMAAN BARANG : detailGridView_CellValueChanged [productName]
[ADMIN] [3/19/2017 09:31] [PENJUALAN] CASHIER FORM : ComboBox_SelectedIndexChanged, PRODUCT_BASE_PRICE [1]
[ADMIN] [3/19/2017 09:31] [PENJUALAN] CASHIER FORM : ComboBox_SelectedIndexChanged, attempt to calculate total
[ADMIN] [3/19/2017 09:31] [PENERIMAAN BARANG] PENERIMAAN BARANG : detailGridView_CellValueChanged [qtyReceived]
[ADMIN] [3/19/2017 09:31] [PENERIMAAN BARANG] PENERIMAAN BARANG : detailGridView_CellValueChanged [subtotal]
[ADMIN] [3/19/2017 09:31] [PENERIMAAN BARANG] PENERIMAAN BARANG : detailGridView_CellValueChanged [subtotal]
[] [3/19/2017 09:39] [] USER = ADMIN IS ACTIVE
[ADMIN] [3/19/2017 09:39] [] USER ID = 1 LOGIN SUCCESSFULLY
[ADMIN] [3/19/2017 09:39] [] ACTIVATE USER ACCESS RIGHT
[ADMIN] [3/19/2017 09:39] [] DISPLAY ADMIN FORM
[ADMIN] [3/19/2017 09:39] [] adminForm Load
[ADMIN] [3/19/2017 09:40] [PENERIMAAN BARANG] PENERIMAAN BARANG : detailGridView_CellValueChanged [productName]
[ADMIN] [3/19/2017 09:40] [PENERIMAAN BARANG] PENERIMAAN BARANG : detailGridView_CellValueChanged [productID]
[ADMIN] [3/19/2017 09:40] [PENERIMAAN BARANG] PENERIMAAN BARANG : detailGridView_CellValueChanged [productName]
[ADMIN] [3/19/2017 09:40] [PENJUALAN] CASHIER FORM : ComboBox_SelectedIndexChanged, PRODUCT_BASE_PRICE [1]
[ADMIN] [3/19/2017 09:40] [PENJUALAN] CASHIER FORM : ComboBox_SelectedIndexChanged, attempt to calculate total
[ADMIN] [3/19/2017 09:40] [PENERIMAAN BARANG] PENERIMAAN BARANG : detailGridView_CellValueChanged [qtyReceived]
[ADMIN] [3/19/2017 09:40] [PENERIMAAN BARANG] PENERIMAAN BARANG : detailGridView_CellValueChanged [subtotal]
[ADMIN] [3/19/2017 09:40] [PENERIMAAN BARANG] PENERIMAAN BARANG : detailGridView_CellValueChanged [subtotal]
[ADMIN] [3/19/2017 09:40] [PENERIMAAN BARANG] PENERIMAAN BARANG : detailGridView_CellValueChanged [qtyReceived]
[ADMIN] [3/19/2017 09:40] [PENERIMAAN BARANG] PENERIMAAN BARANG : detailGridView_CellValueChanged [subtotal]
[ADMIN] [3/19/2017 09:40] [PENERIMAAN BARANG] PENERIMAAN BARANG : detailGridView_CellValueChanged [qtyReceived]
[ADMIN] [3/19/2017 09:40] [PENERIMAAN BARANG] PENERIMAAN BARANG : detailGridView_CellValueChanged [subtotal]
[ADMIN] [3/19/2017 09:40] [PENERIMAAN BARANG] SAVE PENERIMAAN BARANG
[ADMIN] [3/19/2017 09:40] [PENERIMAAN BARANG] DIRECT PENERIMAAN BARANG, THEREFORE CALCULATE TAX LIMIT
[ADMIN] [3/19/2017 09:40] [PENERIMAAN BARANG] CHECK IF TAX LIMIT SET FOR PERCENTAGE PURCHASE [0]
[ADMIN] [3/19/2017 09:40] [PENERIMAAN BARANG] CHECK IF TAX LIMIT SET FOR AVERAGE DAILY PURCHASE [0]
[ADMIN] [3/19/2017 09:40] [PENERIMAAN BARANG] INSERT PENERIMAAN BARANG [PR-5]
[ADMIN] [3/19/2017 09:40] [PENERIMAAN BARANG] INSERT PO DATA BECAUSE OF DIRECT PENERIMAAN [PR-5]
[ADMIN] [3/19/2017 09:40] [PENERIMAAN BARANG] SAVE DETAIL PENERIMAAN [108, 1, 22]
[ADMIN] [3/19/2017 09:40] [PENERIMAAN BARANG] UPDATE PRODUCT LOCATION DATA [108'1]
[ADMIN] [3/19/2017 09:40] [PENERIMAAN BARANG] UPDATE MASTER PRODUCT DATA [108]
[ADMIN] [3/19/2017 09:40] [PENERIMAAN BARANG] INSERT TO PURCHASE DETAIL [108]
[ADMIN] [3/19/2017 09:40] [PENERIMAAN BARANG] INSERT INTO DEBT [PR-5]
[ADMIN] [3/19/2017 09:40] [PENERIMAAN BARANG] PENERIMAAN BARANG SAVED
[ADMIN] [3/19/2017 09:40] [PENJUALAN] CASHIER FORM : MULTIPLE CASHIER INSTANCE [1]
[ADMIN] [3/19/2017 09:41] [PENJUALAN] CASHIER FORM : REGISTER HOTKEY
[ADMIN] [3/19/2017 09:41] [PENJUALAN] CASHIER FORM : cashierForm_Load, ATTEMPT TO LOAD NO FAKTUR
[ADMIN] [3/19/2017 09:41] [PENJUALAN] CASHIER FORM : loadNoFaktur, noFakturValue [SLO001]
[ADMIN] [3/19/2017 09:41] [PENJUALAN] CASHIER FORM : cashierForm_Load, ATTEMPT TO addColumnToDataGrid
[ADMIN] [3/19/2017 09:41] [PENJUALAN] CASHIER FORM : calculateTotal
[ADMIN] [3/19/2017 09:41] [PENJUALAN] CASHIER FORM : calculateTotal [0]
[ADMIN] [3/19/2017 09:41] [PENJUALAN] CASHIER FORM : calculateTotal, totalAfterDisc [0]
[ADMIN] [3/19/2017 09:41] [PENJUALAN] CASHIER FORM : calculateChangeValue, bayarTextBox.Text [0]
[ADMIN] [3/19/2017 09:41] [PENJUALAN] CASHIER FORM : calculateChangeValue, sisaBayar [0]
[ADMIN] [3/19/2017 09:41] [PENJUALAN] CASHIER FORM : REGISTER HOTKEY
[ADMIN] [3/19/2017 09:41] [PENJUALAN] CASHIER FORM : UNREGISTER HOTKEY
[ADMIN] [3/19/2017 09:41] [PENJUALAN] CASHIER FORM : UNREGISTER HOTKEY
[ADMIN] [3/19/2017 09:41] [PURCHASE ORDER] PURCHASE ORDER : detailPODataGridView_CellValueChanged [productName]
[ADMIN] [3/19/2017 09:41] [] [POS SEARCH PRODUCT] D:\Project\BintangTimur\_CODE_\BintangTimur\BintangTimur\bin\Debug\PRODUCT_PHOTO\ 
[ADMIN] [3/19/2017 09:41] [PURCHASE ORDER] PURCHASE ORDER : detailPODataGridView_CellValueChanged [productID]
[ADMIN] [3/19/2017 09:41] [PURCHASE ORDER] PURCHASE ORDER : detailPODataGridView_CellValueChanged [productName]
[ADMIN] [3/19/2017 09:41] [PURCHASE ORDER] updateSomeRowsContent, PRODUCT_BASE_PRICE [1]
[ADMIN] [3/19/2017 09:41] [PURCHASE ORDER] updateSomeRowsContent, attempt to calculate total
[ADMIN] [3/19/2017 09:41] [PURCHASE ORDER] PURCHASE ORDER : detailPODataGridView_CellValueChanged [qty]
[ADMIN] [3/19/2017 09:41] [] USER ID = 1LOGOUT
