[] [16/02/2017 09.51] [] USER = ADMIN IS ACTIVE
[ADMIN] [16/02/2017 09.51] [] USER ID = 1 LOGIN SUCCESSFULLY
[ADMIN] [16/02/2017 09.51] [] ACTIVATE USER ACCESS RIGHT
[ADMIN] [16/02/2017 09.51] [] DISPLAY ADMIN FORM
[ADMIN] [16/02/2017 09.51] [] adminForm Load
[ADMIN] [16/02/2017 09.52] [] SERVER IP IS LOCALHOST
[ADMIN] [16/02/2017 09.52] [] SERVER IP IS LOCALHOST
[ADMIN] [16/02/2017 09.52] [] SERVER IP IS LOCALHOST
[ADMIN] [16/02/2017 09.52] [] SERVER IP IS LOCALHOST
[ADMIN] [16/02/2017 09.52] [] INSERT DATA ID 2 TO SYS_CONFIG
[] [16/02/2017 10.55] [] USER = ADMIN IS ACTIVE
[ADMIN] [16/02/2017 10.55] [] USER ID = 1 LOGIN SUCCESSFULLY
[ADMIN] [16/02/2017 10.55] [] ACTIVATE USER ACCESS RIGHT
[ADMIN] [16/02/2017 10.55] [] DISPLAY ADMIN FORM
[ADMIN] [16/02/2017 10.55] [] adminForm Load
[ADMIN] [16/02/2017 11.16] [] SERVER IP IS LOCALHOST
[ADMIN] [16/02/2017 11.16] [] SERVER IP IS LOCALHOST
[ADMIN] [16/02/2017 11.16] [] UPDATE DATA ID 2
[ADMIN] [16/02/2017 16.06] [PENJUALAN] CASHIER FORM : MULTIPLE CASHIER INSTANCE [1]
[ADMIN] [16/02/2017 16.06] [PENJUALAN] CASHIER FORM : REGISTER HOTKEY
[ADMIN] [16/02/2017 16.06] [PENJUALAN] CASHIER FORM : cashierForm_Load, ATTEMPT TO LOAD NO FAKTUR
[ADMIN] [16/02/2017 16.06] [PENJUALAN] CASHIER FORM : loadNoFaktur, noFakturValue [SLO001]
[ADMIN] [16/02/2017 16.06] [PENJUALAN] CASHIER FORM : cashierForm_Load, ATTEMPT TO addColumnToDataGrid
[ADMIN] [16/02/2017 16.06] [PENJUALAN] CASHIER FORM : calculateTotal
[ADMIN] [16/02/2017 16.06] [PENJUALAN] CASHIER FORM : calculateTotal [0]
[ADMIN] [16/02/2017 16.06] [PENJUALAN] CASHIER FORM : calculateTotal, totalAfterDisc [0]
[ADMIN] [16/02/2017 16.06] [PENJUALAN] CASHIER FORM : calculateChangeValue, bayarTextBox.Text [0]
[ADMIN] [16/02/2017 16.06] [PENJUALAN] CASHIER FORM : calculateChangeValue, sisaBayar [0]
[ADMIN] [16/02/2017 16.06] [PENJUALAN] CASHIER FORM : REGISTER HOTKEY
[ADMIN] [16/02/2017 16.06] [PENJUALAN] CASHIER FORM : UNREGISTER HOTKEY
[ADMIN] [16/02/2017 16.06] [PENJUALAN] CASHIER FORM : UNREGISTER HOTKEY
[ADMIN] [16/02/2017 16.07] [] USER ID = 1LOGOUT
