[] [1/27/2017 23:10] [] USER = ADMIN IS ACTIVE
[ADMIN] [1/27/2017 23:10] [] USER ID = 1 LOGIN SUCCESSFULLY
[ADMIN] [1/27/2017 23:10] [] ACTIVATE USER ACCESS RIGHT
[ADMIN] [1/27/2017 23:10] [] DISPLAY ADMIN FORM
[ADMIN] [1/27/2017 23:10] [] adminForm Load
[ADMIN] [1/27/2017 23:10] [] ACTIVATE USER ACCESS RIGHT
[ADMIN] [1/27/2017 23:10] [PENERIMAAN BARANG] PENERIMAAN BARANG : detailGridView_CellValueChanged [productName]
[ADMIN] [1/27/2017 23:10] [PENERIMAAN BARANG] PENERIMAAN BARANG : detailGridView_CellValueChanged [hpp]
[ADMIN] [1/27/2017 23:10] [PENERIMAAN BARANG] PENERIMAAN BARANG : detailGridView_CellValueChanged [subtotal]
[ADMIN] [1/27/2017 23:10] [PENERIMAAN BARANG] PENERIMAAN BARANG : detailGridView_CellValueChanged [subtotal]
[ADMIN] [1/27/2017 23:10] [PENERIMAAN BARANG] PENERIMAAN BARANG : detailGridView_CellValueChanged [qtyReceived]
[ADMIN] [1/27/2017 23:10] [PENERIMAAN BARANG] PENERIMAAN BARANG : detailGridView_CellValueChanged [subtotal]
[ADMIN] [1/27/2017 23:10] [PENERIMAAN BARANG] PENERIMAAN BARANG : detailGridView_CellValueChanged [subtotal]
[ADMIN] [1/27/2017 23:10] [PENERIMAAN BARANG] PENERIMAAN BARANG : detailGridView_CellValueChanged [productName]
[ADMIN] [1/27/2017 23:10] [PENERIMAAN BARANG] PENERIMAAN BARANG : detailGridView_CellValueChanged [productName]
[ADMIN] [1/27/2017 23:10] [PENERIMAAN BARANG] PENERIMAAN BARANG : detailGridView_CellValueChanged [productName]
[ADMIN] [1/27/2017 23:10] [PENERIMAAN BARANG] PENERIMAAN BARANG : detailGridView_CellValueChanged [productName]
[ADMIN] [1/27/2017 23:10] [PENERIMAAN BARANG] PENERIMAAN BARANG : detailGridView_CellValueChanged [productName]
[ADMIN] [1/27/2017 23:10] [PENERIMAAN BARANG] PENERIMAAN BARANG : detailGridView_CellValueChanged [productName]
[ADMIN] [1/27/2017 23:10] [PENERIMAAN BARANG] PENERIMAAN BARANG : detailGridView_CellValueChanged [productName]
[ADMIN] [1/27/2017 23:10] [PENERIMAAN BARANG] PENERIMAAN BARANG : detailGridView_CellValueChanged [productName]
[ADMIN] [1/27/2017 23:10] [PENERIMAAN BARANG] PENERIMAAN BARANG : detailGridView_CellValueChanged [productName]
[ADMIN] [1/27/2017 23:10] [PENERIMAAN BARANG] PENERIMAAN BARANG : detailGridView_CellValueChanged [productName]
[ADMIN] [1/27/2017 23:10] [PENERIMAAN BARANG] PENERIMAAN BARANG : detailGridView_CellValueChanged [productName]
[ADMIN] [1/27/2017 23:10] [PENERIMAAN BARANG] PENERIMAAN BARANG : detailGridView_CellValueChanged [productName]
[ADMIN] [1/27/2017 23:10] [PENERIMAAN BARANG] PENERIMAAN BARANG : detailGridView_CellValueChanged [productName]
[ADMIN] [1/27/2017 23:10] [PENERIMAAN BARANG] PENERIMAAN BARANG : detailGridView_CellValueChanged [productName]
[ADMIN] [1/27/2017 23:10] [PENERIMAAN BARANG] PENERIMAAN BARANG : detailGridView_CellValueChanged [productName]
[ADMIN] [1/27/2017 23:10] [PENERIMAAN BARANG] PENERIMAAN BARANG : detailGridView_CellValueChanged [productName]
[ADMIN] [1/27/2017 23:10] [PENERIMAAN BARANG] PENERIMAAN BARANG : detailGridView_CellValueChanged [hpp]
[ADMIN] [1/27/2017 23:10] [PENERIMAAN BARANG] PENERIMAAN BARANG : detailGridView_CellValueChanged [subtotal]
[ADMIN] [1/27/2017 23:10] [PENERIMAAN BARANG] PENERIMAAN BARANG : detailGridView_CellValueChanged [hpp]
[ADMIN] [1/27/2017 23:10] [PENERIMAAN BARANG] PENERIMAAN BARANG : detailGridView_CellValueChanged [qtyReceived]
[ADMIN] [1/27/2017 23:10] [PENERIMAAN BARANG] PENERIMAAN BARANG : detailGridView_CellValueChanged [subtotal]
[ADMIN] [1/27/2017 23:10] [PENERIMAAN BARANG] PENERIMAAN BARANG : detailGridView_CellValueChanged [qtyReceived]
[ADMIN] [1/27/2017 23:10] [PENERIMAAN BARANG] PENERIMAAN BARANG : detailGridView_CellValueChanged [subtotal]
[ADMIN] [1/27/2017 23:10] [PENERIMAAN BARANG] PENERIMAAN BARANG : detailGridView_CellValueChanged [productName]
[ADMIN] [1/27/2017 23:10] [PENERIMAAN BARANG] PENERIMAAN BARANG : detailGridView_CellValueChanged [hpp]
[ADMIN] [1/27/2017 23:10] [PENERIMAAN BARANG] PENERIMAAN BARANG : detailGridView_CellValueChanged [subtotal]
[ADMIN] [1/27/2017 23:10] [PENERIMAAN BARANG] PENERIMAAN BARANG : detailGridView_CellValueChanged [subtotal]
[ADMIN] [1/27/2017 23:10] [PENERIMAAN BARANG] PENERIMAAN BARANG : detailGridView_CellValueChanged [qtyReceived]
[ADMIN] [1/27/2017 23:10] [PENERIMAAN BARANG] PENERIMAAN BARANG : detailGridView_CellValueChanged [subtotal]
[ADMIN] [1/27/2017 23:10] [PENERIMAAN BARANG] PENERIMAAN BARANG : detailGridView_CellValueChanged [productName]
[ADMIN] [1/27/2017 23:10] [PENERIMAAN BARANG] PENERIMAAN BARANG : detailGridView_CellValueChanged [productName]
[ADMIN] [1/27/2017 23:10] [PENERIMAAN BARANG] PENERIMAAN BARANG : detailGridView_CellValueChanged [productID]
[ADMIN] [1/27/2017 23:10] [PENJUALAN] CASHIER FORM : ComboBox_SelectedIndexChanged, PRODUCT_BASE_PRICE [11]
[ADMIN] [1/27/2017 23:10] [PENERIMAAN BARANG] PENERIMAAN BARANG : detailGridView_CellValueChanged [hpp]
[ADMIN] [1/27/2017 23:10] [PENERIMAAN BARANG] PENERIMAAN BARANG : detailGridView_CellValueChanged [qtyReceived]
[ADMIN] [1/27/2017 23:10] [PENERIMAAN BARANG] PENERIMAAN BARANG : detailGridView_CellValueChanged [subtotal]
[ADMIN] [1/27/2017 23:10] [PENJUALAN] CASHIER FORM : ComboBox_SelectedIndexChanged, attempt to calculate total
[ADMIN] [1/27/2017 23:14] [PENERIMAAN BARANG] PENERIMAAN BARANG : detailGridView_CellValueChanged [qtyReceived]
[ADMIN] [1/27/2017 23:14] [PENERIMAAN BARANG] PENERIMAAN BARANG : detailGridView_CellValueChanged [subtotal]
[ADMIN] [1/27/2017 23:14] [PENERIMAAN BARANG] PENERIMAAN BARANG : detailGridView_CellValueChanged [qtyReceived]
[ADMIN] [1/27/2017 23:14] [PENERIMAAN BARANG] PENERIMAAN BARANG : detailGridView_CellValueChanged [subtotal]
[ADMIN] [1/27/2017 23:15] [PENERIMAAN BARANG] PENERIMAAN BARANG : detailGridView_CellValueChanged [productName]
[ADMIN] [1/27/2017 23:15] [PENERIMAAN BARANG] PENERIMAAN BARANG : detailGridView_CellValueChanged [productName]
[ADMIN] [1/27/2017 23:15] [PENERIMAAN BARANG] PENERIMAAN BARANG : detailGridView_CellValueChanged [productName]
[ADMIN] [1/27/2017 23:15] [PENERIMAAN BARANG] PENERIMAAN BARANG : detailGridView_CellValueChanged [productID]
[ADMIN] [1/27/2017 23:15] [PENJUALAN] CASHIER FORM : ComboBox_SelectedIndexChanged, PRODUCT_BASE_PRICE [1]
[ADMIN] [1/27/2017 23:15] [PENERIMAAN BARANG] PENERIMAAN BARANG : detailGridView_CellValueChanged [hpp]
[ADMIN] [1/27/2017 23:15] [PENERIMAAN BARANG] PENERIMAAN BARANG : detailGridView_CellValueChanged [subtotal]
[ADMIN] [1/27/2017 23:15] [PENERIMAAN BARANG] PENERIMAAN BARANG : detailGridView_CellValueChanged [qtyReceived]
[ADMIN] [1/27/2017 23:15] [PENERIMAAN BARANG] PENERIMAAN BARANG : detailGridView_CellValueChanged [subtotal]
[ADMIN] [1/27/2017 23:15] [PENJUALAN] CASHIER FORM : ComboBox_SelectedIndexChanged, attempt to calculate total
[ADMIN] [1/27/2017 23:15] [PENERIMAAN BARANG] PENERIMAAN BARANG : detailGridView_CellValueChanged [qtyReceived]
[ADMIN] [1/27/2017 23:15] [PENERIMAAN BARANG] PENERIMAAN BARANG : detailGridView_CellValueChanged [subtotal]
[ADMIN] [1/27/2017 23:15] [PENERIMAAN BARANG] PENERIMAAN BARANG : detailGridView_CellValueChanged [qtyReceived]
[ADMIN] [1/27/2017 23:15] [PENERIMAAN BARANG] PENERIMAAN BARANG : detailGridView_CellValueChanged [subtotal]
[ADMIN] [1/27/2017 23:15] [PENERIMAAN BARANG] SAVE PENERIMAAN BARANG
[] [1/27/2017 23:17] [] USER = ADMIN IS ACTIVE
[ADMIN] [1/27/2017 23:17] [] USER ID = 1 LOGIN SUCCESSFULLY
[ADMIN] [1/27/2017 23:17] [] ACTIVATE USER ACCESS RIGHT
[ADMIN] [1/27/2017 23:17] [] DISPLAY ADMIN FORM
[ADMIN] [1/27/2017 23:17] [] adminForm Load
[ADMIN] [1/27/2017 23:17] [] ACTIVATE USER ACCESS RIGHT
[ADMIN] [1/27/2017 23:17] [PENERIMAAN BARANG] PENERIMAAN BARANG : detailGridView_CellValueChanged [productName]
[ADMIN] [1/27/2017 23:17] [PENERIMAAN BARANG] PENERIMAAN BARANG : detailGridView_CellValueChanged [productName]
[ADMIN] [1/27/2017 23:17] [PENERIMAAN BARANG] PENERIMAAN BARANG : detailGridView_CellValueChanged [productName]
[ADMIN] [1/27/2017 23:17] [PENERIMAAN BARANG] PENERIMAAN BARANG : detailGridView_CellValueChanged [productName]
[ADMIN] [1/27/2017 23:17] [PENERIMAAN BARANG] PENERIMAAN BARANG : detailGridView_CellValueChanged [productName]
[ADMIN] [1/27/2017 23:17] [PENERIMAAN BARANG] PENERIMAAN BARANG : detailGridView_CellValueChanged [productName]
[ADMIN] [1/27/2017 23:17] [PENERIMAAN BARANG] PENERIMAAN BARANG : detailGridView_CellValueChanged [productName]
[ADMIN] [1/27/2017 23:17] [PENERIMAAN BARANG] PENERIMAAN BARANG : detailGridView_CellValueChanged [productName]
[ADMIN] [1/27/2017 23:17] [PENERIMAAN BARANG] PENERIMAAN BARANG : detailGridView_CellValueChanged [productID]
[ADMIN] [1/27/2017 23:17] [PENJUALAN] CASHIER FORM : ComboBox_SelectedIndexChanged, PRODUCT_BASE_PRICE [11]
[ADMIN] [1/27/2017 23:17] [PENERIMAAN BARANG] PENERIMAAN BARANG : detailGridView_CellValueChanged [hpp]
[ADMIN] [1/27/2017 23:17] [PENERIMAAN BARANG] PENERIMAAN BARANG : detailGridView_CellValueChanged [subtotal]
[ADMIN] [1/27/2017 23:17] [PENERIMAAN BARANG] PENERIMAAN BARANG : detailGridView_CellValueChanged [qtyReceived]
[ADMIN] [1/27/2017 23:17] [PENERIMAAN BARANG] PENERIMAAN BARANG : detailGridView_CellValueChanged [subtotal]
[ADMIN] [1/27/2017 23:17] [PENJUALAN] CASHIER FORM : ComboBox_SelectedIndexChanged, attempt to calculate total
[ADMIN] [1/27/2017 23:17] [PENERIMAAN BARANG] PENERIMAAN BARANG : detailGridView_CellValueChanged [qtyReceived]
[ADMIN] [1/27/2017 23:17] [PENERIMAAN BARANG] PENERIMAAN BARANG : detailGridView_CellValueChanged [subtotal]
[ADMIN] [1/27/2017 23:17] [PENERIMAAN BARANG] PENERIMAAN BARANG : detailGridView_CellValueChanged [qtyReceived]
[ADMIN] [1/27/2017 23:17] [PENERIMAAN BARANG] PENERIMAAN BARANG : detailGridView_CellValueChanged [subtotal]
[ADMIN] [1/27/2017 23:17] [PENERIMAAN BARANG] PENERIMAAN BARANG : detailGridView_CellValueChanged [productName]
[ADMIN] [1/27/2017 23:17] [PENERIMAAN BARANG] PENERIMAAN BARANG : detailGridView_CellValueChanged [productName]
[ADMIN] [1/27/2017 23:17] [PENERIMAAN BARANG] PENERIMAAN BARANG : detailGridView_CellValueChanged [productName]
[ADMIN] [1/27/2017 23:17] [PENERIMAAN BARANG] PENERIMAAN BARANG : detailGridView_CellValueChanged [productName]
[ADMIN] [1/27/2017 23:17] [PENERIMAAN BARANG] PENERIMAAN BARANG : detailGridView_CellValueChanged [productID]
[ADMIN] [1/27/2017 23:17] [PENJUALAN] CASHIER FORM : ComboBox_SelectedIndexChanged, PRODUCT_BASE_PRICE [10]
[ADMIN] [1/27/2017 23:17] [PENERIMAAN BARANG] PENERIMAAN BARANG : detailGridView_CellValueChanged [hpp]
[ADMIN] [1/27/2017 23:17] [PENERIMAAN BARANG] PENERIMAAN BARANG : detailGridView_CellValueChanged [subtotal]
[ADMIN] [1/27/2017 23:17] [PENERIMAAN BARANG] PENERIMAAN BARANG : detailGridView_CellValueChanged [qtyReceived]
[ADMIN] [1/27/2017 23:17] [PENERIMAAN BARANG] PENERIMAAN BARANG : detailGridView_CellValueChanged [subtotal]
[ADMIN] [1/27/2017 23:17] [PENJUALAN] CASHIER FORM : ComboBox_SelectedIndexChanged, attempt to calculate total
[ADMIN] [1/27/2017 23:17] [PENERIMAAN BARANG] PENERIMAAN BARANG : detailGridView_CellValueChanged [qtyReceived]
[ADMIN] [1/27/2017 23:17] [PENERIMAAN BARANG] PENERIMAAN BARANG : detailGridView_CellValueChanged [subtotal]
[ADMIN] [1/27/2017 23:18] [PENERIMAAN BARANG] PENERIMAAN BARANG : detailGridView_CellValueChanged [qtyReceived]
[ADMIN] [1/27/2017 23:18] [PENERIMAAN BARANG] PENERIMAAN BARANG : detailGridView_CellValueChanged [subtotal]
[ADMIN] [1/27/2017 23:18] [PENERIMAAN BARANG] SAVE PENERIMAAN BARANG
[ADMIN] [1/27/2017 23:18] [PENERIMAAN BARANG] DIRECT PENERIMAAN BARANG, THEREFORE CALCULATE TAX LIMIT
[ADMIN] [1/27/2017 23:18] [PENERIMAAN BARANG] CHECK IF TAX LIMIT SET FOR PERCENTAGE PURCHASE [0]
[ADMIN] [1/27/2017 23:18] [PENERIMAAN BARANG] CHECK IF TAX LIMIT SET FOR AVERAGE DAILY PURCHASE [0]
[ADMIN] [1/27/2017 23:18] [PENERIMAAN BARANG] INSERT PENERIMAAN BARANG [PR-1]
[ADMIN] [1/27/2017 23:18] [PENERIMAAN BARANG] INSERT PO DATA BECAUSE OF DIRECT PENERIMAAN [PR-1]
[ADMIN] [1/27/2017 23:18] [PENERIMAAN BARANG] SAVE DETAIL PENERIMAAN [105, 11, 22]
[ADMIN] [1/27/2017 23:18] [PENERIMAAN BARANG] UPDATE PRODUCT LOCATION DATA [105'1]
[ADMIN] [1/27/2017 23:18] [PENERIMAAN BARANG] UPDATE MASTER PRODUCT DATA [105]
[ADMIN] [1/27/2017 23:18] [PENERIMAAN BARANG] INSERT TO PURCHASE DETAIL [105]
[ADMIN] [1/27/2017 23:18] [PENERIMAAN BARANG] SAVE DETAIL PENERIMAAN [107, 10, 22]
[ADMIN] [1/27/2017 23:18] [PENERIMAAN BARANG] UPDATE PRODUCT LOCATION DATA [107'1]
[ADMIN] [1/27/2017 23:18] [PENERIMAAN BARANG] UPDATE MASTER PRODUCT DATA [107]
[ADMIN] [1/27/2017 23:18] [PENERIMAAN BARANG] INSERT TO PURCHASE DETAIL [107]
[ADMIN] [1/27/2017 23:18] [PENERIMAAN BARANG] INSERT INTO DEBT [PR-1]
[ADMIN] [1/27/2017 23:18] [PENERIMAAN BARANG] PENERIMAAN BARANG SAVED
[] [1/27/2017 23:19] [] USER = ADMIN IS ACTIVE
[ADMIN] [1/27/2017 23:19] [] USER ID = 1 LOGIN SUCCESSFULLY
[ADMIN] [1/27/2017 23:20] [] ACTIVATE USER ACCESS RIGHT
[ADMIN] [1/27/2017 23:20] [] DISPLAY ADMIN FORM
[ADMIN] [1/27/2017 23:20] [] adminForm Load
[ADMIN] [1/27/2017 23:20] [] ACTIVATE USER ACCESS RIGHT
[ADMIN] [1/27/2017 23:23] [PURCHASE ORDER] PURCHASE ORDER : detailPODataGridView_CellValueChanged [productName]
[ADMIN] [1/27/2017 23:23] [PURCHASE ORDER] PURCHASE ORDER : detailPODataGridView_CellValueChanged [productName]
[ADMIN] [1/27/2017 23:23] [PURCHASE ORDER] PURCHASE ORDER : detailPODataGridView_CellValueChanged [HPP]
[ADMIN] [1/27/2017 23:23] [PURCHASE ORDER] PURCHASE ORDER : detailPODataGridView_CellValueChanged [subTotal]
[ADMIN] [1/27/2017 23:23] [PURCHASE ORDER] PURCHASE ORDER : detailPODataGridView_CellValueChanged [qty]
[ADMIN] [1/27/2017 23:23] [PURCHASE ORDER] PURCHASE ORDER : detailPODataGridView_CellValueChanged [productName]
[ADMIN] [1/27/2017 23:23] [PURCHASE ORDER] PURCHASE ORDER : detailPODataGridView_CellValueChanged [productName]
[ADMIN] [1/27/2017 23:23] [PURCHASE ORDER] PURCHASE ORDER : detailPODataGridView_CellValueChanged [productName]
[ADMIN] [1/27/2017 23:23] [PURCHASE ORDER] PURCHASE ORDER : detailPODataGridView_CellValueChanged [productID]
[ADMIN] [1/27/2017 23:23] [PURCHASE ORDER] updateSomeRowsContent, PRODUCT_BASE_PRICE [11]
[ADMIN] [1/27/2017 23:23] [PURCHASE ORDER] PURCHASE ORDER : detailPODataGridView_CellValueChanged [HPP]
[ADMIN] [1/27/2017 23:23] [PURCHASE ORDER] PURCHASE ORDER : detailPODataGridView_CellValueChanged [qty]
[ADMIN] [1/27/2017 23:23] [PURCHASE ORDER] PURCHASE ORDER : detailPODataGridView_CellValueChanged [subTotal]
[ADMIN] [1/27/2017 23:23] [PURCHASE ORDER] updateSomeRowsContent, attempt to calculate total
[ADMIN] [1/27/2017 23:23] [PURCHASE ORDER] PURCHASE ORDER : detailPODataGridView_CellValueChanged [productName]
[ADMIN] [1/27/2017 23:23] [PURCHASE ORDER] PURCHASE ORDER : detailPODataGridView_CellValueChanged [productName]
[ADMIN] [1/27/2017 23:23] [PURCHASE ORDER] PURCHASE ORDER : detailPODataGridView_CellValueChanged [HPP]
[ADMIN] [1/27/2017 23:23] [PURCHASE ORDER] PURCHASE ORDER : detailPODataGridView_CellValueChanged [subTotal]
[ADMIN] [1/27/2017 23:23] [PURCHASE ORDER] PURCHASE ORDER : detailPODataGridView_CellValueChanged [qty]
[ADMIN] [1/27/2017 23:23] [PURCHASE ORDER] PURCHASE ORDER : detailPODataGridView_CellValueChanged [productName]
[ADMIN] [1/27/2017 23:23] [PURCHASE ORDER] PURCHASE ORDER : detailPODataGridView_CellValueChanged [productName]
[ADMIN] [1/27/2017 23:23] [PURCHASE ORDER] PURCHASE ORDER : detailPODataGridView_CellValueChanged [productName]
[ADMIN] [1/27/2017 23:23] [PURCHASE ORDER] PURCHASE ORDER : detailPODataGridView_CellValueChanged [productName]
[ADMIN] [1/27/2017 23:23] [PURCHASE ORDER] PURCHASE ORDER : detailPODataGridView_CellValueChanged [productName]
[ADMIN] [1/27/2017 23:23] [PURCHASE ORDER] PURCHASE ORDER : detailPODataGridView_CellValueChanged [productName]
[ADMIN] [1/27/2017 23:23] [PURCHASE ORDER] PURCHASE ORDER : detailPODataGridView_CellValueChanged [productName]
[ADMIN] [1/27/2017 23:23] [PURCHASE ORDER] PURCHASE ORDER : detailPODataGridView_CellValueChanged [productName]
[ADMIN] [1/27/2017 23:23] [PURCHASE ORDER] PURCHASE ORDER : detailPODataGridView_CellValueChanged [productName]
[ADMIN] [1/27/2017 23:23] [PURCHASE ORDER] PURCHASE ORDER : detailPODataGridView_CellValueChanged [productName]
[ADMIN] [1/27/2017 23:23] [PURCHASE ORDER] PURCHASE ORDER : detailPODataGridView_CellValueChanged [productName]
[ADMIN] [1/27/2017 23:23] [PURCHASE ORDER] PURCHASE ORDER : detailPODataGridView_CellValueChanged [productName]
[ADMIN] [1/27/2017 23:23] [PURCHASE ORDER] PURCHASE ORDER : detailPODataGridView_CellValueChanged [productName]
[ADMIN] [1/27/2017 23:23] [PURCHASE ORDER] PURCHASE ORDER : detailPODataGridView_CellValueChanged [productID]
[ADMIN] [1/27/2017 23:23] [PURCHASE ORDER] updateSomeRowsContent, PRODUCT_BASE_PRICE [1]
[ADMIN] [1/27/2017 23:23] [PURCHASE ORDER] PURCHASE ORDER : detailPODataGridView_CellValueChanged [HPP]
[ADMIN] [1/27/2017 23:23] [PURCHASE ORDER] PURCHASE ORDER : detailPODataGridView_CellValueChanged [qty]
[ADMIN] [1/27/2017 23:23] [PURCHASE ORDER] PURCHASE ORDER : detailPODataGridView_CellValueChanged [subTotal]
[ADMIN] [1/27/2017 23:23] [PURCHASE ORDER] updateSomeRowsContent, attempt to calculate total
[ADMIN] [1/27/2017 23:23] [PURCHASE ORDER] PURCHASE ORDER : detailPODataGridView_CellValueChanged [productName]
[ADMIN] [1/27/2017 23:23] [PURCHASE ORDER] PURCHASE ORDER : detailPODataGridView_CellValueChanged [productID]
[ADMIN] [1/27/2017 23:23] [PURCHASE ORDER] updateSomeRowsContent, PRODUCT_BASE_PRICE [10]
[ADMIN] [1/27/2017 23:23] [PURCHASE ORDER] PURCHASE ORDER : detailPODataGridView_CellValueChanged [HPP]
[ADMIN] [1/27/2017 23:23] [PURCHASE ORDER] PURCHASE ORDER : detailPODataGridView_CellValueChanged [subTotal]
[ADMIN] [1/27/2017 23:23] [PURCHASE ORDER] PURCHASE ORDER : detailPODataGridView_CellValueChanged [subTotal]
[ADMIN] [1/27/2017 23:23] [PURCHASE ORDER] updateSomeRowsContent, attempt to calculate total
[ADMIN] [1/27/2017 23:23] [PURCHASE ORDER] PURCHASE ORDER : detailPODataGridView_CellValueChanged [productName]
[ADMIN] [1/27/2017 23:23] [PURCHASE ORDER] PURCHASE ORDER : detailPODataGridView_CellValueChanged [productName]
[ADMIN] [1/27/2017 23:23] [PURCHASE ORDER] PURCHASE ORDER : detailPODataGridView_CellValueChanged [HPP]
[ADMIN] [1/27/2017 23:23] [PURCHASE ORDER] PURCHASE ORDER : detailPODataGridView_CellValueChanged [subTotal]
[ADMIN] [1/27/2017 23:23] [PURCHASE ORDER] PURCHASE ORDER : detailPODataGridView_CellValueChanged [qty]
[ADMIN] [1/27/2017 23:23] [PURCHASE ORDER] PURCHASE ORDER : detailPODataGridView_CellValueChanged [productName]
[ADMIN] [1/27/2017 23:23] [PURCHASE ORDER] PURCHASE ORDER : detailPODataGridView_CellValueChanged [productName]
[ADMIN] [1/27/2017 23:23] [PURCHASE ORDER] PURCHASE ORDER : detailPODataGridView_CellValueChanged [productName]
[ADMIN] [1/27/2017 23:23] [PURCHASE ORDER] PURCHASE ORDER : detailPODataGridView_CellValueChanged [productID]
[ADMIN] [1/27/2017 23:23] [PURCHASE ORDER] updateSomeRowsContent, PRODUCT_BASE_PRICE [11]
[ADMIN] [1/27/2017 23:23] [PURCHASE ORDER] PURCHASE ORDER : detailPODataGridView_CellValueChanged [HPP]
[ADMIN] [1/27/2017 23:23] [PURCHASE ORDER] PURCHASE ORDER : detailPODataGridView_CellValueChanged [qty]
[ADMIN] [1/27/2017 23:23] [PURCHASE ORDER] PURCHASE ORDER : detailPODataGridView_CellValueChanged [subTotal]
[ADMIN] [1/27/2017 23:23] [PURCHASE ORDER] updateSomeRowsContent, attempt to calculate total
[ADMIN] [1/27/2017 23:23] [PURCHASE ORDER] PURCHASE ORDER : detailPODataGridView_CellValueChanged [productName]
[ADMIN] [1/27/2017 23:23] [PURCHASE ORDER] PURCHASE ORDER : detailPODataGridView_CellValueChanged [productID]
[ADMIN] [1/27/2017 23:23] [PURCHASE ORDER] updateSomeRowsContent, PRODUCT_BASE_PRICE [10]
[ADMIN] [1/27/2017 23:23] [PURCHASE ORDER] PURCHASE ORDER : detailPODataGridView_CellValueChanged [HPP]
[ADMIN] [1/27/2017 23:23] [PURCHASE ORDER] PURCHASE ORDER : detailPODataGridView_CellValueChanged [subTotal]
[ADMIN] [1/27/2017 23:23] [PURCHASE ORDER] PURCHASE ORDER : detailPODataGridView_CellValueChanged [subTotal]
[ADMIN] [1/27/2017 23:23] [PURCHASE ORDER] updateSomeRowsContent, attempt to calculate total
[ADMIN] [1/27/2017 23:23] [PURCHASE ORDER] PURCHASE ORDER : detailPODataGridView_CellValueChanged [productName]
[ADMIN] [1/27/2017 23:23] [PURCHASE ORDER] PURCHASE ORDER : detailPODataGridView_CellValueChanged [productID]
[ADMIN] [1/27/2017 23:23] [PURCHASE ORDER] updateSomeRowsContent, PRODUCT_BASE_PRICE [1]
[ADMIN] [1/27/2017 23:23] [PURCHASE ORDER] PURCHASE ORDER : detailPODataGridView_CellValueChanged [HPP]
[ADMIN] [1/27/2017 23:23] [PURCHASE ORDER] PURCHASE ORDER : detailPODataGridView_CellValueChanged [subTotal]
[ADMIN] [1/27/2017 23:23] [PURCHASE ORDER] PURCHASE ORDER : detailPODataGridView_CellValueChanged [subTotal]
[ADMIN] [1/27/2017 23:23] [PURCHASE ORDER] updateSomeRowsContent, attempt to calculate total
[ADMIN] [1/27/2017 23:23] [PURCHASE ORDER] PURCHASE ORDER : detailPODataGridView_CellValueChanged [productName]
[ADMIN] [1/27/2017 23:23] [PURCHASE ORDER] PURCHASE ORDER : detailPODataGridView_CellValueChanged [productName]
[ADMIN] [1/27/2017 23:23] [PURCHASE ORDER] PURCHASE ORDER : detailPODataGridView_CellValueChanged [HPP]
[ADMIN] [1/27/2017 23:23] [PURCHASE ORDER] PURCHASE ORDER : detailPODataGridView_CellValueChanged [subTotal]
[ADMIN] [1/27/2017 23:23] [PURCHASE ORDER] PURCHASE ORDER : detailPODataGridView_CellValueChanged [qty]
[ADMIN] [1/27/2017 23:23] [PURCHASE ORDER] PURCHASE ORDER : detailPODataGridView_CellValueChanged [productName]
[ADMIN] [1/27/2017 23:23] [PURCHASE ORDER] PURCHASE ORDER : detailPODataGridView_CellValueChanged [productName]
[ADMIN] [1/27/2017 23:23] [PURCHASE ORDER] PURCHASE ORDER : detailPODataGridView_CellValueChanged [productName]
[ADMIN] [1/27/2017 23:23] [PURCHASE ORDER] PURCHASE ORDER : detailPODataGridView_CellValueChanged [productID]
[ADMIN] [1/27/2017 23:23] [PURCHASE ORDER] updateSomeRowsContent, PRODUCT_BASE_PRICE [11]
[ADMIN] [1/27/2017 23:23] [PURCHASE ORDER] PURCHASE ORDER : detailPODataGridView_CellValueChanged [HPP]
[ADMIN] [1/27/2017 23:23] [PURCHASE ORDER] PURCHASE ORDER : detailPODataGridView_CellValueChanged [qty]
[ADMIN] [1/27/2017 23:23] [PURCHASE ORDER] PURCHASE ORDER : detailPODataGridView_CellValueChanged [subTotal]
[ADMIN] [1/27/2017 23:23] [PURCHASE ORDER] updateSomeRowsContent, attempt to calculate total
[ADMIN] [1/27/2017 23:23] [PURCHASE ORDER] PURCHASE ORDER : detailPODataGridView_CellValueChanged [productName]
[ADMIN] [1/27/2017 23:23] [PURCHASE ORDER] PURCHASE ORDER : detailPODataGridView_CellValueChanged [productName]
[ADMIN] [1/27/2017 23:23] [PURCHASE ORDER] PURCHASE ORDER : detailPODataGridView_CellValueChanged [HPP]
[ADMIN] [1/27/2017 23:23] [PURCHASE ORDER] PURCHASE ORDER : detailPODataGridView_CellValueChanged [subTotal]
[ADMIN] [1/27/2017 23:23] [PURCHASE ORDER] PURCHASE ORDER : detailPODataGridView_CellValueChanged [qty]
[ADMIN] [1/27/2017 23:23] [PURCHASE ORDER] PURCHASE ORDER : detailPODataGridView_CellValueChanged [productName]
[ADMIN] [1/27/2017 23:23] [PURCHASE ORDER] PURCHASE ORDER : detailPODataGridView_CellValueChanged [productName]
[ADMIN] [1/27/2017 23:23] [PURCHASE ORDER] PURCHASE ORDER : detailPODataGridView_CellValueChanged [productName]
[ADMIN] [1/27/2017 23:23] [PURCHASE ORDER] PURCHASE ORDER : detailPODataGridView_CellValueChanged [productName]
[ADMIN] [1/27/2017 23:23] [PURCHASE ORDER] PURCHASE ORDER : detailPODataGridView_CellValueChanged [productName]
[ADMIN] [1/27/2017 23:23] [PURCHASE ORDER] PURCHASE ORDER : detailPODataGridView_CellValueChanged [productName]
[ADMIN] [1/27/2017 23:23] [PURCHASE ORDER] PURCHASE ORDER : detailPODataGridView_CellValueChanged [productID]
[ADMIN] [1/27/2017 23:23] [PURCHASE ORDER] updateSomeRowsContent, PRODUCT_BASE_PRICE [1]
[ADMIN] [1/27/2017 23:23] [PURCHASE ORDER] PURCHASE ORDER : detailPODataGridView_CellValueChanged [HPP]
[ADMIN] [1/27/2017 23:23] [PURCHASE ORDER] PURCHASE ORDER : detailPODataGridView_CellValueChanged [qty]
[ADMIN] [1/27/2017 23:23] [PURCHASE ORDER] PURCHASE ORDER : detailPODataGridView_CellValueChanged [subTotal]
[ADMIN] [1/27/2017 23:23] [PURCHASE ORDER] updateSomeRowsContent, attempt to calculate total
[ADMIN] [1/27/2017 23:23] [PURCHASE ORDER] PURCHASE ORDER : detailPODataGridView_CellValueChanged [productName]
[ADMIN] [1/27/2017 23:23] [PURCHASE ORDER] PURCHASE ORDER : detailPODataGridView_CellValueChanged [productID]
[ADMIN] [1/27/2017 23:23] [PURCHASE ORDER] updateSomeRowsContent, PRODUCT_BASE_PRICE [10]
[ADMIN] [1/27/2017 23:23] [PURCHASE ORDER] PURCHASE ORDER : detailPODataGridView_CellValueChanged [HPP]
[ADMIN] [1/27/2017 23:23] [PURCHASE ORDER] PURCHASE ORDER : detailPODataGridView_CellValueChanged [subTotal]
[ADMIN] [1/27/2017 23:23] [PURCHASE ORDER] PURCHASE ORDER : detailPODataGridView_CellValueChanged [subTotal]
[ADMIN] [1/27/2017 23:23] [PURCHASE ORDER] updateSomeRowsContent, attempt to calculate total
[ADMIN] [1/27/2017 23:23] [PURCHASE ORDER] PURCHASE ORDER : detailPODataGridView_CellValueChanged [productName]
[ADMIN] [1/27/2017 23:23] [PURCHASE ORDER] PURCHASE ORDER : detailPODataGridView_CellValueChanged [productName]
[ADMIN] [1/27/2017 23:23] [PURCHASE ORDER] PURCHASE ORDER : detailPODataGridView_CellValueChanged [HPP]
[ADMIN] [1/27/2017 23:23] [PURCHASE ORDER] PURCHASE ORDER : detailPODataGridView_CellValueChanged [subTotal]
[ADMIN] [1/27/2017 23:23] [PURCHASE ORDER] PURCHASE ORDER : detailPODataGridView_CellValueChanged [qty]
[ADMIN] [1/27/2017 23:23] [PURCHASE ORDER] PURCHASE ORDER : detailPODataGridView_CellValueChanged [productName]
[ADMIN] [1/27/2017 23:23] [PURCHASE ORDER] PURCHASE ORDER : detailPODataGridView_CellValueChanged [productName]
[ADMIN] [1/27/2017 23:23] [PURCHASE ORDER] PURCHASE ORDER : detailPODataGridView_CellValueChanged [productID]
[ADMIN] [1/27/2017 23:23] [PURCHASE ORDER] updateSomeRowsContent, PRODUCT_BASE_PRICE [1]
[ADMIN] [1/27/2017 23:23] [PURCHASE ORDER] PURCHASE ORDER : detailPODataGridView_CellValueChanged [HPP]
[ADMIN] [1/27/2017 23:23] [PURCHASE ORDER] PURCHASE ORDER : detailPODataGridView_CellValueChanged [qty]
[ADMIN] [1/27/2017 23:23] [PURCHASE ORDER] PURCHASE ORDER : detailPODataGridView_CellValueChanged [subTotal]
[ADMIN] [1/27/2017 23:23] [PURCHASE ORDER] updateSomeRowsContent, attempt to calculate total
[ADMIN] [1/27/2017 23:23] [PURCHASE ORDER] PURCHASE ORDER : detailPODataGridView_CellValueChanged [productName]
[ADMIN] [1/27/2017 23:23] [PURCHASE ORDER] PURCHASE ORDER : detailPODataGridView_CellValueChanged [productID]
[ADMIN] [1/27/2017 23:23] [PURCHASE ORDER] updateSomeRowsContent, PRODUCT_BASE_PRICE [11]
[ADMIN] [1/27/2017 23:23] [PURCHASE ORDER] PURCHASE ORDER : detailPODataGridView_CellValueChanged [HPP]
[ADMIN] [1/27/2017 23:23] [PURCHASE ORDER] PURCHASE ORDER : detailPODataGridView_CellValueChanged [subTotal]
[ADMIN] [1/27/2017 23:23] [PURCHASE ORDER] PURCHASE ORDER : detailPODataGridView_CellValueChanged [subTotal]
[ADMIN] [1/27/2017 23:23] [PURCHASE ORDER] updateSomeRowsContent, attempt to calculate total
[ADMIN] [1/27/2017 23:23] [PURCHASE ORDER] PURCHASE ORDER : detailPODataGridView_CellValueChanged [productName]
[ADMIN] [1/27/2017 23:23] [PURCHASE ORDER] PURCHASE ORDER : detailPODataGridView_CellValueChanged [productName]
[ADMIN] [1/27/2017 23:23] [PURCHASE ORDER] PURCHASE ORDER : detailPODataGridView_CellValueChanged [HPP]
[ADMIN] [1/27/2017 23:23] [PURCHASE ORDER] PURCHASE ORDER : detailPODataGridView_CellValueChanged [subTotal]
[ADMIN] [1/27/2017 23:23] [PURCHASE ORDER] PURCHASE ORDER : detailPODataGridView_CellValueChanged [qty]
[ADMIN] [1/27/2017 23:23] [PURCHASE ORDER] PURCHASE ORDER : detailPODataGridView_CellValueChanged [productName]
[ADMIN] [1/27/2017 23:23] [PURCHASE ORDER] PURCHASE ORDER : detailPODataGridView_CellValueChanged [productName]
[ADMIN] [1/27/2017 23:23] [PURCHASE ORDER] PURCHASE ORDER : detailPODataGridView_CellValueChanged [productID]
[ADMIN] [1/27/2017 23:23] [PURCHASE ORDER] updateSomeRowsContent, PRODUCT_BASE_PRICE [1]
[ADMIN] [1/27/2017 23:23] [PURCHASE ORDER] PURCHASE ORDER : detailPODataGridView_CellValueChanged [HPP]
[ADMIN] [1/27/2017 23:23] [PURCHASE ORDER] PURCHASE ORDER : detailPODataGridView_CellValueChanged [qty]
[ADMIN] [1/27/2017 23:23] [PURCHASE ORDER] PURCHASE ORDER : detailPODataGridView_CellValueChanged [subTotal]
[ADMIN] [1/27/2017 23:23] [PURCHASE ORDER] updateSomeRowsContent, attempt to calculate total
[ADMIN] [1/27/2017 23:23] [PURCHASE ORDER] PURCHASE ORDER : detailPODataGridView_CellValueChanged [productName]
[ADMIN] [1/27/2017 23:23] [PURCHASE ORDER] PURCHASE ORDER : detailPODataGridView_CellValueChanged [productID]
[ADMIN] [1/27/2017 23:23] [PURCHASE ORDER] updateSomeRowsContent, PRODUCT_BASE_PRICE [10]
[ADMIN] [1/27/2017 23:23] [PURCHASE ORDER] PURCHASE ORDER : detailPODataGridView_CellValueChanged [HPP]
[ADMIN] [1/27/2017 23:23] [PURCHASE ORDER] PURCHASE ORDER : detailPODataGridView_CellValueChanged [subTotal]
[ADMIN] [1/27/2017 23:23] [PURCHASE ORDER] PURCHASE ORDER : detailPODataGridView_CellValueChanged [subTotal]
[ADMIN] [1/27/2017 23:23] [PURCHASE ORDER] updateSomeRowsContent, attempt to calculate total
[ADMIN] [1/27/2017 23:23] [PURCHASE ORDER] PURCHASE ORDER : detailPODataGridView_CellValueChanged [productName]
[ADMIN] [1/27/2017 23:23] [PURCHASE ORDER] PURCHASE ORDER : detailPODataGridView_CellValueChanged [productName]
[ADMIN] [1/27/2017 23:23] [PURCHASE ORDER] PURCHASE ORDER : detailPODataGridView_CellValueChanged [HPP]
[ADMIN] [1/27/2017 23:23] [PURCHASE ORDER] PURCHASE ORDER : detailPODataGridView_CellValueChanged [subTotal]
[ADMIN] [1/27/2017 23:23] [PURCHASE ORDER] PURCHASE ORDER : detailPODataGridView_CellValueChanged [qty]
[ADMIN] [1/27/2017 23:23] [PURCHASE ORDER] PURCHASE ORDER : detailPODataGridView_CellValueChanged [productName]
[ADMIN] [1/27/2017 23:23] [PURCHASE ORDER] PURCHASE ORDER : detailPODataGridView_CellValueChanged [productName]
[ADMIN] [1/27/2017 23:23] [PURCHASE ORDER] PURCHASE ORDER : detailPODataGridView_CellValueChanged [productID]
[ADMIN] [1/27/2017 23:23] [PURCHASE ORDER] updateSomeRowsContent, PRODUCT_BASE_PRICE [1]
[ADMIN] [1/27/2017 23:23] [PURCHASE ORDER] PURCHASE ORDER : detailPODataGridView_CellValueChanged [HPP]
[ADMIN] [1/27/2017 23:23] [PURCHASE ORDER] PURCHASE ORDER : detailPODataGridView_CellValueChanged [qty]
[ADMIN] [1/27/2017 23:23] [PURCHASE ORDER] PURCHASE ORDER : detailPODataGridView_CellValueChanged [subTotal]
[ADMIN] [1/27/2017 23:23] [PURCHASE ORDER] updateSomeRowsContent, attempt to calculate total
[ADMIN] [1/27/2017 23:23] [PURCHASE ORDER] PURCHASE ORDER : detailPODataGridView_CellValueChanged [productName]
[ADMIN] [1/27/2017 23:23] [PURCHASE ORDER] PURCHASE ORDER : detailPODataGridView_CellValueChanged [productID]
[ADMIN] [1/27/2017 23:23] [PURCHASE ORDER] updateSomeRowsContent, PRODUCT_BASE_PRICE [11]
[ADMIN] [1/27/2017 23:23] [PURCHASE ORDER] PURCHASE ORDER : detailPODataGridView_CellValueChanged [HPP]
[ADMIN] [1/27/2017 23:23] [PURCHASE ORDER] PURCHASE ORDER : detailPODataGridView_CellValueChanged [subTotal]
[ADMIN] [1/27/2017 23:23] [PURCHASE ORDER] PURCHASE ORDER : detailPODataGridView_CellValueChanged [subTotal]
[ADMIN] [1/27/2017 23:23] [PURCHASE ORDER] updateSomeRowsContent, attempt to calculate total
[ADMIN] [1/27/2017 23:23] [PURCHASE ORDER] PURCHASE ORDER : detailPODataGridView_CellValueChanged [productName]
[ADMIN] [1/27/2017 23:23] [PURCHASE ORDER] PURCHASE ORDER : detailPODataGridView_CellValueChanged [productName]
[ADMIN] [1/27/2017 23:23] [PURCHASE ORDER] PURCHASE ORDER : detailPODataGridView_CellValueChanged [HPP]
[ADMIN] [1/27/2017 23:23] [PURCHASE ORDER] PURCHASE ORDER : detailPODataGridView_CellValueChanged [subTotal]
[ADMIN] [1/27/2017 23:23] [PURCHASE ORDER] PURCHASE ORDER : detailPODataGridView_CellValueChanged [qty]
[ADMIN] [1/27/2017 23:23] [PURCHASE ORDER] PURCHASE ORDER : detailPODataGridView_CellValueChanged [productName]
[ADMIN] [1/27/2017 23:23] [PURCHASE ORDER] PURCHASE ORDER : detailPODataGridView_CellValueChanged [productName]
[ADMIN] [1/27/2017 23:23] [PURCHASE ORDER] PURCHASE ORDER : detailPODataGridView_CellValueChanged [productID]
[ADMIN] [1/27/2017 23:23] [PURCHASE ORDER] updateSomeRowsContent, PRODUCT_BASE_PRICE [1]
[ADMIN] [1/27/2017 23:23] [PURCHASE ORDER] PURCHASE ORDER : detailPODataGridView_CellValueChanged [HPP]
[ADMIN] [1/27/2017 23:23] [PURCHASE ORDER] PURCHASE ORDER : detailPODataGridView_CellValueChanged [qty]
[ADMIN] [1/27/2017 23:23] [PURCHASE ORDER] PURCHASE ORDER : detailPODataGridView_CellValueChanged [subTotal]
[ADMIN] [1/27/2017 23:23] [PURCHASE ORDER] updateSomeRowsContent, attempt to calculate total
[ADMIN] [1/27/2017 23:23] [PURCHASE ORDER] PURCHASE ORDER : detailPODataGridView_CellValueChanged [productName]
[ADMIN] [1/27/2017 23:23] [PURCHASE ORDER] PURCHASE ORDER : detailPODataGridView_CellValueChanged [productID]
[ADMIN] [1/27/2017 23:23] [PURCHASE ORDER] updateSomeRowsContent, PRODUCT_BASE_PRICE [10]
[ADMIN] [1/27/2017 23:23] [PURCHASE ORDER] PURCHASE ORDER : detailPODataGridView_CellValueChanged [HPP]
[ADMIN] [1/27/2017 23:23] [PURCHASE ORDER] PURCHASE ORDER : detailPODataGridView_CellValueChanged [subTotal]
[ADMIN] [1/27/2017 23:23] [PURCHASE ORDER] PURCHASE ORDER : detailPODataGridView_CellValueChanged [subTotal]
[ADMIN] [1/27/2017 23:23] [PURCHASE ORDER] updateSomeRowsContent, attempt to calculate total
[ADMIN] [1/27/2017 23:23] [PURCHASE ORDER] PURCHASE ORDER : detailPODataGridView_CellValueChanged [productName]
[ADMIN] [1/27/2017 23:23] [PURCHASE ORDER] PURCHASE ORDER : detailPODataGridView_CellValueChanged [productName]
[ADMIN] [1/27/2017 23:23] [PURCHASE ORDER] PURCHASE ORDER : detailPODataGridView_CellValueChanged [HPP]
[ADMIN] [1/27/2017 23:23] [PURCHASE ORDER] PURCHASE ORDER : detailPODataGridView_CellValueChanged [subTotal]
[ADMIN] [1/27/2017 23:23] [PURCHASE ORDER] PURCHASE ORDER : detailPODataGridView_CellValueChanged [qty]
[ADMIN] [1/27/2017 23:23] [PURCHASE ORDER] PURCHASE ORDER : detailPODataGridView_CellValueChanged [productName]
[ADMIN] [1/27/2017 23:23] [PURCHASE ORDER] PURCHASE ORDER : detailPODataGridView_CellValueChanged [productID]
[ADMIN] [1/27/2017 23:23] [PURCHASE ORDER] updateSomeRowsContent, PRODUCT_BASE_PRICE [11]
[ADMIN] [1/27/2017 23:23] [PURCHASE ORDER] PURCHASE ORDER : detailPODataGridView_CellValueChanged [HPP]
[ADMIN] [1/27/2017 23:23] [PURCHASE ORDER] PURCHASE ORDER : detailPODataGridView_CellValueChanged [qty]
[ADMIN] [1/27/2017 23:23] [PURCHASE ORDER] PURCHASE ORDER : detailPODataGridView_CellValueChanged [subTotal]
[ADMIN] [1/27/2017 23:23] [PURCHASE ORDER] updateSomeRowsContent, attempt to calculate total
[ADMIN] [1/27/2017 23:23] [PURCHASE ORDER] PURCHASE ORDER : detailPODataGridView_CellValueChanged [productName]
[ADMIN] [1/27/2017 23:23] [PURCHASE ORDER] PURCHASE ORDER : detailPODataGridView_CellValueChanged [productID]
[ADMIN] [1/27/2017 23:23] [PURCHASE ORDER] updateSomeRowsContent, PRODUCT_BASE_PRICE [1]
[ADMIN] [1/27/2017 23:23] [PURCHASE ORDER] PURCHASE ORDER : detailPODataGridView_CellValueChanged [HPP]
[ADMIN] [1/27/2017 23:23] [PURCHASE ORDER] PURCHASE ORDER : detailPODataGridView_CellValueChanged [subTotal]
[ADMIN] [1/27/2017 23:23] [PURCHASE ORDER] PURCHASE ORDER : detailPODataGridView_CellValueChanged [subTotal]
[ADMIN] [1/27/2017 23:23] [PURCHASE ORDER] updateSomeRowsContent, attempt to calculate total
[ADMIN] [1/27/2017 23:23] [PURCHASE ORDER] PURCHASE ORDER : detailPODataGridView_CellValueChanged [productName]
[ADMIN] [1/27/2017 23:23] [PURCHASE ORDER] PURCHASE ORDER : detailPODataGridView_CellValueChanged [productID]
[ADMIN] [1/27/2017 23:23] [PURCHASE ORDER] updateSomeRowsContent, PRODUCT_BASE_PRICE [10]
[ADMIN] [1/27/2017 23:23] [PURCHASE ORDER] PURCHASE ORDER : detailPODataGridView_CellValueChanged [HPP]
[ADMIN] [1/27/2017 23:23] [PURCHASE ORDER] PURCHASE ORDER : detailPODataGridView_CellValueChanged [subTotal]
[ADMIN] [1/27/2017 23:23] [PURCHASE ORDER] PURCHASE ORDER : detailPODataGridView_CellValueChanged [subTotal]
[ADMIN] [1/27/2017 23:23] [PURCHASE ORDER] updateSomeRowsContent, attempt to calculate total
[ADMIN] [1/27/2017 23:23] [PURCHASE ORDER] PURCHASE ORDER : detailPODataGridView_CellValueChanged [productName]
[ADMIN] [1/27/2017 23:23] [PURCHASE ORDER] PURCHASE ORDER : detailPODataGridView_CellValueChanged [productName]
[ADMIN] [1/27/2017 23:23] [PURCHASE ORDER] PURCHASE ORDER : detailPODataGridView_CellValueChanged [HPP]
[ADMIN] [1/27/2017 23:23] [PURCHASE ORDER] PURCHASE ORDER : detailPODataGridView_CellValueChanged [subTotal]
[ADMIN] [1/27/2017 23:23] [PURCHASE ORDER] PURCHASE ORDER : detailPODataGridView_CellValueChanged [qty]
[ADMIN] [1/27/2017 23:23] [PURCHASE ORDER] PURCHASE ORDER : detailPODataGridView_CellValueChanged [productName]
[ADMIN] [1/27/2017 23:23] [PURCHASE ORDER] PURCHASE ORDER : detailPODataGridView_CellValueChanged [productID]
[ADMIN] [1/27/2017 23:23] [PURCHASE ORDER] updateSomeRowsContent, PRODUCT_BASE_PRICE [11]
[ADMIN] [1/27/2017 23:23] [PURCHASE ORDER] PURCHASE ORDER : detailPODataGridView_CellValueChanged [HPP]
[ADMIN] [1/27/2017 23:23] [PURCHASE ORDER] PURCHASE ORDER : detailPODataGridView_CellValueChanged [qty]
[ADMIN] [1/27/2017 23:23] [PURCHASE ORDER] PURCHASE ORDER : detailPODataGridView_CellValueChanged [subTotal]
[ADMIN] [1/27/2017 23:23] [PURCHASE ORDER] updateSomeRowsContent, attempt to calculate total
[ADMIN] [1/27/2017 23:23] [PURCHASE ORDER] PURCHASE ORDER : detailPODataGridView_CellValueChanged [productName]
[ADMIN] [1/27/2017 23:23] [PURCHASE ORDER] PURCHASE ORDER : detailPODataGridView_CellValueChanged [productID]
[ADMIN] [1/27/2017 23:23] [PURCHASE ORDER] updateSomeRowsContent, PRODUCT_BASE_PRICE [1]
[ADMIN] [1/27/2017 23:23] [PURCHASE ORDER] PURCHASE ORDER : detailPODataGridView_CellValueChanged [HPP]
[ADMIN] [1/27/2017 23:23] [PURCHASE ORDER] PURCHASE ORDER : detailPODataGridView_CellValueChanged [subTotal]
[ADMIN] [1/27/2017 23:23] [PURCHASE ORDER] PURCHASE ORDER : detailPODataGridView_CellValueChanged [subTotal]
[ADMIN] [1/27/2017 23:23] [PURCHASE ORDER] updateSomeRowsContent, attempt to calculate total
[ADMIN] [1/27/2017 23:23] [PURCHASE ORDER] PURCHASE ORDER : detailPODataGridView_CellValueChanged [productName]
[ADMIN] [1/27/2017 23:23] [PURCHASE ORDER] PURCHASE ORDER : detailPODataGridView_CellValueChanged [productID]
[ADMIN] [1/27/2017 23:23] [PURCHASE ORDER] updateSomeRowsContent, PRODUCT_BASE_PRICE [10]
[ADMIN] [1/27/2017 23:23] [PURCHASE ORDER] PURCHASE ORDER : detailPODataGridView_CellValueChanged [HPP]
[ADMIN] [1/27/2017 23:23] [PURCHASE ORDER] PURCHASE ORDER : detailPODataGridView_CellValueChanged [subTotal]
[ADMIN] [1/27/2017 23:23] [PURCHASE ORDER] PURCHASE ORDER : detailPODataGridView_CellValueChanged [subTotal]
[ADMIN] [1/27/2017 23:23] [PURCHASE ORDER] updateSomeRowsContent, attempt to calculate total
[ADMIN] [1/27/2017 23:23] [PURCHASE ORDER] PURCHASE ORDER : detailPODataGridView_CellValueChanged [productName]
[ADMIN] [1/27/2017 23:23] [PURCHASE ORDER] PURCHASE ORDER : detailPODataGridView_CellValueChanged [productName]
[ADMIN] [1/27/2017 23:23] [PURCHASE ORDER] PURCHASE ORDER : detailPODataGridView_CellValueChanged [HPP]
[ADMIN] [1/27/2017 23:23] [PURCHASE ORDER] PURCHASE ORDER : detailPODataGridView_CellValueChanged [subTotal]
[ADMIN] [1/27/2017 23:23] [PURCHASE ORDER] PURCHASE ORDER : detailPODataGridView_CellValueChanged [qty]
[ADMIN] [1/27/2017 23:23] [PURCHASE ORDER] PURCHASE ORDER : detailPODataGridView_CellValueChanged [productName]
[ADMIN] [1/27/2017 23:23] [PURCHASE ORDER] PURCHASE ORDER : detailPODataGridView_CellValueChanged [productID]
[ADMIN] [1/27/2017 23:23] [PURCHASE ORDER] updateSomeRowsContent, PRODUCT_BASE_PRICE [11]
[ADMIN] [1/27/2017 23:23] [PURCHASE ORDER] PURCHASE ORDER : detailPODataGridView_CellValueChanged [HPP]
[ADMIN] [1/27/2017 23:23] [PURCHASE ORDER] PURCHASE ORDER : detailPODataGridView_CellValueChanged [qty]
[ADMIN] [1/27/2017 23:23] [PURCHASE ORDER] PURCHASE ORDER : detailPODataGridView_CellValueChanged [subTotal]
[ADMIN] [1/27/2017 23:23] [PURCHASE ORDER] updateSomeRowsContent, attempt to calculate total
[ADMIN] [1/27/2017 23:23] [PURCHASE ORDER] PURCHASE ORDER : detailPODataGridView_CellValueChanged [productName]
[ADMIN] [1/27/2017 23:23] [PURCHASE ORDER] PURCHASE ORDER : detailPODataGridView_CellValueChanged [productID]
[ADMIN] [1/27/2017 23:23] [PURCHASE ORDER] updateSomeRowsContent, PRODUCT_BASE_PRICE [1]
[ADMIN] [1/27/2017 23:23] [PURCHASE ORDER] PURCHASE ORDER : detailPODataGridView_CellValueChanged [HPP]
[ADMIN] [1/27/2017 23:23] [PURCHASE ORDER] PURCHASE ORDER : detailPODataGridView_CellValueChanged [subTotal]
[ADMIN] [1/27/2017 23:23] [PURCHASE ORDER] PURCHASE ORDER : detailPODataGridView_CellValueChanged [subTotal]
[ADMIN] [1/27/2017 23:23] [PURCHASE ORDER] updateSomeRowsContent, attempt to calculate total
[ADMIN] [1/27/2017 23:23] [PURCHASE ORDER] PURCHASE ORDER : detailPODataGridView_CellValueChanged [productName]
[ADMIN] [1/27/2017 23:23] [PURCHASE ORDER] PURCHASE ORDER : detailPODataGridView_CellValueChanged [productID]
[ADMIN] [1/27/2017 23:23] [PURCHASE ORDER] updateSomeRowsContent, PRODUCT_BASE_PRICE [10]
[ADMIN] [1/27/2017 23:23] [PURCHASE ORDER] PURCHASE ORDER : detailPODataGridView_CellValueChanged [HPP]
[ADMIN] [1/27/2017 23:23] [PURCHASE ORDER] PURCHASE ORDER : detailPODataGridView_CellValueChanged [subTotal]
[ADMIN] [1/27/2017 23:23] [PURCHASE ORDER] PURCHASE ORDER : detailPODataGridView_CellValueChanged [subTotal]
[ADMIN] [1/27/2017 23:23] [PURCHASE ORDER] updateSomeRowsContent, attempt to calculate total
[ADMIN] [1/27/2017 23:23] [PURCHASE ORDER] PURCHASE ORDER : detailPODataGridView_CellValueChanged [productName]
[ADMIN] [1/27/2017 23:23] [PURCHASE ORDER] PURCHASE ORDER : detailPODataGridView_CellValueChanged [productName]
[ADMIN] [1/27/2017 23:23] [PURCHASE ORDER] PURCHASE ORDER : detailPODataGridView_CellValueChanged [HPP]
[ADMIN] [1/27/2017 23:23] [PURCHASE ORDER] PURCHASE ORDER : detailPODataGridView_CellValueChanged [subTotal]
[ADMIN] [1/27/2017 23:23] [PURCHASE ORDER] PURCHASE ORDER : detailPODataGridView_CellValueChanged [qty]
[ADMIN] [1/27/2017 23:23] [PURCHASE ORDER] PURCHASE ORDER : detailPODataGridView_CellValueChanged [productName]
[ADMIN] [1/27/2017 23:23] [PURCHASE ORDER] PURCHASE ORDER : detailPODataGridView_CellValueChanged [productID]
[ADMIN] [1/27/2017 23:23] [PURCHASE ORDER] updateSomeRowsContent, PRODUCT_BASE_PRICE [11]
[ADMIN] [1/27/2017 23:23] [PURCHASE ORDER] PURCHASE ORDER : detailPODataGridView_CellValueChanged [HPP]
[ADMIN] [1/27/2017 23:23] [PURCHASE ORDER] PURCHASE ORDER : detailPODataGridView_CellValueChanged [qty]
[ADMIN] [1/27/2017 23:23] [PURCHASE ORDER] PURCHASE ORDER : detailPODataGridView_CellValueChanged [subTotal]
[ADMIN] [1/27/2017 23:23] [PURCHASE ORDER] updateSomeRowsContent, attempt to calculate total
[ADMIN] [1/27/2017 23:23] [PURCHASE ORDER] PURCHASE ORDER : detailPODataGridView_CellValueChanged [productName]
[ADMIN] [1/27/2017 23:23] [PURCHASE ORDER] PURCHASE ORDER : detailPODataGridView_CellValueChanged [productID]
[ADMIN] [1/27/2017 23:23] [PURCHASE ORDER] updateSomeRowsContent, PRODUCT_BASE_PRICE [1]
[ADMIN] [1/27/2017 23:23] [PURCHASE ORDER] PURCHASE ORDER : detailPODataGridView_CellValueChanged [HPP]
[ADMIN] [1/27/2017 23:23] [PURCHASE ORDER] PURCHASE ORDER : detailPODataGridView_CellValueChanged [subTotal]
[ADMIN] [1/27/2017 23:23] [PURCHASE ORDER] PURCHASE ORDER : detailPODataGridView_CellValueChanged [subTotal]
[ADMIN] [1/27/2017 23:23] [PURCHASE ORDER] updateSomeRowsContent, attempt to calculate total
[ADMIN] [1/27/2017 23:23] [PURCHASE ORDER] PURCHASE ORDER : detailPODataGridView_CellValueChanged [productName]
[ADMIN] [1/27/2017 23:23] [PURCHASE ORDER] PURCHASE ORDER : detailPODataGridView_CellValueChanged [productID]
[ADMIN] [1/27/2017 23:23] [PURCHASE ORDER] updateSomeRowsContent, PRODUCT_BASE_PRICE [10]
[ADMIN] [1/27/2017 23:23] [PURCHASE ORDER] PURCHASE ORDER : detailPODataGridView_CellValueChanged [HPP]
[ADMIN] [1/27/2017 23:23] [PURCHASE ORDER] PURCHASE ORDER : detailPODataGridView_CellValueChanged [subTotal]
[ADMIN] [1/27/2017 23:23] [PURCHASE ORDER] PURCHASE ORDER : detailPODataGridView_CellValueChanged [subTotal]
[ADMIN] [1/27/2017 23:23] [PURCHASE ORDER] updateSomeRowsContent, attempt to calculate total
[ADMIN] [1/27/2017 23:23] [PURCHASE ORDER] PURCHASE ORDER : detailPODataGridView_CellValueChanged [productName]
[ADMIN] [1/27/2017 23:23] [PURCHASE ORDER] PURCHASE ORDER : detailPODataGridView_CellValueChanged [productName]
[ADMIN] [1/27/2017 23:23] [PURCHASE ORDER] PURCHASE ORDER : detailPODataGridView_CellValueChanged [HPP]
[ADMIN] [1/27/2017 23:23] [PURCHASE ORDER] PURCHASE ORDER : detailPODataGridView_CellValueChanged [subTotal]
[ADMIN] [1/27/2017 23:23] [PURCHASE ORDER] PURCHASE ORDER : detailPODataGridView_CellValueChanged [qty]
[ADMIN] [1/27/2017 23:23] [PURCHASE ORDER] PURCHASE ORDER : detailPODataGridView_CellValueChanged [productName]
[ADMIN] [1/27/2017 23:23] [PURCHASE ORDER] PURCHASE ORDER : detailPODataGridView_CellValueChanged [productID]
[ADMIN] [1/27/2017 23:23] [PURCHASE ORDER] updateSomeRowsContent, PRODUCT_BASE_PRICE [11]
[ADMIN] [1/27/2017 23:23] [PURCHASE ORDER] PURCHASE ORDER : detailPODataGridView_CellValueChanged [HPP]
[ADMIN] [1/27/2017 23:23] [PURCHASE ORDER] PURCHASE ORDER : detailPODataGridView_CellValueChanged [qty]
[ADMIN] [1/27/2017 23:23] [PURCHASE ORDER] PURCHASE ORDER : detailPODataGridView_CellValueChanged [subTotal]
[ADMIN] [1/27/2017 23:23] [PURCHASE ORDER] updateSomeRowsContent, attempt to calculate total
[ADMIN] [1/27/2017 23:23] [PURCHASE ORDER] PURCHASE ORDER : detailPODataGridView_CellValueChanged [productName]
[ADMIN] [1/27/2017 23:23] [PURCHASE ORDER] PURCHASE ORDER : detailPODataGridView_CellValueChanged [productID]
[ADMIN] [1/27/2017 23:23] [PURCHASE ORDER] updateSomeRowsContent, PRODUCT_BASE_PRICE [1]
[ADMIN] [1/27/2017 23:23] [PURCHASE ORDER] PURCHASE ORDER : detailPODataGridView_CellValueChanged [HPP]
[ADMIN] [1/27/2017 23:23] [PURCHASE ORDER] PURCHASE ORDER : detailPODataGridView_CellValueChanged [subTotal]
[ADMIN] [1/27/2017 23:23] [PURCHASE ORDER] PURCHASE ORDER : detailPODataGridView_CellValueChanged [subTotal]
[ADMIN] [1/27/2017 23:23] [PURCHASE ORDER] updateSomeRowsContent, attempt to calculate total
[ADMIN] [1/27/2017 23:23] [PURCHASE ORDER] PURCHASE ORDER : detailPODataGridView_CellValueChanged [productName]
[ADMIN] [1/27/2017 23:23] [PURCHASE ORDER] PURCHASE ORDER : detailPODataGridView_CellValueChanged [productID]
[ADMIN] [1/27/2017 23:23] [PURCHASE ORDER] updateSomeRowsContent, PRODUCT_BASE_PRICE [10]
[ADMIN] [1/27/2017 23:23] [PURCHASE ORDER] PURCHASE ORDER : detailPODataGridView_CellValueChanged [HPP]
[ADMIN] [1/27/2017 23:23] [PURCHASE ORDER] PURCHASE ORDER : detailPODataGridView_CellValueChanged [subTotal]
[ADMIN] [1/27/2017 23:23] [PURCHASE ORDER] PURCHASE ORDER : detailPODataGridView_CellValueChanged [subTotal]
[ADMIN] [1/27/2017 23:23] [PURCHASE ORDER] updateSomeRowsContent, attempt to calculate total
[ADMIN] [1/27/2017 23:23] [PURCHASE ORDER] PURCHASE ORDER : detailPODataGridView_CellValueChanged [productName]
[ADMIN] [1/27/2017 23:23] [PURCHASE ORDER] PURCHASE ORDER : detailPODataGridView_CellValueChanged [productName]
[ADMIN] [1/27/2017 23:23] [PURCHASE ORDER] PURCHASE ORDER : detailPODataGridView_CellValueChanged [HPP]
[ADMIN] [1/27/2017 23:24] [PURCHASE ORDER] PURCHASE ORDER : detailPODataGridView_CellValueChanged [subTotal]
[ADMIN] [1/27/2017 23:24] [PURCHASE ORDER] PURCHASE ORDER : detailPODataGridView_CellValueChanged [qty]
[ADMIN] [1/27/2017 23:24] [PURCHASE ORDER] PURCHASE ORDER : detailPODataGridView_CellValueChanged [productName]
[ADMIN] [1/27/2017 23:24] [PURCHASE ORDER] PURCHASE ORDER : detailPODataGridView_CellValueChanged [productID]
[ADMIN] [1/27/2017 23:24] [PURCHASE ORDER] updateSomeRowsContent, PRODUCT_BASE_PRICE [11]
[ADMIN] [1/27/2017 23:24] [PURCHASE ORDER] PURCHASE ORDER : detailPODataGridView_CellValueChanged [HPP]
[ADMIN] [1/27/2017 23:24] [PURCHASE ORDER] PURCHASE ORDER : detailPODataGridView_CellValueChanged [qty]
[ADMIN] [1/27/2017 23:24] [PURCHASE ORDER] PURCHASE ORDER : detailPODataGridView_CellValueChanged [subTotal]
[ADMIN] [1/27/2017 23:24] [PURCHASE ORDER] updateSomeRowsContent, attempt to calculate total
[ADMIN] [1/27/2017 23:24] [PURCHASE ORDER] PURCHASE ORDER : detailPODataGridView_CellValueChanged [productName]
[ADMIN] [1/27/2017 23:24] [PURCHASE ORDER] PURCHASE ORDER : detailPODataGridView_CellValueChanged [productID]
[ADMIN] [1/27/2017 23:24] [PURCHASE ORDER] updateSomeRowsContent, PRODUCT_BASE_PRICE [1]
[ADMIN] [1/27/2017 23:24] [PURCHASE ORDER] PURCHASE ORDER : detailPODataGridView_CellValueChanged [HPP]
[ADMIN] [1/27/2017 23:24] [PURCHASE ORDER] PURCHASE ORDER : detailPODataGridView_CellValueChanged [subTotal]
[ADMIN] [1/27/2017 23:24] [PURCHASE ORDER] PURCHASE ORDER : detailPODataGridView_CellValueChanged [subTotal]
[ADMIN] [1/27/2017 23:24] [PURCHASE ORDER] updateSomeRowsContent, attempt to calculate total
[ADMIN] [1/27/2017 23:24] [PURCHASE ORDER] PURCHASE ORDER : detailPODataGridView_CellValueChanged [productName]
[ADMIN] [1/27/2017 23:24] [PURCHASE ORDER] PURCHASE ORDER : detailPODataGridView_CellValueChanged [productID]
[ADMIN] [1/27/2017 23:24] [PURCHASE ORDER] updateSomeRowsContent, PRODUCT_BASE_PRICE [10]
[ADMIN] [1/27/2017 23:24] [PURCHASE ORDER] PURCHASE ORDER : detailPODataGridView_CellValueChanged [HPP]
[ADMIN] [1/27/2017 23:24] [PURCHASE ORDER] PURCHASE ORDER : detailPODataGridView_CellValueChanged [subTotal]
[ADMIN] [1/27/2017 23:24] [PURCHASE ORDER] PURCHASE ORDER : detailPODataGridView_CellValueChanged [subTotal]
[ADMIN] [1/27/2017 23:24] [PURCHASE ORDER] updateSomeRowsContent, attempt to calculate total
[ADMIN] [1/27/2017 23:24] [PURCHASE ORDER] PURCHASE ORDER : detailPODataGridView_CellValueChanged [productName]
[ADMIN] [1/27/2017 23:24] [PURCHASE ORDER] PURCHASE ORDER : detailPODataGridView_CellValueChanged [productName]
[ADMIN] [1/27/2017 23:24] [PURCHASE ORDER] PURCHASE ORDER : detailPODataGridView_CellValueChanged [HPP]
[ADMIN] [1/27/2017 23:24] [PURCHASE ORDER] PURCHASE ORDER : detailPODataGridView_CellValueChanged [subTotal]
[ADMIN] [1/27/2017 23:24] [PURCHASE ORDER] PURCHASE ORDER : detailPODataGridView_CellValueChanged [qty]
[ADMIN] [1/27/2017 23:24] [PURCHASE ORDER] PURCHASE ORDER : detailPODataGridView_CellValueChanged [productName]
[ADMIN] [1/27/2017 23:24] [PURCHASE ORDER] PURCHASE ORDER : detailPODataGridView_CellValueChanged [productID]
[ADMIN] [1/27/2017 23:24] [PURCHASE ORDER] updateSomeRowsContent, PRODUCT_BASE_PRICE [11]
[ADMIN] [1/27/2017 23:24] [PURCHASE ORDER] PURCHASE ORDER : detailPODataGridView_CellValueChanged [HPP]
[ADMIN] [1/27/2017 23:24] [PURCHASE ORDER] PURCHASE ORDER : detailPODataGridView_CellValueChanged [qty]
[ADMIN] [1/27/2017 23:24] [PURCHASE ORDER] PURCHASE ORDER : detailPODataGridView_CellValueChanged [subTotal]
[ADMIN] [1/27/2017 23:24] [PURCHASE ORDER] updateSomeRowsContent, attempt to calculate total
[ADMIN] [1/27/2017 23:24] [PURCHASE ORDER] PURCHASE ORDER : detailPODataGridView_CellValueChanged [productName]
[ADMIN] [1/27/2017 23:24] [PURCHASE ORDER] PURCHASE ORDER : detailPODataGridView_CellValueChanged [productID]
[ADMIN] [1/27/2017 23:24] [PURCHASE ORDER] updateSomeRowsContent, PRODUCT_BASE_PRICE [1]
[ADMIN] [1/27/2017 23:24] [PURCHASE ORDER] PURCHASE ORDER : detailPODataGridView_CellValueChanged [HPP]
[ADMIN] [1/27/2017 23:24] [PURCHASE ORDER] PURCHASE ORDER : detailPODataGridView_CellValueChanged [subTotal]
[ADMIN] [1/27/2017 23:24] [PURCHASE ORDER] PURCHASE ORDER : detailPODataGridView_CellValueChanged [subTotal]
[ADMIN] [1/27/2017 23:24] [PURCHASE ORDER] updateSomeRowsContent, attempt to calculate total
[ADMIN] [1/27/2017 23:24] [PURCHASE ORDER] PURCHASE ORDER : detailPODataGridView_CellValueChanged [productName]
[ADMIN] [1/27/2017 23:24] [PURCHASE ORDER] PURCHASE ORDER : detailPODataGridView_CellValueChanged [productID]
[ADMIN] [1/27/2017 23:24] [PURCHASE ORDER] updateSomeRowsContent, PRODUCT_BASE_PRICE [10]
[ADMIN] [1/27/2017 23:24] [PURCHASE ORDER] PURCHASE ORDER : detailPODataGridView_CellValueChanged [HPP]
[ADMIN] [1/27/2017 23:24] [PURCHASE ORDER] PURCHASE ORDER : detailPODataGridView_CellValueChanged [subTotal]
[ADMIN] [1/27/2017 23:24] [PURCHASE ORDER] PURCHASE ORDER : detailPODataGridView_CellValueChanged [subTotal]
[ADMIN] [1/27/2017 23:24] [PURCHASE ORDER] updateSomeRowsContent, attempt to calculate total
[ADMIN] [1/27/2017 23:24] [PURCHASE ORDER] PURCHASE ORDER : detailPODataGridView_CellValueChanged [productName]
[ADMIN] [1/27/2017 23:24] [PURCHASE ORDER] PURCHASE ORDER : detailPODataGridView_CellValueChanged [productName]
[ADMIN] [1/27/2017 23:24] [PURCHASE ORDER] PURCHASE ORDER : detailPODataGridView_CellValueChanged [HPP]
[ADMIN] [1/27/2017 23:24] [PURCHASE ORDER] PURCHASE ORDER : detailPODataGridView_CellValueChanged [subTotal]
[ADMIN] [1/27/2017 23:24] [PURCHASE ORDER] PURCHASE ORDER : detailPODataGridView_CellValueChanged [qty]
[ADMIN] [1/27/2017 23:24] [PURCHASE ORDER] PURCHASE ORDER : detailPODataGridView_CellValueChanged [productName]
[ADMIN] [1/27/2017 23:24] [PURCHASE ORDER] PURCHASE ORDER : detailPODataGridView_CellValueChanged [productID]
[ADMIN] [1/27/2017 23:24] [PURCHASE ORDER] updateSomeRowsContent, PRODUCT_BASE_PRICE [11]
[ADMIN] [1/27/2017 23:24] [PURCHASE ORDER] PURCHASE ORDER : detailPODataGridView_CellValueChanged [HPP]
[ADMIN] [1/27/2017 23:24] [PURCHASE ORDER] PURCHASE ORDER : detailPODataGridView_CellValueChanged [qty]
[ADMIN] [1/27/2017 23:24] [PURCHASE ORDER] PURCHASE ORDER : detailPODataGridView_CellValueChanged [subTotal]
[ADMIN] [1/27/2017 23:24] [PURCHASE ORDER] updateSomeRowsContent, attempt to calculate total
[ADMIN] [1/27/2017 23:24] [PURCHASE ORDER] PURCHASE ORDER : detailPODataGridView_CellValueChanged [productName]
[ADMIN] [1/27/2017 23:24] [PURCHASE ORDER] PURCHASE ORDER : detailPODataGridView_CellValueChanged [productID]
[ADMIN] [1/27/2017 23:24] [PURCHASE ORDER] updateSomeRowsContent, PRODUCT_BASE_PRICE [1]
[ADMIN] [1/27/2017 23:24] [PURCHASE ORDER] PURCHASE ORDER : detailPODataGridView_CellValueChanged [HPP]
[ADMIN] [1/27/2017 23:24] [PURCHASE ORDER] PURCHASE ORDER : detailPODataGridView_CellValueChanged [subTotal]
[ADMIN] [1/27/2017 23:24] [PURCHASE ORDER] PURCHASE ORDER : detailPODataGridView_CellValueChanged [subTotal]
[ADMIN] [1/27/2017 23:24] [PURCHASE ORDER] updateSomeRowsContent, attempt to calculate total
[ADMIN] [1/27/2017 23:24] [PURCHASE ORDER] PURCHASE ORDER : detailPODataGridView_CellValueChanged [productName]
[ADMIN] [1/27/2017 23:24] [PURCHASE ORDER] PURCHASE ORDER : detailPODataGridView_CellValueChanged [productID]
[ADMIN] [1/27/2017 23:24] [PURCHASE ORDER] updateSomeRowsContent, PRODUCT_BASE_PRICE [10]
[ADMIN] [1/27/2017 23:24] [PURCHASE ORDER] PURCHASE ORDER : detailPODataGridView_CellValueChanged [HPP]
[ADMIN] [1/27/2017 23:24] [PURCHASE ORDER] PURCHASE ORDER : detailPODataGridView_CellValueChanged [subTotal]
[ADMIN] [1/27/2017 23:24] [PURCHASE ORDER] PURCHASE ORDER : detailPODataGridView_CellValueChanged [subTotal]
[ADMIN] [1/27/2017 23:24] [PURCHASE ORDER] updateSomeRowsContent, attempt to calculate total
[ADMIN] [1/27/2017 23:24] [PURCHASE ORDER] PURCHASE ORDER : detailPODataGridView_CellValueChanged [productName]
[ADMIN] [1/27/2017 23:24] [PURCHASE ORDER] PURCHASE ORDER : detailPODataGridView_CellValueChanged [productName]
[ADMIN] [1/27/2017 23:24] [PURCHASE ORDER] PURCHASE ORDER : detailPODataGridView_CellValueChanged [HPP]
[ADMIN] [1/27/2017 23:24] [PURCHASE ORDER] PURCHASE ORDER : detailPODataGridView_CellValueChanged [subTotal]
[ADMIN] [1/27/2017 23:24] [PURCHASE ORDER] PURCHASE ORDER : detailPODataGridView_CellValueChanged [qty]
[ADMIN] [1/27/2017 23:24] [PURCHASE ORDER] PURCHASE ORDER : detailPODataGridView_CellValueChanged [productName]
[ADMIN] [1/27/2017 23:24] [PURCHASE ORDER] PURCHASE ORDER : detailPODataGridView_CellValueChanged [productID]
[ADMIN] [1/27/2017 23:24] [PURCHASE ORDER] updateSomeRowsContent, PRODUCT_BASE_PRICE [11]
[ADMIN] [1/27/2017 23:24] [PURCHASE ORDER] PURCHASE ORDER : detailPODataGridView_CellValueChanged [HPP]
[ADMIN] [1/27/2017 23:24] [PURCHASE ORDER] PURCHASE ORDER : detailPODataGridView_CellValueChanged [qty]
[ADMIN] [1/27/2017 23:24] [PURCHASE ORDER] PURCHASE ORDER : detailPODataGridView_CellValueChanged [subTotal]
[ADMIN] [1/27/2017 23:24] [PURCHASE ORDER] updateSomeRowsContent, attempt to calculate total
[ADMIN] [1/27/2017 23:24] [PURCHASE ORDER] PURCHASE ORDER : detailPODataGridView_CellValueChanged [productName]
[ADMIN] [1/27/2017 23:24] [PURCHASE ORDER] PURCHASE ORDER : detailPODataGridView_CellValueChanged [productID]
[ADMIN] [1/27/2017 23:24] [PURCHASE ORDER] updateSomeRowsContent, PRODUCT_BASE_PRICE [1]
[ADMIN] [1/27/2017 23:24] [PURCHASE ORDER] PURCHASE ORDER : detailPODataGridView_CellValueChanged [HPP]
[ADMIN] [1/27/2017 23:24] [PURCHASE ORDER] PURCHASE ORDER : detailPODataGridView_CellValueChanged [subTotal]
[ADMIN] [1/27/2017 23:24] [PURCHASE ORDER] PURCHASE ORDER : detailPODataGridView_CellValueChanged [subTotal]
[ADMIN] [1/27/2017 23:24] [PURCHASE ORDER] updateSomeRowsContent, attempt to calculate total
[ADMIN] [1/27/2017 23:24] [PURCHASE ORDER] PURCHASE ORDER : detailPODataGridView_CellValueChanged [productName]
[ADMIN] [1/27/2017 23:24] [PURCHASE ORDER] PURCHASE ORDER : detailPODataGridView_CellValueChanged [productID]
[ADMIN] [1/27/2017 23:24] [PURCHASE ORDER] updateSomeRowsContent, PRODUCT_BASE_PRICE [10]
[ADMIN] [1/27/2017 23:24] [PURCHASE ORDER] PURCHASE ORDER : detailPODataGridView_CellValueChanged [HPP]
[ADMIN] [1/27/2017 23:24] [PURCHASE ORDER] PURCHASE ORDER : detailPODataGridView_CellValueChanged [subTotal]
[ADMIN] [1/27/2017 23:24] [PURCHASE ORDER] PURCHASE ORDER : detailPODataGridView_CellValueChanged [subTotal]
[ADMIN] [1/27/2017 23:24] [PURCHASE ORDER] updateSomeRowsContent, attempt to calculate total
[ADMIN] [1/27/2017 23:24] [PURCHASE ORDER] PURCHASE ORDER : detailPODataGridView_CellValueChanged [productName]
[ADMIN] [1/27/2017 23:24] [PURCHASE ORDER] PURCHASE ORDER : detailPODataGridView_CellValueChanged [productName]
[ADMIN] [1/27/2017 23:24] [PURCHASE ORDER] PURCHASE ORDER : detailPODataGridView_CellValueChanged [HPP]
[ADMIN] [1/27/2017 23:24] [PURCHASE ORDER] PURCHASE ORDER : detailPODataGridView_CellValueChanged [subTotal]
[ADMIN] [1/27/2017 23:24] [PURCHASE ORDER] PURCHASE ORDER : detailPODataGridView_CellValueChanged [qty]
[ADMIN] [1/27/2017 23:24] [PURCHASE ORDER] PURCHASE ORDER : detailPODataGridView_CellValueChanged [productName]
[ADMIN] [1/27/2017 23:24] [PURCHASE ORDER] PURCHASE ORDER : detailPODataGridView_CellValueChanged [productID]
[ADMIN] [1/27/2017 23:24] [PURCHASE ORDER] updateSomeRowsContent, PRODUCT_BASE_PRICE [11]
[ADMIN] [1/27/2017 23:24] [PURCHASE ORDER] PURCHASE ORDER : detailPODataGridView_CellValueChanged [HPP]
[ADMIN] [1/27/2017 23:24] [PURCHASE ORDER] PURCHASE ORDER : detailPODataGridView_CellValueChanged [qty]
[ADMIN] [1/27/2017 23:24] [PURCHASE ORDER] PURCHASE ORDER : detailPODataGridView_CellValueChanged [subTotal]
[ADMIN] [1/27/2017 23:24] [PURCHASE ORDER] updateSomeRowsContent, attempt to calculate total
[ADMIN] [1/27/2017 23:24] [PURCHASE ORDER] PURCHASE ORDER : detailPODataGridView_CellValueChanged [productName]
[ADMIN] [1/27/2017 23:24] [PURCHASE ORDER] PURCHASE ORDER : detailPODataGridView_CellValueChanged [productID]
[ADMIN] [1/27/2017 23:24] [PURCHASE ORDER] updateSomeRowsContent, PRODUCT_BASE_PRICE [1]
[ADMIN] [1/27/2017 23:24] [PURCHASE ORDER] PURCHASE ORDER : detailPODataGridView_CellValueChanged [HPP]
[ADMIN] [1/27/2017 23:24] [PURCHASE ORDER] PURCHASE ORDER : detailPODataGridView_CellValueChanged [subTotal]
[ADMIN] [1/27/2017 23:24] [PURCHASE ORDER] PURCHASE ORDER : detailPODataGridView_CellValueChanged [subTotal]
[ADMIN] [1/27/2017 23:24] [PURCHASE ORDER] updateSomeRowsContent, attempt to calculate total
[ADMIN] [1/27/2017 23:24] [PURCHASE ORDER] PURCHASE ORDER : detailPODataGridView_CellValueChanged [productName]
[ADMIN] [1/27/2017 23:24] [PURCHASE ORDER] PURCHASE ORDER : detailPODataGridView_CellValueChanged [productID]
[ADMIN] [1/27/2017 23:24] [PURCHASE ORDER] updateSomeRowsContent, PRODUCT_BASE_PRICE [10]
[ADMIN] [1/27/2017 23:24] [PURCHASE ORDER] PURCHASE ORDER : detailPODataGridView_CellValueChanged [HPP]
[ADMIN] [1/27/2017 23:24] [PURCHASE ORDER] PURCHASE ORDER : detailPODataGridView_CellValueChanged [subTotal]
[ADMIN] [1/27/2017 23:24] [PURCHASE ORDER] PURCHASE ORDER : detailPODataGridView_CellValueChanged [subTotal]
[ADMIN] [1/27/2017 23:24] [PURCHASE ORDER] updateSomeRowsContent, attempt to calculate total
[ADMIN] [1/27/2017 23:24] [PURCHASE ORDER] PURCHASE ORDER : detailPODataGridView_CellValueChanged [productName]
[ADMIN] [1/27/2017 23:24] [PURCHASE ORDER] PURCHASE ORDER : detailPODataGridView_CellValueChanged [productName]
[ADMIN] [1/27/2017 23:24] [PURCHASE ORDER] PURCHASE ORDER : detailPODataGridView_CellValueChanged [HPP]
[ADMIN] [1/27/2017 23:24] [PURCHASE ORDER] PURCHASE ORDER : detailPODataGridView_CellValueChanged [subTotal]
[ADMIN] [1/27/2017 23:24] [PURCHASE ORDER] PURCHASE ORDER : detailPODataGridView_CellValueChanged [qty]
[ADMIN] [1/27/2017 23:24] [PURCHASE ORDER] PURCHASE ORDER : detailPODataGridView_CellValueChanged [productName]
[ADMIN] [1/27/2017 23:24] [PURCHASE ORDER] PURCHASE ORDER : detailPODataGridView_CellValueChanged [productID]
[ADMIN] [1/27/2017 23:24] [PURCHASE ORDER] updateSomeRowsContent, PRODUCT_BASE_PRICE [11]
[ADMIN] [1/27/2017 23:24] [PURCHASE ORDER] PURCHASE ORDER : detailPODataGridView_CellValueChanged [HPP]
[ADMIN] [1/27/2017 23:24] [PURCHASE ORDER] PURCHASE ORDER : detailPODataGridView_CellValueChanged [qty]
[ADMIN] [1/27/2017 23:24] [PURCHASE ORDER] PURCHASE ORDER : detailPODataGridView_CellValueChanged [subTotal]
[ADMIN] [1/27/2017 23:24] [PURCHASE ORDER] updateSomeRowsContent, attempt to calculate total
[ADMIN] [1/27/2017 23:24] [PURCHASE ORDER] PURCHASE ORDER : detailPODataGridView_CellValueChanged [productName]
[ADMIN] [1/27/2017 23:24] [PURCHASE ORDER] PURCHASE ORDER : detailPODataGridView_CellValueChanged [productID]
[ADMIN] [1/27/2017 23:24] [PURCHASE ORDER] updateSomeRowsContent, PRODUCT_BASE_PRICE [1]
[ADMIN] [1/27/2017 23:24] [PURCHASE ORDER] PURCHASE ORDER : detailPODataGridView_CellValueChanged [HPP]
[ADMIN] [1/27/2017 23:24] [PURCHASE ORDER] PURCHASE ORDER : detailPODataGridView_CellValueChanged [subTotal]
[ADMIN] [1/27/2017 23:24] [PURCHASE ORDER] PURCHASE ORDER : detailPODataGridView_CellValueChanged [subTotal]
[ADMIN] [1/27/2017 23:24] [PURCHASE ORDER] updateSomeRowsContent, attempt to calculate total
[ADMIN] [1/27/2017 23:24] [PURCHASE ORDER] PURCHASE ORDER : detailPODataGridView_CellValueChanged [productName]
[ADMIN] [1/27/2017 23:24] [PURCHASE ORDER] PURCHASE ORDER : detailPODataGridView_CellValueChanged [productID]
[ADMIN] [1/27/2017 23:24] [PURCHASE ORDER] updateSomeRowsContent, PRODUCT_BASE_PRICE [10]
[ADMIN] [1/27/2017 23:24] [PURCHASE ORDER] PURCHASE ORDER : detailPODataGridView_CellValueChanged [HPP]
[ADMIN] [1/27/2017 23:24] [PURCHASE ORDER] PURCHASE ORDER : detailPODataGridView_CellValueChanged [subTotal]
[ADMIN] [1/27/2017 23:24] [PURCHASE ORDER] PURCHASE ORDER : detailPODataGridView_CellValueChanged [subTotal]
[ADMIN] [1/27/2017 23:24] [PURCHASE ORDER] updateSomeRowsContent, attempt to calculate total
[ADMIN] [1/27/2017 23:24] [PURCHASE ORDER] PURCHASE ORDER : detailPODataGridView_CellValueChanged [qty]
[ADMIN] [1/27/2017 23:24] [PURCHASE ORDER] PURCHASE ORDER : detailPODataGridView_CellValueChanged [subTotal]
[ADMIN] [1/27/2017 23:24] [PURCHASE ORDER] PURCHASE ORDER : detailPODataGridView_CellValueChanged [qty]
[ADMIN] [1/27/2017 23:24] [PURCHASE ORDER] PURCHASE ORDER : detailPODataGridView_CellValueChanged [subTotal]
[ADMIN] [1/27/2017 23:24] [PURCHASE ORDER] PURCHASE ORDER : detailPODataGridView_CellValueChanged [qty]
[ADMIN] [1/27/2017 23:24] [PURCHASE ORDER] PURCHASE ORDER : detailPODataGridView_CellValueChanged [qty]
[ADMIN] [1/27/2017 23:24] [PURCHASE ORDER] PURCHASE ORDER : detailPODataGridView_CellValueChanged [qty]
[ADMIN] [1/27/2017 23:24] [PURCHASE ORDER] PURCHASE ORDER : detailPODataGridView_CellValueChanged [qty]
[ADMIN] [1/27/2017 23:24] [PURCHASE ORDER] PURCHASE ORDER : detailPODataGridView_CellValueChanged [HPP]
[ADMIN] [1/27/2017 23:24] [PURCHASE ORDER] PURCHASE ORDER : detailPODataGridView_CellValueChanged [subTotal]
[ADMIN] [1/27/2017 23:24] [PURCHASE ORDER] PURCHASE ORDER : detailPODataGridView_CellValueChanged [HPP]
[ADMIN] [1/27/2017 23:24] [PURCHASE ORDER] PURCHASE ORDER : detailPODataGridView_CellValueChanged [subTotal]
[ADMIN] [1/27/2017 23:24] [PURCHASE ORDER] PURCHASE ORDER : detailPODataGridView_CellValueChanged [qty]
[ADMIN] [1/27/2017 23:24] [PURCHASE ORDER] PURCHASE ORDER : detailPODataGridView_CellValueChanged [subTotal]
[ADMIN] [1/27/2017 23:24] [PURCHASE ORDER] PURCHASE ORDER : detailPODataGridView_CellValueChanged [qty]
[ADMIN] [1/27/2017 23:24] [PURCHASE ORDER] PURCHASE ORDER : detailPODataGridView_CellValueChanged [subTotal]
[ADMIN] [1/27/2017 23:24] [PURCHASE ORDER] PURCHASE ORDER : detailPODataGridView_CellValueChanged [qty]
[ADMIN] [1/27/2017 23:24] [PURCHASE ORDER] PURCHASE ORDER : detailPODataGridView_CellValueChanged [subTotal]
[ADMIN] [1/27/2017 23:24] [PURCHASE ORDER] PURCHASE ORDER : detailPODataGridView_CellValueChanged [qty]
[ADMIN] [1/27/2017 23:24] [PURCHASE ORDER] PURCHASE ORDER : detailPODataGridView_CellValueChanged [subTotal]
[ADMIN] [1/27/2017 23:24] [PURCHASE ORDER] PURCHASE ORDER : detailPODataGridView_CellValueChanged [qty]
[ADMIN] [1/27/2017 23:24] [PURCHASE ORDER] PURCHASE ORDER : detailPODataGridView_CellValueChanged [subTotal]
[ADMIN] [1/27/2017 23:24] [PURCHASE ORDER] PURCHASE ORDER : detailPODataGridView_CellValueChanged [qty]
[ADMIN] [1/27/2017 23:24] [PURCHASE ORDER] PURCHASE ORDER : detailPODataGridView_CellValueChanged [subTotal]
[ADMIN] [1/27/2017 23:27] [PURCHASE ORDER] PURCHASE ORDER : detailPODataGridView_CellValueChanged [productName]
[ADMIN] [1/27/2017 23:27] [PURCHASE ORDER] PURCHASE ORDER : detailPODataGridView_CellValueChanged [productName]
[ADMIN] [1/27/2017 23:27] [PURCHASE ORDER] PURCHASE ORDER : detailPODataGridView_CellValueChanged [HPP]
[ADMIN] [1/27/2017 23:27] [PURCHASE ORDER] PURCHASE ORDER : detailPODataGridView_CellValueChanged [subTotal]
[ADMIN] [1/27/2017 23:27] [PURCHASE ORDER] PURCHASE ORDER : detailPODataGridView_CellValueChanged [qty]
[ADMIN] [1/27/2017 23:27] [PURCHASE ORDER] PURCHASE ORDER : detailPODataGridView_CellValueChanged [productName]
[ADMIN] [1/27/2017 23:27] [PURCHASE ORDER] PURCHASE ORDER : detailPODataGridView_CellValueChanged [productName]
[ADMIN] [1/27/2017 23:27] [PURCHASE ORDER] PURCHASE ORDER : detailPODataGridView_CellValueChanged [productName]
[ADMIN] [1/27/2017 23:27] [PURCHASE ORDER] PURCHASE ORDER : detailPODataGridView_CellValueChanged [productName]
[ADMIN] [1/27/2017 23:27] [PURCHASE ORDER] PURCHASE ORDER : detailPODataGridView_CellValueChanged [productName]
[ADMIN] [1/27/2017 23:27] [PURCHASE ORDER] PURCHASE ORDER : detailPODataGridView_CellValueChanged [productID]
[ADMIN] [1/27/2017 23:27] [PURCHASE ORDER] updateSomeRowsContent, PRODUCT_BASE_PRICE [11]
[ADMIN] [1/27/2017 23:27] [PURCHASE ORDER] PURCHASE ORDER : detailPODataGridView_CellValueChanged [HPP]
[ADMIN] [1/27/2017 23:27] [PURCHASE ORDER] PURCHASE ORDER : detailPODataGridView_CellValueChanged [qty]
[ADMIN] [1/27/2017 23:27] [PURCHASE ORDER] PURCHASE ORDER : detailPODataGridView_CellValueChanged [subTotal]
[ADMIN] [1/27/2017 23:27] [PURCHASE ORDER] updateSomeRowsContent, attempt to calculate total
[ADMIN] [1/27/2017 23:27] [PURCHASE ORDER] PURCHASE ORDER : detailPODataGridView_CellValueChanged [productName]
[ADMIN] [1/27/2017 23:27] [PURCHASE ORDER] PURCHASE ORDER : detailPODataGridView_CellValueChanged [productName]
[ADMIN] [1/27/2017 23:27] [PURCHASE ORDER] PURCHASE ORDER : detailPODataGridView_CellValueChanged [HPP]
[ADMIN] [1/27/2017 23:27] [PURCHASE ORDER] PURCHASE ORDER : detailPODataGridView_CellValueChanged [subTotal]
[ADMIN] [1/27/2017 23:27] [PURCHASE ORDER] PURCHASE ORDER : detailPODataGridView_CellValueChanged [qty]
[ADMIN] [1/27/2017 23:27] [PURCHASE ORDER] PURCHASE ORDER : detailPODataGridView_CellValueChanged [productName]
[ADMIN] [1/27/2017 23:27] [PURCHASE ORDER] PURCHASE ORDER : detailPODataGridView_CellValueChanged [productName]
[ADMIN] [1/27/2017 23:27] [PURCHASE ORDER] PURCHASE ORDER : detailPODataGridView_CellValueChanged [productName]
[ADMIN] [1/27/2017 23:27] [PURCHASE ORDER] PURCHASE ORDER : detailPODataGridView_CellValueChanged [productName]
[ADMIN] [1/27/2017 23:27] [PURCHASE ORDER] PURCHASE ORDER : detailPODataGridView_CellValueChanged [productName]
[ADMIN] [1/27/2017 23:27] [PURCHASE ORDER] PURCHASE ORDER : detailPODataGridView_CellValueChanged [productName]
[ADMIN] [1/27/2017 23:27] [PURCHASE ORDER] PURCHASE ORDER : detailPODataGridView_CellValueChanged [productName]
[ADMIN] [1/27/2017 23:27] [PURCHASE ORDER] PURCHASE ORDER : detailPODataGridView_CellValueChanged [productName]
[ADMIN] [1/27/2017 23:27] [PURCHASE ORDER] PURCHASE ORDER : detailPODataGridView_CellValueChanged [productName]
[ADMIN] [1/27/2017 23:27] [PURCHASE ORDER] PURCHASE ORDER : detailPODataGridView_CellValueChanged [productName]
[ADMIN] [1/27/2017 23:27] [PURCHASE ORDER] PURCHASE ORDER : detailPODataGridView_CellValueChanged [productName]
[ADMIN] [1/27/2017 23:27] [PURCHASE ORDER] PURCHASE ORDER : detailPODataGridView_CellValueChanged [productName]
[ADMIN] [1/27/2017 23:27] [PURCHASE ORDER] PURCHASE ORDER : detailPODataGridView_CellValueChanged [productName]
[ADMIN] [1/27/2017 23:27] [PURCHASE ORDER] PURCHASE ORDER : detailPODataGridView_CellValueChanged [productName]
[ADMIN] [1/27/2017 23:27] [PURCHASE ORDER] PURCHASE ORDER : detailPODataGridView_CellValueChanged [productName]
[ADMIN] [1/27/2017 23:27] [PURCHASE ORDER] PURCHASE ORDER : detailPODataGridView_CellValueChanged [productName]
[ADMIN] [1/27/2017 23:27] [PURCHASE ORDER] PURCHASE ORDER : detailPODataGridView_CellValueChanged [productName]
[ADMIN] [1/27/2017 23:27] [PURCHASE ORDER] PURCHASE ORDER : detailPODataGridView_CellValueChanged [productName]
[ADMIN] [1/27/2017 23:27] [PURCHASE ORDER] PURCHASE ORDER : detailPODataGridView_CellValueChanged [productID]
[ADMIN] [1/27/2017 23:27] [PURCHASE ORDER] updateSomeRowsContent, PRODUCT_BASE_PRICE [1]
[ADMIN] [1/27/2017 23:27] [PURCHASE ORDER] PURCHASE ORDER : detailPODataGridView_CellValueChanged [HPP]
[ADMIN] [1/27/2017 23:27] [PURCHASE ORDER] PURCHASE ORDER : detailPODataGridView_CellValueChanged [qty]
[ADMIN] [1/27/2017 23:27] [PURCHASE ORDER] PURCHASE ORDER : detailPODataGridView_CellValueChanged [subTotal]
[ADMIN] [1/27/2017 23:27] [PURCHASE ORDER] updateSomeRowsContent, attempt to calculate total
[ADMIN] [1/27/2017 23:27] [PURCHASE ORDER] PURCHASE ORDER : detailPODataGridView_CellValueChanged [productName]
[ADMIN] [1/27/2017 23:27] [PURCHASE ORDER] PURCHASE ORDER : detailPODataGridView_CellValueChanged [productID]
[ADMIN] [1/27/2017 23:27] [PURCHASE ORDER] updateSomeRowsContent, PRODUCT_BASE_PRICE [11]
[ADMIN] [1/27/2017 23:27] [PURCHASE ORDER] PURCHASE ORDER : detailPODataGridView_CellValueChanged [HPP]
[ADMIN] [1/27/2017 23:27] [PURCHASE ORDER] PURCHASE ORDER : detailPODataGridView_CellValueChanged [subTotal]
[ADMIN] [1/27/2017 23:27] [PURCHASE ORDER] PURCHASE ORDER : detailPODataGridView_CellValueChanged [subTotal]
[ADMIN] [1/27/2017 23:27] [PURCHASE ORDER] updateSomeRowsContent, attempt to calculate total
[ADMIN] [1/27/2017 23:27] [PURCHASE ORDER] PURCHASE ORDER : detailPODataGridView_CellValueChanged [productName]
[ADMIN] [1/27/2017 23:27] [PURCHASE ORDER] PURCHASE ORDER : detailPODataGridView_CellValueChanged [productName]
[ADMIN] [1/27/2017 23:27] [PURCHASE ORDER] PURCHASE ORDER : detailPODataGridView_CellValueChanged [HPP]
[ADMIN] [1/27/2017 23:27] [PURCHASE ORDER] PURCHASE ORDER : detailPODataGridView_CellValueChanged [subTotal]
[ADMIN] [1/27/2017 23:27] [PURCHASE ORDER] PURCHASE ORDER : detailPODataGridView_CellValueChanged [qty]
[ADMIN] [1/27/2017 23:27] [PURCHASE ORDER] PURCHASE ORDER : detailPODataGridView_CellValueChanged [productName]
[ADMIN] [1/27/2017 23:28] [PURCHASE ORDER] PURCHASE ORDER : detailPODataGridView_CellValueChanged [productName]
[ADMIN] [1/27/2017 23:28] [PURCHASE ORDER] PURCHASE ORDER : detailPODataGridView_CellValueChanged [productID]
[ADMIN] [1/27/2017 23:28] [PURCHASE ORDER] updateSomeRowsContent, PRODUCT_BASE_PRICE [1]
[ADMIN] [1/27/2017 23:28] [PURCHASE ORDER] PURCHASE ORDER : detailPODataGridView_CellValueChanged [HPP]
[ADMIN] [1/27/2017 23:28] [PURCHASE ORDER] PURCHASE ORDER : detailPODataGridView_CellValueChanged [qty]
[ADMIN] [1/27/2017 23:28] [PURCHASE ORDER] PURCHASE ORDER : detailPODataGridView_CellValueChanged [subTotal]
[ADMIN] [1/27/2017 23:28] [PURCHASE ORDER] updateSomeRowsContent, attempt to calculate total
[ADMIN] [1/27/2017 23:28] [PURCHASE ORDER] PURCHASE ORDER : detailPODataGridView_CellValueChanged [productName]
[ADMIN] [1/27/2017 23:28] [PURCHASE ORDER] PURCHASE ORDER : detailPODataGridView_CellValueChanged [productID]
[ADMIN] [1/27/2017 23:28] [PURCHASE ORDER] updateSomeRowsContent, PRODUCT_BASE_PRICE [10]
[ADMIN] [1/27/2017 23:28] [PURCHASE ORDER] PURCHASE ORDER : detailPODataGridView_CellValueChanged [HPP]
[ADMIN] [1/27/2017 23:28] [PURCHASE ORDER] PURCHASE ORDER : detailPODataGridView_CellValueChanged [subTotal]
[ADMIN] [1/27/2017 23:28] [PURCHASE ORDER] PURCHASE ORDER : detailPODataGridView_CellValueChanged [subTotal]
[ADMIN] [1/27/2017 23:28] [PURCHASE ORDER] updateSomeRowsContent, attempt to calculate total
[ADMIN] [1/27/2017 23:28] [PURCHASE ORDER] PURCHASE ORDER : detailPODataGridView_CellValueChanged [productName]
[ADMIN] [1/27/2017 23:28] [PURCHASE ORDER] PURCHASE ORDER : detailPODataGridView_CellValueChanged [productID]
[ADMIN] [1/27/2017 23:28] [PURCHASE ORDER] updateSomeRowsContent, PRODUCT_BASE_PRICE [1]
[ADMIN] [1/27/2017 23:28] [PURCHASE ORDER] PURCHASE ORDER : detailPODataGridView_CellValueChanged [HPP]
[ADMIN] [1/27/2017 23:28] [PURCHASE ORDER] PURCHASE ORDER : detailPODataGridView_CellValueChanged [subTotal]
[ADMIN] [1/27/2017 23:28] [PURCHASE ORDER] PURCHASE ORDER : detailPODataGridView_CellValueChanged [subTotal]
[ADMIN] [1/27/2017 23:28] [PURCHASE ORDER] updateSomeRowsContent, attempt to calculate total
[ADMIN] [1/27/2017 23:28] [PURCHASE ORDER] PURCHASE ORDER : detailPODataGridView_CellValueChanged [productName]
[ADMIN] [1/27/2017 23:28] [PURCHASE ORDER] PURCHASE ORDER : detailPODataGridView_CellValueChanged [productID]
[ADMIN] [1/27/2017 23:28] [PURCHASE ORDER] updateSomeRowsContent, PRODUCT_BASE_PRICE [11]
[ADMIN] [1/27/2017 23:28] [PURCHASE ORDER] PURCHASE ORDER : detailPODataGridView_CellValueChanged [HPP]
[ADMIN] [1/27/2017 23:28] [PURCHASE ORDER] PURCHASE ORDER : detailPODataGridView_CellValueChanged [subTotal]
[ADMIN] [1/27/2017 23:28] [PURCHASE ORDER] PURCHASE ORDER : detailPODataGridView_CellValueChanged [subTotal]
[ADMIN] [1/27/2017 23:28] [PURCHASE ORDER] updateSomeRowsContent, attempt to calculate total
[ADMIN] [1/27/2017 23:28] [PURCHASE ORDER] PURCHASE ORDER : detailPODataGridView_CellValueChanged [productName]
[ADMIN] [1/27/2017 23:28] [PURCHASE ORDER] PURCHASE ORDER : detailPODataGridView_CellValueChanged [productID]
[ADMIN] [1/27/2017 23:28] [PURCHASE ORDER] updateSomeRowsContent, PRODUCT_BASE_PRICE [1]
[ADMIN] [1/27/2017 23:28] [PURCHASE ORDER] PURCHASE ORDER : detailPODataGridView_CellValueChanged [HPP]
[ADMIN] [1/27/2017 23:28] [PURCHASE ORDER] PURCHASE ORDER : detailPODataGridView_CellValueChanged [subTotal]
[ADMIN] [1/27/2017 23:28] [PURCHASE ORDER] PURCHASE ORDER : detailPODataGridView_CellValueChanged [subTotal]
[ADMIN] [1/27/2017 23:28] [PURCHASE ORDER] updateSomeRowsContent, attempt to calculate total
[ADMIN] [1/27/2017 23:28] [PURCHASE ORDER] PURCHASE ORDER : detailPODataGridView_CellValueChanged [productName]
[ADMIN] [1/27/2017 23:28] [PURCHASE ORDER] PURCHASE ORDER : detailPODataGridView_CellValueChanged [productID]
[ADMIN] [1/27/2017 23:28] [PURCHASE ORDER] updateSomeRowsContent, PRODUCT_BASE_PRICE [11]
[ADMIN] [1/27/2017 23:28] [PURCHASE ORDER] PURCHASE ORDER : detailPODataGridView_CellValueChanged [HPP]
[ADMIN] [1/27/2017 23:28] [PURCHASE ORDER] PURCHASE ORDER : detailPODataGridView_CellValueChanged [subTotal]
[ADMIN] [1/27/2017 23:28] [PURCHASE ORDER] PURCHASE ORDER : detailPODataGridView_CellValueChanged [subTotal]
[ADMIN] [1/27/2017 23:28] [PURCHASE ORDER] updateSomeRowsContent, attempt to calculate total
[ADMIN] [1/27/2017 23:28] [PURCHASE ORDER] PURCHASE ORDER : detailPODataGridView_CellValueChanged [productName]
[ADMIN] [1/27/2017 23:28] [PURCHASE ORDER] PURCHASE ORDER : detailPODataGridView_CellValueChanged [productID]
[ADMIN] [1/27/2017 23:28] [PURCHASE ORDER] updateSomeRowsContent, PRODUCT_BASE_PRICE [1]
[ADMIN] [1/27/2017 23:28] [PURCHASE ORDER] PURCHASE ORDER : detailPODataGridView_CellValueChanged [HPP]
[ADMIN] [1/27/2017 23:28] [PURCHASE ORDER] PURCHASE ORDER : detailPODataGridView_CellValueChanged [subTotal]
[ADMIN] [1/27/2017 23:28] [PURCHASE ORDER] PURCHASE ORDER : detailPODataGridView_CellValueChanged [subTotal]
[ADMIN] [1/27/2017 23:28] [PURCHASE ORDER] updateSomeRowsContent, attempt to calculate total
[ADMIN] [1/27/2017 23:28] [PURCHASE ORDER] PURCHASE ORDER : detailPODataGridView_CellValueChanged [productName]
[ADMIN] [1/27/2017 23:28] [PURCHASE ORDER] PURCHASE ORDER : detailPODataGridView_CellValueChanged [productID]
[ADMIN] [1/27/2017 23:28] [PURCHASE ORDER] updateSomeRowsContent, PRODUCT_BASE_PRICE [10]
[ADMIN] [1/27/2017 23:28] [PURCHASE ORDER] PURCHASE ORDER : detailPODataGridView_CellValueChanged [HPP]
[ADMIN] [1/27/2017 23:28] [PURCHASE ORDER] PURCHASE ORDER : detailPODataGridView_CellValueChanged [subTotal]
[ADMIN] [1/27/2017 23:28] [PURCHASE ORDER] PURCHASE ORDER : detailPODataGridView_CellValueChanged [subTotal]
[ADMIN] [1/27/2017 23:28] [PURCHASE ORDER] updateSomeRowsContent, attempt to calculate total
[ADMIN] [1/27/2017 23:28] [PURCHASE ORDER] PURCHASE ORDER : detailPODataGridView_CellValueChanged [productName]
[ADMIN] [1/27/2017 23:28] [PURCHASE ORDER] PURCHASE ORDER : detailPODataGridView_CellValueChanged [productID]
[ADMIN] [1/27/2017 23:28] [PURCHASE ORDER] updateSomeRowsContent, PRODUCT_BASE_PRICE [10]
[ADMIN] [1/27/2017 23:28] [PURCHASE ORDER] updateSomeRowsContent, attempt to calculate total
[ADMIN] [1/27/2017 23:28] [PURCHASE ORDER] PURCHASE ORDER : detailPODataGridView_CellValueChanged [productName]
[ADMIN] [1/27/2017 23:28] [PURCHASE ORDER] PURCHASE ORDER : detailPODataGridView_CellValueChanged [productID]
[ADMIN] [1/27/2017 23:28] [PURCHASE ORDER] updateSomeRowsContent, PRODUCT_BASE_PRICE [10]
[ADMIN] [1/27/2017 23:28] [PURCHASE ORDER] updateSomeRowsContent, attempt to calculate total
[ADMIN] [1/27/2017 23:28] [PURCHASE ORDER] PURCHASE ORDER : detailPODataGridView_CellValueChanged [productName]
[ADMIN] [1/27/2017 23:28] [PURCHASE ORDER] PURCHASE ORDER : detailPODataGridView_CellValueChanged [productName]
[ADMIN] [1/27/2017 23:28] [PURCHASE ORDER] PURCHASE ORDER : detailPODataGridView_CellValueChanged [HPP]
[ADMIN] [1/27/2017 23:28] [PURCHASE ORDER] PURCHASE ORDER : detailPODataGridView_CellValueChanged [subTotal]
[ADMIN] [1/27/2017 23:28] [PURCHASE ORDER] PURCHASE ORDER : detailPODataGridView_CellValueChanged [qty]
[ADMIN] [1/27/2017 23:28] [PURCHASE ORDER] PURCHASE ORDER : detailPODataGridView_CellValueChanged [productName]
[ADMIN] [1/27/2017 23:28] [PURCHASE ORDER] PURCHASE ORDER : detailPODataGridView_CellValueChanged [productName]
[ADMIN] [1/27/2017 23:28] [PURCHASE ORDER] PURCHASE ORDER : detailPODataGridView_CellValueChanged [productName]
[ADMIN] [1/27/2017 23:28] [PURCHASE ORDER] PURCHASE ORDER : detailPODataGridView_CellValueChanged [productName]
[ADMIN] [1/27/2017 23:28] [PURCHASE ORDER] PURCHASE ORDER : detailPODataGridView_CellValueChanged [productName]
[ADMIN] [1/27/2017 23:28] [PURCHASE ORDER] PURCHASE ORDER : detailPODataGridView_CellValueChanged [productID]
[ADMIN] [1/27/2017 23:28] [PURCHASE ORDER] updateSomeRowsContent, PRODUCT_BASE_PRICE [11]
[ADMIN] [1/27/2017 23:28] [PURCHASE ORDER] PURCHASE ORDER : detailPODataGridView_CellValueChanged [HPP]
[ADMIN] [1/27/2017 23:28] [PURCHASE ORDER] PURCHASE ORDER : detailPODataGridView_CellValueChanged [qty]
[ADMIN] [1/27/2017 23:28] [PURCHASE ORDER] PURCHASE ORDER : detailPODataGridView_CellValueChanged [subTotal]
[ADMIN] [1/27/2017 23:28] [PURCHASE ORDER] updateSomeRowsContent, attempt to calculate total
[ADMIN] [1/27/2017 23:28] [PURCHASE ORDER] PURCHASE ORDER : detailPODataGridView_CellValueChanged [productName]
[ADMIN] [1/27/2017 23:28] [PURCHASE ORDER] PURCHASE ORDER : detailPODataGridView_CellValueChanged [productID]
[ADMIN] [1/27/2017 23:28] [PURCHASE ORDER] updateSomeRowsContent, PRODUCT_BASE_PRICE [1]
[ADMIN] [1/27/2017 23:28] [PURCHASE ORDER] PURCHASE ORDER : detailPODataGridView_CellValueChanged [HPP]
[ADMIN] [1/27/2017 23:28] [PURCHASE ORDER] PURCHASE ORDER : detailPODataGridView_CellValueChanged [subTotal]
[ADMIN] [1/27/2017 23:28] [PURCHASE ORDER] PURCHASE ORDER : detailPODataGridView_CellValueChanged [subTotal]
[ADMIN] [1/27/2017 23:28] [PURCHASE ORDER] updateSomeRowsContent, attempt to calculate total
[ADMIN] [1/27/2017 23:28] [PURCHASE ORDER] PURCHASE ORDER : detailPODataGridView_CellValueChanged [productName]
[ADMIN] [1/27/2017 23:28] [PURCHASE ORDER] PURCHASE ORDER : detailPODataGridView_CellValueChanged [productID]
[ADMIN] [1/27/2017 23:28] [PURCHASE ORDER] updateSomeRowsContent, PRODUCT_BASE_PRICE [10]
[ADMIN] [1/27/2017 23:28] [PURCHASE ORDER] PURCHASE ORDER : detailPODataGridView_CellValueChanged [HPP]
[ADMIN] [1/27/2017 23:28] [PURCHASE ORDER] PURCHASE ORDER : detailPODataGridView_CellValueChanged [subTotal]
[ADMIN] [1/27/2017 23:28] [PURCHASE ORDER] PURCHASE ORDER : detailPODataGridView_CellValueChanged [subTotal]
[ADMIN] [1/27/2017 23:28] [PURCHASE ORDER] updateSomeRowsContent, attempt to calculate total
[ADMIN] [1/27/2017 23:28] [PURCHASE ORDER] PURCHASE ORDER : detailPODataGridView_CellValueChanged [productName]
[ADMIN] [1/27/2017 23:28] [PURCHASE ORDER] PURCHASE ORDER : detailPODataGridView_CellValueChanged [productID]
[ADMIN] [1/27/2017 23:28] [PURCHASE ORDER] updateSomeRowsContent, PRODUCT_BASE_PRICE [10]
[ADMIN] [1/27/2017 23:28] [PURCHASE ORDER] updateSomeRowsContent, attempt to calculate total
[ADMIN] [1/27/2017 23:28] [PURCHASE ORDER] PURCHASE ORDER : detailPODataGridView_CellValueChanged [productName]
[ADMIN] [1/27/2017 23:28] [PURCHASE ORDER] PURCHASE ORDER : detailPODataGridView_CellValueChanged [productID]
[ADMIN] [1/27/2017 23:28] [PURCHASE ORDER] updateSomeRowsContent, PRODUCT_BASE_PRICE [10]
[ADMIN] [1/27/2017 23:28] [PURCHASE ORDER] updateSomeRowsContent, attempt to calculate total
[ADMIN] [1/27/2017 23:28] [PURCHASE ORDER] PURCHASE ORDER : detailPODataGridView_CellValueChanged [productName]
[ADMIN] [1/27/2017 23:28] [PURCHASE ORDER] PURCHASE ORDER : detailPODataGridView_CellValueChanged [productID]
[ADMIN] [1/27/2017 23:28] [PURCHASE ORDER] updateSomeRowsContent, PRODUCT_BASE_PRICE [28000]
[ADMIN] [1/27/2017 23:28] [PURCHASE ORDER] PURCHASE ORDER : detailPODataGridView_CellValueChanged [HPP]
[ADMIN] [1/27/2017 23:28] [PURCHASE ORDER] PURCHASE ORDER : detailPODataGridView_CellValueChanged [subTotal]
[ADMIN] [1/27/2017 23:28] [PURCHASE ORDER] PURCHASE ORDER : detailPODataGridView_CellValueChanged [subTotal]
[ADMIN] [1/27/2017 23:28] [PURCHASE ORDER] updateSomeRowsContent, attempt to calculate total
[ADMIN] [1/27/2017 23:28] [PURCHASE ORDER] PURCHASE ORDER : detailPODataGridView_CellValueChanged [productName]
[ADMIN] [1/27/2017 23:28] [PURCHASE ORDER] PURCHASE ORDER : detailPODataGridView_CellValueChanged [productID]
[ADMIN] [1/27/2017 23:28] [PURCHASE ORDER] updateSomeRowsContent, PRODUCT_BASE_PRICE [10]
[ADMIN] [1/27/2017 23:28] [PURCHASE ORDER] PURCHASE ORDER : detailPODataGridView_CellValueChanged [HPP]
[ADMIN] [1/27/2017 23:28] [PURCHASE ORDER] PURCHASE ORDER : detailPODataGridView_CellValueChanged [subTotal]
[ADMIN] [1/27/2017 23:28] [PURCHASE ORDER] PURCHASE ORDER : detailPODataGridView_CellValueChanged [subTotal]
[ADMIN] [1/27/2017 23:28] [PURCHASE ORDER] updateSomeRowsContent, attempt to calculate total
[ADMIN] [1/27/2017 23:28] [PURCHASE ORDER] PURCHASE ORDER : detailPODataGridView_CellValueChanged [productName]
[ADMIN] [1/27/2017 23:28] [PURCHASE ORDER] PURCHASE ORDER : detailPODataGridView_CellValueChanged [productID]
[ADMIN] [1/27/2017 23:28] [PURCHASE ORDER] updateSomeRowsContent, PRODUCT_BASE_PRICE [28000]
[ADMIN] [1/27/2017 23:28] [PURCHASE ORDER] PURCHASE ORDER : detailPODataGridView_CellValueChanged [HPP]
[ADMIN] [1/27/2017 23:28] [PURCHASE ORDER] PURCHASE ORDER : detailPODataGridView_CellValueChanged [subTotal]
[ADMIN] [1/27/2017 23:28] [PURCHASE ORDER] PURCHASE ORDER : detailPODataGridView_CellValueChanged [subTotal]
[ADMIN] [1/27/2017 23:28] [PURCHASE ORDER] updateSomeRowsContent, attempt to calculate total
[ADMIN] [1/27/2017 23:28] [PURCHASE ORDER] PURCHASE ORDER : detailPODataGridView_CellValueChanged [productName]
[ADMIN] [1/27/2017 23:28] [PURCHASE ORDER] PURCHASE ORDER : detailPODataGridView_CellValueChanged [productID]
[ADMIN] [1/27/2017 23:28] [PURCHASE ORDER] updateSomeRowsContent, PRODUCT_BASE_PRICE [10]
[ADMIN] [1/27/2017 23:28] [PURCHASE ORDER] PURCHASE ORDER : detailPODataGridView_CellValueChanged [HPP]
[ADMIN] [1/27/2017 23:28] [PURCHASE ORDER] PURCHASE ORDER : detailPODataGridView_CellValueChanged [subTotal]
[ADMIN] [1/27/2017 23:28] [PURCHASE ORDER] PURCHASE ORDER : detailPODataGridView_CellValueChanged [subTotal]
[ADMIN] [1/27/2017 23:28] [PURCHASE ORDER] updateSomeRowsContent, attempt to calculate total
[ADMIN] [1/27/2017 23:28] [PURCHASE ORDER] PURCHASE ORDER : detailPODataGridView_CellValueChanged [productName]
[ADMIN] [1/27/2017 23:28] [PURCHASE ORDER] PURCHASE ORDER : detailPODataGridView_CellValueChanged [productID]
[ADMIN] [1/27/2017 23:28] [PURCHASE ORDER] updateSomeRowsContent, PRODUCT_BASE_PRICE [10]
[ADMIN] [1/27/2017 23:28] [PURCHASE ORDER] updateSomeRowsContent, attempt to calculate total
[ADMIN] [1/27/2017 23:28] [PURCHASE ORDER] PURCHASE ORDER : detailPODataGridView_CellValueChanged [productName]
[ADMIN] [1/27/2017 23:28] [PURCHASE ORDER] PURCHASE ORDER : detailPODataGridView_CellValueChanged [productID]
[ADMIN] [1/27/2017 23:28] [PURCHASE ORDER] updateSomeRowsContent, PRODUCT_BASE_PRICE [10]
[ADMIN] [1/27/2017 23:28] [PURCHASE ORDER] updateSomeRowsContent, attempt to calculate total
[ADMIN] [1/27/2017 23:28] [PURCHASE ORDER] PURCHASE ORDER : detailPODataGridView_CellValueChanged [productName]
[ADMIN] [1/27/2017 23:28] [PURCHASE ORDER] PURCHASE ORDER : detailPODataGridView_CellValueChanged [productID]
[ADMIN] [1/27/2017 23:28] [PURCHASE ORDER] updateSomeRowsContent, PRODUCT_BASE_PRICE [1]
[ADMIN] [1/27/2017 23:28] [PURCHASE ORDER] PURCHASE ORDER : detailPODataGridView_CellValueChanged [HPP]
[ADMIN] [1/27/2017 23:28] [PURCHASE ORDER] PURCHASE ORDER : detailPODataGridView_CellValueChanged [subTotal]
[ADMIN] [1/27/2017 23:28] [PURCHASE ORDER] PURCHASE ORDER : detailPODataGridView_CellValueChanged [subTotal]
[ADMIN] [1/27/2017 23:28] [PURCHASE ORDER] updateSomeRowsContent, attempt to calculate total
[ADMIN] [1/27/2017 23:28] [PURCHASE ORDER] PURCHASE ORDER : detailPODataGridView_CellValueChanged [productName]
[ADMIN] [1/27/2017 23:28] [PURCHASE ORDER] PURCHASE ORDER : detailPODataGridView_CellValueChanged [productID]
[ADMIN] [1/27/2017 23:28] [PURCHASE ORDER] updateSomeRowsContent, PRODUCT_BASE_PRICE [11]
[ADMIN] [1/27/2017 23:28] [PURCHASE ORDER] PURCHASE ORDER : detailPODataGridView_CellValueChanged [HPP]
[ADMIN] [1/27/2017 23:28] [PURCHASE ORDER] PURCHASE ORDER : detailPODataGridView_CellValueChanged [subTotal]
[ADMIN] [1/27/2017 23:28] [PURCHASE ORDER] PURCHASE ORDER : detailPODataGridView_CellValueChanged [subTotal]
[ADMIN] [1/27/2017 23:28] [PURCHASE ORDER] updateSomeRowsContent, attempt to calculate total
[ADMIN] [1/27/2017 23:28] [PURCHASE ORDER] PURCHASE ORDER : detailPODataGridView_CellValueChanged [qty]
[ADMIN] [1/27/2017 23:28] [PURCHASE ORDER] PURCHASE ORDER : detailPODataGridView_CellValueChanged [subTotal]
[ADMIN] [1/27/2017 23:28] [PURCHASE ORDER] PURCHASE ORDER : detailPODataGridView_CellValueChanged [qty]
[ADMIN] [1/27/2017 23:28] [PURCHASE ORDER] PURCHASE ORDER : detailPODataGridView_CellValueChanged [subTotal]
[ADMIN] [1/27/2017 23:28] [PURCHASE ORDER] ATTEMPT TO SAVE DATA
[ADMIN] [1/27/2017 23:28] [PURCHASE ORDER] CHECK IF TAX LIMIT SET FOR PERCENTAGE PURCHASE [0]
[ADMIN] [1/27/2017 23:28] [PURCHASE ORDER] CHECK IF TAX LIMIT SET FOR AVERAGE DAILY PURCHASE [0]
[ADMIN] [1/27/2017 23:28] [PURCHASE ORDER] NEW PURCHASE HEADER
[ADMIN] [1/27/2017 23:28] [PURCHASE ORDER] INSERT PURCHASE HEADER DATA [PO-1]
[ADMIN] [1/27/2017 23:28] [PURCHASE ORDER] INSERT DETAIL PURCHASE DATA [105', 11, 22]
[ADMIN] [1/27/2017 23:28] [PURCHASE ORDER] PURCHASE ORDER SAVED
[ADMIN] [1/27/2017 23:28] [PURCHASE ORDER] CHECK IF TAX LIMIT SET FOR PERCENTAGE PURCHASE [0]
[ADMIN] [1/27/2017 23:28] [PURCHASE ORDER] CHECK IF TAX LIMIT SET FOR AVERAGE DAILY PURCHASE [0]
[ADMIN] [1/27/2017 23:28] [PURCHASE ORDER] UPDATE PURCHASE HEADER DATA TO INDICATE PO HAS BEEN PRINTED OUT, THEREFORE UNEDITABLE
[ADMIN] [1/27/2017 23:28] [PURCHASE ORDER] UPDATE FLAG AT PURCHASE HEADER TAX
[ADMIN] [1/27/2017 23:28] [PURCHASE ORDER] PURCHASE ORDER : detailPODataGridView_CellValueChanged [productName]
[ADMIN] [1/27/2017 23:28] [PURCHASE ORDER] PURCHASE ORDER : detailPODataGridView_CellValueChanged [productName]
[ADMIN] [1/27/2017 23:28] [PURCHASE ORDER] PURCHASE ORDER : detailPODataGridView_CellValueChanged [HPP]
[ADMIN] [1/27/2017 23:28] [PURCHASE ORDER] PURCHASE ORDER : detailPODataGridView_CellValueChanged [subTotal]
[ADMIN] [1/27/2017 23:28] [PURCHASE ORDER] PURCHASE ORDER : detailPODataGridView_CellValueChanged [qty]
[ADMIN] [1/27/2017 23:28] [PURCHASE ORDER] PURCHASE ORDER : detailPODataGridView_CellValueChanged [productName]
[ADMIN] [1/27/2017 23:28] [PURCHASE ORDER] PURCHASE ORDER : detailPODataGridView_CellValueChanged [productName]
[ADMIN] [1/27/2017 23:28] [PURCHASE ORDER] PURCHASE ORDER : detailPODataGridView_CellValueChanged [productName]
[ADMIN] [1/27/2017 23:28] [PURCHASE ORDER] PURCHASE ORDER : detailPODataGridView_CellValueChanged [productID]
[ADMIN] [1/27/2017 23:28] [PURCHASE ORDER] updateSomeRowsContent, PRODUCT_BASE_PRICE [11]
[ADMIN] [1/27/2017 23:28] [PURCHASE ORDER] PURCHASE ORDER : detailPODataGridView_CellValueChanged [HPP]
[ADMIN] [1/27/2017 23:28] [PURCHASE ORDER] PURCHASE ORDER : detailPODataGridView_CellValueChanged [qty]
[ADMIN] [1/27/2017 23:28] [PURCHASE ORDER] PURCHASE ORDER : detailPODataGridView_CellValueChanged [subTotal]
[ADMIN] [1/27/2017 23:28] [PURCHASE ORDER] updateSomeRowsContent, attempt to calculate total
[ADMIN] [1/27/2017 23:28] [PURCHASE ORDER] PURCHASE ORDER : detailPODataGridView_CellValueChanged [qty]
[ADMIN] [1/27/2017 23:28] [PURCHASE ORDER] PURCHASE ORDER : detailPODataGridView_CellValueChanged [subTotal]
[ADMIN] [1/27/2017 23:28] [PURCHASE ORDER] PURCHASE ORDER : detailPODataGridView_CellValueChanged [qty]
[ADMIN] [1/27/2017 23:28] [PURCHASE ORDER] PURCHASE ORDER : detailPODataGridView_CellValueChanged [productName]
[ADMIN] [1/27/2017 23:28] [PURCHASE ORDER] PURCHASE ORDER : detailPODataGridView_CellValueChanged [productName]
[ADMIN] [1/27/2017 23:28] [PURCHASE ORDER] PURCHASE ORDER : detailPODataGridView_CellValueChanged [HPP]
[ADMIN] [1/27/2017 23:28] [PURCHASE ORDER] PURCHASE ORDER : detailPODataGridView_CellValueChanged [subTotal]
[ADMIN] [1/27/2017 23:28] [PURCHASE ORDER] PURCHASE ORDER : detailPODataGridView_CellValueChanged [qty]
[ADMIN] [1/27/2017 23:28] [PURCHASE ORDER] PURCHASE ORDER : detailPODataGridView_CellValueChanged [productName]
[ADMIN] [1/27/2017 23:28] [PURCHASE ORDER] PURCHASE ORDER : detailPODataGridView_CellValueChanged [productName]
[ADMIN] [1/27/2017 23:28] [PURCHASE ORDER] PURCHASE ORDER : detailPODataGridView_CellValueChanged [productName]
[ADMIN] [1/27/2017 23:28] [PURCHASE ORDER] PURCHASE ORDER : detailPODataGridView_CellValueChanged [productName]
[ADMIN] [1/27/2017 23:28] [PURCHASE ORDER] PURCHASE ORDER : detailPODataGridView_CellValueChanged [productName]
[ADMIN] [1/27/2017 23:28] [PURCHASE ORDER] PURCHASE ORDER : detailPODataGridView_CellValueChanged [productName]
[ADMIN] [1/27/2017 23:28] [PURCHASE ORDER] PURCHASE ORDER : detailPODataGridView_CellValueChanged [productName]
[ADMIN] [1/27/2017 23:28] [PURCHASE ORDER] PURCHASE ORDER : detailPODataGridView_CellValueChanged [productName]
[ADMIN] [1/27/2017 23:28] [PURCHASE ORDER] PURCHASE ORDER : detailPODataGridView_CellValueChanged [productName]
[ADMIN] [1/27/2017 23:28] [PURCHASE ORDER] PURCHASE ORDER : detailPODataGridView_CellValueChanged [productName]
[ADMIN] [1/27/2017 23:28] [PURCHASE ORDER] PURCHASE ORDER : detailPODataGridView_CellValueChanged [productID]
[ADMIN] [1/27/2017 23:28] [PURCHASE ORDER] updateSomeRowsContent, PRODUCT_BASE_PRICE [137500]
[ADMIN] [1/27/2017 23:28] [PURCHASE ORDER] PURCHASE ORDER : detailPODataGridView_CellValueChanged [HPP]
[ADMIN] [1/27/2017 23:28] [PURCHASE ORDER] PURCHASE ORDER : detailPODataGridView_CellValueChanged [qty]
[ADMIN] [1/27/2017 23:28] [PURCHASE ORDER] PURCHASE ORDER : detailPODataGridView_CellValueChanged [subTotal]
[ADMIN] [1/27/2017 23:28] [PURCHASE ORDER] updateSomeRowsContent, attempt to calculate total
[ADMIN] [1/27/2017 23:28] [PURCHASE ORDER] PURCHASE ORDER : detailPODataGridView_CellValueChanged [productName]
[ADMIN] [1/27/2017 23:28] [PURCHASE ORDER] PURCHASE ORDER : detailPODataGridView_CellValueChanged [productName]
[ADMIN] [1/27/2017 23:28] [PURCHASE ORDER] PURCHASE ORDER : detailPODataGridView_CellValueChanged [HPP]
[ADMIN] [1/27/2017 23:28] [PURCHASE ORDER] PURCHASE ORDER : detailPODataGridView_CellValueChanged [subTotal]
[ADMIN] [1/27/2017 23:28] [PURCHASE ORDER] PURCHASE ORDER : detailPODataGridView_CellValueChanged [qty]
[ADMIN] [1/27/2017 23:28] [PURCHASE ORDER] PURCHASE ORDER : detailPODataGridView_CellValueChanged [productName]
[ADMIN] [1/27/2017 23:28] [PURCHASE ORDER] PURCHASE ORDER : detailPODataGridView_CellValueChanged [productName]
[ADMIN] [1/27/2017 23:28] [PURCHASE ORDER] PURCHASE ORDER : detailPODataGridView_CellValueChanged [productName]
[ADMIN] [1/27/2017 23:28] [PURCHASE ORDER] PURCHASE ORDER : detailPODataGridView_CellValueChanged [productName]
[ADMIN] [1/27/2017 23:28] [PURCHASE ORDER] PURCHASE ORDER : detailPODataGridView_CellValueChanged [productName]
[ADMIN] [1/27/2017 23:28] [PURCHASE ORDER] PURCHASE ORDER : detailPODataGridView_CellValueChanged [productName]
[ADMIN] [1/27/2017 23:28] [PURCHASE ORDER] PURCHASE ORDER : detailPODataGridView_CellValueChanged [productID]
[ADMIN] [1/27/2017 23:28] [PURCHASE ORDER] updateSomeRowsContent, PRODUCT_BASE_PRICE [208500]
[ADMIN] [1/27/2017 23:28] [PURCHASE ORDER] PURCHASE ORDER : detailPODataGridView_CellValueChanged [HPP]
[ADMIN] [1/27/2017 23:28] [PURCHASE ORDER] PURCHASE ORDER : detailPODataGridView_CellValueChanged [qty]
[ADMIN] [1/27/2017 23:28] [PURCHASE ORDER] PURCHASE ORDER : detailPODataGridView_CellValueChanged [subTotal]
[ADMIN] [1/27/2017 23:28] [PURCHASE ORDER] updateSomeRowsContent, attempt to calculate total
[ADMIN] [1/27/2017 23:28] [PURCHASE ORDER] PURCHASE ORDER : detailPODataGridView_CellValueChanged [HPP]
[ADMIN] [1/27/2017 23:28] [PURCHASE ORDER] PURCHASE ORDER : detailPODataGridView_CellValueChanged [subTotal]
[ADMIN] [1/27/2017 23:28] [PURCHASE ORDER] PURCHASE ORDER : detailPODataGridView_CellValueChanged [qty]
[ADMIN] [1/27/2017 23:28] [PURCHASE ORDER] PURCHASE ORDER : detailPODataGridView_CellValueChanged [subTotal]
[ADMIN] [1/27/2017 23:28] [PURCHASE ORDER] PURCHASE ORDER : detailPODataGridView_CellValueChanged [productName]
[ADMIN] [1/27/2017 23:28] [PURCHASE ORDER] PURCHASE ORDER : detailPODataGridView_CellValueChanged [productName]
[ADMIN] [1/27/2017 23:28] [PURCHASE ORDER] PURCHASE ORDER : detailPODataGridView_CellValueChanged [HPP]
[ADMIN] [1/27/2017 23:28] [PURCHASE ORDER] PURCHASE ORDER : detailPODataGridView_CellValueChanged [subTotal]
[ADMIN] [1/27/2017 23:28] [PURCHASE ORDER] PURCHASE ORDER : detailPODataGridView_CellValueChanged [qty]
[ADMIN] [1/27/2017 23:28] [PURCHASE ORDER] PURCHASE ORDER : detailPODataGridView_CellValueChanged [productName]
[ADMIN] [1/27/2017 23:28] [PURCHASE ORDER] PURCHASE ORDER : detailPODataGridView_CellValueChanged [productName]
[ADMIN] [1/27/2017 23:28] [PURCHASE ORDER] PURCHASE ORDER : detailPODataGridView_CellValueChanged [productName]
[ADMIN] [1/27/2017 23:28] [PURCHASE ORDER] PURCHASE ORDER : detailPODataGridView_CellValueChanged [productName]
[ADMIN] [1/27/2017 23:28] [PURCHASE ORDER] PURCHASE ORDER : detailPODataGridView_CellValueChanged [productName]
[ADMIN] [1/27/2017 23:28] [PURCHASE ORDER] PURCHASE ORDER : detailPODataGridView_CellValueChanged [productName]
[ADMIN] [1/27/2017 23:28] [PURCHASE ORDER] PURCHASE ORDER : detailPODataGridView_CellValueChanged [productName]
[ADMIN] [1/27/2017 23:28] [PURCHASE ORDER] PURCHASE ORDER : detailPODataGridView_CellValueChanged [productName]
[ADMIN] [1/27/2017 23:28] [PURCHASE ORDER] PURCHASE ORDER : detailPODataGridView_CellValueChanged [productName]
[ADMIN] [1/27/2017 23:28] [PURCHASE ORDER] PURCHASE ORDER : detailPODataGridView_CellValueChanged [productName]
[ADMIN] [1/27/2017 23:28] [PURCHASE ORDER] PURCHASE ORDER : detailPODataGridView_CellValueChanged [productID]
[ADMIN] [1/27/2017 23:28] [PURCHASE ORDER] updateSomeRowsContent, PRODUCT_BASE_PRICE [11]
[ADMIN] [1/27/2017 23:28] [PURCHASE ORDER] PURCHASE ORDER : detailPODataGridView_CellValueChanged [HPP]
[ADMIN] [1/27/2017 23:28] [PURCHASE ORDER] PURCHASE ORDER : detailPODataGridView_CellValueChanged [qty]
[ADMIN] [1/27/2017 23:28] [PURCHASE ORDER] PURCHASE ORDER : detailPODataGridView_CellValueChanged [subTotal]
[ADMIN] [1/27/2017 23:28] [PURCHASE ORDER] updateSomeRowsContent, attempt to calculate total
[ADMIN] [1/27/2017 23:29] [PURCHASE ORDER] PURCHASE ORDER : detailPODataGridView_CellValueChanged [qty]
[ADMIN] [1/27/2017 23:29] [PURCHASE ORDER] PURCHASE ORDER : detailPODataGridView_CellValueChanged [subTotal]
[ADMIN] [1/27/2017 23:29] [PURCHASE ORDER] PURCHASE ORDER : detailPODataGridView_CellValueChanged [qty]
[ADMIN] [1/27/2017 23:29] [PURCHASE ORDER] PURCHASE ORDER : detailPODataGridView_CellValueChanged [HPP]
[ADMIN] [1/27/2017 23:29] [PURCHASE ORDER] PURCHASE ORDER : detailPODataGridView_CellValueChanged [subTotal]
[ADMIN] [1/27/2017 23:29] [] USER ID = 1LOGOUT
