[] [3/20/2017 14:23] [] USER = ADMIN IS ACTIVE
[ADMIN] [3/20/2017 14:23] [] USER ID = 1 LOGIN SUCCESSFULLY
[ADMIN] [3/20/2017 14:23] [] ACTIVATE USER ACCESS RIGHT
[ADMIN] [3/20/2017 14:23] [] DISPLAY ADMIN FORM
[ADMIN] [3/20/2017 14:23] [] adminForm Load
[] [3/20/2017 14:31] [] USER = ADMIN IS ACTIVE
[ADMIN] [3/20/2017 14:31] [] USER ID = 1 LOGIN SUCCESSFULLY
[ADMIN] [3/20/2017 14:31] [] ACTIVATE USER ACCESS RIGHT
[ADMIN] [3/20/2017 14:31] [] DISPLAY ADMIN FORM
[ADMIN] [3/20/2017 14:31] [] adminForm Load
[ADMIN] [3/20/2017 14:31] [] CREATE DATA GROUP FORM MODULE_ID [51]
[] [3/20/2017 14:33] [] USER = ADMIN IS ACTIVE
[ADMIN] [3/20/2017 14:33] [] USER ID = 1 LOGIN SUCCESSFULLY
[ADMIN] [3/20/2017 14:34] [] ACTIVATE USER ACCESS RIGHT
[ADMIN] [3/20/2017 14:34] [] DISPLAY ADMIN FORM
[ADMIN] [3/20/2017 14:34] [] adminForm Load
[ADMIN] [3/20/2017 14:34] [] CREATE DATA GROUP FORM MODULE_ID [51]
[ADMIN] [3/20/2017 14:34] [] CREATE DATA GROUP ACCESS MODULE FORM, GROUP USER ID [1]
[ADMIN] [3/20/2017 14:34] [] CREATE DATA GROUP FORM MODULE_ID [51]
[ADMIN] [3/20/2017 14:35] [] CREATE DATA GROUP ACCESS MODULE FORM, GROUP USER ID [1]
[ADMIN] [3/20/2017 14:40] [] USER ID = 1LOGOUT
