[] [1/27/2017 13:58] [] USER = ADMIN IS ACTIVE
[ADMIN] [1/27/2017 13:58] [] USER ID = 1 LOGIN SUCCESSFULLY
[ADMIN] [1/27/2017 13:59] [] ACTIVATE USER ACCESS RIGHT
[ADMIN] [1/27/2017 13:59] [] DISPLAY ADMIN FORM
[ADMIN] [1/27/2017 13:59] [] adminForm Load
[ADMIN] [1/27/2017 13:59] [] ACTIVATE USER ACCESS RIGHT
[ADMIN] [1/27/2017 13:59] [SATUAN PRODUK] TRY TO EXPORT STOCK OPNAME TO CSV
[ADMIN] [1/27/2017 13:59] [SATUAN PRODUK] STOCK OPNAME EXPORTED TO CSV[C:\Users\Andri\Desktop\STOCKOPNAME_27012017.csv]
[ADMIN] [1/27/2017 14:00] [PENYESUAIAN STOK] TRY TO DO MANUAL STOCK ADJUSTMENT
[ADMIN] [1/27/2017 14:00] [PENYESUAIAN STOK] UPDATE PRODUCT LOCATION QTY [123]
[ADMIN] [1/27/2017 14:00] [PENYESUAIAN STOK] UPDATE STOCK QTY [123]
[ADMIN] [1/27/2017 14:00] [PENYESUAIAN STOK] INSERT INTO PRODUCT ADJUSTMENT TABLE [105, 19, 10]
[ADMIN] [1/27/2017 14:01] [PENYESUAIAN STOK] TRY TO IMPORT DATA FROM CSV FILE
[ADMIN] [1/27/2017 14:01] [PENYESUAIAN STOK] EXCEPTION THROWN [Object reference not set to an instance of an object.]
[ADMIN] [1/27/2017 14:02] [PENYESUAIAN STOK] TRY TO IMPORT DATA FROM CSV FILE
[] [1/27/2017 14:13] [] USER = ADMIN IS ACTIVE
[ADMIN] [1/27/2017 14:13] [] USER ID = 1 LOGIN SUCCESSFULLY
[ADMIN] [1/27/2017 14:13] [] ACTIVATE USER ACCESS RIGHT
[ADMIN] [1/27/2017 14:13] [] DISPLAY ADMIN FORM
[ADMIN] [1/27/2017 14:13] [] adminForm Load
[ADMIN] [1/27/2017 14:13] [] ACTIVATE USER ACCESS RIGHT
[ADMIN] [1/27/2017 14:14] [PENYESUAIAN STOK] TRY TO IMPORT DATA FROM CSV FILE
[ADMIN] [1/27/2017 14:14] [PENYESUAIAN STOK] EXCEPTION THROWN [Object reference not set to an instance of an object.]
[] [1/27/2017 14:16] [] USER = ADMIN IS ACTIVE
[ADMIN] [1/27/2017 14:16] [] USER ID = 1 LOGIN SUCCESSFULLY
[ADMIN] [1/27/2017 14:16] [] ACTIVATE USER ACCESS RIGHT
[ADMIN] [1/27/2017 14:16] [] DISPLAY ADMIN FORM
[ADMIN] [1/27/2017 14:16] [] adminForm Load
[ADMIN] [1/27/2017 14:16] [] ACTIVATE USER ACCESS RIGHT
[ADMIN] [1/27/2017 14:18] [PENYESUAIAN STOK] TRY TO IMPORT DATA FROM CSV FILE
[ADMIN] [1/27/2017 14:18] [PENYESUAIAN STOK] UPDATE STOCK QTY [1]
[ADMIN] [1/27/2017 14:18] [PENYESUAIAN STOK] INSERT INTO PRODUCT ADJUSTMENT [1, 8773, 0]
[ADMIN] [1/27/2017 14:18] [PENYESUAIAN STOK] UPDATE STOCK QTY [1]
[ADMIN] [1/27/2017 14:18] [PENYESUAIAN STOK] UPDATE STOCK QTY [105]
[ADMIN] [1/27/2017 14:18] [PENYESUAIAN STOK] INSERT INTO PRODUCT ADJUSTMENT [105, 19, 0]
[ADMIN] [1/27/2017 14:18] [PENYESUAIAN STOK] UPDATE STOCK QTY [105]
[ADMIN] [1/27/2017 14:18] [PENYESUAIAN STOK] UPDATE STOCK QTY [106]
[ADMIN] [1/27/2017 14:18] [PENYESUAIAN STOK] INSERT INTO PRODUCT ADJUSTMENT [106, 30, 0]
[ADMIN] [1/27/2017 14:18] [PENYESUAIAN STOK] UPDATE STOCK QTY [106]
[ADMIN] [1/27/2017 14:18] [PENYESUAIAN STOK] UPDATE STOCK QTY [107]
[ADMIN] [1/27/2017 14:18] [PENYESUAIAN STOK] INSERT INTO PRODUCT ADJUSTMENT [107, 40, 0]
[ADMIN] [1/27/2017 14:18] [PENYESUAIAN STOK] UPDATE STOCK QTY [107]
[] [1/27/2017 14:21] [] USER = ADMIN IS ACTIVE
[ADMIN] [1/27/2017 14:21] [] USER ID = 1 LOGIN SUCCESSFULLY
[ADMIN] [1/27/2017 14:21] [] ACTIVATE USER ACCESS RIGHT
[ADMIN] [1/27/2017 14:21] [] DISPLAY ADMIN FORM
[ADMIN] [1/27/2017 14:21] [] adminForm Load
[ADMIN] [1/27/2017 14:21] [] ACTIVATE USER ACCESS RIGHT
[] [1/27/2017 14:21] [] USER = ADMIN IS ACTIVE
[ADMIN] [1/27/2017 14:21] [] USER ID = 1 LOGIN SUCCESSFULLY
[ADMIN] [1/27/2017 14:21] [] ACTIVATE USER ACCESS RIGHT
[ADMIN] [1/27/2017 14:22] [] DISPLAY ADMIN FORM
[ADMIN] [1/27/2017 14:22] [] adminForm Load
[ADMIN] [1/27/2017 14:22] [] ACTIVATE USER ACCESS RIGHT
[ADMIN] [1/27/2017 14:23] [PENYESUAIAN STOK] TRY TO IMPORT DATA FROM CSV FILE
[ADMIN] [1/27/2017 14:23] [PENYESUAIAN STOK] UPDATE STOCK QTY [1]
[ADMIN] [1/27/2017 14:23] [PENYESUAIAN STOK] INSERT INTO PRODUCT ADJUSTMENT [1, 8773, 0]
[ADMIN] [1/27/2017 14:23] [PENYESUAIAN STOK] UPDATE STOCK QTY [1]
[ADMIN] [1/27/2017 14:23] [PENYESUAIAN STOK] UPDATE STOCK QTY [105]
[ADMIN] [1/27/2017 14:23] [PENYESUAIAN STOK] INSERT INTO PRODUCT ADJUSTMENT [105, 10, 19]
[ADMIN] [1/27/2017 14:23] [PENYESUAIAN STOK] UPDATE STOCK QTY [105]
[ADMIN] [1/27/2017 14:23] [PENYESUAIAN STOK] UPDATE STOCK QTY [106]
[ADMIN] [1/27/2017 14:23] [PENYESUAIAN STOK] INSERT INTO PRODUCT ADJUSTMENT [106, 0, 30]
[ADMIN] [1/27/2017 14:23] [PENYESUAIAN STOK] UPDATE STOCK QTY [106]
[ADMIN] [1/27/2017 14:23] [PENYESUAIAN STOK] UPDATE STOCK QTY [107]
[ADMIN] [1/27/2017 14:23] [PENYESUAIAN STOK] INSERT INTO PRODUCT ADJUSTMENT [107, 0, 40]
[ADMIN] [1/27/2017 14:23] [PENYESUAIAN STOK] UPDATE STOCK QTY [107]
[ADMIN] [1/27/2017 14:25] [TAMBAH / UPDATE PRODUK] UPDATE CURRENT PRODUCT DATA [105]
[ADMIN] [1/27/2017 14:25] [TAMBAH / UPDATE PRODUK] UPDATE PRODUCT CATEGORY FOR [105]
[ADMIN] [1/27/2017 14:25] [TAMBAH / UPDATE PRODUK] DELETE CURRENT PRODUCT CATEGORY FOR [105]
[ADMIN] [1/27/2017 14:25] [TAMBAH / UPDATE PRODUK] INSERT PRODUCT CATEGORY FOR [105]
[ADMIN] [1/27/2017 14:27] [SINKRONISASI INFORMASI] EXPORTED FILE NAME = C:\Users\Andri\Desktop\SYNCINFO_PRODUCT_27012017.sql
[ADMIN] [1/27/2017 14:31] [SINKRONISASI INFORMASI] SINKRONISASI INFORMASI, FILENAME [C:\Users\Andri\Desktop\SYNCINFO_PRODUCT_27012017.sql]
[ADMIN] [1/27/2017 14:31] [SINKRONISASI INFORMASI] SYNC INFORMATION PROCESS START
[ADMIN] [1/27/2017 14:31] [SINKRONISASI INFORMASI] PROCESS EXITED
[ADMIN] [1/27/2017 14:31] [SINKRONISASI INFORMASI] UPDATE LOCAL DATA
[ADMIN] [1/27/2017 14:31] [SINKRONISASI INFORMASI] UPDATE CURRENT DATA IN LOCAL DATABASE
[ADMIN] [1/27/2017 14:31] [SINKRONISASI INFORMASI] EXCEPTION THROWN [Object reference not set to an instance of an object.]
[ADMIN] [1/27/2017 14:33] [SINKRONISASI INFORMASI] SINKRONISASI INFORMASI, FILENAME [C:\Users\Andri\Desktop\SYNCINFO_PRODUCT_27012017.sql]
[ADMIN] [1/27/2017 14:33] [SINKRONISASI INFORMASI] SYNC INFORMATION PROCESS START
[ADMIN] [1/27/2017 14:33] [SINKRONISASI INFORMASI] PROCESS EXITED
[ADMIN] [1/27/2017 14:33] [SINKRONISASI INFORMASI] UPDATE LOCAL DATA
[ADMIN] [1/27/2017 14:33] [SINKRONISASI INFORMASI] UPDATE CURRENT DATA IN LOCAL DATABASE
[] [1/27/2017 14:36] [] USER = ADMIN IS ACTIVE
[ADMIN] [1/27/2017 14:36] [] USER ID = 1 LOGIN SUCCESSFULLY
[ADMIN] [1/27/2017 14:36] [] ACTIVATE USER ACCESS RIGHT
[ADMIN] [1/27/2017 14:36] [] DISPLAY ADMIN FORM
[ADMIN] [1/27/2017 14:36] [] adminForm Load
[ADMIN] [1/27/2017 14:36] [] ACTIVATE USER ACCESS RIGHT
[ADMIN] [1/27/2017 14:36] [SINKRONISASI INFORMASI] EXPORTED FILE NAME = C:\Users\Andri\Desktop\SYNCINFO_PRODUCT_27012017.sql
[ADMIN] [1/27/2017 14:37] [SINKRONISASI INFORMASI] SINKRONISASI INFORMASI, FILENAME [C:\Users\Andri\Desktop\SYNCINFO_PRODUCT_27012017.sql]
[ADMIN] [1/27/2017 14:37] [SINKRONISASI INFORMASI] SYNC INFORMATION PROCESS START
[ADMIN] [1/27/2017 14:37] [SINKRONISASI INFORMASI] PROCESS EXITED
[ADMIN] [1/27/2017 14:37] [SINKRONISASI INFORMASI] UPDATE LOCAL DATA
[ADMIN] [1/27/2017 14:37] [SINKRONISASI INFORMASI] UPDATE CURRENT DATA IN LOCAL DATABASE
[ADMIN] [1/27/2017 14:37] [SINKRONISASI INFORMASI] EXCEPTION THROWN [Object reference not set to an instance of an object.]
[] [1/27/2017 14:38] [] USER = ADMIN IS ACTIVE
[ADMIN] [1/27/2017 14:38] [] USER ID = 1 LOGIN SUCCESSFULLY
[ADMIN] [1/27/2017 14:38] [] ACTIVATE USER ACCESS RIGHT
[ADMIN] [1/27/2017 14:38] [] DISPLAY ADMIN FORM
[ADMIN] [1/27/2017 14:38] [] adminForm Load
[ADMIN] [1/27/2017 14:38] [] ACTIVATE USER ACCESS RIGHT
[ADMIN] [1/27/2017 14:39] [SINKRONISASI INFORMASI] EXPORTED FILE NAME = C:\Users\Andri\Desktop\SYNCINFO_PRODUCT_27012017.sql
[ADMIN] [1/27/2017 14:39] [SINKRONISASI INFORMASI] SINKRONISASI INFORMASI, FILENAME [C:\Users\Andri\Desktop\SYNCINFO_PRODUCT_27012017.sql]
[ADMIN] [1/27/2017 14:39] [SINKRONISASI INFORMASI] SYNC INFORMATION PROCESS START
[ADMIN] [1/27/2017 14:39] [SINKRONISASI INFORMASI] PROCESS EXITED
[ADMIN] [1/27/2017 14:39] [SINKRONISASI INFORMASI] UPDATE LOCAL DATA
[ADMIN] [1/27/2017 14:39] [SINKRONISASI INFORMASI] UPDATE CURRENT DATA IN LOCAL DATABASE
[ADMIN] [1/27/2017 14:39] [SINKRONISASI INFORMASI] EXCEPTION THROWN [Object reference not set to an instance of an object.]
[ADMIN] [1/27/2017 14:43] [] USER ID = 1LOGOUT
