[] [3/19/2017 23:44] [] USER = ADMIN IS ACTIVE
[ADMIN] [3/19/2017 23:44] [] USER ID = 1 LOGIN SUCCESSFULLY
[ADMIN] [3/19/2017 23:44] [] ACTIVATE USER ACCESS RIGHT
[ADMIN] [3/19/2017 23:44] [] DISPLAY ADMIN FORM
[ADMIN] [3/19/2017 23:44] [] adminForm Load
[ADMIN] [3/19/2017 23:45] [] GUTIL : MAX PR_INVOICE [5]
[ADMIN] [3/19/2017 23:45] [] GUTIL : PR_INVOICE [PR-6]
[ADMIN] [3/19/2017 23:45] [PENERIMAAN BARANG] PENERIMAAN BARANG : detailGridView_CellValueChanged [productName]
[ADMIN] [3/19/2017 23:45] [PENERIMAAN BARANG] PENERIMAAN BARANG : detailGridView_CellValueChanged [productID]
[ADMIN] [3/19/2017 23:45] [PENERIMAAN BARANG] PENERIMAAN BARANG : detailGridView_CellValueChanged [productName]
[ADMIN] [3/19/2017 23:45] [PENJUALAN] CASHIER FORM : ComboBox_SelectedIndexChanged, PRODUCT_BASE_PRICE [127500]
[ADMIN] [3/19/2017 23:45] [PENJUALAN] CASHIER FORM : ComboBox_SelectedIndexChanged, attempt to calculate total
[ADMIN] [3/19/2017 23:45] [PENERIMAAN BARANG] PENERIMAAN BARANG : detailGridView_CellValueChanged [qtyReceived]
[ADMIN] [3/19/2017 23:45] [PENERIMAAN BARANG] PENERIMAAN BARANG : detailGridView_CellValueChanged [subtotal]
[ADMIN] [3/19/2017 23:45] [PENERIMAAN BARANG] PENERIMAAN BARANG : detailGridView_CellValueChanged [subtotal]
[ADMIN] [3/19/2017 23:45] [PENERIMAAN BARANG] PENERIMAAN BARANG : detailGridView_CellValueChanged [qtyReceived]
[ADMIN] [3/19/2017 23:45] [PENERIMAAN BARANG] PENERIMAAN BARANG : detailGridView_CellValueChanged [subtotal]
[ADMIN] [3/19/2017 23:45] [PENERIMAAN BARANG] PENERIMAAN BARANG : detailGridView_CellValueChanged [qtyReceived]
[ADMIN] [3/19/2017 23:45] [PENERIMAAN BARANG] PENERIMAAN BARANG : detailGridView_CellValueChanged [subtotal]
[ADMIN] [3/19/2017 23:45] [PENERIMAAN BARANG] SAVE PENERIMAAN BARANG
[ADMIN] [3/19/2017 23:45] [] GUTIL : MAX PR_INVOICE [5]
[ADMIN] [3/19/2017 23:45] [] GUTIL : PR_INVOICE [PR-6]
[ADMIN] [3/19/2017 23:45] [PENERIMAAN BARANG] DIRECT PENERIMAAN BARANG, THEREFORE CALCULATE TAX LIMIT
[ADMIN] [3/19/2017 23:45] [PENERIMAAN BARANG] CHECK IF TAX LIMIT SET FOR PERCENTAGE PURCHASE [0]
[ADMIN] [3/19/2017 23:45] [PENERIMAAN BARANG] CHECK IF TAX LIMIT SET FOR AVERAGE DAILY PURCHASE [0]
[ADMIN] [3/19/2017 23:45] [PENERIMAAN BARANG] INSERT PENERIMAAN BARANG [PR-6]
[ADMIN] [3/19/2017 23:45] [PENERIMAAN BARANG] INSERT PO DATA BECAUSE OF DIRECT PENERIMAAN [PR-6]
[ADMIN] [3/19/2017 23:45] [PENERIMAAN BARANG] SAVE DETAIL PENERIMAAN [12, 127500, 20]
[ADMIN] [3/19/2017 23:45] [PENERIMAAN BARANG] UPDATE PRODUCT LOCATION DATA [12'1]
[ADMIN] [3/19/2017 23:45] [PENERIMAAN BARANG] UPDATE MASTER PRODUCT DATA [12]
[ADMIN] [3/19/2017 23:45] [PENERIMAAN BARANG] INSERT TO PURCHASE DETAIL [12]
[ADMIN] [3/19/2017 23:45] [PENERIMAAN BARANG] INSERT INTO DEBT [PR-6]
[ADMIN] [3/19/2017 23:45] [PENERIMAAN BARANG] PENERIMAAN BARANG SAVED
[ADMIN] [3/19/2017 23:46] [] GUTIL : MAX PR_INVOICE [6]
[ADMIN] [3/19/2017 23:46] [] GUTIL : PR_INVOICE [PR-7]
[ADMIN] [3/19/2017 23:56] [] GUTIL : MAX PURCHASE_INVOICE [5]
[ADMIN] [3/19/2017 23:56] [] GUTIL : PURCHASE_INVOICE [PO-6]
[ADMIN] [3/19/2017 23:57] [PURCHASE ORDER] PURCHASE ORDER : detailPODataGridView_CellValueChanged [productID]
[ADMIN] [3/19/2017 23:57] [PURCHASE ORDER] PURCHASE ORDER : detailPODataGridView_CellValueChanged [productName]
[ADMIN] [3/19/2017 23:57] [PURCHASE ORDER] updateSomeRowsContent, PRODUCT_BASE_PRICE [70500]
[ADMIN] [3/19/2017 23:57] [PURCHASE ORDER] updateSomeRowsContent, attempt to calculate total
[ADMIN] [3/19/2017 23:57] [PURCHASE ORDER] PURCHASE ORDER : detailPODataGridView_CellValueChanged [qty]
[ADMIN] [3/19/2017 23:57] [PURCHASE ORDER] ATTEMPT TO SAVE DATA
[ADMIN] [3/19/2017 23:57] [] GUTIL : MAX PURCHASE_INVOICE [5]
[ADMIN] [3/19/2017 23:57] [] GUTIL : PURCHASE_INVOICE [PO-6]
[ADMIN] [3/19/2017 23:57] [PURCHASE ORDER] CHECK IF TAX LIMIT SET FOR PERCENTAGE PURCHASE [0]
[ADMIN] [3/19/2017 23:57] [PURCHASE ORDER] CHECK IF TAX LIMIT SET FOR AVERAGE DAILY PURCHASE [0]
[ADMIN] [3/19/2017 23:58] [PURCHASE ORDER] NEW PURCHASE HEADER
[ADMIN] [3/19/2017 23:58] [PURCHASE ORDER] INSERT PURCHASE HEADER DATA [PO-6]
[ADMIN] [3/19/2017 23:58] [PURCHASE ORDER] INSERT DETAIL PURCHASE DATA [6', 70500, 1]
[ADMIN] [3/19/2017 23:58] [PURCHASE ORDER] PURCHASE ORDER SAVED
[ADMIN] [3/19/2017 23:58] [] GUTIL : MAX RP_ID [1]
[ADMIN] [3/19/2017 23:58] [] GUTIL : RP_ID [RP-2]
[ADMIN] [3/19/2017 23:59] [] GUTIL : MAX RP_ID [1]
[ADMIN] [3/19/2017 23:59] [] GUTIL : RP_ID [RP-2]
[ADMIN] [3/19/2017 23:59] [RETUR PERMINTAAN KE PUSAT] updateSomeRowsContent, PRODUCT_BASE_PRICE [1]
[ADMIN] [3/19/2017 23:59] [RETUR PERMINTAAN KE PUSAT] updateSomeRowsContent, attempt to calculate total
[ADMIN] [3/19/2017 23:59] [RETUR PEMBELIAN KE SUPPLIER] ATTEMPT TO SAVE TO LOCAL DATA FIRST
[ADMIN] [3/19/2017 23:59] [] CHECK STOCK QTY IS ENOUGH [106]
[ADMIN] [3/19/2017 23:59] [] CHECK STOCK QTY IS ENOUGH [76, 1]
[ADMIN] [3/19/2017 23:59] [] GUTIL : MAX RP_ID [1]
[ADMIN] [3/19/2017 23:59] [] GUTIL : RP_ID [RP-2]
[ADMIN] [3/19/2017 23:59] [RETUR PEMBELIAN KE SUPPLIER] INSERT TO RETURN PURCHASE HEADER
[ADMIN] [3/19/2017 23:59] [RETUR PEMBELIAN KE SUPPLIER] INSERT TO RETURN PURCHASE DETAIL
[ADMIN] [3/19/2017 23:59] [RETUR PEMBELIAN KE SUPPLIER] UPDATE PRODUCT LOCATION DATA
[ADMIN] [3/19/2017 23:59] [RETUR PEMBELIAN KE SUPPLIER] UPDATE MASTER PRODUCT
[ADMIN] [3/20/2017 00:01] [] GUTIL : MAX DO_ID [3]
[ADMIN] [3/20/2017 00:01] [] GUTIL : DO_ID [DO-4]
[ADMIN] [3/20/2017 00:01] [PENJUALAN] DELIVERY ORDER : detailGridView_CellValueChanged [qty]
[ADMIN] [3/20/2017 00:01] [PENJUALAN] DELIVERY ORDER : TextBox_TextChanged, dataGridViewTextBoxEditingControl.Text pass REGEX Checking
[ADMIN] [3/20/2017 00:01] [] CHECK STOCK QTY IS ENOUGH [106]
[ADMIN] [3/20/2017 00:01] [] CHECK STOCK QTY IS ENOUGH [15, 2]
[ADMIN] [3/20/2017 00:01] [PENJUALAN] DELIVERY ORDER : TextBox_TextChanged, dataGridViewTextBoxEditingControl.Text pass REGEX Checking
[ADMIN] [3/20/2017 00:01] [] CHECK STOCK QTY IS ENOUGH [106]
[ADMIN] [3/20/2017 00:01] [] CHECK STOCK QTY IS ENOUGH [15, 2]
[ADMIN] [3/20/2017 00:01] [] GUTIL : MAX DO_ID [3]
[ADMIN] [3/20/2017 00:01] [] GUTIL : DO_ID [DO-4]
[ADMIN] [3/20/2017 00:01] [] GUTIL : MAX DO_ID [4]
[ADMIN] [3/20/2017 00:01] [] GUTIL : DO_ID [DO-5]
[ADMIN] [3/20/2017 00:01] [] GUTIL : MAX RS_INVOICE [0]
[ADMIN] [3/20/2017 00:01] [] GUTIL : RS_INVOICE [RS-1]
[ADMIN] [3/20/2017 00:02] [] GUTIL : MAX RS_INVOICE [0]
[ADMIN] [3/20/2017 00:02] [] GUTIL : RS_INVOICE [RS-1]
[ADMIN] [3/20/2017 00:02] [RETUR PENJUALAN] RETUR PENJUALAN : detailReturDataGridView_CellValueChanged [qty]
[ADMIN] [3/20/2017 00:02] [RETUR PENJUALAN] RETUR PENJUALAN : detailReturDataGridView_CellValueChanged [subtotal]
[ADMIN] [3/20/2017 00:02] [RETUR PENJUALAN] RETUR PENJUALAN : detailReturDataGridView_CellValueChanged [productName]
[ADMIN] [3/20/2017 00:02] [RETUR PENJUALAN] RETUR PENJUALAN : detailReturDataGridView_CellValueChanged [productID]
[ADMIN] [3/20/2017 00:02] [RETUR PENJUALAN] RETUR PENJUALAN : detailReturDataGridView_CellValueChanged [productName]
[ADMIN] [3/20/2017 00:02] [RETUR PENJUALAN] updateSomeRowsContent, PRODUCT_BASE_PRICE [20]
[ADMIN] [3/20/2017 00:02] [RETUR PENJUALAN] RETUR PENJUALAN : detailReturDataGridView_CellValueChanged [productPrice]
[ADMIN] [3/20/2017 00:02] [RETUR PENJUALAN] RETUR PENJUALAN : detailReturDataGridView_CellValueChanged [qty]
[ADMIN] [3/20/2017 00:02] [RETUR PENJUALAN] RETUR PENJUALAN : detailReturDataGridView_CellValueChanged [subtotal]
[ADMIN] [3/20/2017 00:02] [RETUR PENJUALAN] updateSomeRowsContent, attempt to calculate total
[ADMIN] [3/20/2017 00:02] [RETUR PENJUALAN] RETUR PENJUALAN : detailReturDataGridView_CellValueChanged [SOqty]
[ADMIN] [3/20/2017 00:02] [RETUR PENJUALAN] RETUR PENJUALAN : detailReturDataGridView_CellValueChanged [disc1]
[ADMIN] [3/20/2017 00:02] [RETUR PENJUALAN] RETUR PENJUALAN : detailReturDataGridView_CellValueChanged [disc2]
[ADMIN] [3/20/2017 00:02] [RETUR PENJUALAN] RETUR PENJUALAN : detailReturDataGridView_CellValueChanged [discRP]
[ADMIN] [3/20/2017 00:02] [RETUR PENJUALAN] RETUR PENJUALAN : detailReturDataGridView_CellValueChanged [subtotal]
[ADMIN] [3/20/2017 00:02] [RETUR PENJUALAN] RETUR PENJUALAN : detailReturDataGridView_CellValueChanged [qty]
[ADMIN] [3/20/2017 00:02] [RETUR PENJUALAN] RETUR PENJUALAN : detailReturDataGridView_CellValueChanged [subtotal]
[ADMIN] [3/20/2017 00:02] [RETUR PENJUALAN] RETUR PENJUALAN : detailReturDataGridView_CellValueChanged [qty]
[ADMIN] [3/20/2017 00:02] [RETUR PENJUALAN] RETUR PENJUALAN : detailReturDataGridView_CellValueChanged [qty]
[ADMIN] [3/20/2017 00:02] [RETUR PENJUALAN] SALES PAID STATUS [0]
[ADMIN] [3/20/2017 00:02] [RETUR PENJUALAN] ATTEMPT TO SAVE DATA
[ADMIN] [3/20/2017 00:02] [] GUTIL : MAX RS_INVOICE [0]
[ADMIN] [3/20/2017 00:02] [] GUTIL : RS_INVOICE [RS-1]
[ADMIN] [3/20/2017 00:02] [RETUR PENJUALAN] INSERT INTO RETURN SALES HEADER [RS-1]
[ADMIN] [3/20/2017 00:02] [RETUR PENJUALAN] INSERT INTO RETURN SALES DETAIL [105, 20, 10, 2]
[ADMIN] [3/20/2017 00:02] [STOK OPNAME] UPDATE PRODUCT_LOCATION QTY [105/1]
[ADMIN] [3/20/2017 00:02] [RETUR PENJUALAN] UPDATE MASTER PRODUCT QTY [105]
[ADMIN] [3/20/2017 00:02] [RETUR PENJUALAN] CHECK FOR ANY OUTSTANDING AMOUNT FOR THE INVOICE
[ADMIN] [3/20/2017 00:02] [RETUR PENJUALAN] selectedCreditID [15]
[ADMIN] [3/20/2017 00:02] [RETUR PENJUALAN] RETUR VALUE LESS THAN OR EQUAL TOTAL CREDIT
[ADMIN] [3/20/2017 00:02] [RETUR PENJUALAN] INSERT INTO PAYMENT CREDIT [15, 40]
[ADMIN] [3/20/2017 00:02] [] GUTIL : MAX RS_INVOICE [1]
[ADMIN] [3/20/2017 00:02] [] GUTIL : RS_INVOICE [RS-2]
[ADMIN] [3/20/2017 00:02] [] USER ID = 1LOGOUT
