[] [5/27/2017 11:35] [] USER = ADMIN IS ACTIVE
[ADMIN] [5/27/2017 11:35] [] USER ID = 1 LOGIN SUCCESSFULLY
[ADMIN] [5/27/2017 11:35] [] ACTIVATE USER ACCESS RIGHT
[ADMIN] [5/27/2017 11:35] [] DISPLAY ADMIN FORM
[ADMIN] [5/27/2017 11:35] [] adminForm Load
[ADMIN] [5/27/2017 11:36] [] SERVER IP IS LOCALHOST
[ADMIN] [5/27/2017 11:36] [] UPDATE DATA ID 2
[ADMIN] [5/27/2017 11:36] [] GUTIL : MAX PR_INVOICE [9]
[ADMIN] [5/27/2017 11:36] [] GUTIL : PR_INVOICE [PR-10]
[ADMIN] [5/27/2017 11:36] [PENERIMAAN BARANG] PENERIMAAN BARANG : detailGridView_CellValueChanged [productName]
[ADMIN] [5/27/2017 11:36] [PENERIMAAN BARANG] PENERIMAAN BARANG : detailGridView_CellValueChanged [productID]
[ADMIN] [5/27/2017 11:36] [PENERIMAAN BARANG] PENERIMAAN BARANG : detailGridView_CellValueChanged [productName]
[ADMIN] [5/27/2017 11:36] [PENJUALAN] CASHIER FORM : ComboBox_SelectedIndexChanged, PRODUCT_BASE_PRICE [49500]
[ADMIN] [5/27/2017 11:36] [PENJUALAN] CASHIER FORM : ComboBox_SelectedIndexChanged, attempt to calculate total
[ADMIN] [5/27/2017 11:36] [PENERIMAAN BARANG] PENERIMAAN BARANG : detailGridView_CellValueChanged [qtyReceived]
[ADMIN] [5/27/2017 11:36] [PENERIMAAN BARANG] PENERIMAAN BARANG : detailGridView_CellValueChanged [subtotal]
[ADMIN] [5/27/2017 11:36] [PENERIMAAN BARANG] PENERIMAAN BARANG : detailGridView_CellValueChanged [subtotal]
[ADMIN] [5/27/2017 11:36] [PENERIMAAN BARANG] PENERIMAAN BARANG : detailGridView_CellValueChanged [qtyReceived]
[ADMIN] [5/27/2017 11:36] [PENERIMAAN BARANG] PENERIMAAN BARANG : detailGridView_CellValueChanged [subtotal]
[ADMIN] [5/27/2017 11:36] [PENERIMAAN BARANG] SAVE PENERIMAAN BARANG
[ADMIN] [5/27/2017 11:36] [] GUTIL : MAX PR_INVOICE [9]
[ADMIN] [5/27/2017 11:36] [] GUTIL : PR_INVOICE [PR-10]
[ADMIN] [5/27/2017 11:36] [PENERIMAAN BARANG] DIRECT PENERIMAAN BARANG, THEREFORE CALCULATE TAX LIMIT
[ADMIN] [5/27/2017 11:36] [PENERIMAAN BARANG] CHECK IF TAX LIMIT SET FOR PERCENTAGE PURCHASE [0]
[ADMIN] [5/27/2017 11:36] [PENERIMAAN BARANG] CHECK IF TAX LIMIT SET FOR AVERAGE DAILY PURCHASE [0]
[ADMIN] [5/27/2017 11:36] [PENERIMAAN BARANG] INSERT PENERIMAAN BARANG [PR-10]
[ADMIN] [5/27/2017 11:36] [PENERIMAAN BARANG] INSERT PO DATA BECAUSE OF DIRECT PENERIMAAN [PR-10]
[ADMIN] [5/27/2017 11:36] [PENERIMAAN BARANG] SAVE DETAIL PENERIMAAN [2, 49500, 12]
[ADMIN] [5/27/2017 11:36] [PENERIMAAN BARANG] UPDATE PRODUCT LOCATION DATA [2'2]
[ADMIN] [5/27/2017 11:36] [PENERIMAAN BARANG] UPDATE MASTER PRODUCT DATA [2]
[ADMIN] [5/27/2017 11:36] [PENERIMAAN BARANG] INSERT TO PURCHASE DETAIL [2]
[ADMIN] [5/27/2017 11:36] [PENERIMAAN BARANG] INSERT INTO DEBT [PR-10]
[ADMIN] [5/27/2017 11:36] [PENERIMAAN BARANG] PENERIMAAN BARANG SAVED
[ADMIN] [5/27/2017 11:37] [] GUTIL : MAX PURCHASE_INVOICE [6]
[ADMIN] [5/27/2017 11:37] [] GUTIL : PURCHASE_INVOICE [PO-7]
[ADMIN] [5/27/2017 11:37] [PURCHASE ORDER] PURCHASE ORDER : detailPODataGridView_CellValueChanged [productName]
[ADMIN] [5/27/2017 11:37] [PURCHASE ORDER] PURCHASE ORDER : detailPODataGridView_CellValueChanged [productID]
[ADMIN] [5/27/2017 11:37] [PURCHASE ORDER] PURCHASE ORDER : detailPODataGridView_CellValueChanged [productName]
[ADMIN] [5/27/2017 11:37] [PURCHASE ORDER] updateSomeRowsContent, PRODUCT_BASE_PRICE [49500]
[ADMIN] [5/27/2017 11:37] [PURCHASE ORDER] updateSomeRowsContent, attempt to calculate total
[ADMIN] [5/27/2017 11:37] [PURCHASE ORDER] PURCHASE ORDER : detailPODataGridView_CellValueChanged [qty]
[ADMIN] [5/27/2017 11:37] [PURCHASE ORDER] PURCHASE ORDER : detailPODataGridView_CellValueChanged [qty]
[ADMIN] [5/27/2017 11:37] [PURCHASE ORDER] PURCHASE ORDER : detailPODataGridView_CellValueChanged [qty]
[ADMIN] [5/27/2017 11:37] [PURCHASE ORDER] ATTEMPT TO SAVE DATA
[ADMIN] [5/27/2017 11:37] [] GUTIL : MAX PURCHASE_INVOICE [6]
[ADMIN] [5/27/2017 11:37] [] GUTIL : PURCHASE_INVOICE [PO-7]
[ADMIN] [5/27/2017 11:37] [PURCHASE ORDER] CHECK IF TAX LIMIT SET FOR PERCENTAGE PURCHASE [0]
[ADMIN] [5/27/2017 11:37] [PURCHASE ORDER] CHECK IF TAX LIMIT SET FOR AVERAGE DAILY PURCHASE [0]
[ADMIN] [5/27/2017 11:37] [PURCHASE ORDER] NEW PURCHASE HEADER
[ADMIN] [5/27/2017 11:37] [PURCHASE ORDER] INSERT PURCHASE HEADER DATA [PO-7]
[ADMIN] [5/27/2017 11:37] [PURCHASE ORDER] INSERT DETAIL PURCHASE DATA [2', 49500, 22]
[ADMIN] [5/27/2017 11:37] [PURCHASE ORDER] PURCHASE ORDER SAVED
[ADMIN] [5/27/2017 11:37] [PURCHASE ORDER] CHECK IF TAX LIMIT SET FOR PERCENTAGE PURCHASE [0]
[ADMIN] [5/27/2017 11:37] [PURCHASE ORDER] CHECK IF TAX LIMIT SET FOR AVERAGE DAILY PURCHASE [0]
[ADMIN] [5/27/2017 11:37] [PURCHASE ORDER] UPDATE PURCHASE HEADER DATA TO INDICATE PO HAS BEEN PRINTED OUT, THEREFORE UNEDITABLE
[ADMIN] [5/27/2017 11:37] [PURCHASE ORDER] UPDATE FLAG AT PURCHASE HEADER TAX
[ADMIN] [5/27/2017 11:37] [PENJUALAN] CASHIER FORM : REGISTER HOTKEY
[ADMIN] [5/27/2017 11:37] [PENJUALAN] CASHIER FORM : calculateTotal
[ADMIN] [5/27/2017 11:37] [PENJUALAN] CASHIER FORM : calculateTotal [0]
[ADMIN] [5/27/2017 11:37] [PENJUALAN] CASHIER FORM : calculateTotal, totalAfterDisc [0]
[ADMIN] [5/27/2017 11:37] [PENJUALAN] CASHIER FORM : calculateChangeValue, bayarTextBox.Text [0]
[ADMIN] [5/27/2017 11:37] [PENJUALAN] CASHIER FORM : calculateChangeValue, sisaBayar [0]
[ADMIN] [5/27/2017 11:37] [PENJUALAN] CASHIER FORM : REGISTER HOTKEY
[ADMIN] [5/27/2017 11:37] [PENJUALAN] CASHIER FORM : HOTKEY TO ADD NEW ROW PRESSED
[ADMIN] [5/27/2017 11:37] [PENJUALAN] CASHIER FORM : ADD NEW ROW,  isActive [True]
[ADMIN] [5/27/2017 11:37] [PENJUALAN] CASHIER FORM : ADD NEW ROW,  ROW COUNT [0]
[ADMIN] [5/27/2017 11:37] [PENJUALAN] CASHIER FORM : ADD NEW ROW,  ALLOW TO ADD [True]
[ADMIN] [5/27/2017 11:37] [PENJUALAN] CASHIER FORM : cashierDataGridView_CellValueChanged [F8]
[ADMIN] [5/27/2017 11:37] [PENJUALAN] CASHIER FORM : cashierDataGridView_CellValueChanged [hpp]
[ADMIN] [5/27/2017 11:37] [PENJUALAN] CASHIER FORM : cashierDataGridView_CellValueChanged [productPrice]
[ADMIN] [5/27/2017 11:37] [PENJUALAN] CASHIER FORM : TextBox_TextChanged, previousInput []
[ADMIN] [5/27/2017 11:37] [PENJUALAN] CASHIER FORM : TextBox_TextChanged, dataGridViewTextBoxEditingControl.Text pass REGEX Checking
[ADMIN] [5/27/2017 11:37] [PENJUALAN] CASHIER FORM : CALCULATE SUBTOTAL
[ADMIN] [5/27/2017 11:37] [PENJUALAN] CASHIER FORM : SUBTOTAL [0]
[ADMIN] [5/27/2017 11:37] [PENJUALAN] CASHIER FORM : TextBox_TextChanged, subtotal value [0]
[ADMIN] [5/27/2017 11:37] [PENJUALAN] CASHIER FORM : TextBox_TextChanged, attempt to calculate total value
[ADMIN] [5/27/2017 11:37] [PENJUALAN] CASHIER FORM : calculateTotal
[ADMIN] [5/27/2017 11:37] [PENJUALAN] CASHIER FORM : calculateTotal [0]
[ADMIN] [5/27/2017 11:37] [PENJUALAN] CASHIER FORM : calculateTotal, totalAfterDisc [0]
[ADMIN] [5/27/2017 11:37] [PENJUALAN] CASHIER FORM : calculateChangeValue, bayarTextBox.Text [0]
[ADMIN] [5/27/2017 11:37] [PENJUALAN] CASHIER FORM : calculateChangeValue, sisaBayar [0]
[ADMIN] [5/27/2017 11:37] [PENJUALAN] CASHIER FORM : cashierDataGridView_CellValueChanged [disc1]
[ADMIN] [5/27/2017 11:37] [PENJUALAN] CASHIER FORM : TextBox_TextChanged, previousInput []
[ADMIN] [5/27/2017 11:37] [PENJUALAN] CASHIER FORM : TextBox_TextChanged, dataGridViewTextBoxEditingControl.Text pass REGEX Checking
[ADMIN] [5/27/2017 11:37] [PENJUALAN] CASHIER FORM : CALCULATE SUBTOTAL
[ADMIN] [5/27/2017 11:37] [PENJUALAN] CASHIER FORM : SUBTOTAL [0]
[ADMIN] [5/27/2017 11:37] [PENJUALAN] CASHIER FORM : TextBox_TextChanged, subtotal value [0]
[ADMIN] [5/27/2017 11:37] [PENJUALAN] CASHIER FORM : TextBox_TextChanged, attempt to calculate total value
[ADMIN] [5/27/2017 11:37] [PENJUALAN] CASHIER FORM : calculateTotal
[ADMIN] [5/27/2017 11:37] [PENJUALAN] CASHIER FORM : calculateTotal [0]
[ADMIN] [5/27/2017 11:37] [PENJUALAN] CASHIER FORM : calculateTotal, totalAfterDisc [0]
[ADMIN] [5/27/2017 11:37] [PENJUALAN] CASHIER FORM : calculateChangeValue, bayarTextBox.Text [0]
[ADMIN] [5/27/2017 11:37] [PENJUALAN] CASHIER FORM : calculateChangeValue, sisaBayar [0]
[ADMIN] [5/27/2017 11:37] [PENJUALAN] CASHIER FORM : cashierDataGridView_CellValueChanged [qty]
[ADMIN] [5/27/2017 11:37] [PENJUALAN] CASHIER FORM : TextBox_TextChanged, previousInput []
[ADMIN] [5/27/2017 11:37] [PENJUALAN] CASHIER FORM : TextBox_TextChanged, dataGridViewTextBoxEditingControl.Text pass REGEX Checking
[ADMIN] [5/27/2017 11:37] [PENJUALAN] CASHIER FORM : CALCULATE SUBTOTAL
[ADMIN] [5/27/2017 11:37] [PENJUALAN] CASHIER FORM : SUBTOTAL [0]
[ADMIN] [5/27/2017 11:37] [PENJUALAN] CASHIER FORM : TextBox_TextChanged, subtotal value [0]
[ADMIN] [5/27/2017 11:37] [PENJUALAN] CASHIER FORM : TextBox_TextChanged, attempt to calculate total value
[ADMIN] [5/27/2017 11:37] [PENJUALAN] CASHIER FORM : calculateTotal
[ADMIN] [5/27/2017 11:37] [PENJUALAN] CASHIER FORM : calculateTotal [0]
[ADMIN] [5/27/2017 11:37] [PENJUALAN] CASHIER FORM : calculateTotal, totalAfterDisc [0]
[ADMIN] [5/27/2017 11:37] [PENJUALAN] CASHIER FORM : calculateChangeValue, bayarTextBox.Text [0]
[ADMIN] [5/27/2017 11:37] [PENJUALAN] CASHIER FORM : calculateChangeValue, sisaBayar [0]
[ADMIN] [5/27/2017 11:37] [PENJUALAN] CASHIER FORM : cashierDataGridView_CellValueChanged [disc2]
[ADMIN] [5/27/2017 11:37] [PENJUALAN] CASHIER FORM : TextBox_TextChanged, previousInput []
[ADMIN] [5/27/2017 11:37] [PENJUALAN] CASHIER FORM : TextBox_TextChanged, dataGridViewTextBoxEditingControl.Text pass REGEX Checking
[ADMIN] [5/27/2017 11:37] [PENJUALAN] CASHIER FORM : CALCULATE SUBTOTAL
[ADMIN] [5/27/2017 11:37] [PENJUALAN] CASHIER FORM : SUBTOTAL [0]
[ADMIN] [5/27/2017 11:37] [PENJUALAN] CASHIER FORM : TextBox_TextChanged, subtotal value [0]
[ADMIN] [5/27/2017 11:37] [PENJUALAN] CASHIER FORM : TextBox_TextChanged, attempt to calculate total value
[ADMIN] [5/27/2017 11:37] [PENJUALAN] CASHIER FORM : calculateTotal
[ADMIN] [5/27/2017 11:37] [PENJUALAN] CASHIER FORM : calculateTotal [0]
[ADMIN] [5/27/2017 11:37] [PENJUALAN] CASHIER FORM : calculateTotal, totalAfterDisc [0]
[ADMIN] [5/27/2017 11:37] [PENJUALAN] CASHIER FORM : calculateChangeValue, bayarTextBox.Text [0]
[ADMIN] [5/27/2017 11:37] [PENJUALAN] CASHIER FORM : calculateChangeValue, sisaBayar [0]
[ADMIN] [5/27/2017 11:37] [PENJUALAN] CASHIER FORM : cashierDataGridView_CellValueChanged [discRP]
[ADMIN] [5/27/2017 11:37] [PENJUALAN] CASHIER FORM : TextBox_TextChanged, previousInput []
[ADMIN] [5/27/2017 11:37] [PENJUALAN] CASHIER FORM : TextBox_TextChanged, dataGridViewTextBoxEditingControl.Text pass REGEX Checking
[ADMIN] [5/27/2017 11:37] [PENJUALAN] CASHIER FORM : CALCULATE SUBTOTAL
[ADMIN] [5/27/2017 11:37] [PENJUALAN] CASHIER FORM : SUBTOTAL [0]
[ADMIN] [5/27/2017 11:37] [PENJUALAN] CASHIER FORM : TextBox_TextChanged, subtotal value [0]
[ADMIN] [5/27/2017 11:37] [PENJUALAN] CASHIER FORM : TextBox_TextChanged, attempt to calculate total value
[ADMIN] [5/27/2017 11:37] [PENJUALAN] CASHIER FORM : calculateTotal
[ADMIN] [5/27/2017 11:37] [PENJUALAN] CASHIER FORM : calculateTotal [0]
[ADMIN] [5/27/2017 11:37] [PENJUALAN] CASHIER FORM : calculateTotal, totalAfterDisc [0]
[ADMIN] [5/27/2017 11:37] [PENJUALAN] CASHIER FORM : calculateChangeValue, bayarTextBox.Text [0]
[ADMIN] [5/27/2017 11:37] [PENJUALAN] CASHIER FORM : calculateChangeValue, sisaBayar [0]
[ADMIN] [5/27/2017 11:37] [PENJUALAN] CASHIER FORM : cashierDataGridView_CellValueChanged [jumlah]
[ADMIN] [5/27/2017 11:37] [PENJUALAN] CASHIER FORM : cashierDataGridView_CellValueChanged [productName]
[ADMIN] [5/27/2017 11:37] [PENJUALAN] CASHIER FORM : UNREGISTER HOTKEY
[ADMIN] [5/27/2017 11:37] [PENJUALAN] CASHIER FORM : ADD NEW ROW FROM BARCODE [ALUMUNIUM 1.4 KG]
[ADMIN] [5/27/2017 11:37] [PENJUALAN] CASHIER FORM : cashierDataGridView_CellValueChanged [productID]
[ADMIN] [5/27/2017 11:37] [PENJUALAN] CASHIER FORM : cashierDataGridView_CellValueChanged [productName]
[ADMIN] [5/27/2017 11:37] [PENJUALAN] CASHIER FORM : PRODUCT PRICE TYPE [PRODUCT_BASE_PRICE]
[ADMIN] [5/27/2017 11:37] [PENJUALAN] CASHIER FORM : PRODUCT PRICE [49500]
[ADMIN] [5/27/2017 11:37] [PENJUALAN] CASHIER FORM : ComboBox_SelectedIndexChanged, PRODUCT_BASE_PRICE [49500]
[ADMIN] [5/27/2017 11:37] [PENJUALAN] CASHIER FORM : cashierDataGridView_CellValueChanged [hpp]
[ADMIN] [5/27/2017 11:37] [PENJUALAN] CASHIER FORM : PRODUCT PRICE TYPE [PRODUCT_RETAIL_PRICE]
[ADMIN] [5/27/2017 11:37] [PENJUALAN] CASHIER FORM : PRODUCT PRICE [51000]
[ADMIN] [5/27/2017 11:37] [PENJUALAN] CASHIER FORM : ComboBox_SelectedIndexChanged, PRODUCT_SALES_PRICE [51000]
[ADMIN] [5/27/2017 11:37] [PENJUALAN] CASHIER FORM : cashierDataGridView_CellValueChanged [productPrice]
[ADMIN] [5/27/2017 11:37] [PENJUALAN] CASHIER FORM : TextBox_TextChanged, previousInput []
[ADMIN] [5/27/2017 11:37] [PENJUALAN] CASHIER FORM : TextBox_TextChanged, dataGridViewTextBoxEditingControl.Text pass REGEX Checking
[ADMIN] [5/27/2017 11:37] [PENJUALAN] CASHIER FORM : CALCULATE SUBTOTAL
[ADMIN] [5/27/2017 11:37] [PENJUALAN] CASHIER FORM : SUBTOTAL [0]
[ADMIN] [5/27/2017 11:37] [PENJUALAN] CASHIER FORM : TextBox_TextChanged, subtotal value [0]
[ADMIN] [5/27/2017 11:37] [PENJUALAN] CASHIER FORM : TextBox_TextChanged, attempt to calculate total value
[ADMIN] [5/27/2017 11:37] [PENJUALAN] CASHIER FORM : calculateTotal
[ADMIN] [5/27/2017 11:37] [PENJUALAN] CASHIER FORM : calculateTotal [0]
[ADMIN] [5/27/2017 11:37] [PENJUALAN] CASHIER FORM : calculateTotal, totalAfterDisc [0]
[ADMIN] [5/27/2017 11:37] [PENJUALAN] CASHIER FORM : calculateChangeValue, bayarTextBox.Text [0]
[ADMIN] [5/27/2017 11:37] [PENJUALAN] CASHIER FORM : calculateChangeValue, sisaBayar [0]
[ADMIN] [5/27/2017 11:37] [PENJUALAN] CASHIER FORM : cashierDataGridView_CellValueChanged [qty]
[ADMIN] [5/27/2017 11:37] [PENJUALAN] CASHIER FORM : TextBox_TextChanged, previousInput []
[ADMIN] [5/27/2017 11:37] [PENJUALAN] CASHIER FORM : TextBox_TextChanged, dataGridViewTextBoxEditingControl.Text pass REGEX Checking
[ADMIN] [5/27/2017 11:37] [PENJUALAN] CASHIER FORM : CALCULATE SUBTOTAL
[ADMIN] [5/27/2017 11:37] [PENJUALAN] CASHIER FORM : SUBTOTAL [0]
[ADMIN] [5/27/2017 11:37] [PENJUALAN] CASHIER FORM : TextBox_TextChanged, subtotal value [0]
[ADMIN] [5/27/2017 11:37] [PENJUALAN] CASHIER FORM : TextBox_TextChanged, attempt to calculate total value
[ADMIN] [5/27/2017 11:37] [PENJUALAN] CASHIER FORM : calculateTotal
[ADMIN] [5/27/2017 11:37] [PENJUALAN] CASHIER FORM : calculateTotal [0]
[ADMIN] [5/27/2017 11:37] [PENJUALAN] CASHIER FORM : calculateTotal, totalAfterDisc [0]
[ADMIN] [5/27/2017 11:37] [PENJUALAN] CASHIER FORM : calculateChangeValue, bayarTextBox.Text [0]
[ADMIN] [5/27/2017 11:37] [PENJUALAN] CASHIER FORM : calculateChangeValue, sisaBayar [0]
[ADMIN] [5/27/2017 11:37] [PENJUALAN] CASHIER FORM : cashierDataGridView_CellValueChanged [jumlah]
[ADMIN] [5/27/2017 11:37] [PENJUALAN] CASHIER FORM : ComboBox_SelectedIndexChanged, attempt to calculate total
[ADMIN] [5/27/2017 11:37] [PENJUALAN] CASHIER FORM : calculateTotal
[ADMIN] [5/27/2017 11:37] [PENJUALAN] CASHIER FORM : calculateTotal [0]
[ADMIN] [5/27/2017 11:37] [PENJUALAN] CASHIER FORM : calculateTotal, totalAfterDisc [0]
[ADMIN] [5/27/2017 11:37] [PENJUALAN] CASHIER FORM : calculateChangeValue, bayarTextBox.Text [0]
[ADMIN] [5/27/2017 11:37] [PENJUALAN] CASHIER FORM : calculateChangeValue, sisaBayar [0]
[ADMIN] [5/27/2017 11:37] [] CHECK STOCK QTY IS ENOUGH [2]
[ADMIN] [5/27/2017 11:37] [] CHECK STOCK QTY IS ENOUGH [-88, 1]
[ADMIN] [5/27/2017 11:37] [PENJUALAN] CASHIER FORM : SET QTY TO 0 BECAUSE OF NEW ROW BUT STOCK IS NOT ENOUGH
[ADMIN] [5/27/2017 11:37] [PENJUALAN] CASHIER FORM : CALCULATE SUBTOTAL
[ADMIN] [5/27/2017 11:37] [PENJUALAN] CASHIER FORM : SUBTOTAL [0]
[ADMIN] [5/27/2017 11:37] [PENJUALAN] CASHIER FORM : cashierDataGridView_CellValueChanged [jumlah]
[ADMIN] [5/27/2017 11:37] [PENJUALAN] CASHIER FORM : calculateTotal
[ADMIN] [5/27/2017 11:37] [PENJUALAN] CASHIER FORM : calculateTotal [0]
[ADMIN] [5/27/2017 11:37] [PENJUALAN] CASHIER FORM : calculateTotal, totalAfterDisc [0]
[ADMIN] [5/27/2017 11:37] [PENJUALAN] CASHIER FORM : calculateChangeValue, bayarTextBox.Text [0]
[ADMIN] [5/27/2017 11:37] [PENJUALAN] CASHIER FORM : calculateChangeValue, sisaBayar [0]
[ADMIN] [5/27/2017 11:37] [PENJUALAN] CASHIER FORM : REGISTER HOTKEY
[ADMIN] [5/27/2017 11:37] [PENJUALAN] CASHIER FORM : cashierDataGridView_CellValueChanged [qty]
[ADMIN] [5/27/2017 11:37] [PENJUALAN] CASHIER FORM : TextBox_TextChanged, previousInput []
[ADMIN] [5/27/2017 11:37] [PENJUALAN] CASHIER FORM : TextBox_TextChanged, dataGridViewTextBoxEditingControl.Text pass REGEX Checking
[ADMIN] [5/27/2017 11:37] [PENJUALAN] CASHIER FORM : CALCULATE SUBTOTAL
[ADMIN] [5/27/2017 11:37] [PENJUALAN] CASHIER FORM : SUBTOTAL [51000]
[ADMIN] [5/27/2017 11:37] [PENJUALAN] CASHIER FORM : TextBox_TextChanged, subtotal value [51000]
[ADMIN] [5/27/2017 11:37] [PENJUALAN] CASHIER FORM : TextBox_TextChanged, attempt to calculate total value
[ADMIN] [5/27/2017 11:37] [PENJUALAN] CASHIER FORM : calculateTotal
[ADMIN] [5/27/2017 11:37] [PENJUALAN] CASHIER FORM : calculateTotal [51000]
[ADMIN] [5/27/2017 11:37] [PENJUALAN] CASHIER FORM : calculateTotal, totalAfterDisc [51000]
[ADMIN] [5/27/2017 11:37] [PENJUALAN] CASHIER FORM : calculateChangeValue, bayarTextBox.Text [0]
[ADMIN] [5/27/2017 11:37] [PENJUALAN] CASHIER FORM : calculateChangeValue, sisaBayar [0]
[ADMIN] [5/27/2017 11:38] [PENJUALAN] CASHIER FORM : UNREGISTER HOTKEY
[ADMIN] [5/27/2017 11:38] [PENJUALAN] CASHIER FORM : REGISTER HOTKEY
[ADMIN] [5/27/2017 11:38] [PENJUALAN] CASHIER FORM : DISPLAY PELANGGAN FORM
[ADMIN] [5/27/2017 11:38] [PENJUALAN] CASHIER FORM : UNREGISTER HOTKEY
[ADMIN] [5/27/2017 11:39] [PENJUALAN] CASHIER FORM : SELECTED CUSTOMER ID [1]
[ADMIN] [5/27/2017 11:39] [PENJUALAN] CASHIER FORM : ATTEMPT TO SET CUSTOMER PROFILE
[ADMIN] [5/27/2017 11:39] [PENJUALAN] CASHIER FORM : SET CUSTOMER PROFILE [PELANGGAN 1]
[ADMIN] [5/27/2017 11:39] [PENJUALAN] CASHIER FORM : CUSTOMER GROUP [P-UMUM [ECER]]
[ADMIN] [5/27/2017 11:39] [PENJUALAN] CASHIER FORM : FINISHED SET CUSTOMER PROFILE
[ADMIN] [5/27/2017 11:39] [PENJUALAN] CASHIER FORM : ATTEMPT TO REFRESH PRODUCT PRICE
[ADMIN] [5/27/2017 11:39] [PENJUALAN] CASHIER FORM : PRODUCT PRICE TYPE [PRODUCT_RETAIL_PRICE]
[ADMIN] [5/27/2017 11:39] [PENJUALAN] CASHIER FORM : PRODUCT PRICE [51000]
[ADMIN] [5/27/2017 11:39] [PENJUALAN] CASHIER FORM : CALCULATE SUBTOTAL
[ADMIN] [5/27/2017 11:39] [PENJUALAN] CASHIER FORM : SUBTOTAL [51000]
[ADMIN] [5/27/2017 11:39] [PENJUALAN] CASHIER FORM : calculateTotal
[ADMIN] [5/27/2017 11:39] [PENJUALAN] CASHIER FORM : calculateTotal [51000]
[ADMIN] [5/27/2017 11:39] [PENJUALAN] CASHIER FORM : calculateTotal, totalAfterDisc [51000]
[ADMIN] [5/27/2017 11:39] [PENJUALAN] CASHIER FORM : calculateChangeValue, bayarTextBox.Text [0]
[ADMIN] [5/27/2017 11:39] [PENJUALAN] CASHIER FORM : calculateChangeValue, sisaBayar [0]
[ADMIN] [5/27/2017 11:39] [PENJUALAN] CASHIER FORM : PRODUCT PRICE REFRESHED
[ADMIN] [5/27/2017 11:39] [PENJUALAN] CASHIER FORM : REGISTER HOTKEY
[ADMIN] [5/27/2017 11:39] [PENJUALAN] CASHIER FORM : HOTKEY TO SAVE AND PRINT OUT INVOICE PRESSED
[ADMIN] [5/27/2017 11:39] [PENJUALAN] CASHIER FORM : UNREGISTER HOTKEY
[ADMIN] [5/27/2017 11:39] [PENJUALAN] CASHIER FORM : REGISTER HOTKEY
[ADMIN] [5/27/2017 11:39] [PENJUALAN] ATTEMPT TO SAVE AND PRINT OUT INVOICE
[ADMIN] [5/27/2017 11:39] [PENJUALAN] CASHIER FORM : UNREGISTER HOTKEY
[ADMIN] [5/27/2017 11:39] [PENJUALAN] CASHIER FORM : ATTEMPT TO SAVE SALES DATA [27-05-2017 11:39]
[ADMIN] [5/27/2017 11:39] [PENJUALAN] CASHIER FORM : SALES DISC FINAL [0]
[ADMIN] [5/27/2017 11:39] [PENJUALAN] CASHIER FORM : CASH SALES
[ADMIN] [5/27/2017 11:39] [PENJUALAN] CASHIER FORM : MAX SALES INVOICE [6]
[ADMIN] [5/27/2017 11:39] [PENJUALAN] CASHIER FORM : SALES INVOICE [SQ-7]
[ADMIN] [5/27/2017 11:39] [PENJUALAN] INSERT INTO SALES QUOTATION HEADER [SQ-7]
[ADMIN] [5/27/2017 11:39] [PENJUALAN] INSERT INTO SALES QUOTATION DETAIL[2, 51000, 1]
[ADMIN] [5/27/2017 11:39] [PENJUALAN] CASHIER FORM : REGISTER HOTKEY
[ADMIN] [5/27/2017 11:39] [PENJUALAN] TRANSACTION SAVED
[ADMIN] [5/27/2017 11:39] [PENJUALAN] PRINT OUT INVOICE
[ADMIN] [5/27/2017 11:39] [PENJUALAN] CASHIER FORM : PrintReceipt
[ADMIN] [5/27/2017 11:39] [PENJUALAN] CASHIER FORM : PrintReceipt, papermode [1]
[ADMIN] [5/27/2017 11:39] [PENJUALAN] CASHIER FORM : PrintReceipt, display SalesReceiptForm
[ADMIN] [5/27/2017 11:39] [PENJUALAN] CASHIER FORM : UNREGISTER HOTKEY
[ADMIN] [5/27/2017 11:39] [PENJUALAN] CASHIER FORM : REGISTER HOTKEY
[ADMIN] [5/27/2017 11:39] [PENJUALAN] VALIDATE USER CREDIT STATUS
[ADMIN] [5/27/2017 11:39] [PENJUALAN] CASHIER FORM : UNREGISTER HOTKEY
[ADMIN] [5/27/2017 11:39] [PENJUALAN] CASHIER FORM : REGISTER HOTKEY
[ADMIN] [5/27/2017 11:39] [PENJUALAN] CASHIER FORM : discJualMaskedTextBox_Validating, totalAfterDisc [0]
[ADMIN] [5/27/2017 11:39] [PENJUALAN] CASHIER FORM : UNREGISTER HOTKEY
[] [5/27/2017 11:40] [] USER = ADMIN IS ACTIVE
[ADMIN] [5/27/2017 11:40] [] USER ID = 1 LOGIN SUCCESSFULLY
[ADMIN] [5/27/2017 11:40] [] ACTIVATE USER ACCESS RIGHT
[ADMIN] [5/27/2017 11:40] [] DISPLAY ADMIN FORM
[ADMIN] [5/27/2017 11:40] [] adminForm Load
[ADMIN] [5/27/2017 11:50] [PENJUALAN] CASHIER FORM : REGISTER HOTKEY
[ADMIN] [5/27/2017 11:50] [PENJUALAN] CASHIER FORM : ADD NEW ROW,  isActive [True]
[ADMIN] [5/27/2017 11:50] [PENJUALAN] CASHIER FORM : ADD NEW ROW,  ROW COUNT [0]
[ADMIN] [5/27/2017 11:50] [PENJUALAN] CASHIER FORM : REGISTER HOTKEY
[ADMIN] [5/27/2017 11:50] [PENJUALAN] CASHIER FORM : UNREGISTER HOTKEY
[ADMIN] [5/27/2017 11:50] [PENJUALAN] CASHIER FORM : REGISTER HOTKEY
[ADMIN] [5/27/2017 11:50] [PENJUALAN] RE-PRINT INVOICE
[ADMIN] [5/27/2017 11:50] [PENJUALAN] CASHIER FORM : PrintReceipt
[ADMIN] [5/27/2017 11:50] [PENJUALAN] CASHIER FORM : PrintReceipt, papermode [1]
[ADMIN] [5/27/2017 11:50] [PENJUALAN] CASHIER FORM : PrintReceipt, display SalesReceiptForm
[ADMIN] [5/27/2017 11:50] [PENJUALAN] CASHIER FORM : UNREGISTER HOTKEY
[ADMIN] [5/27/2017 11:50] [PENJUALAN] CASHIER FORM : REGISTER HOTKEY
[ADMIN] [5/27/2017 11:50] [PENJUALAN] CASHIER FORM : UNREGISTER HOTKEY
[ADMIN] [5/27/2017 11:50] [PENJUALAN] CASHIER FORM : REGISTER HOTKEY
[ADMIN] [5/27/2017 11:50] [PENJUALAN] CASHIER FORM : UNREGISTER HOTKEY
[ADMIN] [5/27/2017 11:50] [PENJUALAN] CASHIER FORM : REGISTER HOTKEY
[ADMIN] [5/27/2017 11:50] [PENJUALAN] RE-PRINT INVOICE
[ADMIN] [5/27/2017 11:50] [PENJUALAN] CASHIER FORM : PrintReceipt
[ADMIN] [5/27/2017 11:50] [PENJUALAN] CASHIER FORM : PrintReceipt, papermode [1]
[ADMIN] [5/27/2017 11:50] [PENJUALAN] CASHIER FORM : PrintReceipt, display SalesReceiptForm
[ADMIN] [5/27/2017 11:50] [PENJUALAN] CASHIER FORM : UNREGISTER HOTKEY
[ADMIN] [5/27/2017 11:50] [PENJUALAN] CASHIER FORM : REGISTER HOTKEY
[ADMIN] [5/27/2017 11:50] [PENJUALAN] CASHIER FORM : UNREGISTER HOTKEY
[ADMIN] [5/27/2017 11:50] [PENJUALAN] CASHIER FORM : REGISTER HOTKEY
[ADMIN] [5/27/2017 11:50] [PENJUALAN] CASHIER FORM : UNREGISTER HOTKEY
[ADMIN] [5/27/2017 11:51] [PENJUALAN] CASHIER FORM : REGISTER HOTKEY
[ADMIN] [5/27/2017 11:51] [PENJUALAN] CASHIER FORM : UNREGISTER HOTKEY
[ADMIN] [5/27/2017 11:51] [PENJUALAN] CASHIER FORM : UNREGISTER HOTKEY
[ADMIN] [5/27/2017 11:51] [] GUTIL : MAX RS_INVOICE [1]
[ADMIN] [5/27/2017 11:51] [] GUTIL : RS_INVOICE [RS-2]
[ADMIN] [5/27/2017 11:51] [RETUR PENJUALAN] RETUR PENJUALAN : detailReturDataGridView_CellValueChanged [qty]
[ADMIN] [5/27/2017 11:51] [RETUR PENJUALAN] RETUR PENJUALAN : detailReturDataGridView_CellValueChanged [subtotal]
[ADMIN] [5/27/2017 11:51] [RETUR PENJUALAN] RETUR PENJUALAN : detailReturDataGridView_CellValueChanged [productName]
[ADMIN] [5/27/2017 11:51] [RETUR PENJUALAN] RETUR PENJUALAN : detailReturDataGridView_CellValueChanged [productID]
[ADMIN] [5/27/2017 11:51] [RETUR PENJUALAN] RETUR PENJUALAN : detailReturDataGridView_CellValueChanged [productName]
[ADMIN] [5/27/2017 11:51] [RETUR PENJUALAN] updateSomeRowsContent, PRODUCT_BASE_PRICE [11]
[ADMIN] [5/27/2017 11:51] [RETUR PENJUALAN] RETUR PENJUALAN : detailReturDataGridView_CellValueChanged [productPrice]
[ADMIN] [5/27/2017 11:51] [RETUR PENJUALAN] RETUR PENJUALAN : detailReturDataGridView_CellValueChanged [qty]
[ADMIN] [5/27/2017 11:51] [RETUR PENJUALAN] RETUR PENJUALAN : detailReturDataGridView_CellValueChanged [subtotal]
[ADMIN] [5/27/2017 11:51] [RETUR PENJUALAN] updateSomeRowsContent, attempt to calculate total
[ADMIN] [5/27/2017 11:51] [RETUR PENJUALAN] RETUR PENJUALAN : detailReturDataGridView_CellValueChanged [SOqty]
[ADMIN] [5/27/2017 11:51] [RETUR PENJUALAN] RETUR PENJUALAN : detailReturDataGridView_CellValueChanged [disc1]
[ADMIN] [5/27/2017 11:51] [RETUR PENJUALAN] RETUR PENJUALAN : detailReturDataGridView_CellValueChanged [disc2]
[ADMIN] [5/27/2017 11:51] [RETUR PENJUALAN] RETUR PENJUALAN : detailReturDataGridView_CellValueChanged [discRP]
[ADMIN] [5/27/2017 11:51] [RETUR PENJUALAN] RETUR PENJUALAN : detailReturDataGridView_CellValueChanged [subtotal]
[ADMIN] [5/27/2017 11:51] [RETUR PENJUALAN] RETUR PENJUALAN : detailReturDataGridView_CellValueChanged [qty]
[ADMIN] [5/27/2017 11:51] [RETUR PENJUALAN] RETUR PENJUALAN : detailReturDataGridView_CellValueChanged [subtotal]
[ADMIN] [5/27/2017 11:51] [RETUR PENJUALAN] RETUR PENJUALAN : detailReturDataGridView_CellValueChanged [qty]
[ADMIN] [5/27/2017 11:51] [RETUR PENJUALAN] RETUR PENJUALAN : detailReturDataGridView_CellValueChanged [qty]
[ADMIN] [5/27/2017 11:52] [] GUTIL : MAX RP_ID [3]
[ADMIN] [5/27/2017 11:52] [] GUTIL : RP_ID [RP-4]
[ADMIN] [5/27/2017 12:10] [] USER ID = 1LOGOUT
