[] [3/20/2017 15:45] [] USER = ADMIN IS ACTIVE
[ADMIN] [3/20/2017 15:45] [] USER ID = 1 LOGIN SUCCESSFULLY
[ADMIN] [3/20/2017 15:45] [] ACTIVATE USER ACCESS RIGHT
[ADMIN] [3/20/2017 15:45] [] DISPLAY ADMIN FORM
[ADMIN] [3/20/2017 15:45] [] adminForm Load
[ADMIN] [3/20/2017 15:46] [] GUTIL : MAX PR_INVOICE [7]
[ADMIN] [3/20/2017 15:46] [] GUTIL : PR_INVOICE [PR-8]
[ADMIN] [3/20/2017 15:46] [] GUTIL : MAX PR_INVOICE [7]
[ADMIN] [3/20/2017 15:46] [] GUTIL : PR_INVOICE [PR-8]
[ADMIN] [3/20/2017 15:47] [PENERIMAAN BARANG] PENERIMAAN BARANG : detailGridView_CellValueChanged [productName]
[ADMIN] [3/20/2017 15:47] [PENERIMAAN BARANG] PENERIMAAN BARANG : detailGridView_CellValueChanged [productID]
[ADMIN] [3/20/2017 15:47] [PENERIMAAN BARANG] PENERIMAAN BARANG : detailGridView_CellValueChanged [productName]
[ADMIN] [3/20/2017 15:47] [PENJUALAN] CASHIER FORM : ComboBox_SelectedIndexChanged, PRODUCT_BASE_PRICE [69500]
[ADMIN] [3/20/2017 15:47] [PENJUALAN] CASHIER FORM : ComboBox_SelectedIndexChanged, attempt to calculate total
[ADMIN] [3/20/2017 15:47] [PENERIMAAN BARANG] PENERIMAAN BARANG : detailGridView_CellValueChanged [qtyReceived]
[ADMIN] [3/20/2017 15:47] [PENERIMAAN BARANG] PENERIMAAN BARANG : detailGridView_CellValueChanged [subtotal]
[ADMIN] [3/20/2017 15:47] [PENERIMAAN BARANG] PENERIMAAN BARANG : detailGridView_CellValueChanged [subtotal]
[ADMIN] [3/20/2017 15:47] [PENERIMAAN BARANG] SAVE PENERIMAAN BARANG
[ADMIN] [3/20/2017 15:47] [] GUTIL : MAX PR_INVOICE [7]
[ADMIN] [3/20/2017 15:47] [] GUTIL : PR_INVOICE [PR-8]
[ADMIN] [3/20/2017 15:47] [PENERIMAAN BARANG] DIRECT PENERIMAAN BARANG, THEREFORE CALCULATE TAX LIMIT
[ADMIN] [3/20/2017 15:47] [PENERIMAAN BARANG] CHECK IF TAX LIMIT SET FOR PERCENTAGE PURCHASE [0]
[ADMIN] [3/20/2017 15:47] [PENERIMAAN BARANG] CHECK IF TAX LIMIT SET FOR AVERAGE DAILY PURCHASE [0]
[ADMIN] [3/20/2017 15:47] [PENERIMAAN BARANG] INSERT PENERIMAAN BARANG [PR-8]
[ADMIN] [3/20/2017 15:47] [PENERIMAAN BARANG] INSERT PO DATA BECAUSE OF DIRECT PENERIMAAN [PR-8]
[ADMIN] [3/20/2017 15:47] [PENERIMAAN BARANG] SAVE DETAIL PENERIMAAN [5, 69500, 1]
[ADMIN] [3/20/2017 15:47] [PENERIMAAN BARANG] UPDATE PRODUCT LOCATION DATA [5'1]
[ADMIN] [3/20/2017 15:47] [PENERIMAAN BARANG] UPDATE MASTER PRODUCT DATA [5]
[ADMIN] [3/20/2017 15:47] [PENERIMAAN BARANG] INSERT TO PURCHASE DETAIL [5]
[ADMIN] [3/20/2017 15:47] [PENERIMAAN BARANG] INSERT INTO DEBT [PR-8]
[ADMIN] [3/20/2017 15:47] [PENERIMAAN BARANG] PENERIMAAN BARANG SAVED
[ADMIN] [3/20/2017 15:48] [] USER ID = 1LOGOUT
