[] [1/28/2017 23:46] [] USER = ADMIN IS ACTIVE
[ADMIN] [1/28/2017 23:46] [] USER ID = 1 LOGIN SUCCESSFULLY
[ADMIN] [1/28/2017 23:46] [] ACTIVATE USER ACCESS RIGHT
[ADMIN] [1/28/2017 23:46] [] DISPLAY ADMIN FORM
[ADMIN] [1/28/2017 23:46] [] adminForm Load
[ADMIN] [1/28/2017 23:46] [] ACTIVATE USER ACCESS RIGHT
[ADMIN] [1/28/2017 23:46] [PENJUALAN] CASHIER FORM : REGISTER HOTKEY
[ADMIN] [1/28/2017 23:46] [PENJUALAN] CASHIER FORM : ADD NEW ROW,  isActive [True]
[ADMIN] [1/28/2017 23:46] [PENJUALAN] CASHIER FORM : ADD NEW ROW,  ROW COUNT [0]
[ADMIN] [1/28/2017 23:46] [PENJUALAN] CASHIER FORM : ADD NEW ROW,  ALLOW TO ADD [True]
[ADMIN] [1/28/2017 23:46] [PENJUALAN] CASHIER FORM : REGISTER HOTKEY
[ADMIN] [1/28/2017 23:46] [PENJUALAN] CASHIER FORM : UNREGISTER HOTKEY
[ADMIN] [1/28/2017 23:46] [PENJUALAN] CASHIER FORM : REGISTER HOTKEY
[ADMIN] [1/28/2017 23:46] [PENJUALAN] CASHIER FORM : UNREGISTER HOTKEY
[ADMIN] [1/28/2017 23:46] [PENJUALAN] CASHIER FORM : REGISTER HOTKEY
[ADMIN] [1/28/2017 23:46] [PENJUALAN] RE-PRINT INVOICE
[ADMIN] [1/28/2017 23:46] [PENJUALAN] CASHIER FORM : PrintReceipt
[ADMIN] [1/28/2017 23:46] [PENJUALAN] CASHIER FORM : PrintReceipt, papermode [0]
[ADMIN] [1/28/2017 23:46] [PENJUALAN] CASHIER FORM : PrintReceipt, display SalesReceiptForm
[ADMIN] [1/28/2017 23:46] [PENJUALAN] CASHIER FORM : UNREGISTER HOTKEY
[ADMIN] [1/28/2017 23:46] [PENJUALAN] CASHIER FORM : REGISTER HOTKEY
[ADMIN] [1/28/2017 23:46] [PENJUALAN] CASHIER FORM : UNREGISTER HOTKEY
[ADMIN] [1/28/2017 23:46] [PENJUALAN] CASHIER FORM : UNREGISTER HOTKEY
[ADMIN] [1/28/2017 23:46] [] USER ID = 1LOGOUT
