[] [1/25/2017 13:24] [] USER = ADMIN IS ACTIVE
[ADMIN] [1/25/2017 13:24] [] USER ID = 1 LOGIN SUCCESSFULLY
[ADMIN] [1/25/2017 13:24] [] ACTIVATE USER ACCESS RIGHT
[ADMIN] [1/25/2017 13:24] [] DISPLAY ADMIN FORM
[ADMIN] [1/25/2017 13:24] [] adminForm Load
[ADMIN] [1/25/2017 13:24] [PENJUALAN] CASHIER FORM : REGISTER HOTKEY
[ADMIN] [1/25/2017 13:24] [PENJUALAN] CASHIER FORM : cashierForm_Load, ATTEMPT TO LOAD NO FAKTUR
[ADMIN] [1/25/2017 13:24] [PENJUALAN] CASHIER FORM : loadNoFaktur, noFakturValue [SLO001]
[ADMIN] [1/25/2017 13:24] [PENJUALAN] CASHIER FORM : cashierForm_Load, ATTEMPT TO addColumnToDataGrid
[ADMIN] [1/25/2017 13:24] [PENJUALAN] CASHIER FORM : calculateTotal
[ADMIN] [1/25/2017 13:24] [PENJUALAN] CASHIER FORM : calculateTotal [0]
[ADMIN] [1/25/2017 13:24] [PENJUALAN] CASHIER FORM : calculateTotal, totalAfterDisc [0]
[ADMIN] [1/25/2017 13:24] [PENJUALAN] CASHIER FORM : REGISTER HOTKEY
[ADMIN] [1/25/2017 13:24] [PENJUALAN] CASHIER FORM : DISPLAY PELANGGAN FORM
[ADMIN] [1/25/2017 13:24] [PENJUALAN] CASHIER FORM : UNREGISTER HOTKEY
[ADMIN] [1/25/2017 13:24] [PENJUALAN] CASHIER FORM : SELECTED CUSTOMER ID [1]
[ADMIN] [1/25/2017 13:24] [PENJUALAN] CASHIER FORM : ATTEMPT TO SET CUSTOMER PROFILE
[ADMIN] [1/25/2017 13:24] [PENJUALAN] CASHIER FORM : SET CUSTOMER PROFILE [AS]
[ADMIN] [1/25/2017 13:24] [PENJUALAN] CASHIER FORM : CUSTOMER GROUP [P-UMUM [ECER]]
[ADMIN] [1/25/2017 13:24] [PENJUALAN] CASHIER FORM : FINISHED SET CUSTOMER PROFILE
[ADMIN] [1/25/2017 13:24] [PENJUALAN] CASHIER FORM : REGISTER HOTKEY
[ADMIN] [1/25/2017 13:24] [PENJUALAN] CASHIER FORM : UNREGISTER HOTKEY
[ADMIN] [1/25/2017 13:24] [PENJUALAN] CASHIER FORM : REGISTER HOTKEY
[ADMIN] [1/25/2017 13:24] [PENJUALAN] CASHIER FORM : SELECTED CUSTOMER ID [0]
[ADMIN] [1/25/2017 13:24] [PENJUALAN] CASHIER FORM : ATTEMPT TO SET CUSTOMER PROFILE
[ADMIN] [1/25/2017 13:24] [PENJUALAN] CASHIER FORM : RESET CUSTOMER PROFILE
[ADMIN] [1/25/2017 13:24] [PENJUALAN] CASHIER FORM : RESET CUSTOMER GROUP [P-UMUM [ECER]]
[ADMIN] [1/25/2017 13:24] [PENJUALAN] CASHIER FORM : FINISHED SET CUSTOMER PROFILE
[ADMIN] [1/25/2017 13:24] [PENJUALAN] CASHIER FORM : ATTEMPT TO REFRESH PRODUCT PRICE
[ADMIN] [1/25/2017 13:24] [PENJUALAN] CASHIER FORM : calculateTotal
[ADMIN] [1/25/2017 13:24] [PENJUALAN] CASHIER FORM : calculateTotal [0]
[ADMIN] [1/25/2017 13:24] [PENJUALAN] CASHIER FORM : calculateTotal, totalAfterDisc [0]
[ADMIN] [1/25/2017 13:24] [PENJUALAN] CASHIER FORM : PRODUCT PRICE REFRESHED
[ADMIN] [1/25/2017 13:24] [PENJUALAN] CASHIER FORM : HOTKEY TO ADD NEW ROW PRESSED
[ADMIN] [1/25/2017 13:24] [PENJUALAN] CASHIER FORM : ADD NEW ROW,  isActive [True]
[ADMIN] [1/25/2017 13:24] [PENJUALAN] CASHIER FORM : ADD NEW ROW,  ROW COUNT [0]
[ADMIN] [1/25/2017 13:24] [PENJUALAN] CASHIER FORM : ADD NEW ROW,  ALLOW TO ADD [True]
[ADMIN] [1/25/2017 13:24] [PENJUALAN] CASHIER FORM : cashierDataGridView_CellValueChanged [F8]
[ADMIN] [1/25/2017 13:24] [PENJUALAN] CASHIER FORM : cashierDataGridView_CellValueChanged [hpp]
[ADMIN] [1/25/2017 13:24] [PENJUALAN] CASHIER FORM : cashierDataGridView_CellValueChanged [productPrice]
[ADMIN] [1/25/2017 13:24] [PENJUALAN] CASHIER FORM : TextBox_TextChanged, previousInput []
[ADMIN] [1/25/2017 13:24] [PENJUALAN] CASHIER FORM : TextBox_TextChanged, dataGridViewTextBoxEditingControl.Text pass REGEX Checking
[ADMIN] [1/25/2017 13:24] [PENJUALAN] CASHIER FORM : CALCULATE SUBTOTAL
[ADMIN] [1/25/2017 13:24] [PENJUALAN] CASHIER FORM : SUBTOTAL [0]
[ADMIN] [1/25/2017 13:24] [PENJUALAN] CASHIER FORM : TextBox_TextChanged, subtotal value [0]
[ADMIN] [1/25/2017 13:24] [PENJUALAN] CASHIER FORM : TextBox_TextChanged, attempt to calculate total value
[ADMIN] [1/25/2017 13:24] [PENJUALAN] CASHIER FORM : calculateTotal
[ADMIN] [1/25/2017 13:24] [PENJUALAN] CASHIER FORM : calculateTotal [0]
[ADMIN] [1/25/2017 13:24] [PENJUALAN] CASHIER FORM : calculateTotal, totalAfterDisc [0]
[ADMIN] [1/25/2017 13:24] [PENJUALAN] CASHIER FORM : cashierDataGridView_CellValueChanged [disc1]
[ADMIN] [1/25/2017 13:24] [PENJUALAN] CASHIER FORM : TextBox_TextChanged, previousInput [0]
[ADMIN] [1/25/2017 13:24] [PENJUALAN] CASHIER FORM : TextBox_TextChanged, dataGridViewTextBoxEditingControl.Text [0]
[ADMIN] [1/25/2017 13:24] [PENJUALAN] CASHIER FORM : TextBox_TextChanged, dataGridViewTextBoxEditingControl.Text pass REGEX Checking
[ADMIN] [1/25/2017 13:24] [PENJUALAN] CASHIER FORM : CALCULATE SUBTOTAL
[ADMIN] [1/25/2017 13:24] [PENJUALAN] CASHIER FORM : SUBTOTAL [0]
[ADMIN] [1/25/2017 13:24] [PENJUALAN] CASHIER FORM : TextBox_TextChanged, subtotal value [0]
[ADMIN] [1/25/2017 13:24] [PENJUALAN] CASHIER FORM : TextBox_TextChanged, attempt to calculate total value
[ADMIN] [1/25/2017 13:24] [PENJUALAN] CASHIER FORM : calculateTotal
[ADMIN] [1/25/2017 13:24] [PENJUALAN] CASHIER FORM : calculateTotal [0]
[ADMIN] [1/25/2017 13:24] [PENJUALAN] CASHIER FORM : calculateTotal, totalAfterDisc [0]
[ADMIN] [1/25/2017 13:24] [PENJUALAN] CASHIER FORM : cashierDataGridView_CellValueChanged [qty]
[ADMIN] [1/25/2017 13:24] [PENJUALAN] CASHIER FORM : TextBox_TextChanged, previousInput [0]
[ADMIN] [1/25/2017 13:24] [PENJUALAN] CASHIER FORM : TextBox_TextChanged, dataGridViewTextBoxEditingControl.Text [0]
[ADMIN] [1/25/2017 13:24] [PENJUALAN] CASHIER FORM : TextBox_TextChanged, dataGridViewTextBoxEditingControl.Text pass REGEX Checking
[ADMIN] [1/25/2017 13:24] [PENJUALAN] CASHIER FORM : PRE ORDER SALES, CHECK STOCK QTY ALWAYS TRUE
[ADMIN] [1/25/2017 13:24] [PENJUALAN] CASHIER FORM : CALCULATE SUBTOTAL
[ADMIN] [1/25/2017 13:24] [PENJUALAN] CASHIER FORM : SUBTOTAL [0]
[ADMIN] [1/25/2017 13:24] [PENJUALAN] CASHIER FORM : TextBox_TextChanged, subtotal value [0]
[ADMIN] [1/25/2017 13:24] [PENJUALAN] CASHIER FORM : TextBox_TextChanged, attempt to calculate total value
[ADMIN] [1/25/2017 13:24] [PENJUALAN] CASHIER FORM : calculateTotal
[ADMIN] [1/25/2017 13:24] [PENJUALAN] CASHIER FORM : calculateTotal [0]
[ADMIN] [1/25/2017 13:24] [PENJUALAN] CASHIER FORM : calculateTotal, totalAfterDisc [0]
[ADMIN] [1/25/2017 13:24] [PENJUALAN] CASHIER FORM : cashierDataGridView_CellValueChanged [disc2]
[ADMIN] [1/25/2017 13:24] [PENJUALAN] CASHIER FORM : TextBox_TextChanged, previousInput [0]
[ADMIN] [1/25/2017 13:24] [PENJUALAN] CASHIER FORM : TextBox_TextChanged, dataGridViewTextBoxEditingControl.Text [0]
[ADMIN] [1/25/2017 13:24] [PENJUALAN] CASHIER FORM : TextBox_TextChanged, dataGridViewTextBoxEditingControl.Text pass REGEX Checking
[ADMIN] [1/25/2017 13:24] [PENJUALAN] CASHIER FORM : CALCULATE SUBTOTAL
[ADMIN] [1/25/2017 13:24] [PENJUALAN] CASHIER FORM : SUBTOTAL [0]
[ADMIN] [1/25/2017 13:24] [PENJUALAN] CASHIER FORM : TextBox_TextChanged, subtotal value [0]
[ADMIN] [1/25/2017 13:24] [PENJUALAN] CASHIER FORM : TextBox_TextChanged, attempt to calculate total value
[ADMIN] [1/25/2017 13:24] [PENJUALAN] CASHIER FORM : calculateTotal
[ADMIN] [1/25/2017 13:24] [PENJUALAN] CASHIER FORM : calculateTotal [0]
[ADMIN] [1/25/2017 13:24] [PENJUALAN] CASHIER FORM : calculateTotal, totalAfterDisc [0]
[ADMIN] [1/25/2017 13:24] [PENJUALAN] CASHIER FORM : cashierDataGridView_CellValueChanged [discRP]
[ADMIN] [1/25/2017 13:24] [PENJUALAN] CASHIER FORM : TextBox_TextChanged, previousInput [0]
[ADMIN] [1/25/2017 13:24] [PENJUALAN] CASHIER FORM : TextBox_TextChanged, dataGridViewTextBoxEditingControl.Text [0]
[ADMIN] [1/25/2017 13:24] [PENJUALAN] CASHIER FORM : TextBox_TextChanged, dataGridViewTextBoxEditingControl.Text pass REGEX Checking
[ADMIN] [1/25/2017 13:24] [PENJUALAN] CASHIER FORM : CALCULATE SUBTOTAL
[ADMIN] [1/25/2017 13:24] [PENJUALAN] CASHIER FORM : SUBTOTAL [0]
[ADMIN] [1/25/2017 13:24] [PENJUALAN] CASHIER FORM : TextBox_TextChanged, subtotal value [0]
[ADMIN] [1/25/2017 13:24] [PENJUALAN] CASHIER FORM : TextBox_TextChanged, attempt to calculate total value
[ADMIN] [1/25/2017 13:24] [PENJUALAN] CASHIER FORM : calculateTotal
[ADMIN] [1/25/2017 13:24] [PENJUALAN] CASHIER FORM : calculateTotal [0]
[ADMIN] [1/25/2017 13:24] [PENJUALAN] CASHIER FORM : calculateTotal, totalAfterDisc [0]
[ADMIN] [1/25/2017 13:24] [PENJUALAN] CASHIER FORM : cashierDataGridView_CellValueChanged [jumlah]
[ADMIN] [1/25/2017 13:24] [PENJUALAN] CASHIER FORM : cashierDataGridView_CellValueChanged [productName]
[ADMIN] [1/25/2017 13:24] [PENJUALAN] CASHIER FORM : cashierDataGridView_CellValueChanged [productName]
[ADMIN] [1/25/2017 13:24] [PENJUALAN] CASHIER FORM : cashierDataGridView_CellValueChanged [productName]
[ADMIN] [1/25/2017 13:24] [PENJUALAN] CASHIER FORM : cashierDataGridView_CellValueChanged [productName]
[ADMIN] [1/25/2017 13:24] [PENJUALAN] CASHIER FORM : cashierDataGridView_CellValueChanged [productName]
[ADMIN] [1/25/2017 13:24] [PENJUALAN] CASHIER FORM : cashierDataGridView_CellValueChanged [productID]
[ADMIN] [1/25/2017 13:24] [PENJUALAN] CASHIER FORM : PRODUCT PRICE TYPE [PRODUCT_BASE_PRICE]
[ADMIN] [1/25/2017 13:24] [PENJUALAN] CASHIER FORM : PRODUCT PRICE [208500]
[ADMIN] [1/25/2017 13:24] [PENJUALAN] CASHIER FORM : ComboBox_SelectedIndexChanged, PRODUCT_BASE_PRICE [208500]
[ADMIN] [1/25/2017 13:24] [PENJUALAN] CASHIER FORM : cashierDataGridView_CellValueChanged [hpp]
[ADMIN] [1/25/2017 13:24] [PENJUALAN] CASHIER FORM : PRODUCT PRICE TYPE [PRODUCT_RETAIL_PRICE]
[ADMIN] [1/25/2017 13:24] [PENJUALAN] CASHIER FORM : PRODUCT PRICE [210000]
[ADMIN] [1/25/2017 13:24] [PENJUALAN] CASHIER FORM : ComboBox_SelectedIndexChanged, PRODUCT_SALES_PRICE [210000]
[ADMIN] [1/25/2017 13:24] [PENJUALAN] CASHIER FORM : cashierDataGridView_CellValueChanged [productPrice]
[ADMIN] [1/25/2017 13:24] [PENJUALAN] CASHIER FORM : TextBox_TextChanged, previousInput []
[ADMIN] [1/25/2017 13:24] [PENJUALAN] CASHIER FORM : TextBox_TextChanged, dataGridViewTextBoxEditingControl.Text pass REGEX Checking
[ADMIN] [1/25/2017 13:24] [PENJUALAN] CASHIER FORM : CALCULATE SUBTOTAL
[ADMIN] [1/25/2017 13:24] [PENJUALAN] CASHIER FORM : SUBTOTAL [0]
[ADMIN] [1/25/2017 13:24] [PENJUALAN] CASHIER FORM : TextBox_TextChanged, subtotal value [0]
[ADMIN] [1/25/2017 13:24] [PENJUALAN] CASHIER FORM : TextBox_TextChanged, attempt to calculate total value
[ADMIN] [1/25/2017 13:24] [PENJUALAN] CASHIER FORM : calculateTotal
[ADMIN] [1/25/2017 13:24] [PENJUALAN] CASHIER FORM : calculateTotal [0]
[ADMIN] [1/25/2017 13:24] [PENJUALAN] CASHIER FORM : calculateTotal, totalAfterDisc [0]
[ADMIN] [1/25/2017 13:24] [PENJUALAN] CASHIER FORM : cashierDataGridView_CellValueChanged [qty]
[ADMIN] [1/25/2017 13:24] [PENJUALAN] CASHIER FORM : TextBox_TextChanged, previousInput [0]
[ADMIN] [1/25/2017 13:24] [PENJUALAN] CASHIER FORM : TextBox_TextChanged, dataGridViewTextBoxEditingControl.Text [0]
[ADMIN] [1/25/2017 13:24] [PENJUALAN] CASHIER FORM : TextBox_TextChanged, dataGridViewTextBoxEditingControl.Text pass REGEX Checking
[ADMIN] [1/25/2017 13:24] [PENJUALAN] CASHIER FORM : PRE ORDER SALES, CHECK STOCK QTY ALWAYS TRUE
[ADMIN] [1/25/2017 13:24] [PENJUALAN] CASHIER FORM : CALCULATE SUBTOTAL
[ADMIN] [1/25/2017 13:24] [PENJUALAN] CASHIER FORM : SUBTOTAL [0]
[ADMIN] [1/25/2017 13:24] [PENJUALAN] CASHIER FORM : TextBox_TextChanged, subtotal value [0]
[ADMIN] [1/25/2017 13:24] [PENJUALAN] CASHIER FORM : TextBox_TextChanged, attempt to calculate total value
[ADMIN] [1/25/2017 13:24] [PENJUALAN] CASHIER FORM : calculateTotal
[ADMIN] [1/25/2017 13:24] [PENJUALAN] CASHIER FORM : calculateTotal [0]
[ADMIN] [1/25/2017 13:24] [PENJUALAN] CASHIER FORM : calculateTotal, totalAfterDisc [0]
[ADMIN] [1/25/2017 13:24] [PENJUALAN] CASHIER FORM : ComboBox_SelectedIndexChanged, attempt to calculate total
[ADMIN] [1/25/2017 13:24] [PENJUALAN] CASHIER FORM : calculateTotal
[ADMIN] [1/25/2017 13:24] [PENJUALAN] CASHIER FORM : calculateTotal [0]
[ADMIN] [1/25/2017 13:24] [PENJUALAN] CASHIER FORM : calculateTotal, totalAfterDisc [0]
[ADMIN] [1/25/2017 13:24] [PENJUALAN] CASHIER FORM : cashierDataGridView_CellValueChanged [qty]
[ADMIN] [1/25/2017 13:24] [PENJUALAN] CASHIER FORM : TextBox_TextChanged, previousInput [0]
[ADMIN] [1/25/2017 13:24] [PENJUALAN] CASHIER FORM : TextBox_TextChanged, dataGridViewTextBoxEditingControl.Text [2]
[ADMIN] [1/25/2017 13:24] [PENJUALAN] CASHIER FORM : TextBox_TextChanged, dataGridViewTextBoxEditingControl.Text pass REGEX Checking
[ADMIN] [1/25/2017 13:24] [PENJUALAN] CASHIER FORM : PRE ORDER SALES, CHECK STOCK QTY ALWAYS TRUE
[ADMIN] [1/25/2017 13:24] [PENJUALAN] CASHIER FORM : CALCULATE SUBTOTAL
[ADMIN] [1/25/2017 13:24] [PENJUALAN] CASHIER FORM : SUBTOTAL [420000]
[ADMIN] [1/25/2017 13:24] [PENJUALAN] CASHIER FORM : TextBox_TextChanged, subtotal value [420000]
[ADMIN] [1/25/2017 13:24] [PENJUALAN] CASHIER FORM : TextBox_TextChanged, attempt to calculate total value
[ADMIN] [1/25/2017 13:24] [PENJUALAN] CASHIER FORM : calculateTotal
[ADMIN] [1/25/2017 13:24] [PENJUALAN] CASHIER FORM : calculateTotal [420000]
[ADMIN] [1/25/2017 13:24] [PENJUALAN] CASHIER FORM : calculateTotal, totalAfterDisc [420000]
[ADMIN] [1/25/2017 13:24] [PENJUALAN] CASHIER FORM : cashierDataGridView_CellValueChanged [qty]
[ADMIN] [1/25/2017 13:24] [PENJUALAN] CASHIER FORM : TextBox_TextChanged, previousInput [2]
[ADMIN] [1/25/2017 13:24] [PENJUALAN] CASHIER FORM : TextBox_TextChanged, dataGridViewTextBoxEditingControl.Text pass REGEX Checking
[ADMIN] [1/25/2017 13:24] [PENJUALAN] CASHIER FORM : PRE ORDER SALES, CHECK STOCK QTY ALWAYS TRUE
[ADMIN] [1/25/2017 13:24] [PENJUALAN] CASHIER FORM : CALCULATE SUBTOTAL
[ADMIN] [1/25/2017 13:24] [PENJUALAN] CASHIER FORM : SUBTOTAL [4200000]
[ADMIN] [1/25/2017 13:24] [PENJUALAN] CASHIER FORM : TextBox_TextChanged, subtotal value [4200000]
[ADMIN] [1/25/2017 13:24] [PENJUALAN] CASHIER FORM : TextBox_TextChanged, attempt to calculate total value
[ADMIN] [1/25/2017 13:24] [PENJUALAN] CASHIER FORM : calculateTotal
[ADMIN] [1/25/2017 13:24] [PENJUALAN] CASHIER FORM : calculateTotal [4200000]
[ADMIN] [1/25/2017 13:24] [PENJUALAN] CASHIER FORM : calculateTotal, totalAfterDisc [4200000]
[ADMIN] [1/25/2017 13:24] [PENJUALAN] CASHIER FORM : cashierDataGridView_CellValueChanged [qty]
[ADMIN] [1/25/2017 13:24] [PENJUALAN] CASHIER FORM : TextBox_TextChanged, previousInput [20]
[ADMIN] [1/25/2017 13:24] [PENJUALAN] CASHIER FORM : TextBox_TextChanged, dataGridViewTextBoxEditingControl.Text pass REGEX Checking
[ADMIN] [1/25/2017 13:24] [PENJUALAN] CASHIER FORM : PRE ORDER SALES, CHECK STOCK QTY ALWAYS TRUE
[ADMIN] [1/25/2017 13:24] [PENJUALAN] CASHIER FORM : CALCULATE SUBTOTAL
[ADMIN] [1/25/2017 13:24] [PENJUALAN] CASHIER FORM : SUBTOTAL [42000000]
[ADMIN] [1/25/2017 13:24] [PENJUALAN] CASHIER FORM : TextBox_TextChanged, subtotal value [42000000]
[ADMIN] [1/25/2017 13:24] [PENJUALAN] CASHIER FORM : TextBox_TextChanged, attempt to calculate total value
[ADMIN] [1/25/2017 13:24] [PENJUALAN] CASHIER FORM : calculateTotal
[ADMIN] [1/25/2017 13:24] [PENJUALAN] CASHIER FORM : calculateTotal [42000000]
[ADMIN] [1/25/2017 13:24] [PENJUALAN] CASHIER FORM : calculateTotal, totalAfterDisc [42000000]
[ADMIN] [1/25/2017 13:25] [PENJUALAN] CASHIER FORM : calculateChangeValue, bayarTextBox.Text [4]
[ADMIN] [1/25/2017 13:25] [PENJUALAN] CASHIER FORM : calculateChangeValue, sisaBayar [0]
[ADMIN] [1/25/2017 13:25] [PENJUALAN] CASHIER FORM : calculateChangeValue, bayarTextBox.Text [42]
[ADMIN] [1/25/2017 13:25] [PENJUALAN] CASHIER FORM : calculateChangeValue, sisaBayar [0]
[ADMIN] [1/25/2017 13:25] [PENJUALAN] CASHIER FORM : calculateChangeValue, bayarTextBox.Text [420]
[ADMIN] [1/25/2017 13:25] [PENJUALAN] CASHIER FORM : calculateChangeValue, sisaBayar [0]
[ADMIN] [1/25/2017 13:25] [PENJUALAN] CASHIER FORM : calculateChangeValue, bayarTextBox.Text [4200]
[ADMIN] [1/25/2017 13:25] [PENJUALAN] CASHIER FORM : calculateChangeValue, sisaBayar [0]
[ADMIN] [1/25/2017 13:25] [PENJUALAN] CASHIER FORM : calculateChangeValue, bayarTextBox.Text [42000]
[ADMIN] [1/25/2017 13:25] [PENJUALAN] CASHIER FORM : calculateChangeValue, sisaBayar [0]
[ADMIN] [1/25/2017 13:25] [PENJUALAN] CASHIER FORM : calculateChangeValue, bayarTextBox.Text [420000]
[ADMIN] [1/25/2017 13:25] [PENJUALAN] CASHIER FORM : calculateChangeValue, sisaBayar [0]
[ADMIN] [1/25/2017 13:25] [PENJUALAN] CASHIER FORM : calculateChangeValue, bayarTextBox.Text [4200000]
[ADMIN] [1/25/2017 13:25] [PENJUALAN] CASHIER FORM : calculateChangeValue, sisaBayar [0]
[ADMIN] [1/25/2017 13:25] [PENJUALAN] CASHIER FORM : calculateChangeValue, bayarTextBox.Text [42000000]
[ADMIN] [1/25/2017 13:25] [PENJUALAN] CASHIER FORM : calculateChangeValue, sisaBayar [0]
[ADMIN] [1/25/2017 13:25] [PENJUALAN] CASHIER FORM : HOTKEY TO SAVE AND PRINT OUT INVOICE PRESSED
[ADMIN] [1/25/2017 13:25] [PENJUALAN] CASHIER FORM : UNREGISTER HOTKEY
[ADMIN] [1/25/2017 13:25] [PENJUALAN] CASHIER FORM : REGISTER HOTKEY
[ADMIN] [1/25/2017 13:25] [PENJUALAN] ATTEMPT TO SAVE AND PRINT OUT INVOICE
[ADMIN] [1/25/2017 13:25] [PENJUALAN] CASHIER FORM : UNREGISTER HOTKEY
[ADMIN] [1/25/2017 13:25] [PENJUALAN] CASHIER FORM : REGISTER HOTKEY
[ADMIN] [1/25/2017 13:25] [PENJUALAN] CASHIER FORM : UNREGISTER HOTKEY
[ADMIN] [1/25/2017 13:25] [PENJUALAN] CASHIER FORM : ATTEMPT TO SAVE SALES DATA [25-01-2017 13:25]
[ADMIN] [1/25/2017 13:25] [PENJUALAN] CASHIER FORM : CASH SALES
[ADMIN] [1/25/2017 13:25] [PENJUALAN] CASHIER FORM : NO FAKTUR [SLO001]
[ADMIN] [1/25/2017 13:25] [PENJUALAN] CASHIER FORM : MAX SALES INVOICE [5]
[ADMIN] [1/25/2017 13:25] [PENJUALAN] CASHIER FORM : SALES INVOICE [SLO001-6]
[ADMIN] [1/25/2017 13:25] [PENJUALAN] INSERT INTO SALES HEADER [SLO001-6] SET PREORDER = 1
[ADMIN] [1/25/2017 13:25] [PENJUALAN] INSERT INTO SALES DETAIL[19, 210000, 200]
[ADMIN] [1/25/2017 13:25] [PENJUALAN] INSERT TO CREDIT TABLE [SLO001-6]
[ADMIN] [1/25/2017 13:25] [PENJUALAN] INSERT TO DAILY JOURNAL TABLE [42000000]
[ADMIN] [1/25/2017 13:25] [PENJUALAN] CASHIER FORM : REGISTER HOTKEY
[ADMIN] [1/25/2017 13:25] [PENJUALAN] TRANSACTION SAVED
[ADMIN] [1/25/2017 13:25] [PENJUALAN] PRINT OUT INVOICE
[ADMIN] [1/25/2017 13:25] [PENJUALAN] CASHIER FORM : PrintReceipt
[ADMIN] [1/25/2017 13:25] [PENJUALAN] CASHIER FORM : PrintReceipt, papermode [0]
[ADMIN] [1/25/2017 13:25] [PENJUALAN] CASHIER FORM : PrintReceipt, display SalesReceiptForm
[ADMIN] [1/25/2017 13:25] [PENJUALAN] CASHIER FORM : UNREGISTER HOTKEY
[ADMIN] [1/25/2017 13:25] [PENJUALAN] CASHIER FORM : REGISTER HOTKEY
[ADMIN] [1/25/2017 13:25] [PENJUALAN] VALIDATE USER CREDIT STATUS
[ADMIN] [1/25/2017 13:25] [PENJUALAN] CASHIER FORM : UNREGISTER HOTKEY
[ADMIN] [1/25/2017 13:25] [PENJUALAN] CASHIER FORM : REGISTER HOTKEY
[ADMIN] [1/25/2017 13:25] [PENJUALAN] CASHIER FORM : UNREGISTER HOTKEY
[ADMIN] [1/25/2017 13:25] [PENJUALAN] CASHIER FORM : UNREGISTER HOTKEY
[] [1/25/2017 13:58] [] USER = ADMIN IS ACTIVE
[ADMIN] [1/25/2017 13:58] [] USER ID = 1 LOGIN SUCCESSFULLY
[ADMIN] [1/25/2017 13:58] [] ACTIVATE USER ACCESS RIGHT
[ADMIN] [1/25/2017 13:58] [] DISPLAY ADMIN FORM
[ADMIN] [1/25/2017 13:58] [] adminForm Load
[ADMIN] [1/25/2017 14:00] [PENJUALAN] DELIVERY ORDER : detailGridView_CellValueChanged [qty]
[] [1/25/2017 14:02] [] USER = ADMIN IS ACTIVE
[ADMIN] [1/25/2017 14:02] [] USER ID = 1 LOGIN SUCCESSFULLY
[ADMIN] [1/25/2017 14:02] [] ACTIVATE USER ACCESS RIGHT
[ADMIN] [1/25/2017 14:03] [] DISPLAY ADMIN FORM
[ADMIN] [1/25/2017 14:03] [] adminForm Load
[ADMIN] [1/25/2017 14:03] [PENJUALAN] DELIVERY ORDER : detailGridView_CellValueChanged [qty]
[ADMIN] [1/25/2017 14:03] [PENJUALAN] Delivery Order : TextBox_TextChanged, dataGridViewTextBoxEditingControl.Text [20000]
[] [1/25/2017 14:04] [] USER = ADMIN IS ACTIVE
[ADMIN] [1/25/2017 14:04] [] USER ID = 1 LOGIN SUCCESSFULLY
[ADMIN] [1/25/2017 14:04] [] ACTIVATE USER ACCESS RIGHT
[ADMIN] [1/25/2017 14:04] [] DISPLAY ADMIN FORM
[ADMIN] [1/25/2017 14:04] [] adminForm Load
[ADMIN] [1/25/2017 14:05] [] USER ID = 1LOGOUT
