[] [1/25/2017 14:57] [] USER = ADMIN IS ACTIVE
[ADMIN] [1/25/2017 14:57] [] USER ID = 1 LOGIN SUCCESSFULLY
[ADMIN] [1/25/2017 14:57] [] ACTIVATE USER ACCESS RIGHT
[ADMIN] [1/25/2017 14:57] [] DISPLAY ADMIN FORM
[ADMIN] [1/25/2017 14:57] [] adminForm Load
[ADMIN] [1/25/2017 14:57] [PENJUALAN] CASHIER FORM : MULTIPLE CASHIER INSTANCE [1]
[ADMIN] [1/25/2017 14:57] [PENJUALAN] CASHIER FORM : REGISTER HOTKEY
[ADMIN] [1/25/2017 14:57] [PENJUALAN] CASHIER FORM : cashierForm_Load, ATTEMPT TO LOAD NO FAKTUR
[ADMIN] [1/25/2017 14:57] [PENJUALAN] CASHIER FORM : loadNoFaktur, noFakturValue [SLO001]
[ADMIN] [1/25/2017 14:57] [PENJUALAN] CASHIER FORM : cashierForm_Load, ATTEMPT TO addColumnToDataGrid
[ADMIN] [1/25/2017 14:57] [PENJUALAN] CASHIER FORM : calculateTotal
[ADMIN] [1/25/2017 14:57] [PENJUALAN] CASHIER FORM : calculateTotal [0]
[ADMIN] [1/25/2017 14:57] [PENJUALAN] CASHIER FORM : calculateTotal, totalAfterDisc [0]
[ADMIN] [1/25/2017 14:57] [PENJUALAN] CASHIER FORM : REGISTER HOTKEY
[ADMIN] [1/25/2017 14:57] [PENJUALAN] CASHIER FORM : HOTKEY TO ADD NEW ROW PRESSED
[ADMIN] [1/25/2017 14:57] [PENJUALAN] CASHIER FORM : ADD NEW ROW,  isActive [True]
[ADMIN] [1/25/2017 14:57] [PENJUALAN] CASHIER FORM : ADD NEW ROW,  ROW COUNT [0]
[ADMIN] [1/25/2017 14:57] [PENJUALAN] CASHIER FORM : ADD NEW ROW,  ALLOW TO ADD [True]
[ADMIN] [1/25/2017 14:57] [PENJUALAN] CASHIER FORM : cashierDataGridView_CellValueChanged [F8]
[ADMIN] [1/25/2017 14:57] [PENJUALAN] CASHIER FORM : cashierDataGridView_CellValueChanged [hpp]
[ADMIN] [1/25/2017 14:57] [PENJUALAN] CASHIER FORM : cashierDataGridView_CellValueChanged [productPrice]
[ADMIN] [1/25/2017 14:57] [PENJUALAN] CASHIER FORM : TextBox_TextChanged, previousInput []
[ADMIN] [1/25/2017 14:57] [PENJUALAN] CASHIER FORM : TextBox_TextChanged, dataGridViewTextBoxEditingControl.Text pass REGEX Checking
[ADMIN] [1/25/2017 14:57] [PENJUALAN] CASHIER FORM : CALCULATE SUBTOTAL
[ADMIN] [1/25/2017 14:57] [PENJUALAN] CASHIER FORM : SUBTOTAL [0]
[ADMIN] [1/25/2017 14:57] [PENJUALAN] CASHIER FORM : TextBox_TextChanged, subtotal value [0]
[ADMIN] [1/25/2017 14:57] [PENJUALAN] CASHIER FORM : TextBox_TextChanged, attempt to calculate total value
[ADMIN] [1/25/2017 14:57] [PENJUALAN] CASHIER FORM : calculateTotal
[ADMIN] [1/25/2017 14:57] [PENJUALAN] CASHIER FORM : calculateTotal [0]
[ADMIN] [1/25/2017 14:57] [PENJUALAN] CASHIER FORM : calculateTotal, totalAfterDisc [0]
[ADMIN] [1/25/2017 14:57] [PENJUALAN] CASHIER FORM : cashierDataGridView_CellValueChanged [disc1]
[ADMIN] [1/25/2017 14:57] [PENJUALAN] CASHIER FORM : TextBox_TextChanged, previousInput [0]
[ADMIN] [1/25/2017 14:57] [PENJUALAN] CASHIER FORM : TextBox_TextChanged, dataGridViewTextBoxEditingControl.Text [0]
[ADMIN] [1/25/2017 14:57] [PENJUALAN] CASHIER FORM : TextBox_TextChanged, dataGridViewTextBoxEditingControl.Text pass REGEX Checking
[ADMIN] [1/25/2017 14:57] [PENJUALAN] CASHIER FORM : CALCULATE SUBTOTAL
[ADMIN] [1/25/2017 14:57] [PENJUALAN] CASHIER FORM : SUBTOTAL [0]
[ADMIN] [1/25/2017 14:57] [PENJUALAN] CASHIER FORM : TextBox_TextChanged, subtotal value [0]
[ADMIN] [1/25/2017 14:57] [PENJUALAN] CASHIER FORM : TextBox_TextChanged, attempt to calculate total value
[ADMIN] [1/25/2017 14:57] [PENJUALAN] CASHIER FORM : calculateTotal
[ADMIN] [1/25/2017 14:57] [PENJUALAN] CASHIER FORM : calculateTotal [0]
[ADMIN] [1/25/2017 14:57] [PENJUALAN] CASHIER FORM : calculateTotal, totalAfterDisc [0]
[ADMIN] [1/25/2017 14:57] [PENJUALAN] CASHIER FORM : cashierDataGridView_CellValueChanged [qty]
[ADMIN] [1/25/2017 14:57] [PENJUALAN] CASHIER FORM : TextBox_TextChanged, previousInput [0]
[ADMIN] [1/25/2017 14:57] [PENJUALAN] CASHIER FORM : TextBox_TextChanged, dataGridViewTextBoxEditingControl.Text [0]
[ADMIN] [1/25/2017 14:57] [PENJUALAN] CASHIER FORM : TextBox_TextChanged, dataGridViewTextBoxEditingControl.Text pass REGEX Checking
[ADMIN] [1/25/2017 14:57] [] CHECK STOCK QTY IS ENOUGH []
[ADMIN] [1/25/2017 14:57] [PENJUALAN] CASHIER FORM : CALCULATE SUBTOTAL
[ADMIN] [1/25/2017 14:57] [PENJUALAN] CASHIER FORM : SUBTOTAL [0]
[ADMIN] [1/25/2017 14:57] [PENJUALAN] CASHIER FORM : TextBox_TextChanged, subtotal value [0]
[ADMIN] [1/25/2017 14:57] [PENJUALAN] CASHIER FORM : TextBox_TextChanged, attempt to calculate total value
[ADMIN] [1/25/2017 14:57] [PENJUALAN] CASHIER FORM : calculateTotal
[ADMIN] [1/25/2017 14:57] [PENJUALAN] CASHIER FORM : calculateTotal [0]
[ADMIN] [1/25/2017 14:57] [PENJUALAN] CASHIER FORM : calculateTotal, totalAfterDisc [0]
[ADMIN] [1/25/2017 14:57] [PENJUALAN] CASHIER FORM : cashierDataGridView_CellValueChanged [disc2]
[ADMIN] [1/25/2017 14:57] [PENJUALAN] CASHIER FORM : TextBox_TextChanged, previousInput [0]
[ADMIN] [1/25/2017 14:57] [PENJUALAN] CASHIER FORM : TextBox_TextChanged, dataGridViewTextBoxEditingControl.Text [0]
[ADMIN] [1/25/2017 14:57] [PENJUALAN] CASHIER FORM : TextBox_TextChanged, dataGridViewTextBoxEditingControl.Text pass REGEX Checking
[ADMIN] [1/25/2017 14:57] [PENJUALAN] CASHIER FORM : CALCULATE SUBTOTAL
[ADMIN] [1/25/2017 14:57] [PENJUALAN] CASHIER FORM : SUBTOTAL [0]
[ADMIN] [1/25/2017 14:57] [PENJUALAN] CASHIER FORM : TextBox_TextChanged, subtotal value [0]
[ADMIN] [1/25/2017 14:57] [PENJUALAN] CASHIER FORM : TextBox_TextChanged, attempt to calculate total value
[ADMIN] [1/25/2017 14:57] [PENJUALAN] CASHIER FORM : calculateTotal
[ADMIN] [1/25/2017 14:57] [PENJUALAN] CASHIER FORM : calculateTotal [0]
[ADMIN] [1/25/2017 14:57] [PENJUALAN] CASHIER FORM : calculateTotal, totalAfterDisc [0]
[ADMIN] [1/25/2017 14:57] [PENJUALAN] CASHIER FORM : cashierDataGridView_CellValueChanged [discRP]
[ADMIN] [1/25/2017 14:57] [PENJUALAN] CASHIER FORM : TextBox_TextChanged, previousInput [0]
[ADMIN] [1/25/2017 14:57] [PENJUALAN] CASHIER FORM : TextBox_TextChanged, dataGridViewTextBoxEditingControl.Text [0]
[ADMIN] [1/25/2017 14:57] [PENJUALAN] CASHIER FORM : TextBox_TextChanged, dataGridViewTextBoxEditingControl.Text pass REGEX Checking
[ADMIN] [1/25/2017 14:57] [PENJUALAN] CASHIER FORM : CALCULATE SUBTOTAL
[ADMIN] [1/25/2017 14:57] [PENJUALAN] CASHIER FORM : SUBTOTAL [0]
[ADMIN] [1/25/2017 14:57] [PENJUALAN] CASHIER FORM : TextBox_TextChanged, subtotal value [0]
[ADMIN] [1/25/2017 14:57] [PENJUALAN] CASHIER FORM : TextBox_TextChanged, attempt to calculate total value
[ADMIN] [1/25/2017 14:57] [PENJUALAN] CASHIER FORM : calculateTotal
[ADMIN] [1/25/2017 14:57] [PENJUALAN] CASHIER FORM : calculateTotal [0]
[ADMIN] [1/25/2017 14:57] [PENJUALAN] CASHIER FORM : calculateTotal, totalAfterDisc [0]
[ADMIN] [1/25/2017 14:57] [PENJUALAN] CASHIER FORM : cashierDataGridView_CellValueChanged [jumlah]
[ADMIN] [1/25/2017 14:57] [PENJUALAN] CASHIER FORM : cashierDataGridView_CellValueChanged [productName]
[ADMIN] [1/25/2017 14:57] [PENJUALAN] CASHIER FORM : cashierDataGridView_CellValueChanged [productName]
[ADMIN] [1/25/2017 14:57] [PENJUALAN] CASHIER FORM : cashierDataGridView_CellValueChanged [productName]
[ADMIN] [1/25/2017 14:57] [PENJUALAN] CASHIER FORM : cashierDataGridView_CellValueChanged [productName]
[ADMIN] [1/25/2017 14:57] [PENJUALAN] CASHIER FORM : cashierDataGridView_CellValueChanged [productID]
[ADMIN] [1/25/2017 14:57] [PENJUALAN] CASHIER FORM : PRODUCT PRICE TYPE [PRODUCT_BASE_PRICE]
[ADMIN] [1/25/2017 14:57] [PENJUALAN] CASHIER FORM : PRODUCT PRICE [137500]
[ADMIN] [1/25/2017 14:57] [PENJUALAN] CASHIER FORM : ComboBox_SelectedIndexChanged, PRODUCT_BASE_PRICE [137500]
[ADMIN] [1/25/2017 14:57] [PENJUALAN] CASHIER FORM : cashierDataGridView_CellValueChanged [hpp]
[ADMIN] [1/25/2017 14:57] [PENJUALAN] CASHIER FORM : PRODUCT PRICE TYPE [PRODUCT_RETAIL_PRICE]
[ADMIN] [1/25/2017 14:57] [PENJUALAN] CASHIER FORM : PRODUCT PRICE [139000]
[ADMIN] [1/25/2017 14:57] [PENJUALAN] CASHIER FORM : ComboBox_SelectedIndexChanged, PRODUCT_SALES_PRICE [139000]
[ADMIN] [1/25/2017 14:57] [PENJUALAN] CASHIER FORM : cashierDataGridView_CellValueChanged [productPrice]
[ADMIN] [1/25/2017 14:57] [PENJUALAN] CASHIER FORM : TextBox_TextChanged, previousInput []
[ADMIN] [1/25/2017 14:57] [PENJUALAN] CASHIER FORM : TextBox_TextChanged, dataGridViewTextBoxEditingControl.Text pass REGEX Checking
[ADMIN] [1/25/2017 14:57] [PENJUALAN] CASHIER FORM : CALCULATE SUBTOTAL
[ADMIN] [1/25/2017 14:57] [PENJUALAN] CASHIER FORM : SUBTOTAL [0]
[ADMIN] [1/25/2017 14:57] [PENJUALAN] CASHIER FORM : TextBox_TextChanged, subtotal value [0]
[ADMIN] [1/25/2017 14:57] [PENJUALAN] CASHIER FORM : TextBox_TextChanged, attempt to calculate total value
[ADMIN] [1/25/2017 14:57] [PENJUALAN] CASHIER FORM : calculateTotal
[ADMIN] [1/25/2017 14:57] [PENJUALAN] CASHIER FORM : calculateTotal [0]
[ADMIN] [1/25/2017 14:57] [PENJUALAN] CASHIER FORM : calculateTotal, totalAfterDisc [0]
[ADMIN] [1/25/2017 14:57] [PENJUALAN] CASHIER FORM : cashierDataGridView_CellValueChanged [qty]
[ADMIN] [1/25/2017 14:57] [PENJUALAN] CASHIER FORM : TextBox_TextChanged, previousInput [0]
[ADMIN] [1/25/2017 14:57] [PENJUALAN] CASHIER FORM : TextBox_TextChanged, dataGridViewTextBoxEditingControl.Text [0]
[ADMIN] [1/25/2017 14:57] [PENJUALAN] CASHIER FORM : TextBox_TextChanged, dataGridViewTextBoxEditingControl.Text pass REGEX Checking
[ADMIN] [1/25/2017 14:57] [] CHECK STOCK QTY IS ENOUGH [18]
[ADMIN] [1/25/2017 14:57] [] CHECK STOCK QTY IS ENOUGH [0, 0]
[ADMIN] [1/25/2017 14:57] [PENJUALAN] CASHIER FORM : CALCULATE SUBTOTAL
[ADMIN] [1/25/2017 14:57] [PENJUALAN] CASHIER FORM : SUBTOTAL [0]
[ADMIN] [1/25/2017 14:57] [PENJUALAN] CASHIER FORM : TextBox_TextChanged, subtotal value [0]
[ADMIN] [1/25/2017 14:57] [PENJUALAN] CASHIER FORM : TextBox_TextChanged, attempt to calculate total value
[ADMIN] [1/25/2017 14:57] [PENJUALAN] CASHIER FORM : calculateTotal
[ADMIN] [1/25/2017 14:57] [PENJUALAN] CASHIER FORM : calculateTotal [0]
[ADMIN] [1/25/2017 14:57] [PENJUALAN] CASHIER FORM : calculateTotal, totalAfterDisc [0]
[ADMIN] [1/25/2017 14:57] [PENJUALAN] CASHIER FORM : ComboBox_SelectedIndexChanged, attempt to calculate total
[ADMIN] [1/25/2017 14:57] [PENJUALAN] CASHIER FORM : calculateTotal
[ADMIN] [1/25/2017 14:57] [PENJUALAN] CASHIER FORM : calculateTotal [0]
[ADMIN] [1/25/2017 14:57] [PENJUALAN] CASHIER FORM : calculateTotal, totalAfterDisc [0]
[ADMIN] [1/25/2017 14:57] [PENJUALAN] CASHIER FORM : cashierDataGridView_CellValueChanged [qty]
[ADMIN] [1/25/2017 14:57] [PENJUALAN] CASHIER FORM : TextBox_TextChanged, previousInput [0]
[ADMIN] [1/25/2017 14:57] [PENJUALAN] CASHIER FORM : TextBox_TextChanged, dataGridViewTextBoxEditingControl.Text [1]
[ADMIN] [1/25/2017 14:57] [PENJUALAN] CASHIER FORM : TextBox_TextChanged, dataGridViewTextBoxEditingControl.Text pass REGEX Checking
[ADMIN] [1/25/2017 14:57] [] CHECK STOCK QTY IS ENOUGH [18]
[ADMIN] [1/25/2017 14:57] [] CHECK STOCK QTY IS ENOUGH [0, 1]
[ADMIN] [1/25/2017 14:57] [PENJUALAN] CASHIER FORM : CALCULATE SUBTOTAL
[ADMIN] [1/25/2017 14:57] [PENJUALAN] CASHIER FORM : SUBTOTAL [0]
[ADMIN] [1/25/2017 14:57] [PENJUALAN] CASHIER FORM : TextBox_TextChanged, subtotal value [0]
[ADMIN] [1/25/2017 14:57] [PENJUALAN] CASHIER FORM : TextBox_TextChanged, attempt to calculate total value
[ADMIN] [1/25/2017 14:57] [PENJUALAN] CASHIER FORM : calculateTotal
[ADMIN] [1/25/2017 14:57] [PENJUALAN] CASHIER FORM : calculateTotal [0]
[ADMIN] [1/25/2017 14:57] [PENJUALAN] CASHIER FORM : calculateTotal, totalAfterDisc [0]
[ADMIN] [1/25/2017 14:57] [PENJUALAN] CASHIER FORM : cashierDataGridView_CellValueChanged [qty]
[ADMIN] [1/25/2017 14:57] [PENJUALAN] CASHIER FORM : TextBox_TextChanged, previousInput [0]
[ADMIN] [1/25/2017 14:57] [PENJUALAN] CASHIER FORM : TextBox_TextChanged, dataGridViewTextBoxEditingControl.Text [11]
[ADMIN] [1/25/2017 14:57] [PENJUALAN] CASHIER FORM : TextBox_TextChanged, dataGridViewTextBoxEditingControl.Text pass REGEX Checking
[ADMIN] [1/25/2017 14:57] [] CHECK STOCK QTY IS ENOUGH [18]
[ADMIN] [1/25/2017 14:57] [] CHECK STOCK QTY IS ENOUGH [0, 11]
[ADMIN] [1/25/2017 14:57] [PENJUALAN] CASHIER FORM : CALCULATE SUBTOTAL
[ADMIN] [1/25/2017 14:57] [PENJUALAN] CASHIER FORM : SUBTOTAL [0]
[ADMIN] [1/25/2017 14:57] [PENJUALAN] CASHIER FORM : TextBox_TextChanged, subtotal value [0]
[ADMIN] [1/25/2017 14:57] [PENJUALAN] CASHIER FORM : TextBox_TextChanged, attempt to calculate total value
[ADMIN] [1/25/2017 14:57] [PENJUALAN] CASHIER FORM : calculateTotal
[ADMIN] [1/25/2017 14:57] [PENJUALAN] CASHIER FORM : calculateTotal [0]
[ADMIN] [1/25/2017 14:57] [PENJUALAN] CASHIER FORM : calculateTotal, totalAfterDisc [0]
[ADMIN] [1/25/2017 14:57] [PENJUALAN] CASHIER FORM : cashierDataGridView_CellValueChanged [qty]
[ADMIN] [1/25/2017 14:57] [PENJUALAN] CASHIER FORM : TextBox_TextChanged, previousInput [0]
[ADMIN] [1/25/2017 14:57] [PENJUALAN] CASHIER FORM : TextBox_TextChanged, dataGridViewTextBoxEditingControl.Text [111]
[ADMIN] [1/25/2017 14:57] [PENJUALAN] CASHIER FORM : TextBox_TextChanged, dataGridViewTextBoxEditingControl.Text pass REGEX Checking
[ADMIN] [1/25/2017 14:57] [] CHECK STOCK QTY IS ENOUGH [18]
[ADMIN] [1/25/2017 14:57] [] CHECK STOCK QTY IS ENOUGH [0, 111]
[ADMIN] [1/25/2017 14:57] [PENJUALAN] CASHIER FORM : CALCULATE SUBTOTAL
[ADMIN] [1/25/2017 14:57] [PENJUALAN] CASHIER FORM : SUBTOTAL [0]
[ADMIN] [1/25/2017 14:57] [PENJUALAN] CASHIER FORM : TextBox_TextChanged, subtotal value [0]
[ADMIN] [1/25/2017 14:57] [PENJUALAN] CASHIER FORM : TextBox_TextChanged, attempt to calculate total value
[ADMIN] [1/25/2017 14:57] [PENJUALAN] CASHIER FORM : calculateTotal
[ADMIN] [1/25/2017 14:57] [PENJUALAN] CASHIER FORM : calculateTotal [0]
[ADMIN] [1/25/2017 14:57] [PENJUALAN] CASHIER FORM : calculateTotal, totalAfterDisc [0]
[ADMIN] [1/25/2017 14:57] [PENJUALAN] CASHIER FORM : cashierDataGridView_CellValueChanged [qty]
[ADMIN] [1/25/2017 14:57] [PENJUALAN] CASHIER FORM : TextBox_TextChanged, previousInput [0]
[ADMIN] [1/25/2017 14:57] [PENJUALAN] CASHIER FORM : TextBox_TextChanged, dataGridViewTextBoxEditingControl.Text [1111]
[ADMIN] [1/25/2017 14:57] [PENJUALAN] CASHIER FORM : TextBox_TextChanged, dataGridViewTextBoxEditingControl.Text pass REGEX Checking
[ADMIN] [1/25/2017 14:57] [] CHECK STOCK QTY IS ENOUGH [18]
[ADMIN] [1/25/2017 14:57] [] CHECK STOCK QTY IS ENOUGH [0, 1111]
[ADMIN] [1/25/2017 14:57] [PENJUALAN] CASHIER FORM : CALCULATE SUBTOTAL
[ADMIN] [1/25/2017 14:57] [PENJUALAN] CASHIER FORM : SUBTOTAL [0]
[ADMIN] [1/25/2017 14:57] [PENJUALAN] CASHIER FORM : TextBox_TextChanged, subtotal value [0]
[ADMIN] [1/25/2017 14:57] [PENJUALAN] CASHIER FORM : TextBox_TextChanged, attempt to calculate total value
[ADMIN] [1/25/2017 14:57] [PENJUALAN] CASHIER FORM : calculateTotal
[ADMIN] [1/25/2017 14:57] [PENJUALAN] CASHIER FORM : calculateTotal [0]
[ADMIN] [1/25/2017 14:57] [PENJUALAN] CASHIER FORM : calculateTotal, totalAfterDisc [0]
[ADMIN] [1/25/2017 14:57] [PENJUALAN] CASHIER FORM : cashierDataGridView_CellValueChanged [qty]
[ADMIN] [1/25/2017 14:57] [PENJUALAN] CASHIER FORM : TextBox_TextChanged, previousInput [0]
[ADMIN] [1/25/2017 14:57] [PENJUALAN] CASHIER FORM : TextBox_TextChanged, dataGridViewTextBoxEditingControl.Text [11111]
[ADMIN] [1/25/2017 14:57] [PENJUALAN] CASHIER FORM : TextBox_TextChanged, dataGridViewTextBoxEditingControl.Text pass REGEX Checking
[ADMIN] [1/25/2017 14:57] [] CHECK STOCK QTY IS ENOUGH [18]
[ADMIN] [1/25/2017 14:57] [] CHECK STOCK QTY IS ENOUGH [0, 11111]
[ADMIN] [1/25/2017 14:57] [PENJUALAN] CASHIER FORM : CALCULATE SUBTOTAL
[ADMIN] [1/25/2017 14:57] [PENJUALAN] CASHIER FORM : SUBTOTAL [0]
[ADMIN] [1/25/2017 14:57] [PENJUALAN] CASHIER FORM : TextBox_TextChanged, subtotal value [0]
[ADMIN] [1/25/2017 14:57] [PENJUALAN] CASHIER FORM : TextBox_TextChanged, attempt to calculate total value
[ADMIN] [1/25/2017 14:57] [PENJUALAN] CASHIER FORM : calculateTotal
[ADMIN] [1/25/2017 14:57] [PENJUALAN] CASHIER FORM : calculateTotal [0]
[ADMIN] [1/25/2017 14:57] [PENJUALAN] CASHIER FORM : calculateTotal, totalAfterDisc [0]
[ADMIN] [1/25/2017 14:57] [PENJUALAN] CASHIER FORM : cashierDataGridView_CellValueChanged [qty]
[ADMIN] [1/25/2017 14:57] [PENJUALAN] CASHIER FORM : TextBox_TextChanged, previousInput [0]
[ADMIN] [1/25/2017 14:57] [PENJUALAN] CASHIER FORM : TextBox_TextChanged, dataGridViewTextBoxEditingControl.Text [111111]
[ADMIN] [1/25/2017 14:57] [PENJUALAN] CASHIER FORM : TextBox_TextChanged, dataGridViewTextBoxEditingControl.Text pass REGEX Checking
[ADMIN] [1/25/2017 14:57] [] CHECK STOCK QTY IS ENOUGH [18]
[ADMIN] [1/25/2017 14:57] [] CHECK STOCK QTY IS ENOUGH [0, 111111]
[ADMIN] [1/25/2017 14:57] [PENJUALAN] CASHIER FORM : CALCULATE SUBTOTAL
[ADMIN] [1/25/2017 14:57] [PENJUALAN] CASHIER FORM : SUBTOTAL [0]
[ADMIN] [1/25/2017 14:57] [PENJUALAN] CASHIER FORM : TextBox_TextChanged, subtotal value [0]
[ADMIN] [1/25/2017 14:57] [PENJUALAN] CASHIER FORM : TextBox_TextChanged, attempt to calculate total value
[ADMIN] [1/25/2017 14:57] [PENJUALAN] CASHIER FORM : calculateTotal
[ADMIN] [1/25/2017 14:57] [PENJUALAN] CASHIER FORM : calculateTotal [0]
[ADMIN] [1/25/2017 14:57] [PENJUALAN] CASHIER FORM : calculateTotal, totalAfterDisc [0]
[ADMIN] [1/25/2017 14:57] [PENJUALAN] CASHIER FORM : UNREGISTER HOTKEY
[ADMIN] [1/25/2017 14:57] [PENJUALAN] CASHIER FORM : REGISTER HOTKEY
[ADMIN] [1/25/2017 14:57] [PENJUALAN] CASHIER FORM : UNREGISTER HOTKEY
[ADMIN] [1/25/2017 14:57] [PENJUALAN] CASHIER FORM : REGISTER HOTKEY
[ADMIN] [1/25/2017 14:58] [PENJUALAN] CASHIER FORM : cashierDataGridView_CellValueChanged [productName]
[ADMIN] [1/25/2017 14:58] [PENJUALAN] CASHIER FORM : cashierDataGridView_CellValueChanged [productName]
[ADMIN] [1/25/2017 14:58] [PENJUALAN] CASHIER FORM : cashierDataGridView_CellValueChanged [productName]
[ADMIN] [1/25/2017 14:58] [PENJUALAN] CASHIER FORM : cashierDataGridView_CellValueChanged [productID]
[ADMIN] [1/25/2017 14:58] [PENJUALAN] CASHIER FORM : PRODUCT PRICE TYPE [PRODUCT_BASE_PRICE]
[ADMIN] [1/25/2017 14:58] [PENJUALAN] CASHIER FORM : PRODUCT PRICE [208500]
[ADMIN] [1/25/2017 14:58] [PENJUALAN] CASHIER FORM : ComboBox_SelectedIndexChanged, PRODUCT_BASE_PRICE [208500]
[ADMIN] [1/25/2017 14:58] [PENJUALAN] CASHIER FORM : cashierDataGridView_CellValueChanged [hpp]
[ADMIN] [1/25/2017 14:58] [PENJUALAN] CASHIER FORM : PRODUCT PRICE TYPE [PRODUCT_RETAIL_PRICE]
[ADMIN] [1/25/2017 14:58] [PENJUALAN] CASHIER FORM : PRODUCT PRICE [210000]
[ADMIN] [1/25/2017 14:58] [PENJUALAN] CASHIER FORM : ComboBox_SelectedIndexChanged, PRODUCT_SALES_PRICE [210000]
[ADMIN] [1/25/2017 14:58] [PENJUALAN] CASHIER FORM : cashierDataGridView_CellValueChanged [productPrice]
[ADMIN] [1/25/2017 14:58] [PENJUALAN] CASHIER FORM : TextBox_TextChanged, previousInput []
[ADMIN] [1/25/2017 14:58] [PENJUALAN] CASHIER FORM : TextBox_TextChanged, dataGridViewTextBoxEditingControl.Text pass REGEX Checking
[ADMIN] [1/25/2017 14:58] [PENJUALAN] CASHIER FORM : CALCULATE SUBTOTAL
[ADMIN] [1/25/2017 14:58] [PENJUALAN] CASHIER FORM : SUBTOTAL [0]
[ADMIN] [1/25/2017 14:58] [PENJUALAN] CASHIER FORM : TextBox_TextChanged, subtotal value [0]
[ADMIN] [1/25/2017 14:58] [PENJUALAN] CASHIER FORM : TextBox_TextChanged, attempt to calculate total value
[ADMIN] [1/25/2017 14:58] [PENJUALAN] CASHIER FORM : calculateTotal
[ADMIN] [1/25/2017 14:58] [PENJUALAN] CASHIER FORM : calculateTotal [0]
[ADMIN] [1/25/2017 14:58] [PENJUALAN] CASHIER FORM : calculateTotal, totalAfterDisc [0]
[ADMIN] [1/25/2017 14:58] [PENJUALAN] CASHIER FORM : cashierDataGridView_CellValueChanged [qty]
[ADMIN] [1/25/2017 14:58] [PENJUALAN] CASHIER FORM : TextBox_TextChanged, previousInput [0]
[ADMIN] [1/25/2017 14:58] [PENJUALAN] CASHIER FORM : TextBox_TextChanged, dataGridViewTextBoxEditingControl.Text [0]
[ADMIN] [1/25/2017 14:58] [PENJUALAN] CASHIER FORM : TextBox_TextChanged, dataGridViewTextBoxEditingControl.Text pass REGEX Checking
[ADMIN] [1/25/2017 14:58] [] CHECK STOCK QTY IS ENOUGH [19]
[ADMIN] [1/25/2017 14:58] [] CHECK STOCK QTY IS ENOUGH [600, 0]
[ADMIN] [1/25/2017 14:58] [PENJUALAN] CASHIER FORM : CALCULATE SUBTOTAL
[ADMIN] [1/25/2017 14:58] [PENJUALAN] CASHIER FORM : SUBTOTAL [0]
[ADMIN] [1/25/2017 14:58] [PENJUALAN] CASHIER FORM : TextBox_TextChanged, subtotal value [0]
[ADMIN] [1/25/2017 14:58] [PENJUALAN] CASHIER FORM : TextBox_TextChanged, attempt to calculate total value
[ADMIN] [1/25/2017 14:58] [PENJUALAN] CASHIER FORM : calculateTotal
[ADMIN] [1/25/2017 14:58] [PENJUALAN] CASHIER FORM : calculateTotal [0]
[ADMIN] [1/25/2017 14:58] [PENJUALAN] CASHIER FORM : calculateTotal, totalAfterDisc [0]
[ADMIN] [1/25/2017 14:58] [PENJUALAN] CASHIER FORM : ComboBox_SelectedIndexChanged, attempt to calculate total
[ADMIN] [1/25/2017 14:58] [PENJUALAN] CASHIER FORM : calculateTotal
[ADMIN] [1/25/2017 14:58] [PENJUALAN] CASHIER FORM : calculateTotal [0]
[ADMIN] [1/25/2017 14:58] [PENJUALAN] CASHIER FORM : calculateTotal, totalAfterDisc [0]
[ADMIN] [1/25/2017 14:58] [PENJUALAN] CASHIER FORM : cashierDataGridView_CellValueChanged [qty]
[ADMIN] [1/25/2017 14:58] [PENJUALAN] CASHIER FORM : TextBox_TextChanged, previousInput [0]
[ADMIN] [1/25/2017 14:58] [PENJUALAN] CASHIER FORM : TextBox_TextChanged, dataGridViewTextBoxEditingControl.Text [1]
[ADMIN] [1/25/2017 14:58] [PENJUALAN] CASHIER FORM : TextBox_TextChanged, dataGridViewTextBoxEditingControl.Text pass REGEX Checking
[ADMIN] [1/25/2017 14:58] [] CHECK STOCK QTY IS ENOUGH [19]
[ADMIN] [1/25/2017 14:58] [] CHECK STOCK QTY IS ENOUGH [600, 1]
[ADMIN] [1/25/2017 14:58] [PENJUALAN] CASHIER FORM : CALCULATE SUBTOTAL
[ADMIN] [1/25/2017 14:58] [PENJUALAN] CASHIER FORM : SUBTOTAL [210000]
[ADMIN] [1/25/2017 14:58] [PENJUALAN] CASHIER FORM : TextBox_TextChanged, subtotal value [210000]
[ADMIN] [1/25/2017 14:58] [PENJUALAN] CASHIER FORM : TextBox_TextChanged, attempt to calculate total value
[ADMIN] [1/25/2017 14:58] [PENJUALAN] CASHIER FORM : calculateTotal
[ADMIN] [1/25/2017 14:58] [PENJUALAN] CASHIER FORM : calculateTotal [210000]
[ADMIN] [1/25/2017 14:58] [PENJUALAN] CASHIER FORM : calculateTotal, totalAfterDisc [210000]
[ADMIN] [1/25/2017 14:58] [PENJUALAN] CASHIER FORM : cashierDataGridView_CellValueChanged [qty]
[ADMIN] [1/25/2017 14:58] [PENJUALAN] CASHIER FORM : TextBox_TextChanged, previousInput [1]
[ADMIN] [1/25/2017 14:58] [PENJUALAN] CASHIER FORM : TextBox_TextChanged, dataGridViewTextBoxEditingControl.Text pass REGEX Checking
[ADMIN] [1/25/2017 14:58] [] CHECK STOCK QTY IS ENOUGH [19]
[ADMIN] [1/25/2017 14:58] [] CHECK STOCK QTY IS ENOUGH [600, 11]
[ADMIN] [1/25/2017 14:58] [PENJUALAN] CASHIER FORM : CALCULATE SUBTOTAL
[ADMIN] [1/25/2017 14:58] [PENJUALAN] CASHIER FORM : SUBTOTAL [2310000]
[ADMIN] [1/25/2017 14:58] [PENJUALAN] CASHIER FORM : TextBox_TextChanged, subtotal value [2310000]
[ADMIN] [1/25/2017 14:58] [PENJUALAN] CASHIER FORM : TextBox_TextChanged, attempt to calculate total value
[ADMIN] [1/25/2017 14:58] [PENJUALAN] CASHIER FORM : calculateTotal
[ADMIN] [1/25/2017 14:58] [PENJUALAN] CASHIER FORM : calculateTotal [2310000]
[ADMIN] [1/25/2017 14:58] [PENJUALAN] CASHIER FORM : calculateTotal, totalAfterDisc [2310000]
[ADMIN] [1/25/2017 14:58] [PENJUALAN] CASHIER FORM : cashierDataGridView_CellValueChanged [qty]
[ADMIN] [1/25/2017 14:58] [PENJUALAN] CASHIER FORM : TextBox_TextChanged, previousInput [11]
[ADMIN] [1/25/2017 14:58] [PENJUALAN] CASHIER FORM : TextBox_TextChanged, dataGridViewTextBoxEditingControl.Text pass REGEX Checking
[ADMIN] [1/25/2017 14:58] [] CHECK STOCK QTY IS ENOUGH [19]
[ADMIN] [1/25/2017 14:58] [] CHECK STOCK QTY IS ENOUGH [600, 111]
[ADMIN] [1/25/2017 14:58] [PENJUALAN] CASHIER FORM : CALCULATE SUBTOTAL
[ADMIN] [1/25/2017 14:58] [PENJUALAN] CASHIER FORM : SUBTOTAL [23310000]
[ADMIN] [1/25/2017 14:58] [PENJUALAN] CASHIER FORM : TextBox_TextChanged, subtotal value [23310000]
[ADMIN] [1/25/2017 14:58] [PENJUALAN] CASHIER FORM : TextBox_TextChanged, attempt to calculate total value
[ADMIN] [1/25/2017 14:58] [PENJUALAN] CASHIER FORM : calculateTotal
[ADMIN] [1/25/2017 14:58] [PENJUALAN] CASHIER FORM : calculateTotal [23310000]
[ADMIN] [1/25/2017 14:58] [PENJUALAN] CASHIER FORM : calculateTotal, totalAfterDisc [23310000]
[ADMIN] [1/25/2017 14:58] [PENJUALAN] CASHIER FORM : cashierDataGridView_CellValueChanged [qty]
[ADMIN] [1/25/2017 14:58] [PENJUALAN] CASHIER FORM : TextBox_TextChanged, previousInput [111]
[ADMIN] [1/25/2017 14:58] [PENJUALAN] CASHIER FORM : TextBox_TextChanged, dataGridViewTextBoxEditingControl.Text pass REGEX Checking
[ADMIN] [1/25/2017 14:58] [] CHECK STOCK QTY IS ENOUGH [19]
[ADMIN] [1/25/2017 14:58] [] CHECK STOCK QTY IS ENOUGH [600, 1111]
[ADMIN] [1/25/2017 14:58] [PENJUALAN] CASHIER FORM : CALCULATE SUBTOTAL
[ADMIN] [1/25/2017 14:58] [PENJUALAN] CASHIER FORM : SUBTOTAL [23310000]
[ADMIN] [1/25/2017 14:58] [PENJUALAN] CASHIER FORM : TextBox_TextChanged, subtotal value [23310000]
[ADMIN] [1/25/2017 14:58] [PENJUALAN] CASHIER FORM : TextBox_TextChanged, attempt to calculate total value
[ADMIN] [1/25/2017 14:58] [PENJUALAN] CASHIER FORM : calculateTotal
[ADMIN] [1/25/2017 14:58] [PENJUALAN] CASHIER FORM : calculateTotal [23310000]
[ADMIN] [1/25/2017 14:58] [PENJUALAN] CASHIER FORM : calculateTotal, totalAfterDisc [23310000]
[ADMIN] [1/25/2017 14:58] [PENJUALAN] CASHIER FORM : cashierDataGridView_CellValueChanged [qty]
[ADMIN] [1/25/2017 14:58] [PENJUALAN] CASHIER FORM : TextBox_TextChanged, previousInput [111]
[ADMIN] [1/25/2017 14:58] [PENJUALAN] CASHIER FORM : TextBox_TextChanged, dataGridViewTextBoxEditingControl.Text pass REGEX Checking
[ADMIN] [1/25/2017 14:58] [] CHECK STOCK QTY IS ENOUGH [19]
[ADMIN] [1/25/2017 14:58] [] CHECK STOCK QTY IS ENOUGH [600, 11111]
[ADMIN] [1/25/2017 14:58] [PENJUALAN] CASHIER FORM : CALCULATE SUBTOTAL
[ADMIN] [1/25/2017 14:58] [PENJUALAN] CASHIER FORM : SUBTOTAL [23310000]
[ADMIN] [1/25/2017 14:58] [PENJUALAN] CASHIER FORM : TextBox_TextChanged, subtotal value [23310000]
[ADMIN] [1/25/2017 14:58] [PENJUALAN] CASHIER FORM : TextBox_TextChanged, attempt to calculate total value
[ADMIN] [1/25/2017 14:58] [PENJUALAN] CASHIER FORM : calculateTotal
[ADMIN] [1/25/2017 14:58] [PENJUALAN] CASHIER FORM : calculateTotal [23310000]
[ADMIN] [1/25/2017 14:58] [PENJUALAN] CASHIER FORM : calculateTotal, totalAfterDisc [23310000]
[ADMIN] [1/25/2017 14:58] [PENJUALAN] CASHIER FORM : cashierDataGridView_CellValueChanged [qty]
[ADMIN] [1/25/2017 14:58] [PENJUALAN] CASHIER FORM : TextBox_TextChanged, previousInput [111]
[ADMIN] [1/25/2017 14:58] [PENJUALAN] CASHIER FORM : TextBox_TextChanged, dataGridViewTextBoxEditingControl.Text pass REGEX Checking
[ADMIN] [1/25/2017 14:58] [] CHECK STOCK QTY IS ENOUGH [19]
[ADMIN] [1/25/2017 14:58] [] CHECK STOCK QTY IS ENOUGH [600, 111111]
[ADMIN] [1/25/2017 14:58] [PENJUALAN] CASHIER FORM : CALCULATE SUBTOTAL
[ADMIN] [1/25/2017 14:58] [PENJUALAN] CASHIER FORM : SUBTOTAL [23310000]
[ADMIN] [1/25/2017 14:58] [PENJUALAN] CASHIER FORM : TextBox_TextChanged, subtotal value [23310000]
[ADMIN] [1/25/2017 14:58] [PENJUALAN] CASHIER FORM : TextBox_TextChanged, attempt to calculate total value
[ADMIN] [1/25/2017 14:58] [PENJUALAN] CASHIER FORM : calculateTotal
[ADMIN] [1/25/2017 14:58] [PENJUALAN] CASHIER FORM : calculateTotal [23310000]
[ADMIN] [1/25/2017 14:58] [PENJUALAN] CASHIER FORM : calculateTotal, totalAfterDisc [23310000]
[ADMIN] [1/25/2017 14:58] [PENJUALAN] CASHIER FORM : cashierDataGridView_CellValueChanged [qty]
[ADMIN] [1/25/2017 14:58] [PENJUALAN] CASHIER FORM : TextBox_TextChanged, previousInput [111]
[ADMIN] [1/25/2017 14:58] [PENJUALAN] CASHIER FORM : TextBox_TextChanged, dataGridViewTextBoxEditingControl.Text pass REGEX Checking
[ADMIN] [1/25/2017 14:58] [] CHECK STOCK QTY IS ENOUGH [19]
[ADMIN] [1/25/2017 14:58] [] CHECK STOCK QTY IS ENOUGH [600, 1111111]
[ADMIN] [1/25/2017 14:58] [PENJUALAN] CASHIER FORM : CALCULATE SUBTOTAL
[ADMIN] [1/25/2017 14:58] [PENJUALAN] CASHIER FORM : SUBTOTAL [23310000]
[ADMIN] [1/25/2017 14:58] [PENJUALAN] CASHIER FORM : TextBox_TextChanged, subtotal value [23310000]
[ADMIN] [1/25/2017 14:58] [PENJUALAN] CASHIER FORM : TextBox_TextChanged, attempt to calculate total value
[ADMIN] [1/25/2017 14:58] [PENJUALAN] CASHIER FORM : calculateTotal
[ADMIN] [1/25/2017 14:58] [PENJUALAN] CASHIER FORM : calculateTotal [23310000]
[ADMIN] [1/25/2017 14:58] [PENJUALAN] CASHIER FORM : calculateTotal, totalAfterDisc [23310000]
[ADMIN] [1/25/2017 14:58] [PENJUALAN] CASHIER FORM : UNREGISTER HOTKEY
[ADMIN] [1/25/2017 14:58] [PENJUALAN] CASHIER FORM : REGISTER HOTKEY
[ADMIN] [1/25/2017 14:58] [PENJUALAN] CASHIER FORM : UNREGISTER HOTKEY
[ADMIN] [1/25/2017 14:58] [PENJUALAN] CASHIER FORM : REGISTER HOTKEY
[ADMIN] [1/25/2017 14:58] [PENJUALAN] CASHIER FORM : UNREGISTER HOTKEY
[ADMIN] [1/25/2017 14:58] [PENJUALAN] CASHIER FORM : REGISTER HOTKEY
[ADMIN] [1/25/2017 14:58] [PENJUALAN] CASHIER FORM : UNREGISTER HOTKEY
[ADMIN] [1/25/2017 14:58] [PENJUALAN] CASHIER FORM : UNREGISTER HOTKEY
[ADMIN] [1/25/2017 14:58] [PENJUALAN] CASHIER FORM : REGISTER HOTKEY
[ADMIN] [1/25/2017 14:58] [PENJUALAN] CASHIER FORM : cashierForm_Load, ATTEMPT TO LOAD NO FAKTUR
[ADMIN] [1/25/2017 14:58] [PENJUALAN] CASHIER FORM : loadNoFaktur, noFakturValue [SLO001]
[ADMIN] [1/25/2017 14:58] [PENJUALAN] CASHIER FORM : cashierForm_Load, ATTEMPT TO addColumnToDataGrid
[ADMIN] [1/25/2017 14:58] [PENJUALAN] CASHIER FORM : calculateTotal
[ADMIN] [1/25/2017 14:58] [PENJUALAN] CASHIER FORM : calculateTotal [0]
[ADMIN] [1/25/2017 14:58] [PENJUALAN] CASHIER FORM : calculateTotal, totalAfterDisc [0]
[ADMIN] [1/25/2017 14:58] [PENJUALAN] CASHIER FORM : REGISTER HOTKEY
[ADMIN] [1/25/2017 14:58] [PENJUALAN] CASHIER FORM : HOTKEY TO ADD NEW ROW PRESSED
[ADMIN] [1/25/2017 14:58] [PENJUALAN] CASHIER FORM : ADD NEW ROW,  isActive [True]
[ADMIN] [1/25/2017 14:58] [PENJUALAN] CASHIER FORM : ADD NEW ROW,  ROW COUNT [0]
[ADMIN] [1/25/2017 14:58] [PENJUALAN] CASHIER FORM : ADD NEW ROW,  ALLOW TO ADD [True]
[ADMIN] [1/25/2017 14:58] [PENJUALAN] CASHIER FORM : cashierDataGridView_CellValueChanged [F8]
[ADMIN] [1/25/2017 14:58] [PENJUALAN] CASHIER FORM : cashierDataGridView_CellValueChanged [hpp]
[ADMIN] [1/25/2017 14:58] [PENJUALAN] CASHIER FORM : cashierDataGridView_CellValueChanged [productPrice]
[ADMIN] [1/25/2017 14:58] [PENJUALAN] CASHIER FORM : TextBox_TextChanged, previousInput []
[ADMIN] [1/25/2017 14:58] [PENJUALAN] CASHIER FORM : TextBox_TextChanged, dataGridViewTextBoxEditingControl.Text pass REGEX Checking
[ADMIN] [1/25/2017 14:58] [PENJUALAN] CASHIER FORM : CALCULATE SUBTOTAL
[ADMIN] [1/25/2017 14:58] [PENJUALAN] CASHIER FORM : SUBTOTAL [0]
[ADMIN] [1/25/2017 14:58] [PENJUALAN] CASHIER FORM : TextBox_TextChanged, subtotal value [0]
[ADMIN] [1/25/2017 14:58] [PENJUALAN] CASHIER FORM : TextBox_TextChanged, attempt to calculate total value
[ADMIN] [1/25/2017 14:58] [PENJUALAN] CASHIER FORM : calculateTotal
[ADMIN] [1/25/2017 14:58] [PENJUALAN] CASHIER FORM : calculateTotal [0]
[ADMIN] [1/25/2017 14:58] [PENJUALAN] CASHIER FORM : calculateTotal, totalAfterDisc [0]
[ADMIN] [1/25/2017 14:58] [PENJUALAN] CASHIER FORM : cashierDataGridView_CellValueChanged [disc1]
[ADMIN] [1/25/2017 14:58] [PENJUALAN] CASHIER FORM : TextBox_TextChanged, previousInput [0]
[ADMIN] [1/25/2017 14:58] [PENJUALAN] CASHIER FORM : TextBox_TextChanged, dataGridViewTextBoxEditingControl.Text [0]
[ADMIN] [1/25/2017 14:58] [PENJUALAN] CASHIER FORM : TextBox_TextChanged, dataGridViewTextBoxEditingControl.Text pass REGEX Checking
[ADMIN] [1/25/2017 14:58] [PENJUALAN] CASHIER FORM : CALCULATE SUBTOTAL
[ADMIN] [1/25/2017 14:58] [PENJUALAN] CASHIER FORM : SUBTOTAL [0]
[ADMIN] [1/25/2017 14:58] [PENJUALAN] CASHIER FORM : TextBox_TextChanged, subtotal value [0]
[ADMIN] [1/25/2017 14:58] [PENJUALAN] CASHIER FORM : TextBox_TextChanged, attempt to calculate total value
[ADMIN] [1/25/2017 14:58] [PENJUALAN] CASHIER FORM : calculateTotal
[ADMIN] [1/25/2017 14:58] [PENJUALAN] CASHIER FORM : calculateTotal [0]
[ADMIN] [1/25/2017 14:58] [PENJUALAN] CASHIER FORM : calculateTotal, totalAfterDisc [0]
[ADMIN] [1/25/2017 14:58] [PENJUALAN] CASHIER FORM : cashierDataGridView_CellValueChanged [qty]
[ADMIN] [1/25/2017 14:58] [PENJUALAN] CASHIER FORM : TextBox_TextChanged, previousInput [0]
[ADMIN] [1/25/2017 14:58] [PENJUALAN] CASHIER FORM : TextBox_TextChanged, dataGridViewTextBoxEditingControl.Text [0]
[ADMIN] [1/25/2017 14:58] [PENJUALAN] CASHIER FORM : TextBox_TextChanged, dataGridViewTextBoxEditingControl.Text pass REGEX Checking
[ADMIN] [1/25/2017 14:58] [] CHECK STOCK QTY IS ENOUGH []
[ADMIN] [1/25/2017 14:58] [PENJUALAN] CASHIER FORM : CALCULATE SUBTOTAL
[ADMIN] [1/25/2017 14:58] [PENJUALAN] CASHIER FORM : SUBTOTAL [0]
[ADMIN] [1/25/2017 14:58] [PENJUALAN] CASHIER FORM : TextBox_TextChanged, subtotal value [0]
[ADMIN] [1/25/2017 14:58] [PENJUALAN] CASHIER FORM : TextBox_TextChanged, attempt to calculate total value
[ADMIN] [1/25/2017 14:58] [PENJUALAN] CASHIER FORM : calculateTotal
[ADMIN] [1/25/2017 14:58] [PENJUALAN] CASHIER FORM : calculateTotal [0]
[ADMIN] [1/25/2017 14:58] [PENJUALAN] CASHIER FORM : calculateTotal, totalAfterDisc [0]
[ADMIN] [1/25/2017 14:58] [PENJUALAN] CASHIER FORM : cashierDataGridView_CellValueChanged [disc2]
[ADMIN] [1/25/2017 14:58] [PENJUALAN] CASHIER FORM : TextBox_TextChanged, previousInput [0]
[ADMIN] [1/25/2017 14:58] [PENJUALAN] CASHIER FORM : TextBox_TextChanged, dataGridViewTextBoxEditingControl.Text [0]
[ADMIN] [1/25/2017 14:58] [PENJUALAN] CASHIER FORM : TextBox_TextChanged, dataGridViewTextBoxEditingControl.Text pass REGEX Checking
[ADMIN] [1/25/2017 14:58] [PENJUALAN] CASHIER FORM : CALCULATE SUBTOTAL
[ADMIN] [1/25/2017 14:58] [PENJUALAN] CASHIER FORM : SUBTOTAL [0]
[ADMIN] [1/25/2017 14:58] [PENJUALAN] CASHIER FORM : TextBox_TextChanged, subtotal value [0]
[ADMIN] [1/25/2017 14:58] [PENJUALAN] CASHIER FORM : TextBox_TextChanged, attempt to calculate total value
[ADMIN] [1/25/2017 14:58] [PENJUALAN] CASHIER FORM : calculateTotal
[ADMIN] [1/25/2017 14:58] [PENJUALAN] CASHIER FORM : calculateTotal [0]
[ADMIN] [1/25/2017 14:58] [PENJUALAN] CASHIER FORM : calculateTotal, totalAfterDisc [0]
[ADMIN] [1/25/2017 14:58] [PENJUALAN] CASHIER FORM : cashierDataGridView_CellValueChanged [discRP]
[ADMIN] [1/25/2017 14:58] [PENJUALAN] CASHIER FORM : TextBox_TextChanged, previousInput [0]
[ADMIN] [1/25/2017 14:58] [PENJUALAN] CASHIER FORM : TextBox_TextChanged, dataGridViewTextBoxEditingControl.Text [0]
[ADMIN] [1/25/2017 14:58] [PENJUALAN] CASHIER FORM : TextBox_TextChanged, dataGridViewTextBoxEditingControl.Text pass REGEX Checking
[ADMIN] [1/25/2017 14:58] [PENJUALAN] CASHIER FORM : CALCULATE SUBTOTAL
[ADMIN] [1/25/2017 14:58] [PENJUALAN] CASHIER FORM : SUBTOTAL [0]
[ADMIN] [1/25/2017 14:58] [PENJUALAN] CASHIER FORM : TextBox_TextChanged, subtotal value [0]
[ADMIN] [1/25/2017 14:58] [PENJUALAN] CASHIER FORM : TextBox_TextChanged, attempt to calculate total value
[ADMIN] [1/25/2017 14:58] [PENJUALAN] CASHIER FORM : calculateTotal
[ADMIN] [1/25/2017 14:58] [PENJUALAN] CASHIER FORM : calculateTotal [0]
[ADMIN] [1/25/2017 14:58] [PENJUALAN] CASHIER FORM : calculateTotal, totalAfterDisc [0]
[ADMIN] [1/25/2017 14:58] [PENJUALAN] CASHIER FORM : cashierDataGridView_CellValueChanged [jumlah]
[ADMIN] [1/25/2017 14:58] [PENJUALAN] CASHIER FORM : cashierDataGridView_CellValueChanged [productName]
[ADMIN] [1/25/2017 14:58] [PENJUALAN] CASHIER FORM : cashierDataGridView_CellValueChanged [productName]
[ADMIN] [1/25/2017 14:58] [PENJUALAN] CASHIER FORM : cashierDataGridView_CellValueChanged [productName]
[ADMIN] [1/25/2017 14:58] [PENJUALAN] CASHIER FORM : cashierDataGridView_CellValueChanged [productName]
[ADMIN] [1/25/2017 14:58] [PENJUALAN] CASHIER FORM : cashierDataGridView_CellValueChanged [productName]
[ADMIN] [1/25/2017 14:58] [PENJUALAN] CASHIER FORM : cashierDataGridView_CellValueChanged [productID]
[ADMIN] [1/25/2017 14:58] [PENJUALAN] CASHIER FORM : PRODUCT PRICE TYPE [PRODUCT_BASE_PRICE]
[ADMIN] [1/25/2017 14:58] [PENJUALAN] CASHIER FORM : PRODUCT PRICE [208500]
[ADMIN] [1/25/2017 14:58] [PENJUALAN] CASHIER FORM : ComboBox_SelectedIndexChanged, PRODUCT_BASE_PRICE [208500]
[ADMIN] [1/25/2017 14:58] [PENJUALAN] CASHIER FORM : cashierDataGridView_CellValueChanged [hpp]
[ADMIN] [1/25/2017 14:58] [PENJUALAN] CASHIER FORM : PRODUCT PRICE TYPE [PRODUCT_RETAIL_PRICE]
[ADMIN] [1/25/2017 14:58] [PENJUALAN] CASHIER FORM : PRODUCT PRICE [210000]
[ADMIN] [1/25/2017 14:58] [PENJUALAN] CASHIER FORM : ComboBox_SelectedIndexChanged, PRODUCT_SALES_PRICE [210000]
[ADMIN] [1/25/2017 14:58] [PENJUALAN] CASHIER FORM : cashierDataGridView_CellValueChanged [productPrice]
[ADMIN] [1/25/2017 14:58] [PENJUALAN] CASHIER FORM : TextBox_TextChanged, previousInput []
[ADMIN] [1/25/2017 14:58] [PENJUALAN] CASHIER FORM : TextBox_TextChanged, dataGridViewTextBoxEditingControl.Text pass REGEX Checking
[ADMIN] [1/25/2017 14:58] [PENJUALAN] CASHIER FORM : CALCULATE SUBTOTAL
[ADMIN] [1/25/2017 14:58] [PENJUALAN] CASHIER FORM : SUBTOTAL [0]
[ADMIN] [1/25/2017 14:58] [PENJUALAN] CASHIER FORM : TextBox_TextChanged, subtotal value [0]
[ADMIN] [1/25/2017 14:58] [PENJUALAN] CASHIER FORM : TextBox_TextChanged, attempt to calculate total value
[ADMIN] [1/25/2017 14:58] [PENJUALAN] CASHIER FORM : calculateTotal
[ADMIN] [1/25/2017 14:58] [PENJUALAN] CASHIER FORM : calculateTotal [0]
[ADMIN] [1/25/2017 14:58] [PENJUALAN] CASHIER FORM : calculateTotal, totalAfterDisc [0]
[ADMIN] [1/25/2017 14:58] [PENJUALAN] CASHIER FORM : cashierDataGridView_CellValueChanged [qty]
[ADMIN] [1/25/2017 14:58] [PENJUALAN] CASHIER FORM : TextBox_TextChanged, previousInput [0]
[ADMIN] [1/25/2017 14:58] [PENJUALAN] CASHIER FORM : TextBox_TextChanged, dataGridViewTextBoxEditingControl.Text [0]
[ADMIN] [1/25/2017 14:58] [PENJUALAN] CASHIER FORM : TextBox_TextChanged, dataGridViewTextBoxEditingControl.Text pass REGEX Checking
[ADMIN] [1/25/2017 14:58] [] CHECK STOCK QTY IS ENOUGH [19]
[ADMIN] [1/25/2017 14:58] [] CHECK STOCK QTY IS ENOUGH [600, 0]
[ADMIN] [1/25/2017 14:58] [PENJUALAN] CASHIER FORM : CALCULATE SUBTOTAL
[ADMIN] [1/25/2017 14:58] [PENJUALAN] CASHIER FORM : SUBTOTAL [0]
[ADMIN] [1/25/2017 14:58] [PENJUALAN] CASHIER FORM : TextBox_TextChanged, subtotal value [0]
[ADMIN] [1/25/2017 14:58] [PENJUALAN] CASHIER FORM : TextBox_TextChanged, attempt to calculate total value
[ADMIN] [1/25/2017 14:58] [PENJUALAN] CASHIER FORM : calculateTotal
[ADMIN] [1/25/2017 14:58] [PENJUALAN] CASHIER FORM : calculateTotal [0]
[ADMIN] [1/25/2017 14:58] [PENJUALAN] CASHIER FORM : calculateTotal, totalAfterDisc [0]
[ADMIN] [1/25/2017 14:58] [PENJUALAN] CASHIER FORM : ComboBox_SelectedIndexChanged, attempt to calculate total
[ADMIN] [1/25/2017 14:58] [PENJUALAN] CASHIER FORM : calculateTotal
[ADMIN] [1/25/2017 14:58] [PENJUALAN] CASHIER FORM : calculateTotal [0]
[ADMIN] [1/25/2017 14:58] [PENJUALAN] CASHIER FORM : calculateTotal, totalAfterDisc [0]
[ADMIN] [1/25/2017 14:58] [PENJUALAN] CASHIER FORM : cashierDataGridView_CellValueChanged [qty]
[ADMIN] [1/25/2017 14:58] [PENJUALAN] CASHIER FORM : TextBox_TextChanged, previousInput [0]
[ADMIN] [1/25/2017 14:58] [PENJUALAN] CASHIER FORM : TextBox_TextChanged, dataGridViewTextBoxEditingControl.Text [1]
[ADMIN] [1/25/2017 14:58] [PENJUALAN] CASHIER FORM : TextBox_TextChanged, dataGridViewTextBoxEditingControl.Text pass REGEX Checking
[ADMIN] [1/25/2017 14:58] [] CHECK STOCK QTY IS ENOUGH [19]
[ADMIN] [1/25/2017 14:58] [] CHECK STOCK QTY IS ENOUGH [600, 1]
[ADMIN] [1/25/2017 14:58] [PENJUALAN] CASHIER FORM : CALCULATE SUBTOTAL
[ADMIN] [1/25/2017 14:58] [PENJUALAN] CASHIER FORM : SUBTOTAL [210000]
[ADMIN] [1/25/2017 14:58] [PENJUALAN] CASHIER FORM : TextBox_TextChanged, subtotal value [210000]
[ADMIN] [1/25/2017 14:58] [PENJUALAN] CASHIER FORM : TextBox_TextChanged, attempt to calculate total value
[ADMIN] [1/25/2017 14:58] [PENJUALAN] CASHIER FORM : calculateTotal
[ADMIN] [1/25/2017 14:58] [PENJUALAN] CASHIER FORM : calculateTotal [210000]
[ADMIN] [1/25/2017 14:58] [PENJUALAN] CASHIER FORM : calculateTotal, totalAfterDisc [210000]
[ADMIN] [1/25/2017 14:58] [PENJUALAN] CASHIER FORM : cashierDataGridView_CellValueChanged [qty]
[ADMIN] [1/25/2017 14:58] [PENJUALAN] CASHIER FORM : TextBox_TextChanged, previousInput [1]
[ADMIN] [1/25/2017 14:58] [PENJUALAN] CASHIER FORM : TextBox_TextChanged, dataGridViewTextBoxEditingControl.Text pass REGEX Checking
[ADMIN] [1/25/2017 14:58] [] CHECK STOCK QTY IS ENOUGH [19]
[ADMIN] [1/25/2017 14:58] [] CHECK STOCK QTY IS ENOUGH [600, 10]
[ADMIN] [1/25/2017 14:58] [PENJUALAN] CASHIER FORM : CALCULATE SUBTOTAL
[ADMIN] [1/25/2017 14:58] [PENJUALAN] CASHIER FORM : SUBTOTAL [2100000]
[ADMIN] [1/25/2017 14:58] [PENJUALAN] CASHIER FORM : TextBox_TextChanged, subtotal value [2100000]
[ADMIN] [1/25/2017 14:58] [PENJUALAN] CASHIER FORM : TextBox_TextChanged, attempt to calculate total value
[ADMIN] [1/25/2017 14:58] [PENJUALAN] CASHIER FORM : calculateTotal
[ADMIN] [1/25/2017 14:58] [PENJUALAN] CASHIER FORM : calculateTotal [2100000]
[ADMIN] [1/25/2017 14:58] [PENJUALAN] CASHIER FORM : calculateTotal, totalAfterDisc [2100000]
[ADMIN] [1/25/2017 14:58] [PENJUALAN] CASHIER FORM : cashierDataGridView_CellValueChanged [qty]
[ADMIN] [1/25/2017 14:58] [PENJUALAN] CASHIER FORM : TextBox_TextChanged, previousInput [10]
[ADMIN] [1/25/2017 14:58] [PENJUALAN] CASHIER FORM : TextBox_TextChanged, dataGridViewTextBoxEditingControl.Text pass REGEX Checking
[ADMIN] [1/25/2017 14:58] [] CHECK STOCK QTY IS ENOUGH [19]
[ADMIN] [1/25/2017 14:58] [] CHECK STOCK QTY IS ENOUGH [600, 100]
[ADMIN] [1/25/2017 14:58] [PENJUALAN] CASHIER FORM : CALCULATE SUBTOTAL
[ADMIN] [1/25/2017 14:58] [PENJUALAN] CASHIER FORM : SUBTOTAL [21000000]
[ADMIN] [1/25/2017 14:58] [PENJUALAN] CASHIER FORM : TextBox_TextChanged, subtotal value [21000000]
[ADMIN] [1/25/2017 14:58] [PENJUALAN] CASHIER FORM : TextBox_TextChanged, attempt to calculate total value
[ADMIN] [1/25/2017 14:58] [PENJUALAN] CASHIER FORM : calculateTotal
[ADMIN] [1/25/2017 14:58] [PENJUALAN] CASHIER FORM : calculateTotal [21000000]
[ADMIN] [1/25/2017 14:58] [PENJUALAN] CASHIER FORM : calculateTotal, totalAfterDisc [21000000]
[ADMIN] [1/25/2017 14:58] [PENJUALAN] CASHIER FORM : cashierDataGridView_CellValueChanged [qty]
[ADMIN] [1/25/2017 14:58] [PENJUALAN] CASHIER FORM : TextBox_TextChanged, previousInput [100]
[ADMIN] [1/25/2017 14:58] [PENJUALAN] CASHIER FORM : TextBox_TextChanged, dataGridViewTextBoxEditingControl.Text pass REGEX Checking
[ADMIN] [1/25/2017 14:58] [] CHECK STOCK QTY IS ENOUGH [19]
[ADMIN] [1/25/2017 14:58] [] CHECK STOCK QTY IS ENOUGH [600, 1000]
[ADMIN] [1/25/2017 14:58] [PENJUALAN] CASHIER FORM : CALCULATE SUBTOTAL
[ADMIN] [1/25/2017 14:58] [PENJUALAN] CASHIER FORM : SUBTOTAL [21000000]
[ADMIN] [1/25/2017 14:58] [PENJUALAN] CASHIER FORM : TextBox_TextChanged, subtotal value [21000000]
[ADMIN] [1/25/2017 14:58] [PENJUALAN] CASHIER FORM : TextBox_TextChanged, attempt to calculate total value
[ADMIN] [1/25/2017 14:58] [PENJUALAN] CASHIER FORM : calculateTotal
[ADMIN] [1/25/2017 14:58] [PENJUALAN] CASHIER FORM : calculateTotal [21000000]
[ADMIN] [1/25/2017 14:58] [PENJUALAN] CASHIER FORM : calculateTotal, totalAfterDisc [21000000]
[ADMIN] [1/25/2017 14:58] [PENJUALAN] CASHIER FORM : HOTKEY TO SAVE AND PRINT OUT INVOICE PRESSED
[ADMIN] [1/25/2017 14:58] [PENJUALAN] CASHIER FORM : UNREGISTER HOTKEY
[ADMIN] [1/25/2017 14:58] [PENJUALAN] CASHIER FORM : REGISTER HOTKEY
[ADMIN] [1/25/2017 14:58] [PENJUALAN] ATTEMPT TO SAVE AND PRINT OUT INVOICE
[ADMIN] [1/25/2017 14:58] [PENJUALAN] CASHIER FORM : UNREGISTER HOTKEY
[ADMIN] [1/25/2017 14:58] [PENJUALAN] CASHIER FORM : REGISTER HOTKEY
[ADMIN] [1/25/2017 14:58] [PENJUALAN] CASHIER FORM : calculateChangeValue, bayarTextBox.Text [2]
[ADMIN] [1/25/2017 14:58] [PENJUALAN] CASHIER FORM : calculateChangeValue, sisaBayar [0]
[ADMIN] [1/25/2017 14:58] [PENJUALAN] CASHIER FORM : calculateChangeValue, bayarTextBox.Text [21]
[ADMIN] [1/25/2017 14:58] [PENJUALAN] CASHIER FORM : calculateChangeValue, sisaBayar [0]
[ADMIN] [1/25/2017 14:58] [PENJUALAN] CASHIER FORM : calculateChangeValue, bayarTextBox.Text [210]
[ADMIN] [1/25/2017 14:58] [PENJUALAN] CASHIER FORM : calculateChangeValue, sisaBayar [0]
[ADMIN] [1/25/2017 14:58] [PENJUALAN] CASHIER FORM : calculateChangeValue, bayarTextBox.Text [2100]
[ADMIN] [1/25/2017 14:58] [PENJUALAN] CASHIER FORM : calculateChangeValue, sisaBayar [0]
[ADMIN] [1/25/2017 14:58] [PENJUALAN] CASHIER FORM : calculateChangeValue, bayarTextBox.Text [21000]
[ADMIN] [1/25/2017 14:58] [PENJUALAN] CASHIER FORM : calculateChangeValue, sisaBayar [0]
[ADMIN] [1/25/2017 14:58] [PENJUALAN] CASHIER FORM : calculateChangeValue, bayarTextBox.Text [210000]
[ADMIN] [1/25/2017 14:58] [PENJUALAN] CASHIER FORM : calculateChangeValue, sisaBayar [0]
[ADMIN] [1/25/2017 14:58] [PENJUALAN] CASHIER FORM : calculateChangeValue, bayarTextBox.Text [2100000]
[ADMIN] [1/25/2017 14:58] [PENJUALAN] CASHIER FORM : calculateChangeValue, sisaBayar [0]
[ADMIN] [1/25/2017 14:58] [PENJUALAN] CASHIER FORM : calculateChangeValue, bayarTextBox.Text [21000000]
[ADMIN] [1/25/2017 14:58] [PENJUALAN] CASHIER FORM : calculateChangeValue, sisaBayar [0]
[ADMIN] [1/25/2017 14:58] [PENJUALAN] CASHIER FORM : HOTKEY TO SAVE AND PRINT OUT INVOICE PRESSED
[ADMIN] [1/25/2017 14:58] [PENJUALAN] CASHIER FORM : UNREGISTER HOTKEY
[ADMIN] [1/25/2017 14:58] [PENJUALAN] CASHIER FORM : REGISTER HOTKEY
[ADMIN] [1/25/2017 14:58] [PENJUALAN] ATTEMPT TO SAVE AND PRINT OUT INVOICE
[ADMIN] [1/25/2017 14:58] [PENJUALAN] CASHIER FORM : UNREGISTER HOTKEY
[ADMIN] [1/25/2017 14:58] [PENJUALAN] CASHIER FORM : REGISTER HOTKEY
[ADMIN] [1/25/2017 14:58] [PENJUALAN] CASHIER FORM : UNREGISTER HOTKEY
[ADMIN] [1/25/2017 14:58] [PENJUALAN] CASHIER FORM : ATTEMPT TO SAVE SALES DATA [25-01-2017 14:58]
[ADMIN] [1/25/2017 14:58] [PENJUALAN] CASHIER FORM : CASH SALES
[ADMIN] [1/25/2017 14:58] [PENJUALAN] CASHIER FORM : NO FAKTUR [SLO001]
[ADMIN] [1/25/2017 14:58] [PENJUALAN] CASHIER FORM : MAX SALES INVOICE [7]
[ADMIN] [1/25/2017 14:58] [PENJUALAN] CASHIER FORM : SALES INVOICE [SLO001-8]
[ADMIN] [1/25/2017 14:58] [PENJUALAN] INSERT INTO SALES HEADER [SLO001-8] SET PREORDER = 1
[ADMIN] [1/25/2017 14:58] [PENJUALAN] INSERT INTO SALES DETAIL[19, 210000, 100]
[ADMIN] [1/25/2017 14:58] [PENJUALAN] INSERT TO CREDIT TABLE [SLO001-8]
[ADMIN] [1/25/2017 14:58] [PENJUALAN] INSERT TO DAILY JOURNAL TABLE [21000000]
[ADMIN] [1/25/2017 14:58] [PENJUALAN] CASHIER FORM : REGISTER HOTKEY
[ADMIN] [1/25/2017 14:58] [PENJUALAN] TRANSACTION SAVED
[ADMIN] [1/25/2017 14:58] [PENJUALAN] PRINT OUT INVOICE
[ADMIN] [1/25/2017 14:58] [PENJUALAN] CASHIER FORM : PrintReceipt
[ADMIN] [1/25/2017 14:58] [PENJUALAN] CASHIER FORM : PrintReceipt, papermode [0]
[ADMIN] [1/25/2017 14:58] [PENJUALAN] CASHIER FORM : PrintReceipt, display SalesReceiptForm
[ADMIN] [1/25/2017 14:58] [PENJUALAN] CASHIER FORM : UNREGISTER HOTKEY
[ADMIN] [1/25/2017 14:58] [PENJUALAN] CASHIER FORM : REGISTER HOTKEY
[ADMIN] [1/25/2017 14:58] [PENJUALAN] VALIDATE USER CREDIT STATUS
[ADMIN] [1/25/2017 14:58] [PENJUALAN] CASHIER FORM : UNREGISTER HOTKEY
[ADMIN] [1/25/2017 14:58] [PENJUALAN] CASHIER FORM : REGISTER HOTKEY
[ADMIN] [1/25/2017 14:58] [PENJUALAN] CASHIER FORM : UNREGISTER HOTKEY
[ADMIN] [1/25/2017 14:58] [PENJUALAN] CASHIER FORM : UNREGISTER HOTKEY
[ADMIN] [1/25/2017 14:59] [PENJUALAN] DELIVERY ORDER : detailGridView_CellValueChanged [qty]
[ADMIN] [1/25/2017 14:59] [PENJUALAN] DELIVERY ORDER : TextBox_TextChanged, dataGridViewTextBoxEditingControl.Text [1]
[ADMIN] [1/25/2017 14:59] [PENJUALAN] DELIVERY ORDER : TextBox_TextChanged, dataGridViewTextBoxEditingControl.Text pass REGEX Checking
[ADMIN] [1/25/2017 14:59] [] CHECK STOCK QTY IS ENOUGH [19]
[ADMIN] [1/25/2017 14:59] [] CHECK STOCK QTY IS ENOUGH [600, 1]
[ADMIN] [1/25/2017 14:59] [PENJUALAN] DELIVERY ORDER : detailGridView_CellValueChanged [qty]
[ADMIN] [1/25/2017 14:59] [PENJUALAN] DELIVERY ORDER : TextBox_TextChanged, dataGridViewTextBoxEditingControl.Text pass REGEX Checking
[ADMIN] [1/25/2017 14:59] [] CHECK STOCK QTY IS ENOUGH [19]
[ADMIN] [1/25/2017 14:59] [] CHECK STOCK QTY IS ENOUGH [600, 11]
[ADMIN] [1/25/2017 14:59] [PENJUALAN] DELIVERY ORDER : detailGridView_CellValueChanged [qty]
[ADMIN] [1/25/2017 14:59] [PENJUALAN] DELIVERY ORDER : TextBox_TextChanged, dataGridViewTextBoxEditingControl.Text pass REGEX Checking
[ADMIN] [1/25/2017 14:59] [] CHECK STOCK QTY IS ENOUGH [19]
[ADMIN] [1/25/2017 14:59] [] CHECK STOCK QTY IS ENOUGH [600, 111]
[ADMIN] [1/25/2017 14:59] [PENJUALAN] DELIVERY ORDER : detailGridView_CellValueChanged [qty]
[ADMIN] [1/25/2017 14:59] [PENJUALAN] DELIVERY ORDER : TextBox_TextChanged, dataGridViewTextBoxEditingControl.Text pass REGEX Checking
[ADMIN] [1/25/2017 14:59] [] CHECK STOCK QTY IS ENOUGH [19]
[ADMIN] [1/25/2017 14:59] [] CHECK STOCK QTY IS ENOUGH [600, 1111]
[ADMIN] [1/25/2017 14:59] [PENJUALAN] DELIVERY ORDER : detailGridView_CellValueChanged [qty]
[ADMIN] [1/25/2017 14:59] [PENJUALAN] DELIVERY ORDER : TextBox_TextChanged, dataGridViewTextBoxEditingControl.Text pass REGEX Checking
[ADMIN] [1/25/2017 14:59] [] CHECK STOCK QTY IS ENOUGH [19]
[ADMIN] [1/25/2017 14:59] [] CHECK STOCK QTY IS ENOUGH [600, 11]
[ADMIN] [1/25/2017 14:59] [PENJUALAN] DELIVERY ORDER : detailGridView_CellValueChanged [qty]
[ADMIN] [1/25/2017 14:59] [PENJUALAN] DELIVERY ORDER : TextBox_TextChanged, dataGridViewTextBoxEditingControl.Text pass REGEX Checking
[ADMIN] [1/25/2017 14:59] [] CHECK STOCK QTY IS ENOUGH [19]
[ADMIN] [1/25/2017 14:59] [] CHECK STOCK QTY IS ENOUGH [600, 1]
[ADMIN] [1/25/2017 14:59] [PENJUALAN] DELIVERY ORDER : detailGridView_CellValueChanged [qty]
[ADMIN] [1/25/2017 14:59] [PENJUALAN] DELIVERY ORDER : detailGridView_CellValueChanged , empty texbox, reset [qty] value to 0
[ADMIN] [1/25/2017 14:59] [PENJUALAN] DELIVERY ORDER : detailGridView_CellValueChanged [qty]
[ADMIN] [1/25/2017 14:59] [PENJUALAN] DELIVERY ORDER : TextBox_TextChanged, dataGridViewTextBoxEditingControl.Text [1]
[ADMIN] [1/25/2017 14:59] [PENJUALAN] DELIVERY ORDER : TextBox_TextChanged, dataGridViewTextBoxEditingControl.Text pass REGEX Checking
[ADMIN] [1/25/2017 14:59] [] CHECK STOCK QTY IS ENOUGH [19]
[ADMIN] [1/25/2017 14:59] [] CHECK STOCK QTY IS ENOUGH [600, 1]
[ADMIN] [1/25/2017 14:59] [PENJUALAN] DELIVERY ORDER : detailGridView_CellValueChanged [qty]
[ADMIN] [1/25/2017 14:59] [PENJUALAN] DELIVERY ORDER : TextBox_TextChanged, dataGridViewTextBoxEditingControl.Text pass REGEX Checking
[ADMIN] [1/25/2017 14:59] [] CHECK STOCK QTY IS ENOUGH [19]
[ADMIN] [1/25/2017 14:59] [] CHECK STOCK QTY IS ENOUGH [600, 11]
[ADMIN] [1/25/2017 14:59] [PENJUALAN] DELIVERY ORDER : detailGridView_CellValueChanged [qty]
[ADMIN] [1/25/2017 14:59] [PENJUALAN] DELIVERY ORDER : TextBox_TextChanged, dataGridViewTextBoxEditingControl.Text pass REGEX Checking
[ADMIN] [1/25/2017 14:59] [] CHECK STOCK QTY IS ENOUGH [19]
[ADMIN] [1/25/2017 14:59] [] CHECK STOCK QTY IS ENOUGH [600, 111]
[ADMIN] [1/25/2017 14:59] [PENJUALAN] DELIVERY ORDER : detailGridView_CellValueChanged [qty]
[ADMIN] [1/25/2017 14:59] [PENJUALAN] DELIVERY ORDER : TextBox_TextChanged, dataGridViewTextBoxEditingControl.Text pass REGEX Checking
[ADMIN] [1/25/2017 14:59] [] CHECK STOCK QTY IS ENOUGH [19]
[ADMIN] [1/25/2017 14:59] [] CHECK STOCK QTY IS ENOUGH [600, 1111]
[ADMIN] [1/25/2017 14:59] [PENJUALAN] DELIVERY ORDER : detailGridView_CellValueChanged [qty]
[ADMIN] [1/25/2017 14:59] [PENJUALAN] DELIVERY ORDER : TextBox_TextChanged, dataGridViewTextBoxEditingControl.Text pass REGEX Checking
[ADMIN] [1/25/2017 14:59] [] CHECK STOCK QTY IS ENOUGH [19]
[ADMIN] [1/25/2017 14:59] [] CHECK STOCK QTY IS ENOUGH [600, 11]
[ADMIN] [1/25/2017 14:59] [PENJUALAN] DELIVERY ORDER : detailGridView_CellValueChanged [qty]
[ADMIN] [1/25/2017 14:59] [PENJUALAN] DELIVERY ORDER : TextBox_TextChanged, dataGridViewTextBoxEditingControl.Text pass REGEX Checking
[ADMIN] [1/25/2017 14:59] [] CHECK STOCK QTY IS ENOUGH [19]
[ADMIN] [1/25/2017 14:59] [] CHECK STOCK QTY IS ENOUGH [600, 1]
[ADMIN] [1/25/2017 14:59] [PENJUALAN] DELIVERY ORDER : detailGridView_CellValueChanged [qty]
[ADMIN] [1/25/2017 14:59] [PENJUALAN] DELIVERY ORDER : detailGridView_CellValueChanged , empty texbox, reset [qty] value to 0
[ADMIN] [1/25/2017 14:59] [PENJUALAN] DELIVERY ORDER : detailGridView_CellValueChanged [qty]
[ADMIN] [1/25/2017 14:59] [PENJUALAN] DELIVERY ORDER : TextBox_TextChanged, dataGridViewTextBoxEditingControl.Text [1]
[ADMIN] [1/25/2017 14:59] [PENJUALAN] DELIVERY ORDER : TextBox_TextChanged, dataGridViewTextBoxEditingControl.Text pass REGEX Checking
[ADMIN] [1/25/2017 14:59] [] CHECK STOCK QTY IS ENOUGH [19]
[ADMIN] [1/25/2017 14:59] [] CHECK STOCK QTY IS ENOUGH [600, 1]
[ADMIN] [1/25/2017 14:59] [PENJUALAN] DELIVERY ORDER : detailGridView_CellValueChanged [qty]
[ADMIN] [1/25/2017 14:59] [PENJUALAN] DELIVERY ORDER : TextBox_TextChanged, dataGridViewTextBoxEditingControl.Text pass REGEX Checking
[ADMIN] [1/25/2017 14:59] [] CHECK STOCK QTY IS ENOUGH [19]
[ADMIN] [1/25/2017 14:59] [] CHECK STOCK QTY IS ENOUGH [600, 11]
[ADMIN] [1/25/2017 14:59] [PENJUALAN] DELIVERY ORDER : detailGridView_CellValueChanged [qty]
[ADMIN] [1/25/2017 14:59] [PENJUALAN] DELIVERY ORDER : TextBox_TextChanged, dataGridViewTextBoxEditingControl.Text pass REGEX Checking
[ADMIN] [1/25/2017 14:59] [] CHECK STOCK QTY IS ENOUGH [19]
[ADMIN] [1/25/2017 14:59] [] CHECK STOCK QTY IS ENOUGH [600, 111]
[ADMIN] [1/25/2017 14:59] [PENJUALAN] DELIVERY ORDER : detailGridView_CellValueChanged [qty]
[ADMIN] [1/25/2017 14:59] [PENJUALAN] DELIVERY ORDER : TextBox_TextChanged, dataGridViewTextBoxEditingControl.Text pass REGEX Checking
[ADMIN] [1/25/2017 14:59] [] CHECK STOCK QTY IS ENOUGH [19]
[ADMIN] [1/25/2017 14:59] [] CHECK STOCK QTY IS ENOUGH [600, 1111]
[ADMIN] [1/25/2017 14:59] [PENJUALAN] DELIVERY ORDER : detailGridView_CellValueChanged [qty]
[ADMIN] [1/25/2017 14:59] [PENJUALAN] DELIVERY ORDER : TextBox_TextChanged, dataGridViewTextBoxEditingControl.Text pass REGEX Checking
[ADMIN] [1/25/2017 14:59] [] CHECK STOCK QTY IS ENOUGH [19]
[ADMIN] [1/25/2017 14:59] [] CHECK STOCK QTY IS ENOUGH [600, 11]
[ADMIN] [1/25/2017 14:59] [PENJUALAN] DELIVERY ORDER : detailGridView_CellValueChanged [qty]
[ADMIN] [1/25/2017 14:59] [PENJUALAN] DELIVERY ORDER : TextBox_TextChanged, dataGridViewTextBoxEditingControl.Text pass REGEX Checking
[ADMIN] [1/25/2017 14:59] [] CHECK STOCK QTY IS ENOUGH [19]
[ADMIN] [1/25/2017 14:59] [] CHECK STOCK QTY IS ENOUGH [600, 112]
[ADMIN] [1/25/2017 14:59] [PENJUALAN] DELIVERY ORDER : detailGridView_CellValueChanged [qty]
[ADMIN] [1/25/2017 14:59] [PENJUALAN] DELIVERY ORDER : TextBox_TextChanged, dataGridViewTextBoxEditingControl.Text pass REGEX Checking
[ADMIN] [1/25/2017 14:59] [] CHECK STOCK QTY IS ENOUGH [19]
[ADMIN] [1/25/2017 14:59] [] CHECK STOCK QTY IS ENOUGH [600, 1122]
[ADMIN] [1/25/2017 15:00] [] USER ID = 1LOGOUT
