[] [1/25/2017 14:06] [] USER = ADMIN IS ACTIVE
[ADMIN] [1/25/2017 14:06] [] USER ID = 1 LOGIN SUCCESSFULLY
[ADMIN] [1/25/2017 14:06] [] ACTIVATE USER ACCESS RIGHT
[ADMIN] [1/25/2017 14:06] [] DISPLAY ADMIN FORM
[ADMIN] [1/25/2017 14:06] [] adminForm Load
[] [1/25/2017 14:09] [] USER = ADMIN IS ACTIVE
[ADMIN] [1/25/2017 14:09] [] USER ID = 1 LOGIN SUCCESSFULLY
[ADMIN] [1/25/2017 14:09] [] ACTIVATE USER ACCESS RIGHT
[ADMIN] [1/25/2017 14:09] [] DISPLAY ADMIN FORM
[ADMIN] [1/25/2017 14:09] [] adminForm Load
[] [1/25/2017 14:11] [] USER = ADMIN IS ACTIVE
[ADMIN] [1/25/2017 14:11] [] USER ID = 1 LOGIN SUCCESSFULLY
[ADMIN] [1/25/2017 14:11] [] ACTIVATE USER ACCESS RIGHT
[ADMIN] [1/25/2017 14:11] [] DISPLAY ADMIN FORM
[ADMIN] [1/25/2017 14:11] [] adminForm Load
[ADMIN] [1/25/2017 14:12] [PENJUALAN] DELIVERY ORDER : detailGridView_CellValueChanged [qty]
[ADMIN] [1/25/2017 14:12] [PENJUALAN] Delivery Order : TextBox_TextChanged, dataGridViewTextBoxEditingControl.Text [1]
[ADMIN] [1/25/2017 14:12] [PENJUALAN] Delivery Order: TextBox_TextChanged, dataGridViewTextBoxEditingControl.Text pass REGEX Checking
[ADMIN] [1/25/2017 14:12] [] CHECK STOCK QTY IS ENOUGH [19]
[ADMIN] [1/25/2017 14:12] [] CHECK STOCK QTY IS ENOUGH [0, 1]
[] [1/25/2017 14:14] [] USER = ADMIN IS ACTIVE
[ADMIN] [1/25/2017 14:14] [] USER ID = 1 LOGIN SUCCESSFULLY
[ADMIN] [1/25/2017 14:14] [] ACTIVATE USER ACCESS RIGHT
[ADMIN] [1/25/2017 14:14] [] DISPLAY ADMIN FORM
[ADMIN] [1/25/2017 14:14] [] adminForm Load
[ADMIN] [1/25/2017 14:15] [PENJUALAN] DELIVERY ORDER : detailGridView_CellValueChanged [qty]
[ADMIN] [1/25/2017 14:15] [PENJUALAN] Delivery Order : TextBox_TextChanged, dataGridViewTextBoxEditingControl.Text [2]
[ADMIN] [1/25/2017 14:15] [PENJUALAN] Delivery Order: TextBox_TextChanged, dataGridViewTextBoxEditingControl.Text pass REGEX Checking
[ADMIN] [1/25/2017 14:15] [] CHECK STOCK QTY IS ENOUGH [19]
[ADMIN] [1/25/2017 14:15] [] CHECK STOCK QTY IS ENOUGH [0, 2]
[ADMIN] [1/25/2017 14:15] [PENJUALAN] DELIVERY ORDER : detailGridView_CellValueChanged [qty]
[ADMIN] [1/25/2017 14:15] [PENJUALAN] Delivery Order : TextBox_TextChanged, dataGridViewTextBoxEditingControl.Text [20]
[ADMIN] [1/25/2017 14:15] [PENJUALAN] Delivery Order: TextBox_TextChanged, dataGridViewTextBoxEditingControl.Text pass REGEX Checking
[ADMIN] [1/25/2017 14:15] [] CHECK STOCK QTY IS ENOUGH [19]
[ADMIN] [1/25/2017 14:15] [] CHECK STOCK QTY IS ENOUGH [0, 20]
[ADMIN] [1/25/2017 14:15] [PENJUALAN] DELIVERY ORDER : detailGridView_CellValueChanged [qty]
[ADMIN] [1/25/2017 14:15] [PENJUALAN] Delivery Order : TextBox_TextChanged, dataGridViewTextBoxEditingControl.Text [200]
[ADMIN] [1/25/2017 14:15] [PENJUALAN] Delivery Order: TextBox_TextChanged, dataGridViewTextBoxEditingControl.Text pass REGEX Checking
[ADMIN] [1/25/2017 14:15] [] CHECK STOCK QTY IS ENOUGH [19]
[ADMIN] [1/25/2017 14:15] [] CHECK STOCK QTY IS ENOUGH [0, 200]
[ADMIN] [1/25/2017 14:15] [PENJUALAN] DELIVERY ORDER : detailGridView_CellValueChanged [qty]
[ADMIN] [1/25/2017 14:15] [PENJUALAN] Delivery Order : TextBox_TextChanged, dataGridViewTextBoxEditingControl.Text [20]
[ADMIN] [1/25/2017 14:15] [PENJUALAN] Delivery Order: TextBox_TextChanged, dataGridViewTextBoxEditingControl.Text pass REGEX Checking
[ADMIN] [1/25/2017 14:15] [] CHECK STOCK QTY IS ENOUGH [19]
[ADMIN] [1/25/2017 14:15] [] CHECK STOCK QTY IS ENOUGH [0, 20]
[ADMIN] [1/25/2017 14:15] [PENJUALAN] DELIVERY ORDER : detailGridView_CellValueChanged [qty]
[ADMIN] [1/25/2017 14:15] [PENJUALAN] Delivery Order : TextBox_TextChanged, dataGridViewTextBoxEditingControl.Text [2]
[ADMIN] [1/25/2017 14:15] [PENJUALAN] Delivery Order: TextBox_TextChanged, dataGridViewTextBoxEditingControl.Text pass REGEX Checking
[ADMIN] [1/25/2017 14:15] [] CHECK STOCK QTY IS ENOUGH [19]
[ADMIN] [1/25/2017 14:15] [] CHECK STOCK QTY IS ENOUGH [0, 2]
[ADMIN] [1/25/2017 14:15] [PENJUALAN] DELIVERY ORDER : detailGridView_CellValueChanged [qty]
[ADMIN] [1/25/2017 14:15] [PENJUALAN] DELIVERY ORDER : detailGridView_CellValueChanged , empty texbox, reset [qty] value to 0
[ADMIN] [1/25/2017 14:15] [PENJUALAN] DELIVERY ORDER : detailGridView_CellValueChanged [qty]
[ADMIN] [1/25/2017 14:15] [PENJUALAN] Delivery Order : TextBox_TextChanged, dataGridViewTextBoxEditingControl.Text [1]
[ADMIN] [1/25/2017 14:15] [PENJUALAN] Delivery Order: TextBox_TextChanged, dataGridViewTextBoxEditingControl.Text pass REGEX Checking
[ADMIN] [1/25/2017 14:15] [] CHECK STOCK QTY IS ENOUGH [19]
[ADMIN] [1/25/2017 14:15] [] CHECK STOCK QTY IS ENOUGH [0, 1]
[ADMIN] [1/25/2017 14:15] [PENJUALAN] DELIVERY ORDER : detailGridView_CellValueChanged [qty]
[ADMIN] [1/25/2017 14:15] [PENJUALAN] DELIVERY ORDER : detailGridView_CellValueChanged , empty texbox, reset [qty] value to 0
[ADMIN] [1/25/2017 14:15] [PENJUALAN] DELIVERY ORDER : detailGridView_CellValueChanged [qty]
[ADMIN] [1/25/2017 14:15] [PENJUALAN] Delivery Order : TextBox_TextChanged, dataGridViewTextBoxEditingControl.Text [a]
[ADMIN] [1/25/2017 14:15] [PENJUALAN] CASHIER FORM : TextBox_TextChanged, dataGridViewTextBoxEditingControl.Text did not pass REGEX Checking
[ADMIN] [1/25/2017 14:15] [PENJUALAN] DELIVERY ORDER : detailGridView_CellValueChanged [qty]
[ADMIN] [1/25/2017 14:15] [PENJUALAN] Delivery Order : TextBox_TextChanged, dataGridViewTextBoxEditingControl.Text [aa]
[ADMIN] [1/25/2017 14:15] [PENJUALAN] CASHIER FORM : TextBox_TextChanged, dataGridViewTextBoxEditingControl.Text did not pass REGEX Checking
[ADMIN] [1/25/2017 14:15] [PENJUALAN] DELIVERY ORDER : detailGridView_CellValueChanged [qty]
[ADMIN] [1/25/2017 14:15] [PENJUALAN] Delivery Order : TextBox_TextChanged, dataGridViewTextBoxEditingControl.Text [aaa]
[ADMIN] [1/25/2017 14:15] [PENJUALAN] CASHIER FORM : TextBox_TextChanged, dataGridViewTextBoxEditingControl.Text did not pass REGEX Checking
[ADMIN] [1/25/2017 14:15] [PENJUALAN] DELIVERY ORDER : detailGridView_CellValueChanged [qty]
[ADMIN] [1/25/2017 14:15] [PENJUALAN] Delivery Order : TextBox_TextChanged, dataGridViewTextBoxEditingControl.Text [aaaa]
[ADMIN] [1/25/2017 14:15] [PENJUALAN] CASHIER FORM : TextBox_TextChanged, dataGridViewTextBoxEditingControl.Text did not pass REGEX Checking
[ADMIN] [1/25/2017 14:15] [PENJUALAN] DELIVERY ORDER : detailGridView_CellValueChanged [qty]
[ADMIN] [1/25/2017 14:15] [PENJUALAN] Delivery Order : TextBox_TextChanged, dataGridViewTextBoxEditingControl.Text [aaaaa]
[ADMIN] [1/25/2017 14:15] [PENJUALAN] CASHIER FORM : TextBox_TextChanged, dataGridViewTextBoxEditingControl.Text did not pass REGEX Checking
[ADMIN] [1/25/2017 14:15] [PENJUALAN] DELIVERY ORDER : detailGridView_CellValueChanged [qty]
[ADMIN] [1/25/2017 14:15] [PENJUALAN] Delivery Order : TextBox_TextChanged, dataGridViewTextBoxEditingControl.Text [aaaa]
[ADMIN] [1/25/2017 14:15] [PENJUALAN] CASHIER FORM : TextBox_TextChanged, dataGridViewTextBoxEditingControl.Text did not pass REGEX Checking
[ADMIN] [1/25/2017 14:15] [PENJUALAN] DELIVERY ORDER : detailGridView_CellValueChanged [qty]
[ADMIN] [1/25/2017 14:15] [PENJUALAN] Delivery Order : TextBox_TextChanged, dataGridViewTextBoxEditingControl.Text [aaa]
[ADMIN] [1/25/2017 14:15] [PENJUALAN] CASHIER FORM : TextBox_TextChanged, dataGridViewTextBoxEditingControl.Text did not pass REGEX Checking
[ADMIN] [1/25/2017 14:15] [PENJUALAN] DELIVERY ORDER : detailGridView_CellValueChanged [qty]
[ADMIN] [1/25/2017 14:15] [PENJUALAN] Delivery Order : TextBox_TextChanged, dataGridViewTextBoxEditingControl.Text [aa]
[ADMIN] [1/25/2017 14:15] [PENJUALAN] CASHIER FORM : TextBox_TextChanged, dataGridViewTextBoxEditingControl.Text did not pass REGEX Checking
[ADMIN] [1/25/2017 14:15] [PENJUALAN] DELIVERY ORDER : detailGridView_CellValueChanged [qty]
[ADMIN] [1/25/2017 14:15] [PENJUALAN] Delivery Order : TextBox_TextChanged, dataGridViewTextBoxEditingControl.Text [a]
[ADMIN] [1/25/2017 14:15] [PENJUALAN] CASHIER FORM : TextBox_TextChanged, dataGridViewTextBoxEditingControl.Text did not pass REGEX Checking
[ADMIN] [1/25/2017 14:15] [PENJUALAN] DELIVERY ORDER : detailGridView_CellValueChanged [qty]
[ADMIN] [1/25/2017 14:15] [PENJUALAN] DELIVERY ORDER : detailGridView_CellValueChanged , empty texbox, reset [qty] value to 0
[] [1/25/2017 14:17] [] USER = ADMIN IS ACTIVE
[ADMIN] [1/25/2017 14:17] [] USER ID = 1 LOGIN SUCCESSFULLY
[ADMIN] [1/25/2017 14:17] [] ACTIVATE USER ACCESS RIGHT
[ADMIN] [1/25/2017 14:17] [] DISPLAY ADMIN FORM
[ADMIN] [1/25/2017 14:17] [] adminForm Load
[ADMIN] [1/25/2017 14:18] [PENJUALAN] DELIVERY ORDER : detailGridView_CellValueChanged [qty]
[ADMIN] [1/25/2017 14:18] [PENJUALAN] DELIVERY ORDER : TextBox_TextChanged, dataGridViewTextBoxEditingControl.Text [2]
[ADMIN] [1/25/2017 14:19] [PENJUALAN] DELIVERY ORDER : TextBox_TextChanged, dataGridViewTextBoxEditingControl.Text pass REGEX Checking
[ADMIN] [1/25/2017 14:19] [] CHECK STOCK QTY IS ENOUGH [19]
[ADMIN] [1/25/2017 14:19] [] CHECK STOCK QTY IS ENOUGH [1000, 2]
[ADMIN] [1/25/2017 14:19] [PENJUALAN] DELIVERY ORDER : detailGridView_CellValueChanged [qty]
[ADMIN] [1/25/2017 14:19] [PENJUALAN] DELIVERY ORDER : TextBox_TextChanged, dataGridViewTextBoxEditingControl.Text pass REGEX Checking
[ADMIN] [1/25/2017 14:19] [] CHECK STOCK QTY IS ENOUGH [19]
[ADMIN] [1/25/2017 14:19] [] CHECK STOCK QTY IS ENOUGH [1000, 1]
[ADMIN] [1/25/2017 14:19] [PENJUALAN] DELIVERY ORDER : detailGridView_CellValueChanged [qty]
[ADMIN] [1/25/2017 14:19] [PENJUALAN] DELIVERY ORDER : TextBox_TextChanged, dataGridViewTextBoxEditingControl.Text pass REGEX Checking
[ADMIN] [1/25/2017 14:19] [] CHECK STOCK QTY IS ENOUGH [19]
[ADMIN] [1/25/2017 14:19] [] CHECK STOCK QTY IS ENOUGH [1000, 10]
[ADMIN] [1/25/2017 14:19] [PENJUALAN] DELIVERY ORDER : detailGridView_CellValueChanged [qty]
[ADMIN] [1/25/2017 14:19] [PENJUALAN] DELIVERY ORDER : TextBox_TextChanged, dataGridViewTextBoxEditingControl.Text pass REGEX Checking
[ADMIN] [1/25/2017 14:19] [] CHECK STOCK QTY IS ENOUGH [19]
[ADMIN] [1/25/2017 14:19] [] CHECK STOCK QTY IS ENOUGH [1000, 100]
[ADMIN] [1/25/2017 14:19] [PENJUALAN] DELIVERY ORDER : detailGridView_CellValueChanged [qty]
[ADMIN] [1/25/2017 14:19] [PENJUALAN] DELIVERY ORDER : TextBox_TextChanged, dataGridViewTextBoxEditingControl.Text pass REGEX Checking
[ADMIN] [1/25/2017 14:19] [] CHECK STOCK QTY IS ENOUGH [19]
[ADMIN] [1/25/2017 14:19] [] CHECK STOCK QTY IS ENOUGH [1000, 1000]
[ADMIN] [1/25/2017 14:19] [PENJUALAN] DELIVERY ORDER : detailGridView_CellValueChanged [qty]
[ADMIN] [1/25/2017 14:19] [PENJUALAN] DELIVERY ORDER : TextBox_TextChanged, dataGridViewTextBoxEditingControl.Text pass REGEX Checking
[ADMIN] [1/25/2017 14:19] [] CHECK STOCK QTY IS ENOUGH [19]
[ADMIN] [1/25/2017 14:19] [] CHECK STOCK QTY IS ENOUGH [1000, 10000]
[ADMIN] [1/25/2017 14:19] [PENJUALAN] DELIVERY ORDER : detailGridView_CellValueChanged [qty]
[ADMIN] [1/25/2017 14:19] [PENJUALAN] DELIVERY ORDER : TextBox_TextChanged, dataGridViewTextBoxEditingControl.Text pass REGEX Checking
[ADMIN] [1/25/2017 14:19] [] CHECK STOCK QTY IS ENOUGH [19]
[ADMIN] [1/25/2017 14:19] [] CHECK STOCK QTY IS ENOUGH [1000, 100000]
[ADMIN] [1/25/2017 14:19] [PENJUALAN] DELIVERY ORDER : detailGridView_CellValueChanged [qty]
[ADMIN] [1/25/2017 14:19] [PENJUALAN] DELIVERY ORDER : TextBox_TextChanged, dataGridViewTextBoxEditingControl.Text pass REGEX Checking
[ADMIN] [1/25/2017 14:19] [] CHECK STOCK QTY IS ENOUGH [19]
[ADMIN] [1/25/2017 14:19] [] CHECK STOCK QTY IS ENOUGH [1000, 1000000]
[ADMIN] [1/25/2017 14:19] [PENJUALAN] DELIVERY ORDER : detailGridView_CellValueChanged [qty]
[ADMIN] [1/25/2017 14:19] [PENJUALAN] DELIVERY ORDER : TextBox_TextChanged, dataGridViewTextBoxEditingControl.Text pass REGEX Checking
[ADMIN] [1/25/2017 14:19] [] CHECK STOCK QTY IS ENOUGH [19]
[ADMIN] [1/25/2017 14:19] [] CHECK STOCK QTY IS ENOUGH [1000, 10000000]
[ADMIN] [1/25/2017 14:19] [PENJUALAN] DELIVERY ORDER : detailGridView_CellValueChanged [qty]
[ADMIN] [1/25/2017 14:19] [PENJUALAN] DELIVERY ORDER : TextBox_TextChanged, dataGridViewTextBoxEditingControl.Text pass REGEX Checking
[ADMIN] [1/25/2017 14:19] [] CHECK STOCK QTY IS ENOUGH [19]
[ADMIN] [1/25/2017 14:19] [] CHECK STOCK QTY IS ENOUGH [1000, 1000000]
[ADMIN] [1/25/2017 14:19] [PENJUALAN] DELIVERY ORDER : detailGridView_CellValueChanged [qty]
[ADMIN] [1/25/2017 14:19] [PENJUALAN] DELIVERY ORDER : TextBox_TextChanged, dataGridViewTextBoxEditingControl.Text pass REGEX Checking
[ADMIN] [1/25/2017 14:19] [] CHECK STOCK QTY IS ENOUGH [19]
[ADMIN] [1/25/2017 14:19] [] CHECK STOCK QTY IS ENOUGH [1000, 100000]
[ADMIN] [1/25/2017 14:19] [PENJUALAN] DELIVERY ORDER : detailGridView_CellValueChanged [qty]
[ADMIN] [1/25/2017 14:19] [PENJUALAN] DELIVERY ORDER : TextBox_TextChanged, dataGridViewTextBoxEditingControl.Text pass REGEX Checking
[ADMIN] [1/25/2017 14:19] [] CHECK STOCK QTY IS ENOUGH [19]
[ADMIN] [1/25/2017 14:19] [] CHECK STOCK QTY IS ENOUGH [1000, 10000]
[ADMIN] [1/25/2017 14:19] [PENJUALAN] DELIVERY ORDER : detailGridView_CellValueChanged [qty]
[ADMIN] [1/25/2017 14:19] [PENJUALAN] DELIVERY ORDER : TextBox_TextChanged, dataGridViewTextBoxEditingControl.Text pass REGEX Checking
[ADMIN] [1/25/2017 14:19] [] CHECK STOCK QTY IS ENOUGH [19]
[ADMIN] [1/25/2017 14:19] [] CHECK STOCK QTY IS ENOUGH [1000, 100]
[ADMIN] [1/25/2017 14:19] [PENJUALAN] DELIVERY ORDER : detailGridView_CellValueChanged [qty]
[ADMIN] [1/25/2017 14:19] [PENJUALAN] DELIVERY ORDER : TextBox_TextChanged, dataGridViewTextBoxEditingControl.Text pass REGEX Checking
[ADMIN] [1/25/2017 14:19] [] CHECK STOCK QTY IS ENOUGH [19]
[ADMIN] [1/25/2017 14:19] [] CHECK STOCK QTY IS ENOUGH [1000, 10]
[ADMIN] [1/25/2017 14:19] [PENJUALAN] DELIVERY ORDER : detailGridView_CellValueChanged [qty]
[ADMIN] [1/25/2017 14:19] [PENJUALAN] DELIVERY ORDER : TextBox_TextChanged, dataGridViewTextBoxEditingControl.Text pass REGEX Checking
[ADMIN] [1/25/2017 14:19] [] CHECK STOCK QTY IS ENOUGH [19]
[ADMIN] [1/25/2017 14:19] [] CHECK STOCK QTY IS ENOUGH [1000, 1]
[ADMIN] [1/25/2017 14:19] [PENJUALAN] DELIVERY ORDER : detailGridView_CellValueChanged [qty]
[ADMIN] [1/25/2017 14:19] [PENJUALAN] DELIVERY ORDER : detailGridView_CellValueChanged , empty texbox, reset [qty] value to 0
[ADMIN] [1/25/2017 14:19] [PENJUALAN] DELIVERY ORDER : detailGridView_CellValueChanged [qty]
[ADMIN] [1/25/2017 14:19] [PENJUALAN] DELIVERY ORDER : TextBox_TextChanged, dataGridViewTextBoxEditingControl.Text [a]
[ADMIN] [1/25/2017 14:19] [PENJUALAN] DELIVERY ORDER : TextBox_TextChanged, dataGridViewTextBoxEditingControl.Text did not pass REGEX Checking
[ADMIN] [1/25/2017 14:19] [PENJUALAN] DELIVERY ORDER : detailGridView_CellValueChanged [qty]
[ADMIN] [1/25/2017 14:19] [PENJUALAN] DELIVERY ORDER : TextBox_TextChanged, dataGridViewTextBoxEditingControl.Text [aa]
[ADMIN] [1/25/2017 14:19] [PENJUALAN] DELIVERY ORDER : TextBox_TextChanged, dataGridViewTextBoxEditingControl.Text did not pass REGEX Checking
[ADMIN] [1/25/2017 14:19] [PENJUALAN] DELIVERY ORDER : detailGridView_CellValueChanged [qty]
[ADMIN] [1/25/2017 14:19] [PENJUALAN] DELIVERY ORDER : TextBox_TextChanged, dataGridViewTextBoxEditingControl.Text [aaa]
[ADMIN] [1/25/2017 14:19] [PENJUALAN] DELIVERY ORDER : TextBox_TextChanged, dataGridViewTextBoxEditingControl.Text did not pass REGEX Checking
[ADMIN] [1/25/2017 14:19] [PENJUALAN] DELIVERY ORDER : detailGridView_CellValueChanged [qty]
[ADMIN] [1/25/2017 14:19] [PENJUALAN] DELIVERY ORDER : TextBox_TextChanged, dataGridViewTextBoxEditingControl.Text [aaaa]
[ADMIN] [1/25/2017 14:19] [PENJUALAN] DELIVERY ORDER : TextBox_TextChanged, dataGridViewTextBoxEditingControl.Text did not pass REGEX Checking
[ADMIN] [1/25/2017 14:19] [PENJUALAN] DELIVERY ORDER : detailGridView_CellValueChanged [qty]
[ADMIN] [1/25/2017 14:19] [PENJUALAN] DELIVERY ORDER : TextBox_TextChanged, dataGridViewTextBoxEditingControl.Text [aaa]
[ADMIN] [1/25/2017 14:19] [PENJUALAN] DELIVERY ORDER : TextBox_TextChanged, dataGridViewTextBoxEditingControl.Text did not pass REGEX Checking
[ADMIN] [1/25/2017 14:19] [PENJUALAN] DELIVERY ORDER : detailGridView_CellValueChanged [qty]
[ADMIN] [1/25/2017 14:19] [PENJUALAN] DELIVERY ORDER : TextBox_TextChanged, dataGridViewTextBoxEditingControl.Text [aa]
[ADMIN] [1/25/2017 14:19] [PENJUALAN] DELIVERY ORDER : TextBox_TextChanged, dataGridViewTextBoxEditingControl.Text did not pass REGEX Checking
[ADMIN] [1/25/2017 14:19] [PENJUALAN] DELIVERY ORDER : detailGridView_CellValueChanged [qty]
[ADMIN] [1/25/2017 14:19] [PENJUALAN] DELIVERY ORDER : TextBox_TextChanged, dataGridViewTextBoxEditingControl.Text [a]
[ADMIN] [1/25/2017 14:19] [PENJUALAN] DELIVERY ORDER : TextBox_TextChanged, dataGridViewTextBoxEditingControl.Text did not pass REGEX Checking
[ADMIN] [1/25/2017 14:19] [PENJUALAN] DELIVERY ORDER : detailGridView_CellValueChanged [qty]
[ADMIN] [1/25/2017 14:19] [PENJUALAN] DELIVERY ORDER : detailGridView_CellValueChanged , empty texbox, reset [qty] value to 0
[ADMIN] [1/25/2017 14:19] [PENJUALAN] DELIVERY ORDER : detailGridView_CellValueChanged [qty]
[ADMIN] [1/25/2017 14:19] [PENJUALAN] DELIVERY ORDER : TextBox_TextChanged, dataGridViewTextBoxEditingControl.Text [s]
[ADMIN] [1/25/2017 14:19] [PENJUALAN] DELIVERY ORDER : TextBox_TextChanged, dataGridViewTextBoxEditingControl.Text did not pass REGEX Checking
[ADMIN] [1/25/2017 14:19] [PENJUALAN] DELIVERY ORDER : detailGridView_CellValueChanged [qty]
[ADMIN] [1/25/2017 14:19] [PENJUALAN] DELIVERY ORDER : detailGridView_CellValueChanged , empty texbox, reset [qty] value to 0
[ADMIN] [1/25/2017 14:19] [PENJUALAN] DELIVERY ORDER : detailGridView_CellValueChanged [qty]
[ADMIN] [1/25/2017 14:19] [PENJUALAN] DELIVERY ORDER : TextBox_TextChanged, dataGridViewTextBoxEditingControl.Text [1]
[ADMIN] [1/25/2017 14:19] [PENJUALAN] DELIVERY ORDER : TextBox_TextChanged, dataGridViewTextBoxEditingControl.Text pass REGEX Checking
[ADMIN] [1/25/2017 14:19] [] CHECK STOCK QTY IS ENOUGH [19]
[ADMIN] [1/25/2017 14:19] [] CHECK STOCK QTY IS ENOUGH [1000, 1]
[ADMIN] [1/25/2017 14:19] [PENJUALAN] DELIVERY ORDER : detailGridView_CellValueChanged [qty]
[ADMIN] [1/25/2017 14:19] [PENJUALAN] DELIVERY ORDER : detailGridView_CellValueChanged , empty texbox, reset [qty] value to 0
[ADMIN] [1/25/2017 14:19] [] USER ID = 1LOGOUT
