[] [1/23/2017 14:03] [] USER = ADMIN IS ACTIVE
[ADMIN] [1/23/2017 14:03] [] USER ID = 1 LOGIN SUCCESSFULLY
[ADMIN] [1/23/2017 14:03] [] ACTIVATE USER ACCESS RIGHT
[ADMIN] [1/23/2017 14:03] [] DISPLAY ADMIN FORM
[ADMIN] [1/23/2017 14:03] [] adminForm Load
[] [1/23/2017 14:04] [] USER = ADMIN IS ACTIVE
[ADMIN] [1/23/2017 14:04] [] USER ID = 1 LOGIN SUCCESSFULLY
[ADMIN] [1/23/2017 14:04] [] ACTIVATE USER ACCESS RIGHT
[ADMIN] [1/23/2017 14:04] [] DISPLAY ADMIN FORM
[ADMIN] [1/23/2017 14:04] [] adminForm Load
[] [1/23/2017 14:08] [] USER = ADMIN IS ACTIVE
[ADMIN] [1/23/2017 14:08] [] USER ID = 1 LOGIN SUCCESSFULLY
[ADMIN] [1/23/2017 14:08] [] ACTIVATE USER ACCESS RIGHT
[ADMIN] [1/23/2017 14:08] [] DISPLAY ADMIN FORM
[ADMIN] [1/23/2017 14:08] [] adminForm Load
[] [1/23/2017 14:10] [] USER = ADMIN IS ACTIVE
[ADMIN] [1/23/2017 14:10] [] USER ID = 1 LOGIN SUCCESSFULLY
[ADMIN] [1/23/2017 14:10] [] ACTIVATE USER ACCESS RIGHT
[ADMIN] [1/23/2017 14:10] [] DISPLAY ADMIN FORM
[ADMIN] [1/23/2017 14:10] [] adminForm Load
[ADMIN] [1/23/2017 14:11] [] USER ID = 1LOGOUT
