[] [1/25/2017 12:59] [] USER = ADMIN IS ACTIVE
[ADMIN] [1/25/2017 12:59] [] USER ID = 1 LOGIN SUCCESSFULLY
[ADMIN] [1/25/2017 12:59] [] ACTIVATE USER ACCESS RIGHT
[ADMIN] [1/25/2017 12:59] [] DISPLAY ADMIN FORM
[ADMIN] [1/25/2017 12:59] [] adminForm Load
[ADMIN] [1/25/2017 13:00] [PENJUALAN] CASHIER FORM : MULTIPLE CASHIER INSTANCE [1]
[ADMIN] [1/25/2017 13:00] [PENJUALAN] CASHIER FORM : REGISTER HOTKEY
[ADMIN] [1/25/2017 13:00] [PENJUALAN] CASHIER FORM : cashierForm_Load, ATTEMPT TO LOAD NO FAKTUR
[ADMIN] [1/25/2017 13:00] [PENJUALAN] CASHIER FORM : loadNoFaktur, noFakturValue [SLO001]
[ADMIN] [1/25/2017 13:00] [PENJUALAN] CASHIER FORM : cashierForm_Load, ATTEMPT TO addColumnToDataGrid
[ADMIN] [1/25/2017 13:00] [PENJUALAN] CASHIER FORM : calculateTotal
[ADMIN] [1/25/2017 13:00] [PENJUALAN] CASHIER FORM : calculateTotal [0]
[ADMIN] [1/25/2017 13:00] [PENJUALAN] CASHIER FORM : calculateTotal, totalAfterDisc [0]
[ADMIN] [1/25/2017 13:00] [PENJUALAN] CASHIER FORM : REGISTER HOTKEY
[ADMIN] [1/25/2017 13:06] [PENJUALAN] CASHIER FORM : HOTKEY TO ADD NEW ROW PRESSED
[ADMIN] [1/25/2017 13:06] [PENJUALAN] CASHIER FORM : ADD NEW ROW,  isActive [True]
[ADMIN] [1/25/2017 13:06] [PENJUALAN] CASHIER FORM : ADD NEW ROW,  ROW COUNT [0]
[ADMIN] [1/25/2017 13:06] [PENJUALAN] CASHIER FORM : ADD NEW ROW,  ALLOW TO ADD [True]
[ADMIN] [1/25/2017 13:06] [PENJUALAN] CASHIER FORM : cashierDataGridView_CellValueChanged [F8]
[ADMIN] [1/25/2017 13:06] [PENJUALAN] CASHIER FORM : cashierDataGridView_CellValueChanged [hpp]
[ADMIN] [1/25/2017 13:06] [PENJUALAN] CASHIER FORM : cashierDataGridView_CellValueChanged [productPrice]
[ADMIN] [1/25/2017 13:06] [PENJUALAN] CASHIER FORM : TextBox_TextChanged, previousInput []
[ADMIN] [1/25/2017 13:06] [PENJUALAN] CASHIER FORM : TextBox_TextChanged, dataGridViewTextBoxEditingControl.Text pass REGEX Checking
[ADMIN] [1/25/2017 13:06] [PENJUALAN] CASHIER FORM : CALCULATE SUBTOTAL
[ADMIN] [1/25/2017 13:06] [PENJUALAN] CASHIER FORM : SUBTOTAL [0]
[ADMIN] [1/25/2017 13:06] [PENJUALAN] CASHIER FORM : TextBox_TextChanged, subtotal value [0]
[ADMIN] [1/25/2017 13:06] [PENJUALAN] CASHIER FORM : TextBox_TextChanged, attempt to calculate total value
[ADMIN] [1/25/2017 13:06] [PENJUALAN] CASHIER FORM : calculateTotal
[ADMIN] [1/25/2017 13:06] [PENJUALAN] CASHIER FORM : calculateTotal [0]
[ADMIN] [1/25/2017 13:06] [PENJUALAN] CASHIER FORM : calculateTotal, totalAfterDisc [0]
[ADMIN] [1/25/2017 13:06] [PENJUALAN] CASHIER FORM : cashierDataGridView_CellValueChanged [disc1]
[ADMIN] [1/25/2017 13:06] [PENJUALAN] CASHIER FORM : TextBox_TextChanged, previousInput [0]
[ADMIN] [1/25/2017 13:06] [PENJUALAN] CASHIER FORM : TextBox_TextChanged, dataGridViewTextBoxEditingControl.Text [0]
[ADMIN] [1/25/2017 13:06] [PENJUALAN] CASHIER FORM : TextBox_TextChanged, dataGridViewTextBoxEditingControl.Text pass REGEX Checking
[ADMIN] [1/25/2017 13:06] [PENJUALAN] CASHIER FORM : CALCULATE SUBTOTAL
[ADMIN] [1/25/2017 13:06] [PENJUALAN] CASHIER FORM : SUBTOTAL [0]
[ADMIN] [1/25/2017 13:06] [PENJUALAN] CASHIER FORM : TextBox_TextChanged, subtotal value [0]
[ADMIN] [1/25/2017 13:06] [PENJUALAN] CASHIER FORM : TextBox_TextChanged, attempt to calculate total value
[ADMIN] [1/25/2017 13:06] [PENJUALAN] CASHIER FORM : calculateTotal
[ADMIN] [1/25/2017 13:06] [PENJUALAN] CASHIER FORM : calculateTotal [0]
[ADMIN] [1/25/2017 13:06] [PENJUALAN] CASHIER FORM : calculateTotal, totalAfterDisc [0]
[ADMIN] [1/25/2017 13:06] [PENJUALAN] CASHIER FORM : cashierDataGridView_CellValueChanged [qty]
[ADMIN] [1/25/2017 13:06] [PENJUALAN] CASHIER FORM : TextBox_TextChanged, previousInput [0]
[ADMIN] [1/25/2017 13:06] [PENJUALAN] CASHIER FORM : TextBox_TextChanged, dataGridViewTextBoxEditingControl.Text [0]
[ADMIN] [1/25/2017 13:06] [PENJUALAN] CASHIER FORM : TextBox_TextChanged, dataGridViewTextBoxEditingControl.Text pass REGEX Checking
[ADMIN] [1/25/2017 13:06] [PENJUALAN] CASHIER FORM : CHECK STOCK QTY IS ENOUGH []
[ADMIN] [1/25/2017 13:06] [PENJUALAN] CASHIER FORM : CALCULATE SUBTOTAL
[ADMIN] [1/25/2017 13:06] [PENJUALAN] CASHIER FORM : SUBTOTAL [0]
[ADMIN] [1/25/2017 13:06] [PENJUALAN] CASHIER FORM : TextBox_TextChanged, subtotal value [0]
[ADMIN] [1/25/2017 13:06] [PENJUALAN] CASHIER FORM : TextBox_TextChanged, attempt to calculate total value
[ADMIN] [1/25/2017 13:06] [PENJUALAN] CASHIER FORM : calculateTotal
[ADMIN] [1/25/2017 13:06] [PENJUALAN] CASHIER FORM : calculateTotal [0]
[ADMIN] [1/25/2017 13:06] [PENJUALAN] CASHIER FORM : calculateTotal, totalAfterDisc [0]
[ADMIN] [1/25/2017 13:06] [PENJUALAN] CASHIER FORM : cashierDataGridView_CellValueChanged [disc2]
[ADMIN] [1/25/2017 13:06] [PENJUALAN] CASHIER FORM : TextBox_TextChanged, previousInput [0]
[ADMIN] [1/25/2017 13:06] [PENJUALAN] CASHIER FORM : TextBox_TextChanged, dataGridViewTextBoxEditingControl.Text [0]
[ADMIN] [1/25/2017 13:06] [PENJUALAN] CASHIER FORM : TextBox_TextChanged, dataGridViewTextBoxEditingControl.Text pass REGEX Checking
[ADMIN] [1/25/2017 13:06] [PENJUALAN] CASHIER FORM : CALCULATE SUBTOTAL
[ADMIN] [1/25/2017 13:06] [PENJUALAN] CASHIER FORM : SUBTOTAL [0]
[ADMIN] [1/25/2017 13:06] [PENJUALAN] CASHIER FORM : TextBox_TextChanged, subtotal value [0]
[ADMIN] [1/25/2017 13:06] [PENJUALAN] CASHIER FORM : TextBox_TextChanged, attempt to calculate total value
[ADMIN] [1/25/2017 13:06] [PENJUALAN] CASHIER FORM : calculateTotal
[ADMIN] [1/25/2017 13:06] [PENJUALAN] CASHIER FORM : calculateTotal [0]
[ADMIN] [1/25/2017 13:06] [PENJUALAN] CASHIER FORM : calculateTotal, totalAfterDisc [0]
[ADMIN] [1/25/2017 13:06] [PENJUALAN] CASHIER FORM : cashierDataGridView_CellValueChanged [discRP]
[ADMIN] [1/25/2017 13:06] [PENJUALAN] CASHIER FORM : TextBox_TextChanged, previousInput [0]
[ADMIN] [1/25/2017 13:06] [PENJUALAN] CASHIER FORM : TextBox_TextChanged, dataGridViewTextBoxEditingControl.Text [0]
[ADMIN] [1/25/2017 13:06] [PENJUALAN] CASHIER FORM : TextBox_TextChanged, dataGridViewTextBoxEditingControl.Text pass REGEX Checking
[ADMIN] [1/25/2017 13:06] [PENJUALAN] CASHIER FORM : CALCULATE SUBTOTAL
[ADMIN] [1/25/2017 13:06] [PENJUALAN] CASHIER FORM : SUBTOTAL [0]
[ADMIN] [1/25/2017 13:06] [PENJUALAN] CASHIER FORM : TextBox_TextChanged, subtotal value [0]
[ADMIN] [1/25/2017 13:06] [PENJUALAN] CASHIER FORM : TextBox_TextChanged, attempt to calculate total value
[ADMIN] [1/25/2017 13:06] [PENJUALAN] CASHIER FORM : calculateTotal
[ADMIN] [1/25/2017 13:06] [PENJUALAN] CASHIER FORM : calculateTotal [0]
[ADMIN] [1/25/2017 13:06] [PENJUALAN] CASHIER FORM : calculateTotal, totalAfterDisc [0]
[ADMIN] [1/25/2017 13:06] [PENJUALAN] CASHIER FORM : cashierDataGridView_CellValueChanged [jumlah]
[ADMIN] [1/25/2017 13:07] [PENJUALAN] CASHIER FORM : cashierDataGridView_CellValueChanged [productName]
[ADMIN] [1/25/2017 13:07] [PENJUALAN] CASHIER FORM : cashierDataGridView_CellValueChanged [productName]
[ADMIN] [1/25/2017 13:07] [PENJUALAN] CASHIER FORM : cashierDataGridView_CellValueChanged [productName]
[ADMIN] [1/25/2017 13:07] [PENJUALAN] CASHIER FORM : cashierDataGridView_CellValueChanged [productName]
[ADMIN] [1/25/2017 13:07] [PENJUALAN] CASHIER FORM : cashierDataGridView_CellValueChanged [productName]
[ADMIN] [1/25/2017 13:07] [PENJUALAN] CASHIER FORM : cashierDataGridView_CellValueChanged [productName]
[ADMIN] [1/25/2017 13:07] [PENJUALAN] CASHIER FORM : cashierDataGridView_CellValueChanged [productName]
[ADMIN] [1/25/2017 13:07] [PENJUALAN] CASHIER FORM : cashierDataGridView_CellValueChanged [productName]
[ADMIN] [1/25/2017 13:07] [PENJUALAN] CASHIER FORM : cashierDataGridView_CellValueChanged [productName]
[ADMIN] [1/25/2017 13:07] [PENJUALAN] CASHIER FORM : cashierDataGridView_CellValueChanged [productName]
[ADMIN] [1/25/2017 13:07] [PENJUALAN] CASHIER FORM : cashierDataGridView_CellValueChanged [productID]
[ADMIN] [1/25/2017 13:07] [PENJUALAN] CASHIER FORM : PRODUCT PRICE TYPE [PRODUCT_BASE_PRICE]
[ADMIN] [1/25/2017 13:07] [PENJUALAN] CASHIER FORM : PRODUCT PRICE [208500]
[ADMIN] [1/25/2017 13:07] [PENJUALAN] CASHIER FORM : ComboBox_SelectedIndexChanged, PRODUCT_BASE_PRICE [208500]
[ADMIN] [1/25/2017 13:07] [PENJUALAN] CASHIER FORM : cashierDataGridView_CellValueChanged [hpp]
[ADMIN] [1/25/2017 13:07] [PENJUALAN] CASHIER FORM : PRODUCT PRICE TYPE [PRODUCT_RETAIL_PRICE]
[ADMIN] [1/25/2017 13:07] [PENJUALAN] CASHIER FORM : PRODUCT PRICE [210000]
[ADMIN] [1/25/2017 13:07] [PENJUALAN] CASHIER FORM : ComboBox_SelectedIndexChanged, PRODUCT_SALES_PRICE [210000]
[ADMIN] [1/25/2017 13:07] [PENJUALAN] CASHIER FORM : cashierDataGridView_CellValueChanged [productPrice]
[ADMIN] [1/25/2017 13:07] [PENJUALAN] CASHIER FORM : TextBox_TextChanged, previousInput []
[ADMIN] [1/25/2017 13:07] [PENJUALAN] CASHIER FORM : TextBox_TextChanged, dataGridViewTextBoxEditingControl.Text pass REGEX Checking
[ADMIN] [1/25/2017 13:07] [PENJUALAN] CASHIER FORM : CALCULATE SUBTOTAL
[ADMIN] [1/25/2017 13:07] [PENJUALAN] CASHIER FORM : SUBTOTAL [0]
[ADMIN] [1/25/2017 13:07] [PENJUALAN] CASHIER FORM : TextBox_TextChanged, subtotal value [0]
[ADMIN] [1/25/2017 13:07] [PENJUALAN] CASHIER FORM : TextBox_TextChanged, attempt to calculate total value
[ADMIN] [1/25/2017 13:07] [PENJUALAN] CASHIER FORM : calculateTotal
[ADMIN] [1/25/2017 13:07] [PENJUALAN] CASHIER FORM : calculateTotal [0]
[ADMIN] [1/25/2017 13:07] [PENJUALAN] CASHIER FORM : calculateTotal, totalAfterDisc [0]
[ADMIN] [1/25/2017 13:07] [PENJUALAN] CASHIER FORM : cashierDataGridView_CellValueChanged [qty]
[ADMIN] [1/25/2017 13:07] [PENJUALAN] CASHIER FORM : TextBox_TextChanged, previousInput [0]
[ADMIN] [1/25/2017 13:07] [PENJUALAN] CASHIER FORM : TextBox_TextChanged, dataGridViewTextBoxEditingControl.Text [0]
[ADMIN] [1/25/2017 13:07] [PENJUALAN] CASHIER FORM : TextBox_TextChanged, dataGridViewTextBoxEditingControl.Text pass REGEX Checking
[ADMIN] [1/25/2017 13:07] [PENJUALAN] CASHIER FORM : CHECK STOCK QTY IS ENOUGH [19]
[ADMIN] [1/25/2017 13:07] [PENJUALAN] CASHIER FORM : CHECK STOCK QTY IS ENOUGH [1000, 0]
[ADMIN] [1/25/2017 13:07] [PENJUALAN] CASHIER FORM : CALCULATE SUBTOTAL
[ADMIN] [1/25/2017 13:07] [PENJUALAN] CASHIER FORM : SUBTOTAL [0]
[ADMIN] [1/25/2017 13:07] [PENJUALAN] CASHIER FORM : TextBox_TextChanged, subtotal value [0]
[ADMIN] [1/25/2017 13:07] [PENJUALAN] CASHIER FORM : TextBox_TextChanged, attempt to calculate total value
[ADMIN] [1/25/2017 13:07] [PENJUALAN] CASHIER FORM : calculateTotal
[ADMIN] [1/25/2017 13:07] [PENJUALAN] CASHIER FORM : calculateTotal [0]
[ADMIN] [1/25/2017 13:07] [PENJUALAN] CASHIER FORM : calculateTotal, totalAfterDisc [0]
[ADMIN] [1/25/2017 13:07] [PENJUALAN] CASHIER FORM : ComboBox_SelectedIndexChanged, attempt to calculate total
[ADMIN] [1/25/2017 13:07] [PENJUALAN] CASHIER FORM : calculateTotal
[ADMIN] [1/25/2017 13:07] [PENJUALAN] CASHIER FORM : calculateTotal [0]
[ADMIN] [1/25/2017 13:07] [PENJUALAN] CASHIER FORM : calculateTotal, totalAfterDisc [0]
[ADMIN] [1/25/2017 13:07] [PENJUALAN] CASHIER FORM : UNREGISTER HOTKEY
[ADMIN] [1/25/2017 13:07] [PENJUALAN] CASHIER FORM : UNREGISTER HOTKEY
[ADMIN] [1/25/2017 13:07] [PENJUALAN] CASHIER FORM : MULTIPLE CASHIER INSTANCE [1]
[ADMIN] [1/25/2017 13:07] [PENJUALAN] CASHIER FORM : REGISTER HOTKEY
[ADMIN] [1/25/2017 13:07] [PENJUALAN] CASHIER FORM : cashierForm_Load, ATTEMPT TO LOAD NO FAKTUR
[ADMIN] [1/25/2017 13:07] [PENJUALAN] CASHIER FORM : loadNoFaktur, noFakturValue [SLO001]
[ADMIN] [1/25/2017 13:07] [PENJUALAN] CASHIER FORM : cashierForm_Load, ATTEMPT TO addColumnToDataGrid
[ADMIN] [1/25/2017 13:07] [PENJUALAN] CASHIER FORM : calculateTotal
[ADMIN] [1/25/2017 13:07] [PENJUALAN] CASHIER FORM : calculateTotal [0]
[ADMIN] [1/25/2017 13:07] [PENJUALAN] CASHIER FORM : calculateTotal, totalAfterDisc [0]
[ADMIN] [1/25/2017 13:07] [PENJUALAN] CASHIER FORM : REGISTER HOTKEY
[ADMIN] [1/25/2017 13:07] [PENJUALAN] CASHIER FORM : UNREGISTER HOTKEY
[ADMIN] [1/25/2017 13:07] [PENJUALAN] CASHIER FORM : UNREGISTER HOTKEY
[ADMIN] [1/25/2017 13:07] [PENJUALAN] CASHIER FORM : REGISTER HOTKEY
[ADMIN] [1/25/2017 13:07] [PENJUALAN] CASHIER FORM : cashierForm_Load, ATTEMPT TO LOAD NO FAKTUR
[ADMIN] [1/25/2017 13:07] [PENJUALAN] CASHIER FORM : loadNoFaktur, noFakturValue [SLO001]
[ADMIN] [1/25/2017 13:07] [PENJUALAN] CASHIER FORM : cashierForm_Load, ATTEMPT TO addColumnToDataGrid
[ADMIN] [1/25/2017 13:07] [PENJUALAN] CASHIER FORM : calculateTotal
[ADMIN] [1/25/2017 13:07] [PENJUALAN] CASHIER FORM : calculateTotal [0]
[ADMIN] [1/25/2017 13:07] [PENJUALAN] CASHIER FORM : calculateTotal, totalAfterDisc [0]
[ADMIN] [1/25/2017 13:07] [PENJUALAN] CASHIER FORM : REGISTER HOTKEY
[ADMIN] [1/25/2017 13:07] [PENJUALAN] CASHIER FORM : HOTKEY TO ADD NEW ROW PRESSED
[ADMIN] [1/25/2017 13:07] [PENJUALAN] CASHIER FORM : ADD NEW ROW,  isActive [True]
[ADMIN] [1/25/2017 13:07] [PENJUALAN] CASHIER FORM : ADD NEW ROW,  ROW COUNT [0]
[ADMIN] [1/25/2017 13:07] [PENJUALAN] CASHIER FORM : ADD NEW ROW,  ALLOW TO ADD [True]
[ADMIN] [1/25/2017 13:07] [PENJUALAN] CASHIER FORM : cashierDataGridView_CellValueChanged [F8]
[ADMIN] [1/25/2017 13:07] [PENJUALAN] CASHIER FORM : cashierDataGridView_CellValueChanged [hpp]
[ADMIN] [1/25/2017 13:07] [PENJUALAN] CASHIER FORM : cashierDataGridView_CellValueChanged [productPrice]
[ADMIN] [1/25/2017 13:07] [PENJUALAN] CASHIER FORM : TextBox_TextChanged, previousInput []
[ADMIN] [1/25/2017 13:07] [PENJUALAN] CASHIER FORM : TextBox_TextChanged, dataGridViewTextBoxEditingControl.Text pass REGEX Checking
[ADMIN] [1/25/2017 13:07] [PENJUALAN] CASHIER FORM : CALCULATE SUBTOTAL
[ADMIN] [1/25/2017 13:07] [PENJUALAN] CASHIER FORM : SUBTOTAL [0]
[ADMIN] [1/25/2017 13:07] [PENJUALAN] CASHIER FORM : TextBox_TextChanged, subtotal value [0]
[ADMIN] [1/25/2017 13:07] [PENJUALAN] CASHIER FORM : TextBox_TextChanged, attempt to calculate total value
[ADMIN] [1/25/2017 13:07] [PENJUALAN] CASHIER FORM : calculateTotal
[ADMIN] [1/25/2017 13:07] [PENJUALAN] CASHIER FORM : calculateTotal [0]
[ADMIN] [1/25/2017 13:07] [PENJUALAN] CASHIER FORM : calculateTotal, totalAfterDisc [0]
[ADMIN] [1/25/2017 13:07] [PENJUALAN] CASHIER FORM : cashierDataGridView_CellValueChanged [disc1]
[ADMIN] [1/25/2017 13:07] [PENJUALAN] CASHIER FORM : TextBox_TextChanged, previousInput [0]
[ADMIN] [1/25/2017 13:07] [PENJUALAN] CASHIER FORM : TextBox_TextChanged, dataGridViewTextBoxEditingControl.Text [0]
[ADMIN] [1/25/2017 13:07] [PENJUALAN] CASHIER FORM : TextBox_TextChanged, dataGridViewTextBoxEditingControl.Text pass REGEX Checking
[ADMIN] [1/25/2017 13:07] [PENJUALAN] CASHIER FORM : CALCULATE SUBTOTAL
[ADMIN] [1/25/2017 13:07] [PENJUALAN] CASHIER FORM : SUBTOTAL [0]
[ADMIN] [1/25/2017 13:07] [PENJUALAN] CASHIER FORM : TextBox_TextChanged, subtotal value [0]
[ADMIN] [1/25/2017 13:07] [PENJUALAN] CASHIER FORM : TextBox_TextChanged, attempt to calculate total value
[ADMIN] [1/25/2017 13:07] [PENJUALAN] CASHIER FORM : calculateTotal
[ADMIN] [1/25/2017 13:07] [PENJUALAN] CASHIER FORM : calculateTotal [0]
[ADMIN] [1/25/2017 13:07] [PENJUALAN] CASHIER FORM : calculateTotal, totalAfterDisc [0]
[ADMIN] [1/25/2017 13:07] [PENJUALAN] CASHIER FORM : cashierDataGridView_CellValueChanged [qty]
[ADMIN] [1/25/2017 13:07] [PENJUALAN] CASHIER FORM : TextBox_TextChanged, previousInput [0]
[ADMIN] [1/25/2017 13:07] [PENJUALAN] CASHIER FORM : TextBox_TextChanged, dataGridViewTextBoxEditingControl.Text [0]
[ADMIN] [1/25/2017 13:07] [PENJUALAN] CASHIER FORM : TextBox_TextChanged, dataGridViewTextBoxEditingControl.Text pass REGEX Checking
[ADMIN] [1/25/2017 13:07] [PENJUALAN] CASHIER FORM : PRE ORDER SALES, CHECK STOCK QTY ALWAYS TRUE
[ADMIN] [1/25/2017 13:07] [PENJUALAN] CASHIER FORM : CALCULATE SUBTOTAL
[ADMIN] [1/25/2017 13:07] [PENJUALAN] CASHIER FORM : SUBTOTAL [0]
[ADMIN] [1/25/2017 13:07] [PENJUALAN] CASHIER FORM : TextBox_TextChanged, subtotal value [0]
[ADMIN] [1/25/2017 13:07] [PENJUALAN] CASHIER FORM : TextBox_TextChanged, attempt to calculate total value
[ADMIN] [1/25/2017 13:07] [PENJUALAN] CASHIER FORM : calculateTotal
[ADMIN] [1/25/2017 13:07] [PENJUALAN] CASHIER FORM : calculateTotal [0]
[ADMIN] [1/25/2017 13:07] [PENJUALAN] CASHIER FORM : calculateTotal, totalAfterDisc [0]
[ADMIN] [1/25/2017 13:07] [PENJUALAN] CASHIER FORM : cashierDataGridView_CellValueChanged [disc2]
[ADMIN] [1/25/2017 13:07] [PENJUALAN] CASHIER FORM : TextBox_TextChanged, previousInput [0]
[ADMIN] [1/25/2017 13:07] [PENJUALAN] CASHIER FORM : TextBox_TextChanged, dataGridViewTextBoxEditingControl.Text [0]
[ADMIN] [1/25/2017 13:07] [PENJUALAN] CASHIER FORM : TextBox_TextChanged, dataGridViewTextBoxEditingControl.Text pass REGEX Checking
[ADMIN] [1/25/2017 13:07] [PENJUALAN] CASHIER FORM : CALCULATE SUBTOTAL
[ADMIN] [1/25/2017 13:07] [PENJUALAN] CASHIER FORM : SUBTOTAL [0]
[ADMIN] [1/25/2017 13:07] [PENJUALAN] CASHIER FORM : TextBox_TextChanged, subtotal value [0]
[ADMIN] [1/25/2017 13:07] [PENJUALAN] CASHIER FORM : TextBox_TextChanged, attempt to calculate total value
[ADMIN] [1/25/2017 13:07] [PENJUALAN] CASHIER FORM : calculateTotal
[ADMIN] [1/25/2017 13:07] [PENJUALAN] CASHIER FORM : calculateTotal [0]
[ADMIN] [1/25/2017 13:07] [PENJUALAN] CASHIER FORM : calculateTotal, totalAfterDisc [0]
[ADMIN] [1/25/2017 13:07] [PENJUALAN] CASHIER FORM : cashierDataGridView_CellValueChanged [discRP]
[ADMIN] [1/25/2017 13:07] [PENJUALAN] CASHIER FORM : TextBox_TextChanged, previousInput [0]
[ADMIN] [1/25/2017 13:07] [PENJUALAN] CASHIER FORM : TextBox_TextChanged, dataGridViewTextBoxEditingControl.Text [0]
[ADMIN] [1/25/2017 13:07] [PENJUALAN] CASHIER FORM : TextBox_TextChanged, dataGridViewTextBoxEditingControl.Text pass REGEX Checking
[ADMIN] [1/25/2017 13:07] [PENJUALAN] CASHIER FORM : CALCULATE SUBTOTAL
[ADMIN] [1/25/2017 13:07] [PENJUALAN] CASHIER FORM : SUBTOTAL [0]
[ADMIN] [1/25/2017 13:07] [PENJUALAN] CASHIER FORM : TextBox_TextChanged, subtotal value [0]
[ADMIN] [1/25/2017 13:07] [PENJUALAN] CASHIER FORM : TextBox_TextChanged, attempt to calculate total value
[ADMIN] [1/25/2017 13:07] [PENJUALAN] CASHIER FORM : calculateTotal
[ADMIN] [1/25/2017 13:07] [PENJUALAN] CASHIER FORM : calculateTotal [0]
[ADMIN] [1/25/2017 13:07] [PENJUALAN] CASHIER FORM : calculateTotal, totalAfterDisc [0]
[ADMIN] [1/25/2017 13:07] [PENJUALAN] CASHIER FORM : cashierDataGridView_CellValueChanged [jumlah]
[ADMIN] [1/25/2017 13:07] [PENJUALAN] CASHIER FORM : cashierDataGridView_CellValueChanged [productName]
[ADMIN] [1/25/2017 13:07] [PENJUALAN] CASHIER FORM : cashierDataGridView_CellValueChanged [productName]
[ADMIN] [1/25/2017 13:07] [PENJUALAN] CASHIER FORM : cashierDataGridView_CellValueChanged [productName]
[ADMIN] [1/25/2017 13:07] [PENJUALAN] CASHIER FORM : cashierDataGridView_CellValueChanged [productName]
[ADMIN] [1/25/2017 13:07] [PENJUALAN] CASHIER FORM : cashierDataGridView_CellValueChanged [productName]
[ADMIN] [1/25/2017 13:07] [PENJUALAN] CASHIER FORM : cashierDataGridView_CellValueChanged [productID]
[ADMIN] [1/25/2017 13:07] [PENJUALAN] CASHIER FORM : PRODUCT PRICE TYPE [PRODUCT_BASE_PRICE]
[ADMIN] [1/25/2017 13:07] [PENJUALAN] CASHIER FORM : PRODUCT PRICE [208500]
[ADMIN] [1/25/2017 13:07] [PENJUALAN] CASHIER FORM : ComboBox_SelectedIndexChanged, PRODUCT_BASE_PRICE [208500]
[ADMIN] [1/25/2017 13:07] [PENJUALAN] CASHIER FORM : cashierDataGridView_CellValueChanged [hpp]
[ADMIN] [1/25/2017 13:07] [PENJUALAN] CASHIER FORM : PRODUCT PRICE TYPE [PRODUCT_RETAIL_PRICE]
[ADMIN] [1/25/2017 13:07] [PENJUALAN] CASHIER FORM : PRODUCT PRICE [210000]
[ADMIN] [1/25/2017 13:07] [PENJUALAN] CASHIER FORM : ComboBox_SelectedIndexChanged, PRODUCT_SALES_PRICE [210000]
[ADMIN] [1/25/2017 13:07] [PENJUALAN] CASHIER FORM : cashierDataGridView_CellValueChanged [productPrice]
[ADMIN] [1/25/2017 13:07] [PENJUALAN] CASHIER FORM : TextBox_TextChanged, previousInput []
[ADMIN] [1/25/2017 13:07] [PENJUALAN] CASHIER FORM : TextBox_TextChanged, dataGridViewTextBoxEditingControl.Text pass REGEX Checking
[ADMIN] [1/25/2017 13:07] [PENJUALAN] CASHIER FORM : CALCULATE SUBTOTAL
[ADMIN] [1/25/2017 13:07] [PENJUALAN] CASHIER FORM : SUBTOTAL [0]
[ADMIN] [1/25/2017 13:07] [PENJUALAN] CASHIER FORM : TextBox_TextChanged, subtotal value [0]
[ADMIN] [1/25/2017 13:07] [PENJUALAN] CASHIER FORM : TextBox_TextChanged, attempt to calculate total value
[ADMIN] [1/25/2017 13:07] [PENJUALAN] CASHIER FORM : calculateTotal
[ADMIN] [1/25/2017 13:07] [PENJUALAN] CASHIER FORM : calculateTotal [0]
[ADMIN] [1/25/2017 13:07] [PENJUALAN] CASHIER FORM : calculateTotal, totalAfterDisc [0]
[ADMIN] [1/25/2017 13:07] [PENJUALAN] CASHIER FORM : cashierDataGridView_CellValueChanged [qty]
[ADMIN] [1/25/2017 13:07] [PENJUALAN] CASHIER FORM : TextBox_TextChanged, previousInput [0]
[ADMIN] [1/25/2017 13:07] [PENJUALAN] CASHIER FORM : TextBox_TextChanged, dataGridViewTextBoxEditingControl.Text [0]
[ADMIN] [1/25/2017 13:07] [PENJUALAN] CASHIER FORM : TextBox_TextChanged, dataGridViewTextBoxEditingControl.Text pass REGEX Checking
[ADMIN] [1/25/2017 13:07] [PENJUALAN] CASHIER FORM : PRE ORDER SALES, CHECK STOCK QTY ALWAYS TRUE
[ADMIN] [1/25/2017 13:07] [PENJUALAN] CASHIER FORM : CALCULATE SUBTOTAL
[ADMIN] [1/25/2017 13:07] [PENJUALAN] CASHIER FORM : SUBTOTAL [0]
[ADMIN] [1/25/2017 13:07] [PENJUALAN] CASHIER FORM : TextBox_TextChanged, subtotal value [0]
[ADMIN] [1/25/2017 13:07] [PENJUALAN] CASHIER FORM : TextBox_TextChanged, attempt to calculate total value
[ADMIN] [1/25/2017 13:07] [PENJUALAN] CASHIER FORM : calculateTotal
[ADMIN] [1/25/2017 13:07] [PENJUALAN] CASHIER FORM : calculateTotal [0]
[ADMIN] [1/25/2017 13:07] [PENJUALAN] CASHIER FORM : calculateTotal, totalAfterDisc [0]
[ADMIN] [1/25/2017 13:07] [PENJUALAN] CASHIER FORM : ComboBox_SelectedIndexChanged, attempt to calculate total
[ADMIN] [1/25/2017 13:07] [PENJUALAN] CASHIER FORM : calculateTotal
[ADMIN] [1/25/2017 13:07] [PENJUALAN] CASHIER FORM : calculateTotal [0]
[ADMIN] [1/25/2017 13:07] [PENJUALAN] CASHIER FORM : calculateTotal, totalAfterDisc [0]
[ADMIN] [1/25/2017 13:07] [PENJUALAN] CASHIER FORM : cashierDataGridView_CellValueChanged [qty]
[ADMIN] [1/25/2017 13:07] [PENJUALAN] CASHIER FORM : TextBox_TextChanged, previousInput [0]
[ADMIN] [1/25/2017 13:07] [PENJUALAN] CASHIER FORM : TextBox_TextChanged, dataGridViewTextBoxEditingControl.Text [2]
[ADMIN] [1/25/2017 13:07] [PENJUALAN] CASHIER FORM : TextBox_TextChanged, dataGridViewTextBoxEditingControl.Text pass REGEX Checking
[ADMIN] [1/25/2017 13:07] [PENJUALAN] CASHIER FORM : PRE ORDER SALES, CHECK STOCK QTY ALWAYS TRUE
[ADMIN] [1/25/2017 13:07] [PENJUALAN] CASHIER FORM : CALCULATE SUBTOTAL
[ADMIN] [1/25/2017 13:07] [PENJUALAN] CASHIER FORM : SUBTOTAL [420000]
[ADMIN] [1/25/2017 13:07] [PENJUALAN] CASHIER FORM : TextBox_TextChanged, subtotal value [420000]
[ADMIN] [1/25/2017 13:07] [PENJUALAN] CASHIER FORM : TextBox_TextChanged, attempt to calculate total value
[ADMIN] [1/25/2017 13:07] [PENJUALAN] CASHIER FORM : calculateTotal
[ADMIN] [1/25/2017 13:07] [PENJUALAN] CASHIER FORM : calculateTotal [420000]
[ADMIN] [1/25/2017 13:07] [PENJUALAN] CASHIER FORM : calculateTotal, totalAfterDisc [420000]
[ADMIN] [1/25/2017 13:07] [PENJUALAN] CASHIER FORM : cashierDataGridView_CellValueChanged [qty]
[ADMIN] [1/25/2017 13:07] [PENJUALAN] CASHIER FORM : TextBox_TextChanged, previousInput [2]
[ADMIN] [1/25/2017 13:07] [PENJUALAN] CASHIER FORM : TextBox_TextChanged, dataGridViewTextBoxEditingControl.Text pass REGEX Checking
[ADMIN] [1/25/2017 13:07] [PENJUALAN] CASHIER FORM : PRE ORDER SALES, CHECK STOCK QTY ALWAYS TRUE
[ADMIN] [1/25/2017 13:07] [PENJUALAN] CASHIER FORM : CALCULATE SUBTOTAL
[ADMIN] [1/25/2017 13:07] [PENJUALAN] CASHIER FORM : SUBTOTAL [4200000]
[ADMIN] [1/25/2017 13:07] [PENJUALAN] CASHIER FORM : TextBox_TextChanged, subtotal value [4200000]
[ADMIN] [1/25/2017 13:07] [PENJUALAN] CASHIER FORM : TextBox_TextChanged, attempt to calculate total value
[ADMIN] [1/25/2017 13:07] [PENJUALAN] CASHIER FORM : calculateTotal
[ADMIN] [1/25/2017 13:07] [PENJUALAN] CASHIER FORM : calculateTotal [4200000]
[ADMIN] [1/25/2017 13:07] [PENJUALAN] CASHIER FORM : calculateTotal, totalAfterDisc [4200000]
[ADMIN] [1/25/2017 13:07] [PENJUALAN] CASHIER FORM : cashierDataGridView_CellValueChanged [qty]
[ADMIN] [1/25/2017 13:07] [PENJUALAN] CASHIER FORM : TextBox_TextChanged, previousInput [20]
[ADMIN] [1/25/2017 13:07] [PENJUALAN] CASHIER FORM : TextBox_TextChanged, dataGridViewTextBoxEditingControl.Text pass REGEX Checking
[ADMIN] [1/25/2017 13:07] [PENJUALAN] CASHIER FORM : PRE ORDER SALES, CHECK STOCK QTY ALWAYS TRUE
[ADMIN] [1/25/2017 13:07] [PENJUALAN] CASHIER FORM : CALCULATE SUBTOTAL
[ADMIN] [1/25/2017 13:07] [PENJUALAN] CASHIER FORM : SUBTOTAL [42000000]
[ADMIN] [1/25/2017 13:07] [PENJUALAN] CASHIER FORM : TextBox_TextChanged, subtotal value [42000000]
[ADMIN] [1/25/2017 13:07] [PENJUALAN] CASHIER FORM : TextBox_TextChanged, attempt to calculate total value
[ADMIN] [1/25/2017 13:07] [PENJUALAN] CASHIER FORM : calculateTotal
[ADMIN] [1/25/2017 13:07] [PENJUALAN] CASHIER FORM : calculateTotal [42000000]
[ADMIN] [1/25/2017 13:07] [PENJUALAN] CASHIER FORM : calculateTotal, totalAfterDisc [42000000]
[ADMIN] [1/25/2017 13:07] [PENJUALAN] CASHIER FORM : cashierDataGridView_CellValueChanged [qty]
[ADMIN] [1/25/2017 13:07] [PENJUALAN] CASHIER FORM : TextBox_TextChanged, previousInput [200]
[ADMIN] [1/25/2017 13:07] [PENJUALAN] CASHIER FORM : TextBox_TextChanged, dataGridViewTextBoxEditingControl.Text pass REGEX Checking
[ADMIN] [1/25/2017 13:07] [PENJUALAN] CASHIER FORM : PRE ORDER SALES, CHECK STOCK QTY ALWAYS TRUE
[ADMIN] [1/25/2017 13:07] [PENJUALAN] CASHIER FORM : CALCULATE SUBTOTAL
[ADMIN] [1/25/2017 13:07] [PENJUALAN] CASHIER FORM : SUBTOTAL [420000000]
[ADMIN] [1/25/2017 13:07] [PENJUALAN] CASHIER FORM : TextBox_TextChanged, subtotal value [420000000]
[ADMIN] [1/25/2017 13:07] [PENJUALAN] CASHIER FORM : TextBox_TextChanged, attempt to calculate total value
[ADMIN] [1/25/2017 13:07] [PENJUALAN] CASHIER FORM : calculateTotal
[ADMIN] [1/25/2017 13:07] [PENJUALAN] CASHIER FORM : calculateTotal [420000000]
[ADMIN] [1/25/2017 13:07] [PENJUALAN] CASHIER FORM : calculateTotal, totalAfterDisc [420000000]
[ADMIN] [1/25/2017 13:07] [PENJUALAN] CASHIER FORM : cashierDataGridView_CellValueChanged [qty]
[ADMIN] [1/25/2017 13:07] [PENJUALAN] CASHIER FORM : TextBox_TextChanged, previousInput [2000]
[ADMIN] [1/25/2017 13:07] [PENJUALAN] CASHIER FORM : TextBox_TextChanged, dataGridViewTextBoxEditingControl.Text pass REGEX Checking
[ADMIN] [1/25/2017 13:07] [PENJUALAN] CASHIER FORM : PRE ORDER SALES, CHECK STOCK QTY ALWAYS TRUE
[ADMIN] [1/25/2017 13:07] [PENJUALAN] CASHIER FORM : CALCULATE SUBTOTAL
[ADMIN] [1/25/2017 13:07] [PENJUALAN] CASHIER FORM : SUBTOTAL [42000000]
[ADMIN] [1/25/2017 13:07] [PENJUALAN] CASHIER FORM : TextBox_TextChanged, subtotal value [42000000]
[ADMIN] [1/25/2017 13:07] [PENJUALAN] CASHIER FORM : TextBox_TextChanged, attempt to calculate total value
[ADMIN] [1/25/2017 13:07] [PENJUALAN] CASHIER FORM : calculateTotal
[ADMIN] [1/25/2017 13:07] [PENJUALAN] CASHIER FORM : calculateTotal [42000000]
[ADMIN] [1/25/2017 13:07] [PENJUALAN] CASHIER FORM : calculateTotal, totalAfterDisc [42000000]
[ADMIN] [1/25/2017 13:07] [PENJUALAN] CASHIER FORM : DISPLAY PELANGGAN FORM
[ADMIN] [1/25/2017 13:07] [PENJUALAN] CASHIER FORM : UNREGISTER HOTKEY
[ADMIN] [1/25/2017 13:07] [PENJUALAN] CASHIER FORM : SELECTED CUSTOMER ID [2]
[ADMIN] [1/25/2017 13:07] [PENJUALAN] CASHIER FORM : ATTEMPT TO SET CUSTOMER PROFILE
[ADMIN] [1/25/2017 13:07] [PENJUALAN] CASHIER FORM : SET CUSTOMER PROFILE [AAAA]
[ADMIN] [1/25/2017 13:07] [PENJUALAN] CASHIER FORM : CUSTOMER GROUP [P-UMUM [ECER]]
[ADMIN] [1/25/2017 13:07] [PENJUALAN] CASHIER FORM : FINISHED SET CUSTOMER PROFILE
[ADMIN] [1/25/2017 13:07] [PENJUALAN] CASHIER FORM : REGISTER HOTKEY
[ADMIN] [1/25/2017 13:07] [PENJUALAN] CASHIER FORM : DISPLAY PELANGGAN FORM
[ADMIN] [1/25/2017 13:07] [PENJUALAN] CASHIER FORM : UNREGISTER HOTKEY
[ADMIN] [1/25/2017 13:07] [PENJUALAN] CASHIER FORM : SELECTED CUSTOMER ID [1]
[ADMIN] [1/25/2017 13:07] [PENJUALAN] CASHIER FORM : ATTEMPT TO SET CUSTOMER PROFILE
[ADMIN] [1/25/2017 13:07] [PENJUALAN] CASHIER FORM : SET CUSTOMER PROFILE [AS]
[ADMIN] [1/25/2017 13:07] [PENJUALAN] CASHIER FORM : CUSTOMER GROUP [P-UMUM [ECER]]
[ADMIN] [1/25/2017 13:07] [PENJUALAN] CASHIER FORM : FINISHED SET CUSTOMER PROFILE
[ADMIN] [1/25/2017 13:07] [PENJUALAN] CASHIER FORM : REGISTER HOTKEY
[ADMIN] [1/25/2017 13:12] [PENJUALAN] CASHIER FORM : UNREGISTER HOTKEY
[ADMIN] [1/25/2017 13:12] [PENJUALAN] CASHIER FORM : UNREGISTER HOTKEY
[ADMIN] [1/25/2017 13:13] [] USER ID = 1LOGOUT
