[] [6/29/2016 15:05] [] USER = ADMIN IS ACTIVE
[ADMIN] [6/29/2016 15:05] [] USER ID = 1 LOGIN SUCCESSFULLY
[ADMIN] [6/29/2016 15:06] [] ACTIVATE USER ACCESS RIGHT
[ADMIN] [6/29/2016 15:06] [] DISPLAY ADMIN FORM
[ADMIN] [6/29/2016 15:06] [] adminForm Load
[ADMIN] [6/29/2016 15:08] [PENJUALAN] CASHIER FORM : REGISTER HOTKEY
[ADMIN] [6/29/2016 15:08] [PENJUALAN] CASHIER FORM : ADD NEW ROW,  isActive [True]
[ADMIN] [6/29/2016 15:08] [PENJUALAN] CASHIER FORM : ADD NEW ROW,  ROW COUNT [0]
[ADMIN] [6/29/2016 15:08] [PENJUALAN] CASHIER FORM : ADD NEW ROW,  ALLOW TO ADD [True]
[ADMIN] [6/29/2016 15:08] [PENJUALAN] CASHIER FORM : REGISTER HOTKEY
[ADMIN] [6/29/2016 15:08] [PENJUALAN] CASHIER FORM : calculateChangeValue, bayarTextBox.Text [68000]
[ADMIN] [6/29/2016 15:08] [PENJUALAN] CASHIER FORM : calculateChangeValue, sisaBayar [0]
[ADMIN] [6/29/2016 15:08] [PENJUALAN] CASHIER FORM : UNREGISTER HOTKEY
[ADMIN] [6/29/2016 15:08] [PENJUALAN] CASHIER FORM : REGISTER HOTKEY
[ADMIN] [6/29/2016 15:08] [PENJUALAN] ATTEMPT TO SAVE AND PRINT OUT INVOICE
[ADMIN] [6/29/2016 15:08] [PENJUALAN] CASHIER FORM : UNREGISTER HOTKEY
[ADMIN] [6/29/2016 15:08] [PENJUALAN] CASHIER FORM : REGISTER HOTKEY
[ADMIN] [6/29/2016 15:08] [PENJUALAN] CASHIER FORM : UNREGISTER HOTKEY
[ADMIN] [6/29/2016 15:08] [PENJUALAN] CASHIER FORM : ATTEMPT TO SAVE SALES DATA [29-06-2016 15:08]
[ADMIN] [6/29/2016 15:08] [PENJUALAN] CASHIER FORM : SALES DISC FINAL [0]
[ADMIN] [6/29/2016 15:08] [PENJUALAN] CASHIER FORM : CASH SALES
[ADMIN] [6/29/2016 15:08] [PENJUALAN] CHECK IF TAX LIMIT SET FOR PERCENTAGE PURCHASE [0]
[ADMIN] [6/29/2016 15:08] [PENJUALAN] CHECK IF TAX LIMIT SET FOR AVERAGE DAILY PURCHASE [0]
[ADMIN] [6/29/2016 15:08] [PENJUALAN] CASHIER FORM : NO FAKTUR [SLO001]
[ADMIN] [6/29/2016 15:08] [PENJUALAN] CASHIER FORM : MAX SALES INVOICE [1]
[ADMIN] [6/29/2016 15:08] [PENJUALAN] CASHIER FORM : SALES INVOICE [SLO001-2]
[ADMIN] [6/29/2016 15:08] [PENJUALAN] INSERT INTO SALES HEADER [SLO001-2]
[ADMIN] [6/29/2016 15:08] [PENJUALAN] INSERT INTO SALES DETAIL[1, 34000, 2]
[ADMIN] [6/29/2016 15:08] [PENJUALAN] REDUCE STOCK AT MASTER PRODUCT [1]
[ADMIN] [6/29/2016 15:08] [PENJUALAN] INSERT TO CREDIT TABLE [SLO001-2]
[ADMIN] [6/29/2016 15:08] [PENJUALAN] INSERT TO DAILY JOURNAL TABLE [68000]
[ADMIN] [6/29/2016 15:08] [PENJUALAN] CASHIER FORM : REGISTER HOTKEY
[ADMIN] [6/29/2016 15:08] [PENJUALAN] TRANSACTION SAVED
[ADMIN] [6/29/2016 15:08] [PENJUALAN] PRINT OUT INVOICE
[ADMIN] [6/29/2016 15:08] [PENJUALAN] CASHIER FORM : PrintReceipt
[ADMIN] [6/29/2016 15:08] [PENJUALAN] CASHIER FORM : PrintReceipt, POS size Paper
[ADMIN] [6/29/2016 15:08] [PENJUALAN] CASHIER FORM : loadInfoToko
[ADMIN] [6/29/2016 15:08] [PENJUALAN] CASHIER FORM : calculatePageLength, totalLengthPage [378]
[ADMIN] [6/29/2016 15:08] [PENJUALAN] CASHIER FORM : UNREGISTER HOTKEY
[ADMIN] [6/29/2016 15:08] [PENJUALAN] CASHIER FORM : printDocument1_PrintPage, print POS size receipt
[ADMIN] [6/29/2016 15:08] [PENJUALAN] CASHIER FORM : loadInfoToko
[ADMIN] [6/29/2016 15:08] [PENJUALAN] CASHIER FORM : loadNamaUser
[ADMIN] [6/29/2016 15:09] [PENJUALAN] CASHIER FORM : REGISTER HOTKEY
[ADMIN] [6/29/2016 15:09] [PENJUALAN] CASHIER FORM : UNREGISTER HOTKEY
[ADMIN] [6/29/2016 15:09] [PENJUALAN] CASHIER FORM : REGISTER HOTKEY
[ADMIN] [6/29/2016 15:09] [PENJUALAN] CASHIER FORM : UNREGISTER HOTKEY
[ADMIN] [6/29/2016 15:09] [PENJUALAN] CASHIER FORM : UNREGISTER HOTKEY
[ADMIN] [6/29/2016 15:09] [PENJUALAN] CASHIER FORM : REGISTER HOTKEY
[ADMIN] [6/29/2016 15:09] [PENJUALAN] CASHIER FORM : ADD NEW ROW,  isActive [True]
[ADMIN] [6/29/2016 15:09] [PENJUALAN] CASHIER FORM : ADD NEW ROW,  ROW COUNT [0]
[ADMIN] [6/29/2016 15:09] [PENJUALAN] CASHIER FORM : ADD NEW ROW,  ALLOW TO ADD [True]
[ADMIN] [6/29/2016 15:09] [PENJUALAN] CASHIER FORM : REGISTER HOTKEY
[ADMIN] [6/29/2016 15:10] [PENJUALAN] CASHIER FORM : calculateChangeValue, bayarTextBox.Text [68000]
[ADMIN] [6/29/2016 15:10] [PENJUALAN] CASHIER FORM : calculateChangeValue, sisaBayar [0]
[ADMIN] [6/29/2016 15:10] [PENJUALAN] CASHIER FORM : UNREGISTER HOTKEY
[ADMIN] [6/29/2016 15:10] [PENJUALAN] CASHIER FORM : REGISTER HOTKEY
[ADMIN] [6/29/2016 15:10] [PENJUALAN] CASHIER FORM : UNREGISTER HOTKEY
[ADMIN] [6/29/2016 15:10] [PENJUALAN] CASHIER FORM : REGISTER HOTKEY
[ADMIN] [6/29/2016 15:10] [PENJUALAN] ATTEMPT TO SAVE AND PRINT OUT INVOICE
[ADMIN] [6/29/2016 15:10] [PENJUALAN] CASHIER FORM : UNREGISTER HOTKEY
[ADMIN] [6/29/2016 15:10] [PENJUALAN] CASHIER FORM : REGISTER HOTKEY
[ADMIN] [6/29/2016 15:10] [PENJUALAN] CASHIER FORM : UNREGISTER HOTKEY
[ADMIN] [6/29/2016 15:10] [PENJUALAN] CASHIER FORM : ATTEMPT TO SAVE SALES DATA [29-06-2016 15:10]
[ADMIN] [6/29/2016 15:10] [PENJUALAN] CASHIER FORM : SALES DISC FINAL [0]
[ADMIN] [6/29/2016 15:10] [PENJUALAN] CASHIER FORM : CASH SALES
[ADMIN] [6/29/2016 15:10] [PENJUALAN] CHECK IF TAX LIMIT SET FOR PERCENTAGE PURCHASE [0]
[ADMIN] [6/29/2016 15:10] [PENJUALAN] CHECK IF TAX LIMIT SET FOR AVERAGE DAILY PURCHASE [0]
[ADMIN] [6/29/2016 15:10] [PENJUALAN] CASHIER FORM : NO FAKTUR [SLO001]
[ADMIN] [6/29/2016 15:10] [PENJUALAN] CASHIER FORM : MAX SALES INVOICE [2]
[ADMIN] [6/29/2016 15:10] [PENJUALAN] CASHIER FORM : SALES INVOICE [SLO001-3]
[ADMIN] [6/29/2016 15:10] [PENJUALAN] INSERT INTO SALES HEADER [SLO001-3]
[ADMIN] [6/29/2016 15:10] [PENJUALAN] INSERT INTO SALES DETAIL[1, 34000, 2]
[ADMIN] [6/29/2016 15:10] [PENJUALAN] REDUCE STOCK AT MASTER PRODUCT [1]
[ADMIN] [6/29/2016 15:10] [PENJUALAN] INSERT TO CREDIT TABLE [SLO001-3]
[ADMIN] [6/29/2016 15:10] [PENJUALAN] INSERT TO DAILY JOURNAL TABLE [68000]
[ADMIN] [6/29/2016 15:10] [PENJUALAN] CASHIER FORM : REGISTER HOTKEY
[ADMIN] [6/29/2016 15:10] [PENJUALAN] TRANSACTION SAVED
[ADMIN] [6/29/2016 15:10] [PENJUALAN] PRINT OUT INVOICE
[ADMIN] [6/29/2016 15:10] [PENJUALAN] CASHIER FORM : PrintReceipt
[ADMIN] [6/29/2016 15:10] [PENJUALAN] CASHIER FORM : PrintReceipt, POS size Paper
[ADMIN] [6/29/2016 15:10] [PENJUALAN] CASHIER FORM : loadInfoToko
[ADMIN] [6/29/2016 15:10] [PENJUALAN] CASHIER FORM : calculatePageLength, totalLengthPage [378]
[ADMIN] [6/29/2016 15:10] [PENJUALAN] CASHIER FORM : UNREGISTER HOTKEY
[ADMIN] [6/29/2016 15:10] [PENJUALAN] CASHIER FORM : printDocument1_PrintPage, print POS size receipt
[ADMIN] [6/29/2016 15:10] [PENJUALAN] CASHIER FORM : loadInfoToko
[ADMIN] [6/29/2016 15:10] [PENJUALAN] CASHIER FORM : loadNamaUser
[ADMIN] [6/29/2016 15:10] [PENJUALAN] CASHIER FORM : REGISTER HOTKEY
[ADMIN] [6/29/2016 15:10] [PENJUALAN] CASHIER FORM : UNREGISTER HOTKEY
[ADMIN] [6/29/2016 15:10] [PENJUALAN] CASHIER FORM : REGISTER HOTKEY
[ADMIN] [6/29/2016 15:10] [PENJUALAN] CASHIER FORM : UNREGISTER HOTKEY
[ADMIN] [6/29/2016 15:10] [PENJUALAN] CASHIER FORM : REGISTER HOTKEY
[ADMIN] [6/29/2016 15:11] [PENJUALAN] CASHIER FORM : UNREGISTER HOTKEY
[ADMIN] [6/29/2016 15:12] [PENJUALAN] CASHIER FORM : HOTKEY TO OPEN PRODUK SEARCH FORM PRESSED
[] [6/30/2016 00:07] [] USER = ADMIN IS ACTIVE
[ADMIN] [6/30/2016 00:07] [] USER ID = 1 LOGIN SUCCESSFULLY
[ADMIN] [6/30/2016 00:07] [] ACTIVATE USER ACCESS RIGHT
[ADMIN] [6/30/2016 00:07] [] DISPLAY ADMIN FORM
[ADMIN] [6/30/2016 00:07] [] adminForm Load
[ADMIN] [6/30/2016 00:08] [PENJUALAN] CASHIER FORM : REGISTER HOTKEY
[ADMIN] [6/30/2016 00:08] [PENJUALAN] CASHIER FORM : ADD NEW ROW,  isActive [True]
[ADMIN] [6/30/2016 00:08] [PENJUALAN] CASHIER FORM : ADD NEW ROW,  ROW COUNT [0]
[ADMIN] [6/30/2016 00:08] [PENJUALAN] CASHIER FORM : ADD NEW ROW,  ALLOW TO ADD [True]
[ADMIN] [6/30/2016 00:08] [PENJUALAN] CASHIER FORM : REGISTER HOTKEY
[ADMIN] [6/30/2016 00:08] [PENJUALAN] CASHIER FORM : calculateChangeValue, bayarTextBox.Text [68000]
[ADMIN] [6/30/2016 00:08] [PENJUALAN] CASHIER FORM : calculateChangeValue, sisaBayar [0]
[ADMIN] [6/30/2016 00:08] [PENJUALAN] CASHIER FORM : UNREGISTER HOTKEY
[ADMIN] [6/30/2016 00:08] [PENJUALAN] CASHIER FORM : REGISTER HOTKEY
[ADMIN] [6/30/2016 00:08] [PENJUALAN] CASHIER FORM : UNREGISTER HOTKEY
[ADMIN] [6/30/2016 00:08] [PENJUALAN] CASHIER FORM : REGISTER HOTKEY
[ADMIN] [6/30/2016 00:08] [PENJUALAN] ATTEMPT TO SAVE AND PRINT OUT INVOICE
[ADMIN] [6/30/2016 00:08] [PENJUALAN] CASHIER FORM : UNREGISTER HOTKEY
[ADMIN] [6/30/2016 00:08] [PENJUALAN] CASHIER FORM : REGISTER HOTKEY
[ADMIN] [6/30/2016 00:08] [PENJUALAN] CASHIER FORM : UNREGISTER HOTKEY
[ADMIN] [6/30/2016 00:08] [PENJUALAN] CASHIER FORM : ATTEMPT TO SAVE SALES DATA [30-06-2016 00:08]
[ADMIN] [6/30/2016 00:08] [PENJUALAN] CASHIER FORM : SALES DISC FINAL [0]
[ADMIN] [6/30/2016 00:08] [PENJUALAN] CASHIER FORM : CASH SALES
[ADMIN] [6/30/2016 00:08] [PENJUALAN] CHECK IF TAX LIMIT SET FOR PERCENTAGE PURCHASE [0]
[ADMIN] [6/30/2016 00:08] [PENJUALAN] CHECK IF TAX LIMIT SET FOR AVERAGE DAILY PURCHASE [0]
[ADMIN] [6/30/2016 00:08] [PENJUALAN] CASHIER FORM : NO FAKTUR [SLO001]
[ADMIN] [6/30/2016 00:08] [PENJUALAN] CASHIER FORM : MAX SALES INVOICE [3]
[ADMIN] [6/30/2016 00:08] [PENJUALAN] CASHIER FORM : SALES INVOICE [SLO001-4]
[ADMIN] [6/30/2016 00:08] [PENJUALAN] INSERT INTO SALES HEADER [SLO001-4]
[ADMIN] [6/30/2016 00:08] [PENJUALAN] INSERT INTO SALES DETAIL[1, 34000, 2]
[ADMIN] [6/30/2016 00:08] [PENJUALAN] REDUCE STOCK AT MASTER PRODUCT [1]
[ADMIN] [6/30/2016 00:08] [PENJUALAN] INSERT TO CREDIT TABLE [SLO001-4]
[ADMIN] [6/30/2016 00:08] [PENJUALAN] INSERT TO DAILY JOURNAL TABLE [68000]
[ADMIN] [6/30/2016 00:08] [PENJUALAN] CASHIER FORM : REGISTER HOTKEY
[ADMIN] [6/30/2016 00:08] [PENJUALAN] TRANSACTION SAVED
[ADMIN] [6/30/2016 00:08] [PENJUALAN] PRINT OUT INVOICE
[ADMIN] [6/30/2016 00:08] [PENJUALAN] CASHIER FORM : PrintReceipt
[ADMIN] [6/30/2016 00:08] [PENJUALAN] CASHIER FORM : PrintReceipt, POS size Paper
[ADMIN] [6/30/2016 00:08] [PENJUALAN] CASHIER FORM : loadInfoToko
[ADMIN] [6/30/2016 00:08] [PENJUALAN] CASHIER FORM : calculatePageLength, totalLengthPage [378]
[ADMIN] [6/30/2016 00:08] [PENJUALAN] CASHIER FORM : UNREGISTER HOTKEY
[ADMIN] [6/30/2016 00:08] [PENJUALAN] CASHIER FORM : printDocument1_PrintPage, print POS size receipt
[ADMIN] [6/30/2016 00:08] [PENJUALAN] CASHIER FORM : loadInfoToko
[ADMIN] [6/30/2016 00:08] [PENJUALAN] CASHIER FORM : loadNamaUser
[ADMIN] [6/30/2016 00:08] [PENJUALAN] CASHIER FORM : REGISTER HOTKEY
[ADMIN] [6/30/2016 00:08] [PENJUALAN] CASHIER FORM : UNREGISTER HOTKEY
[ADMIN] [6/30/2016 00:08] [PENJUALAN] CASHIER FORM : REGISTER HOTKEY
[ADMIN] [6/30/2016 00:08] [PENJUALAN] CASHIER FORM : UNREGISTER HOTKEY
[ADMIN] [6/30/2016 00:08] [PENJUALAN] CASHIER FORM : REGISTER HOTKEY
[] [6/30/2016 00:18] [] USER = ADMIN IS ACTIVE
[ADMIN] [6/30/2016 00:18] [] USER ID = 1 LOGIN SUCCESSFULLY
[ADMIN] [6/30/2016 00:18] [] ACTIVATE USER ACCESS RIGHT
[ADMIN] [6/30/2016 00:19] [] DISPLAY ADMIN FORM
[ADMIN] [6/30/2016 00:19] [] adminForm Load
[ADMIN] [6/30/2016 00:26] [PENJUALAN] CASHIER FORM : REGISTER HOTKEY
[ADMIN] [6/30/2016 00:26] [PENJUALAN] CASHIER FORM : ADD NEW ROW,  isActive [True]
[ADMIN] [6/30/2016 00:26] [PENJUALAN] CASHIER FORM : ADD NEW ROW,  ROW COUNT [0]
[ADMIN] [6/30/2016 00:26] [PENJUALAN] CASHIER FORM : ADD NEW ROW,  ALLOW TO ADD [True]
[ADMIN] [6/30/2016 00:26] [PENJUALAN] CASHIER FORM : REGISTER HOTKEY
[ADMIN] [6/30/2016 00:26] [PENJUALAN] CASHIER FORM : calculateChangeValue, bayarTextBox.Text [68000]
[ADMIN] [6/30/2016 00:26] [PENJUALAN] CASHIER FORM : calculateChangeValue, sisaBayar [0]
[ADMIN] [6/30/2016 00:26] [PENJUALAN] CASHIER FORM : UNREGISTER HOTKEY
[ADMIN] [6/30/2016 00:26] [PENJUALAN] CASHIER FORM : REGISTER HOTKEY
[ADMIN] [6/30/2016 00:26] [PENJUALAN] ATTEMPT TO SAVE AND PRINT OUT INVOICE
[ADMIN] [6/30/2016 00:26] [PENJUALAN] CASHIER FORM : UNREGISTER HOTKEY
[ADMIN] [6/30/2016 00:26] [PENJUALAN] CASHIER FORM : REGISTER HOTKEY
[ADMIN] [6/30/2016 00:26] [PENJUALAN] CASHIER FORM : UNREGISTER HOTKEY
[ADMIN] [6/30/2016 00:26] [PENJUALAN] CASHIER FORM : ATTEMPT TO SAVE SALES DATA [30-06-2016 00:26]
[ADMIN] [6/30/2016 00:26] [PENJUALAN] CASHIER FORM : SALES DISC FINAL [0]
[ADMIN] [6/30/2016 00:26] [PENJUALAN] CASHIER FORM : CASH SALES
[ADMIN] [6/30/2016 00:26] [PENJUALAN] CHECK IF TAX LIMIT SET FOR PERCENTAGE PURCHASE [0]
[ADMIN] [6/30/2016 00:26] [PENJUALAN] CHECK IF TAX LIMIT SET FOR AVERAGE DAILY PURCHASE [0]
[ADMIN] [6/30/2016 00:26] [PENJUALAN] CASHIER FORM : NO FAKTUR [SLO001]
[ADMIN] [6/30/2016 00:26] [PENJUALAN] CASHIER FORM : MAX SALES INVOICE [4]
[ADMIN] [6/30/2016 00:26] [PENJUALAN] CASHIER FORM : SALES INVOICE [SLO001-5]
[ADMIN] [6/30/2016 00:26] [PENJUALAN] INSERT INTO SALES HEADER [SLO001-5]
[ADMIN] [6/30/2016 00:26] [PENJUALAN] INSERT INTO SALES DETAIL[1, 34000, 2]
[ADMIN] [6/30/2016 00:26] [PENJUALAN] REDUCE STOCK AT MASTER PRODUCT [1]
[ADMIN] [6/30/2016 00:26] [PENJUALAN] INSERT TO CREDIT TABLE [SLO001-5]
[ADMIN] [6/30/2016 00:26] [PENJUALAN] INSERT TO DAILY JOURNAL TABLE [68000]
[ADMIN] [6/30/2016 00:26] [PENJUALAN] CASHIER FORM : REGISTER HOTKEY
[ADMIN] [6/30/2016 00:26] [PENJUALAN] TRANSACTION SAVED
[ADMIN] [6/30/2016 00:27] [PENJUALAN] PRINT OUT INVOICE
[ADMIN] [6/30/2016 00:27] [PENJUALAN] CASHIER FORM : PrintReceipt
[ADMIN] [6/30/2016 00:27] [PENJUALAN] CASHIER FORM : PrintReceipt, POS size Paper
[ADMIN] [6/30/2016 00:27] [PENJUALAN] CASHIER FORM : UNREGISTER HOTKEY
[ADMIN] [6/30/2016 00:27] [PENJUALAN] CASHIER FORM : REGISTER HOTKEY
[ADMIN] [6/30/2016 00:27] [PENJUALAN] CASHIER FORM : UNREGISTER HOTKEY
[ADMIN] [6/30/2016 00:27] [PENJUALAN] CASHIER FORM : loadInfoToko
[ADMIN] [6/30/2016 00:27] [PENJUALAN] CASHIER FORM : calculatePageLength, totalLengthPage [378]
[ADMIN] [6/30/2016 00:27] [PENJUALAN] CASHIER FORM : printDocument1_PrintPage, print POS size receipt
[ADMIN] [6/30/2016 00:27] [PENJUALAN] CASHIER FORM : loadInfoToko
[ADMIN] [6/30/2016 00:27] [PENJUALAN] CASHIER FORM : loadNamaUser
[ADMIN] [6/30/2016 00:29] [PENJUALAN] CASHIER FORM : REGISTER HOTKEY
[ADMIN] [6/30/2016 00:29] [PENJUALAN] CASHIER FORM : UNREGISTER HOTKEY
[ADMIN] [6/30/2016 00:44] [PENJUALAN] CASHIER FORM : REGISTER HOTKEY
[ADMIN] [6/30/2016 00:45] [PENJUALAN] CASHIER FORM : UNREGISTER HOTKEY
[ADMIN] [6/30/2016 00:45] [PENJUALAN] CASHIER FORM : REGISTER HOTKEY
[ADMIN] [6/30/2016 00:45] [PENJUALAN] CASHIER FORM : UNREGISTER HOTKEY
[] [6/30/2016 00:48] [] USER = ADMIN IS ACTIVE
[ADMIN] [6/30/2016 00:48] [] USER ID = 1 LOGIN SUCCESSFULLY
[ADMIN] [6/30/2016 00:48] [] ACTIVATE USER ACCESS RIGHT
[ADMIN] [6/30/2016 00:48] [] DISPLAY ADMIN FORM
[ADMIN] [6/30/2016 00:48] [] adminForm Load
[ADMIN] [6/30/2016 00:48] [PENJUALAN] CASHIER FORM : MULTIPLE CASHIER INSTANCE [1]
[ADMIN] [6/30/2016 00:48] [PENJUALAN] CASHIER FORM : REGISTER HOTKEY
[ADMIN] [6/30/2016 00:48] [PENJUALAN] CASHIER FORM : cashierForm_Load, ATTEMPT TO LOAD NO FAKTUR
[ADMIN] [6/30/2016 00:48] [PENJUALAN] CASHIER FORM : loadNoFaktur, noFakturValue [SLO001]
[ADMIN] [6/30/2016 00:48] [PENJUALAN] CASHIER FORM : cashierForm_Load, ATTEMPT TO addColumnToDataGrid
[ADMIN] [6/30/2016 00:48] [PENJUALAN] CASHIER FORM : calculateTotal
[ADMIN] [6/30/2016 00:48] [PENJUALAN] CASHIER FORM : calculateTotal [0]
[ADMIN] [6/30/2016 00:48] [PENJUALAN] CASHIER FORM : calculateTotal, totalAfterDisc [0]
[ADMIN] [6/30/2016 00:48] [PENJUALAN] CASHIER FORM : REGISTER HOTKEY
[ADMIN] [6/30/2016 00:48] [PENJUALAN] CASHIER FORM : UNREGISTER HOTKEY
[ADMIN] [6/30/2016 00:50] [PENJUALAN] CASHIER FORM : REGISTER HOTKEY
[ADMIN] [6/30/2016 00:50] [PENJUALAN] CASHIER FORM : UNREGISTER HOTKEY
[ADMIN] [6/30/2016 00:50] [PENJUALAN] CASHIER FORM : UNREGISTER HOTKEY
[ADMIN] [6/30/2016 00:50] [PENJUALAN] CASHIER FORM : REGISTER HOTKEY
[ADMIN] [6/30/2016 00:50] [PENJUALAN] CASHIER FORM : ADD NEW ROW,  isActive [True]
[ADMIN] [6/30/2016 00:50] [PENJUALAN] CASHIER FORM : ADD NEW ROW,  ROW COUNT [0]
[ADMIN] [6/30/2016 00:50] [PENJUALAN] CASHIER FORM : ADD NEW ROW,  ALLOW TO ADD [True]
[ADMIN] [6/30/2016 00:50] [PENJUALAN] CASHIER FORM : REGISTER HOTKEY
[ADMIN] [6/30/2016 00:50] [PENJUALAN] CASHIER FORM : calculateChangeValue, bayarTextBox.Text [68000]
[ADMIN] [6/30/2016 00:50] [PENJUALAN] CASHIER FORM : calculateChangeValue, sisaBayar [0]
[ADMIN] [6/30/2016 00:50] [PENJUALAN] CASHIER FORM : UNREGISTER HOTKEY
[ADMIN] [6/30/2016 00:50] [PENJUALAN] CASHIER FORM : REGISTER HOTKEY
[ADMIN] [6/30/2016 00:50] [PENJUALAN] ATTEMPT TO SAVE AND PRINT OUT INVOICE
[ADMIN] [6/30/2016 00:50] [PENJUALAN] CASHIER FORM : UNREGISTER HOTKEY
[ADMIN] [6/30/2016 00:50] [PENJUALAN] CASHIER FORM : REGISTER HOTKEY
[ADMIN] [6/30/2016 00:50] [PENJUALAN] CASHIER FORM : UNREGISTER HOTKEY
[ADMIN] [6/30/2016 00:50] [PENJUALAN] CASHIER FORM : ATTEMPT TO SAVE SALES DATA [30-06-2016 00:50]
[ADMIN] [6/30/2016 00:50] [PENJUALAN] CASHIER FORM : SALES DISC FINAL [0]
[ADMIN] [6/30/2016 00:50] [PENJUALAN] CASHIER FORM : CASH SALES
[ADMIN] [6/30/2016 00:50] [PENJUALAN] CHECK IF TAX LIMIT SET FOR PERCENTAGE PURCHASE [0]
[ADMIN] [6/30/2016 00:50] [PENJUALAN] CHECK IF TAX LIMIT SET FOR AVERAGE DAILY PURCHASE [0]
[ADMIN] [6/30/2016 00:50] [PENJUALAN] CASHIER FORM : NO FAKTUR [SLO001]
[ADMIN] [6/30/2016 00:50] [PENJUALAN] CASHIER FORM : MAX SALES INVOICE [5]
[ADMIN] [6/30/2016 00:50] [PENJUALAN] CASHIER FORM : SALES INVOICE [SLO001-6]
[ADMIN] [6/30/2016 00:50] [PENJUALAN] INSERT INTO SALES HEADER [SLO001-6]
[ADMIN] [6/30/2016 00:50] [PENJUALAN] INSERT INTO SALES DETAIL[1, 34000, 2]
[ADMIN] [6/30/2016 00:50] [PENJUALAN] REDUCE STOCK AT MASTER PRODUCT [1]
[ADMIN] [6/30/2016 00:50] [PENJUALAN] INSERT TO CREDIT TABLE [SLO001-6]
[ADMIN] [6/30/2016 00:50] [PENJUALAN] INSERT TO DAILY JOURNAL TABLE [68000]
[ADMIN] [6/30/2016 00:50] [PENJUALAN] CASHIER FORM : REGISTER HOTKEY
[ADMIN] [6/30/2016 00:50] [PENJUALAN] TRANSACTION SAVED
[ADMIN] [6/30/2016 00:50] [PENJUALAN] CASHIER FORM : UNREGISTER HOTKEY
[ADMIN] [6/30/2016 00:50] [PENJUALAN] CASHIER FORM : REGISTER HOTKEY
[ADMIN] [6/30/2016 00:50] [PENJUALAN] CASHIER FORM : UNREGISTER HOTKEY
[ADMIN] [6/30/2016 00:50] [PENJUALAN] CASHIER FORM : REGISTER HOTKEY
[ADMIN] [6/30/2016 00:50] [PENJUALAN] CASHIER FORM : UNREGISTER HOTKEY
[ADMIN] [6/30/2016 00:50] [PENJUALAN] CASHIER FORM : UNREGISTER HOTKEY
[ADMIN] [6/30/2016 00:50] [] USER ID = 1LOGOUT
