[] [6/30/2016 10:47] [] USER = ADMIN IS ACTIVE
[ADMIN] [6/30/2016 10:47] [] USER ID = 1 LOGIN SUCCESSFULLY
[ADMIN] [6/30/2016 10:47] [] ACTIVATE USER ACCESS RIGHT
[ADMIN] [6/30/2016 10:47] [] DISPLAY ADMIN FORM
[ADMIN] [6/30/2016 10:47] [] adminForm Load
[ADMIN] [6/30/2016 10:47] [PENJUALAN] CASHIER FORM : REGISTER HOTKEY
[ADMIN] [6/30/2016 10:47] [PENJUALAN] CASHIER FORM : calculateTotal
[ADMIN] [6/30/2016 10:47] [PENJUALAN] CASHIER FORM : calculateTotal [0]
[ADMIN] [6/30/2016 10:47] [PENJUALAN] CASHIER FORM : calculateTotal, totalAfterDisc [0]
[ADMIN] [6/30/2016 10:47] [PENJUALAN] CASHIER FORM : REGISTER HOTKEY
[ADMIN] [6/30/2016 10:47] [PENJUALAN] CASHIER FORM : HOTKEY TO ADD NEW ROW PRESSED
[ADMIN] [6/30/2016 10:47] [PENJUALAN] CASHIER FORM : ADD NEW ROW,  isActive [True]
[ADMIN] [6/30/2016 10:47] [PENJUALAN] CASHIER FORM : ADD NEW ROW,  ROW COUNT [0]
[ADMIN] [6/30/2016 10:47] [PENJUALAN] CASHIER FORM : ADD NEW ROW,  ALLOW TO ADD [True]
[ADMIN] [6/30/2016 10:48] [PENJUALAN] CASHIER FORM : PRODUCT PRICE TYPE [PRODUCT_BASE_PRICE]
[ADMIN] [6/30/2016 10:48] [PENJUALAN] CASHIER FORM : PRODUCT PRICE [26625]
[ADMIN] [6/30/2016 10:48] [PENJUALAN] CASHIER FORM : ComboBox_SelectedIndexChanged, PRODUCT_BASE_PRICE [26625]
[ADMIN] [6/30/2016 10:48] [PENJUALAN] CASHIER FORM : PRODUCT PRICE TYPE [PRODUCT_RETAIL_PRICE]
[ADMIN] [6/30/2016 10:48] [PENJUALAN] CASHIER FORM : PRODUCT PRICE [34000]
[ADMIN] [6/30/2016 10:48] [PENJUALAN] CASHIER FORM : ComboBox_SelectedIndexChanged, PRODUCT_SALES_PRICE [34000]
[ADMIN] [6/30/2016 10:48] [PENJUALAN] CASHIER FORM : ComboBox_SelectedIndexChanged, attempt to calculate total
[ADMIN] [6/30/2016 10:48] [PENJUALAN] CASHIER FORM : calculateTotal
[ADMIN] [6/30/2016 10:48] [PENJUALAN] CASHIER FORM : calculateTotal [0]
[ADMIN] [6/30/2016 10:48] [PENJUALAN] CASHIER FORM : calculateTotal, totalAfterDisc [0]
[ADMIN] [6/30/2016 10:48] [PENJUALAN] CASHIER FORM : TextBox_TextChanged, isLoading [False]
[ADMIN] [6/30/2016 10:48] [PENJUALAN] CASHIER FORM : TextBox_TextChanged, rowSelectedIndex [0]
[ADMIN] [6/30/2016 10:48] [PENJUALAN] CASHIER FORM : TextBox_TextChanged, previousInput [0]
[ADMIN] [6/30/2016 10:48] [PENJUALAN] CASHIER FORM : TextBox_TextChanged, dataGridViewTextBoxEditingControl.Text [0]
[ADMIN] [6/30/2016 10:48] [PENJUALAN] CASHIER FORM : TextBox_TextChanged, dataGridViewTextBoxEditingControl.Text pass REGEX Checking
[ADMIN] [6/30/2016 10:48] [PENJUALAN] CASHIER FORM : CHECK STOCK QTY IS ENOUGH [1]
[ADMIN] [6/30/2016 10:48] [PENJUALAN] CASHIER FORM : CHECK STOCK QTY IS ENOUGH [9, 0]
[ADMIN] [6/30/2016 10:48] [PENJUALAN] CASHIER FORM : CALCULATE SUBTOTAL
[ADMIN] [6/30/2016 10:48] [PENJUALAN] CASHIER FORM : SUBTOTAL [0]
[ADMIN] [6/30/2016 10:48] [PENJUALAN] CASHIER FORM : TextBox_TextChanged, subtotal value [0]
[ADMIN] [6/30/2016 10:48] [PENJUALAN] CASHIER FORM : TextBox_TextChanged, attempt to calculate total value
[ADMIN] [6/30/2016 10:48] [PENJUALAN] CASHIER FORM : calculateTotal
[ADMIN] [6/30/2016 10:48] [PENJUALAN] CASHIER FORM : calculateTotal [0]
[ADMIN] [6/30/2016 10:48] [PENJUALAN] CASHIER FORM : calculateTotal, totalAfterDisc [0]
[ADMIN] [6/30/2016 10:48] [PENJUALAN] CASHIER FORM : TextBox_TextChanged, isLoading [False]
[ADMIN] [6/30/2016 10:48] [PENJUALAN] CASHIER FORM : TextBox_TextChanged, rowSelectedIndex [0]
[ADMIN] [6/30/2016 10:48] [PENJUALAN] CASHIER FORM : TextBox_TextChanged, previousInput [0]
[ADMIN] [6/30/2016 10:48] [PENJUALAN] CASHIER FORM : TextBox_TextChanged, dataGridViewTextBoxEditingControl.Text [2]
[ADMIN] [6/30/2016 10:48] [PENJUALAN] CASHIER FORM : TextBox_TextChanged, dataGridViewTextBoxEditingControl.Text pass REGEX Checking
[ADMIN] [6/30/2016 10:48] [PENJUALAN] CASHIER FORM : CHECK STOCK QTY IS ENOUGH [1]
[ADMIN] [6/30/2016 10:48] [PENJUALAN] CASHIER FORM : CHECK STOCK QTY IS ENOUGH [9, 2]
[ADMIN] [6/30/2016 10:48] [PENJUALAN] CASHIER FORM : CALCULATE SUBTOTAL
[ADMIN] [6/30/2016 10:48] [PENJUALAN] CASHIER FORM : SUBTOTAL [68000]
[ADMIN] [6/30/2016 10:48] [PENJUALAN] CASHIER FORM : TextBox_TextChanged, subtotal value [68000]
[ADMIN] [6/30/2016 10:48] [PENJUALAN] CASHIER FORM : TextBox_TextChanged, attempt to calculate total value
[ADMIN] [6/30/2016 10:48] [PENJUALAN] CASHIER FORM : calculateTotal
[ADMIN] [6/30/2016 10:48] [PENJUALAN] CASHIER FORM : calculateTotal [68000]
[ADMIN] [6/30/2016 10:48] [PENJUALAN] CASHIER FORM : calculateTotal, totalAfterDisc [68000]
[ADMIN] [6/30/2016 10:48] [PENJUALAN] CASHIER FORM : TextBox_TextChanged, isLoading [False]
[ADMIN] [6/30/2016 10:48] [PENJUALAN] CASHIER FORM : TextBox_TextChanged, rowSelectedIndex [0]
[ADMIN] [6/30/2016 10:48] [PENJUALAN] CASHIER FORM : TextBox_TextChanged, previousInput [2]
[ADMIN] [6/30/2016 10:48] [PENJUALAN] CASHIER FORM : TextBox_TextChanged, dataGridViewTextBoxEditingControl.Text pass REGEX Checking
[ADMIN] [6/30/2016 10:48] [PENJUALAN] CASHIER FORM : CHECK STOCK QTY IS ENOUGH [1]
[ADMIN] [6/30/2016 10:48] [PENJUALAN] CASHIER FORM : CHECK STOCK QTY IS ENOUGH [9, 2]
[ADMIN] [6/30/2016 10:48] [PENJUALAN] CASHIER FORM : CALCULATE SUBTOTAL
[ADMIN] [6/30/2016 10:48] [PENJUALAN] CASHIER FORM : SUBTOTAL [68000]
[ADMIN] [6/30/2016 10:48] [PENJUALAN] CASHIER FORM : TextBox_TextChanged, subtotal value [68000]
[ADMIN] [6/30/2016 10:48] [PENJUALAN] CASHIER FORM : TextBox_TextChanged, attempt to calculate total value
[ADMIN] [6/30/2016 10:48] [PENJUALAN] CASHIER FORM : calculateTotal
[ADMIN] [6/30/2016 10:48] [PENJUALAN] CASHIER FORM : calculateTotal [68000]
[ADMIN] [6/30/2016 10:48] [PENJUALAN] CASHIER FORM : calculateTotal, totalAfterDisc [68000]
[ADMIN] [6/30/2016 10:48] [PENJUALAN] CASHIER FORM : DISPLAY PELANGGAN FORM
[ADMIN] [6/30/2016 10:48] [PENJUALAN] CASHIER FORM : UNREGISTER HOTKEY
[ADMIN] [6/30/2016 10:48] [PENJUALAN] CASHIER FORM : SELECTED CUSTOMER ID [1]
[ADMIN] [6/30/2016 10:48] [PENJUALAN] CASHIER FORM : ATTEMPT TO SET CUSTOMER PROFILE
[ADMIN] [6/30/2016 10:48] [PENJUALAN] CASHIER FORM : SET CUSTOMER PROFILE [NURWULANDARI]
[ADMIN] [6/30/2016 10:48] [PENJUALAN] CASHIER FORM : CUSTOMER GROUP [P-PARTAI]
[ADMIN] [6/30/2016 10:48] [PENJUALAN] CASHIER FORM : FINISHED SET CUSTOMER PROFILE
[ADMIN] [6/30/2016 10:48] [PENJUALAN] CASHIER FORM : ATTEMPT TO REFRESH PRODUCT PRICE
[ADMIN] [6/30/2016 10:48] [PENJUALAN] CASHIER FORM : PRODUCT PRICE TYPE [PRODUCT_BULK_PRICE]
[ADMIN] [6/30/2016 10:48] [PENJUALAN] CASHIER FORM : PRODUCT PRICE [34000]
[ADMIN] [6/30/2016 10:48] [PENJUALAN] CASHIER FORM : CALCULATE SUBTOTAL
[ADMIN] [6/30/2016 10:48] [PENJUALAN] CASHIER FORM : SUBTOTAL [68000]
[ADMIN] [6/30/2016 10:48] [PENJUALAN] CASHIER FORM : calculateTotal
[ADMIN] [6/30/2016 10:48] [PENJUALAN] CASHIER FORM : calculateTotal [68000]
[ADMIN] [6/30/2016 10:48] [PENJUALAN] CASHIER FORM : calculateTotal, totalAfterDisc [63000]
[ADMIN] [6/30/2016 10:48] [PENJUALAN] CASHIER FORM : PRODUCT PRICE REFRESHED
[ADMIN] [6/30/2016 10:48] [PENJUALAN] CASHIER FORM : REGISTER HOTKEY
[ADMIN] [6/30/2016 10:48] [PENJUALAN] CASHIER FORM : UNREGISTER HOTKEY
[ADMIN] [6/30/2016 10:49] [PENJUALAN] CASHIER FORM : REGISTER HOTKEY
[ADMIN] [6/30/2016 10:49] [PENJUALAN] CASHIER FORM : DISPLAY PELANGGAN FORM
[ADMIN] [6/30/2016 10:49] [PENJUALAN] CASHIER FORM : UNREGISTER HOTKEY
[ADMIN] [6/30/2016 10:49] [PENJUALAN] CASHIER FORM : SELECTED CUSTOMER ID [1]
[ADMIN] [6/30/2016 10:49] [PENJUALAN] CASHIER FORM : ATTEMPT TO SET CUSTOMER PROFILE
[ADMIN] [6/30/2016 10:49] [PENJUALAN] CASHIER FORM : SET CUSTOMER PROFILE [NURWULANDARI]
[ADMIN] [6/30/2016 10:49] [PENJUALAN] CASHIER FORM : CUSTOMER GROUP [P-PARTAI]
[ADMIN] [6/30/2016 10:49] [PENJUALAN] CASHIER FORM : FINISHED SET CUSTOMER PROFILE
[ADMIN] [6/30/2016 10:49] [PENJUALAN] CASHIER FORM : ATTEMPT TO REFRESH PRODUCT PRICE
[ADMIN] [6/30/2016 10:49] [PENJUALAN] CASHIER FORM : PRODUCT PRICE TYPE [PRODUCT_BULK_PRICE]
[ADMIN] [6/30/2016 10:49] [PENJUALAN] CASHIER FORM : PRODUCT PRICE [32000]
[ADMIN] [6/30/2016 10:49] [PENJUALAN] CASHIER FORM : CALCULATE SUBTOTAL
[ADMIN] [6/30/2016 10:49] [PENJUALAN] CASHIER FORM : SUBTOTAL [64000]
[ADMIN] [6/30/2016 10:49] [PENJUALAN] CASHIER FORM : calculateTotal
[ADMIN] [6/30/2016 10:49] [PENJUALAN] CASHIER FORM : calculateTotal [64000]
[ADMIN] [6/30/2016 10:49] [PENJUALAN] CASHIER FORM : calculateTotal, totalAfterDisc [59000]
[ADMIN] [6/30/2016 10:49] [PENJUALAN] CASHIER FORM : PRODUCT PRICE REFRESHED
[ADMIN] [6/30/2016 10:49] [PENJUALAN] CASHIER FORM : REGISTER HOTKEY
[ADMIN] [6/30/2016 10:49] [PENJUALAN] CASHIER FORM : HOTKEY TO SAVE AND PRINT OUT INVOICE PRESSED
[ADMIN] [6/30/2016 10:49] [PENJUALAN] CASHIER FORM : UNREGISTER HOTKEY
[ADMIN] [6/30/2016 10:49] [PENJUALAN] CASHIER FORM : REGISTER HOTKEY
[ADMIN] [6/30/2016 10:49] [PENJUALAN] ATTEMPT TO SAVE AND PRINT OUT INVOICE
[ADMIN] [6/30/2016 10:49] [PENJUALAN] CASHIER FORM : discJualMaskedTextBox_Validating, totalAfterDisc [59000]
[ADMIN] [6/30/2016 10:49] [PENJUALAN] CASHIER FORM : UNREGISTER HOTKEY
[ADMIN] [6/30/2016 10:49] [PENJUALAN] CASHIER FORM : ATTEMPT TO SAVE SALES DATA [30-06-2016 10:49]
[ADMIN] [6/30/2016 10:49] [PENJUALAN] CASHIER FORM : SALES DISC FINAL [5000]
[ADMIN] [6/30/2016 10:49] [PENJUALAN] CASHIER FORM : NON CASH - SALES DUE DATE [03-07-2016]
[ADMIN] [6/30/2016 10:49] [PENJUALAN] CASHIER FORM : MAX SALES INVOICE [1]
[ADMIN] [6/30/2016 10:49] [PENJUALAN] CASHIER FORM : SALES INVOICE [SQ-2]
[ADMIN] [6/30/2016 10:49] [PENJUALAN] INSERT INTO SALES QUOTATION HEADER [SQ-2]
[ADMIN] [6/30/2016 10:49] [PENJUALAN] INSERT INTO SALES QUOTATION DETAIL[1, 32000, 2]
[ADMIN] [6/30/2016 10:49] [PENJUALAN] CASHIER FORM : REGISTER HOTKEY
[ADMIN] [6/30/2016 10:49] [PENJUALAN] TRANSACTION SAVED
[ADMIN] [6/30/2016 10:49] [PENJUALAN] CASHIER FORM : UNREGISTER HOTKEY
[ADMIN] [6/30/2016 10:49] [PENJUALAN] CASHIER FORM : REGISTER HOTKEY
[ADMIN] [6/30/2016 10:49] [PENJUALAN] CASHIER FORM : UNREGISTER HOTKEY
[ADMIN] [6/30/2016 10:49] [PENJUALAN] CASHIER FORM : REGISTER HOTKEY
[ADMIN] [6/30/2016 10:49] [PENJUALAN] CASHIER FORM : calculateTotal
[ADMIN] [6/30/2016 10:49] [PENJUALAN] CASHIER FORM : calculateTotal [0]
[ADMIN] [6/30/2016 10:49] [PENJUALAN] CASHIER FORM : calculateTotal, totalAfterDisc [-5000]
[ADMIN] [6/30/2016 10:49] [PENJUALAN] CASHIER FORM : UNREGISTER HOTKEY
[ADMIN] [6/30/2016 10:49] [PENJUALAN] CASHIER FORM : UNREGISTER HOTKEY
[ADMIN] [6/30/2016 10:49] [PENJUALAN] CASHIER FORM : REGISTER HOTKEY
[] [6/30/2016 10:52] [] USER = ADMIN IS ACTIVE
[ADMIN] [6/30/2016 10:52] [] USER ID = 1 LOGIN SUCCESSFULLY
[ADMIN] [6/30/2016 10:52] [] ACTIVATE USER ACCESS RIGHT
[ADMIN] [6/30/2016 10:52] [] DISPLAY ADMIN FORM
[ADMIN] [6/30/2016 10:52] [] adminForm Load
[ADMIN] [6/30/2016 10:52] [PENJUALAN] CASHIER FORM : REGISTER HOTKEY
[ADMIN] [6/30/2016 10:52] [PENJUALAN] CASHIER FORM : ADD NEW ROW,  isActive [True]
[ADMIN] [6/30/2016 10:52] [PENJUALAN] CASHIER FORM : ADD NEW ROW,  ROW COUNT [0]
[ADMIN] [6/30/2016 10:52] [PENJUALAN] CASHIER FORM : ADD NEW ROW,  ALLOW TO ADD [True]
[ADMIN] [6/30/2016 10:52] [PENJUALAN] CASHIER FORM : PRODUCT PRICE TYPE [PRODUCT_RETAIL_PRICE]
[ADMIN] [6/30/2016 10:52] [PENJUALAN] CASHIER FORM : PRODUCT PRICE [34000]
[ADMIN] [6/30/2016 10:52] [PENJUALAN] CASHIER FORM : CHECK IF THERE'S ANY ENTRY IN THE PRODUCT DISC
[ADMIN] [6/30/2016 10:52] [PENJUALAN] CASHIER FORM : CALCULATE SUBTOTAL
[ADMIN] [6/30/2016 10:52] [PENJUALAN] CASHIER FORM : SUBTOTAL [0]
[ADMIN] [6/30/2016 10:52] [PENJUALAN] CASHIER FORM : calculateTotal
[ADMIN] [6/30/2016 10:52] [PENJUALAN] CASHIER FORM : calculateTotal [0]
[ADMIN] [6/30/2016 10:52] [PENJUALAN] CASHIER FORM : calculateTotal, totalAfterDisc [-5000]
[ADMIN] [6/30/2016 10:52] [PENJUALAN] CASHIER FORM : REGISTER HOTKEY
[ADMIN] [6/30/2016 10:52] [PENJUALAN] CASHIER FORM : UNREGISTER HOTKEY
[ADMIN] [6/30/2016 10:53] [PENJUALAN] CASHIER FORM : REGISTER HOTKEY
[ADMIN] [6/30/2016 10:53] [PENJUALAN] CASHIER FORM : UNREGISTER HOTKEY
[ADMIN] [6/30/2016 10:53] [PENJUALAN] CASHIER FORM : UNREGISTER HOTKEY
[ADMIN] [6/30/2016 10:53] [PENJUALAN] CASHIER FORM : REGISTER HOTKEY
[ADMIN] [6/30/2016 10:54] [PENJUALAN] CASHIER FORM : ADD NEW ROW,  isActive [True]
[ADMIN] [6/30/2016 10:54] [PENJUALAN] CASHIER FORM : ADD NEW ROW,  ROW COUNT [0]
[ADMIN] [6/30/2016 10:54] [PENJUALAN] CASHIER FORM : ADD NEW ROW,  ALLOW TO ADD [True]
[ADMIN] [6/30/2016 10:55] [PENJUALAN] CASHIER FORM : PRODUCT PRICE TYPE [PRODUCT_RETAIL_PRICE]
[ADMIN] [6/30/2016 10:55] [PENJUALAN] CASHIER FORM : PRODUCT PRICE [34000]
[ADMIN] [6/30/2016 10:55] [PENJUALAN] CASHIER FORM : CHECK IF THERE'S ANY ENTRY IN THE PRODUCT DISC
[ADMIN] [6/30/2016 10:55] [PENJUALAN] CASHIER FORM : CALCULATE SUBTOTAL
[ADMIN] [6/30/2016 10:55] [PENJUALAN] CASHIER FORM : SUBTOTAL [0]
[ADMIN] [6/30/2016 10:55] [PENJUALAN] CASHIER FORM : calculateTotal
[ADMIN] [6/30/2016 10:55] [PENJUALAN] CASHIER FORM : calculateTotal [0]
[ADMIN] [6/30/2016 10:55] [PENJUALAN] CASHIER FORM : calculateTotal, totalAfterDisc [-5000]
[ADMIN] [6/30/2016 10:55] [PENJUALAN] CASHIER FORM : REGISTER HOTKEY
[ADMIN] [6/30/2016 10:55] [PENJUALAN] CASHIER FORM : UNREGISTER HOTKEY
[ADMIN] [6/30/2016 10:55] [PENJUALAN] CASHIER FORM : REGISTER HOTKEY
[ADMIN] [6/30/2016 10:55] [PENJUALAN] CASHIER FORM : UNREGISTER HOTKEY
[ADMIN] [6/30/2016 10:55] [PENJUALAN] CASHIER FORM : UNREGISTER HOTKEY
[] [6/30/2016 10:57] [] USER = ADMIN IS ACTIVE
[ADMIN] [6/30/2016 10:57] [] USER ID = 1 LOGIN SUCCESSFULLY
[ADMIN] [6/30/2016 10:57] [] ACTIVATE USER ACCESS RIGHT
[ADMIN] [6/30/2016 10:57] [] DISPLAY ADMIN FORM
[ADMIN] [6/30/2016 10:57] [] adminForm Load
[ADMIN] [6/30/2016 10:58] [PENJUALAN] CASHIER FORM : REGISTER HOTKEY
[ADMIN] [6/30/2016 10:58] [PENJUALAN] CASHIER FORM : ADD NEW ROW,  isActive [True]
[ADMIN] [6/30/2016 10:58] [PENJUALAN] CASHIER FORM : ADD NEW ROW,  ROW COUNT [0]
[ADMIN] [6/30/2016 10:58] [PENJUALAN] CASHIER FORM : ADD NEW ROW,  ALLOW TO ADD [True]
[ADMIN] [6/30/2016 10:58] [PENJUALAN] CASHIER FORM : REGISTER HOTKEY
[ADMIN] [6/30/2016 10:58] [PENJUALAN] CASHIER FORM : UNREGISTER HOTKEY
[ADMIN] [6/30/2016 10:58] [PENJUALAN] CASHIER FORM : REGISTER HOTKEY
[ADMIN] [6/30/2016 10:58] [PENJUALAN] ATTEMPT TO SAVE AND PRINT OUT INVOICE
[ADMIN] [6/30/2016 10:58] [PENJUALAN] CASHIER FORM : UNREGISTER HOTKEY
[ADMIN] [6/30/2016 10:58] [PENJUALAN] CASHIER FORM : REGISTER HOTKEY
[ADMIN] [6/30/2016 10:58] [PENJUALAN] CASHIER FORM : UNREGISTER HOTKEY
[ADMIN] [6/30/2016 10:58] [PENJUALAN] CASHIER FORM : ATTEMPT TO SAVE SALES DATA [30-06-2016 10:58]
[ADMIN] [6/30/2016 10:58] [PENJUALAN] CASHIER FORM : SALES DISC FINAL [5000]
[ADMIN] [6/30/2016 10:58] [PENJUALAN] CASHIER FORM : NON CASH - SALES DUE DATE [03-07-2016]
[ADMIN] [6/30/2016 10:58] [PENJUALAN] CHECK IF TAX LIMIT SET FOR PERCENTAGE PURCHASE [0]
[ADMIN] [6/30/2016 10:58] [PENJUALAN] CHECK IF TAX LIMIT SET FOR AVERAGE DAILY PURCHASE [0]
[ADMIN] [6/30/2016 10:58] [PENJUALAN] CASHIER FORM : NO FAKTUR [SLO001]
[ADMIN] [6/30/2016 10:58] [PENJUALAN] CASHIER FORM : MAX SALES INVOICE [6]
[ADMIN] [6/30/2016 10:58] [PENJUALAN] CASHIER FORM : SALES INVOICE [SLO001-7]
[ADMIN] [6/30/2016 10:58] [PENJUALAN] INSERT INTO SALES HEADER [SLO001-7]
[ADMIN] [6/30/2016 10:58] [PENJUALAN] INSERT INTO SALES DETAIL[1, 32000, 2]
[ADMIN] [6/30/2016 10:58] [PENJUALAN] REDUCE STOCK AT MASTER PRODUCT [1]
[ADMIN] [6/30/2016 10:58] [PENJUALAN] INSERT TO CREDIT TABLE [SLO001-7]
[ADMIN] [6/30/2016 10:58] [PENJUALAN] INSERT TO DAILY JOURNAL TABLE [64000]
[ADMIN] [6/30/2016 10:58] [PENJUALAN] CASHIER FORM : REGISTER HOTKEY
[ADMIN] [6/30/2016 10:58] [PENJUALAN] TRANSACTION SAVED
[ADMIN] [6/30/2016 10:58] [PENJUALAN] CASHIER FORM : UNREGISTER HOTKEY
[ADMIN] [6/30/2016 10:58] [PENJUALAN] CASHIER FORM : REGISTER HOTKEY
[ADMIN] [6/30/2016 10:58] [PENJUALAN] CASHIER FORM : UNREGISTER HOTKEY
[ADMIN] [6/30/2016 10:58] [PENJUALAN] CASHIER FORM : REGISTER HOTKEY
[ADMIN] [6/30/2016 10:58] [PENJUALAN] CASHIER FORM : UNREGISTER HOTKEY
[ADMIN] [6/30/2016 10:58] [PENJUALAN] CASHIER FORM : UNREGISTER HOTKEY
[ADMIN] [6/30/2016 10:58] [] USER ID = 1LOGOUT
