[] [6/30/2016 21:27] [] USER = ADMIN IS ACTIVE
[ADMIN] [6/30/2016 21:27] [] USER ID = 1 LOGIN SUCCESSFULLY
[ADMIN] [6/30/2016 21:27] [] ACTIVATE USER ACCESS RIGHT
[ADMIN] [6/30/2016 21:27] [] DISPLAY ADMIN FORM
[ADMIN] [6/30/2016 21:27] [] adminForm Load
[] [6/30/2016 21:32] [] USER = ADMIN IS ACTIVE
[ADMIN] [6/30/2016 21:32] [] USER ID = 1 LOGIN SUCCESSFULLY
[ADMIN] [6/30/2016 21:33] [] ACTIVATE USER ACCESS RIGHT
[ADMIN] [6/30/2016 21:33] [] DISPLAY ADMIN FORM
[ADMIN] [6/30/2016 21:33] [] adminForm Load
[ADMIN] [6/30/2016 21:33] [PENJUALAN] CASHIER FORM : REGISTER HOTKEY
[ADMIN] [6/30/2016 21:33] [PENJUALAN] CASHIER FORM : ADD NEW ROW,  isActive [True]
[ADMIN] [6/30/2016 21:33] [PENJUALAN] CASHIER FORM : ADD NEW ROW,  ROW COUNT [0]
[ADMIN] [6/30/2016 21:33] [PENJUALAN] CASHIER FORM : ADD NEW ROW,  ALLOW TO ADD [True]
[ADMIN] [6/30/2016 21:33] [PENJUALAN] CASHIER FORM : REGISTER HOTKEY
[ADMIN] [6/30/2016 21:33] [PENJUALAN] CASHIER FORM : TextBox_TextChanged, isLoading [False]
[ADMIN] [6/30/2016 21:33] [PENJUALAN] CASHIER FORM : TextBox_TextChanged, rowSelectedIndex [0]
[ADMIN] [6/30/2016 21:33] [PENJUALAN] CASHIER FORM : TextBox_TextChanged, previousInput [3]
[ADMIN] [6/30/2016 21:33] [PENJUALAN] CASHIER FORM : TextBox_TextChanged, dataGridViewTextBoxEditingControl.Text pass REGEX Checking
[ADMIN] [6/30/2016 21:33] [PENJUALAN] CASHIER FORM : CHECK STOCK QTY IS ENOUGH [1]
[ADMIN] [6/30/2016 21:33] [PENJUALAN] CASHIER FORM : CHECK STOCK QTY IS ENOUGH [2, 3]
[ADMIN] [6/30/2016 21:33] [PENJUALAN] CASHIER FORM : CALCULATE SUBTOTAL
[ADMIN] [6/30/2016 21:33] [PENJUALAN] CASHIER FORM : SUBTOTAL [90000]
[ADMIN] [6/30/2016 21:33] [PENJUALAN] CASHIER FORM : TextBox_TextChanged, subtotal value [90000]
[ADMIN] [6/30/2016 21:33] [PENJUALAN] CASHIER FORM : TextBox_TextChanged, attempt to calculate total value
[ADMIN] [6/30/2016 21:33] [PENJUALAN] CASHIER FORM : calculateTotal
[ADMIN] [6/30/2016 21:33] [PENJUALAN] CASHIER FORM : calculateTotal [90000]
[ADMIN] [6/30/2016 21:33] [PENJUALAN] CASHIER FORM : calculateTotal, totalAfterDisc [80000]
[ADMIN] [6/30/2016 21:33] [PENJUALAN] CASHIER FORM : TextBox_TextChanged, isLoading [False]
[ADMIN] [6/30/2016 21:33] [PENJUALAN] CASHIER FORM : TextBox_TextChanged, rowSelectedIndex [0]
[ADMIN] [6/30/2016 21:33] [PENJUALAN] CASHIER FORM : TextBox_TextChanged, previousInput [0]
[ADMIN] [6/30/2016 21:33] [PENJUALAN] CASHIER FORM : TextBox_TextChanged, dataGridViewTextBoxEditingControl.Text [0]
[ADMIN] [6/30/2016 21:33] [PENJUALAN] CASHIER FORM : TextBox_TextChanged, dataGridViewTextBoxEditingControl.Text pass REGEX Checking
[ADMIN] [6/30/2016 21:33] [PENJUALAN] CASHIER FORM : CALCULATE SUBTOTAL
[ADMIN] [6/30/2016 21:33] [PENJUALAN] CASHIER FORM : SUBTOTAL [90000]
[ADMIN] [6/30/2016 21:33] [PENJUALAN] CASHIER FORM : TextBox_TextChanged, subtotal value [90000]
[ADMIN] [6/30/2016 21:33] [PENJUALAN] CASHIER FORM : TextBox_TextChanged, attempt to calculate total value
[ADMIN] [6/30/2016 21:33] [PENJUALAN] CASHIER FORM : calculateTotal
[ADMIN] [6/30/2016 21:33] [PENJUALAN] CASHIER FORM : calculateTotal [90000]
[ADMIN] [6/30/2016 21:33] [PENJUALAN] CASHIER FORM : calculateTotal, totalAfterDisc [80000]
[ADMIN] [6/30/2016 21:33] [PENJUALAN] CASHIER FORM : TextBox_TextChanged, isLoading [False]
[ADMIN] [6/30/2016 21:33] [PENJUALAN] CASHIER FORM : TextBox_TextChanged, rowSelectedIndex [0]
[ADMIN] [6/30/2016 21:33] [PENJUALAN] CASHIER FORM : TextBox_TextChanged, previousInput [0]
[ADMIN] [6/30/2016 21:33] [PENJUALAN] CASHIER FORM : TextBox_TextChanged, dataGridViewTextBoxEditingControl.Text [0]
[ADMIN] [6/30/2016 21:33] [PENJUALAN] CASHIER FORM : TextBox_TextChanged, dataGridViewTextBoxEditingControl.Text pass REGEX Checking
[ADMIN] [6/30/2016 21:33] [PENJUALAN] CASHIER FORM : CALCULATE SUBTOTAL
[ADMIN] [6/30/2016 21:33] [PENJUALAN] CASHIER FORM : SUBTOTAL [90000]
[ADMIN] [6/30/2016 21:33] [PENJUALAN] CASHIER FORM : TextBox_TextChanged, subtotal value [90000]
[ADMIN] [6/30/2016 21:33] [PENJUALAN] CASHIER FORM : TextBox_TextChanged, attempt to calculate total value
[ADMIN] [6/30/2016 21:33] [PENJUALAN] CASHIER FORM : calculateTotal
[ADMIN] [6/30/2016 21:33] [PENJUALAN] CASHIER FORM : calculateTotal [90000]
[ADMIN] [6/30/2016 21:33] [PENJUALAN] CASHIER FORM : calculateTotal, totalAfterDisc [80000]
[ADMIN] [6/30/2016 21:33] [PENJUALAN] CASHIER FORM : TextBox_TextChanged, isLoading [False]
[ADMIN] [6/30/2016 21:33] [PENJUALAN] CASHIER FORM : TextBox_TextChanged, rowSelectedIndex [0]
[ADMIN] [6/30/2016 21:33] [PENJUALAN] CASHIER FORM : TextBox_TextChanged, previousInput [0]
[ADMIN] [6/30/2016 21:33] [PENJUALAN] CASHIER FORM : TextBox_TextChanged, dataGridViewTextBoxEditingControl.Text [1]
[ADMIN] [6/30/2016 21:33] [PENJUALAN] CASHIER FORM : TextBox_TextChanged, dataGridViewTextBoxEditingControl.Text pass REGEX Checking
[ADMIN] [6/30/2016 21:33] [PENJUALAN] CASHIER FORM : CALCULATE SUBTOTAL
[ADMIN] [6/30/2016 21:33] [PENJUALAN] CASHIER FORM : SUBTOTAL [89100]
[ADMIN] [6/30/2016 21:33] [PENJUALAN] CASHIER FORM : TextBox_TextChanged, subtotal value [89100]
[ADMIN] [6/30/2016 21:33] [PENJUALAN] CASHIER FORM : TextBox_TextChanged, attempt to calculate total value
[ADMIN] [6/30/2016 21:33] [PENJUALAN] CASHIER FORM : calculateTotal
[ADMIN] [6/30/2016 21:33] [PENJUALAN] CASHIER FORM : calculateTotal [89100]
[ADMIN] [6/30/2016 21:33] [PENJUALAN] CASHIER FORM : calculateTotal, totalAfterDisc [79100]
[ADMIN] [6/30/2016 21:33] [PENJUALAN] CASHIER FORM : TextBox_TextChanged, isLoading [False]
[ADMIN] [6/30/2016 21:33] [PENJUALAN] CASHIER FORM : TextBox_TextChanged, rowSelectedIndex [0]
[ADMIN] [6/30/2016 21:33] [PENJUALAN] CASHIER FORM : TextBox_TextChanged, previousInput [1]
[ADMIN] [6/30/2016 21:33] [PENJUALAN] CASHIER FORM : TextBox_TextChanged, dataGridViewTextBoxEditingControl.Text pass REGEX Checking
[ADMIN] [6/30/2016 21:33] [PENJUALAN] CASHIER FORM : CALCULATE SUBTOTAL
[ADMIN] [6/30/2016 21:33] [PENJUALAN] CASHIER FORM : SUBTOTAL [89100]
[ADMIN] [6/30/2016 21:33] [PENJUALAN] CASHIER FORM : TextBox_TextChanged, subtotal value [89100]
[ADMIN] [6/30/2016 21:33] [PENJUALAN] CASHIER FORM : TextBox_TextChanged, attempt to calculate total value
[ADMIN] [6/30/2016 21:33] [PENJUALAN] CASHIER FORM : calculateTotal
[ADMIN] [6/30/2016 21:33] [PENJUALAN] CASHIER FORM : calculateTotal [89100]
[ADMIN] [6/30/2016 21:33] [PENJUALAN] CASHIER FORM : calculateTotal, totalAfterDisc [79100]
[ADMIN] [6/30/2016 21:33] [PENJUALAN] CASHIER FORM : TextBox_TextChanged, isLoading [False]
[ADMIN] [6/30/2016 21:33] [PENJUALAN] CASHIER FORM : TextBox_TextChanged, rowSelectedIndex [0]
[ADMIN] [6/30/2016 21:33] [PENJUALAN] CASHIER FORM : TextBox_TextChanged, previousInput [1]
[ADMIN] [6/30/2016 21:33] [PENJUALAN] CASHIER FORM : TextBox_TextChanged, dataGridViewTextBoxEditingControl.Text pass REGEX Checking
[ADMIN] [6/30/2016 21:33] [PENJUALAN] CASHIER FORM : CALCULATE SUBTOTAL
[ADMIN] [6/30/2016 21:33] [PENJUALAN] CASHIER FORM : SUBTOTAL [89100]
[ADMIN] [6/30/2016 21:33] [PENJUALAN] CASHIER FORM : TextBox_TextChanged, subtotal value [89100]
[ADMIN] [6/30/2016 21:33] [PENJUALAN] CASHIER FORM : TextBox_TextChanged, attempt to calculate total value
[ADMIN] [6/30/2016 21:33] [PENJUALAN] CASHIER FORM : calculateTotal
[ADMIN] [6/30/2016 21:33] [PENJUALAN] CASHIER FORM : calculateTotal [89100]
[ADMIN] [6/30/2016 21:33] [PENJUALAN] CASHIER FORM : calculateTotal, totalAfterDisc [79100]
[ADMIN] [6/30/2016 21:33] [PENJUALAN] CASHIER FORM : TextBox_TextChanged, isLoading [False]
[ADMIN] [6/30/2016 21:33] [PENJUALAN] CASHIER FORM : TextBox_TextChanged, rowSelectedIndex [0]
[ADMIN] [6/30/2016 21:33] [PENJUALAN] CASHIER FORM : TextBox_TextChanged, previousInput [1]
[ADMIN] [6/30/2016 21:33] [PENJUALAN] CASHIER FORM : TextBox_TextChanged, dataGridViewTextBoxEditingControl.Text pass REGEX Checking
[ADMIN] [6/30/2016 21:33] [PENJUALAN] CASHIER FORM : CALCULATE SUBTOTAL
[ADMIN] [6/30/2016 21:33] [PENJUALAN] CASHIER FORM : SUBTOTAL [81000]
[ADMIN] [6/30/2016 21:33] [PENJUALAN] CASHIER FORM : TextBox_TextChanged, subtotal value [81000]
[ADMIN] [6/30/2016 21:33] [PENJUALAN] CASHIER FORM : TextBox_TextChanged, attempt to calculate total value
[ADMIN] [6/30/2016 21:33] [PENJUALAN] CASHIER FORM : calculateTotal
[ADMIN] [6/30/2016 21:33] [PENJUALAN] CASHIER FORM : calculateTotal [81000]
[ADMIN] [6/30/2016 21:33] [PENJUALAN] CASHIER FORM : calculateTotal, totalAfterDisc [71000]
[ADMIN] [6/30/2016 21:33] [PENJUALAN] CASHIER FORM : TextBox_TextChanged, isLoading [False]
[ADMIN] [6/30/2016 21:33] [PENJUALAN] CASHIER FORM : TextBox_TextChanged, rowSelectedIndex [0]
[ADMIN] [6/30/2016 21:33] [PENJUALAN] CASHIER FORM : TextBox_TextChanged, previousInput [10]
[ADMIN] [6/30/2016 21:33] [PENJUALAN] CASHIER FORM : TextBox_TextChanged, dataGridViewTextBoxEditingControl.Text pass REGEX Checking
[ADMIN] [6/30/2016 21:33] [PENJUALAN] CASHIER FORM : CALCULATE SUBTOTAL
[ADMIN] [6/30/2016 21:33] [PENJUALAN] CASHIER FORM : SUBTOTAL [81000]
[ADMIN] [6/30/2016 21:33] [PENJUALAN] CASHIER FORM : TextBox_TextChanged, subtotal value [81000]
[ADMIN] [6/30/2016 21:33] [PENJUALAN] CASHIER FORM : TextBox_TextChanged, attempt to calculate total value
[ADMIN] [6/30/2016 21:33] [PENJUALAN] CASHIER FORM : calculateTotal
[ADMIN] [6/30/2016 21:33] [PENJUALAN] CASHIER FORM : calculateTotal [81000]
[ADMIN] [6/30/2016 21:33] [PENJUALAN] CASHIER FORM : calculateTotal, totalAfterDisc [71000]
[ADMIN] [6/30/2016 21:33] [PENJUALAN] CASHIER FORM : TextBox_TextChanged, isLoading [False]
[ADMIN] [6/30/2016 21:33] [PENJUALAN] CASHIER FORM : TextBox_TextChanged, rowSelectedIndex [0]
[ADMIN] [6/30/2016 21:33] [PENJUALAN] CASHIER FORM : TextBox_TextChanged, previousInput [10]
[ADMIN] [6/30/2016 21:33] [PENJUALAN] CASHIER FORM : TextBox_TextChanged, dataGridViewTextBoxEditingControl.Text pass REGEX Checking
[ADMIN] [6/30/2016 21:33] [PENJUALAN] CASHIER FORM : CALCULATE SUBTOTAL
[ADMIN] [6/30/2016 21:33] [PENJUALAN] CASHIER FORM : SUBTOTAL [81000]
[ADMIN] [6/30/2016 21:33] [PENJUALAN] CASHIER FORM : TextBox_TextChanged, subtotal value [81000]
[ADMIN] [6/30/2016 21:33] [PENJUALAN] CASHIER FORM : TextBox_TextChanged, attempt to calculate total value
[ADMIN] [6/30/2016 21:33] [PENJUALAN] CASHIER FORM : calculateTotal
[ADMIN] [6/30/2016 21:33] [PENJUALAN] CASHIER FORM : calculateTotal [81000]
[ADMIN] [6/30/2016 21:33] [PENJUALAN] CASHIER FORM : calculateTotal, totalAfterDisc [71000]
[ADMIN] [6/30/2016 21:33] [PENJUALAN] CASHIER FORM : TextBox_TextChanged, isLoading [False]
[ADMIN] [6/30/2016 21:33] [PENJUALAN] CASHIER FORM : TextBox_TextChanged, rowSelectedIndex [0]
[ADMIN] [6/30/2016 21:33] [PENJUALAN] CASHIER FORM : TextBox_TextChanged, previousInput [0]
[ADMIN] [6/30/2016 21:33] [PENJUALAN] CASHIER FORM : TextBox_TextChanged, dataGridViewTextBoxEditingControl.Text [0]
[ADMIN] [6/30/2016 21:33] [PENJUALAN] CASHIER FORM : TextBox_TextChanged, dataGridViewTextBoxEditingControl.Text pass REGEX Checking
[ADMIN] [6/30/2016 21:33] [PENJUALAN] CASHIER FORM : CALCULATE SUBTOTAL
[ADMIN] [6/30/2016 21:33] [PENJUALAN] CASHIER FORM : SUBTOTAL [81000]
[ADMIN] [6/30/2016 21:33] [PENJUALAN] CASHIER FORM : TextBox_TextChanged, subtotal value [81000]
[ADMIN] [6/30/2016 21:33] [PENJUALAN] CASHIER FORM : TextBox_TextChanged, attempt to calculate total value
[ADMIN] [6/30/2016 21:33] [PENJUALAN] CASHIER FORM : calculateTotal
[ADMIN] [6/30/2016 21:33] [PENJUALAN] CASHIER FORM : calculateTotal [81000]
[ADMIN] [6/30/2016 21:33] [PENJUALAN] CASHIER FORM : calculateTotal, totalAfterDisc [71000]
[ADMIN] [6/30/2016 21:33] [PENJUALAN] CASHIER FORM : TextBox_TextChanged, isLoading [False]
[ADMIN] [6/30/2016 21:33] [PENJUALAN] CASHIER FORM : TextBox_TextChanged, rowSelectedIndex [0]
[ADMIN] [6/30/2016 21:33] [PENJUALAN] CASHIER FORM : TextBox_TextChanged, previousInput [0]
[ADMIN] [6/30/2016 21:33] [PENJUALAN] CASHIER FORM : TextBox_TextChanged, dataGridViewTextBoxEditingControl.Text [0]
[ADMIN] [6/30/2016 21:33] [PENJUALAN] CASHIER FORM : TextBox_TextChanged, dataGridViewTextBoxEditingControl.Text pass REGEX Checking
[ADMIN] [6/30/2016 21:33] [PENJUALAN] CASHIER FORM : CALCULATE SUBTOTAL
[ADMIN] [6/30/2016 21:33] [PENJUALAN] CASHIER FORM : SUBTOTAL [81000]
[ADMIN] [6/30/2016 21:33] [PENJUALAN] CASHIER FORM : TextBox_TextChanged, subtotal value [81000]
[ADMIN] [6/30/2016 21:33] [PENJUALAN] CASHIER FORM : TextBox_TextChanged, attempt to calculate total value
[ADMIN] [6/30/2016 21:33] [PENJUALAN] CASHIER FORM : calculateTotal
[ADMIN] [6/30/2016 21:33] [PENJUALAN] CASHIER FORM : calculateTotal [81000]
[ADMIN] [6/30/2016 21:33] [PENJUALAN] CASHIER FORM : calculateTotal, totalAfterDisc [71000]
[ADMIN] [6/30/2016 21:33] [PENJUALAN] CASHIER FORM : TextBox_TextChanged, isLoading [False]
[ADMIN] [6/30/2016 21:33] [PENJUALAN] CASHIER FORM : TextBox_TextChanged, rowSelectedIndex [0]
[ADMIN] [6/30/2016 21:33] [PENJUALAN] CASHIER FORM : TextBox_TextChanged, previousInput [0]
[ADMIN] [6/30/2016 21:33] [PENJUALAN] CASHIER FORM : TextBox_TextChanged, dataGridViewTextBoxEditingControl.Text [0]
[ADMIN] [6/30/2016 21:33] [PENJUALAN] CASHIER FORM : TextBox_TextChanged, dataGridViewTextBoxEditingControl.Text pass REGEX Checking
[ADMIN] [6/30/2016 21:33] [PENJUALAN] CASHIER FORM : CALCULATE SUBTOTAL
[ADMIN] [6/30/2016 21:33] [PENJUALAN] CASHIER FORM : SUBTOTAL [81000]
[ADMIN] [6/30/2016 21:33] [PENJUALAN] CASHIER FORM : TextBox_TextChanged, subtotal value [81000]
[ADMIN] [6/30/2016 21:33] [PENJUALAN] CASHIER FORM : TextBox_TextChanged, attempt to calculate total value
[ADMIN] [6/30/2016 21:33] [PENJUALAN] CASHIER FORM : calculateTotal
[ADMIN] [6/30/2016 21:33] [PENJUALAN] CASHIER FORM : calculateTotal [81000]
[ADMIN] [6/30/2016 21:33] [PENJUALAN] CASHIER FORM : calculateTotal, totalAfterDisc [71000]
[ADMIN] [6/30/2016 21:33] [PENJUALAN] CASHIER FORM : TextBox_TextChanged, isLoading [False]
[ADMIN] [6/30/2016 21:33] [PENJUALAN] CASHIER FORM : TextBox_TextChanged, rowSelectedIndex [0]
[ADMIN] [6/30/2016 21:33] [PENJUALAN] CASHIER FORM : TextBox_TextChanged, previousInput [0]
[ADMIN] [6/30/2016 21:33] [PENJUALAN] CASHIER FORM : TextBox_TextChanged, dataGridViewTextBoxEditingControl.Text [2]
[ADMIN] [6/30/2016 21:33] [PENJUALAN] CASHIER FORM : TextBox_TextChanged, dataGridViewTextBoxEditingControl.Text pass REGEX Checking
[ADMIN] [6/30/2016 21:33] [PENJUALAN] CASHIER FORM : CALCULATE SUBTOTAL
[ADMIN] [6/30/2016 21:33] [PENJUALAN] CASHIER FORM : SUBTOTAL [79380]
[ADMIN] [6/30/2016 21:33] [PENJUALAN] CASHIER FORM : TextBox_TextChanged, subtotal value [79380]
[ADMIN] [6/30/2016 21:33] [PENJUALAN] CASHIER FORM : TextBox_TextChanged, attempt to calculate total value
[ADMIN] [6/30/2016 21:33] [PENJUALAN] CASHIER FORM : calculateTotal
[ADMIN] [6/30/2016 21:33] [PENJUALAN] CASHIER FORM : calculateTotal [79380]
[ADMIN] [6/30/2016 21:33] [PENJUALAN] CASHIER FORM : calculateTotal, totalAfterDisc [69380]
[ADMIN] [6/30/2016 21:33] [PENJUALAN] CASHIER FORM : TextBox_TextChanged, isLoading [False]
[ADMIN] [6/30/2016 21:33] [PENJUALAN] CASHIER FORM : TextBox_TextChanged, rowSelectedIndex [0]
[ADMIN] [6/30/2016 21:33] [PENJUALAN] CASHIER FORM : TextBox_TextChanged, previousInput [2]
[ADMIN] [6/30/2016 21:33] [PENJUALAN] CASHIER FORM : TextBox_TextChanged, dataGridViewTextBoxEditingControl.Text pass REGEX Checking
[ADMIN] [6/30/2016 21:33] [PENJUALAN] CASHIER FORM : CALCULATE SUBTOTAL
[ADMIN] [6/30/2016 21:33] [PENJUALAN] CASHIER FORM : SUBTOTAL [79380]
[ADMIN] [6/30/2016 21:33] [PENJUALAN] CASHIER FORM : TextBox_TextChanged, subtotal value [79380]
[ADMIN] [6/30/2016 21:33] [PENJUALAN] CASHIER FORM : TextBox_TextChanged, attempt to calculate total value
[ADMIN] [6/30/2016 21:33] [PENJUALAN] CASHIER FORM : calculateTotal
[ADMIN] [6/30/2016 21:33] [PENJUALAN] CASHIER FORM : calculateTotal [79380]
[ADMIN] [6/30/2016 21:33] [PENJUALAN] CASHIER FORM : calculateTotal, totalAfterDisc [69380]
[ADMIN] [6/30/2016 21:33] [PENJUALAN] CASHIER FORM : TextBox_TextChanged, isLoading [False]
[ADMIN] [6/30/2016 21:33] [PENJUALAN] CASHIER FORM : TextBox_TextChanged, rowSelectedIndex [0]
[ADMIN] [6/30/2016 21:33] [PENJUALAN] CASHIER FORM : TextBox_TextChanged, previousInput [2]
[ADMIN] [6/30/2016 21:33] [PENJUALAN] CASHIER FORM : TextBox_TextChanged, dataGridViewTextBoxEditingControl.Text pass REGEX Checking
[ADMIN] [6/30/2016 21:33] [PENJUALAN] CASHIER FORM : CALCULATE SUBTOTAL
[ADMIN] [6/30/2016 21:33] [PENJUALAN] CASHIER FORM : SUBTOTAL [79380]
[ADMIN] [6/30/2016 21:33] [PENJUALAN] CASHIER FORM : TextBox_TextChanged, subtotal value [79380]
[ADMIN] [6/30/2016 21:33] [PENJUALAN] CASHIER FORM : TextBox_TextChanged, attempt to calculate total value
[ADMIN] [6/30/2016 21:33] [PENJUALAN] CASHIER FORM : calculateTotal
[ADMIN] [6/30/2016 21:33] [PENJUALAN] CASHIER FORM : calculateTotal [79380]
[ADMIN] [6/30/2016 21:33] [PENJUALAN] CASHIER FORM : calculateTotal, totalAfterDisc [69380]
[ADMIN] [6/30/2016 21:33] [PENJUALAN] CASHIER FORM : TextBox_TextChanged, isLoading [False]
[ADMIN] [6/30/2016 21:33] [PENJUALAN] CASHIER FORM : TextBox_TextChanged, rowSelectedIndex [0]
[ADMIN] [6/30/2016 21:33] [PENJUALAN] CASHIER FORM : TextBox_TextChanged, previousInput [2]
[ADMIN] [6/30/2016 21:33] [PENJUALAN] CASHIER FORM : TextBox_TextChanged, dataGridViewTextBoxEditingControl.Text pass REGEX Checking
[ADMIN] [6/30/2016 21:33] [PENJUALAN] CASHIER FORM : CALCULATE SUBTOTAL
[ADMIN] [6/30/2016 21:33] [PENJUALAN] CASHIER FORM : SUBTOTAL [79380]
[ADMIN] [6/30/2016 21:33] [PENJUALAN] CASHIER FORM : TextBox_TextChanged, subtotal value [79380]
[ADMIN] [6/30/2016 21:33] [PENJUALAN] CASHIER FORM : TextBox_TextChanged, attempt to calculate total value
[ADMIN] [6/30/2016 21:33] [PENJUALAN] CASHIER FORM : calculateTotal
[ADMIN] [6/30/2016 21:33] [PENJUALAN] CASHIER FORM : calculateTotal [79380]
[ADMIN] [6/30/2016 21:33] [PENJUALAN] CASHIER FORM : calculateTotal, totalAfterDisc [69380]
[ADMIN] [6/30/2016 21:33] [PENJUALAN] CASHIER FORM : TextBox_TextChanged, isLoading [False]
[ADMIN] [6/30/2016 21:33] [PENJUALAN] CASHIER FORM : TextBox_TextChanged, rowSelectedIndex [0]
[ADMIN] [6/30/2016 21:33] [PENJUALAN] CASHIER FORM : TextBox_TextChanged, previousInput [2]
[ADMIN] [6/30/2016 21:33] [PENJUALAN] CASHIER FORM : TextBox_TextChanged, dataGridViewTextBoxEditingControl.Text pass REGEX Checking
[ADMIN] [6/30/2016 21:33] [PENJUALAN] CASHIER FORM : CALCULATE SUBTOTAL
[ADMIN] [6/30/2016 21:33] [PENJUALAN] CASHIER FORM : SUBTOTAL [64800]
[ADMIN] [6/30/2016 21:33] [PENJUALAN] CASHIER FORM : TextBox_TextChanged, subtotal value [64800]
[ADMIN] [6/30/2016 21:33] [PENJUALAN] CASHIER FORM : TextBox_TextChanged, attempt to calculate total value
[ADMIN] [6/30/2016 21:33] [PENJUALAN] CASHIER FORM : calculateTotal
[ADMIN] [6/30/2016 21:33] [PENJUALAN] CASHIER FORM : calculateTotal [64800]
[ADMIN] [6/30/2016 21:33] [PENJUALAN] CASHIER FORM : calculateTotal, totalAfterDisc [54800]
[ADMIN] [6/30/2016 21:33] [PENJUALAN] CASHIER FORM : TextBox_TextChanged, isLoading [False]
[ADMIN] [6/30/2016 21:33] [PENJUALAN] CASHIER FORM : TextBox_TextChanged, rowSelectedIndex [0]
[ADMIN] [6/30/2016 21:33] [PENJUALAN] CASHIER FORM : TextBox_TextChanged, previousInput [20]
[ADMIN] [6/30/2016 21:33] [PENJUALAN] CASHIER FORM : TextBox_TextChanged, dataGridViewTextBoxEditingControl.Text pass REGEX Checking
[ADMIN] [6/30/2016 21:33] [PENJUALAN] CASHIER FORM : CALCULATE SUBTOTAL
[ADMIN] [6/30/2016 21:33] [PENJUALAN] CASHIER FORM : SUBTOTAL [64800]
[ADMIN] [6/30/2016 21:33] [PENJUALAN] CASHIER FORM : TextBox_TextChanged, subtotal value [64800]
[ADMIN] [6/30/2016 21:33] [PENJUALAN] CASHIER FORM : TextBox_TextChanged, attempt to calculate total value
[ADMIN] [6/30/2016 21:33] [PENJUALAN] CASHIER FORM : calculateTotal
[ADMIN] [6/30/2016 21:33] [PENJUALAN] CASHIER FORM : calculateTotal [64800]
[ADMIN] [6/30/2016 21:33] [PENJUALAN] CASHIER FORM : calculateTotal, totalAfterDisc [54800]
[ADMIN] [6/30/2016 21:33] [PENJUALAN] CASHIER FORM : TextBox_TextChanged, isLoading [False]
[ADMIN] [6/30/2016 21:33] [PENJUALAN] CASHIER FORM : TextBox_TextChanged, rowSelectedIndex [0]
[ADMIN] [6/30/2016 21:33] [PENJUALAN] CASHIER FORM : TextBox_TextChanged, previousInput [20]
[ADMIN] [6/30/2016 21:33] [PENJUALAN] CASHIER FORM : TextBox_TextChanged, dataGridViewTextBoxEditingControl.Text pass REGEX Checking
[ADMIN] [6/30/2016 21:33] [PENJUALAN] CASHIER FORM : CALCULATE SUBTOTAL
[ADMIN] [6/30/2016 21:33] [PENJUALAN] CASHIER FORM : SUBTOTAL [64800]
[ADMIN] [6/30/2016 21:33] [PENJUALAN] CASHIER FORM : TextBox_TextChanged, subtotal value [64800]
[ADMIN] [6/30/2016 21:33] [PENJUALAN] CASHIER FORM : TextBox_TextChanged, attempt to calculate total value
[ADMIN] [6/30/2016 21:33] [PENJUALAN] CASHIER FORM : calculateTotal
[ADMIN] [6/30/2016 21:33] [PENJUALAN] CASHIER FORM : calculateTotal [64800]
[ADMIN] [6/30/2016 21:33] [PENJUALAN] CASHIER FORM : calculateTotal, totalAfterDisc [54800]
[ADMIN] [6/30/2016 21:33] [PENJUALAN] CASHIER FORM : TextBox_TextChanged, isLoading [False]
[ADMIN] [6/30/2016 21:33] [PENJUALAN] CASHIER FORM : TextBox_TextChanged, rowSelectedIndex [0]
[ADMIN] [6/30/2016 21:33] [PENJUALAN] CASHIER FORM : TextBox_TextChanged, previousInput [20]
[ADMIN] [6/30/2016 21:33] [PENJUALAN] CASHIER FORM : TextBox_TextChanged, dataGridViewTextBoxEditingControl.Text pass REGEX Checking
[ADMIN] [6/30/2016 21:33] [PENJUALAN] CASHIER FORM : CALCULATE SUBTOTAL
[ADMIN] [6/30/2016 21:33] [PENJUALAN] CASHIER FORM : SUBTOTAL [64800]
[ADMIN] [6/30/2016 21:33] [PENJUALAN] CASHIER FORM : TextBox_TextChanged, subtotal value [64800]
[ADMIN] [6/30/2016 21:33] [PENJUALAN] CASHIER FORM : TextBox_TextChanged, attempt to calculate total value
[ADMIN] [6/30/2016 21:33] [PENJUALAN] CASHIER FORM : calculateTotal
[ADMIN] [6/30/2016 21:33] [PENJUALAN] CASHIER FORM : calculateTotal [64800]
[ADMIN] [6/30/2016 21:33] [PENJUALAN] CASHIER FORM : calculateTotal, totalAfterDisc [54800]
[ADMIN] [6/30/2016 21:33] [PENJUALAN] CASHIER FORM : discJualMaskedTextBox_Validating, totalAfterDisc [59800]
[ADMIN] [6/30/2016 21:33] [PENJUALAN] CASHIER FORM : HOTKEY TO SAVE AND PRINT OUT INVOICE PRESSED
[ADMIN] [6/30/2016 21:33] [PENJUALAN] CASHIER FORM : UNREGISTER HOTKEY
[ADMIN] [6/30/2016 21:33] [PENJUALAN] CASHIER FORM : REGISTER HOTKEY
[ADMIN] [6/30/2016 21:33] [PENJUALAN] ATTEMPT TO SAVE AND PRINT OUT INVOICE
[ADMIN] [6/30/2016 21:33] [PENJUALAN] CASHIER FORM : UNREGISTER HOTKEY
[ADMIN] [6/30/2016 21:33] [PENJUALAN] CASHIER FORM : ATTEMPT TO SAVE SALES DATA [30-06-2016 21:33]
[ADMIN] [6/30/2016 21:33] [PENJUALAN] CASHIER FORM : SALES DISC FINAL [5000]
[ADMIN] [6/30/2016 21:33] [PENJUALAN] CASHIER FORM : NON CASH - SALES DUE DATE [10-07-2016]
[ADMIN] [6/30/2016 21:33] [PENJUALAN] INSERT INTO SALES HEADER [SLO001-8]
[ADMIN] [6/30/2016 21:33] [PENJUALAN] INSERT INTO SALES DETAIL[1, 30000, 3]
[ADMIN] [6/30/2016 21:33] [PENJUALAN] CASHIER FORM : REGISTER HOTKEY
[ADMIN] [6/30/2016 21:33] [PENJUALAN] TRANSACTION SAVED
[ADMIN] [6/30/2016 21:33] [PENJUALAN] CASHIER FORM : UNREGISTER HOTKEY
[ADMIN] [6/30/2016 21:33] [PENJUALAN] CASHIER FORM : REGISTER HOTKEY
[ADMIN] [6/30/2016 21:33] [PENJUALAN] CASHIER FORM : UNREGISTER HOTKEY
[ADMIN] [6/30/2016 21:33] [PENJUALAN] CASHIER FORM : UNREGISTER HOTKEY
[ADMIN] [6/30/2016 21:33] [] USER ID = 1LOGOUT
