[] [6/7/2016 13:51] [] USER = ADMIN IS ACTIVE
[ADMIN] [6/7/2016 13:51] [] USER ID = 1 LOGIN SUCCESSFULLY
[ADMIN] [6/7/2016 13:51] [] ACTIVATE USER ACCESS RIGHT
[ADMIN] [6/7/2016 13:51] [] DISPLAY ADMIN FORM
[ADMIN] [6/7/2016 13:51] [] adminForm Load
[ADMIN] [6/7/2016 13:53] [REQUEST ORDER] ATTEMPT TO SAVE
[ADMIN] [6/7/2016 14:00] [PURCHASE ORDER] ATTEMPT TO SAVE DATA
[ADMIN] [6/7/2016 14:00] [PURCHASE ORDER] CHECK IF TAX LIMIT SET FOR PERCENTAGE PURCHASE [50]
[ADMIN] [6/7/2016 14:00] [PURCHASE ORDER] PERCENTAGE CALCULATION [5000]
[ADMIN] [6/7/2016 14:00] [PURCHASE ORDER] CURRENT TAX TOTAL IS BIGGER THAN PARAMETER CALCULATION
[ADMIN] [6/7/2016 14:00] [PURCHASE ORDER] NEW PURCHASE HEADER
[ADMIN] [6/7/2016 14:00] [PURCHASE ORDER] INSERT PURCHASE HEADER DATA [PO-1]
[ADMIN] [6/7/2016 14:00] [PURCHASE ORDER] INSERT DETAIL PURCHASE DATA [2', 10, 2]
[ADMIN] [6/7/2016 14:00] [PURCHASE ORDER] PURCHASE ORDER SAVED
[ADMIN] [6/7/2016 14:00] [PURCHASE ORDER] CHECK IF TAX LIMIT SET FOR PERCENTAGE PURCHASE [50]
[ADMIN] [6/7/2016 14:00] [PURCHASE ORDER] PERCENTAGE CALCULATION [5010]
[ADMIN] [6/7/2016 14:00] [PURCHASE ORDER] CURRENT TAX TOTAL IS BIGGER THAN PARAMETER CALCULATION
[ADMIN] [6/7/2016 14:00] [PURCHASE ORDER] UPDATE PURCHASE HEADER DATA TO INDICATE PO HAS BEEN PRINTED OUT, THEREFORE UNEDITABLE
[ADMIN] [6/7/2016 14:00] [PURCHASE ORDER] UPDATE FLAG AT PURCHASE HEADER TAX
[ADMIN] [6/7/2016 14:00] [RETUR PEMBELIAN KE SUPPLIER] ATTEMPT TO SAVE TO LOCAL DATA FIRST
[ADMIN] [6/7/2016 14:00] [RETUR PEMBELIAN KE SUPPLIER] INSERT TO RETURN PURCHASE HEADER
[ADMIN] [6/7/2016 14:00] [RETUR PEMBELIAN KE SUPPLIER] INSERT TO RETURN PURCHASE DETAIL
[ADMIN] [6/7/2016 14:00] [RETUR PEMBELIAN KE SUPPLIER] UPDATE PRODUCT LOCATION DATA
[ADMIN] [6/7/2016 14:00] [RETUR PEMBELIAN KE SUPPLIER] UPDATE MASTER PRODUCT
[] [6/7/2016 14:10] [] USER = ADMIN IS ACTIVE
[ADMIN] [6/7/2016 14:10] [] USER ID = 1 LOGIN SUCCESSFULLY
[ADMIN] [6/7/2016 14:10] [] ACTIVATE USER ACCESS RIGHT
[ADMIN] [6/7/2016 14:10] [] DISPLAY ADMIN FORM
[ADMIN] [6/7/2016 14:10] [] adminForm Load
[ADMIN] [6/7/2016 14:10] [PELANGGAN] ATTEMPT TO SAVE DATA
[ADMIN] [6/7/2016 14:10] [PELANGGAN] INSERT NEW CUSTOMER DATA [ANDRI]
[ADMIN] [6/7/2016 14:10] [PELANGGAN] DATA SAVED
[ADMIN] [6/7/2016 14:11] [PENJUALAN] CASHIER FORM : MULTIPLE CASHIER INSTANCE [1]
[ADMIN] [6/7/2016 14:11] [PENJUALAN] CASHIER FORM : cashierForm_Load, ATTEMPT TO get Selected Location ID
[ADMIN] [6/7/2016 14:11] [PENJUALAN] CASHIER FORM : REGISTER HOTKEY
[ADMIN] [6/7/2016 14:11] [PENJUALAN] CASHIER FORM : cashierForm_Load, ATTEMPT TO LOAD NO FAKTUR
[ADMIN] [6/7/2016 14:11] [PENJUALAN] CASHIER FORM : loadNoFaktur, noFakturValue [SLO001]
[ADMIN] [6/7/2016 14:11] [PENJUALAN] CASHIER FORM : cashierForm_Load, ATTEMPT TO addColumnToDataGrid
[ADMIN] [6/7/2016 14:11] [PENJUALAN] CASHIER FORM : calculateTotal
[ADMIN] [6/7/2016 14:11] [PENJUALAN] CASHIER FORM : calculateTotal [0]
[ADMIN] [6/7/2016 14:11] [PENJUALAN] CASHIER FORM : calculateTotal, totalAfterDisc [0]
[ADMIN] [6/7/2016 14:11] [PENJUALAN] CASHIER FORM : REGISTER HOTKEY
[ADMIN] [6/7/2016 14:11] [PENJUALAN] CASHIER FORM : HOTKEY TO ADD NEW ROW PRESSED
[ADMIN] [6/7/2016 14:11] [PENJUALAN] CASHIER FORM : ADD NEW ROW,  isActive [True]
[ADMIN] [6/7/2016 14:11] [PENJUALAN] CASHIER FORM : ADD NEW ROW,  ROW COUNT [0]
[ADMIN] [6/7/2016 14:11] [PENJUALAN] CASHIER FORM : ADD NEW ROW,  ALLOW TO ADD [True]
[ADMIN] [6/7/2016 14:11] [PENJUALAN] CASHIER FORM : DISPLAY BARCODE FORM
[ADMIN] [6/7/2016 14:11] [PENJUALAN] CASHIER FORM : UNREGISTER HOTKEY
[ADMIN] [6/7/2016 14:11] [PENJUALAN] CASHIER FORM : REGISTER HOTKEY
[ADMIN] [6/7/2016 14:11] [PENJUALAN] CASHIER FORM : PRODUCT PRICE TYPE [PRODUCT_BASE_PRICE]
[ADMIN] [6/7/2016 14:11] [PENJUALAN] CASHIER FORM : PRODUCT PRICE [10]
[ADMIN] [6/7/2016 14:11] [PENJUALAN] CASHIER FORM : ComboBox_SelectedIndexChanged, PRODUCT_BASE_PRICE [10]
[ADMIN] [6/7/2016 14:11] [PENJUALAN] CASHIER FORM : PRODUCT PRICE TYPE [PRODUCT_RETAIL_PRICE]
[ADMIN] [6/7/2016 14:11] [PENJUALAN] CASHIER FORM : PRODUCT PRICE [10]
[ADMIN] [6/7/2016 14:11] [PENJUALAN] CASHIER FORM : ComboBox_SelectedIndexChanged, PRODUCT_SALES_PRICE [10]
[ADMIN] [6/7/2016 14:11] [PENJUALAN] CASHIER FORM : CALCULATE SUBTOTAL
[ADMIN] [6/7/2016 14:11] [PENJUALAN] CASHIER FORM : SUBTOTAL [0]
[ADMIN] [6/7/2016 14:11] [PENJUALAN] CASHIER FORM : ComboBox_SelectedIndexChanged, subTotal [0]
[ADMIN] [6/7/2016 14:11] [PENJUALAN] CASHIER FORM : ComboBox_SelectedIndexChanged, attempt to calculate total
[ADMIN] [6/7/2016 14:11] [PENJUALAN] CASHIER FORM : calculateTotal
[ADMIN] [6/7/2016 14:11] [PENJUALAN] CASHIER FORM : calculateTotal [0]
[ADMIN] [6/7/2016 14:11] [PENJUALAN] CASHIER FORM : calculateTotal, totalAfterDisc [0]
[ADMIN] [6/7/2016 14:11] [PENJUALAN] CASHIER FORM : PRODUCT PRICE TYPE [PRODUCT_BASE_PRICE]
[ADMIN] [6/7/2016 14:11] [PENJUALAN] CASHIER FORM : PRODUCT PRICE [10]
[ADMIN] [6/7/2016 14:11] [PENJUALAN] CASHIER FORM : ComboBox_SelectedIndexChanged, PRODUCT_BASE_PRICE [10]
[ADMIN] [6/7/2016 14:11] [PENJUALAN] CASHIER FORM : PRODUCT PRICE TYPE [PRODUCT_RETAIL_PRICE]
[ADMIN] [6/7/2016 14:11] [PENJUALAN] CASHIER FORM : PRODUCT PRICE [10]
[ADMIN] [6/7/2016 14:11] [PENJUALAN] CASHIER FORM : ComboBox_SelectedIndexChanged, PRODUCT_SALES_PRICE [10]
[ADMIN] [6/7/2016 14:11] [PENJUALAN] CASHIER FORM : CALCULATE SUBTOTAL
[ADMIN] [6/7/2016 14:11] [PENJUALAN] CASHIER FORM : SUBTOTAL [0]
[ADMIN] [6/7/2016 14:11] [PENJUALAN] CASHIER FORM : ComboBox_SelectedIndexChanged, subTotal [0]
[ADMIN] [6/7/2016 14:11] [PENJUALAN] CASHIER FORM : ComboBox_SelectedIndexChanged, attempt to calculate total
[ADMIN] [6/7/2016 14:11] [PENJUALAN] CASHIER FORM : calculateTotal
[ADMIN] [6/7/2016 14:11] [PENJUALAN] CASHIER FORM : calculateTotal [0]
[ADMIN] [6/7/2016 14:11] [PENJUALAN] CASHIER FORM : calculateTotal, totalAfterDisc [0]
[ADMIN] [6/7/2016 14:11] [PENJUALAN] CASHIER FORM : PRODUCT PRICE TYPE [PRODUCT_BASE_PRICE]
[ADMIN] [6/7/2016 14:11] [PENJUALAN] CASHIER FORM : PRODUCT PRICE [10]
[ADMIN] [6/7/2016 14:11] [PENJUALAN] CASHIER FORM : ComboBox_SelectedIndexChanged, PRODUCT_BASE_PRICE [10]
[ADMIN] [6/7/2016 14:11] [PENJUALAN] CASHIER FORM : PRODUCT PRICE TYPE [PRODUCT_RETAIL_PRICE]
[ADMIN] [6/7/2016 14:11] [PENJUALAN] CASHIER FORM : PRODUCT PRICE [10]
[ADMIN] [6/7/2016 14:11] [PENJUALAN] CASHIER FORM : ComboBox_SelectedIndexChanged, PRODUCT_SALES_PRICE [10]
[ADMIN] [6/7/2016 14:11] [PENJUALAN] CASHIER FORM : CALCULATE SUBTOTAL
[ADMIN] [6/7/2016 14:11] [PENJUALAN] CASHIER FORM : SUBTOTAL [0]
[ADMIN] [6/7/2016 14:11] [PENJUALAN] CASHIER FORM : ComboBox_SelectedIndexChanged, subTotal [0]
[ADMIN] [6/7/2016 14:11] [PENJUALAN] CASHIER FORM : ComboBox_SelectedIndexChanged, attempt to calculate total
[ADMIN] [6/7/2016 14:11] [PENJUALAN] CASHIER FORM : calculateTotal
[ADMIN] [6/7/2016 14:11] [PENJUALAN] CASHIER FORM : calculateTotal [0]
[ADMIN] [6/7/2016 14:11] [PENJUALAN] CASHIER FORM : calculateTotal, totalAfterDisc [0]
[ADMIN] [6/7/2016 14:11] [PENJUALAN] CASHIER FORM : PRODUCT PRICE TYPE [PRODUCT_BASE_PRICE]
[ADMIN] [6/7/2016 14:11] [PENJUALAN] CASHIER FORM : PRODUCT PRICE [10]
[ADMIN] [6/7/2016 14:11] [PENJUALAN] CASHIER FORM : ComboBox_SelectedIndexChanged, PRODUCT_BASE_PRICE [10]
[ADMIN] [6/7/2016 14:11] [PENJUALAN] CASHIER FORM : PRODUCT PRICE TYPE [PRODUCT_RETAIL_PRICE]
[ADMIN] [6/7/2016 14:11] [PENJUALAN] CASHIER FORM : PRODUCT PRICE [10]
[ADMIN] [6/7/2016 14:11] [PENJUALAN] CASHIER FORM : ComboBox_SelectedIndexChanged, PRODUCT_SALES_PRICE [10]
[ADMIN] [6/7/2016 14:11] [PENJUALAN] CASHIER FORM : CALCULATE SUBTOTAL
[ADMIN] [6/7/2016 14:11] [PENJUALAN] CASHIER FORM : SUBTOTAL [0]
[ADMIN] [6/7/2016 14:11] [PENJUALAN] CASHIER FORM : ComboBox_SelectedIndexChanged, subTotal [0]
[ADMIN] [6/7/2016 14:11] [PENJUALAN] CASHIER FORM : ComboBox_SelectedIndexChanged, attempt to calculate total
[ADMIN] [6/7/2016 14:11] [PENJUALAN] CASHIER FORM : calculateTotal
[ADMIN] [6/7/2016 14:11] [PENJUALAN] CASHIER FORM : calculateTotal [0]
[ADMIN] [6/7/2016 14:11] [PENJUALAN] CASHIER FORM : calculateTotal, totalAfterDisc [0]
[ADMIN] [6/7/2016 14:11] [PENJUALAN] CASHIER FORM : PRODUCT PRICE TYPE [PRODUCT_BASE_PRICE]
[ADMIN] [6/7/2016 14:11] [PENJUALAN] CASHIER FORM : PRODUCT PRICE [10]
[ADMIN] [6/7/2016 14:11] [PENJUALAN] CASHIER FORM : ComboBox_SelectedIndexChanged, PRODUCT_BASE_PRICE [10]
[ADMIN] [6/7/2016 14:11] [PENJUALAN] CASHIER FORM : PRODUCT PRICE TYPE [PRODUCT_RETAIL_PRICE]
[ADMIN] [6/7/2016 14:11] [PENJUALAN] CASHIER FORM : PRODUCT PRICE [10]
[ADMIN] [6/7/2016 14:11] [PENJUALAN] CASHIER FORM : ComboBox_SelectedIndexChanged, PRODUCT_SALES_PRICE [10]
[ADMIN] [6/7/2016 14:11] [PENJUALAN] CASHIER FORM : CALCULATE SUBTOTAL
[ADMIN] [6/7/2016 14:11] [PENJUALAN] CASHIER FORM : SUBTOTAL [0]
[ADMIN] [6/7/2016 14:11] [PENJUALAN] CASHIER FORM : ComboBox_SelectedIndexChanged, subTotal [0]
[ADMIN] [6/7/2016 14:11] [PENJUALAN] CASHIER FORM : ComboBox_SelectedIndexChanged, attempt to calculate total
[ADMIN] [6/7/2016 14:11] [PENJUALAN] CASHIER FORM : calculateTotal
[ADMIN] [6/7/2016 14:11] [PENJUALAN] CASHIER FORM : calculateTotal [0]
[ADMIN] [6/7/2016 14:11] [PENJUALAN] CASHIER FORM : calculateTotal, totalAfterDisc [0]
[ADMIN] [6/7/2016 14:11] [PENJUALAN] CASHIER FORM : PRODUCT PRICE TYPE [PRODUCT_BASE_PRICE]
[ADMIN] [6/7/2016 14:11] [PENJUALAN] CASHIER FORM : PRODUCT PRICE [100]
[ADMIN] [6/7/2016 14:11] [PENJUALAN] CASHIER FORM : ComboBox_SelectedIndexChanged, PRODUCT_BASE_PRICE [100]
[ADMIN] [6/7/2016 14:11] [PENJUALAN] CASHIER FORM : PRODUCT PRICE TYPE [PRODUCT_RETAIL_PRICE]
[ADMIN] [6/7/2016 14:11] [PENJUALAN] CASHIER FORM : PRODUCT PRICE [100]
[ADMIN] [6/7/2016 14:11] [PENJUALAN] CASHIER FORM : ComboBox_SelectedIndexChanged, PRODUCT_SALES_PRICE [100]
[ADMIN] [6/7/2016 14:11] [PENJUALAN] CASHIER FORM : CALCULATE SUBTOTAL
[ADMIN] [6/7/2016 14:11] [PENJUALAN] CASHIER FORM : SUBTOTAL [0]
[ADMIN] [6/7/2016 14:11] [PENJUALAN] CASHIER FORM : ComboBox_SelectedIndexChanged, subTotal [0]
[ADMIN] [6/7/2016 14:11] [PENJUALAN] CASHIER FORM : ComboBox_SelectedIndexChanged, attempt to calculate total
[ADMIN] [6/7/2016 14:11] [PENJUALAN] CASHIER FORM : calculateTotal
[ADMIN] [6/7/2016 14:11] [PENJUALAN] CASHIER FORM : calculateTotal [0]
[ADMIN] [6/7/2016 14:11] [PENJUALAN] CASHIER FORM : calculateTotal, totalAfterDisc [0]
[ADMIN] [6/7/2016 14:11] [PENJUALAN] CASHIER FORM : PRODUCT PRICE TYPE [PRODUCT_BASE_PRICE]
[ADMIN] [6/7/2016 14:11] [PENJUALAN] CASHIER FORM : PRODUCT PRICE [100]
[ADMIN] [6/7/2016 14:11] [PENJUALAN] CASHIER FORM : ComboBox_SelectedIndexChanged, PRODUCT_BASE_PRICE [100]
[ADMIN] [6/7/2016 14:11] [PENJUALAN] CASHIER FORM : PRODUCT PRICE TYPE [PRODUCT_RETAIL_PRICE]
[ADMIN] [6/7/2016 14:11] [PENJUALAN] CASHIER FORM : PRODUCT PRICE [100]
[ADMIN] [6/7/2016 14:11] [PENJUALAN] CASHIER FORM : ComboBox_SelectedIndexChanged, PRODUCT_SALES_PRICE [100]
[ADMIN] [6/7/2016 14:11] [PENJUALAN] CASHIER FORM : CALCULATE SUBTOTAL
[ADMIN] [6/7/2016 14:11] [PENJUALAN] CASHIER FORM : SUBTOTAL [0]
[ADMIN] [6/7/2016 14:11] [PENJUALAN] CASHIER FORM : ComboBox_SelectedIndexChanged, subTotal [0]
[ADMIN] [6/7/2016 14:11] [PENJUALAN] CASHIER FORM : ComboBox_SelectedIndexChanged, attempt to calculate total
[ADMIN] [6/7/2016 14:11] [PENJUALAN] CASHIER FORM : calculateTotal
[ADMIN] [6/7/2016 14:11] [PENJUALAN] CASHIER FORM : calculateTotal [0]
[ADMIN] [6/7/2016 14:11] [PENJUALAN] CASHIER FORM : calculateTotal, totalAfterDisc [0]
[ADMIN] [6/7/2016 14:11] [PENJUALAN] CASHIER FORM : PRODUCT PRICE TYPE [PRODUCT_BASE_PRICE]
[ADMIN] [6/7/2016 14:11] [PENJUALAN] CASHIER FORM : PRODUCT PRICE [100]
[ADMIN] [6/7/2016 14:11] [PENJUALAN] CASHIER FORM : ComboBox_SelectedIndexChanged, PRODUCT_BASE_PRICE [100]
[ADMIN] [6/7/2016 14:11] [PENJUALAN] CASHIER FORM : PRODUCT PRICE TYPE [PRODUCT_RETAIL_PRICE]
[ADMIN] [6/7/2016 14:11] [PENJUALAN] CASHIER FORM : PRODUCT PRICE [100]
[ADMIN] [6/7/2016 14:11] [PENJUALAN] CASHIER FORM : ComboBox_SelectedIndexChanged, PRODUCT_SALES_PRICE [100]
[ADMIN] [6/7/2016 14:11] [PENJUALAN] CASHIER FORM : CALCULATE SUBTOTAL
[ADMIN] [6/7/2016 14:11] [PENJUALAN] CASHIER FORM : SUBTOTAL [0]
[ADMIN] [6/7/2016 14:11] [PENJUALAN] CASHIER FORM : ComboBox_SelectedIndexChanged, subTotal [0]
[ADMIN] [6/7/2016 14:11] [PENJUALAN] CASHIER FORM : ComboBox_SelectedIndexChanged, attempt to calculate total
[ADMIN] [6/7/2016 14:11] [PENJUALAN] CASHIER FORM : calculateTotal
[ADMIN] [6/7/2016 14:11] [PENJUALAN] CASHIER FORM : calculateTotal [0]
[ADMIN] [6/7/2016 14:11] [PENJUALAN] CASHIER FORM : calculateTotal, totalAfterDisc [0]
[ADMIN] [6/7/2016 14:11] [PENJUALAN] CASHIER FORM : PRODUCT PRICE TYPE [PRODUCT_BASE_PRICE]
[ADMIN] [6/7/2016 14:11] [PENJUALAN] CASHIER FORM : PRODUCT PRICE [100]
[ADMIN] [6/7/2016 14:11] [PENJUALAN] CASHIER FORM : ComboBox_SelectedIndexChanged, PRODUCT_BASE_PRICE [100]
[ADMIN] [6/7/2016 14:11] [PENJUALAN] CASHIER FORM : PRODUCT PRICE TYPE [PRODUCT_RETAIL_PRICE]
[ADMIN] [6/7/2016 14:11] [PENJUALAN] CASHIER FORM : PRODUCT PRICE [100]
[ADMIN] [6/7/2016 14:11] [PENJUALAN] CASHIER FORM : ComboBox_SelectedIndexChanged, PRODUCT_SALES_PRICE [100]
[ADMIN] [6/7/2016 14:11] [PENJUALAN] CASHIER FORM : CALCULATE SUBTOTAL
[ADMIN] [6/7/2016 14:11] [PENJUALAN] CASHIER FORM : SUBTOTAL [0]
[ADMIN] [6/7/2016 14:11] [PENJUALAN] CASHIER FORM : ComboBox_SelectedIndexChanged, subTotal [0]
[ADMIN] [6/7/2016 14:11] [PENJUALAN] CASHIER FORM : ComboBox_SelectedIndexChanged, attempt to calculate total
[ADMIN] [6/7/2016 14:11] [PENJUALAN] CASHIER FORM : calculateTotal
[ADMIN] [6/7/2016 14:11] [PENJUALAN] CASHIER FORM : calculateTotal [0]
[ADMIN] [6/7/2016 14:11] [PENJUALAN] CASHIER FORM : calculateTotal, totalAfterDisc [0]
[ADMIN] [6/7/2016 14:11] [PENJUALAN] CASHIER FORM : DISPLAY BARCODE FORM
[ADMIN] [6/7/2016 14:11] [PENJUALAN] CASHIER FORM : UNREGISTER HOTKEY
[ADMIN] [6/7/2016 14:11] [PENJUALAN] CASHIER FORM : REGISTER HOTKEY
[ADMIN] [6/7/2016 14:11] [PENJUALAN] CASHIER FORM : TextBox_TextChanged, isLoading [False]
[ADMIN] [6/7/2016 14:11] [PENJUALAN] CASHIER FORM : TextBox_TextChanged, rowSelectedIndex [0]
[ADMIN] [6/7/2016 14:11] [PENJUALAN] CASHIER FORM : TextBox_TextChanged, previousInput [0]
[ADMIN] [6/7/2016 14:11] [PENJUALAN] CASHIER FORM : TextBox_TextChanged, dataGridViewTextBoxEditingControl.Text [2]
[ADMIN] [6/7/2016 14:11] [PENJUALAN] CASHIER FORM : TextBox_TextChanged, dataGridViewTextBoxEditingControl.Text pass REGEX Checking
[ADMIN] [6/7/2016 14:11] [PENJUALAN] CASHIER FORM : CHECK STOCK QTY IS ENOUGH [1]
[ADMIN] [6/7/2016 14:11] [PENJUALAN] CASHIER FORM : CHECK STOCK QTY IS ENOUGH [100, 2]
[ADMIN] [6/7/2016 14:11] [PENJUALAN] CASHIER FORM : CALCULATE SUBTOTAL
[ADMIN] [6/7/2016 14:11] [PENJUALAN] CASHIER FORM : SUBTOTAL [200]
[ADMIN] [6/7/2016 14:11] [PENJUALAN] CASHIER FORM : TextBox_TextChanged, subtotal value [200]
[ADMIN] [6/7/2016 14:11] [PENJUALAN] CASHIER FORM : TextBox_TextChanged, attempt to calculate total value
[ADMIN] [6/7/2016 14:11] [PENJUALAN] CASHIER FORM : calculateTotal
[ADMIN] [6/7/2016 14:11] [PENJUALAN] CASHIER FORM : calculateTotal [200]
[ADMIN] [6/7/2016 14:11] [PENJUALAN] CASHIER FORM : calculateTotal, totalAfterDisc [200]
[ADMIN] [6/7/2016 14:11] [PENJUALAN] CASHIER FORM : TextBox_TextChanged, isLoading [False]
[ADMIN] [6/7/2016 14:11] [PENJUALAN] CASHIER FORM : TextBox_TextChanged, rowSelectedIndex [0]
[ADMIN] [6/7/2016 14:11] [PENJUALAN] CASHIER FORM : TextBox_TextChanged, empty texbox, reset [disc1] value to 0
[ADMIN] [6/7/2016 14:11] [PENJUALAN] CASHIER FORM : TextBox_TextChanged, isLoading [True]
[ADMIN] [6/7/2016 14:11] [PENJUALAN] CASHIER FORM : TextBox_TextChanged, recalculate total value
[ADMIN] [6/7/2016 14:11] [PENJUALAN] CASHIER FORM : calculateTotal
[ADMIN] [6/7/2016 14:11] [PENJUALAN] CASHIER FORM : calculateTotal [0]
[ADMIN] [6/7/2016 14:11] [PENJUALAN] CASHIER FORM : calculateTotal, totalAfterDisc [0]
[ADMIN] [6/7/2016 14:11] [PENJUALAN] CASHIER FORM : TextBox_TextChanged, set the cursor to end of textbox
[ADMIN] [6/7/2016 14:11] [PENJUALAN] CASHIER FORM : TextBox_TextChanged, isLoading [False]
[ADMIN] [6/7/2016 14:11] [PENJUALAN] CASHIER FORM : TextBox_TextChanged, rowSelectedIndex [0]
[ADMIN] [6/7/2016 14:11] [PENJUALAN] CASHIER FORM : TextBox_TextChanged, empty texbox, reset [disc2] value to 0
[ADMIN] [6/7/2016 14:11] [PENJUALAN] CASHIER FORM : TextBox_TextChanged, isLoading [True]
[ADMIN] [6/7/2016 14:11] [PENJUALAN] CASHIER FORM : TextBox_TextChanged, isLoading [True]
[ADMIN] [6/7/2016 14:11] [PENJUALAN] CASHIER FORM : TextBox_TextChanged, recalculate total value
[ADMIN] [6/7/2016 14:11] [PENJUALAN] CASHIER FORM : calculateTotal
[ADMIN] [6/7/2016 14:11] [PENJUALAN] CASHIER FORM : calculateTotal [0]
[ADMIN] [6/7/2016 14:11] [PENJUALAN] CASHIER FORM : calculateTotal, totalAfterDisc [0]
[ADMIN] [6/7/2016 14:11] [PENJUALAN] CASHIER FORM : TextBox_TextChanged, set the cursor to end of textbox
[ADMIN] [6/7/2016 14:11] [PENJUALAN] CASHIER FORM : TextBox_TextChanged, isLoading [False]
[ADMIN] [6/7/2016 14:11] [PENJUALAN] CASHIER FORM : TextBox_TextChanged, rowSelectedIndex [0]
[ADMIN] [6/7/2016 14:11] [PENJUALAN] CASHIER FORM : TextBox_TextChanged, previousInput [0]
[ADMIN] [6/7/2016 14:11] [PENJUALAN] CASHIER FORM : TextBox_TextChanged, dataGridViewTextBoxEditingControl.Text [0]
[ADMIN] [6/7/2016 14:11] [PENJUALAN] CASHIER FORM : TextBox_TextChanged, dataGridViewTextBoxEditingControl.Text pass REGEX Checking
[ADMIN] [6/7/2016 14:11] [PENJUALAN] CASHIER FORM : CALCULATE SUBTOTAL
[ADMIN] [6/7/2016 14:11] [PENJUALAN] CASHIER FORM : SUBTOTAL [200]
[ADMIN] [6/7/2016 14:11] [PENJUALAN] CASHIER FORM : TextBox_TextChanged, subtotal value [200]
[ADMIN] [6/7/2016 14:11] [PENJUALAN] CASHIER FORM : TextBox_TextChanged, attempt to calculate total value
[ADMIN] [6/7/2016 14:11] [PENJUALAN] CASHIER FORM : calculateTotal
[ADMIN] [6/7/2016 14:11] [PENJUALAN] CASHIER FORM : calculateTotal [200]
[ADMIN] [6/7/2016 14:11] [PENJUALAN] CASHIER FORM : calculateTotal, totalAfterDisc [200]
[ADMIN] [6/7/2016 14:11] [PENJUALAN] CASHIER FORM : TextBox_TextChanged, isLoading [False]
[ADMIN] [6/7/2016 14:11] [PENJUALAN] CASHIER FORM : TextBox_TextChanged, rowSelectedIndex [0]
[ADMIN] [6/7/2016 14:11] [PENJUALAN] CASHIER FORM : TextBox_TextChanged, empty texbox, reset [disc1] value to 0
[ADMIN] [6/7/2016 14:11] [PENJUALAN] CASHIER FORM : TextBox_TextChanged, isLoading [True]
[ADMIN] [6/7/2016 14:11] [PENJUALAN] CASHIER FORM : TextBox_TextChanged, isLoading [True]
[ADMIN] [6/7/2016 14:11] [PENJUALAN] CASHIER FORM : TextBox_TextChanged, isLoading [True]
[ADMIN] [6/7/2016 14:11] [PENJUALAN] CASHIER FORM : TextBox_TextChanged, recalculate total value
[ADMIN] [6/7/2016 14:11] [PENJUALAN] CASHIER FORM : calculateTotal
[ADMIN] [6/7/2016 14:11] [PENJUALAN] CASHIER FORM : calculateTotal [0]
[ADMIN] [6/7/2016 14:11] [PENJUALAN] CASHIER FORM : calculateTotal, totalAfterDisc [0]
[ADMIN] [6/7/2016 14:11] [PENJUALAN] CASHIER FORM : TextBox_TextChanged, set the cursor to end of textbox
[ADMIN] [6/7/2016 14:11] [PENJUALAN] CASHIER FORM : TextBox_TextChanged, isLoading [False]
[ADMIN] [6/7/2016 14:11] [PENJUALAN] CASHIER FORM : TextBox_TextChanged, rowSelectedIndex [0]
[ADMIN] [6/7/2016 14:11] [PENJUALAN] CASHIER FORM : TextBox_TextChanged, previousInput [0]
[ADMIN] [6/7/2016 14:11] [PENJUALAN] CASHIER FORM : TextBox_TextChanged, dataGridViewTextBoxEditingControl.Text [0]
[ADMIN] [6/7/2016 14:11] [PENJUALAN] CASHIER FORM : TextBox_TextChanged, dataGridViewTextBoxEditingControl.Text pass REGEX Checking
[ADMIN] [6/7/2016 14:11] [PENJUALAN] CASHIER FORM : CALCULATE SUBTOTAL
[ADMIN] [6/7/2016 14:11] [PENJUALAN] CASHIER FORM : SUBTOTAL [200]
[ADMIN] [6/7/2016 14:11] [PENJUALAN] CASHIER FORM : TextBox_TextChanged, subtotal value [200]
[ADMIN] [6/7/2016 14:11] [PENJUALAN] CASHIER FORM : TextBox_TextChanged, attempt to calculate total value
[ADMIN] [6/7/2016 14:11] [PENJUALAN] CASHIER FORM : calculateTotal
[ADMIN] [6/7/2016 14:11] [PENJUALAN] CASHIER FORM : calculateTotal [200]
[ADMIN] [6/7/2016 14:11] [PENJUALAN] CASHIER FORM : calculateTotal, totalAfterDisc [200]
[ADMIN] [6/7/2016 14:11] [PENJUALAN] CASHIER FORM : TextBox_TextChanged, isLoading [False]
[ADMIN] [6/7/2016 14:11] [PENJUALAN] CASHIER FORM : TextBox_TextChanged, rowSelectedIndex [0]
[ADMIN] [6/7/2016 14:11] [PENJUALAN] CASHIER FORM : TextBox_TextChanged, previousInput [0]
[ADMIN] [6/7/2016 14:11] [PENJUALAN] CASHIER FORM : TextBox_TextChanged, dataGridViewTextBoxEditingControl.Text [0]
[ADMIN] [6/7/2016 14:11] [PENJUALAN] CASHIER FORM : TextBox_TextChanged, dataGridViewTextBoxEditingControl.Text pass REGEX Checking
[ADMIN] [6/7/2016 14:11] [PENJUALAN] CASHIER FORM : CALCULATE SUBTOTAL
[ADMIN] [6/7/2016 14:11] [PENJUALAN] CASHIER FORM : SUBTOTAL [200]
[ADMIN] [6/7/2016 14:11] [PENJUALAN] CASHIER FORM : TextBox_TextChanged, subtotal value [200]
[ADMIN] [6/7/2016 14:11] [PENJUALAN] CASHIER FORM : TextBox_TextChanged, attempt to calculate total value
[ADMIN] [6/7/2016 14:11] [PENJUALAN] CASHIER FORM : calculateTotal
[ADMIN] [6/7/2016 14:11] [PENJUALAN] CASHIER FORM : calculateTotal [200]
[ADMIN] [6/7/2016 14:11] [PENJUALAN] CASHIER FORM : calculateTotal, totalAfterDisc [200]
[ADMIN] [6/7/2016 14:11] [PENJUALAN] CASHIER FORM : TextBox_TextChanged, isLoading [False]
[ADMIN] [6/7/2016 14:11] [PENJUALAN] CASHIER FORM : TextBox_TextChanged, rowSelectedIndex [0]
[ADMIN] [6/7/2016 14:11] [PENJUALAN] CASHIER FORM : TextBox_TextChanged, previousInput [2]
[ADMIN] [6/7/2016 14:11] [PENJUALAN] CASHIER FORM : TextBox_TextChanged, dataGridViewTextBoxEditingControl.Text pass REGEX Checking
[ADMIN] [6/7/2016 14:11] [PENJUALAN] CASHIER FORM : CHECK STOCK QTY IS ENOUGH [1]
[ADMIN] [6/7/2016 14:11] [PENJUALAN] CASHIER FORM : CHECK STOCK QTY IS ENOUGH [100, 2]
[ADMIN] [6/7/2016 14:11] [PENJUALAN] CASHIER FORM : CALCULATE SUBTOTAL
[ADMIN] [6/7/2016 14:11] [PENJUALAN] CASHIER FORM : SUBTOTAL [200]
[ADMIN] [6/7/2016 14:11] [PENJUALAN] CASHIER FORM : TextBox_TextChanged, subtotal value [200]
[ADMIN] [6/7/2016 14:11] [PENJUALAN] CASHIER FORM : TextBox_TextChanged, attempt to calculate total value
[ADMIN] [6/7/2016 14:11] [PENJUALAN] CASHIER FORM : calculateTotal
[ADMIN] [6/7/2016 14:11] [PENJUALAN] CASHIER FORM : calculateTotal [200]
[ADMIN] [6/7/2016 14:11] [PENJUALAN] CASHIER FORM : calculateTotal, totalAfterDisc [200]
[ADMIN] [6/7/2016 14:11] [PENJUALAN] CASHIER FORM : TextBox_TextChanged, isLoading [False]
[ADMIN] [6/7/2016 14:11] [PENJUALAN] CASHIER FORM : TextBox_TextChanged, rowSelectedIndex [0]
[ADMIN] [6/7/2016 14:11] [PENJUALAN] CASHIER FORM : TextBox_TextChanged, previousInput [2]
[ADMIN] [6/7/2016 14:11] [PENJUALAN] CASHIER FORM : TextBox_TextChanged, dataGridViewTextBoxEditingControl.Text pass REGEX Checking
[ADMIN] [6/7/2016 14:11] [PENJUALAN] CASHIER FORM : CHECK STOCK QTY IS ENOUGH [1]
[ADMIN] [6/7/2016 14:11] [PENJUALAN] CASHIER FORM : CHECK STOCK QTY IS ENOUGH [100, 2]
[ADMIN] [6/7/2016 14:11] [PENJUALAN] CASHIER FORM : CALCULATE SUBTOTAL
[ADMIN] [6/7/2016 14:11] [PENJUALAN] CASHIER FORM : SUBTOTAL [200]
[ADMIN] [6/7/2016 14:11] [PENJUALAN] CASHIER FORM : TextBox_TextChanged, subtotal value [200]
[ADMIN] [6/7/2016 14:11] [PENJUALAN] CASHIER FORM : TextBox_TextChanged, attempt to calculate total value
[ADMIN] [6/7/2016 14:11] [PENJUALAN] CASHIER FORM : calculateTotal
[ADMIN] [6/7/2016 14:11] [PENJUALAN] CASHIER FORM : calculateTotal [200]
[ADMIN] [6/7/2016 14:11] [PENJUALAN] CASHIER FORM : calculateTotal, totalAfterDisc [200]
[ADMIN] [6/7/2016 14:11] [PENJUALAN] CASHIER FORM : TextBox_TextChanged, isLoading [False]
[ADMIN] [6/7/2016 14:11] [PENJUALAN] CASHIER FORM : TextBox_TextChanged, rowSelectedIndex [0]
[ADMIN] [6/7/2016 14:11] [PENJUALAN] CASHIER FORM : TextBox_TextChanged, previousInput [2]
[ADMIN] [6/7/2016 14:11] [PENJUALAN] CASHIER FORM : TextBox_TextChanged, dataGridViewTextBoxEditingControl.Text pass REGEX Checking
[ADMIN] [6/7/2016 14:11] [PENJUALAN] CASHIER FORM : CHECK STOCK QTY IS ENOUGH [1]
[ADMIN] [6/7/2016 14:11] [PENJUALAN] CASHIER FORM : CHECK STOCK QTY IS ENOUGH [100, 2]
[ADMIN] [6/7/2016 14:11] [PENJUALAN] CASHIER FORM : CALCULATE SUBTOTAL
[ADMIN] [6/7/2016 14:11] [PENJUALAN] CASHIER FORM : SUBTOTAL [200]
[ADMIN] [6/7/2016 14:11] [PENJUALAN] CASHIER FORM : TextBox_TextChanged, subtotal value [200]
[ADMIN] [6/7/2016 14:11] [PENJUALAN] CASHIER FORM : TextBox_TextChanged, attempt to calculate total value
[ADMIN] [6/7/2016 14:11] [PENJUALAN] CASHIER FORM : calculateTotal
[ADMIN] [6/7/2016 14:11] [PENJUALAN] CASHIER FORM : calculateTotal [200]
[ADMIN] [6/7/2016 14:11] [PENJUALAN] CASHIER FORM : calculateTotal, totalAfterDisc [200]
[ADMIN] [6/7/2016 14:11] [PENJUALAN] CASHIER FORM : TextBox_TextChanged, isLoading [False]
[ADMIN] [6/7/2016 14:11] [PENJUALAN] CASHIER FORM : TextBox_TextChanged, rowSelectedIndex [0]
[ADMIN] [6/7/2016 14:11] [PENJUALAN] CASHIER FORM : TextBox_TextChanged, previousInput [2]
[ADMIN] [6/7/2016 14:11] [PENJUALAN] CASHIER FORM : TextBox_TextChanged, dataGridViewTextBoxEditingControl.Text pass REGEX Checking
[ADMIN] [6/7/2016 14:11] [PENJUALAN] CASHIER FORM : CHECK STOCK QTY IS ENOUGH [1]
[ADMIN] [6/7/2016 14:11] [PENJUALAN] CASHIER FORM : CHECK STOCK QTY IS ENOUGH [100, 2]
[ADMIN] [6/7/2016 14:11] [PENJUALAN] CASHIER FORM : CALCULATE SUBTOTAL
[ADMIN] [6/7/2016 14:11] [PENJUALAN] CASHIER FORM : SUBTOTAL [200]
[ADMIN] [6/7/2016 14:11] [PENJUALAN] CASHIER FORM : TextBox_TextChanged, subtotal value [200]
[ADMIN] [6/7/2016 14:11] [PENJUALAN] CASHIER FORM : TextBox_TextChanged, attempt to calculate total value
[ADMIN] [6/7/2016 14:11] [PENJUALAN] CASHIER FORM : calculateTotal
[ADMIN] [6/7/2016 14:11] [PENJUALAN] CASHIER FORM : calculateTotal [200]
[ADMIN] [6/7/2016 14:11] [PENJUALAN] CASHIER FORM : calculateTotal, totalAfterDisc [200]
[ADMIN] [6/7/2016 14:11] [PENJUALAN] CASHIER FORM : TextBox_TextChanged, isLoading [False]
[ADMIN] [6/7/2016 14:11] [PENJUALAN] CASHIER FORM : TextBox_TextChanged, rowSelectedIndex [0]
[ADMIN] [6/7/2016 14:11] [PENJUALAN] CASHIER FORM : TextBox_TextChanged, previousInput []
[ADMIN] [6/7/2016 14:11] [PENJUALAN] CASHIER FORM : TextBox_TextChanged, dataGridViewTextBoxEditingControl.Text pass REGEX Checking
[ADMIN] [6/7/2016 14:11] [PENJUALAN] CASHIER FORM : CALCULATE SUBTOTAL
[ADMIN] [6/7/2016 14:11] [PENJUALAN] CASHIER FORM : SUBTOTAL [200]
[ADMIN] [6/7/2016 14:11] [PENJUALAN] CASHIER FORM : TextBox_TextChanged, subtotal value [200]
[ADMIN] [6/7/2016 14:11] [PENJUALAN] CASHIER FORM : TextBox_TextChanged, attempt to calculate total value
[ADMIN] [6/7/2016 14:11] [PENJUALAN] CASHIER FORM : calculateTotal
[ADMIN] [6/7/2016 14:11] [PENJUALAN] CASHIER FORM : calculateTotal [200]
[ADMIN] [6/7/2016 14:11] [PENJUALAN] CASHIER FORM : calculateTotal, totalAfterDisc [200]
[ADMIN] [6/7/2016 14:11] [PENJUALAN] CASHIER FORM : TextBox_TextChanged, isLoading [False]
[ADMIN] [6/7/2016 14:11] [PENJUALAN] CASHIER FORM : TextBox_TextChanged, rowSelectedIndex [0]
[ADMIN] [6/7/2016 14:11] [PENJUALAN] CASHIER FORM : TextBox_TextChanged, previousInput []
[ADMIN] [6/7/2016 14:11] [PENJUALAN] CASHIER FORM : TextBox_TextChanged, dataGridViewTextBoxEditingControl.Text pass REGEX Checking
[ADMIN] [6/7/2016 14:11] [PENJUALAN] CASHIER FORM : CALCULATE SUBTOTAL
[ADMIN] [6/7/2016 14:11] [PENJUALAN] CASHIER FORM : SUBTOTAL [200]
[ADMIN] [6/7/2016 14:11] [PENJUALAN] CASHIER FORM : TextBox_TextChanged, subtotal value [200]
[ADMIN] [6/7/2016 14:11] [PENJUALAN] CASHIER FORM : TextBox_TextChanged, attempt to calculate total value
[ADMIN] [6/7/2016 14:11] [PENJUALAN] CASHIER FORM : calculateTotal
[ADMIN] [6/7/2016 14:11] [PENJUALAN] CASHIER FORM : calculateTotal [200]
[ADMIN] [6/7/2016 14:11] [PENJUALAN] CASHIER FORM : calculateTotal, totalAfterDisc [200]
[ADMIN] [6/7/2016 14:11] [PENJUALAN] CASHIER FORM : TextBox_TextChanged, isLoading [False]
[ADMIN] [6/7/2016 14:11] [PENJUALAN] CASHIER FORM : TextBox_TextChanged, rowSelectedIndex [0]
[ADMIN] [6/7/2016 14:11] [PENJUALAN] CASHIER FORM : TextBox_TextChanged, previousInput []
[ADMIN] [6/7/2016 14:11] [PENJUALAN] CASHIER FORM : TextBox_TextChanged, dataGridViewTextBoxEditingControl.Text pass REGEX Checking
[ADMIN] [6/7/2016 14:11] [PENJUALAN] CASHIER FORM : CALCULATE SUBTOTAL
[ADMIN] [6/7/2016 14:11] [PENJUALAN] CASHIER FORM : SUBTOTAL [200]
[ADMIN] [6/7/2016 14:11] [PENJUALAN] CASHIER FORM : TextBox_TextChanged, subtotal value [200]
[ADMIN] [6/7/2016 14:11] [PENJUALAN] CASHIER FORM : TextBox_TextChanged, attempt to calculate total value
[ADMIN] [6/7/2016 14:11] [PENJUALAN] CASHIER FORM : calculateTotal
[ADMIN] [6/7/2016 14:11] [PENJUALAN] CASHIER FORM : calculateTotal [200]
[ADMIN] [6/7/2016 14:11] [PENJUALAN] CASHIER FORM : calculateTotal, totalAfterDisc [200]
[ADMIN] [6/7/2016 14:11] [PENJUALAN] CASHIER FORM : TextBox_TextChanged, isLoading [False]
[ADMIN] [6/7/2016 14:11] [PENJUALAN] CASHIER FORM : TextBox_TextChanged, rowSelectedIndex [0]
[ADMIN] [6/7/2016 14:11] [PENJUALAN] CASHIER FORM : TextBox_TextChanged, previousInput []
[ADMIN] [6/7/2016 14:11] [PENJUALAN] CASHIER FORM : TextBox_TextChanged, dataGridViewTextBoxEditingControl.Text pass REGEX Checking
[ADMIN] [6/7/2016 14:11] [PENJUALAN] CASHIER FORM : CALCULATE SUBTOTAL
[ADMIN] [6/7/2016 14:11] [PENJUALAN] CASHIER FORM : SUBTOTAL [200]
[ADMIN] [6/7/2016 14:11] [PENJUALAN] CASHIER FORM : TextBox_TextChanged, subtotal value [200]
[ADMIN] [6/7/2016 14:11] [PENJUALAN] CASHIER FORM : TextBox_TextChanged, attempt to calculate total value
[ADMIN] [6/7/2016 14:11] [PENJUALAN] CASHIER FORM : calculateTotal
[ADMIN] [6/7/2016 14:11] [PENJUALAN] CASHIER FORM : calculateTotal [200]
[ADMIN] [6/7/2016 14:11] [PENJUALAN] CASHIER FORM : calculateTotal, totalAfterDisc [200]
[ADMIN] [6/7/2016 14:11] [PENJUALAN] CASHIER FORM : TextBox_TextChanged, isLoading [False]
[ADMIN] [6/7/2016 14:11] [PENJUALAN] CASHIER FORM : TextBox_TextChanged, rowSelectedIndex [0]
[ADMIN] [6/7/2016 14:11] [PENJUALAN] CASHIER FORM : TextBox_TextChanged, previousInput []
[ADMIN] [6/7/2016 14:11] [PENJUALAN] CASHIER FORM : TextBox_TextChanged, dataGridViewTextBoxEditingControl.Text pass REGEX Checking
[ADMIN] [6/7/2016 14:11] [PENJUALAN] CASHIER FORM : CALCULATE SUBTOTAL
[ADMIN] [6/7/2016 14:11] [PENJUALAN] CASHIER FORM : SUBTOTAL [200]
[ADMIN] [6/7/2016 14:11] [PENJUALAN] CASHIER FORM : TextBox_TextChanged, subtotal value [200]
[ADMIN] [6/7/2016 14:11] [PENJUALAN] CASHIER FORM : TextBox_TextChanged, attempt to calculate total value
[ADMIN] [6/7/2016 14:11] [PENJUALAN] CASHIER FORM : calculateTotal
[ADMIN] [6/7/2016 14:11] [PENJUALAN] CASHIER FORM : calculateTotal [200]
[ADMIN] [6/7/2016 14:11] [PENJUALAN] CASHIER FORM : calculateTotal, totalAfterDisc [200]
[ADMIN] [6/7/2016 14:11] [PENJUALAN] CASHIER FORM : PRODUCT PRICE TYPE [PRODUCT_BASE_PRICE]
[ADMIN] [6/7/2016 14:11] [PENJUALAN] CASHIER FORM : PRODUCT PRICE [100]
[ADMIN] [6/7/2016 14:11] [PENJUALAN] CASHIER FORM : ComboBox_SelectedIndexChanged, PRODUCT_BASE_PRICE [100]
[ADMIN] [6/7/2016 14:11] [PENJUALAN] CASHIER FORM : PRODUCT PRICE TYPE [PRODUCT_RETAIL_PRICE]
[ADMIN] [6/7/2016 14:11] [PENJUALAN] CASHIER FORM : PRODUCT PRICE [100]
[ADMIN] [6/7/2016 14:11] [PENJUALAN] CASHIER FORM : ComboBox_SelectedIndexChanged, PRODUCT_SALES_PRICE [100]
[ADMIN] [6/7/2016 14:11] [PENJUALAN] CASHIER FORM : CALCULATE SUBTOTAL
[ADMIN] [6/7/2016 14:11] [PENJUALAN] CASHIER FORM : SUBTOTAL [200]
[ADMIN] [6/7/2016 14:11] [PENJUALAN] CASHIER FORM : ComboBox_SelectedIndexChanged, subTotal [200]
[ADMIN] [6/7/2016 14:11] [PENJUALAN] CASHIER FORM : ComboBox_SelectedIndexChanged, attempt to calculate total
[ADMIN] [6/7/2016 14:11] [PENJUALAN] CASHIER FORM : calculateTotal
[ADMIN] [6/7/2016 14:11] [PENJUALAN] CASHIER FORM : calculateTotal [200]
[ADMIN] [6/7/2016 14:11] [PENJUALAN] CASHIER FORM : calculateTotal, totalAfterDisc [200]
[ADMIN] [6/7/2016 14:11] [PENJUALAN] CASHIER FORM : PRODUCT PRICE TYPE [PRODUCT_BASE_PRICE]
[ADMIN] [6/7/2016 14:11] [PENJUALAN] CASHIER FORM : PRODUCT PRICE [100]
[ADMIN] [6/7/2016 14:11] [PENJUALAN] CASHIER FORM : ComboBox_SelectedIndexChanged, PRODUCT_BASE_PRICE [100]
[ADMIN] [6/7/2016 14:11] [PENJUALAN] CASHIER FORM : PRODUCT PRICE TYPE [PRODUCT_RETAIL_PRICE]
[ADMIN] [6/7/2016 14:11] [PENJUALAN] CASHIER FORM : PRODUCT PRICE [100]
[ADMIN] [6/7/2016 14:11] [PENJUALAN] CASHIER FORM : ComboBox_SelectedIndexChanged, PRODUCT_SALES_PRICE [100]
[ADMIN] [6/7/2016 14:11] [PENJUALAN] CASHIER FORM : CALCULATE SUBTOTAL
[ADMIN] [6/7/2016 14:11] [PENJUALAN] CASHIER FORM : SUBTOTAL [200]
[ADMIN] [6/7/2016 14:11] [PENJUALAN] CASHIER FORM : ComboBox_SelectedIndexChanged, subTotal [200]
[ADMIN] [6/7/2016 14:11] [PENJUALAN] CASHIER FORM : ComboBox_SelectedIndexChanged, attempt to calculate total
[ADMIN] [6/7/2016 14:11] [PENJUALAN] CASHIER FORM : calculateTotal
[ADMIN] [6/7/2016 14:11] [PENJUALAN] CASHIER FORM : calculateTotal [200]
[ADMIN] [6/7/2016 14:11] [PENJUALAN] CASHIER FORM : calculateTotal, totalAfterDisc [200]
[ADMIN] [6/7/2016 14:11] [PENJUALAN] CASHIER FORM : PRODUCT PRICE TYPE [PRODUCT_BASE_PRICE]
[ADMIN] [6/7/2016 14:11] [PENJUALAN] CASHIER FORM : PRODUCT PRICE [100]
[ADMIN] [6/7/2016 14:11] [PENJUALAN] CASHIER FORM : ComboBox_SelectedIndexChanged, PRODUCT_BASE_PRICE [100]
[ADMIN] [6/7/2016 14:11] [PENJUALAN] CASHIER FORM : PRODUCT PRICE TYPE [PRODUCT_RETAIL_PRICE]
[ADMIN] [6/7/2016 14:11] [PENJUALAN] CASHIER FORM : PRODUCT PRICE [100]
[ADMIN] [6/7/2016 14:11] [PENJUALAN] CASHIER FORM : ComboBox_SelectedIndexChanged, PRODUCT_SALES_PRICE [100]
[ADMIN] [6/7/2016 14:11] [PENJUALAN] CASHIER FORM : CALCULATE SUBTOTAL
[ADMIN] [6/7/2016 14:11] [PENJUALAN] CASHIER FORM : SUBTOTAL [200]
[ADMIN] [6/7/2016 14:11] [PENJUALAN] CASHIER FORM : ComboBox_SelectedIndexChanged, subTotal [200]
[ADMIN] [6/7/2016 14:11] [PENJUALAN] CASHIER FORM : ComboBox_SelectedIndexChanged, attempt to calculate total
[ADMIN] [6/7/2016 14:11] [PENJUALAN] CASHIER FORM : calculateTotal
[ADMIN] [6/7/2016 14:11] [PENJUALAN] CASHIER FORM : calculateTotal [200]
[ADMIN] [6/7/2016 14:11] [PENJUALAN] CASHIER FORM : calculateTotal, totalAfterDisc [200]
[ADMIN] [6/7/2016 14:11] [PENJUALAN] CASHIER FORM : PRODUCT PRICE TYPE [PRODUCT_BASE_PRICE]
[ADMIN] [6/7/2016 14:11] [PENJUALAN] CASHIER FORM : PRODUCT PRICE [100]
[ADMIN] [6/7/2016 14:11] [PENJUALAN] CASHIER FORM : ComboBox_SelectedIndexChanged, PRODUCT_BASE_PRICE [100]
[ADMIN] [6/7/2016 14:11] [PENJUALAN] CASHIER FORM : PRODUCT PRICE TYPE [PRODUCT_RETAIL_PRICE]
[ADMIN] [6/7/2016 14:11] [PENJUALAN] CASHIER FORM : PRODUCT PRICE [100]
[ADMIN] [6/7/2016 14:11] [PENJUALAN] CASHIER FORM : ComboBox_SelectedIndexChanged, PRODUCT_SALES_PRICE [100]
[ADMIN] [6/7/2016 14:11] [PENJUALAN] CASHIER FORM : CALCULATE SUBTOTAL
[ADMIN] [6/7/2016 14:11] [PENJUALAN] CASHIER FORM : SUBTOTAL [200]
[ADMIN] [6/7/2016 14:11] [PENJUALAN] CASHIER FORM : ComboBox_SelectedIndexChanged, subTotal [200]
[ADMIN] [6/7/2016 14:11] [PENJUALAN] CASHIER FORM : ComboBox_SelectedIndexChanged, attempt to calculate total
[ADMIN] [6/7/2016 14:11] [PENJUALAN] CASHIER FORM : calculateTotal
[ADMIN] [6/7/2016 14:11] [PENJUALAN] CASHIER FORM : calculateTotal [200]
[ADMIN] [6/7/2016 14:11] [PENJUALAN] CASHIER FORM : calculateTotal, totalAfterDisc [200]
[ADMIN] [6/7/2016 14:11] [PENJUALAN] CASHIER FORM : PRODUCT PRICE TYPE [PRODUCT_BASE_PRICE]
[ADMIN] [6/7/2016 14:11] [PENJUALAN] CASHIER FORM : PRODUCT PRICE [100]
[ADMIN] [6/7/2016 14:11] [PENJUALAN] CASHIER FORM : ComboBox_SelectedIndexChanged, PRODUCT_BASE_PRICE [100]
[ADMIN] [6/7/2016 14:11] [PENJUALAN] CASHIER FORM : PRODUCT PRICE TYPE [PRODUCT_RETAIL_PRICE]
[ADMIN] [6/7/2016 14:11] [PENJUALAN] CASHIER FORM : PRODUCT PRICE [100]
[ADMIN] [6/7/2016 14:11] [PENJUALAN] CASHIER FORM : ComboBox_SelectedIndexChanged, PRODUCT_SALES_PRICE [100]
[ADMIN] [6/7/2016 14:11] [PENJUALAN] CASHIER FORM : CALCULATE SUBTOTAL
[ADMIN] [6/7/2016 14:11] [PENJUALAN] CASHIER FORM : SUBTOTAL [200]
[ADMIN] [6/7/2016 14:11] [PENJUALAN] CASHIER FORM : ComboBox_SelectedIndexChanged, subTotal [200]
[ADMIN] [6/7/2016 14:11] [PENJUALAN] CASHIER FORM : ComboBox_SelectedIndexChanged, attempt to calculate total
[ADMIN] [6/7/2016 14:11] [PENJUALAN] CASHIER FORM : calculateTotal
[ADMIN] [6/7/2016 14:11] [PENJUALAN] CASHIER FORM : calculateTotal [200]
[ADMIN] [6/7/2016 14:11] [PENJUALAN] CASHIER FORM : calculateTotal, totalAfterDisc [200]
[ADMIN] [6/7/2016 14:11] [PENJUALAN] CASHIER FORM : PRODUCT PRICE TYPE [PRODUCT_BASE_PRICE]
[ADMIN] [6/7/2016 14:11] [PENJUALAN] CASHIER FORM : PRODUCT PRICE [100]
[ADMIN] [6/7/2016 14:11] [PENJUALAN] CASHIER FORM : ComboBox_SelectedIndexChanged, PRODUCT_BASE_PRICE [100]
[ADMIN] [6/7/2016 14:11] [PENJUALAN] CASHIER FORM : PRODUCT PRICE TYPE [PRODUCT_RETAIL_PRICE]
[ADMIN] [6/7/2016 14:11] [PENJUALAN] CASHIER FORM : PRODUCT PRICE [100]
[ADMIN] [6/7/2016 14:11] [PENJUALAN] CASHIER FORM : ComboBox_SelectedIndexChanged, PRODUCT_SALES_PRICE [100]
[ADMIN] [6/7/2016 14:11] [PENJUALAN] CASHIER FORM : CALCULATE SUBTOTAL
[ADMIN] [6/7/2016 14:11] [PENJUALAN] CASHIER FORM : SUBTOTAL [200]
[ADMIN] [6/7/2016 14:11] [PENJUALAN] CASHIER FORM : ComboBox_SelectedIndexChanged, subTotal [200]
[ADMIN] [6/7/2016 14:11] [PENJUALAN] CASHIER FORM : ComboBox_SelectedIndexChanged, attempt to calculate total
[ADMIN] [6/7/2016 14:11] [PENJUALAN] CASHIER FORM : calculateTotal
[ADMIN] [6/7/2016 14:11] [PENJUALAN] CASHIER FORM : calculateTotal [200]
[ADMIN] [6/7/2016 14:11] [PENJUALAN] CASHIER FORM : calculateTotal, totalAfterDisc [200]
[ADMIN] [6/7/2016 14:11] [PENJUALAN] CASHIER FORM : TextBox_TextChanged, isLoading [False]
[ADMIN] [6/7/2016 14:11] [PENJUALAN] CASHIER FORM : TextBox_TextChanged, rowSelectedIndex [0]
[ADMIN] [6/7/2016 14:11] [PENJUALAN] CASHIER FORM : TextBox_TextChanged, empty texbox, reset [disc1] value to 0
[ADMIN] [6/7/2016 14:11] [PENJUALAN] CASHIER FORM : TextBox_TextChanged, isLoading [True]
[ADMIN] [6/7/2016 14:11] [PENJUALAN] CASHIER FORM : TextBox_TextChanged, recalculate total value
[ADMIN] [6/7/2016 14:11] [PENJUALAN] CASHIER FORM : calculateTotal
[ADMIN] [6/7/2016 14:11] [PENJUALAN] CASHIER FORM : calculateTotal [0]
[ADMIN] [6/7/2016 14:11] [PENJUALAN] CASHIER FORM : calculateTotal, totalAfterDisc [0]
[ADMIN] [6/7/2016 14:11] [PENJUALAN] CASHIER FORM : TextBox_TextChanged, set the cursor to end of textbox
[ADMIN] [6/7/2016 14:11] [PENJUALAN] CASHIER FORM : TextBox_TextChanged, isLoading [False]
[ADMIN] [6/7/2016 14:11] [PENJUALAN] CASHIER FORM : TextBox_TextChanged, rowSelectedIndex [0]
[ADMIN] [6/7/2016 14:11] [PENJUALAN] CASHIER FORM : TextBox_TextChanged, empty texbox, reset [disc2] value to 0
[ADMIN] [6/7/2016 14:11] [PENJUALAN] CASHIER FORM : TextBox_TextChanged, isLoading [True]
[ADMIN] [6/7/2016 14:11] [PENJUALAN] CASHIER FORM : TextBox_TextChanged, isLoading [True]
[ADMIN] [6/7/2016 14:11] [PENJUALAN] CASHIER FORM : TextBox_TextChanged, recalculate total value
[ADMIN] [6/7/2016 14:11] [PENJUALAN] CASHIER FORM : calculateTotal
[ADMIN] [6/7/2016 14:11] [PENJUALAN] CASHIER FORM : calculateTotal [0]
[ADMIN] [6/7/2016 14:11] [PENJUALAN] CASHIER FORM : calculateTotal, totalAfterDisc [0]
[ADMIN] [6/7/2016 14:11] [PENJUALAN] CASHIER FORM : TextBox_TextChanged, set the cursor to end of textbox
[ADMIN] [6/7/2016 14:11] [PENJUALAN] CASHIER FORM : TextBox_TextChanged, isLoading [False]
[ADMIN] [6/7/2016 14:11] [PENJUALAN] CASHIER FORM : TextBox_TextChanged, rowSelectedIndex [0]
[ADMIN] [6/7/2016 14:11] [PENJUALAN] CASHIER FORM : TextBox_TextChanged, previousInput [0]
[ADMIN] [6/7/2016 14:11] [PENJUALAN] CASHIER FORM : TextBox_TextChanged, dataGridViewTextBoxEditingControl.Text [0]
[ADMIN] [6/7/2016 14:11] [PENJUALAN] CASHIER FORM : TextBox_TextChanged, dataGridViewTextBoxEditingControl.Text pass REGEX Checking
[ADMIN] [6/7/2016 14:11] [PENJUALAN] CASHIER FORM : CALCULATE SUBTOTAL
[ADMIN] [6/7/2016 14:11] [PENJUALAN] CASHIER FORM : SUBTOTAL [200]
[ADMIN] [6/7/2016 14:11] [PENJUALAN] CASHIER FORM : TextBox_TextChanged, subtotal value [200]
[ADMIN] [6/7/2016 14:11] [PENJUALAN] CASHIER FORM : TextBox_TextChanged, attempt to calculate total value
[ADMIN] [6/7/2016 14:11] [PENJUALAN] CASHIER FORM : calculateTotal
[ADMIN] [6/7/2016 14:11] [PENJUALAN] CASHIER FORM : calculateTotal [200]
[ADMIN] [6/7/2016 14:11] [PENJUALAN] CASHIER FORM : calculateTotal, totalAfterDisc [200]
[ADMIN] [6/7/2016 14:11] [PENJUALAN] CASHIER FORM : TextBox_TextChanged, isLoading [False]
[ADMIN] [6/7/2016 14:11] [PENJUALAN] CASHIER FORM : TextBox_TextChanged, rowSelectedIndex [0]
[ADMIN] [6/7/2016 14:11] [PENJUALAN] CASHIER FORM : TextBox_TextChanged, empty texbox, reset [discRP] value to 0
[ADMIN] [6/7/2016 14:11] [PENJUALAN] CASHIER FORM : TextBox_TextChanged, isLoading [True]
[ADMIN] [6/7/2016 14:11] [PENJUALAN] CASHIER FORM : TextBox_TextChanged, isLoading [True]
[ADMIN] [6/7/2016 14:11] [PENJUALAN] CASHIER FORM : TextBox_TextChanged, isLoading [True]
[ADMIN] [6/7/2016 14:11] [PENJUALAN] CASHIER FORM : TextBox_TextChanged, recalculate total value
[ADMIN] [6/7/2016 14:11] [PENJUALAN] CASHIER FORM : calculateTotal
[ADMIN] [6/7/2016 14:11] [PENJUALAN] CASHIER FORM : calculateTotal [0]
[ADMIN] [6/7/2016 14:11] [PENJUALAN] CASHIER FORM : calculateTotal, totalAfterDisc [0]
[ADMIN] [6/7/2016 14:11] [PENJUALAN] CASHIER FORM : TextBox_TextChanged, set the cursor to end of textbox
[ADMIN] [6/7/2016 14:11] [PENJUALAN] CASHIER FORM : TextBox_TextChanged, isLoading [False]
[ADMIN] [6/7/2016 14:11] [PENJUALAN] CASHIER FORM : TextBox_TextChanged, rowSelectedIndex [0]
[ADMIN] [6/7/2016 14:11] [PENJUALAN] CASHIER FORM : TextBox_TextChanged, previousInput [0]
[ADMIN] [6/7/2016 14:11] [PENJUALAN] CASHIER FORM : TextBox_TextChanged, dataGridViewTextBoxEditingControl.Text [0]
[ADMIN] [6/7/2016 14:11] [PENJUALAN] CASHIER FORM : TextBox_TextChanged, dataGridViewTextBoxEditingControl.Text pass REGEX Checking
[ADMIN] [6/7/2016 14:11] [PENJUALAN] CASHIER FORM : CALCULATE SUBTOTAL
[ADMIN] [6/7/2016 14:11] [PENJUALAN] CASHIER FORM : SUBTOTAL [200]
[ADMIN] [6/7/2016 14:11] [PENJUALAN] CASHIER FORM : TextBox_TextChanged, subtotal value [200]
[ADMIN] [6/7/2016 14:11] [PENJUALAN] CASHIER FORM : TextBox_TextChanged, attempt to calculate total value
[ADMIN] [6/7/2016 14:11] [PENJUALAN] CASHIER FORM : calculateTotal
[ADMIN] [6/7/2016 14:11] [PENJUALAN] CASHIER FORM : calculateTotal [200]
[ADMIN] [6/7/2016 14:11] [PENJUALAN] CASHIER FORM : calculateTotal, totalAfterDisc [200]
[ADMIN] [6/7/2016 14:11] [PENJUALAN] CASHIER FORM : TextBox_TextChanged, isLoading [False]
[ADMIN] [6/7/2016 14:11] [PENJUALAN] CASHIER FORM : TextBox_TextChanged, rowSelectedIndex [0]
[ADMIN] [6/7/2016 14:11] [PENJUALAN] CASHIER FORM : TextBox_TextChanged, previousInput [0]
[ADMIN] [6/7/2016 14:11] [PENJUALAN] CASHIER FORM : TextBox_TextChanged, dataGridViewTextBoxEditingControl.Text [0]
[ADMIN] [6/7/2016 14:11] [PENJUALAN] CASHIER FORM : TextBox_TextChanged, dataGridViewTextBoxEditingControl.Text pass REGEX Checking
[ADMIN] [6/7/2016 14:11] [PENJUALAN] CASHIER FORM : CALCULATE SUBTOTAL
[ADMIN] [6/7/2016 14:11] [PENJUALAN] CASHIER FORM : SUBTOTAL [200]
[ADMIN] [6/7/2016 14:11] [PENJUALAN] CASHIER FORM : TextBox_TextChanged, subtotal value [200]
[ADMIN] [6/7/2016 14:11] [PENJUALAN] CASHIER FORM : TextBox_TextChanged, attempt to calculate total value
[ADMIN] [6/7/2016 14:11] [PENJUALAN] CASHIER FORM : calculateTotal
[ADMIN] [6/7/2016 14:11] [PENJUALAN] CASHIER FORM : calculateTotal [200]
[ADMIN] [6/7/2016 14:11] [PENJUALAN] CASHIER FORM : calculateTotal, totalAfterDisc [200]
[ADMIN] [6/7/2016 14:11] [PENJUALAN] CASHIER FORM : UNREGISTER HOTKEY
[ADMIN] [6/7/2016 14:11] [PENJUALAN] CASHIER FORM : REGISTER HOTKEY
[ADMIN] [6/7/2016 14:11] [PENJUALAN] CASHIER FORM : TextBox_TextChanged, isLoading [False]
[ADMIN] [6/7/2016 14:11] [PENJUALAN] CASHIER FORM : TextBox_TextChanged, rowSelectedIndex [0]
[ADMIN] [6/7/2016 14:11] [PENJUALAN] CASHIER FORM : TextBox_TextChanged, empty texbox, reset [discRP] value to 0
[ADMIN] [6/7/2016 14:11] [PENJUALAN] CASHIER FORM : TextBox_TextChanged, isLoading [True]
[ADMIN] [6/7/2016 14:11] [PENJUALAN] CASHIER FORM : TextBox_TextChanged, isLoading [True]
[ADMIN] [6/7/2016 14:11] [PENJUALAN] CASHIER FORM : TextBox_TextChanged, isLoading [True]
[ADMIN] [6/7/2016 14:11] [PENJUALAN] CASHIER FORM : TextBox_TextChanged, isLoading [True]
[ADMIN] [6/7/2016 14:11] [PENJUALAN] CASHIER FORM : TextBox_TextChanged, recalculate total value
[ADMIN] [6/7/2016 14:11] [PENJUALAN] CASHIER FORM : calculateTotal
[ADMIN] [6/7/2016 14:11] [PENJUALAN] CASHIER FORM : calculateTotal [0]
[ADMIN] [6/7/2016 14:11] [PENJUALAN] CASHIER FORM : calculateTotal, totalAfterDisc [0]
[ADMIN] [6/7/2016 14:11] [PENJUALAN] CASHIER FORM : TextBox_TextChanged, set the cursor to end of textbox
[ADMIN] [6/7/2016 14:11] [PENJUALAN] CASHIER FORM : TextBox_TextChanged, isLoading [False]
[ADMIN] [6/7/2016 14:11] [PENJUALAN] CASHIER FORM : TextBox_TextChanged, rowSelectedIndex [0]
[ADMIN] [6/7/2016 14:11] [PENJUALAN] CASHIER FORM : TextBox_TextChanged, previousInput [0]
[ADMIN] [6/7/2016 14:11] [PENJUALAN] CASHIER FORM : TextBox_TextChanged, dataGridViewTextBoxEditingControl.Text [0]
[ADMIN] [6/7/2016 14:11] [PENJUALAN] CASHIER FORM : TextBox_TextChanged, dataGridViewTextBoxEditingControl.Text pass REGEX Checking
[ADMIN] [6/7/2016 14:11] [PENJUALAN] CASHIER FORM : CALCULATE SUBTOTAL
[ADMIN] [6/7/2016 14:11] [PENJUALAN] CASHIER FORM : SUBTOTAL [200]
[ADMIN] [6/7/2016 14:11] [PENJUALAN] CASHIER FORM : TextBox_TextChanged, subtotal value [200]
[ADMIN] [6/7/2016 14:11] [PENJUALAN] CASHIER FORM : TextBox_TextChanged, attempt to calculate total value
[ADMIN] [6/7/2016 14:11] [PENJUALAN] CASHIER FORM : calculateTotal
[ADMIN] [6/7/2016 14:11] [PENJUALAN] CASHIER FORM : calculateTotal [200]
[ADMIN] [6/7/2016 14:11] [PENJUALAN] CASHIER FORM : calculateTotal, totalAfterDisc [200]
[ADMIN] [6/7/2016 14:11] [PENJUALAN] CASHIER FORM : TextBox_TextChanged, isLoading [False]
[ADMIN] [6/7/2016 14:11] [PENJUALAN] CASHIER FORM : TextBox_TextChanged, rowSelectedIndex [0]
[ADMIN] [6/7/2016 14:11] [PENJUALAN] CASHIER FORM : TextBox_TextChanged, previousInput [0]
[ADMIN] [6/7/2016 14:11] [PENJUALAN] CASHIER FORM : TextBox_TextChanged, dataGridViewTextBoxEditingControl.Text [0]
[ADMIN] [6/7/2016 14:11] [PENJUALAN] CASHIER FORM : TextBox_TextChanged, dataGridViewTextBoxEditingControl.Text pass REGEX Checking
[ADMIN] [6/7/2016 14:11] [PENJUALAN] CASHIER FORM : CALCULATE SUBTOTAL
[ADMIN] [6/7/2016 14:11] [PENJUALAN] CASHIER FORM : SUBTOTAL [200]
[ADMIN] [6/7/2016 14:11] [PENJUALAN] CASHIER FORM : TextBox_TextChanged, subtotal value [200]
[ADMIN] [6/7/2016 14:11] [PENJUALAN] CASHIER FORM : TextBox_TextChanged, attempt to calculate total value
[ADMIN] [6/7/2016 14:11] [PENJUALAN] CASHIER FORM : calculateTotal
[ADMIN] [6/7/2016 14:11] [PENJUALAN] CASHIER FORM : calculateTotal [200]
[ADMIN] [6/7/2016 14:11] [PENJUALAN] CASHIER FORM : calculateTotal, totalAfterDisc [200]
[ADMIN] [6/7/2016 14:11] [PENJUALAN] CASHIER FORM : TextBox_TextChanged, isLoading [False]
[ADMIN] [6/7/2016 14:11] [PENJUALAN] CASHIER FORM : TextBox_TextChanged, rowSelectedIndex [0]
[ADMIN] [6/7/2016 14:11] [PENJUALAN] CASHIER FORM : TextBox_TextChanged, previousInput [0]
[ADMIN] [6/7/2016 14:11] [PENJUALAN] CASHIER FORM : TextBox_TextChanged, dataGridViewTextBoxEditingControl.Text [0]
[ADMIN] [6/7/2016 14:11] [PENJUALAN] CASHIER FORM : TextBox_TextChanged, dataGridViewTextBoxEditingControl.Text pass REGEX Checking
[ADMIN] [6/7/2016 14:11] [PENJUALAN] CASHIER FORM : CALCULATE SUBTOTAL
[ADMIN] [6/7/2016 14:11] [PENJUALAN] CASHIER FORM : SUBTOTAL [200]
[ADMIN] [6/7/2016 14:11] [PENJUALAN] CASHIER FORM : TextBox_TextChanged, subtotal value [200]
[ADMIN] [6/7/2016 14:11] [PENJUALAN] CASHIER FORM : TextBox_TextChanged, attempt to calculate total value
[ADMIN] [6/7/2016 14:11] [PENJUALAN] CASHIER FORM : calculateTotal
[ADMIN] [6/7/2016 14:11] [PENJUALAN] CASHIER FORM : calculateTotal [200]
[ADMIN] [6/7/2016 14:11] [PENJUALAN] CASHIER FORM : calculateTotal, totalAfterDisc [200]
[ADMIN] [6/7/2016 14:11] [PENJUALAN] CASHIER FORM : TextBox_TextChanged, isLoading [False]
[ADMIN] [6/7/2016 14:11] [PENJUALAN] CASHIER FORM : TextBox_TextChanged, rowSelectedIndex [0]
[ADMIN] [6/7/2016 14:11] [PENJUALAN] CASHIER FORM : TextBox_TextChanged, empty texbox, reset [disc2] value to 0
[ADMIN] [6/7/2016 14:11] [PENJUALAN] CASHIER FORM : TextBox_TextChanged, isLoading [True]
[ADMIN] [6/7/2016 14:11] [PENJUALAN] CASHIER FORM : TextBox_TextChanged, isLoading [True]
[ADMIN] [6/7/2016 14:11] [PENJUALAN] CASHIER FORM : TextBox_TextChanged, isLoading [True]
[ADMIN] [6/7/2016 14:11] [PENJUALAN] CASHIER FORM : TextBox_TextChanged, isLoading [True]
[ADMIN] [6/7/2016 14:11] [PENJUALAN] CASHIER FORM : TextBox_TextChanged, isLoading [True]
[ADMIN] [6/7/2016 14:11] [PENJUALAN] CASHIER FORM : TextBox_TextChanged, recalculate total value
[ADMIN] [6/7/2016 14:11] [PENJUALAN] CASHIER FORM : calculateTotal
[ADMIN] [6/7/2016 14:11] [PENJUALAN] CASHIER FORM : calculateTotal [0]
[ADMIN] [6/7/2016 14:11] [PENJUALAN] CASHIER FORM : calculateTotal, totalAfterDisc [0]
[ADMIN] [6/7/2016 14:11] [PENJUALAN] CASHIER FORM : TextBox_TextChanged, set the cursor to end of textbox
[ADMIN] [6/7/2016 14:11] [PENJUALAN] CASHIER FORM : TextBox_TextChanged, isLoading [False]
[ADMIN] [6/7/2016 14:11] [PENJUALAN] CASHIER FORM : TextBox_TextChanged, rowSelectedIndex [0]
[ADMIN] [6/7/2016 14:11] [PENJUALAN] CASHIER FORM : TextBox_TextChanged, previousInput [0]
[ADMIN] [6/7/2016 14:11] [PENJUALAN] CASHIER FORM : TextBox_TextChanged, dataGridViewTextBoxEditingControl.Text [0]
[ADMIN] [6/7/2016 14:11] [PENJUALAN] CASHIER FORM : TextBox_TextChanged, dataGridViewTextBoxEditingControl.Text pass REGEX Checking
[ADMIN] [6/7/2016 14:11] [PENJUALAN] CASHIER FORM : CALCULATE SUBTOTAL
[ADMIN] [6/7/2016 14:11] [PENJUALAN] CASHIER FORM : SUBTOTAL [200]
[ADMIN] [6/7/2016 14:11] [PENJUALAN] CASHIER FORM : TextBox_TextChanged, subtotal value [200]
[ADMIN] [6/7/2016 14:11] [PENJUALAN] CASHIER FORM : TextBox_TextChanged, attempt to calculate total value
[ADMIN] [6/7/2016 14:11] [PENJUALAN] CASHIER FORM : calculateTotal
[ADMIN] [6/7/2016 14:11] [PENJUALAN] CASHIER FORM : calculateTotal [200]
[ADMIN] [6/7/2016 14:11] [PENJUALAN] CASHIER FORM : calculateTotal, totalAfterDisc [200]
[ADMIN] [6/7/2016 14:11] [PENJUALAN] CASHIER FORM : TextBox_TextChanged, isLoading [False]
[ADMIN] [6/7/2016 14:11] [PENJUALAN] CASHIER FORM : TextBox_TextChanged, rowSelectedIndex [0]
[ADMIN] [6/7/2016 14:11] [PENJUALAN] CASHIER FORM : TextBox_TextChanged, previousInput [0]
[ADMIN] [6/7/2016 14:11] [PENJUALAN] CASHIER FORM : TextBox_TextChanged, dataGridViewTextBoxEditingControl.Text [0]
[ADMIN] [6/7/2016 14:11] [PENJUALAN] CASHIER FORM : TextBox_TextChanged, dataGridViewTextBoxEditingControl.Text pass REGEX Checking
[ADMIN] [6/7/2016 14:11] [PENJUALAN] CASHIER FORM : CALCULATE SUBTOTAL
[ADMIN] [6/7/2016 14:11] [PENJUALAN] CASHIER FORM : SUBTOTAL [200]
[ADMIN] [6/7/2016 14:11] [PENJUALAN] CASHIER FORM : TextBox_TextChanged, subtotal value [200]
[ADMIN] [6/7/2016 14:11] [PENJUALAN] CASHIER FORM : TextBox_TextChanged, attempt to calculate total value
[ADMIN] [6/7/2016 14:11] [PENJUALAN] CASHIER FORM : calculateTotal
[ADMIN] [6/7/2016 14:11] [PENJUALAN] CASHIER FORM : calculateTotal [200]
[ADMIN] [6/7/2016 14:11] [PENJUALAN] CASHIER FORM : calculateTotal, totalAfterDisc [200]
[ADMIN] [6/7/2016 14:11] [PENJUALAN] CASHIER FORM : TextBox_TextChanged, isLoading [False]
[ADMIN] [6/7/2016 14:11] [PENJUALAN] CASHIER FORM : TextBox_TextChanged, rowSelectedIndex [0]
[ADMIN] [6/7/2016 14:11] [PENJUALAN] CASHIER FORM : TextBox_TextChanged, previousInput [0]
[ADMIN] [6/7/2016 14:11] [PENJUALAN] CASHIER FORM : TextBox_TextChanged, dataGridViewTextBoxEditingControl.Text [0]
[ADMIN] [6/7/2016 14:11] [PENJUALAN] CASHIER FORM : TextBox_TextChanged, dataGridViewTextBoxEditingControl.Text pass REGEX Checking
[ADMIN] [6/7/2016 14:11] [PENJUALAN] CASHIER FORM : CALCULATE SUBTOTAL
[ADMIN] [6/7/2016 14:11] [PENJUALAN] CASHIER FORM : SUBTOTAL [200]
[ADMIN] [6/7/2016 14:11] [PENJUALAN] CASHIER FORM : TextBox_TextChanged, subtotal value [200]
[ADMIN] [6/7/2016 14:11] [PENJUALAN] CASHIER FORM : TextBox_TextChanged, attempt to calculate total value
[ADMIN] [6/7/2016 14:11] [PENJUALAN] CASHIER FORM : calculateTotal
[ADMIN] [6/7/2016 14:11] [PENJUALAN] CASHIER FORM : calculateTotal [200]
[ADMIN] [6/7/2016 14:11] [PENJUALAN] CASHIER FORM : calculateTotal, totalAfterDisc [200]
[ADMIN] [6/7/2016 14:11] [PENJUALAN] CASHIER FORM : TextBox_TextChanged, isLoading [False]
[ADMIN] [6/7/2016 14:11] [PENJUALAN] CASHIER FORM : TextBox_TextChanged, rowSelectedIndex [0]
[ADMIN] [6/7/2016 14:11] [PENJUALAN] CASHIER FORM : TextBox_TextChanged, previousInput [0]
[ADMIN] [6/7/2016 14:11] [PENJUALAN] CASHIER FORM : TextBox_TextChanged, dataGridViewTextBoxEditingControl.Text [0]
[ADMIN] [6/7/2016 14:11] [PENJUALAN] CASHIER FORM : TextBox_TextChanged, dataGridViewTextBoxEditingControl.Text pass REGEX Checking
[ADMIN] [6/7/2016 14:11] [PENJUALAN] CASHIER FORM : CALCULATE SUBTOTAL
[ADMIN] [6/7/2016 14:11] [PENJUALAN] CASHIER FORM : SUBTOTAL [200]
[ADMIN] [6/7/2016 14:11] [PENJUALAN] CASHIER FORM : TextBox_TextChanged, subtotal value [200]
[ADMIN] [6/7/2016 14:11] [PENJUALAN] CASHIER FORM : TextBox_TextChanged, attempt to calculate total value
[ADMIN] [6/7/2016 14:11] [PENJUALAN] CASHIER FORM : calculateTotal
[ADMIN] [6/7/2016 14:11] [PENJUALAN] CASHIER FORM : calculateTotal [200]
[ADMIN] [6/7/2016 14:11] [PENJUALAN] CASHIER FORM : calculateTotal, totalAfterDisc [200]
[ADMIN] [6/7/2016 14:11] [PENJUALAN] CASHIER FORM : TextBox_TextChanged, isLoading [False]
[ADMIN] [6/7/2016 14:11] [PENJUALAN] CASHIER FORM : TextBox_TextChanged, rowSelectedIndex [0]
[ADMIN] [6/7/2016 14:11] [PENJUALAN] CASHIER FORM : TextBox_TextChanged, empty texbox, reset [disc1] value to 0
[ADMIN] [6/7/2016 14:11] [PENJUALAN] CASHIER FORM : TextBox_TextChanged, isLoading [True]
[ADMIN] [6/7/2016 14:11] [PENJUALAN] CASHIER FORM : TextBox_TextChanged, isLoading [True]
[ADMIN] [6/7/2016 14:11] [PENJUALAN] CASHIER FORM : TextBox_TextChanged, isLoading [True]
[ADMIN] [6/7/2016 14:11] [PENJUALAN] CASHIER FORM : TextBox_TextChanged, isLoading [True]
[ADMIN] [6/7/2016 14:11] [PENJUALAN] CASHIER FORM : TextBox_TextChanged, isLoading [True]
[ADMIN] [6/7/2016 14:11] [PENJUALAN] CASHIER FORM : TextBox_TextChanged, isLoading [True]
[ADMIN] [6/7/2016 14:11] [PENJUALAN] CASHIER FORM : TextBox_TextChanged, recalculate total value
[ADMIN] [6/7/2016 14:11] [PENJUALAN] CASHIER FORM : calculateTotal
[ADMIN] [6/7/2016 14:11] [PENJUALAN] CASHIER FORM : calculateTotal [0]
[ADMIN] [6/7/2016 14:11] [PENJUALAN] CASHIER FORM : calculateTotal, totalAfterDisc [0]
[ADMIN] [6/7/2016 14:11] [PENJUALAN] CASHIER FORM : TextBox_TextChanged, set the cursor to end of textbox
[ADMIN] [6/7/2016 14:11] [PENJUALAN] CASHIER FORM : TextBox_TextChanged, isLoading [False]
[ADMIN] [6/7/2016 14:11] [PENJUALAN] CASHIER FORM : TextBox_TextChanged, rowSelectedIndex [0]
[ADMIN] [6/7/2016 14:11] [PENJUALAN] CASHIER FORM : TextBox_TextChanged, previousInput [0]
[ADMIN] [6/7/2016 14:11] [PENJUALAN] CASHIER FORM : TextBox_TextChanged, dataGridViewTextBoxEditingControl.Text [0]
[ADMIN] [6/7/2016 14:11] [PENJUALAN] CASHIER FORM : TextBox_TextChanged, dataGridViewTextBoxEditingControl.Text pass REGEX Checking
[ADMIN] [6/7/2016 14:11] [PENJUALAN] CASHIER FORM : CALCULATE SUBTOTAL
[ADMIN] [6/7/2016 14:11] [PENJUALAN] CASHIER FORM : SUBTOTAL [200]
[ADMIN] [6/7/2016 14:11] [PENJUALAN] CASHIER FORM : TextBox_TextChanged, subtotal value [200]
[ADMIN] [6/7/2016 14:11] [PENJUALAN] CASHIER FORM : TextBox_TextChanged, attempt to calculate total value
[ADMIN] [6/7/2016 14:11] [PENJUALAN] CASHIER FORM : calculateTotal
[ADMIN] [6/7/2016 14:11] [PENJUALAN] CASHIER FORM : calculateTotal [200]
[ADMIN] [6/7/2016 14:11] [PENJUALAN] CASHIER FORM : calculateTotal, totalAfterDisc [200]
[ADMIN] [6/7/2016 14:11] [PENJUALAN] CASHIER FORM : TextBox_TextChanged, isLoading [False]
[ADMIN] [6/7/2016 14:11] [PENJUALAN] CASHIER FORM : TextBox_TextChanged, rowSelectedIndex [0]
[ADMIN] [6/7/2016 14:11] [PENJUALAN] CASHIER FORM : TextBox_TextChanged, previousInput [0]
[ADMIN] [6/7/2016 14:11] [PENJUALAN] CASHIER FORM : TextBox_TextChanged, dataGridViewTextBoxEditingControl.Text [0]
[ADMIN] [6/7/2016 14:11] [PENJUALAN] CASHIER FORM : TextBox_TextChanged, dataGridViewTextBoxEditingControl.Text pass REGEX Checking
[ADMIN] [6/7/2016 14:11] [PENJUALAN] CASHIER FORM : CALCULATE SUBTOTAL
[ADMIN] [6/7/2016 14:11] [PENJUALAN] CASHIER FORM : SUBTOTAL [200]
[ADMIN] [6/7/2016 14:11] [PENJUALAN] CASHIER FORM : TextBox_TextChanged, subtotal value [200]
[ADMIN] [6/7/2016 14:11] [PENJUALAN] CASHIER FORM : TextBox_TextChanged, attempt to calculate total value
[ADMIN] [6/7/2016 14:11] [PENJUALAN] CASHIER FORM : calculateTotal
[ADMIN] [6/7/2016 14:11] [PENJUALAN] CASHIER FORM : calculateTotal [200]
[ADMIN] [6/7/2016 14:11] [PENJUALAN] CASHIER FORM : calculateTotal, totalAfterDisc [200]
[ADMIN] [6/7/2016 14:11] [PENJUALAN] CASHIER FORM : TextBox_TextChanged, isLoading [False]
[ADMIN] [6/7/2016 14:11] [PENJUALAN] CASHIER FORM : TextBox_TextChanged, rowSelectedIndex [0]
[ADMIN] [6/7/2016 14:11] [PENJUALAN] CASHIER FORM : TextBox_TextChanged, previousInput [0]
[ADMIN] [6/7/2016 14:11] [PENJUALAN] CASHIER FORM : TextBox_TextChanged, dataGridViewTextBoxEditingControl.Text [0]
[ADMIN] [6/7/2016 14:11] [PENJUALAN] CASHIER FORM : TextBox_TextChanged, dataGridViewTextBoxEditingControl.Text pass REGEX Checking
[ADMIN] [6/7/2016 14:11] [PENJUALAN] CASHIER FORM : CALCULATE SUBTOTAL
[ADMIN] [6/7/2016 14:11] [PENJUALAN] CASHIER FORM : SUBTOTAL [200]
[ADMIN] [6/7/2016 14:11] [PENJUALAN] CASHIER FORM : TextBox_TextChanged, subtotal value [200]
[ADMIN] [6/7/2016 14:11] [PENJUALAN] CASHIER FORM : TextBox_TextChanged, attempt to calculate total value
[ADMIN] [6/7/2016 14:11] [PENJUALAN] CASHIER FORM : calculateTotal
[ADMIN] [6/7/2016 14:11] [PENJUALAN] CASHIER FORM : calculateTotal [200]
[ADMIN] [6/7/2016 14:11] [PENJUALAN] CASHIER FORM : calculateTotal, totalAfterDisc [200]
[ADMIN] [6/7/2016 14:11] [PENJUALAN] CASHIER FORM : TextBox_TextChanged, isLoading [False]
[ADMIN] [6/7/2016 14:11] [PENJUALAN] CASHIER FORM : TextBox_TextChanged, rowSelectedIndex [0]
[ADMIN] [6/7/2016 14:11] [PENJUALAN] CASHIER FORM : TextBox_TextChanged, previousInput [0]
[ADMIN] [6/7/2016 14:11] [PENJUALAN] CASHIER FORM : TextBox_TextChanged, dataGridViewTextBoxEditingControl.Text [0]
[ADMIN] [6/7/2016 14:11] [PENJUALAN] CASHIER FORM : TextBox_TextChanged, dataGridViewTextBoxEditingControl.Text pass REGEX Checking
[ADMIN] [6/7/2016 14:11] [PENJUALAN] CASHIER FORM : CALCULATE SUBTOTAL
[ADMIN] [6/7/2016 14:11] [PENJUALAN] CASHIER FORM : SUBTOTAL [200]
[ADMIN] [6/7/2016 14:11] [PENJUALAN] CASHIER FORM : TextBox_TextChanged, subtotal value [200]
[ADMIN] [6/7/2016 14:11] [PENJUALAN] CASHIER FORM : TextBox_TextChanged, attempt to calculate total value
[ADMIN] [6/7/2016 14:11] [PENJUALAN] CASHIER FORM : calculateTotal
[ADMIN] [6/7/2016 14:11] [PENJUALAN] CASHIER FORM : calculateTotal [200]
[ADMIN] [6/7/2016 14:11] [PENJUALAN] CASHIER FORM : calculateTotal, totalAfterDisc [200]
[ADMIN] [6/7/2016 14:11] [PENJUALAN] CASHIER FORM : TextBox_TextChanged, isLoading [False]
[ADMIN] [6/7/2016 14:11] [PENJUALAN] CASHIER FORM : TextBox_TextChanged, rowSelectedIndex [0]
[ADMIN] [6/7/2016 14:11] [PENJUALAN] CASHIER FORM : TextBox_TextChanged, previousInput [0]
[ADMIN] [6/7/2016 14:11] [PENJUALAN] CASHIER FORM : TextBox_TextChanged, dataGridViewTextBoxEditingControl.Text [0]
[ADMIN] [6/7/2016 14:11] [PENJUALAN] CASHIER FORM : TextBox_TextChanged, dataGridViewTextBoxEditingControl.Text pass REGEX Checking
[ADMIN] [6/7/2016 14:11] [PENJUALAN] CASHIER FORM : CALCULATE SUBTOTAL
[ADMIN] [6/7/2016 14:11] [PENJUALAN] CASHIER FORM : SUBTOTAL [200]
[ADMIN] [6/7/2016 14:11] [PENJUALAN] CASHIER FORM : TextBox_TextChanged, subtotal value [200]
[ADMIN] [6/7/2016 14:11] [PENJUALAN] CASHIER FORM : TextBox_TextChanged, attempt to calculate total value
[ADMIN] [6/7/2016 14:11] [PENJUALAN] CASHIER FORM : calculateTotal
[ADMIN] [6/7/2016 14:11] [PENJUALAN] CASHIER FORM : calculateTotal [200]
[ADMIN] [6/7/2016 14:11] [PENJUALAN] CASHIER FORM : calculateTotal, totalAfterDisc [200]
[ADMIN] [6/7/2016 14:11] [PENJUALAN] CASHIER FORM : TextBox_TextChanged, isLoading [False]
[ADMIN] [6/7/2016 14:11] [PENJUALAN] CASHIER FORM : TextBox_TextChanged, rowSelectedIndex [0]
[ADMIN] [6/7/2016 14:11] [PENJUALAN] CASHIER FORM : TextBox_TextChanged, previousInput [2]
[ADMIN] [6/7/2016 14:11] [PENJUALAN] CASHIER FORM : TextBox_TextChanged, dataGridViewTextBoxEditingControl.Text pass REGEX Checking
[ADMIN] [6/7/2016 14:11] [PENJUALAN] CASHIER FORM : CHECK STOCK QTY IS ENOUGH [1]
[ADMIN] [6/7/2016 14:11] [PENJUALAN] CASHIER FORM : CHECK STOCK QTY IS ENOUGH [100, 2]
[ADMIN] [6/7/2016 14:11] [PENJUALAN] CASHIER FORM : CALCULATE SUBTOTAL
[ADMIN] [6/7/2016 14:11] [PENJUALAN] CASHIER FORM : SUBTOTAL [200]
[ADMIN] [6/7/2016 14:11] [PENJUALAN] CASHIER FORM : TextBox_TextChanged, subtotal value [200]
[ADMIN] [6/7/2016 14:11] [PENJUALAN] CASHIER FORM : TextBox_TextChanged, attempt to calculate total value
[ADMIN] [6/7/2016 14:11] [PENJUALAN] CASHIER FORM : calculateTotal
[ADMIN] [6/7/2016 14:11] [PENJUALAN] CASHIER FORM : calculateTotal [200]
[ADMIN] [6/7/2016 14:11] [PENJUALAN] CASHIER FORM : calculateTotal, totalAfterDisc [200]
[ADMIN] [6/7/2016 14:11] [PENJUALAN] CASHIER FORM : TextBox_TextChanged, isLoading [False]
[ADMIN] [6/7/2016 14:11] [PENJUALAN] CASHIER FORM : TextBox_TextChanged, rowSelectedIndex [0]
[ADMIN] [6/7/2016 14:11] [PENJUALAN] CASHIER FORM : TextBox_TextChanged, previousInput [2]
[ADMIN] [6/7/2016 14:11] [PENJUALAN] CASHIER FORM : TextBox_TextChanged, dataGridViewTextBoxEditingControl.Text pass REGEX Checking
[ADMIN] [6/7/2016 14:11] [PENJUALAN] CASHIER FORM : CHECK STOCK QTY IS ENOUGH [1]
[ADMIN] [6/7/2016 14:11] [PENJUALAN] CASHIER FORM : CHECK STOCK QTY IS ENOUGH [100, 2]
[ADMIN] [6/7/2016 14:11] [PENJUALAN] CASHIER FORM : CALCULATE SUBTOTAL
[ADMIN] [6/7/2016 14:11] [PENJUALAN] CASHIER FORM : SUBTOTAL [200]
[ADMIN] [6/7/2016 14:11] [PENJUALAN] CASHIER FORM : TextBox_TextChanged, subtotal value [200]
[ADMIN] [6/7/2016 14:11] [PENJUALAN] CASHIER FORM : TextBox_TextChanged, attempt to calculate total value
[ADMIN] [6/7/2016 14:11] [PENJUALAN] CASHIER FORM : calculateTotal
[ADMIN] [6/7/2016 14:11] [PENJUALAN] CASHIER FORM : calculateTotal [200]
[ADMIN] [6/7/2016 14:11] [PENJUALAN] CASHIER FORM : calculateTotal, totalAfterDisc [200]
[ADMIN] [6/7/2016 14:11] [PENJUALAN] CASHIER FORM : TextBox_TextChanged, isLoading [False]
[ADMIN] [6/7/2016 14:11] [PENJUALAN] CASHIER FORM : TextBox_TextChanged, rowSelectedIndex [0]
[ADMIN] [6/7/2016 14:11] [PENJUALAN] CASHIER FORM : TextBox_TextChanged, previousInput [2]
[ADMIN] [6/7/2016 14:11] [PENJUALAN] CASHIER FORM : TextBox_TextChanged, dataGridViewTextBoxEditingControl.Text pass REGEX Checking
[ADMIN] [6/7/2016 14:11] [PENJUALAN] CASHIER FORM : CHECK STOCK QTY IS ENOUGH [1]
[ADMIN] [6/7/2016 14:11] [PENJUALAN] CASHIER FORM : CHECK STOCK QTY IS ENOUGH [100, 2]
[ADMIN] [6/7/2016 14:11] [PENJUALAN] CASHIER FORM : CALCULATE SUBTOTAL
[ADMIN] [6/7/2016 14:11] [PENJUALAN] CASHIER FORM : SUBTOTAL [200]
[ADMIN] [6/7/2016 14:11] [PENJUALAN] CASHIER FORM : TextBox_TextChanged, subtotal value [200]
[ADMIN] [6/7/2016 14:11] [PENJUALAN] CASHIER FORM : TextBox_TextChanged, attempt to calculate total value
[ADMIN] [6/7/2016 14:11] [PENJUALAN] CASHIER FORM : calculateTotal
[ADMIN] [6/7/2016 14:11] [PENJUALAN] CASHIER FORM : calculateTotal [200]
[ADMIN] [6/7/2016 14:11] [PENJUALAN] CASHIER FORM : calculateTotal, totalAfterDisc [200]
[ADMIN] [6/7/2016 14:11] [PENJUALAN] CASHIER FORM : TextBox_TextChanged, isLoading [False]
[ADMIN] [6/7/2016 14:11] [PENJUALAN] CASHIER FORM : TextBox_TextChanged, rowSelectedIndex [0]
[ADMIN] [6/7/2016 14:11] [PENJUALAN] CASHIER FORM : TextBox_TextChanged, previousInput [2]
[ADMIN] [6/7/2016 14:11] [PENJUALAN] CASHIER FORM : TextBox_TextChanged, dataGridViewTextBoxEditingControl.Text pass REGEX Checking
[ADMIN] [6/7/2016 14:11] [PENJUALAN] CASHIER FORM : CHECK STOCK QTY IS ENOUGH [1]
[ADMIN] [6/7/2016 14:11] [PENJUALAN] CASHIER FORM : CHECK STOCK QTY IS ENOUGH [100, 2]
[ADMIN] [6/7/2016 14:11] [PENJUALAN] CASHIER FORM : CALCULATE SUBTOTAL
[ADMIN] [6/7/2016 14:11] [PENJUALAN] CASHIER FORM : SUBTOTAL [200]
[ADMIN] [6/7/2016 14:11] [PENJUALAN] CASHIER FORM : TextBox_TextChanged, subtotal value [200]
[ADMIN] [6/7/2016 14:11] [PENJUALAN] CASHIER FORM : TextBox_TextChanged, attempt to calculate total value
[ADMIN] [6/7/2016 14:11] [PENJUALAN] CASHIER FORM : calculateTotal
[ADMIN] [6/7/2016 14:11] [PENJUALAN] CASHIER FORM : calculateTotal [200]
[ADMIN] [6/7/2016 14:11] [PENJUALAN] CASHIER FORM : calculateTotal, totalAfterDisc [200]
[ADMIN] [6/7/2016 14:11] [PENJUALAN] CASHIER FORM : TextBox_TextChanged, isLoading [False]
[ADMIN] [6/7/2016 14:11] [PENJUALAN] CASHIER FORM : TextBox_TextChanged, rowSelectedIndex [0]
[ADMIN] [6/7/2016 14:11] [PENJUALAN] CASHIER FORM : TextBox_TextChanged, previousInput [2]
[ADMIN] [6/7/2016 14:11] [PENJUALAN] CASHIER FORM : TextBox_TextChanged, dataGridViewTextBoxEditingControl.Text pass REGEX Checking
[ADMIN] [6/7/2016 14:11] [PENJUALAN] CASHIER FORM : CHECK STOCK QTY IS ENOUGH [1]
[ADMIN] [6/7/2016 14:11] [PENJUALAN] CASHIER FORM : CHECK STOCK QTY IS ENOUGH [100, 2]
[ADMIN] [6/7/2016 14:11] [PENJUALAN] CASHIER FORM : CALCULATE SUBTOTAL
[ADMIN] [6/7/2016 14:11] [PENJUALAN] CASHIER FORM : SUBTOTAL [200]
[ADMIN] [6/7/2016 14:11] [PENJUALAN] CASHIER FORM : TextBox_TextChanged, subtotal value [200]
[ADMIN] [6/7/2016 14:11] [PENJUALAN] CASHIER FORM : TextBox_TextChanged, attempt to calculate total value
[ADMIN] [6/7/2016 14:11] [PENJUALAN] CASHIER FORM : calculateTotal
[ADMIN] [6/7/2016 14:11] [PENJUALAN] CASHIER FORM : calculateTotal [200]
[ADMIN] [6/7/2016 14:11] [PENJUALAN] CASHIER FORM : calculateTotal, totalAfterDisc [200]
[ADMIN] [6/7/2016 14:11] [PENJUALAN] CASHIER FORM : TextBox_TextChanged, isLoading [False]
[ADMIN] [6/7/2016 14:11] [PENJUALAN] CASHIER FORM : TextBox_TextChanged, rowSelectedIndex [0]
[ADMIN] [6/7/2016 14:11] [PENJUALAN] CASHIER FORM : TextBox_TextChanged, previousInput [2]
[ADMIN] [6/7/2016 14:11] [PENJUALAN] CASHIER FORM : TextBox_TextChanged, dataGridViewTextBoxEditingControl.Text pass REGEX Checking
[ADMIN] [6/7/2016 14:11] [PENJUALAN] CASHIER FORM : CHECK STOCK QTY IS ENOUGH [1]
[ADMIN] [6/7/2016 14:11] [PENJUALAN] CASHIER FORM : CHECK STOCK QTY IS ENOUGH [100, 2]
[ADMIN] [6/7/2016 14:11] [PENJUALAN] CASHIER FORM : CALCULATE SUBTOTAL
[ADMIN] [6/7/2016 14:11] [PENJUALAN] CASHIER FORM : SUBTOTAL [200]
[ADMIN] [6/7/2016 14:11] [PENJUALAN] CASHIER FORM : TextBox_TextChanged, subtotal value [200]
[ADMIN] [6/7/2016 14:11] [PENJUALAN] CASHIER FORM : TextBox_TextChanged, attempt to calculate total value
[ADMIN] [6/7/2016 14:11] [PENJUALAN] CASHIER FORM : calculateTotal
[ADMIN] [6/7/2016 14:11] [PENJUALAN] CASHIER FORM : calculateTotal [200]
[ADMIN] [6/7/2016 14:11] [PENJUALAN] CASHIER FORM : calculateTotal, totalAfterDisc [200]
[ADMIN] [6/7/2016 14:11] [PENJUALAN] CASHIER FORM : TextBox_TextChanged, isLoading [False]
[ADMIN] [6/7/2016 14:11] [PENJUALAN] CASHIER FORM : TextBox_TextChanged, rowSelectedIndex [0]
[ADMIN] [6/7/2016 14:11] [PENJUALAN] CASHIER FORM : TextBox_TextChanged, previousInput [2]
[ADMIN] [6/7/2016 14:11] [PENJUALAN] CASHIER FORM : TextBox_TextChanged, dataGridViewTextBoxEditingControl.Text pass REGEX Checking
[ADMIN] [6/7/2016 14:11] [PENJUALAN] CASHIER FORM : CHECK STOCK QTY IS ENOUGH [1]
[ADMIN] [6/7/2016 14:11] [PENJUALAN] CASHIER FORM : CHECK STOCK QTY IS ENOUGH [100, 2]
[ADMIN] [6/7/2016 14:11] [PENJUALAN] CASHIER FORM : CALCULATE SUBTOTAL
[ADMIN] [6/7/2016 14:11] [PENJUALAN] CASHIER FORM : SUBTOTAL [200]
[ADMIN] [6/7/2016 14:11] [PENJUALAN] CASHIER FORM : TextBox_TextChanged, subtotal value [200]
[ADMIN] [6/7/2016 14:11] [PENJUALAN] CASHIER FORM : TextBox_TextChanged, attempt to calculate total value
[ADMIN] [6/7/2016 14:11] [PENJUALAN] CASHIER FORM : calculateTotal
[ADMIN] [6/7/2016 14:11] [PENJUALAN] CASHIER FORM : calculateTotal [200]
[ADMIN] [6/7/2016 14:11] [PENJUALAN] CASHIER FORM : calculateTotal, totalAfterDisc [200]
[ADMIN] [6/7/2016 14:11] [PENJUALAN] CASHIER FORM : TextBox_TextChanged, isLoading [False]
[ADMIN] [6/7/2016 14:11] [PENJUALAN] CASHIER FORM : TextBox_TextChanged, rowSelectedIndex [0]
[ADMIN] [6/7/2016 14:11] [PENJUALAN] CASHIER FORM : TextBox_TextChanged, previousInput []
[ADMIN] [6/7/2016 14:11] [PENJUALAN] CASHIER FORM : TextBox_TextChanged, dataGridViewTextBoxEditingControl.Text pass REGEX Checking
[ADMIN] [6/7/2016 14:11] [PENJUALAN] CASHIER FORM : CALCULATE SUBTOTAL
[ADMIN] [6/7/2016 14:11] [PENJUALAN] CASHIER FORM : SUBTOTAL [200]
[ADMIN] [6/7/2016 14:11] [PENJUALAN] CASHIER FORM : TextBox_TextChanged, subtotal value [200]
[ADMIN] [6/7/2016 14:11] [PENJUALAN] CASHIER FORM : TextBox_TextChanged, attempt to calculate total value
[ADMIN] [6/7/2016 14:11] [PENJUALAN] CASHIER FORM : calculateTotal
[ADMIN] [6/7/2016 14:11] [PENJUALAN] CASHIER FORM : calculateTotal [200]
[ADMIN] [6/7/2016 14:11] [PENJUALAN] CASHIER FORM : calculateTotal, totalAfterDisc [200]
[ADMIN] [6/7/2016 14:11] [PENJUALAN] CASHIER FORM : TextBox_TextChanged, isLoading [False]
[ADMIN] [6/7/2016 14:11] [PENJUALAN] CASHIER FORM : TextBox_TextChanged, rowSelectedIndex [0]
[ADMIN] [6/7/2016 14:11] [PENJUALAN] CASHIER FORM : TextBox_TextChanged, previousInput []
[ADMIN] [6/7/2016 14:11] [PENJUALAN] CASHIER FORM : TextBox_TextChanged, dataGridViewTextBoxEditingControl.Text pass REGEX Checking
[ADMIN] [6/7/2016 14:11] [PENJUALAN] CASHIER FORM : CALCULATE SUBTOTAL
[ADMIN] [6/7/2016 14:11] [PENJUALAN] CASHIER FORM : SUBTOTAL [200]
[ADMIN] [6/7/2016 14:11] [PENJUALAN] CASHIER FORM : TextBox_TextChanged, subtotal value [200]
[ADMIN] [6/7/2016 14:11] [PENJUALAN] CASHIER FORM : TextBox_TextChanged, attempt to calculate total value
[ADMIN] [6/7/2016 14:11] [PENJUALAN] CASHIER FORM : calculateTotal
[ADMIN] [6/7/2016 14:11] [PENJUALAN] CASHIER FORM : calculateTotal [200]
[ADMIN] [6/7/2016 14:11] [PENJUALAN] CASHIER FORM : calculateTotal, totalAfterDisc [200]
[ADMIN] [6/7/2016 14:11] [PENJUALAN] CASHIER FORM : TextBox_TextChanged, isLoading [False]
[ADMIN] [6/7/2016 14:11] [PENJUALAN] CASHIER FORM : TextBox_TextChanged, rowSelectedIndex [0]
[ADMIN] [6/7/2016 14:11] [PENJUALAN] CASHIER FORM : TextBox_TextChanged, previousInput []
[ADMIN] [6/7/2016 14:11] [PENJUALAN] CASHIER FORM : TextBox_TextChanged, dataGridViewTextBoxEditingControl.Text pass REGEX Checking
[ADMIN] [6/7/2016 14:11] [PENJUALAN] CASHIER FORM : CALCULATE SUBTOTAL
[ADMIN] [6/7/2016 14:11] [PENJUALAN] CASHIER FORM : SUBTOTAL [200]
[ADMIN] [6/7/2016 14:11] [PENJUALAN] CASHIER FORM : TextBox_TextChanged, subtotal value [200]
[ADMIN] [6/7/2016 14:11] [PENJUALAN] CASHIER FORM : TextBox_TextChanged, attempt to calculate total value
[ADMIN] [6/7/2016 14:11] [PENJUALAN] CASHIER FORM : calculateTotal
[ADMIN] [6/7/2016 14:11] [PENJUALAN] CASHIER FORM : calculateTotal [200]
[ADMIN] [6/7/2016 14:11] [PENJUALAN] CASHIER FORM : calculateTotal, totalAfterDisc [200]
[ADMIN] [6/7/2016 14:11] [PENJUALAN] CASHIER FORM : TextBox_TextChanged, isLoading [False]
[ADMIN] [6/7/2016 14:11] [PENJUALAN] CASHIER FORM : TextBox_TextChanged, rowSelectedIndex [0]
[ADMIN] [6/7/2016 14:11] [PENJUALAN] CASHIER FORM : TextBox_TextChanged, previousInput []
[ADMIN] [6/7/2016 14:11] [PENJUALAN] CASHIER FORM : TextBox_TextChanged, dataGridViewTextBoxEditingControl.Text pass REGEX Checking
[ADMIN] [6/7/2016 14:11] [PENJUALAN] CASHIER FORM : CALCULATE SUBTOTAL
[ADMIN] [6/7/2016 14:11] [PENJUALAN] CASHIER FORM : SUBTOTAL [200]
[ADMIN] [6/7/2016 14:11] [PENJUALAN] CASHIER FORM : TextBox_TextChanged, subtotal value [200]
[ADMIN] [6/7/2016 14:11] [PENJUALAN] CASHIER FORM : TextBox_TextChanged, attempt to calculate total value
[ADMIN] [6/7/2016 14:11] [PENJUALAN] CASHIER FORM : calculateTotal
[ADMIN] [6/7/2016 14:11] [PENJUALAN] CASHIER FORM : calculateTotal [200]
[ADMIN] [6/7/2016 14:11] [PENJUALAN] CASHIER FORM : calculateTotal, totalAfterDisc [200]
[ADMIN] [6/7/2016 14:11] [PENJUALAN] CASHIER FORM : TextBox_TextChanged, isLoading [False]
[ADMIN] [6/7/2016 14:11] [PENJUALAN] CASHIER FORM : TextBox_TextChanged, rowSelectedIndex [0]
[ADMIN] [6/7/2016 14:11] [PENJUALAN] CASHIER FORM : TextBox_TextChanged, previousInput []
[ADMIN] [6/7/2016 14:11] [PENJUALAN] CASHIER FORM : TextBox_TextChanged, dataGridViewTextBoxEditingControl.Text pass REGEX Checking
[ADMIN] [6/7/2016 14:11] [PENJUALAN] CASHIER FORM : CALCULATE SUBTOTAL
[ADMIN] [6/7/2016 14:11] [PENJUALAN] CASHIER FORM : SUBTOTAL [200]
[ADMIN] [6/7/2016 14:11] [PENJUALAN] CASHIER FORM : TextBox_TextChanged, subtotal value [200]
[ADMIN] [6/7/2016 14:11] [PENJUALAN] CASHIER FORM : TextBox_TextChanged, attempt to calculate total value
[ADMIN] [6/7/2016 14:11] [PENJUALAN] CASHIER FORM : calculateTotal
[ADMIN] [6/7/2016 14:11] [PENJUALAN] CASHIER FORM : calculateTotal [200]
[ADMIN] [6/7/2016 14:11] [PENJUALAN] CASHIER FORM : calculateTotal, totalAfterDisc [200]
[ADMIN] [6/7/2016 14:11] [PENJUALAN] CASHIER FORM : TextBox_TextChanged, isLoading [False]
[ADMIN] [6/7/2016 14:11] [PENJUALAN] CASHIER FORM : TextBox_TextChanged, rowSelectedIndex [0]
[ADMIN] [6/7/2016 14:11] [PENJUALAN] CASHIER FORM : TextBox_TextChanged, previousInput []
[ADMIN] [6/7/2016 14:11] [PENJUALAN] CASHIER FORM : TextBox_TextChanged, dataGridViewTextBoxEditingControl.Text pass REGEX Checking
[ADMIN] [6/7/2016 14:11] [PENJUALAN] CASHIER FORM : CALCULATE SUBTOTAL
[ADMIN] [6/7/2016 14:11] [PENJUALAN] CASHIER FORM : SUBTOTAL [200]
[ADMIN] [6/7/2016 14:11] [PENJUALAN] CASHIER FORM : TextBox_TextChanged, subtotal value [200]
[ADMIN] [6/7/2016 14:11] [PENJUALAN] CASHIER FORM : TextBox_TextChanged, attempt to calculate total value
[ADMIN] [6/7/2016 14:11] [PENJUALAN] CASHIER FORM : calculateTotal
[ADMIN] [6/7/2016 14:11] [PENJUALAN] CASHIER FORM : calculateTotal [200]
[ADMIN] [6/7/2016 14:11] [PENJUALAN] CASHIER FORM : calculateTotal, totalAfterDisc [200]
[ADMIN] [6/7/2016 14:11] [PENJUALAN] CASHIER FORM : TextBox_TextChanged, isLoading [False]
[ADMIN] [6/7/2016 14:11] [PENJUALAN] CASHIER FORM : TextBox_TextChanged, rowSelectedIndex [0]
[ADMIN] [6/7/2016 14:11] [PENJUALAN] CASHIER FORM : TextBox_TextChanged, previousInput []
[ADMIN] [6/7/2016 14:11] [PENJUALAN] CASHIER FORM : TextBox_TextChanged, dataGridViewTextBoxEditingControl.Text pass REGEX Checking
[ADMIN] [6/7/2016 14:11] [PENJUALAN] CASHIER FORM : CALCULATE SUBTOTAL
[ADMIN] [6/7/2016 14:11] [PENJUALAN] CASHIER FORM : SUBTOTAL [200]
[ADMIN] [6/7/2016 14:11] [PENJUALAN] CASHIER FORM : TextBox_TextChanged, subtotal value [200]
[ADMIN] [6/7/2016 14:11] [PENJUALAN] CASHIER FORM : TextBox_TextChanged, attempt to calculate total value
[ADMIN] [6/7/2016 14:11] [PENJUALAN] CASHIER FORM : calculateTotal
[ADMIN] [6/7/2016 14:11] [PENJUALAN] CASHIER FORM : calculateTotal [200]
[ADMIN] [6/7/2016 14:11] [PENJUALAN] CASHIER FORM : calculateTotal, totalAfterDisc [200]
[ADMIN] [6/7/2016 14:11] [PENJUALAN] CASHIER FORM : TextBox_TextChanged, isLoading [False]
[ADMIN] [6/7/2016 14:11] [PENJUALAN] CASHIER FORM : TextBox_TextChanged, rowSelectedIndex [0]
[ADMIN] [6/7/2016 14:11] [PENJUALAN] CASHIER FORM : TextBox_TextChanged, previousInput []
[ADMIN] [6/7/2016 14:11] [PENJUALAN] CASHIER FORM : TextBox_TextChanged, dataGridViewTextBoxEditingControl.Text pass REGEX Checking
[ADMIN] [6/7/2016 14:11] [PENJUALAN] CASHIER FORM : CALCULATE SUBTOTAL
[ADMIN] [6/7/2016 14:11] [PENJUALAN] CASHIER FORM : SUBTOTAL [200]
[ADMIN] [6/7/2016 14:11] [PENJUALAN] CASHIER FORM : TextBox_TextChanged, subtotal value [200]
[ADMIN] [6/7/2016 14:11] [PENJUALAN] CASHIER FORM : TextBox_TextChanged, attempt to calculate total value
[ADMIN] [6/7/2016 14:11] [PENJUALAN] CASHIER FORM : calculateTotal
[ADMIN] [6/7/2016 14:11] [PENJUALAN] CASHIER FORM : calculateTotal [200]
[ADMIN] [6/7/2016 14:11] [PENJUALAN] CASHIER FORM : calculateTotal, totalAfterDisc [200]
[ADMIN] [6/7/2016 14:11] [PENJUALAN] CASHIER FORM : PRODUCT PRICE TYPE [PRODUCT_BASE_PRICE]
[ADMIN] [6/7/2016 14:11] [PENJUALAN] CASHIER FORM : PRODUCT PRICE [100]
[ADMIN] [6/7/2016 14:11] [PENJUALAN] CASHIER FORM : ComboBox_SelectedIndexChanged, PRODUCT_BASE_PRICE [100]
[ADMIN] [6/7/2016 14:11] [PENJUALAN] CASHIER FORM : PRODUCT PRICE TYPE [PRODUCT_RETAIL_PRICE]
[ADMIN] [6/7/2016 14:11] [PENJUALAN] CASHIER FORM : PRODUCT PRICE [100]
[ADMIN] [6/7/2016 14:11] [PENJUALAN] CASHIER FORM : ComboBox_SelectedIndexChanged, PRODUCT_SALES_PRICE [100]
[ADMIN] [6/7/2016 14:11] [PENJUALAN] CASHIER FORM : CALCULATE SUBTOTAL
[ADMIN] [6/7/2016 14:11] [PENJUALAN] CASHIER FORM : SUBTOTAL [200]
[ADMIN] [6/7/2016 14:11] [PENJUALAN] CASHIER FORM : ComboBox_SelectedIndexChanged, subTotal [200]
[ADMIN] [6/7/2016 14:11] [PENJUALAN] CASHIER FORM : ComboBox_SelectedIndexChanged, attempt to calculate total
[ADMIN] [6/7/2016 14:11] [PENJUALAN] CASHIER FORM : calculateTotal
[ADMIN] [6/7/2016 14:11] [PENJUALAN] CASHIER FORM : calculateTotal [200]
[ADMIN] [6/7/2016 14:11] [PENJUALAN] CASHIER FORM : calculateTotal, totalAfterDisc [200]
[ADMIN] [6/7/2016 14:11] [PENJUALAN] CASHIER FORM : HOTKEY TO SAVE AND PRINT OUT INVOICE PRESSED
[ADMIN] [6/7/2016 14:11] [PENJUALAN] CASHIER FORM : UNREGISTER HOTKEY
[ADMIN] [6/7/2016 14:11] [PENJUALAN] CASHIER FORM : REGISTER HOTKEY
[ADMIN] [6/7/2016 14:11] [PENJUALAN] ATTEMPT TO SAVE AND PRINT OUT INVOICE
[ADMIN] [6/7/2016 14:11] [PENJUALAN] CASHIER FORM : UNREGISTER HOTKEY
[ADMIN] [6/7/2016 14:11] [PENJUALAN] CASHIER FORM : REGISTER HOTKEY
[ADMIN] [6/7/2016 14:11] [PENJUALAN] CASHIER FORM : calculateChangeValue, bayarTextBox.Text [5]
[ADMIN] [6/7/2016 14:11] [PENJUALAN] CASHIER FORM : calculateChangeValue, sisaBayar [0]
[ADMIN] [6/7/2016 14:11] [PENJUALAN] CASHIER FORM : calculateChangeValue, bayarTextBox.Text [50]
[ADMIN] [6/7/2016 14:11] [PENJUALAN] CASHIER FORM : calculateChangeValue, sisaBayar [0]
[ADMIN] [6/7/2016 14:11] [PENJUALAN] CASHIER FORM : calculateChangeValue, bayarTextBox.Text [500]
[ADMIN] [6/7/2016 14:11] [PENJUALAN] CASHIER FORM : calculateChangeValue, sisaBayar [300]
[ADMIN] [6/7/2016 14:11] [PENJUALAN] CASHIER FORM : HOTKEY TO SAVE AND PRINT OUT INVOICE PRESSED
[ADMIN] [6/7/2016 14:11] [PENJUALAN] CASHIER FORM : UNREGISTER HOTKEY
[ADMIN] [6/7/2016 14:11] [PENJUALAN] CASHIER FORM : REGISTER HOTKEY
[ADMIN] [6/7/2016 14:11] [PENJUALAN] ATTEMPT TO SAVE AND PRINT OUT INVOICE
[ADMIN] [6/7/2016 14:11] [PENJUALAN] CASHIER FORM : UNREGISTER HOTKEY
[ADMIN] [6/7/2016 14:11] [PENJUALAN] CASHIER FORM : REGISTER HOTKEY
[ADMIN] [6/7/2016 14:11] [PENJUALAN] CASHIER FORM : DISPLAY PELANGGAN FORM
[ADMIN] [6/7/2016 14:11] [PENJUALAN] CASHIER FORM : UNREGISTER HOTKEY
[ADMIN] [6/7/2016 14:11] [PENJUALAN] CASHIER FORM : SELECTED CUSTOMER ID [1]
[ADMIN] [6/7/2016 14:11] [PENJUALAN] CASHIER FORM : ATTEMPT TO SET CUSTOMER PROFILE
[ADMIN] [6/7/2016 14:11] [PENJUALAN] CASHIER FORM : SET CUSTOMER PROFILE [ANDRI]
[ADMIN] [6/7/2016 14:11] [PENJUALAN] CASHIER FORM : CUSTOMER GROUP [P-UMUM [ECER]]
[ADMIN] [6/7/2016 14:11] [PENJUALAN] CASHIER FORM : FINISHED SET CUSTOMER PROFILE
[ADMIN] [6/7/2016 14:11] [PENJUALAN] CASHIER FORM : ATTEMPT TO REFRESH PRODUCT PRICE
[ADMIN] [6/7/2016 14:11] [PENJUALAN] CASHIER FORM : PRODUCT PRICE TYPE [PRODUCT_RETAIL_PRICE]
[ADMIN] [6/7/2016 14:11] [PENJUALAN] CASHIER FORM : PRODUCT PRICE [100]
[ADMIN] [6/7/2016 14:11] [PENJUALAN] CASHIER FORM : CHECK IF THERE'S ANY ENTRY IN THE PRODUCT DISC
[ADMIN] [6/7/2016 14:11] [PENJUALAN] CASHIER FORM : CALCULATE SUBTOTAL
[ADMIN] [6/7/2016 14:11] [PENJUALAN] CASHIER FORM : SUBTOTAL [200]
[ADMIN] [6/7/2016 14:11] [PENJUALAN] CASHIER FORM : calculateTotal
[ADMIN] [6/7/2016 14:11] [PENJUALAN] CASHIER FORM : calculateTotal [200]
[ADMIN] [6/7/2016 14:11] [PENJUALAN] CASHIER FORM : calculateTotal, totalAfterDisc [200]
[ADMIN] [6/7/2016 14:11] [PENJUALAN] CASHIER FORM : calculateChangeValue, bayarTextBox.Text [500]
[ADMIN] [6/7/2016 14:11] [PENJUALAN] CASHIER FORM : calculateChangeValue, sisaBayar [300]
[ADMIN] [6/7/2016 14:11] [PENJUALAN] CASHIER FORM : PRODUCT PRICE REFRESHED
[ADMIN] [6/7/2016 14:11] [PENJUALAN] CASHIER FORM : REGISTER HOTKEY
[ADMIN] [6/7/2016 14:11] [PENJUALAN] CASHIER FORM : HOTKEY TO SAVE AND PRINT OUT INVOICE PRESSED
[ADMIN] [6/7/2016 14:11] [PENJUALAN] CASHIER FORM : UNREGISTER HOTKEY
[ADMIN] [6/7/2016 14:11] [PENJUALAN] CASHIER FORM : REGISTER HOTKEY
[ADMIN] [6/7/2016 14:11] [PENJUALAN] ATTEMPT TO SAVE AND PRINT OUT INVOICE
[ADMIN] [6/7/2016 14:11] [PENJUALAN] CASHIER FORM : ATTEMPT TO SAVE SALES DATA [07-06-2016 14:11]
[ADMIN] [6/7/2016 14:11] [PENJUALAN] CASHIER FORM : CASH SALES
[ADMIN] [6/7/2016 14:11] [PENJUALAN] CHECK IF TAX LIMIT SET FOR PERCENTAGE PURCHASE [50]
[ADMIN] [6/7/2016 14:11] [PENJUALAN] PERCENTAGE CALCULATION [0]
[ADMIN] [6/7/2016 14:11] [PENJUALAN] CASHIER FORM : NO FAKTUR [SLO001]
[ADMIN] [6/7/2016 14:11] [PENJUALAN] CASHIER FORM : MAX SALES INVOICE [0]
[ADMIN] [6/7/2016 14:11] [PENJUALAN] CASHIER FORM : SALES INVOICE [SLO001-1]
[ADMIN] [6/7/2016 14:11] [PENJUALAN] INSERT INTO SALES HEADER [SLO001-1]
[ADMIN] [6/7/2016 14:11] [PENJUALAN] CASHIER FORM : NO FAKTUR [SLO001]
[ADMIN] [6/7/2016 14:11] [PENJUALAN] CASHIER FORM : MAX SALES INVOICE [0]
[ADMIN] [6/7/2016 14:11] [PENJUALAN] CASHIER FORM : SALES INVOICE [SLO001-1]
[ADMIN] [6/7/2016 14:11] [PENJUALAN] INSERT INTO SALES HEADER TAX [SLO001-1]
[ADMIN] [6/7/2016 14:11] [PENJUALAN] EXCEPTION THROWN [Unknown column 'ORIGIN_SALES_INVOICE' in 'field list']
[ADMIN] [6/7/2016 14:11] [PENJUALAN] CASHIER FORM : UNREGISTER HOTKEY
[ADMIN] [6/7/2016 14:12] [PENJUALAN] CASHIER FORM : REGISTER HOTKEY
[ADMIN] [6/7/2016 14:12] [PENJUALAN] CASHIER FORM : UNREGISTER HOTKEY
[ADMIN] [6/7/2016 14:14] [PENJUALAN] CASHIER FORM : REGISTER HOTKEY
[ADMIN] [6/7/2016 14:14] [PENJUALAN] CASHIER FORM : HOTKEY TO SAVE AND PRINT OUT INVOICE PRESSED
[ADMIN] [6/7/2016 14:14] [PENJUALAN] CASHIER FORM : UNREGISTER HOTKEY
[ADMIN] [6/7/2016 14:14] [PENJUALAN] CASHIER FORM : REGISTER HOTKEY
[ADMIN] [6/7/2016 14:14] [PENJUALAN] ATTEMPT TO SAVE AND PRINT OUT INVOICE
[ADMIN] [6/7/2016 14:14] [PENJUALAN] CASHIER FORM : ATTEMPT TO SAVE SALES DATA [07-06-2016 14:14]
[ADMIN] [6/7/2016 14:14] [PENJUALAN] CASHIER FORM : CASH SALES
[ADMIN] [6/7/2016 14:14] [PENJUALAN] CHECK IF TAX LIMIT SET FOR PERCENTAGE PURCHASE [50]
[ADMIN] [6/7/2016 14:14] [PENJUALAN] PERCENTAGE CALCULATION [0]
[ADMIN] [6/7/2016 14:14] [PENJUALAN] CASHIER FORM : NO FAKTUR [SLO001]
[ADMIN] [6/7/2016 14:14] [PENJUALAN] CASHIER FORM : MAX SALES INVOICE [0]
[ADMIN] [6/7/2016 14:14] [PENJUALAN] CASHIER FORM : SALES INVOICE [SLO001-1]
[ADMIN] [6/7/2016 14:14] [PENJUALAN] INSERT INTO SALES HEADER [SLO001-1]
[ADMIN] [6/7/2016 14:14] [PENJUALAN] CASHIER FORM : NO FAKTUR [SLO001]
[ADMIN] [6/7/2016 14:14] [PENJUALAN] CASHIER FORM : MAX SALES INVOICE [0]
[ADMIN] [6/7/2016 14:14] [PENJUALAN] CASHIER FORM : SALES INVOICE [SLO001-1]
[ADMIN] [6/7/2016 14:14] [PENJUALAN] INSERT INTO SALES HEADER TAX [SLO001-1]
[ADMIN] [6/7/2016 14:14] [PENJUALAN] INSERT INTO SALES DETAIL[1, 100, 2]
[ADMIN] [6/7/2016 14:14] [PENJUALAN] EXCEPTION THROWN [Unknown column 'PRODUCT_PRICE' in 'field list']
[ADMIN] [6/7/2016 14:14] [PENJUALAN] CASHIER FORM : UNREGISTER HOTKEY
[ADMIN] [6/7/2016 14:14] [PENJUALAN] CASHIER FORM : REGISTER HOTKEY
[ADMIN] [6/7/2016 14:14] [PENJUALAN] CASHIER FORM : UNREGISTER HOTKEY
[ADMIN] [6/7/2016 14:15] [PENJUALAN] CASHIER FORM : REGISTER HOTKEY
[ADMIN] [6/7/2016 14:15] [PENJUALAN] CASHIER FORM : HOTKEY TO SAVE AND PRINT OUT INVOICE PRESSED
[ADMIN] [6/7/2016 14:15] [PENJUALAN] CASHIER FORM : UNREGISTER HOTKEY
[ADMIN] [6/7/2016 14:15] [PENJUALAN] CASHIER FORM : REGISTER HOTKEY
[ADMIN] [6/7/2016 14:15] [PENJUALAN] ATTEMPT TO SAVE AND PRINT OUT INVOICE
[ADMIN] [6/7/2016 14:15] [PENJUALAN] CASHIER FORM : ATTEMPT TO SAVE SALES DATA [07-06-2016 14:15]
[ADMIN] [6/7/2016 14:15] [PENJUALAN] CASHIER FORM : CASH SALES
[ADMIN] [6/7/2016 14:15] [PENJUALAN] CHECK IF TAX LIMIT SET FOR PERCENTAGE PURCHASE [50]
[ADMIN] [6/7/2016 14:15] [PENJUALAN] PERCENTAGE CALCULATION [0]
[ADMIN] [6/7/2016 14:15] [PENJUALAN] CASHIER FORM : NO FAKTUR [SLO001]
[ADMIN] [6/7/2016 14:15] [PENJUALAN] CASHIER FORM : MAX SALES INVOICE [0]
[ADMIN] [6/7/2016 14:15] [PENJUALAN] CASHIER FORM : SALES INVOICE [SLO001-1]
[ADMIN] [6/7/2016 14:15] [PENJUALAN] INSERT INTO SALES HEADER [SLO001-1]
[ADMIN] [6/7/2016 14:15] [PENJUALAN] CASHIER FORM : NO FAKTUR [SLO001]
[ADMIN] [6/7/2016 14:15] [PENJUALAN] CASHIER FORM : MAX SALES INVOICE [0]
[ADMIN] [6/7/2016 14:15] [PENJUALAN] CASHIER FORM : SALES INVOICE [SLO001-1]
[ADMIN] [6/7/2016 14:15] [PENJUALAN] INSERT INTO SALES HEADER TAX [SLO001-1]
[ADMIN] [6/7/2016 14:15] [PENJUALAN] INSERT INTO SALES DETAIL[1, 100, 2]
[ADMIN] [6/7/2016 14:15] [PENJUALAN] INSERT INTO SALES DETAIL TAX [1]
[ADMIN] [6/7/2016 14:15] [PENJUALAN] REDUCE STOCK AT PRODUCT_LOCATION [1/1]
[ADMIN] [6/7/2016 14:15] [PENJUALAN] REDUCE STOCK AT MASTER PRODUCT [1]
[ADMIN] [6/7/2016 14:15] [PENJUALAN] INSERT CUSTOMER PRODUCT DISC [1]
[ADMIN] [6/7/2016 14:15] [PENJUALAN] INSERT TO CREDIT TABLE [SLO001-1]
[ADMIN] [6/7/2016 14:15] [PENJUALAN] INSERT TO DAILY JOURNAL TABLE [200]
[ADMIN] [6/7/2016 14:15] [PENJUALAN] TRANSACTION SAVED
[ADMIN] [6/7/2016 14:15] [PENJUALAN] CASHIER FORM : UNREGISTER HOTKEY
[ADMIN] [6/7/2016 14:15] [PENJUALAN] CASHIER FORM : REGISTER HOTKEY
[ADMIN] [6/7/2016 14:15] [PENJUALAN] CASHIER FORM : UNREGISTER HOTKEY
[ADMIN] [6/7/2016 14:15] [PENJUALAN] CASHIER FORM : UNREGISTER HOTKEY
[ADMIN] [6/7/2016 14:16] [] USER ID = 1LOGOUT
