[] [6/6/2016 14:41] [] USER = ADMIN IS ACTIVE
[ADMIN] [6/6/2016 14:41] [] USER ID = 1 LOGIN SUCCESSFULLY
[ADMIN] [6/6/2016 14:41] [] ACTIVATE USER ACCESS RIGHT
[ADMIN] [6/6/2016 14:41] [] DISPLAY ADMIN FORM
[ADMIN] [6/6/2016 14:41] [] adminForm Load
[ADMIN] [6/6/2016 14:43] [TAMBAH / UPDATE PRODUK] INSERT NEW PRODUCT [2]
[ADMIN] [6/6/2016 14:43] [TAMBAH / UPDATE PRODUK] INSERT PRODUCT CATEGORY FOR [2]
[ADMIN] [6/6/2016 14:43] [SATUAN PRODUK] ADD NEW UNIT CONVERT [1/2/10]
[ADMIN] [6/6/2016 14:44] [PECAH SATUAN PRODUK] REDUCE PRODUCT LOCATION QTY [1] AMT [10/1]
[ADMIN] [6/6/2016 14:44] [PECAH SATUAN PRODUK] REDUCE QTY [1] AMT [10]
[ADMIN] [6/6/2016 14:44] [PECAH SATUAN PRODUK] ADD PRODUCT LOCATION QTY [LIDI] AMT [100] [1]
[ADMIN] [6/6/2016 14:44] [PECAH SATUAN PRODUK] ADD QTY [LIDI] AMT [100]
[] [6/6/2016 15:12] [] USER = ADMIN IS ACTIVE
[ADMIN] [6/6/2016 15:12] [] USER ID = 1 LOGIN SUCCESSFULLY
[ADMIN] [6/6/2016 15:12] [] ACTIVATE USER ACCESS RIGHT
[ADMIN] [6/6/2016 15:12] [] DISPLAY ADMIN FORM
[ADMIN] [6/6/2016 15:12] [] adminForm Load
[] [6/6/2016 15:21] [] USER = ADMIN IS ACTIVE
[ADMIN] [6/6/2016 15:21] [] USER ID = 1 LOGIN SUCCESSFULLY
[ADMIN] [6/6/2016 15:21] [] ACTIVATE USER ACCESS RIGHT
[ADMIN] [6/6/2016 15:21] [] DISPLAY ADMIN FORM
[ADMIN] [6/6/2016 15:21] [] adminForm Load
[ADMIN] [6/6/2016 15:22] [PENYESUAIAN STOK] TRY TO DO MANUAL STOCK ADJUSTMENT
[ADMIN] [6/6/2016 15:22] [PENYESUAIAN STOK] UPDATE PRODUCT LOCATION QTY [2]
[ADMIN] [6/6/2016 15:22] [PENYESUAIAN STOK] UPDATE STOCK QTY [2]
[ADMIN] [6/6/2016 15:22] [PENYESUAIAN STOK] INSERT INTO PRODUCT ADJUSTMENT TABLE [2, 20, 100]
[] [6/6/2016 15:25] [] USER = ADMIN IS ACTIVE
[ADMIN] [6/6/2016 15:25] [] USER ID = 1 LOGIN SUCCESSFULLY
[ADMIN] [6/6/2016 15:25] [] ACTIVATE USER ACCESS RIGHT
[ADMIN] [6/6/2016 15:25] [] DISPLAY ADMIN FORM
[ADMIN] [6/6/2016 15:25] [] adminForm Load
