[] [6/30/2016 12:37] [] USER = ADMIN IS ACTIVE
[ADMIN] [6/30/2016 12:37] [] USER ID = 1 LOGIN SUCCESSFULLY
[ADMIN] [6/30/2016 12:37] [] ACTIVATE USER ACCESS RIGHT
[ADMIN] [6/30/2016 12:37] [] DISPLAY ADMIN FORM
[ADMIN] [6/30/2016 12:37] [] adminForm Load
[ADMIN] [6/30/2016 12:42] [PENJUALAN] CASHIER FORM : REGISTER HOTKEY
[ADMIN] [6/30/2016 12:42] [PENJUALAN] CASHIER FORM : calculateTotal
[ADMIN] [6/30/2016 12:42] [PENJUALAN] CASHIER FORM : calculateTotal [0]
[ADMIN] [6/30/2016 12:42] [PENJUALAN] CASHIER FORM : calculateTotal, totalAfterDisc [0]
[ADMIN] [6/30/2016 12:42] [PENJUALAN] CASHIER FORM : REGISTER HOTKEY
[ADMIN] [6/30/2016 12:42] [PENJUALAN] CASHIER FORM : HOTKEY TO ADD NEW ROW PRESSED
[ADMIN] [6/30/2016 12:42] [PENJUALAN] CASHIER FORM : ADD NEW ROW,  isActive [True]
[ADMIN] [6/30/2016 12:42] [PENJUALAN] CASHIER FORM : ADD NEW ROW,  ROW COUNT [0]
[ADMIN] [6/30/2016 12:42] [PENJUALAN] CASHIER FORM : ADD NEW ROW,  ALLOW TO ADD [True]
[ADMIN] [6/30/2016 12:42] [PENJUALAN] CASHIER FORM : PRODUCT PRICE TYPE [PRODUCT_BASE_PRICE]
[ADMIN] [6/30/2016 12:42] [PENJUALAN] CASHIER FORM : PRODUCT PRICE [26625]
[ADMIN] [6/30/2016 12:42] [PENJUALAN] CASHIER FORM : ComboBox_SelectedIndexChanged, PRODUCT_BASE_PRICE [26625]
[ADMIN] [6/30/2016 12:42] [PENJUALAN] CASHIER FORM : PRODUCT PRICE TYPE [PRODUCT_RETAIL_PRICE]
[ADMIN] [6/30/2016 12:42] [PENJUALAN] CASHIER FORM : PRODUCT PRICE [34000]
[ADMIN] [6/30/2016 12:42] [PENJUALAN] CASHIER FORM : ComboBox_SelectedIndexChanged, PRODUCT_SALES_PRICE [34000]
[ADMIN] [6/30/2016 12:42] [PENJUALAN] CASHIER FORM : ComboBox_SelectedIndexChanged, attempt to calculate total
[ADMIN] [6/30/2016 12:42] [PENJUALAN] CASHIER FORM : calculateTotal
[ADMIN] [6/30/2016 12:42] [PENJUALAN] CASHIER FORM : calculateTotal [0]
[ADMIN] [6/30/2016 12:42] [PENJUALAN] CASHIER FORM : calculateTotal, totalAfterDisc [0]
[ADMIN] [6/30/2016 12:42] [PENJUALAN] CASHIER FORM : TextBox_TextChanged, isLoading [False]
[ADMIN] [6/30/2016 12:42] [PENJUALAN] CASHIER FORM : TextBox_TextChanged, rowSelectedIndex [0]
[ADMIN] [6/30/2016 12:42] [PENJUALAN] CASHIER FORM : TextBox_TextChanged, isLoading [False]
[ADMIN] [6/30/2016 12:42] [PENJUALAN] CASHIER FORM : TextBox_TextChanged, rowSelectedIndex [0]
[ADMIN] [6/30/2016 12:42] [PENJUALAN] CASHIER FORM : TextBox_TextChanged, isLoading [False]
[ADMIN] [6/30/2016 12:42] [PENJUALAN] CASHIER FORM : TextBox_TextChanged, rowSelectedIndex [0]
[ADMIN] [6/30/2016 12:42] [PENJUALAN] CASHIER FORM : TextBox_TextChanged, isLoading [False]
[ADMIN] [6/30/2016 12:42] [PENJUALAN] CASHIER FORM : TextBox_TextChanged, rowSelectedIndex [0]
[ADMIN] [6/30/2016 12:42] [PENJUALAN] CASHIER FORM : TextBox_TextChanged, previousInput [0]
[ADMIN] [6/30/2016 12:42] [PENJUALAN] CASHIER FORM : TextBox_TextChanged, dataGridViewTextBoxEditingControl.Text [0]
[ADMIN] [6/30/2016 12:42] [PENJUALAN] CASHIER FORM : TextBox_TextChanged, dataGridViewTextBoxEditingControl.Text pass REGEX Checking
[ADMIN] [6/30/2016 12:42] [PENJUALAN] CASHIER FORM : CHECK STOCK QTY IS ENOUGH [1]
[ADMIN] [6/30/2016 12:42] [PENJUALAN] CASHIER FORM : CHECK STOCK QTY IS ENOUGH [2, 0]
[ADMIN] [6/30/2016 12:42] [PENJUALAN] CASHIER FORM : CALCULATE SUBTOTAL
[ADMIN] [6/30/2016 12:42] [PENJUALAN] CASHIER FORM : SUBTOTAL [0]
[ADMIN] [6/30/2016 12:42] [PENJUALAN] CASHIER FORM : TextBox_TextChanged, subtotal value [0]
[ADMIN] [6/30/2016 12:42] [PENJUALAN] CASHIER FORM : TextBox_TextChanged, attempt to calculate total value
[ADMIN] [6/30/2016 12:42] [PENJUALAN] CASHIER FORM : calculateTotal
[ADMIN] [6/30/2016 12:42] [PENJUALAN] CASHIER FORM : calculateTotal [0]
[ADMIN] [6/30/2016 12:42] [PENJUALAN] CASHIER FORM : calculateTotal, totalAfterDisc [0]
[ADMIN] [6/30/2016 12:42] [PENJUALAN] CASHIER FORM : TextBox_TextChanged, isLoading [False]
[ADMIN] [6/30/2016 12:42] [PENJUALAN] CASHIER FORM : TextBox_TextChanged, rowSelectedIndex [0]
[ADMIN] [6/30/2016 12:42] [PENJUALAN] CASHIER FORM : TextBox_TextChanged, previousInput [0]
[ADMIN] [6/30/2016 12:42] [PENJUALAN] CASHIER FORM : TextBox_TextChanged, dataGridViewTextBoxEditingControl.Text [2]
[ADMIN] [6/30/2016 12:42] [PENJUALAN] CASHIER FORM : TextBox_TextChanged, dataGridViewTextBoxEditingControl.Text pass REGEX Checking
[ADMIN] [6/30/2016 12:42] [PENJUALAN] CASHIER FORM : CHECK STOCK QTY IS ENOUGH [1]
[ADMIN] [6/30/2016 12:42] [PENJUALAN] CASHIER FORM : CHECK STOCK QTY IS ENOUGH [2, 2]
[ADMIN] [6/30/2016 12:42] [PENJUALAN] CASHIER FORM : CALCULATE SUBTOTAL
[ADMIN] [6/30/2016 12:42] [PENJUALAN] CASHIER FORM : SUBTOTAL [68000]
[ADMIN] [6/30/2016 12:42] [PENJUALAN] CASHIER FORM : TextBox_TextChanged, subtotal value [68000]
[ADMIN] [6/30/2016 12:42] [PENJUALAN] CASHIER FORM : TextBox_TextChanged, attempt to calculate total value
[ADMIN] [6/30/2016 12:42] [PENJUALAN] CASHIER FORM : calculateTotal
[ADMIN] [6/30/2016 12:42] [PENJUALAN] CASHIER FORM : calculateTotal [68000]
[ADMIN] [6/30/2016 12:42] [PENJUALAN] CASHIER FORM : calculateTotal, totalAfterDisc [68000]
[ADMIN] [6/30/2016 12:42] [PENJUALAN] CASHIER FORM : TextBox_TextChanged, isLoading [False]
[ADMIN] [6/30/2016 12:42] [PENJUALAN] CASHIER FORM : TextBox_TextChanged, rowSelectedIndex [0]
[ADMIN] [6/30/2016 12:42] [PENJUALAN] CASHIER FORM : TextBox_TextChanged, previousInput [2]
[ADMIN] [6/30/2016 12:42] [PENJUALAN] CASHIER FORM : TextBox_TextChanged, dataGridViewTextBoxEditingControl.Text pass REGEX Checking
[ADMIN] [6/30/2016 12:42] [PENJUALAN] CASHIER FORM : CHECK STOCK QTY IS ENOUGH [1]
[ADMIN] [6/30/2016 12:42] [PENJUALAN] CASHIER FORM : CHECK STOCK QTY IS ENOUGH [2, 2]
[ADMIN] [6/30/2016 12:42] [PENJUALAN] CASHIER FORM : CALCULATE SUBTOTAL
[ADMIN] [6/30/2016 12:42] [PENJUALAN] CASHIER FORM : SUBTOTAL [68000]
[ADMIN] [6/30/2016 12:42] [PENJUALAN] CASHIER FORM : TextBox_TextChanged, subtotal value [68000]
[ADMIN] [6/30/2016 12:42] [PENJUALAN] CASHIER FORM : TextBox_TextChanged, attempt to calculate total value
[ADMIN] [6/30/2016 12:42] [PENJUALAN] CASHIER FORM : calculateTotal
[ADMIN] [6/30/2016 12:42] [PENJUALAN] CASHIER FORM : calculateTotal [68000]
[ADMIN] [6/30/2016 12:42] [PENJUALAN] CASHIER FORM : calculateTotal, totalAfterDisc [68000]
[ADMIN] [6/30/2016 12:42] [PENJUALAN] CASHIER FORM : UNREGISTER HOTKEY
[ADMIN] [6/30/2016 12:42] [PENJUALAN] CASHIER FORM : REGISTER HOTKEY
[ADMIN] [6/30/2016 12:42] [PENJUALAN] CASHIER FORM : HOTKEY TO SAVE AND PRINT OUT INVOICE PRESSED
[ADMIN] [6/30/2016 12:42] [PENJUALAN] CASHIER FORM : UNREGISTER HOTKEY
[ADMIN] [6/30/2016 12:42] [PENJUALAN] CASHIER FORM : REGISTER HOTKEY
[ADMIN] [6/30/2016 12:42] [PENJUALAN] ATTEMPT TO SAVE AND PRINT OUT INVOICE
[ADMIN] [6/30/2016 12:42] [PENJUALAN] CASHIER FORM : UNREGISTER HOTKEY
[ADMIN] [6/30/2016 12:42] [PENJUALAN] CASHIER FORM : REGISTER HOTKEY
[ADMIN] [6/30/2016 12:42] [PENJUALAN] CASHIER FORM : UNREGISTER HOTKEY
[ADMIN] [6/30/2016 12:42] [PENJUALAN] CASHIER FORM : ATTEMPT TO SAVE SALES DATA [30-06-2016 12:42]
[ADMIN] [6/30/2016 12:42] [PENJUALAN] CASHIER FORM : CASH SALES
[ADMIN] [6/30/2016 12:42] [PENJUALAN] CASHIER FORM : MAX SALES INVOICE [4]
[ADMIN] [6/30/2016 12:42] [PENJUALAN] CASHIER FORM : SALES INVOICE [SQ-5]
[ADMIN] [6/30/2016 12:42] [PENJUALAN] INSERT INTO SALES QUOTATION HEADER [SQ-5]
[ADMIN] [6/30/2016 12:42] [PENJUALAN] INSERT INTO SALES QUOTATION DETAIL[1, 34000, 2]
[ADMIN] [6/30/2016 12:42] [PENJUALAN] CASHIER FORM : REGISTER HOTKEY
[ADMIN] [6/30/2016 12:42] [PENJUALAN] TRANSACTION SAVED
[ADMIN] [6/30/2016 12:42] [PENJUALAN] CASHIER FORM : UNREGISTER HOTKEY
[ADMIN] [6/30/2016 12:42] [PENJUALAN] CASHIER FORM : REGISTER HOTKEY
[ADMIN] [6/30/2016 12:42] [PENJUALAN] CASHIER FORM : UNREGISTER HOTKEY
[ADMIN] [6/30/2016 12:42] [PENJUALAN] CASHIER FORM : UNREGISTER HOTKEY
[ADMIN] [6/30/2016 12:42] [PENJUALAN] CASHIER FORM : REGISTER HOTKEY
[ADMIN] [6/30/2016 12:43] [PENJUALAN] CASHIER FORM : ADD NEW ROW,  isActive [True]
[ADMIN] [6/30/2016 12:43] [PENJUALAN] CASHIER FORM : ADD NEW ROW,  ROW COUNT [0]
[ADMIN] [6/30/2016 12:43] [PENJUALAN] CASHIER FORM : ADD NEW ROW,  ALLOW TO ADD [True]
[ADMIN] [6/30/2016 12:43] [PENJUALAN] CASHIER FORM : REGISTER HOTKEY
[ADMIN] [6/30/2016 12:43] [PENJUALAN] CASHIER FORM : DISPLAY PELANGGAN FORM
[ADMIN] [6/30/2016 12:43] [PENJUALAN] CASHIER FORM : UNREGISTER HOTKEY
[ADMIN] [6/30/2016 12:43] [PENJUALAN] CASHIER FORM : SELECTED CUSTOMER ID [3]
[ADMIN] [6/30/2016 12:43] [PENJUALAN] CASHIER FORM : ATTEMPT TO SET CUSTOMER PROFILE
[ADMIN] [6/30/2016 12:43] [PENJUALAN] CASHIER FORM : SET CUSTOMER PROFILE [SASA]
[ADMIN] [6/30/2016 12:43] [PENJUALAN] CASHIER FORM : CUSTOMER GROUP [P-PARTAI]
[ADMIN] [6/30/2016 12:43] [PENJUALAN] CASHIER FORM : FINISHED SET CUSTOMER PROFILE
[ADMIN] [6/30/2016 12:43] [PENJUALAN] CASHIER FORM : ATTEMPT TO REFRESH PRODUCT PRICE
[ADMIN] [6/30/2016 12:43] [PENJUALAN] CASHIER FORM : PRODUCT PRICE TYPE [PRODUCT_BULK_PRICE]
[ADMIN] [6/30/2016 12:43] [PENJUALAN] CASHIER FORM : PRODUCT PRICE [32000]
[ADMIN] [6/30/2016 12:43] [PENJUALAN] CASHIER FORM : CHECK IF THERE'S ANY ENTRY IN THE PRODUCT DISC
[ADMIN] [6/30/2016 12:43] [PENJUALAN] CASHIER FORM : CALCULATE SUBTOTAL
[ADMIN] [6/30/2016 12:43] [PENJUALAN] CASHIER FORM : SUBTOTAL [0]
[ADMIN] [6/30/2016 12:43] [PENJUALAN] CASHIER FORM : calculateTotal
[ADMIN] [6/30/2016 12:43] [PENJUALAN] CASHIER FORM : calculateTotal [0]
[ADMIN] [6/30/2016 12:43] [PENJUALAN] CASHIER FORM : calculateTotal, totalAfterDisc [0]
[ADMIN] [6/30/2016 12:43] [PENJUALAN] CASHIER FORM : PRODUCT PRICE REFRESHED
[ADMIN] [6/30/2016 12:43] [PENJUALAN] CASHIER FORM : REGISTER HOTKEY
[ADMIN] [6/30/2016 12:43] [PENJUALAN] CASHIER FORM : HOTKEY TO SAVE AND PRINT OUT INVOICE PRESSED
[ADMIN] [6/30/2016 12:43] [PENJUALAN] CASHIER FORM : UNREGISTER HOTKEY
[ADMIN] [6/30/2016 12:43] [PENJUALAN] CASHIER FORM : REGISTER HOTKEY
[ADMIN] [6/30/2016 12:43] [PENJUALAN] ATTEMPT TO SAVE AND PRINT OUT INVOICE
[ADMIN] [6/30/2016 12:43] [PENJUALAN] CASHIER FORM : discJualMaskedTextBox_Validating, totalAfterDisc [0]
[ADMIN] [6/30/2016 12:43] [PENJUALAN] CASHIER FORM : TextBox_TextChanged, isLoading [False]
[ADMIN] [6/30/2016 12:43] [PENJUALAN] CASHIER FORM : TextBox_TextChanged, rowSelectedIndex [0]
[ADMIN] [6/30/2016 12:43] [PENJUALAN] CASHIER FORM : TextBox_TextChanged, isLoading [False]
[ADMIN] [6/30/2016 12:43] [PENJUALAN] CASHIER FORM : TextBox_TextChanged, rowSelectedIndex [0]
[ADMIN] [6/30/2016 12:43] [PENJUALAN] CASHIER FORM : TextBox_TextChanged, previousInput [0]
[ADMIN] [6/30/2016 12:43] [PENJUALAN] CASHIER FORM : TextBox_TextChanged, dataGridViewTextBoxEditingControl.Text [2]
[ADMIN] [6/30/2016 12:43] [PENJUALAN] CASHIER FORM : TextBox_TextChanged, dataGridViewTextBoxEditingControl.Text pass REGEX Checking
[ADMIN] [6/30/2016 12:43] [PENJUALAN] CASHIER FORM : CHECK STOCK QTY IS ENOUGH [1]
[ADMIN] [6/30/2016 12:43] [PENJUALAN] CASHIER FORM : CHECK STOCK QTY IS ENOUGH [2, 2]
[ADMIN] [6/30/2016 12:43] [PENJUALAN] CASHIER FORM : CALCULATE SUBTOTAL
[ADMIN] [6/30/2016 12:43] [PENJUALAN] CASHIER FORM : SUBTOTAL [64000]
[ADMIN] [6/30/2016 12:43] [PENJUALAN] CASHIER FORM : TextBox_TextChanged, subtotal value [64000]
[ADMIN] [6/30/2016 12:43] [PENJUALAN] CASHIER FORM : TextBox_TextChanged, attempt to calculate total value
[ADMIN] [6/30/2016 12:43] [PENJUALAN] CASHIER FORM : calculateTotal
[ADMIN] [6/30/2016 12:43] [PENJUALAN] CASHIER FORM : calculateTotal [64000]
[ADMIN] [6/30/2016 12:43] [PENJUALAN] CASHIER FORM : calculateTotal, totalAfterDisc [64000]
[ADMIN] [6/30/2016 12:43] [PENJUALAN] CASHIER FORM : TextBox_TextChanged, isLoading [False]
[ADMIN] [6/30/2016 12:43] [PENJUALAN] CASHIER FORM : TextBox_TextChanged, rowSelectedIndex [0]
[ADMIN] [6/30/2016 12:43] [PENJUALAN] CASHIER FORM : TextBox_TextChanged, previousInput [2]
[ADMIN] [6/30/2016 12:43] [PENJUALAN] CASHIER FORM : TextBox_TextChanged, dataGridViewTextBoxEditingControl.Text pass REGEX Checking
[ADMIN] [6/30/2016 12:43] [PENJUALAN] CASHIER FORM : CHECK STOCK QTY IS ENOUGH [1]
[ADMIN] [6/30/2016 12:43] [PENJUALAN] CASHIER FORM : CHECK STOCK QTY IS ENOUGH [2, 2]
[ADMIN] [6/30/2016 12:43] [PENJUALAN] CASHIER FORM : CALCULATE SUBTOTAL
[ADMIN] [6/30/2016 12:43] [PENJUALAN] CASHIER FORM : SUBTOTAL [64000]
[ADMIN] [6/30/2016 12:43] [PENJUALAN] CASHIER FORM : TextBox_TextChanged, subtotal value [64000]
[ADMIN] [6/30/2016 12:43] [PENJUALAN] CASHIER FORM : TextBox_TextChanged, attempt to calculate total value
[ADMIN] [6/30/2016 12:43] [PENJUALAN] CASHIER FORM : calculateTotal
[ADMIN] [6/30/2016 12:43] [PENJUALAN] CASHIER FORM : calculateTotal [64000]
[ADMIN] [6/30/2016 12:43] [PENJUALAN] CASHIER FORM : calculateTotal, totalAfterDisc [64000]
[ADMIN] [6/30/2016 12:43] [PENJUALAN] CASHIER FORM : HOTKEY TO SAVE AND PRINT OUT INVOICE PRESSED
[ADMIN] [6/30/2016 12:43] [PENJUALAN] CASHIER FORM : UNREGISTER HOTKEY
[ADMIN] [6/30/2016 12:43] [PENJUALAN] CASHIER FORM : REGISTER HOTKEY
[ADMIN] [6/30/2016 12:43] [PENJUALAN] CASHIER FORM : DISPLAY PELANGGAN FORM
[ADMIN] [6/30/2016 12:43] [PENJUALAN] CASHIER FORM : UNREGISTER HOTKEY
[ADMIN] [6/30/2016 12:43] [PENJUALAN] CASHIER FORM : SELECTED CUSTOMER ID [9]
[ADMIN] [6/30/2016 12:43] [PENJUALAN] CASHIER FORM : ATTEMPT TO SET CUSTOMER PROFILE
[ADMIN] [6/30/2016 12:43] [PENJUALAN] CASHIER FORM : SET CUSTOMER PROFILE [KMS PET RIO]
[ADMIN] [6/30/2016 12:43] [PENJUALAN] CASHIER FORM : CUSTOMER GROUP [P-GROSIR]
[ADMIN] [6/30/2016 12:43] [PENJUALAN] CASHIER FORM : FINISHED SET CUSTOMER PROFILE
[ADMIN] [6/30/2016 12:43] [PENJUALAN] CASHIER FORM : ATTEMPT TO REFRESH PRODUCT PRICE
[ADMIN] [6/30/2016 12:43] [PENJUALAN] CASHIER FORM : PRODUCT PRICE TYPE [PRODUCT_WHOLESALE_PRICE]
[ADMIN] [6/30/2016 12:43] [PENJUALAN] CASHIER FORM : PRODUCT PRICE [30000]
[ADMIN] [6/30/2016 12:43] [PENJUALAN] CASHIER FORM : CHECK IF THERE'S ANY ENTRY IN THE PRODUCT DISC
[ADMIN] [6/30/2016 12:43] [PENJUALAN] CASHIER FORM : ENTRY IN THE PRODUCT DISC FOUND, RETRIEVE THE DISC VALUE
[ADMIN] [6/30/2016 12:43] [PENJUALAN] CASHIER FORM : DISC FOUND [0, 0, 0]
[ADMIN] [6/30/2016 12:43] [PENJUALAN] CASHIER FORM : CALCULATE SUBTOTAL
[ADMIN] [6/30/2016 12:43] [PENJUALAN] CASHIER FORM : SUBTOTAL [60000]
[ADMIN] [6/30/2016 12:43] [PENJUALAN] CASHIER FORM : calculateTotal
[ADMIN] [6/30/2016 12:43] [PENJUALAN] CASHIER FORM : calculateTotal [60000]
[ADMIN] [6/30/2016 12:43] [PENJUALAN] CASHIER FORM : calculateTotal, totalAfterDisc [60000]
[ADMIN] [6/30/2016 12:43] [PENJUALAN] CASHIER FORM : PRODUCT PRICE REFRESHED
[ADMIN] [6/30/2016 12:43] [PENJUALAN] CASHIER FORM : REGISTER HOTKEY
[ADMIN] [6/30/2016 12:43] [PENJUALAN] CASHIER FORM : HOTKEY TO SAVE AND PRINT OUT INVOICE PRESSED
[ADMIN] [6/30/2016 12:43] [PENJUALAN] CASHIER FORM : UNREGISTER HOTKEY
[ADMIN] [6/30/2016 12:43] [PENJUALAN] CASHIER FORM : REGISTER HOTKEY
[ADMIN] [6/30/2016 12:43] [PENJUALAN] ATTEMPT TO SAVE AND PRINT OUT INVOICE
[ADMIN] [6/30/2016 12:43] [PENJUALAN] CASHIER FORM : UNREGISTER HOTKEY
[ADMIN] [6/30/2016 12:43] [PENJUALAN] CASHIER FORM : UNREGISTER HOTKEY
[ADMIN] [6/30/2016 12:43] [] USER ID = 1LOGOUT
