[] [6/28/2016 15:22] [] USER = ADMIN IS ACTIVE
[ADMIN] [6/28/2016 15:22] [] USER ID = 1 LOGIN SUCCESSFULLY
[ADMIN] [6/28/2016 15:22] [] ACTIVATE USER ACCESS RIGHT
[ADMIN] [6/28/2016 15:22] [] DISPLAY ADMIN FORM
[ADMIN] [6/28/2016 15:22] [] adminForm Load
[ADMIN] [6/28/2016 15:22] [PENJUALAN] CASHIER FORM : REGISTER HOTKEY
[] [6/28/2016 15:27] [] USER = ADMIN IS ACTIVE
[ADMIN] [6/28/2016 15:27] [] USER ID = 1 LOGIN SUCCESSFULLY
[ADMIN] [6/28/2016 15:27] [] ACTIVATE USER ACCESS RIGHT
[ADMIN] [6/28/2016 15:27] [] DISPLAY ADMIN FORM
[ADMIN] [6/28/2016 15:27] [] adminForm Load
[ADMIN] [6/28/2016 15:27] [PENJUALAN] CASHIER FORM : REGISTER HOTKEY
[ADMIN] [6/28/2016 15:27] [PENJUALAN] CASHIER FORM : ADD NEW ROW,  isActive [True]
[ADMIN] [6/28/2016 15:27] [PENJUALAN] CASHIER FORM : ADD NEW ROW,  ROW COUNT [0]
[ADMIN] [6/28/2016 15:27] [PENJUALAN] CASHIER FORM : ADD NEW ROW,  ALLOW TO ADD [True]
[ADMIN] [6/28/2016 15:27] [PENJUALAN] CASHIER FORM : PRODUCT PRICE TYPE [PRODUCT_RETAIL_PRICE]
[ADMIN] [6/28/2016 15:27] [PENJUALAN] CASHIER FORM : PRODUCT PRICE [34000]
[ADMIN] [6/28/2016 15:27] [PENJUALAN] CASHIER FORM : CHECK IF THERE'S ANY ENTRY IN THE PRODUCT DISC
[ADMIN] [6/28/2016 15:27] [PENJUALAN] CASHIER FORM : CALCULATE SUBTOTAL
[ADMIN] [6/28/2016 15:27] [PENJUALAN] CASHIER FORM : SUBTOTAL [0]
[ADMIN] [6/28/2016 15:27] [PENJUALAN] CASHIER FORM : calculateTotal
[ADMIN] [6/28/2016 15:27] [PENJUALAN] CASHIER FORM : calculateTotal [0]
[ADMIN] [6/28/2016 15:27] [PENJUALAN] CASHIER FORM : calculateTotal, totalAfterDisc [0]
[ADMIN] [6/28/2016 15:27] [PENJUALAN] CASHIER FORM : REGISTER HOTKEY
[ADMIN] [6/28/2016 15:27] [PENJUALAN] CASHIER FORM : UNREGISTER HOTKEY
[] [6/28/2016 23:26] [] USER = ADMIN IS ACTIVE
[ADMIN] [6/28/2016 23:26] [] USER ID = 1 LOGIN SUCCESSFULLY
[ADMIN] [6/28/2016 23:26] [] ACTIVATE USER ACCESS RIGHT
[ADMIN] [6/28/2016 23:26] [] DISPLAY ADMIN FORM
[ADMIN] [6/28/2016 23:26] [] adminForm Load
[ADMIN] [6/28/2016 23:26] [PENJUALAN] CASHIER FORM : REGISTER HOTKEY
[] [6/28/2016 23:27] [] USER = ADMIN IS ACTIVE
[ADMIN] [6/28/2016 23:27] [] USER ID = 1 LOGIN SUCCESSFULLY
[ADMIN] [6/28/2016 23:27] [] ACTIVATE USER ACCESS RIGHT
[ADMIN] [6/28/2016 23:27] [] DISPLAY ADMIN FORM
[ADMIN] [6/28/2016 23:27] [] adminForm Load
[ADMIN] [6/28/2016 23:28] [PENJUALAN] CASHIER FORM : REGISTER HOTKEY
[ADMIN] [6/28/2016 23:28] [PENJUALAN] CASHIER FORM : ADD NEW ROW,  isActive [True]
[ADMIN] [6/28/2016 23:28] [PENJUALAN] CASHIER FORM : ADD NEW ROW,  ROW COUNT [0]
[ADMIN] [6/28/2016 23:28] [PENJUALAN] CASHIER FORM : ADD NEW ROW,  ALLOW TO ADD [True]
[ADMIN] [6/28/2016 23:28] [PENJUALAN] CASHIER FORM : REGISTER HOTKEY
[ADMIN] [6/28/2016 23:28] [PENJUALAN] CASHIER FORM : UNREGISTER HOTKEY
[ADMIN] [6/28/2016 23:28] [PENJUALAN] CASHIER FORM : UNREGISTER HOTKEY
[] [6/29/2016 14:53] [] USER = ADMIN IS ACTIVE
[ADMIN] [6/29/2016 14:53] [] USER ID = 1 LOGIN SUCCESSFULLY
[ADMIN] [6/29/2016 14:53] [] ACTIVATE USER ACCESS RIGHT
[ADMIN] [6/29/2016 14:53] [] DISPLAY ADMIN FORM
[ADMIN] [6/29/2016 14:53] [] adminForm Load
[ADMIN] [6/29/2016 14:53] [PENJUALAN] CASHIER FORM : REGISTER HOTKEY
[ADMIN] [6/29/2016 14:53] [PENJUALAN] CASHIER FORM : ADD NEW ROW,  isActive [True]
[ADMIN] [6/29/2016 14:53] [PENJUALAN] CASHIER FORM : ADD NEW ROW,  ROW COUNT [0]
[ADMIN] [6/29/2016 14:53] [PENJUALAN] CASHIER FORM : ADD NEW ROW,  ALLOW TO ADD [True]
[ADMIN] [6/29/2016 14:53] [PENJUALAN] CASHIER FORM : REGISTER HOTKEY
[ADMIN] [6/29/2016 14:53] [PENJUALAN] CASHIER FORM : UNREGISTER HOTKEY
[ADMIN] [6/29/2016 14:53] [PENJUALAN] CASHIER FORM : UNREGISTER HOTKEY
[ADMIN] [6/29/2016 14:54] [] CREATE DATA GROUP FORM MODULE_ID [51]
[ADMIN] [6/29/2016 14:54] [] CREATE DATA GROUP ACCESS MODULE FORM, GROUP USER ID [1]
[] [6/29/2016 14:55] [] USER = ADMIN IS ACTIVE
[ADMIN] [6/29/2016 14:55] [] USER ID = 1 LOGIN SUCCESSFULLY
[ADMIN] [6/29/2016 14:55] [] ACTIVATE USER ACCESS RIGHT
[ADMIN] [6/29/2016 14:55] [] DISPLAY ADMIN FORM
[ADMIN] [6/29/2016 14:55] [] adminForm Load
[ADMIN] [6/29/2016 14:57] [PENJUALAN] CASHIER FORM : REGISTER HOTKEY
[ADMIN] [6/29/2016 14:57] [PENJUALAN] CASHIER FORM : ADD NEW ROW,  isActive [True]
[ADMIN] [6/29/2016 14:57] [PENJUALAN] CASHIER FORM : ADD NEW ROW,  ROW COUNT [0]
[ADMIN] [6/29/2016 14:57] [PENJUALAN] CASHIER FORM : ADD NEW ROW,  ALLOW TO ADD [True]
[ADMIN] [6/29/2016 14:57] [PENJUALAN] CASHIER FORM : REGISTER HOTKEY
[ADMIN] [6/29/2016 14:57] [PENJUALAN] CASHIER FORM : calculateChangeValue, bayarTextBox.Text [68000]
[ADMIN] [6/29/2016 14:57] [PENJUALAN] CASHIER FORM : calculateChangeValue, sisaBayar [0]
[ADMIN] [6/29/2016 14:57] [PENJUALAN] CASHIER FORM : UNREGISTER HOTKEY
[ADMIN] [6/29/2016 14:57] [PENJUALAN] CASHIER FORM : REGISTER HOTKEY
[ADMIN] [6/29/2016 14:57] [PENJUALAN] ATTEMPT TO SAVE AND PRINT OUT INVOICE
[ADMIN] [6/29/2016 14:57] [PENJUALAN] CASHIER FORM : UNREGISTER HOTKEY
[ADMIN] [6/29/2016 14:57] [PENJUALAN] CASHIER FORM : REGISTER HOTKEY
[ADMIN] [6/29/2016 14:57] [PENJUALAN] CASHIER FORM : UNREGISTER HOTKEY
[ADMIN] [6/29/2016 14:57] [PENJUALAN] CASHIER FORM : ATTEMPT TO SAVE SALES DATA [29-06-2016 14:57]
[ADMIN] [6/29/2016 14:57] [PENJUALAN] CASHIER FORM : SALES DISC FINAL [0]
[ADMIN] [6/29/2016 14:57] [PENJUALAN] CASHIER FORM : CASH SALES
[ADMIN] [6/29/2016 14:57] [PENJUALAN] CHECK IF TAX LIMIT SET FOR PERCENTAGE PURCHASE [0]
[ADMIN] [6/29/2016 14:57] [PENJUALAN] CHECK IF TAX LIMIT SET FOR AVERAGE DAILY PURCHASE [0]
[ADMIN] [6/29/2016 14:57] [PENJUALAN] CASHIER FORM : NO FAKTUR [SLO001]
[ADMIN] [6/29/2016 14:57] [PENJUALAN] CASHIER FORM : MAX SALES INVOICE [0]
[ADMIN] [6/29/2016 14:57] [PENJUALAN] CASHIER FORM : SALES INVOICE [SLO001-1]
[ADMIN] [6/29/2016 14:57] [PENJUALAN] INSERT INTO SALES HEADER [SLO001-1]
[ADMIN] [6/29/2016 14:57] [PENJUALAN] INSERT INTO SALES DETAIL[1, 34000, 2]
[ADMIN] [6/29/2016 14:57] [PENJUALAN] REDUCE STOCK AT MASTER PRODUCT [1]
[ADMIN] [6/29/2016 14:57] [PENJUALAN] INSERT TO CREDIT TABLE [SLO001-1]
[ADMIN] [6/29/2016 14:57] [PENJUALAN] INSERT TO DAILY JOURNAL TABLE [68000]
[ADMIN] [6/29/2016 14:57] [PENJUALAN] CASHIER FORM : REGISTER HOTKEY
[ADMIN] [6/29/2016 14:57] [PENJUALAN] TRANSACTION SAVED
[ADMIN] [6/29/2016 14:57] [PENJUALAN] PRINT OUT INVOICE
[ADMIN] [6/29/2016 14:57] [PENJUALAN] CASHIER FORM : PrintReceipt
[ADMIN] [6/29/2016 14:57] [PENJUALAN] CASHIER FORM : PrintReceipt, POS size Paper
[ADMIN] [6/29/2016 14:57] [PENJUALAN] CASHIER FORM : loadInfoToko
[ADMIN] [6/29/2016 14:57] [PENJUALAN] CASHIER FORM : calculatePageLength, totalLengthPage [378]
[ADMIN] [6/29/2016 14:57] [PENJUALAN] CASHIER FORM : UNREGISTER HOTKEY
[ADMIN] [6/29/2016 14:57] [PENJUALAN] CASHIER FORM : printDocument1_PrintPage, print POS size receipt
[ADMIN] [6/29/2016 14:57] [PENJUALAN] CASHIER FORM : loadInfoToko
[ADMIN] [6/29/2016 14:57] [PENJUALAN] CASHIER FORM : loadNamaUser
[ADMIN] [6/29/2016 14:57] [PENJUALAN] CASHIER FORM : REGISTER HOTKEY
[ADMIN] [6/29/2016 14:57] [PENJUALAN] CASHIER FORM : UNREGISTER HOTKEY
[ADMIN] [6/29/2016 14:57] [PENJUALAN] CASHIER FORM : REGISTER HOTKEY
[ADMIN] [6/29/2016 14:57] [PENJUALAN] CASHIER FORM : UNREGISTER HOTKEY
[ADMIN] [6/29/2016 14:57] [PENJUALAN] CASHIER FORM : REGISTER HOTKEY
[ADMIN] [6/29/2016 14:57] [PENJUALAN] CASHIER FORM : UNREGISTER HOTKEY
[ADMIN] [6/29/2016 14:57] [PENJUALAN] CASHIER FORM : UNREGISTER HOTKEY
[ADMIN] [6/29/2016 14:57] [] USER ID = 1LOGOUT
