[] [6/7/2016 11:07] [] USER = ADMIN IS ACTIVE
[] [6/7/2016 11:07] [] USER = ADMIN IS ACTIVE
[ADMIN] [6/7/2016 11:07] [] USER ID = 1 LOGIN SUCCESSFULLY
[ADMIN] [6/7/2016 11:07] [] ACTIVATE USER ACCESS RIGHT
[ADMIN] [6/7/2016 11:07] [] DISPLAY ADMIN FORM
[ADMIN] [6/7/2016 11:07] [] adminForm Load
[] [6/7/2016 11:30] [] USER = ADMIN IS ACTIVE
[ADMIN] [6/7/2016 11:30] [] USER ID = 1 LOGIN SUCCESSFULLY
[ADMIN] [6/7/2016 11:30] [] ACTIVATE USER ACCESS RIGHT
[ADMIN] [6/7/2016 11:30] [] DISPLAY ADMIN FORM
[ADMIN] [6/7/2016 11:30] [] adminForm Load
[ADMIN] [6/7/2016 11:40] [] CREATE DATA GROUP FORM MODULE_ID [51]
[ADMIN] [6/7/2016 11:40] [] CREATE DATA GROUP ACCESS MODULE FORM, GROUP USER ID [1]
[] [6/7/2016 12:03] [] USER = ADMIN IS ACTIVE
[ADMIN] [6/7/2016 12:03] [] USER ID = 1 LOGIN SUCCESSFULLY
[ADMIN] [6/7/2016 12:03] [] ACTIVATE USER ACCESS RIGHT
[ADMIN] [6/7/2016 12:03] [] DISPLAY ADMIN FORM
[ADMIN] [6/7/2016 12:03] [] adminForm Load
[ADMIN] [6/7/2016 12:04] [SUPPLIER] ATTEMPT TO SAVE
[ADMIN] [6/7/2016 12:04] [SUPPLIER] INSERT NEW SUPPLIER [SAPU BERSIH]
[ADMIN] [6/7/2016 12:16] [PENERIMAAN BARANG] SAVE PENERIMAAN BARANG
[ADMIN] [6/7/2016 12:16] [PENERIMAAN BARANG] DIRECT PENERIMAAN BARANG, THEREFORE CALCULATE TAX LIMIT
[ADMIN] [6/7/2016 12:16] [PENERIMAAN BARANG] CHECK IF TAX LIMIT SET FOR PERCENTAGE PURCHASE [50]
[ADMIN] [6/7/2016 12:16] [PENERIMAAN BARANG] PERCENTAGE CALCULATION [0]
[ADMIN] [6/7/2016 12:16] [PENERIMAAN BARANG] INSERT PENERIMAAN BARANG [1]
[ADMIN] [6/7/2016 12:16] [PENERIMAAN BARANG] INSERT PO DATA BECAUSE OF DIRECT PENERIMAAN [1]
[ADMIN] [6/7/2016 12:16] [PENERIMAAN BARANG] ADD TO TAX TABLE [1]
[ADMIN] [6/7/2016 12:16] [PENERIMAAN BARANG] SAVE DETAIL PENERIMAAN [1, 100, 100]
[ADMIN] [6/7/2016 12:16] [PENERIMAAN BARANG] UPDATE PRODUCT LOCATION DATA [1'1]
[ADMIN] [6/7/2016 12:16] [PENERIMAAN BARANG] UPDATE MASTER PRODUCT DATA [1]
[ADMIN] [6/7/2016 12:16] [PENERIMAAN BARANG] INSERT TO PURCHASE DETAIL [1]
[ADMIN] [6/7/2016 12:16] [PENERIMAAN BARANG] INSERT TO TAX DETAIL [1, 1]
[ADMIN] [6/7/2016 12:16] [PENERIMAAN BARANG] INSERT INTO DEBT [1]
[ADMIN] [6/7/2016 12:16] [PENERIMAAN BARANG] PENERIMAAN BARANG SAVED
[ADMIN] [6/7/2016 12:17] [] USER ID = 1LOGOUT
