[] [6/7/2016 12:35] [] USER = ADMIN IS ACTIVE
[ADMIN] [6/7/2016 12:35] [] USER ID = 1 LOGIN SUCCESSFULLY
[ADMIN] [6/7/2016 12:35] [] ACTIVATE USER ACCESS RIGHT
[ADMIN] [6/7/2016 12:35] [] DISPLAY ADMIN FORM
[ADMIN] [6/7/2016 12:35] [] adminForm Load
[] [6/7/2016 12:36] [] USER = ADMIN IS ACTIVE
[ADMIN] [6/7/2016 12:36] [] USER ID = 1 LOGIN SUCCESSFULLY
[ADMIN] [6/7/2016 12:37] [] ACTIVATE USER ACCESS RIGHT
[ADMIN] [6/7/2016 12:37] [] DISPLAY ADMIN FORM
[ADMIN] [6/7/2016 12:37] [] adminForm Load
[] [6/7/2016 12:44] [] USER = ADMIN IS ACTIVE
[ADMIN] [6/7/2016 12:44] [] USER ID = 1 LOGIN SUCCESSFULLY
[ADMIN] [6/7/2016 12:44] [] ACTIVATE USER ACCESS RIGHT
[ADMIN] [6/7/2016 12:44] [] DISPLAY ADMIN FORM
[ADMIN] [6/7/2016 12:44] [] adminForm Load
[] [6/7/2016 13:42] [] USER = ADMIN IS ACTIVE
[ADMIN] [6/7/2016 13:43] [] USER ID = 1 LOGIN SUCCESSFULLY
[ADMIN] [6/7/2016 13:43] [] ACTIVATE USER ACCESS RIGHT
[ADMIN] [6/7/2016 13:43] [] DISPLAY ADMIN FORM
[ADMIN] [6/7/2016 13:43] [] adminForm Load
[ADMIN] [6/7/2016 13:46] [REQUEST ORDER] ATTEMPT TO SAVE
[ADMIN] [6/7/2016 13:46] [REQUEST ORDER] ATTEMPT TO SAVE
[ADMIN] [6/7/2016 13:46] [] USER ID = 1LOGOUT
