[] [7/1/2016 22:47] [] USER = ADMIN IS ACTIVE
[ADMIN] [7/1/2016 22:47] [] USER ID = 1 LOGIN SUCCESSFULLY
[ADMIN] [7/1/2016 22:47] [] ACTIVATE USER ACCESS RIGHT
[ADMIN] [7/1/2016 22:47] [] DISPLAY ADMIN FORM
[ADMIN] [7/1/2016 22:47] [] adminForm Load
[] [7/1/2016 22:50] [] USER = ADMIN IS ACTIVE
[ADMIN] [7/1/2016 22:50] [] USER ID = 1 LOGIN SUCCESSFULLY
[ADMIN] [7/1/2016 22:50] [] ACTIVATE USER ACCESS RIGHT
[ADMIN] [7/1/2016 22:50] [] DISPLAY ADMIN FORM
[ADMIN] [7/1/2016 22:50] [] adminForm Load
[] [7/1/2016 23:05] [] USER = ADMIN IS ACTIVE
[ADMIN] [7/1/2016 23:06] [] USER ID = 1 LOGIN SUCCESSFULLY
[ADMIN] [7/1/2016 23:06] [] ACTIVATE USER ACCESS RIGHT
[ADMIN] [7/1/2016 23:06] [] DISPLAY ADMIN FORM
[ADMIN] [7/1/2016 23:06] [] adminForm Load
[] [7/1/2016 23:09] [] USER = ADMIN IS ACTIVE
[ADMIN] [7/1/2016 23:09] [] USER ID = 1 LOGIN SUCCESSFULLY
[ADMIN] [7/1/2016 23:09] [] ACTIVATE USER ACCESS RIGHT
[ADMIN] [7/1/2016 23:09] [] DISPLAY ADMIN FORM
[ADMIN] [7/1/2016 23:09] [] adminForm Load
[] [7/1/2016 23:19] [] USER = ADMIN IS ACTIVE
[ADMIN] [7/1/2016 23:19] [] USER ID = 1 LOGIN SUCCESSFULLY
[ADMIN] [7/1/2016 23:19] [] ACTIVATE USER ACCESS RIGHT
[ADMIN] [7/1/2016 23:19] [] DISPLAY ADMIN FORM
[ADMIN] [7/1/2016 23:19] [] adminForm Load
[] [7/1/2016 23:20] [] USER = ADMIN IS ACTIVE
[ADMIN] [7/1/2016 23:20] [] USER ID = 1 LOGIN SUCCESSFULLY
[ADMIN] [7/1/2016 23:20] [] ACTIVATE USER ACCESS RIGHT
[ADMIN] [7/1/2016 23:20] [] DISPLAY ADMIN FORM
[ADMIN] [7/1/2016 23:20] [] adminForm Load
[ADMIN] [7/1/2016 23:21] [] USER ID = 1LOGOUT
