[] [6/7/2016 16:41] [] USER = ADMIN IS ACTIVE
[ADMIN] [6/7/2016 16:41] [] USER ID = 1 LOGIN SUCCESSFULLY
[ADMIN] [6/7/2016 16:41] [] ACTIVATE USER ACCESS RIGHT
[ADMIN] [6/7/2016 16:41] [] DISPLAY ADMIN FORM
[ADMIN] [6/7/2016 16:41] [] adminForm Load
[] [6/22/2016 14:40] [] USER = ADMIN IS ACTIVE
[ADMIN] [6/22/2016 14:40] [] USER ID = 1 LOGIN SUCCESSFULLY
[ADMIN] [6/22/2016 14:40] [] ACTIVATE USER ACCESS RIGHT
[ADMIN] [6/22/2016 14:40] [] DISPLAY ADMIN FORM
[ADMIN] [6/22/2016 14:40] [] adminForm Load
[ADMIN] [6/22/2016 14:40] [PENJUALAN] CASHIER FORM : MULTIPLE CASHIER INSTANCE [1]
[ADMIN] [6/22/2016 14:40] [PENJUALAN] CASHIER FORM : REGISTER HOTKEY
[ADMIN] [6/22/2016 14:40] [PENJUALAN] CASHIER FORM : cashierForm_Load, ATTEMPT TO LOAD NO FAKTUR
[ADMIN] [6/22/2016 14:40] [PENJUALAN] CASHIER FORM : loadNoFaktur, noFakturValue [SLO001]
[ADMIN] [6/22/2016 14:40] [PENJUALAN] CASHIER FORM : cashierForm_Load, ATTEMPT TO addColumnToDataGrid
[ADMIN] [6/22/2016 14:40] [PENJUALAN] CASHIER FORM : calculateTotal
[ADMIN] [6/22/2016 14:40] [PENJUALAN] CASHIER FORM : calculateTotal [0]
[ADMIN] [6/22/2016 14:40] [PENJUALAN] CASHIER FORM : calculateTotal, totalAfterDisc [0]
[ADMIN] [6/22/2016 14:40] [PENJUALAN] CASHIER FORM : REGISTER HOTKEY
[ADMIN] [6/22/2016 14:40] [PENJUALAN] CASHIER FORM : UNREGISTER HOTKEY
[ADMIN] [6/22/2016 14:40] [PENJUALAN] CASHIER FORM : UNREGISTER HOTKEY
[ADMIN] [6/22/2016 14:40] [] USER ID = 1LOGOUT
