[] [6/30/2016 11:04] [] USER = ADMIN IS ACTIVE
[ADMIN] [6/30/2016 11:04] [] USER ID = 1 LOGIN SUCCESSFULLY
[ADMIN] [6/30/2016 11:04] [] ACTIVATE USER ACCESS RIGHT
[ADMIN] [6/30/2016 11:04] [] DISPLAY ADMIN FORM
[ADMIN] [6/30/2016 11:04] [] adminForm Load
[ADMIN] [6/30/2016 11:04] [PENJUALAN] CASHIER FORM : REGISTER HOTKEY
[ADMIN] [6/30/2016 11:04] [PENJUALAN] CASHIER FORM : calculateTotal
[ADMIN] [6/30/2016 11:04] [PENJUALAN] CASHIER FORM : calculateTotal [0]
[ADMIN] [6/30/2016 11:04] [PENJUALAN] CASHIER FORM : calculateTotal, totalAfterDisc [0]
[ADMIN] [6/30/2016 11:04] [PENJUALAN] CASHIER FORM : REGISTER HOTKEY
[ADMIN] [6/30/2016 11:04] [PENJUALAN] CASHIER FORM : HOTKEY TO ADD NEW ROW PRESSED
[ADMIN] [6/30/2016 11:04] [PENJUALAN] CASHIER FORM : ADD NEW ROW,  isActive [True]
[ADMIN] [6/30/2016 11:04] [PENJUALAN] CASHIER FORM : ADD NEW ROW,  ROW COUNT [0]
[ADMIN] [6/30/2016 11:04] [PENJUALAN] CASHIER FORM : ADD NEW ROW,  ALLOW TO ADD [True]
[ADMIN] [6/30/2016 11:04] [PENJUALAN] CASHIER FORM : PRODUCT PRICE TYPE [PRODUCT_BASE_PRICE]
[ADMIN] [6/30/2016 11:04] [PENJUALAN] CASHIER FORM : PRODUCT PRICE [26625]
[ADMIN] [6/30/2016 11:04] [PENJUALAN] CASHIER FORM : ComboBox_SelectedIndexChanged, PRODUCT_BASE_PRICE [26625]
[ADMIN] [6/30/2016 11:04] [PENJUALAN] CASHIER FORM : PRODUCT PRICE TYPE [PRODUCT_RETAIL_PRICE]
[ADMIN] [6/30/2016 11:04] [PENJUALAN] CASHIER FORM : PRODUCT PRICE [34000]
[ADMIN] [6/30/2016 11:04] [PENJUALAN] CASHIER FORM : ComboBox_SelectedIndexChanged, PRODUCT_SALES_PRICE [34000]
[ADMIN] [6/30/2016 11:04] [PENJUALAN] CASHIER FORM : ComboBox_SelectedIndexChanged, attempt to calculate total
[ADMIN] [6/30/2016 11:04] [PENJUALAN] CASHIER FORM : calculateTotal
[ADMIN] [6/30/2016 11:04] [PENJUALAN] CASHIER FORM : calculateTotal [0]
[ADMIN] [6/30/2016 11:04] [PENJUALAN] CASHIER FORM : calculateTotal, totalAfterDisc [0]
[ADMIN] [6/30/2016 11:04] [PENJUALAN] CASHIER FORM : TextBox_TextChanged, isLoading [False]
[ADMIN] [6/30/2016 11:04] [PENJUALAN] CASHIER FORM : TextBox_TextChanged, rowSelectedIndex [0]
[ADMIN] [6/30/2016 11:04] [PENJUALAN] CASHIER FORM : TextBox_TextChanged, isLoading [False]
[ADMIN] [6/30/2016 11:04] [PENJUALAN] CASHIER FORM : TextBox_TextChanged, rowSelectedIndex [0]
[ADMIN] [6/30/2016 11:04] [PENJUALAN] CASHIER FORM : TextBox_TextChanged, isLoading [False]
[ADMIN] [6/30/2016 11:04] [PENJUALAN] CASHIER FORM : TextBox_TextChanged, rowSelectedIndex [0]
[ADMIN] [6/30/2016 11:04] [PENJUALAN] CASHIER FORM : TextBox_TextChanged, isLoading [False]
[ADMIN] [6/30/2016 11:04] [PENJUALAN] CASHIER FORM : TextBox_TextChanged, rowSelectedIndex [0]
[ADMIN] [6/30/2016 11:04] [PENJUALAN] CASHIER FORM : TextBox_TextChanged, previousInput [0]
[ADMIN] [6/30/2016 11:04] [PENJUALAN] CASHIER FORM : TextBox_TextChanged, dataGridViewTextBoxEditingControl.Text [0]
[ADMIN] [6/30/2016 11:04] [PENJUALAN] CASHIER FORM : TextBox_TextChanged, dataGridViewTextBoxEditingControl.Text pass REGEX Checking
[ADMIN] [6/30/2016 11:04] [PENJUALAN] CASHIER FORM : CHECK STOCK QTY IS ENOUGH [1]
[ADMIN] [6/30/2016 11:04] [PENJUALAN] CASHIER FORM : CHECK STOCK QTY IS ENOUGH [7, 0]
[ADMIN] [6/30/2016 11:04] [PENJUALAN] CASHIER FORM : CALCULATE SUBTOTAL
[ADMIN] [6/30/2016 11:04] [PENJUALAN] CASHIER FORM : SUBTOTAL [0]
[ADMIN] [6/30/2016 11:04] [PENJUALAN] CASHIER FORM : TextBox_TextChanged, subtotal value [0]
[ADMIN] [6/30/2016 11:04] [PENJUALAN] CASHIER FORM : TextBox_TextChanged, attempt to calculate total value
[ADMIN] [6/30/2016 11:04] [PENJUALAN] CASHIER FORM : calculateTotal
[ADMIN] [6/30/2016 11:04] [PENJUALAN] CASHIER FORM : calculateTotal [0]
[ADMIN] [6/30/2016 11:04] [PENJUALAN] CASHIER FORM : calculateTotal, totalAfterDisc [0]
[ADMIN] [6/30/2016 11:05] [PENJUALAN] CASHIER FORM : TextBox_TextChanged, isLoading [False]
[ADMIN] [6/30/2016 11:05] [PENJUALAN] CASHIER FORM : TextBox_TextChanged, rowSelectedIndex [0]
[ADMIN] [6/30/2016 11:05] [PENJUALAN] CASHIER FORM : TextBox_TextChanged, previousInput [0]
[ADMIN] [6/30/2016 11:05] [PENJUALAN] CASHIER FORM : TextBox_TextChanged, dataGridViewTextBoxEditingControl.Text [3]
[ADMIN] [6/30/2016 11:05] [PENJUALAN] CASHIER FORM : TextBox_TextChanged, dataGridViewTextBoxEditingControl.Text pass REGEX Checking
[ADMIN] [6/30/2016 11:05] [PENJUALAN] CASHIER FORM : CHECK STOCK QTY IS ENOUGH [1]
[ADMIN] [6/30/2016 11:05] [PENJUALAN] CASHIER FORM : CHECK STOCK QTY IS ENOUGH [7, 3]
[ADMIN] [6/30/2016 11:05] [PENJUALAN] CASHIER FORM : CALCULATE SUBTOTAL
[ADMIN] [6/30/2016 11:05] [PENJUALAN] CASHIER FORM : SUBTOTAL [102000]
[ADMIN] [6/30/2016 11:05] [PENJUALAN] CASHIER FORM : TextBox_TextChanged, subtotal value [102000]
[ADMIN] [6/30/2016 11:05] [PENJUALAN] CASHIER FORM : TextBox_TextChanged, attempt to calculate total value
[ADMIN] [6/30/2016 11:05] [PENJUALAN] CASHIER FORM : calculateTotal
[ADMIN] [6/30/2016 11:05] [PENJUALAN] CASHIER FORM : calculateTotal [102000]
[ADMIN] [6/30/2016 11:05] [PENJUALAN] CASHIER FORM : calculateTotal, totalAfterDisc [102000]
[ADMIN] [6/30/2016 11:05] [PENJUALAN] CASHIER FORM : TextBox_TextChanged, isLoading [False]
[ADMIN] [6/30/2016 11:05] [PENJUALAN] CASHIER FORM : TextBox_TextChanged, rowSelectedIndex [0]
[ADMIN] [6/30/2016 11:05] [PENJUALAN] CASHIER FORM : TextBox_TextChanged, previousInput [3]
[ADMIN] [6/30/2016 11:05] [PENJUALAN] CASHIER FORM : TextBox_TextChanged, dataGridViewTextBoxEditingControl.Text pass REGEX Checking
[ADMIN] [6/30/2016 11:05] [PENJUALAN] CASHIER FORM : CHECK STOCK QTY IS ENOUGH [1]
[ADMIN] [6/30/2016 11:05] [PENJUALAN] CASHIER FORM : CHECK STOCK QTY IS ENOUGH [7, 3]
[ADMIN] [6/30/2016 11:05] [PENJUALAN] CASHIER FORM : CALCULATE SUBTOTAL
[ADMIN] [6/30/2016 11:05] [PENJUALAN] CASHIER FORM : SUBTOTAL [102000]
[ADMIN] [6/30/2016 11:05] [PENJUALAN] CASHIER FORM : TextBox_TextChanged, subtotal value [102000]
[ADMIN] [6/30/2016 11:05] [PENJUALAN] CASHIER FORM : TextBox_TextChanged, attempt to calculate total value
[ADMIN] [6/30/2016 11:05] [PENJUALAN] CASHIER FORM : calculateTotal
[ADMIN] [6/30/2016 11:05] [PENJUALAN] CASHIER FORM : calculateTotal [102000]
[ADMIN] [6/30/2016 11:05] [PENJUALAN] CASHIER FORM : calculateTotal, totalAfterDisc [102000]
[ADMIN] [6/30/2016 11:05] [PENJUALAN] CASHIER FORM : DISPLAY PELANGGAN FORM
[ADMIN] [6/30/2016 11:05] [PENJUALAN] CASHIER FORM : UNREGISTER HOTKEY
[ADMIN] [6/30/2016 11:05] [PENJUALAN] CASHIER FORM : REGISTER HOTKEY
[ADMIN] [6/30/2016 11:05] [PENJUALAN] CASHIER FORM : DISPLAY PELANGGAN FORM
[ADMIN] [6/30/2016 11:05] [PENJUALAN] CASHIER FORM : UNREGISTER HOTKEY
[ADMIN] [6/30/2016 11:05] [PENJUALAN] CASHIER FORM : SELECTED CUSTOMER ID [9]
[ADMIN] [6/30/2016 11:05] [PENJUALAN] CASHIER FORM : ATTEMPT TO SET CUSTOMER PROFILE
[ADMIN] [6/30/2016 11:05] [PENJUALAN] CASHIER FORM : SET CUSTOMER PROFILE [KMS PET RIO]
[ADMIN] [6/30/2016 11:05] [PENJUALAN] CASHIER FORM : CUSTOMER GROUP [P-GROSIR]
[ADMIN] [6/30/2016 11:05] [PENJUALAN] CASHIER FORM : FINISHED SET CUSTOMER PROFILE
[ADMIN] [6/30/2016 11:05] [PENJUALAN] CASHIER FORM : ATTEMPT TO REFRESH PRODUCT PRICE
[ADMIN] [6/30/2016 11:05] [PENJUALAN] CASHIER FORM : PRODUCT PRICE TYPE [PRODUCT_WHOLESALE_PRICE]
[ADMIN] [6/30/2016 11:05] [PENJUALAN] CASHIER FORM : PRODUCT PRICE [30000]
[ADMIN] [6/30/2016 11:05] [PENJUALAN] CASHIER FORM : CALCULATE SUBTOTAL
[ADMIN] [6/30/2016 11:05] [PENJUALAN] CASHIER FORM : SUBTOTAL [90000]
[ADMIN] [6/30/2016 11:05] [PENJUALAN] CASHIER FORM : calculateTotal
[ADMIN] [6/30/2016 11:05] [PENJUALAN] CASHIER FORM : calculateTotal [90000]
[ADMIN] [6/30/2016 11:05] [PENJUALAN] CASHIER FORM : calculateTotal, totalAfterDisc [90000]
[ADMIN] [6/30/2016 11:05] [PENJUALAN] CASHIER FORM : PRODUCT PRICE REFRESHED
[ADMIN] [6/30/2016 11:05] [PENJUALAN] CASHIER FORM : REGISTER HOTKEY
[ADMIN] [6/30/2016 11:05] [PENJUALAN] CASHIER FORM : discJualMaskedTextBox_Validating, totalAfterDisc [80000]
[ADMIN] [6/30/2016 11:05] [PENJUALAN] CASHIER FORM : HOTKEY TO SAVE AND PRINT OUT INVOICE PRESSED
[ADMIN] [6/30/2016 11:05] [PENJUALAN] CASHIER FORM : UNREGISTER HOTKEY
[ADMIN] [6/30/2016 11:05] [PENJUALAN] CASHIER FORM : REGISTER HOTKEY
[ADMIN] [6/30/2016 11:05] [PENJUALAN] ATTEMPT TO SAVE AND PRINT OUT INVOICE
[ADMIN] [6/30/2016 11:05] [PENJUALAN] CASHIER FORM : UNREGISTER HOTKEY
[ADMIN] [6/30/2016 11:05] [PENJUALAN] CASHIER FORM : ATTEMPT TO SAVE SALES DATA [30-06-2016 11:05]
[ADMIN] [6/30/2016 11:05] [PENJUALAN] CASHIER FORM : SALES DISC FINAL [10000]
[ADMIN] [6/30/2016 11:05] [PENJUALAN] CASHIER FORM : NON CASH - SALES DUE DATE [10-07-2016]
[ADMIN] [6/30/2016 11:05] [PENJUALAN] CASHIER FORM : MAX SALES INVOICE [2]
[ADMIN] [6/30/2016 11:05] [PENJUALAN] CASHIER FORM : SALES INVOICE [SQ-3]
[ADMIN] [6/30/2016 11:05] [PENJUALAN] INSERT INTO SALES QUOTATION HEADER [SQ-3]
[ADMIN] [6/30/2016 11:05] [PENJUALAN] INSERT INTO SALES QUOTATION DETAIL[1, 30000, 3]
[ADMIN] [6/30/2016 11:05] [PENJUALAN] CASHIER FORM : REGISTER HOTKEY
[ADMIN] [6/30/2016 11:05] [PENJUALAN] TRANSACTION SAVED
[ADMIN] [6/30/2016 11:05] [PENJUALAN] CASHIER FORM : UNREGISTER HOTKEY
[ADMIN] [6/30/2016 11:05] [PENJUALAN] CASHIER FORM : REGISTER HOTKEY
[ADMIN] [6/30/2016 11:05] [PENJUALAN] CASHIER FORM : UNREGISTER HOTKEY
[ADMIN] [6/30/2016 11:05] [PENJUALAN] CASHIER FORM : UNREGISTER HOTKEY
[ADMIN] [6/30/2016 11:05] [PENJUALAN] CASHIER FORM : REGISTER HOTKEY
[] [6/30/2016 11:07] [] USER = ADMIN IS ACTIVE
[ADMIN] [6/30/2016 11:07] [] USER ID = 1 LOGIN SUCCESSFULLY
[ADMIN] [6/30/2016 11:07] [] ACTIVATE USER ACCESS RIGHT
[ADMIN] [6/30/2016 11:07] [] DISPLAY ADMIN FORM
[ADMIN] [6/30/2016 11:07] [] adminForm Load
[ADMIN] [6/30/2016 11:08] [PENJUALAN] CASHIER FORM : REGISTER HOTKEY
[ADMIN] [6/30/2016 11:08] [PENJUALAN] CASHIER FORM : ADD NEW ROW,  isActive [True]
[ADMIN] [6/30/2016 11:08] [PENJUALAN] CASHIER FORM : ADD NEW ROW,  ROW COUNT [0]
[ADMIN] [6/30/2016 11:08] [PENJUALAN] CASHIER FORM : ADD NEW ROW,  ALLOW TO ADD [True]
[ADMIN] [6/30/2016 11:08] [PENJUALAN] CASHIER FORM : REGISTER HOTKEY
[ADMIN] [6/30/2016 11:08] [PENJUALAN] CASHIER FORM : UNREGISTER HOTKEY
[ADMIN] [6/30/2016 11:08] [PENJUALAN] CASHIER FORM : REGISTER HOTKEY
[ADMIN] [6/30/2016 11:08] [PENJUALAN] CASHIER FORM : UNREGISTER HOTKEY
[ADMIN] [6/30/2016 11:08] [PENJUALAN] CASHIER FORM : REGISTER HOTKEY
[ADMIN] [6/30/2016 11:08] [PENJUALAN] ATTEMPT TO SAVE AND PRINT OUT INVOICE
[ADMIN] [6/30/2016 11:08] [PENJUALAN] CASHIER FORM : UNREGISTER HOTKEY
[ADMIN] [6/30/2016 11:08] [PENJUALAN] CASHIER FORM : ATTEMPT TO SAVE SALES DATA [30-06-2016 11:08]
[ADMIN] [6/30/2016 11:08] [PENJUALAN] CASHIER FORM : SALES DISC FINAL [10000]
[ADMIN] [6/30/2016 11:08] [PENJUALAN] CASHIER FORM : NON CASH - SALES DUE DATE [10-07-2016]
[ADMIN] [6/30/2016 11:08] [PENJUALAN] CHECK IF TAX LIMIT SET FOR PERCENTAGE PURCHASE [0]
[ADMIN] [6/30/2016 11:08] [PENJUALAN] CHECK IF TAX LIMIT SET FOR AVERAGE DAILY PURCHASE [0]
[ADMIN] [6/30/2016 11:08] [PENJUALAN] CASHIER FORM : NO FAKTUR [SLO001]
[ADMIN] [6/30/2016 11:08] [PENJUALAN] CASHIER FORM : MAX SALES INVOICE [7]
[ADMIN] [6/30/2016 11:08] [PENJUALAN] CASHIER FORM : SALES INVOICE [SLO001-8]
[ADMIN] [6/30/2016 11:08] [PENJUALAN] INSERT INTO SALES HEADER [SLO001-8]
[ADMIN] [6/30/2016 11:08] [PENJUALAN] INSERT INTO SALES DETAIL[1, 30000, 3]
[ADMIN] [6/30/2016 11:08] [PENJUALAN] REDUCE STOCK AT MASTER PRODUCT [1]
[ADMIN] [6/30/2016 11:08] [PENJUALAN] INSERT CUSTOMER PRODUCT DISC [1]
[ADMIN] [6/30/2016 11:08] [PENJUALAN] INSERT TO CREDIT TABLE [SLO001-8]
[ADMIN] [6/30/2016 11:08] [PENJUALAN] INSERT TO DAILY JOURNAL TABLE [90000]
[ADMIN] [6/30/2016 11:08] [PENJUALAN] CASHIER FORM : REGISTER HOTKEY
[ADMIN] [6/30/2016 11:08] [PENJUALAN] TRANSACTION SAVED
[ADMIN] [6/30/2016 11:08] [PENJUALAN] CASHIER FORM : UNREGISTER HOTKEY
[ADMIN] [6/30/2016 11:08] [PENJUALAN] CASHIER FORM : REGISTER HOTKEY
[ADMIN] [6/30/2016 11:08] [PENJUALAN] CASHIER FORM : UNREGISTER HOTKEY
[ADMIN] [6/30/2016 11:08] [PENJUALAN] CASHIER FORM : UNREGISTER HOTKEY
[] [6/30/2016 11:18] [] USER = ADMIN IS ACTIVE
[ADMIN] [6/30/2016 11:18] [] USER ID = 1 LOGIN SUCCESSFULLY
[ADMIN] [6/30/2016 11:18] [] ACTIVATE USER ACCESS RIGHT
[ADMIN] [6/30/2016 11:18] [] DISPLAY ADMIN FORM
[ADMIN] [6/30/2016 11:18] [] adminForm Load
[ADMIN] [6/30/2016 11:18] [PENJUALAN] CASHIER FORM : REGISTER HOTKEY
[ADMIN] [6/30/2016 11:18] [PENJUALAN] CASHIER FORM : calculateTotal
[ADMIN] [6/30/2016 11:18] [PENJUALAN] CASHIER FORM : calculateTotal [0]
[ADMIN] [6/30/2016 11:18] [PENJUALAN] CASHIER FORM : calculateTotal, totalAfterDisc [0]
[ADMIN] [6/30/2016 11:18] [PENJUALAN] CASHIER FORM : REGISTER HOTKEY
[ADMIN] [6/30/2016 11:18] [PENJUALAN] CASHIER FORM : HOTKEY TO ADD NEW ROW PRESSED
[ADMIN] [6/30/2016 11:18] [PENJUALAN] CASHIER FORM : ADD NEW ROW,  isActive [True]
[ADMIN] [6/30/2016 11:18] [PENJUALAN] CASHIER FORM : ADD NEW ROW,  ROW COUNT [0]
[ADMIN] [6/30/2016 11:18] [PENJUALAN] CASHIER FORM : ADD NEW ROW,  ALLOW TO ADD [True]
[ADMIN] [6/30/2016 11:18] [PENJUALAN] CASHIER FORM : PRODUCT PRICE TYPE [PRODUCT_BASE_PRICE]
[ADMIN] [6/30/2016 11:18] [PENJUALAN] CASHIER FORM : PRODUCT PRICE [26625]
[ADMIN] [6/30/2016 11:18] [PENJUALAN] CASHIER FORM : ComboBox_SelectedIndexChanged, PRODUCT_BASE_PRICE [26625]
[ADMIN] [6/30/2016 11:18] [PENJUALAN] CASHIER FORM : PRODUCT PRICE TYPE [PRODUCT_RETAIL_PRICE]
[ADMIN] [6/30/2016 11:18] [PENJUALAN] CASHIER FORM : PRODUCT PRICE [34000]
[ADMIN] [6/30/2016 11:18] [PENJUALAN] CASHIER FORM : ComboBox_SelectedIndexChanged, PRODUCT_SALES_PRICE [34000]
[ADMIN] [6/30/2016 11:18] [PENJUALAN] CASHIER FORM : ComboBox_SelectedIndexChanged, attempt to calculate total
[ADMIN] [6/30/2016 11:18] [PENJUALAN] CASHIER FORM : calculateTotal
[ADMIN] [6/30/2016 11:18] [PENJUALAN] CASHIER FORM : calculateTotal [0]
[ADMIN] [6/30/2016 11:18] [PENJUALAN] CASHIER FORM : calculateTotal, totalAfterDisc [0]
[ADMIN] [6/30/2016 11:18] [PENJUALAN] CASHIER FORM : TextBox_TextChanged, isLoading [False]
[ADMIN] [6/30/2016 11:18] [PENJUALAN] CASHIER FORM : TextBox_TextChanged, rowSelectedIndex [0]
[ADMIN] [6/30/2016 11:18] [PENJUALAN] CASHIER FORM : TextBox_TextChanged, previousInput [0]
[ADMIN] [6/30/2016 11:18] [PENJUALAN] CASHIER FORM : TextBox_TextChanged, dataGridViewTextBoxEditingControl.Text [0]
[ADMIN] [6/30/2016 11:18] [PENJUALAN] CASHIER FORM : TextBox_TextChanged, dataGridViewTextBoxEditingControl.Text pass REGEX Checking
[ADMIN] [6/30/2016 11:18] [PENJUALAN] CASHIER FORM : CHECK STOCK QTY IS ENOUGH [1]
[ADMIN] [6/30/2016 11:18] [PENJUALAN] CASHIER FORM : CHECK STOCK QTY IS ENOUGH [4, 0]
[ADMIN] [6/30/2016 11:18] [PENJUALAN] CASHIER FORM : CALCULATE SUBTOTAL
[ADMIN] [6/30/2016 11:18] [PENJUALAN] CASHIER FORM : SUBTOTAL [0]
[ADMIN] [6/30/2016 11:18] [PENJUALAN] CASHIER FORM : TextBox_TextChanged, subtotal value [0]
[ADMIN] [6/30/2016 11:18] [PENJUALAN] CASHIER FORM : TextBox_TextChanged, attempt to calculate total value
[ADMIN] [6/30/2016 11:18] [PENJUALAN] CASHIER FORM : calculateTotal
[ADMIN] [6/30/2016 11:18] [PENJUALAN] CASHIER FORM : calculateTotal [0]
[ADMIN] [6/30/2016 11:18] [PENJUALAN] CASHIER FORM : calculateTotal, totalAfterDisc [0]
[ADMIN] [6/30/2016 11:18] [PENJUALAN] CASHIER FORM : TextBox_TextChanged, isLoading [False]
[ADMIN] [6/30/2016 11:18] [PENJUALAN] CASHIER FORM : TextBox_TextChanged, rowSelectedIndex [0]
[ADMIN] [6/30/2016 11:18] [PENJUALAN] CASHIER FORM : TextBox_TextChanged, previousInput [0]
[ADMIN] [6/30/2016 11:18] [PENJUALAN] CASHIER FORM : TextBox_TextChanged, dataGridViewTextBoxEditingControl.Text [2]
[ADMIN] [6/30/2016 11:18] [PENJUALAN] CASHIER FORM : TextBox_TextChanged, dataGridViewTextBoxEditingControl.Text pass REGEX Checking
[ADMIN] [6/30/2016 11:18] [PENJUALAN] CASHIER FORM : CHECK STOCK QTY IS ENOUGH [1]
[ADMIN] [6/30/2016 11:18] [PENJUALAN] CASHIER FORM : CHECK STOCK QTY IS ENOUGH [4, 2]
[ADMIN] [6/30/2016 11:18] [PENJUALAN] CASHIER FORM : CALCULATE SUBTOTAL
[ADMIN] [6/30/2016 11:18] [PENJUALAN] CASHIER FORM : SUBTOTAL [68000]
[ADMIN] [6/30/2016 11:18] [PENJUALAN] CASHIER FORM : TextBox_TextChanged, subtotal value [68000]
[ADMIN] [6/30/2016 11:18] [PENJUALAN] CASHIER FORM : TextBox_TextChanged, attempt to calculate total value
[ADMIN] [6/30/2016 11:18] [PENJUALAN] CASHIER FORM : calculateTotal
[ADMIN] [6/30/2016 11:18] [PENJUALAN] CASHIER FORM : calculateTotal [68000]
[ADMIN] [6/30/2016 11:18] [PENJUALAN] CASHIER FORM : calculateTotal, totalAfterDisc [68000]
[ADMIN] [6/30/2016 11:18] [PENJUALAN] CASHIER FORM : TextBox_TextChanged, isLoading [False]
[ADMIN] [6/30/2016 11:18] [PENJUALAN] CASHIER FORM : TextBox_TextChanged, rowSelectedIndex [0]
[ADMIN] [6/30/2016 11:18] [PENJUALAN] CASHIER FORM : TextBox_TextChanged, previousInput [2]
[ADMIN] [6/30/2016 11:18] [PENJUALAN] CASHIER FORM : TextBox_TextChanged, dataGridViewTextBoxEditingControl.Text pass REGEX Checking
[ADMIN] [6/30/2016 11:18] [PENJUALAN] CASHIER FORM : CHECK STOCK QTY IS ENOUGH [1]
[ADMIN] [6/30/2016 11:18] [PENJUALAN] CASHIER FORM : CHECK STOCK QTY IS ENOUGH [4, 2]
[ADMIN] [6/30/2016 11:18] [PENJUALAN] CASHIER FORM : CALCULATE SUBTOTAL
[ADMIN] [6/30/2016 11:18] [PENJUALAN] CASHIER FORM : SUBTOTAL [68000]
[ADMIN] [6/30/2016 11:18] [PENJUALAN] CASHIER FORM : TextBox_TextChanged, subtotal value [68000]
[ADMIN] [6/30/2016 11:18] [PENJUALAN] CASHIER FORM : TextBox_TextChanged, attempt to calculate total value
[ADMIN] [6/30/2016 11:18] [PENJUALAN] CASHIER FORM : calculateTotal
[ADMIN] [6/30/2016 11:18] [PENJUALAN] CASHIER FORM : calculateTotal [68000]
[ADMIN] [6/30/2016 11:18] [PENJUALAN] CASHIER FORM : calculateTotal, totalAfterDisc [68000]
[ADMIN] [6/30/2016 11:18] [PENJUALAN] CASHIER FORM : DISPLAY PELANGGAN FORM
[ADMIN] [6/30/2016 11:18] [PENJUALAN] CASHIER FORM : UNREGISTER HOTKEY
[ADMIN] [6/30/2016 11:18] [PENJUALAN] CASHIER FORM : SELECTED CUSTOMER ID [16]
[ADMIN] [6/30/2016 11:18] [PENJUALAN] CASHIER FORM : ATTEMPT TO SET CUSTOMER PROFILE
[ADMIN] [6/30/2016 11:18] [PENJUALAN] CASHIER FORM : SET CUSTOMER PROFILE [KOH SAN SAN CATALEYA]
[ADMIN] [6/30/2016 11:18] [PENJUALAN] CASHIER FORM : CUSTOMER GROUP [P-PARTAI]
[ADMIN] [6/30/2016 11:18] [PENJUALAN] CASHIER FORM : FINISHED SET CUSTOMER PROFILE
[ADMIN] [6/30/2016 11:18] [PENJUALAN] CASHIER FORM : ATTEMPT TO REFRESH PRODUCT PRICE
[ADMIN] [6/30/2016 11:18] [PENJUALAN] CASHIER FORM : PRODUCT PRICE TYPE [PRODUCT_BULK_PRICE]
[ADMIN] [6/30/2016 11:18] [PENJUALAN] CASHIER FORM : PRODUCT PRICE [32000]
[ADMIN] [6/30/2016 11:18] [PENJUALAN] CASHIER FORM : CALCULATE SUBTOTAL
[ADMIN] [6/30/2016 11:18] [PENJUALAN] CASHIER FORM : SUBTOTAL [64000]
[ADMIN] [6/30/2016 11:18] [PENJUALAN] CASHIER FORM : calculateTotal
[ADMIN] [6/30/2016 11:18] [PENJUALAN] CASHIER FORM : calculateTotal [64000]
[ADMIN] [6/30/2016 11:18] [PENJUALAN] CASHIER FORM : calculateTotal, totalAfterDisc [64000]
[ADMIN] [6/30/2016 11:18] [PENJUALAN] CASHIER FORM : PRODUCT PRICE REFRESHED
[ADMIN] [6/30/2016 11:18] [PENJUALAN] CASHIER FORM : REGISTER HOTKEY
[ADMIN] [6/30/2016 11:18] [PENJUALAN] CASHIER FORM : HOTKEY TO SAVE AND PRINT OUT INVOICE PRESSED
[ADMIN] [6/30/2016 11:18] [PENJUALAN] CASHIER FORM : UNREGISTER HOTKEY
[ADMIN] [6/30/2016 11:19] [PENJUALAN] CASHIER FORM : REGISTER HOTKEY
[ADMIN] [6/30/2016 11:19] [PENJUALAN] ATTEMPT TO SAVE AND PRINT OUT INVOICE
[ADMIN] [6/30/2016 11:19] [PENJUALAN] CASHIER FORM : discJualMaskedTextBox_Validating, totalAfterDisc [54000]
[ADMIN] [6/30/2016 11:19] [PENJUALAN] CASHIER FORM : UNREGISTER HOTKEY
[ADMIN] [6/30/2016 11:19] [PENJUALAN] CASHIER FORM : ATTEMPT TO SAVE SALES DATA [30-06-2016 11:19]
[ADMIN] [6/30/2016 11:19] [PENJUALAN] CASHIER FORM : SALES DISC FINAL [10000]
[ADMIN] [6/30/2016 11:19] [PENJUALAN] CASHIER FORM : NON CASH - SALES DUE DATE [02-07-2016]
[ADMIN] [6/30/2016 11:19] [PENJUALAN] CASHIER FORM : MAX SALES INVOICE [3]
[ADMIN] [6/30/2016 11:19] [PENJUALAN] CASHIER FORM : SALES INVOICE [SQ-4]
[ADMIN] [6/30/2016 11:19] [PENJUALAN] INSERT INTO SALES QUOTATION HEADER [SQ-4]
[ADMIN] [6/30/2016 11:19] [PENJUALAN] INSERT INTO SALES QUOTATION DETAIL[1, 32000, 2]
[ADMIN] [6/30/2016 11:19] [PENJUALAN] CASHIER FORM : REGISTER HOTKEY
[ADMIN] [6/30/2016 11:19] [PENJUALAN] TRANSACTION SAVED
[ADMIN] [6/30/2016 11:19] [PENJUALAN] CASHIER FORM : UNREGISTER HOTKEY
[ADMIN] [6/30/2016 11:19] [PENJUALAN] CASHIER FORM : REGISTER HOTKEY
[ADMIN] [6/30/2016 11:19] [PENJUALAN] CASHIER FORM : UNREGISTER HOTKEY
[ADMIN] [6/30/2016 11:19] [PENJUALAN] CASHIER FORM : UNREGISTER HOTKEY
[ADMIN] [6/30/2016 11:19] [PENJUALAN] CASHIER FORM : REGISTER HOTKEY
[ADMIN] [6/30/2016 11:19] [PENJUALAN] CASHIER FORM : ADD NEW ROW,  isActive [True]
[ADMIN] [6/30/2016 11:19] [PENJUALAN] CASHIER FORM : ADD NEW ROW,  ROW COUNT [0]
[ADMIN] [6/30/2016 11:19] [PENJUALAN] CASHIER FORM : ADD NEW ROW,  ALLOW TO ADD [True]
[ADMIN] [6/30/2016 11:19] [PENJUALAN] CASHIER FORM : REGISTER HOTKEY
[ADMIN] [6/30/2016 11:19] [PENJUALAN] CASHIER FORM : HOTKEY TO SAVE AND PRINT OUT INVOICE PRESSED
[ADMIN] [6/30/2016 11:19] [PENJUALAN] CASHIER FORM : UNREGISTER HOTKEY
[ADMIN] [6/30/2016 11:19] [PENJUALAN] CASHIER FORM : REGISTER HOTKEY
[ADMIN] [6/30/2016 11:19] [PENJUALAN] CASHIER FORM : UNREGISTER HOTKEY
[ADMIN] [6/30/2016 11:19] [PENJUALAN] CASHIER FORM : REGISTER HOTKEY
[ADMIN] [6/30/2016 11:19] [PENJUALAN] ATTEMPT TO SAVE AND PRINT OUT INVOICE
[ADMIN] [6/30/2016 11:19] [PENJUALAN] CASHIER FORM : UNREGISTER HOTKEY
[ADMIN] [6/30/2016 11:19] [PENJUALAN] CASHIER FORM : ATTEMPT TO SAVE SALES DATA [30-06-2016 11:19]
[ADMIN] [6/30/2016 11:19] [PENJUALAN] CASHIER FORM : SALES DISC FINAL [10000]
[ADMIN] [6/30/2016 11:19] [PENJUALAN] CASHIER FORM : NON CASH - SALES DUE DATE [02-07-2016]
[ADMIN] [6/30/2016 11:19] [PENJUALAN] CHECK IF TAX LIMIT SET FOR PERCENTAGE PURCHASE [0]
[ADMIN] [6/30/2016 11:19] [PENJUALAN] CHECK IF TAX LIMIT SET FOR AVERAGE DAILY PURCHASE [0]
[ADMIN] [6/30/2016 11:19] [PENJUALAN] CASHIER FORM : NO FAKTUR [SLO001]
[ADMIN] [6/30/2016 11:19] [PENJUALAN] CASHIER FORM : MAX SALES INVOICE [8]
[ADMIN] [6/30/2016 11:19] [PENJUALAN] CASHIER FORM : SALES INVOICE [SLO001-9]
[ADMIN] [6/30/2016 11:19] [PENJUALAN] INSERT INTO SALES HEADER [SLO001-9]
[ADMIN] [6/30/2016 11:19] [PENJUALAN] INSERT INTO SALES DETAIL[1, 32000, 2]
[ADMIN] [6/30/2016 11:19] [PENJUALAN] REDUCE STOCK AT MASTER PRODUCT [1]
[ADMIN] [6/30/2016 11:19] [PENJUALAN] INSERT CUSTOMER PRODUCT DISC [1]
[ADMIN] [6/30/2016 11:19] [PENJUALAN] INSERT TO CREDIT TABLE [SLO001-9]
[ADMIN] [6/30/2016 11:19] [PENJUALAN] INSERT TO DAILY JOURNAL TABLE [64000]
[ADMIN] [6/30/2016 11:19] [PENJUALAN] CASHIER FORM : REGISTER HOTKEY
[ADMIN] [6/30/2016 11:19] [PENJUALAN] TRANSACTION SAVED
[ADMIN] [6/30/2016 11:19] [PENJUALAN] CASHIER FORM : UNREGISTER HOTKEY
[ADMIN] [6/30/2016 11:19] [PENJUALAN] CASHIER FORM : REGISTER HOTKEY
[ADMIN] [6/30/2016 11:19] [PENJUALAN] CASHIER FORM : UNREGISTER HOTKEY
[ADMIN] [6/30/2016 11:19] [PENJUALAN] CASHIER FORM : UNREGISTER HOTKEY
[ADMIN] [6/30/2016 11:19] [] USER ID = 1LOGOUT
