[] [6/7/2016 14:31] [] USER = ADMIN IS ACTIVE
[ADMIN] [6/7/2016 14:31] [] USER ID = 1 LOGIN SUCCESSFULLY
[ADMIN] [6/7/2016 14:31] [] ACTIVATE USER ACCESS RIGHT
[ADMIN] [6/7/2016 14:31] [] DISPLAY ADMIN FORM
[ADMIN] [6/7/2016 14:31] [] adminForm Load
[ADMIN] [6/7/2016 14:35] [RETUR PENJUALAN] ATTEMPT TO SAVE DATA
[ADMIN] [6/7/2016 14:35] [RETUR PENJUALAN] ATTEMPT TO SAVE DATA
[ADMIN] [6/7/2016 14:35] [RETUR PENJUALAN] printDocument1_PrintPage, print POS size receipt
[ADMIN] [6/7/2016 14:35] [RETUR PENJUALAN] loadInfoToko
[ADMIN] [6/7/2016 14:35] [RETUR PENJUALAN] calculatePageLength, totalLengthPage [373]
[ADMIN] [6/7/2016 14:35] [RETUR PENJUALAN] printDocument1_PrintPage, print POS size receipt
[ADMIN] [6/7/2016 14:35] [RETUR PENJUALAN] loadInfoToko
[ADMIN] [6/7/2016 14:35] [PENJUALAN] CASHIER FORM : loadNamaUser
[ADMIN] [6/7/2016 14:41] [TAMBAH TRANSAKSI HARIAN] LOAD DATA TRANSAKSI
[ADMIN] [6/7/2016 14:42] [TAMBAH TRANSAKSI HARIAN] LOAD DATA TRANSAKSI
[ADMIN] [6/7/2016 14:42] [TAMBAH TRANSAKSI HARIAN] LOAD DATA TRANSAKSI
[ADMIN] [6/7/2016 14:43] [TAMBAH TRANSAKSI HARIAN] LOAD DATA TRANSAKSI
[ADMIN] [6/7/2016 14:43] [TAMBAH TRANSAKSI HARIAN] LOAD DATA TRANSAKSI
[] [6/7/2016 14:48] [] USER = ADMIN IS ACTIVE
[ADMIN] [6/7/2016 14:48] [] USER ID = 1 LOGIN SUCCESSFULLY
[ADMIN] [6/7/2016 14:48] [] ACTIVATE USER ACCESS RIGHT
[ADMIN] [6/7/2016 14:48] [] DISPLAY ADMIN FORM
[ADMIN] [6/7/2016 14:48] [] adminForm Load
[] [6/7/2016 14:49] [] USER = ADMIN IS ACTIVE
[ADMIN] [6/7/2016 14:49] [] USER ID = 1 LOGIN SUCCESSFULLY
[ADMIN] [6/7/2016 14:49] [] ACTIVATE USER ACCESS RIGHT
[ADMIN] [6/7/2016 14:49] [] DISPLAY ADMIN FORM
[ADMIN] [6/7/2016 14:49] [] adminForm Load
[ADMIN] [6/7/2016 14:49] [TAMBAH TRANSAKSI HARIAN] LOAD DATA TRANSAKSI
[] [6/7/2016 15:01] [] USER = ADMIN IS ACTIVE
[ADMIN] [6/7/2016 15:01] [] USER ID = 1 LOGIN SUCCESSFULLY
[ADMIN] [6/7/2016 15:01] [] ACTIVATE USER ACCESS RIGHT
[ADMIN] [6/7/2016 15:01] [] DISPLAY ADMIN FORM
[ADMIN] [6/7/2016 15:01] [] adminForm Load
[ADMIN] [6/7/2016 15:02] [TAMBAH TRANSAKSI HARIAN] LOAD DATA TRANSAKSI
[ADMIN] [6/7/2016 15:02] [] USER ID = 1LOGOUT
