[] [6/30/2016 13:03] [] USER = ADMIN IS ACTIVE
[ADMIN] [6/30/2016 13:03] [] USER ID = 1 LOGIN SUCCESSFULLY
[ADMIN] [6/30/2016 13:04] [] ACTIVATE USER ACCESS RIGHT
[ADMIN] [6/30/2016 13:04] [] DISPLAY ADMIN FORM
[ADMIN] [6/30/2016 13:04] [] adminForm Load
[ADMIN] [6/30/2016 13:04] [PENJUALAN] CASHIER FORM : REGISTER HOTKEY
[ADMIN] [6/30/2016 13:04] [PENJUALAN] CASHIER FORM : ADD NEW ROW,  isActive [True]
[ADMIN] [6/30/2016 13:04] [PENJUALAN] CASHIER FORM : ADD NEW ROW,  ROW COUNT [0]
[ADMIN] [6/30/2016 13:04] [PENJUALAN] CASHIER FORM : ADD NEW ROW,  ALLOW TO ADD [True]
[ADMIN] [6/30/2016 13:04] [PENJUALAN] CASHIER FORM : REGISTER HOTKEY
[ADMIN] [6/30/2016 13:04] [PENJUALAN] CASHIER FORM : DISPLAY PELANGGAN FORM
[ADMIN] [6/30/2016 13:04] [PENJUALAN] CASHIER FORM : UNREGISTER HOTKEY
[ADMIN] [6/30/2016 13:04] [PENJUALAN] CASHIER FORM : SELECTED CUSTOMER ID [3]
[ADMIN] [6/30/2016 13:04] [PENJUALAN] CASHIER FORM : ATTEMPT TO SET CUSTOMER PROFILE
[ADMIN] [6/30/2016 13:04] [PENJUALAN] CASHIER FORM : SET CUSTOMER PROFILE [SASA]
[ADMIN] [6/30/2016 13:04] [PENJUALAN] CASHIER FORM : CUSTOMER GROUP [P-PARTAI]
[ADMIN] [6/30/2016 13:04] [PENJUALAN] CASHIER FORM : FINISHED SET CUSTOMER PROFILE
[ADMIN] [6/30/2016 13:04] [PENJUALAN] CASHIER FORM : ATTEMPT TO REFRESH PRODUCT PRICE
[ADMIN] [6/30/2016 13:04] [PENJUALAN] CASHIER FORM : PRODUCT PRICE TYPE [PRODUCT_BULK_PRICE]
[ADMIN] [6/30/2016 13:04] [PENJUALAN] CASHIER FORM : PRODUCT PRICE [32000]
[ADMIN] [6/30/2016 13:04] [PENJUALAN] CASHIER FORM : CHECK IF THERE'S ANY ENTRY IN THE PRODUCT DISC
[ADMIN] [6/30/2016 13:04] [PENJUALAN] CASHIER FORM : CALCULATE SUBTOTAL
[ADMIN] [6/30/2016 13:04] [PENJUALAN] CASHIER FORM : SUBTOTAL [0]
[ADMIN] [6/30/2016 13:04] [PENJUALAN] CASHIER FORM : calculateTotal
[ADMIN] [6/30/2016 13:04] [PENJUALAN] CASHIER FORM : calculateTotal [0]
[ADMIN] [6/30/2016 13:04] [PENJUALAN] CASHIER FORM : calculateTotal, totalAfterDisc [0]
[ADMIN] [6/30/2016 13:04] [PENJUALAN] CASHIER FORM : PRODUCT PRICE REFRESHED
[ADMIN] [6/30/2016 13:04] [PENJUALAN] CASHIER FORM : REGISTER HOTKEY
[ADMIN] [6/30/2016 13:04] [PENJUALAN] CASHIER FORM : TextBox_TextChanged, isLoading [False]
[ADMIN] [6/30/2016 13:04] [PENJUALAN] CASHIER FORM : TextBox_TextChanged, rowSelectedIndex [0]
[ADMIN] [6/30/2016 13:04] [PENJUALAN] CASHIER FORM : TextBox_TextChanged, previousInput [0]
[ADMIN] [6/30/2016 13:04] [PENJUALAN] CASHIER FORM : TextBox_TextChanged, dataGridViewTextBoxEditingControl.Text [2]
[ADMIN] [6/30/2016 13:04] [PENJUALAN] CASHIER FORM : TextBox_TextChanged, dataGridViewTextBoxEditingControl.Text pass REGEX Checking
[ADMIN] [6/30/2016 13:04] [PENJUALAN] CASHIER FORM : CHECK STOCK QTY IS ENOUGH [1]
[ADMIN] [6/30/2016 13:04] [PENJUALAN] CASHIER FORM : CHECK STOCK QTY IS ENOUGH [2, 2]
[ADMIN] [6/30/2016 13:04] [PENJUALAN] CASHIER FORM : CALCULATE SUBTOTAL
[ADMIN] [6/30/2016 13:04] [PENJUALAN] CASHIER FORM : SUBTOTAL [64000]
[ADMIN] [6/30/2016 13:04] [PENJUALAN] CASHIER FORM : TextBox_TextChanged, subtotal value [64000]
[ADMIN] [6/30/2016 13:04] [PENJUALAN] CASHIER FORM : TextBox_TextChanged, attempt to calculate total value
[ADMIN] [6/30/2016 13:04] [PENJUALAN] CASHIER FORM : calculateTotal
[ADMIN] [6/30/2016 13:04] [PENJUALAN] CASHIER FORM : calculateTotal [64000]
[ADMIN] [6/30/2016 13:04] [PENJUALAN] CASHIER FORM : calculateTotal, totalAfterDisc [64000]
[ADMIN] [6/30/2016 13:04] [PENJUALAN] CASHIER FORM : UNREGISTER HOTKEY
[] [6/30/2016 13:08] [] USER = ADMIN IS ACTIVE
[ADMIN] [6/30/2016 13:08] [] USER ID = 1 LOGIN SUCCESSFULLY
[ADMIN] [6/30/2016 13:08] [] ACTIVATE USER ACCESS RIGHT
[ADMIN] [6/30/2016 13:08] [] DISPLAY ADMIN FORM
[ADMIN] [6/30/2016 13:08] [] adminForm Load
[ADMIN] [6/30/2016 13:08] [PENJUALAN] CASHIER FORM : REGISTER HOTKEY
[ADMIN] [6/30/2016 13:08] [PENJUALAN] CASHIER FORM : ADD NEW ROW,  isActive [True]
[ADMIN] [6/30/2016 13:08] [PENJUALAN] CASHIER FORM : ADD NEW ROW,  ROW COUNT [0]
[ADMIN] [6/30/2016 13:08] [PENJUALAN] CASHIER FORM : ADD NEW ROW,  ALLOW TO ADD [True]
[ADMIN] [6/30/2016 13:08] [PENJUALAN] CASHIER FORM : REGISTER HOTKEY
[ADMIN] [6/30/2016 13:08] [PENJUALAN] CASHIER FORM : DISPLAY PELANGGAN FORM
[ADMIN] [6/30/2016 13:08] [PENJUALAN] CASHIER FORM : UNREGISTER HOTKEY
[ADMIN] [6/30/2016 13:08] [PENJUALAN] CASHIER FORM : SELECTED CUSTOMER ID [3]
[ADMIN] [6/30/2016 13:08] [PENJUALAN] CASHIER FORM : ATTEMPT TO SET CUSTOMER PROFILE
[ADMIN] [6/30/2016 13:08] [PENJUALAN] CASHIER FORM : SET CUSTOMER PROFILE [SASA]
[ADMIN] [6/30/2016 13:08] [PENJUALAN] CASHIER FORM : CUSTOMER GROUP [P-PARTAI]
[ADMIN] [6/30/2016 13:08] [PENJUALAN] CASHIER FORM : FINISHED SET CUSTOMER PROFILE
[ADMIN] [6/30/2016 13:08] [PENJUALAN] CASHIER FORM : ATTEMPT TO REFRESH PRODUCT PRICE
[ADMIN] [6/30/2016 13:08] [PENJUALAN] CASHIER FORM : PRODUCT PRICE TYPE [PRODUCT_BULK_PRICE]
[ADMIN] [6/30/2016 13:08] [PENJUALAN] CASHIER FORM : PRODUCT PRICE [32000]
[ADMIN] [6/30/2016 13:08] [PENJUALAN] CASHIER FORM : CHECK IF THERE'S ANY ENTRY IN THE PRODUCT DISC
[ADMIN] [6/30/2016 13:08] [PENJUALAN] CASHIER FORM : CALCULATE SUBTOTAL
[ADMIN] [6/30/2016 13:08] [PENJUALAN] CASHIER FORM : SUBTOTAL [0]
[ADMIN] [6/30/2016 13:08] [PENJUALAN] CASHIER FORM : calculateTotal
[ADMIN] [6/30/2016 13:08] [PENJUALAN] CASHIER FORM : calculateTotal [0]
[ADMIN] [6/30/2016 13:08] [PENJUALAN] CASHIER FORM : calculateTotal, totalAfterDisc [0]
[ADMIN] [6/30/2016 13:08] [PENJUALAN] CASHIER FORM : PRODUCT PRICE REFRESHED
[ADMIN] [6/30/2016 13:08] [PENJUALAN] CASHIER FORM : REGISTER HOTKEY
[ADMIN] [6/30/2016 13:08] [PENJUALAN] CASHIER FORM : UNREGISTER HOTKEY
[ADMIN] [6/30/2016 13:09] [PENJUALAN] CASHIER FORM : REGISTER HOTKEY
[ADMIN] [6/30/2016 13:09] [PENJUALAN] CASHIER FORM : DISPLAY PELANGGAN FORM
[ADMIN] [6/30/2016 13:09] [PENJUALAN] CASHIER FORM : UNREGISTER HOTKEY
[ADMIN] [6/30/2016 13:09] [PENJUALAN] CASHIER FORM : SELECTED CUSTOMER ID [1]
[ADMIN] [6/30/2016 13:09] [PENJUALAN] CASHIER FORM : ATTEMPT TO SET CUSTOMER PROFILE
[ADMIN] [6/30/2016 13:09] [PENJUALAN] CASHIER FORM : SET CUSTOMER PROFILE [NURWULANDARI]
[ADMIN] [6/30/2016 13:09] [PENJUALAN] CASHIER FORM : CUSTOMER GROUP [P-PARTAI]
[ADMIN] [6/30/2016 13:09] [PENJUALAN] CASHIER FORM : FINISHED SET CUSTOMER PROFILE
[ADMIN] [6/30/2016 13:09] [PENJUALAN] CASHIER FORM : ATTEMPT TO REFRESH PRODUCT PRICE
[ADMIN] [6/30/2016 13:09] [PENJUALAN] CASHIER FORM : PRODUCT PRICE TYPE [PRODUCT_BULK_PRICE]
[ADMIN] [6/30/2016 13:09] [PENJUALAN] CASHIER FORM : PRODUCT PRICE [32000]
[ADMIN] [6/30/2016 13:10] [PENJUALAN] CASHIER FORM : CHECK IF THERE'S ANY ENTRY IN THE PRODUCT DISC
[ADMIN] [6/30/2016 13:10] [PENJUALAN] CASHIER FORM : CALCULATE SUBTOTAL
[] [6/30/2016 13:12] [] USER = ADMIN IS ACTIVE
[ADMIN] [6/30/2016 13:12] [] USER ID = 1 LOGIN SUCCESSFULLY
[ADMIN] [6/30/2016 13:12] [] ACTIVATE USER ACCESS RIGHT
[ADMIN] [6/30/2016 13:12] [] DISPLAY ADMIN FORM
[ADMIN] [6/30/2016 13:12] [] adminForm Load
[ADMIN] [6/30/2016 13:12] [PENJUALAN] CASHIER FORM : REGISTER HOTKEY
[ADMIN] [6/30/2016 13:12] [PENJUALAN] CASHIER FORM : ADD NEW ROW,  isActive [True]
[ADMIN] [6/30/2016 13:12] [PENJUALAN] CASHIER FORM : ADD NEW ROW,  ROW COUNT [0]
[ADMIN] [6/30/2016 13:12] [PENJUALAN] CASHIER FORM : ADD NEW ROW,  ALLOW TO ADD [True]
[ADMIN] [6/30/2016 13:12] [PENJUALAN] CASHIER FORM : REGISTER HOTKEY
[ADMIN] [6/30/2016 13:12] [PENJUALAN] CASHIER FORM : DISPLAY PELANGGAN FORM
[ADMIN] [6/30/2016 13:12] [PENJUALAN] CASHIER FORM : UNREGISTER HOTKEY
[ADMIN] [6/30/2016 13:12] [PENJUALAN] CASHIER FORM : SELECTED CUSTOMER ID [3]
[ADMIN] [6/30/2016 13:13] [PENJUALAN] CASHIER FORM : ATTEMPT TO SET CUSTOMER PROFILE
[ADMIN] [6/30/2016 13:13] [PENJUALAN] CASHIER FORM : SET CUSTOMER PROFILE [SASA]
[ADMIN] [6/30/2016 13:13] [PENJUALAN] CASHIER FORM : CUSTOMER GROUP [P-PARTAI]
[ADMIN] [6/30/2016 13:13] [PENJUALAN] CASHIER FORM : FINISHED SET CUSTOMER PROFILE
[ADMIN] [6/30/2016 13:13] [PENJUALAN] CASHIER FORM : ATTEMPT TO REFRESH PRODUCT PRICE
[ADMIN] [6/30/2016 13:13] [PENJUALAN] CASHIER FORM : PRODUCT PRICE TYPE [PRODUCT_BULK_PRICE]
[ADMIN] [6/30/2016 13:13] [PENJUALAN] CASHIER FORM : PRODUCT PRICE [32000]
[ADMIN] [6/30/2016 13:13] [PENJUALAN] CASHIER FORM : CALCULATE SUBTOTAL
[ADMIN] [6/30/2016 13:13] [PENJUALAN] CASHIER FORM : SUBTOTAL [64000]
[ADMIN] [6/30/2016 13:13] [PENJUALAN] CASHIER FORM : calculateTotal
[ADMIN] [6/30/2016 13:13] [PENJUALAN] CASHIER FORM : calculateTotal [64000]
[ADMIN] [6/30/2016 13:13] [PENJUALAN] CASHIER FORM : calculateTotal, totalAfterDisc [64000]
[ADMIN] [6/30/2016 13:13] [PENJUALAN] CASHIER FORM : PRODUCT PRICE REFRESHED
[ADMIN] [6/30/2016 13:13] [PENJUALAN] CASHIER FORM : REGISTER HOTKEY
[ADMIN] [6/30/2016 13:13] [PENJUALAN] CASHIER FORM : UNREGISTER HOTKEY
[ADMIN] [6/30/2016 13:13] [PENJUALAN] CASHIER FORM : REGISTER HOTKEY
[ADMIN] [6/30/2016 13:13] [PENJUALAN] CASHIER FORM : UNREGISTER HOTKEY
[ADMIN] [6/30/2016 13:13] [PENJUALAN] CASHIER FORM : REGISTER HOTKEY
[ADMIN] [6/30/2016 13:13] [PENJUALAN] CASHIER FORM : UNREGISTER HOTKEY
[ADMIN] [6/30/2016 13:13] [PENJUALAN] CASHIER FORM : REGISTER HOTKEY
[ADMIN] [6/30/2016 13:13] [PENJUALAN] CASHIER FORM : UNREGISTER HOTKEY
[ADMIN] [6/30/2016 13:13] [PENJUALAN] CASHIER FORM : UNREGISTER HOTKEY
[ADMIN] [6/30/2016 13:13] [PENJUALAN] CASHIER FORM : REGISTER HOTKEY
[ADMIN] [6/30/2016 13:13] [PENJUALAN] CASHIER FORM : ADD NEW ROW,  isActive [True]
[ADMIN] [6/30/2016 13:13] [PENJUALAN] CASHIER FORM : ADD NEW ROW,  ROW COUNT [0]
[ADMIN] [6/30/2016 13:13] [PENJUALAN] CASHIER FORM : ADD NEW ROW,  ALLOW TO ADD [True]
[ADMIN] [6/30/2016 13:13] [PENJUALAN] CASHIER FORM : REGISTER HOTKEY
[ADMIN] [6/30/2016 13:13] [PENJUALAN] CASHIER FORM : DISPLAY PELANGGAN FORM
[ADMIN] [6/30/2016 13:13] [PENJUALAN] CASHIER FORM : UNREGISTER HOTKEY
[ADMIN] [6/30/2016 13:13] [PENJUALAN] CASHIER FORM : SELECTED CUSTOMER ID [3]
[ADMIN] [6/30/2016 13:13] [PENJUALAN] CASHIER FORM : ATTEMPT TO SET CUSTOMER PROFILE
[ADMIN] [6/30/2016 13:13] [PENJUALAN] CASHIER FORM : SET CUSTOMER PROFILE [SASA]
[ADMIN] [6/30/2016 13:13] [PENJUALAN] CASHIER FORM : CUSTOMER GROUP [P-PARTAI]
[ADMIN] [6/30/2016 13:13] [PENJUALAN] CASHIER FORM : FINISHED SET CUSTOMER PROFILE
[ADMIN] [6/30/2016 13:13] [PENJUALAN] CASHIER FORM : ATTEMPT TO REFRESH PRODUCT PRICE
[ADMIN] [6/30/2016 13:13] [PENJUALAN] CASHIER FORM : PRODUCT PRICE TYPE [PRODUCT_BULK_PRICE]
[ADMIN] [6/30/2016 13:13] [PENJUALAN] CASHIER FORM : PRODUCT PRICE [32000]
[ADMIN] [6/30/2016 13:13] [PENJUALAN] CASHIER FORM : CALCULATE SUBTOTAL
[ADMIN] [6/30/2016 13:13] [PENJUALAN] CASHIER FORM : SUBTOTAL [64000]
[ADMIN] [6/30/2016 13:13] [PENJUALAN] CASHIER FORM : calculateTotal
[ADMIN] [6/30/2016 13:13] [PENJUALAN] CASHIER FORM : calculateTotal [64000]
[ADMIN] [6/30/2016 13:13] [PENJUALAN] CASHIER FORM : calculateTotal, totalAfterDisc [64000]
[ADMIN] [6/30/2016 13:13] [PENJUALAN] CASHIER FORM : PRODUCT PRICE REFRESHED
[ADMIN] [6/30/2016 13:13] [PENJUALAN] CASHIER FORM : REGISTER HOTKEY
[ADMIN] [6/30/2016 13:13] [PENJUALAN] CASHIER FORM : TextBox_TextChanged, isLoading [False]
[ADMIN] [6/30/2016 13:13] [PENJUALAN] CASHIER FORM : TextBox_TextChanged, rowSelectedIndex [0]
[ADMIN] [6/30/2016 13:13] [PENJUALAN] CASHIER FORM : TextBox_TextChanged, previousInput [2]
[ADMIN] [6/30/2016 13:13] [PENJUALAN] CASHIER FORM : TextBox_TextChanged, dataGridViewTextBoxEditingControl.Text pass REGEX Checking
[ADMIN] [6/30/2016 13:13] [PENJUALAN] CASHIER FORM : CHECK STOCK QTY IS ENOUGH [1]
[ADMIN] [6/30/2016 13:13] [PENJUALAN] CASHIER FORM : CHECK STOCK QTY IS ENOUGH [2, 5]
[ADMIN] [6/30/2016 13:13] [PENJUALAN] CASHIER FORM : TextBox_TextChanged, isLoading [True]
[ADMIN] [6/30/2016 13:13] [PENJUALAN] CASHIER FORM : CALCULATE SUBTOTAL
[ADMIN] [6/30/2016 13:13] [PENJUALAN] CASHIER FORM : SUBTOTAL [64000]
[ADMIN] [6/30/2016 13:13] [PENJUALAN] CASHIER FORM : TextBox_TextChanged, subtotal value [64000]
[ADMIN] [6/30/2016 13:13] [PENJUALAN] CASHIER FORM : TextBox_TextChanged, attempt to calculate total value
[ADMIN] [6/30/2016 13:13] [PENJUALAN] CASHIER FORM : calculateTotal
[ADMIN] [6/30/2016 13:13] [PENJUALAN] CASHIER FORM : calculateTotal [64000]
[ADMIN] [6/30/2016 13:13] [PENJUALAN] CASHIER FORM : calculateTotal, totalAfterDisc [64000]
[ADMIN] [6/30/2016 13:13] [PENJUALAN] CASHIER FORM : TextBox_TextChanged, isLoading [False]
[ADMIN] [6/30/2016 13:13] [PENJUALAN] CASHIER FORM : TextBox_TextChanged, rowSelectedIndex [0]
[ADMIN] [6/30/2016 13:13] [PENJUALAN] CASHIER FORM : TextBox_TextChanged, empty texbox, reset [qty] value to 0
[ADMIN] [6/30/2016 13:13] [PENJUALAN] CASHIER FORM : TextBox_TextChanged, isLoading [True]
[ADMIN] [6/30/2016 13:13] [PENJUALAN] CASHIER FORM : TextBox_TextChanged, recalculate total value
[ADMIN] [6/30/2016 13:13] [PENJUALAN] CASHIER FORM : calculateTotal
[ADMIN] [6/30/2016 13:13] [PENJUALAN] CASHIER FORM : calculateTotal [0]
[ADMIN] [6/30/2016 13:13] [PENJUALAN] CASHIER FORM : calculateTotal, totalAfterDisc [0]
[ADMIN] [6/30/2016 13:13] [PENJUALAN] CASHIER FORM : TextBox_TextChanged, set the cursor to end of textbox
[ADMIN] [6/30/2016 13:13] [PENJUALAN] CASHIER FORM : TextBox_TextChanged, isLoading [False]
[ADMIN] [6/30/2016 13:13] [PENJUALAN] CASHIER FORM : TextBox_TextChanged, rowSelectedIndex [0]
[ADMIN] [6/30/2016 13:13] [PENJUALAN] CASHIER FORM : TextBox_TextChanged, previousInput [0]
[ADMIN] [6/30/2016 13:13] [PENJUALAN] CASHIER FORM : TextBox_TextChanged, isLoading [True]
[ADMIN] [6/30/2016 13:13] [PENJUALAN] CASHIER FORM : TextBox_TextChanged, dataGridViewTextBoxEditingControl.Text [1]
[ADMIN] [6/30/2016 13:13] [PENJUALAN] CASHIER FORM : TextBox_TextChanged, dataGridViewTextBoxEditingControl.Text pass REGEX Checking
[ADMIN] [6/30/2016 13:13] [PENJUALAN] CASHIER FORM : CHECK STOCK QTY IS ENOUGH [1]
[ADMIN] [6/30/2016 13:13] [PENJUALAN] CASHIER FORM : CHECK STOCK QTY IS ENOUGH [2, 1]
[ADMIN] [6/30/2016 13:13] [PENJUALAN] CASHIER FORM : CALCULATE SUBTOTAL
[ADMIN] [6/30/2016 13:13] [PENJUALAN] CASHIER FORM : SUBTOTAL [32000]
[ADMIN] [6/30/2016 13:13] [PENJUALAN] CASHIER FORM : TextBox_TextChanged, subtotal value [32000]
[ADMIN] [6/30/2016 13:13] [PENJUALAN] CASHIER FORM : TextBox_TextChanged, attempt to calculate total value
[ADMIN] [6/30/2016 13:13] [PENJUALAN] CASHIER FORM : calculateTotal
[ADMIN] [6/30/2016 13:13] [PENJUALAN] CASHIER FORM : calculateTotal [32000]
[ADMIN] [6/30/2016 13:13] [PENJUALAN] CASHIER FORM : calculateTotal, totalAfterDisc [32000]
[ADMIN] [6/30/2016 13:13] [PENJUALAN] CASHIER FORM : UNREGISTER HOTKEY
[ADMIN] [6/30/2016 13:13] [PENJUALAN] CASHIER FORM : REGISTER HOTKEY
[ADMIN] [6/30/2016 13:13] [PENJUALAN] CASHIER FORM : HOTKEY TO SAVE AND PRINT OUT INVOICE PRESSED
[ADMIN] [6/30/2016 13:13] [PENJUALAN] CASHIER FORM : UNREGISTER HOTKEY
[ADMIN] [6/30/2016 13:13] [PENJUALAN] CASHIER FORM : REGISTER HOTKEY
[ADMIN] [6/30/2016 13:13] [PENJUALAN] ATTEMPT TO SAVE AND PRINT OUT INVOICE
[ADMIN] [6/30/2016 13:13] [PENJUALAN] CASHIER FORM : UNREGISTER HOTKEY
[ADMIN] [6/30/2016 13:13] [PENJUALAN] CASHIER FORM : ATTEMPT TO SAVE SALES DATA [30-06-2016 13:13]
[ADMIN] [6/30/2016 13:13] [PENJUALAN] CASHIER FORM : SALES DISC FINAL [0]
[ADMIN] [6/30/2016 13:13] [PENJUALAN] CASHIER FORM : CASH SALES
[ADMIN] [6/30/2016 13:13] [PENJUALAN] UPDATE SALES QUOTATION HEADER [SQ-5]
[ADMIN] [6/30/2016 13:13] [PENJUALAN] CLEAR SALES_QUOTATION_DETAIL [SQ-5]
[ADMIN] [6/30/2016 13:13] [PENJUALAN] INSERT INTO SALES QUOTATION DETAIL[1, 32000, 1]
[ADMIN] [6/30/2016 13:13] [PENJUALAN] CASHIER FORM : REGISTER HOTKEY
[ADMIN] [6/30/2016 13:13] [PENJUALAN] TRANSACTION SAVED
[ADMIN] [6/30/2016 13:13] [PENJUALAN] CASHIER FORM : UNREGISTER HOTKEY
[ADMIN] [6/30/2016 13:13] [PENJUALAN] CASHIER FORM : REGISTER HOTKEY
[ADMIN] [6/30/2016 13:13] [PENJUALAN] CASHIER FORM : UNREGISTER HOTKEY
[ADMIN] [6/30/2016 13:13] [PENJUALAN] CASHIER FORM : REGISTER HOTKEY
[ADMIN] [6/30/2016 13:13] [PENJUALAN] CASHIER FORM : UNREGISTER HOTKEY
[ADMIN] [6/30/2016 13:13] [PENJUALAN] CASHIER FORM : REGISTER HOTKEY
[ADMIN] [6/30/2016 13:14] [PENJUALAN] CASHIER FORM : UNREGISTER HOTKEY
[ADMIN] [6/30/2016 13:41] [PENJUALAN] CASHIER FORM : REGISTER HOTKEY
[ADMIN] [6/30/2016 13:42] [PENJUALAN] CASHIER FORM : UNREGISTER HOTKEY
[ADMIN] [6/30/2016 13:45] [PENJUALAN] CASHIER FORM : REGISTER HOTKEY
[ADMIN] [6/30/2016 13:45] [PENJUALAN] CASHIER FORM : UNREGISTER HOTKEY
[ADMIN] [6/30/2016 14:08] [PENJUALAN] CASHIER FORM : REGISTER HOTKEY
[ADMIN] [6/30/2016 14:08] [PENJUALAN] CASHIER FORM : UNREGISTER HOTKEY
[ADMIN] [6/30/2016 14:09] [PENJUALAN] CASHIER FORM : REGISTER HOTKEY
[ADMIN] [6/30/2016 14:09] [PENJUALAN] CASHIER FORM : UNREGISTER HOTKEY
[ADMIN] [6/30/2016 14:09] [PENJUALAN] CASHIER FORM : REGISTER HOTKEY
[ADMIN] [6/30/2016 14:09] [PENJUALAN] CASHIER FORM : UNREGISTER HOTKEY
[ADMIN] [6/30/2016 14:09] [PENJUALAN] CASHIER FORM : REGISTER HOTKEY
[ADMIN] [6/30/2016 14:09] [PENJUALAN] CASHIER FORM : UNREGISTER HOTKEY
[] [6/30/2016 21:21] [] USER = ADMIN IS ACTIVE
[ADMIN] [6/30/2016 21:21] [] USER ID = 1 LOGIN SUCCESSFULLY
[ADMIN] [6/30/2016 21:21] [] ACTIVATE USER ACCESS RIGHT
[ADMIN] [6/30/2016 21:21] [] DISPLAY ADMIN FORM
[ADMIN] [6/30/2016 21:21] [] adminForm Load
[] [6/30/2016 21:23] [] USER = ADMIN IS ACTIVE
[ADMIN] [6/30/2016 21:23] [] USER ID = 1 LOGIN SUCCESSFULLY
[ADMIN] [6/30/2016 21:23] [] ACTIVATE USER ACCESS RIGHT
[ADMIN] [6/30/2016 21:23] [] DISPLAY ADMIN FORM
[ADMIN] [6/30/2016 21:23] [] adminForm Load
[ADMIN] [6/30/2016 21:23] [PENJUALAN] CASHIER FORM : REGISTER HOTKEY
[] [6/30/2016 21:24] [] USER = ADMIN IS ACTIVE
[ADMIN] [6/30/2016 21:24] [] USER ID = 1 LOGIN SUCCESSFULLY
[ADMIN] [6/30/2016 21:24] [] ACTIVATE USER ACCESS RIGHT
[ADMIN] [6/30/2016 21:24] [] DISPLAY ADMIN FORM
[ADMIN] [6/30/2016 21:24] [] adminForm Load
[ADMIN] [6/30/2016 21:24] [PENJUALAN] CASHIER FORM : REGISTER HOTKEY
[ADMIN] [6/30/2016 21:24] [PENJUALAN] CASHIER FORM : ADD NEW ROW,  isActive [True]
[ADMIN] [6/30/2016 21:24] [PENJUALAN] CASHIER FORM : ADD NEW ROW,  ROW COUNT [0]
[ADMIN] [6/30/2016 21:24] [PENJUALAN] CASHIER FORM : ADD NEW ROW,  ALLOW TO ADD [True]
[ADMIN] [6/30/2016 21:24] [PENJUALAN] CASHIER FORM : REGISTER HOTKEY
[ADMIN] [6/30/2016 21:25] [PENJUALAN] CASHIER FORM : UNREGISTER HOTKEY
[ADMIN] [6/30/2016 21:25] [PENJUALAN] CASHIER FORM : UNREGISTER HOTKEY
[ADMIN] [6/30/2016 21:25] [] USER ID = 1LOGOUT
