[] [6/28/2016 15:22] [] USER = ADMIN IS ACTIVE
[ADMIN] [6/28/2016 15:22] [] USER ID = 1 LOGIN SUCCESSFULLY
[ADMIN] [6/28/2016 15:22] [] ACTIVATE USER ACCESS RIGHT
[ADMIN] [6/28/2016 15:22] [] DISPLAY ADMIN FORM
[ADMIN] [6/28/2016 15:22] [] adminForm Load
[ADMIN] [6/28/2016 15:22] [PENJUALAN] CASHIER FORM : REGISTER HOTKEY
[] [6/28/2016 15:27] [] USER = ADMIN IS ACTIVE
[ADMIN] [6/28/2016 15:27] [] USER ID = 1 LOGIN SUCCESSFULLY
[ADMIN] [6/28/2016 15:27] [] ACTIVATE USER ACCESS RIGHT
[ADMIN] [6/28/2016 15:27] [] DISPLAY ADMIN FORM
[ADMIN] [6/28/2016 15:27] [] adminForm Load
[ADMIN] [6/28/2016 15:27] [PENJUALAN] CASHIER FORM : REGISTER HOTKEY
[ADMIN] [6/28/2016 15:27] [PENJUALAN] CASHIER FORM : ADD NEW ROW,  isActive [True]
[ADMIN] [6/28/2016 15:27] [PENJUALAN] CASHIER FORM : ADD NEW ROW,  ROW COUNT [0]
[ADMIN] [6/28/2016 15:27] [PENJUALAN] CASHIER FORM : ADD NEW ROW,  ALLOW TO ADD [True]
[ADMIN] [6/28/2016 15:27] [PENJUALAN] CASHIER FORM : PRODUCT PRICE TYPE [PRODUCT_RETAIL_PRICE]
[ADMIN] [6/28/2016 15:27] [PENJUALAN] CASHIER FORM : PRODUCT PRICE [34000]
[ADMIN] [6/28/2016 15:27] [PENJUALAN] CASHIER FORM : CHECK IF THERE'S ANY ENTRY IN THE PRODUCT DISC
[ADMIN] [6/28/2016 15:27] [PENJUALAN] CASHIER FORM : CALCULATE SUBTOTAL
[ADMIN] [6/28/2016 15:27] [PENJUALAN] CASHIER FORM : SUBTOTAL [0]
[ADMIN] [6/28/2016 15:27] [PENJUALAN] CASHIER FORM : calculateTotal
[ADMIN] [6/28/2016 15:27] [PENJUALAN] CASHIER FORM : calculateTotal [0]
[ADMIN] [6/28/2016 15:27] [PENJUALAN] CASHIER FORM : calculateTotal, totalAfterDisc [0]
[ADMIN] [6/28/2016 15:27] [PENJUALAN] CASHIER FORM : REGISTER HOTKEY
[ADMIN] [6/28/2016 15:27] [PENJUALAN] CASHIER FORM : UNREGISTER HOTKEY
